[2024-05-02T22:59:48.328+0000] {local_task_job_runner.py:120} INFO - ::group::Pre task execution logs
[2024-05-02T22:59:48.507+0000] {taskinstance.py:2073} INFO - Dependencies all met for dep_context=non-requeueable deps ti=<TaskInstance: 17_dag_buah.tambah_data_buah scheduled__2024-04-29T00:00:00+00:00 [queued]>
[2024-05-02T22:59:48.591+0000] {taskinstance.py:2073} INFO - Dependencies all met for dep_context=requeueable deps ti=<TaskInstance: 17_dag_buah.tambah_data_buah scheduled__2024-04-29T00:00:00+00:00 [queued]>
[2024-05-02T22:59:48.592+0000] {taskinstance.py:2303} INFO - Starting attempt 1 of 2
[2024-05-02T22:59:48.715+0000] {taskinstance.py:2327} INFO - Executing <Task(PythonOperator): tambah_data_buah> on 2024-04-29 00:00:00+00:00
[2024-05-02T22:59:48.789+0000] {warnings.py:110} WARNING - /home/***/.local/lib/python3.12/site-packages/***/task/task_runner/standard_task_runner.py:61: DeprecationWarning: This process (pid=402) is multi-threaded, use of fork() may lead to deadlocks in the child.
  pid = os.fork()

[2024-05-02T22:59:48.841+0000] {standard_task_runner.py:63} INFO - Started process 414 to run task
[2024-05-02T22:59:48.802+0000] {standard_task_runner.py:90} INFO - Running: ['***', 'tasks', 'run', '17_dag_buah', 'tambah_data_buah', 'scheduled__2024-04-29T00:00:00+00:00', '--job-id', '19', '--raw', '--subdir', 'DAGS_FOLDER/17_DAG_eks.py', '--cfg-path', '/tmp/tmphyx5r72p']
[2024-05-02T22:59:48.880+0000] {standard_task_runner.py:91} INFO - Job 19: Subtask tambah_data_buah
[2024-05-02T22:59:49.210+0000] {task_command.py:426} INFO - Running <TaskInstance: 17_dag_buah.tambah_data_buah scheduled__2024-04-29T00:00:00+00:00 [running]> on host bb10af88434b
[2024-05-02T22:59:49.693+0000] {taskinstance.py:2644} INFO - Exporting env vars: AIRFLOW_CTX_DAG_OWNER='ERISTA' AIRFLOW_CTX_DAG_ID='17_dag_buah' AIRFLOW_CTX_TASK_ID='tambah_data_buah' AIRFLOW_CTX_EXECUTION_DATE='2024-04-29T00:00:00+00:00' AIRFLOW_CTX_TRY_NUMBER='1' AIRFLOW_CTX_DAG_RUN_ID='scheduled__2024-04-29T00:00:00+00:00'
[2024-05-02T22:59:49.699+0000] {taskinstance.py:430} INFO - ::endgroup::
[2024-05-02T22:59:49.788+0000] {base.py:84} INFO - Using connection ID 'postgres_default' for task execution.
[2024-05-02T22:59:49.959+0000] {python.py:237} INFO - Done. Returned value was: None
[2024-05-02T22:59:49.963+0000] {taskinstance.py:441} INFO - ::group::Post task execution logs
[2024-05-02T22:59:50.047+0000] {taskinstance.py:1205} INFO - Marking task as SUCCESS. dag_id=17_dag_buah, task_id=tambah_data_buah, execution_date=20240429T000000, start_date=20240502T225948, end_date=20240502T225950
[2024-05-02T22:59:50.239+0000] {local_task_job_runner.py:240} INFO - Task exited with return code 0
[2024-05-02T22:59:50.870+0000] {taskinstance.py:3482} INFO - 0 downstream tasks scheduled from follow-on schedule check
[2024-05-02T22:59:50.901+0000] {local_task_job_runner.py:222} INFO - ::endgroup::
