[2024-05-02T23:00:27.065+0000] {local_task_job_runner.py:120} INFO - ::group::Pre task execution logs
[2024-05-02T23:00:27.255+0000] {taskinstance.py:2073} INFO - Dependencies all met for dep_context=non-requeueable deps ti=<TaskInstance: 17_dag_buah.tambah_data_buah scheduled__2024-04-26T00:00:00+00:00 [queued]>
[2024-05-02T23:00:27.363+0000] {taskinstance.py:2073} INFO - Dependencies all met for dep_context=requeueable deps ti=<TaskInstance: 17_dag_buah.tambah_data_buah scheduled__2024-04-26T00:00:00+00:00 [queued]>
[2024-05-02T23:00:27.369+0000] {taskinstance.py:2303} INFO - Starting attempt 1 of 2
[2024-05-02T23:00:27.506+0000] {taskinstance.py:2327} INFO - Executing <Task(PythonOperator): tambah_data_buah> on 2024-04-26 00:00:00+00:00
[2024-05-02T23:00:27.542+0000] {warnings.py:110} WARNING - /home/***/.local/lib/python3.12/site-packages/***/task/task_runner/standard_task_runner.py:61: DeprecationWarning: This process (pid=442) is multi-threaded, use of fork() may lead to deadlocks in the child.
  pid = os.fork()

[2024-05-02T23:00:27.563+0000] {standard_task_runner.py:63} INFO - Started process 451 to run task
[2024-05-02T23:00:27.559+0000] {standard_task_runner.py:90} INFO - Running: ['***', 'tasks', 'run', '17_dag_buah', 'tambah_data_buah', 'scheduled__2024-04-26T00:00:00+00:00', '--job-id', '31', '--raw', '--subdir', 'DAGS_FOLDER/17_DAG_eks.py', '--cfg-path', '/tmp/tmpewze94_9']
[2024-05-02T23:00:27.566+0000] {standard_task_runner.py:91} INFO - Job 31: Subtask tambah_data_buah
[2024-05-02T23:00:27.705+0000] {task_command.py:426} INFO - Running <TaskInstance: 17_dag_buah.tambah_data_buah scheduled__2024-04-26T00:00:00+00:00 [running]> on host bb10af88434b
[2024-05-02T23:00:27.920+0000] {taskinstance.py:2644} INFO - Exporting env vars: AIRFLOW_CTX_DAG_OWNER='ERISTA' AIRFLOW_CTX_DAG_ID='17_dag_buah' AIRFLOW_CTX_TASK_ID='tambah_data_buah' AIRFLOW_CTX_EXECUTION_DATE='2024-04-26T00:00:00+00:00' AIRFLOW_CTX_TRY_NUMBER='1' AIRFLOW_CTX_DAG_RUN_ID='scheduled__2024-04-26T00:00:00+00:00'
[2024-05-02T23:00:27.924+0000] {taskinstance.py:430} INFO - ::endgroup::
[2024-05-02T23:00:27.977+0000] {base.py:84} INFO - Using connection ID 'postgres_default' for task execution.
[2024-05-02T23:00:28.057+0000] {python.py:237} INFO - Done. Returned value was: None
[2024-05-02T23:00:28.059+0000] {taskinstance.py:441} INFO - ::group::Post task execution logs
[2024-05-02T23:00:28.096+0000] {taskinstance.py:1205} INFO - Marking task as SUCCESS. dag_id=17_dag_buah, task_id=tambah_data_buah, execution_date=20240426T000000, start_date=20240502T230027, end_date=20240502T230028
[2024-05-02T23:00:28.200+0000] {local_task_job_runner.py:240} INFO - Task exited with return code 0
[2024-05-02T23:00:28.252+0000] {taskinstance.py:3482} INFO - 0 downstream tasks scheduled from follow-on schedule check
[2024-05-02T23:00:28.265+0000] {local_task_job_runner.py:222} INFO - ::endgroup::
