[2024-05-02T22:59:57.268+0000] {local_task_job_runner.py:120} INFO - ::group::Pre task execution logs
[2024-05-02T22:59:57.499+0000] {taskinstance.py:2073} INFO - Dependencies all met for dep_context=non-requeueable deps ti=<TaskInstance: 17_dag_buah.tambah_data_buah scheduled__2024-04-28T00:00:00+00:00 [queued]>
[2024-05-02T22:59:57.586+0000] {taskinstance.py:2073} INFO - Dependencies all met for dep_context=requeueable deps ti=<TaskInstance: 17_dag_buah.tambah_data_buah scheduled__2024-04-28T00:00:00+00:00 [queued]>
[2024-05-02T22:59:57.588+0000] {taskinstance.py:2303} INFO - Starting attempt 1 of 2
[2024-05-02T22:59:57.791+0000] {taskinstance.py:2327} INFO - Executing <Task(PythonOperator): tambah_data_buah> on 2024-04-28 00:00:00+00:00
[2024-05-02T22:59:57.859+0000] {warnings.py:110} WARNING - /home/***/.local/lib/python3.12/site-packages/***/task/task_runner/standard_task_runner.py:61: DeprecationWarning: This process (pid=409) is multi-threaded, use of fork() may lead to deadlocks in the child.
  pid = os.fork()

[2024-05-02T22:59:57.864+0000] {standard_task_runner.py:90} INFO - Running: ['***', 'tasks', 'run', '17_dag_buah', 'tambah_data_buah', 'scheduled__2024-04-28T00:00:00+00:00', '--job-id', '23', '--raw', '--subdir', 'DAGS_FOLDER/17_DAG_eks.py', '--cfg-path', '/tmp/tmp6dtrza9o']
[2024-05-02T22:59:57.886+0000] {standard_task_runner.py:91} INFO - Job 23: Subtask tambah_data_buah
[2024-05-02T22:59:57.895+0000] {standard_task_runner.py:63} INFO - Started process 424 to run task
[2024-05-02T22:59:58.222+0000] {task_command.py:426} INFO - Running <TaskInstance: 17_dag_buah.tambah_data_buah scheduled__2024-04-28T00:00:00+00:00 [running]> on host bb10af88434b
[2024-05-02T22:59:59.130+0000] {taskinstance.py:2644} INFO - Exporting env vars: AIRFLOW_CTX_DAG_OWNER='ERISTA' AIRFLOW_CTX_DAG_ID='17_dag_buah' AIRFLOW_CTX_TASK_ID='tambah_data_buah' AIRFLOW_CTX_EXECUTION_DATE='2024-04-28T00:00:00+00:00' AIRFLOW_CTX_TRY_NUMBER='1' AIRFLOW_CTX_DAG_RUN_ID='scheduled__2024-04-28T00:00:00+00:00'
[2024-05-02T22:59:59.134+0000] {taskinstance.py:430} INFO - ::endgroup::
[2024-05-02T22:59:59.280+0000] {base.py:84} INFO - Using connection ID 'postgres_default' for task execution.
[2024-05-02T22:59:59.456+0000] {python.py:237} INFO - Done. Returned value was: None
[2024-05-02T22:59:59.457+0000] {taskinstance.py:441} INFO - ::group::Post task execution logs
[2024-05-02T22:59:59.492+0000] {taskinstance.py:1205} INFO - Marking task as SUCCESS. dag_id=17_dag_buah, task_id=tambah_data_buah, execution_date=20240428T000000, start_date=20240502T225957, end_date=20240502T225959
[2024-05-02T22:59:59.649+0000] {local_task_job_runner.py:240} INFO - Task exited with return code 0
[2024-05-02T22:59:59.762+0000] {taskinstance.py:3482} INFO - 0 downstream tasks scheduled from follow-on schedule check
[2024-05-02T22:59:59.778+0000] {local_task_job_runner.py:222} INFO - ::endgroup::
