[2024-05-02T20:41:19.820+0000] {processor.py:161} INFO - Started process (PID=95) to work on /opt/airflow/dags/17_DAG_eks.py
[2024-05-02T20:41:19.904+0000] {processor.py:830} INFO - Processing file /opt/airflow/dags/17_DAG_eks.py for tasks to queue
[2024-05-02T20:41:19.966+0000] {logging_mixin.py:188} INFO - [2024-05-02T20:41:19.965+0000] {dagbag.py:540} INFO - Filling up the DagBag from /opt/airflow/dags/17_DAG_eks.py
[2024-05-02T20:41:21.489+0000] {processor.py:840} INFO - DAG(s) '17_dag_buah' retrieved from /opt/airflow/dags/17_DAG_eks.py
[2024-05-02T20:41:35.648+0000] {logging_mixin.py:188} INFO - [2024-05-02T20:41:35.647+0000] {override.py:1829} INFO - Created Permission View: can delete on DAG:17_dag_buah
[2024-05-02T20:41:36.525+0000] {logging_mixin.py:188} INFO - [2024-05-02T20:41:36.488+0000] {override.py:1829} INFO - Created Permission View: can read on DAG:17_dag_buah
[2024-05-02T20:41:37.093+0000] {logging_mixin.py:188} INFO - [2024-05-02T20:41:37.092+0000] {override.py:1829} INFO - Created Permission View: can edit on DAG:17_dag_buah
[2024-05-02T20:41:37.127+0000] {logging_mixin.py:188} INFO - [2024-05-02T20:41:37.112+0000] {dag.py:3096} INFO - Sync 1 DAGs
[2024-05-02T20:41:37.595+0000] {logging_mixin.py:188} INFO - [2024-05-02T20:41:37.595+0000] {dag.py:3118} INFO - Creating ORM DAG for 17_dag_buah
[2024-05-02T20:41:38.289+0000] {logging_mixin.py:188} INFO - [2024-05-02T20:41:38.288+0000] {dag.py:3954} INFO - Setting next_dagrun for 17_dag_buah to 2024-04-23 00:00:00+00:00, run_after=2024-04-24 00:00:00+00:00
[2024-05-02T20:41:39.092+0000] {processor.py:183} INFO - Processing /opt/airflow/dags/17_DAG_eks.py took 19.400 seconds
[2024-05-02T22:20:35.103+0000] {processor.py:161} INFO - Started process (PID=38) to work on /opt/airflow/dags/17_DAG_eks.py
[2024-05-02T22:20:35.117+0000] {processor.py:830} INFO - Processing file /opt/airflow/dags/17_DAG_eks.py for tasks to queue
[2024-05-02T22:20:35.134+0000] {logging_mixin.py:188} INFO - [2024-05-02T22:20:35.133+0000] {dagbag.py:540} INFO - Filling up the DagBag from /opt/airflow/dags/17_DAG_eks.py
[2024-05-02T22:20:35.437+0000] {processor.py:840} INFO - DAG(s) '17_dag_buah' retrieved from /opt/airflow/dags/17_DAG_eks.py
[2024-05-02T22:20:37.522+0000] {logging_mixin.py:188} INFO - [2024-05-02T22:20:37.521+0000] {dag.py:3096} INFO - Sync 1 DAGs
[2024-05-02T22:20:37.612+0000] {logging_mixin.py:188} INFO - [2024-05-02T22:20:37.603+0000] {dag.py:3954} INFO - Setting next_dagrun for 17_dag_buah to 2024-04-23 00:00:00+00:00, run_after=2024-04-24 00:00:00+00:00
[2024-05-02T22:20:37.768+0000] {processor.py:183} INFO - Processing /opt/airflow/dags/17_DAG_eks.py took 2.677 seconds
[2024-05-02T22:21:08.637+0000] {processor.py:161} INFO - Started process (PID=97) to work on /opt/airflow/dags/17_DAG_eks.py
[2024-05-02T22:21:08.651+0000] {processor.py:830} INFO - Processing file /opt/airflow/dags/17_DAG_eks.py for tasks to queue
[2024-05-02T22:21:08.689+0000] {logging_mixin.py:188} INFO - [2024-05-02T22:21:08.659+0000] {dagbag.py:540} INFO - Filling up the DagBag from /opt/airflow/dags/17_DAG_eks.py
[2024-05-02T22:21:08.788+0000] {processor.py:840} INFO - DAG(s) '17_dag_buah' retrieved from /opt/airflow/dags/17_DAG_eks.py
[2024-05-02T22:21:09.014+0000] {logging_mixin.py:188} INFO - [2024-05-02T22:21:09.013+0000] {dag.py:3096} INFO - Sync 1 DAGs
[2024-05-02T22:21:09.192+0000] {logging_mixin.py:188} INFO - [2024-05-02T22:21:09.191+0000] {dag.py:3954} INFO - Setting next_dagrun for 17_dag_buah to 2024-04-23 00:00:00+00:00, run_after=2024-04-24 00:00:00+00:00
[2024-05-02T22:21:09.291+0000] {processor.py:183} INFO - Processing /opt/airflow/dags/17_DAG_eks.py took 0.754 seconds
[2024-05-02T22:21:44.826+0000] {processor.py:161} INFO - Started process (PID=138) to work on /opt/airflow/dags/17_DAG_eks.py
[2024-05-02T22:21:44.844+0000] {processor.py:830} INFO - Processing file /opt/airflow/dags/17_DAG_eks.py for tasks to queue
[2024-05-02T22:21:44.860+0000] {logging_mixin.py:188} INFO - [2024-05-02T22:21:44.859+0000] {dagbag.py:540} INFO - Filling up the DagBag from /opt/airflow/dags/17_DAG_eks.py
[2024-05-02T22:21:45.629+0000] {processor.py:840} INFO - DAG(s) '17_dag_buah' retrieved from /opt/airflow/dags/17_DAG_eks.py
[2024-05-02T22:21:46.419+0000] {logging_mixin.py:188} INFO - [2024-05-02T22:21:46.419+0000] {dag.py:3096} INFO - Sync 1 DAGs
[2024-05-02T22:21:46.673+0000] {logging_mixin.py:188} INFO - [2024-05-02T22:21:46.672+0000] {dag.py:3954} INFO - Setting next_dagrun for 17_dag_buah to 2024-04-23 00:00:00+00:00, run_after=2024-04-24 00:00:00+00:00
[2024-05-02T22:21:46.794+0000] {processor.py:183} INFO - Processing /opt/airflow/dags/17_DAG_eks.py took 2.054 seconds
[2024-05-02T22:22:46.826+0000] {processor.py:161} INFO - Started process (PID=189) to work on /opt/airflow/dags/17_DAG_eks.py
[2024-05-02T22:22:46.850+0000] {processor.py:830} INFO - Processing file /opt/airflow/dags/17_DAG_eks.py for tasks to queue
[2024-05-02T22:22:46.905+0000] {logging_mixin.py:188} INFO - [2024-05-02T22:22:46.904+0000] {dagbag.py:540} INFO - Filling up the DagBag from /opt/airflow/dags/17_DAG_eks.py
[2024-05-02T22:22:47.049+0000] {processor.py:840} INFO - DAG(s) '17_dag_buah' retrieved from /opt/airflow/dags/17_DAG_eks.py
[2024-05-02T22:22:47.494+0000] {logging_mixin.py:188} INFO - [2024-05-02T22:22:47.494+0000] {dag.py:3096} INFO - Sync 1 DAGs
[2024-05-02T22:22:47.713+0000] {logging_mixin.py:188} INFO - [2024-05-02T22:22:47.713+0000] {dag.py:3954} INFO - Setting next_dagrun for 17_dag_buah to 2024-04-23 00:00:00+00:00, run_after=2024-04-24 00:00:00+00:00
[2024-05-02T22:22:47.881+0000] {processor.py:183} INFO - Processing /opt/airflow/dags/17_DAG_eks.py took 1.135 seconds
[2024-05-02T22:23:18.604+0000] {processor.py:161} INFO - Started process (PID=240) to work on /opt/airflow/dags/17_DAG_eks.py
[2024-05-02T22:23:18.606+0000] {processor.py:830} INFO - Processing file /opt/airflow/dags/17_DAG_eks.py for tasks to queue
[2024-05-02T22:23:18.631+0000] {logging_mixin.py:188} INFO - [2024-05-02T22:23:18.630+0000] {dagbag.py:540} INFO - Filling up the DagBag from /opt/airflow/dags/17_DAG_eks.py
[2024-05-02T22:23:18.855+0000] {processor.py:840} INFO - DAG(s) '17_dag_buah' retrieved from /opt/airflow/dags/17_DAG_eks.py
[2024-05-02T22:23:19.128+0000] {logging_mixin.py:188} INFO - [2024-05-02T22:23:19.127+0000] {dag.py:3096} INFO - Sync 1 DAGs
[2024-05-02T22:23:19.464+0000] {logging_mixin.py:188} INFO - [2024-05-02T22:23:19.463+0000] {dag.py:3954} INFO - Setting next_dagrun for 17_dag_buah to 2024-04-23 00:00:00+00:00, run_after=2024-04-24 00:00:00+00:00
[2024-05-02T22:23:19.938+0000] {processor.py:183} INFO - Processing /opt/airflow/dags/17_DAG_eks.py took 1.394 seconds
[2024-05-02T22:32:15.255+0000] {processor.py:161} INFO - Started process (PID=38) to work on /opt/airflow/dags/17_DAG_eks.py
[2024-05-02T22:32:15.280+0000] {processor.py:830} INFO - Processing file /opt/airflow/dags/17_DAG_eks.py for tasks to queue
[2024-05-02T22:32:15.304+0000] {logging_mixin.py:188} INFO - [2024-05-02T22:32:15.303+0000] {dagbag.py:540} INFO - Filling up the DagBag from /opt/airflow/dags/17_DAG_eks.py
[2024-05-02T22:32:15.533+0000] {processor.py:840} INFO - DAG(s) '17_dag_buah' retrieved from /opt/airflow/dags/17_DAG_eks.py
[2024-05-02T22:32:17.572+0000] {logging_mixin.py:188} INFO - [2024-05-02T22:32:17.569+0000] {override.py:1829} INFO - Created Permission View: can edit on DAG:17_dag_buah
[2024-05-02T22:32:17.693+0000] {logging_mixin.py:188} INFO - [2024-05-02T22:32:17.686+0000] {override.py:1829} INFO - Created Permission View: can delete on DAG:17_dag_buah
[2024-05-02T22:32:17.824+0000] {logging_mixin.py:188} INFO - [2024-05-02T22:32:17.823+0000] {override.py:1829} INFO - Created Permission View: can read on DAG:17_dag_buah
[2024-05-02T22:32:17.829+0000] {logging_mixin.py:188} INFO - [2024-05-02T22:32:17.828+0000] {dag.py:3096} INFO - Sync 1 DAGs
[2024-05-02T22:32:17.940+0000] {logging_mixin.py:188} INFO - [2024-05-02T22:32:17.940+0000] {dag.py:3118} INFO - Creating ORM DAG for 17_dag_buah
[2024-05-02T22:32:18.005+0000] {logging_mixin.py:188} INFO - [2024-05-02T22:32:18.004+0000] {dag.py:3954} INFO - Setting next_dagrun for 17_dag_buah to 2024-04-23 00:00:00+00:00, run_after=2024-04-24 00:00:00+00:00
[2024-05-02T22:32:18.071+0000] {processor.py:183} INFO - Processing /opt/airflow/dags/17_DAG_eks.py took 2.851 seconds
[2024-05-02T22:32:50.140+0000] {processor.py:161} INFO - Started process (PID=97) to work on /opt/airflow/dags/17_DAG_eks.py
[2024-05-02T22:32:50.143+0000] {processor.py:830} INFO - Processing file /opt/airflow/dags/17_DAG_eks.py for tasks to queue
[2024-05-02T22:32:50.148+0000] {logging_mixin.py:188} INFO - [2024-05-02T22:32:50.148+0000] {dagbag.py:540} INFO - Filling up the DagBag from /opt/airflow/dags/17_DAG_eks.py
[2024-05-02T22:32:50.185+0000] {processor.py:840} INFO - DAG(s) '17_dag_buah' retrieved from /opt/airflow/dags/17_DAG_eks.py
[2024-05-02T22:32:50.288+0000] {logging_mixin.py:188} INFO - [2024-05-02T22:32:50.288+0000] {dag.py:3096} INFO - Sync 1 DAGs
[2024-05-02T22:32:50.356+0000] {logging_mixin.py:188} INFO - [2024-05-02T22:32:50.355+0000] {dag.py:3954} INFO - Setting next_dagrun for 17_dag_buah to 2024-04-23 00:00:00+00:00, run_after=2024-04-24 00:00:00+00:00
[2024-05-02T22:32:50.597+0000] {processor.py:183} INFO - Processing /opt/airflow/dags/17_DAG_eks.py took 0.470 seconds
[2024-05-02T22:33:20.784+0000] {processor.py:161} INFO - Started process (PID=153) to work on /opt/airflow/dags/17_DAG_eks.py
[2024-05-02T22:33:20.786+0000] {processor.py:830} INFO - Processing file /opt/airflow/dags/17_DAG_eks.py for tasks to queue
[2024-05-02T22:33:20.789+0000] {logging_mixin.py:188} INFO - [2024-05-02T22:33:20.789+0000] {dagbag.py:540} INFO - Filling up the DagBag from /opt/airflow/dags/17_DAG_eks.py
[2024-05-02T22:33:20.822+0000] {processor.py:840} INFO - DAG(s) '17_dag_buah' retrieved from /opt/airflow/dags/17_DAG_eks.py
[2024-05-02T22:33:20.880+0000] {logging_mixin.py:188} INFO - [2024-05-02T22:33:20.879+0000] {dag.py:3096} INFO - Sync 1 DAGs
[2024-05-02T22:33:20.932+0000] {logging_mixin.py:188} INFO - [2024-05-02T22:33:20.931+0000] {dag.py:3954} INFO - Setting next_dagrun for 17_dag_buah to 2024-04-23 00:00:00+00:00, run_after=2024-04-24 00:00:00+00:00
[2024-05-02T22:33:20.972+0000] {processor.py:183} INFO - Processing /opt/airflow/dags/17_DAG_eks.py took 0.201 seconds
[2024-05-02T22:33:55.052+0000] {processor.py:161} INFO - Started process (PID=207) to work on /opt/airflow/dags/17_DAG_eks.py
[2024-05-02T22:33:55.056+0000] {processor.py:830} INFO - Processing file /opt/airflow/dags/17_DAG_eks.py for tasks to queue
[2024-05-02T22:33:55.087+0000] {logging_mixin.py:188} INFO - [2024-05-02T22:33:55.086+0000] {dagbag.py:540} INFO - Filling up the DagBag from /opt/airflow/dags/17_DAG_eks.py
[2024-05-02T22:33:55.472+0000] {processor.py:840} INFO - DAG(s) '17_dag_buah' retrieved from /opt/airflow/dags/17_DAG_eks.py
[2024-05-02T22:33:55.595+0000] {logging_mixin.py:188} INFO - [2024-05-02T22:33:55.594+0000] {dag.py:3096} INFO - Sync 1 DAGs
[2024-05-02T22:33:55.840+0000] {logging_mixin.py:188} INFO - [2024-05-02T22:33:55.839+0000] {dag.py:3954} INFO - Setting next_dagrun for 17_dag_buah to 2024-04-23 00:00:00+00:00, run_after=2024-04-24 00:00:00+00:00
[2024-05-02T22:33:56.131+0000] {processor.py:183} INFO - Processing /opt/airflow/dags/17_DAG_eks.py took 1.135 seconds
[2024-05-02T22:34:26.554+0000] {processor.py:161} INFO - Started process (PID=266) to work on /opt/airflow/dags/17_DAG_eks.py
[2024-05-02T22:34:26.556+0000] {processor.py:830} INFO - Processing file /opt/airflow/dags/17_DAG_eks.py for tasks to queue
[2024-05-02T22:34:26.562+0000] {logging_mixin.py:188} INFO - [2024-05-02T22:34:26.561+0000] {dagbag.py:540} INFO - Filling up the DagBag from /opt/airflow/dags/17_DAG_eks.py
[2024-05-02T22:34:26.582+0000] {processor.py:840} INFO - DAG(s) '17_dag_buah' retrieved from /opt/airflow/dags/17_DAG_eks.py
[2024-05-02T22:34:26.621+0000] {logging_mixin.py:188} INFO - [2024-05-02T22:34:26.621+0000] {dag.py:3096} INFO - Sync 1 DAGs
[2024-05-02T22:34:26.674+0000] {logging_mixin.py:188} INFO - [2024-05-02T22:34:26.673+0000] {dag.py:3954} INFO - Setting next_dagrun for 17_dag_buah to 2024-04-23 00:00:00+00:00, run_after=2024-04-24 00:00:00+00:00
[2024-05-02T22:34:26.761+0000] {processor.py:183} INFO - Processing /opt/airflow/dags/17_DAG_eks.py took 0.212 seconds
[2024-05-02T22:34:57.075+0000] {processor.py:161} INFO - Started process (PID=326) to work on /opt/airflow/dags/17_DAG_eks.py
[2024-05-02T22:34:57.082+0000] {processor.py:830} INFO - Processing file /opt/airflow/dags/17_DAG_eks.py for tasks to queue
[2024-05-02T22:34:57.096+0000] {logging_mixin.py:188} INFO - [2024-05-02T22:34:57.094+0000] {dagbag.py:540} INFO - Filling up the DagBag from /opt/airflow/dags/17_DAG_eks.py
[2024-05-02T22:34:57.151+0000] {processor.py:840} INFO - DAG(s) '17_dag_buah' retrieved from /opt/airflow/dags/17_DAG_eks.py
[2024-05-02T22:34:57.767+0000] {logging_mixin.py:188} INFO - [2024-05-02T22:34:57.766+0000] {dag.py:3096} INFO - Sync 1 DAGs
[2024-05-02T22:34:57.945+0000] {logging_mixin.py:188} INFO - [2024-05-02T22:34:57.945+0000] {dag.py:3954} INFO - Setting next_dagrun for 17_dag_buah to 2024-04-23 00:00:00+00:00, run_after=2024-04-24 00:00:00+00:00
[2024-05-02T22:34:58.610+0000] {processor.py:183} INFO - Processing /opt/airflow/dags/17_DAG_eks.py took 1.552 seconds
[2024-05-02T22:35:28.725+0000] {processor.py:161} INFO - Started process (PID=384) to work on /opt/airflow/dags/17_DAG_eks.py
[2024-05-02T22:35:28.727+0000] {processor.py:830} INFO - Processing file /opt/airflow/dags/17_DAG_eks.py for tasks to queue
[2024-05-02T22:35:28.732+0000] {logging_mixin.py:188} INFO - [2024-05-02T22:35:28.731+0000] {dagbag.py:540} INFO - Filling up the DagBag from /opt/airflow/dags/17_DAG_eks.py
[2024-05-02T22:35:28.763+0000] {processor.py:840} INFO - DAG(s) '17_dag_buah' retrieved from /opt/airflow/dags/17_DAG_eks.py
[2024-05-02T22:35:28.830+0000] {logging_mixin.py:188} INFO - [2024-05-02T22:35:28.829+0000] {dag.py:3096} INFO - Sync 1 DAGs
[2024-05-02T22:35:28.901+0000] {logging_mixin.py:188} INFO - [2024-05-02T22:35:28.900+0000] {dag.py:3954} INFO - Setting next_dagrun for 17_dag_buah to 2024-04-23 00:00:00+00:00, run_after=2024-04-24 00:00:00+00:00
[2024-05-02T22:35:28.952+0000] {processor.py:183} INFO - Processing /opt/airflow/dags/17_DAG_eks.py took 0.239 seconds
[2024-05-02T22:35:59.036+0000] {processor.py:161} INFO - Started process (PID=441) to work on /opt/airflow/dags/17_DAG_eks.py
[2024-05-02T22:35:59.038+0000] {processor.py:830} INFO - Processing file /opt/airflow/dags/17_DAG_eks.py for tasks to queue
[2024-05-02T22:35:59.042+0000] {logging_mixin.py:188} INFO - [2024-05-02T22:35:59.041+0000] {dagbag.py:540} INFO - Filling up the DagBag from /opt/airflow/dags/17_DAG_eks.py
[2024-05-02T22:35:59.074+0000] {processor.py:840} INFO - DAG(s) '17_dag_buah' retrieved from /opt/airflow/dags/17_DAG_eks.py
[2024-05-02T22:35:59.127+0000] {logging_mixin.py:188} INFO - [2024-05-02T22:35:59.127+0000] {dag.py:3096} INFO - Sync 1 DAGs
[2024-05-02T22:35:59.186+0000] {logging_mixin.py:188} INFO - [2024-05-02T22:35:59.185+0000] {dag.py:3954} INFO - Setting next_dagrun for 17_dag_buah to 2024-04-23 00:00:00+00:00, run_after=2024-04-24 00:00:00+00:00
[2024-05-02T22:35:59.237+0000] {processor.py:183} INFO - Processing /opt/airflow/dags/17_DAG_eks.py took 0.213 seconds
[2024-05-02T22:36:31.788+0000] {processor.py:161} INFO - Started process (PID=502) to work on /opt/airflow/dags/17_DAG_eks.py
[2024-05-02T22:36:31.793+0000] {processor.py:830} INFO - Processing file /opt/airflow/dags/17_DAG_eks.py for tasks to queue
[2024-05-02T22:36:31.799+0000] {logging_mixin.py:188} INFO - [2024-05-02T22:36:31.797+0000] {dagbag.py:540} INFO - Filling up the DagBag from /opt/airflow/dags/17_DAG_eks.py
[2024-05-02T22:36:31.877+0000] {processor.py:840} INFO - DAG(s) '17_dag_buah' retrieved from /opt/airflow/dags/17_DAG_eks.py
[2024-05-02T22:36:31.947+0000] {logging_mixin.py:188} INFO - [2024-05-02T22:36:31.947+0000] {dag.py:3096} INFO - Sync 1 DAGs
[2024-05-02T22:36:32.013+0000] {logging_mixin.py:188} INFO - [2024-05-02T22:36:32.012+0000] {dag.py:3954} INFO - Setting next_dagrun for 17_dag_buah to 2024-04-23 00:00:00+00:00, run_after=2024-04-24 00:00:00+00:00
[2024-05-02T22:36:32.162+0000] {processor.py:183} INFO - Processing /opt/airflow/dags/17_DAG_eks.py took 0.403 seconds
[2024-05-02T22:37:03.191+0000] {processor.py:161} INFO - Started process (PID=553) to work on /opt/airflow/dags/17_DAG_eks.py
[2024-05-02T22:37:03.193+0000] {processor.py:830} INFO - Processing file /opt/airflow/dags/17_DAG_eks.py for tasks to queue
[2024-05-02T22:37:03.225+0000] {logging_mixin.py:188} INFO - [2024-05-02T22:37:03.216+0000] {dagbag.py:540} INFO - Filling up the DagBag from /opt/airflow/dags/17_DAG_eks.py
[2024-05-02T22:37:03.320+0000] {processor.py:840} INFO - DAG(s) '17_dag_buah' retrieved from /opt/airflow/dags/17_DAG_eks.py
[2024-05-02T22:37:03.414+0000] {logging_mixin.py:188} INFO - [2024-05-02T22:37:03.413+0000] {dag.py:3096} INFO - Sync 1 DAGs
[2024-05-02T22:37:03.577+0000] {logging_mixin.py:188} INFO - [2024-05-02T22:37:03.576+0000] {dag.py:3954} INFO - Setting next_dagrun for 17_dag_buah to 2024-04-23 00:00:00+00:00, run_after=2024-04-24 00:00:00+00:00
[2024-05-02T22:37:03.732+0000] {processor.py:183} INFO - Processing /opt/airflow/dags/17_DAG_eks.py took 0.574 seconds
[2024-05-02T22:37:35.246+0000] {processor.py:161} INFO - Started process (PID=613) to work on /opt/airflow/dags/17_DAG_eks.py
[2024-05-02T22:37:35.262+0000] {processor.py:830} INFO - Processing file /opt/airflow/dags/17_DAG_eks.py for tasks to queue
[2024-05-02T22:37:35.366+0000] {logging_mixin.py:188} INFO - [2024-05-02T22:37:35.326+0000] {dagbag.py:540} INFO - Filling up the DagBag from /opt/airflow/dags/17_DAG_eks.py
[2024-05-02T22:37:35.649+0000] {processor.py:840} INFO - DAG(s) '17_dag_buah' retrieved from /opt/airflow/dags/17_DAG_eks.py
[2024-05-02T22:37:36.152+0000] {logging_mixin.py:188} INFO - [2024-05-02T22:37:36.151+0000] {dag.py:3096} INFO - Sync 1 DAGs
[2024-05-02T22:37:38.495+0000] {logging_mixin.py:188} INFO - [2024-05-02T22:37:38.495+0000] {dag.py:3954} INFO - Setting next_dagrun for 17_dag_buah to 2024-04-23 00:00:00+00:00, run_after=2024-04-24 00:00:00+00:00
[2024-05-02T22:37:39.032+0000] {processor.py:183} INFO - Processing /opt/airflow/dags/17_DAG_eks.py took 3.841 seconds
[2024-05-02T22:38:09.996+0000] {processor.py:161} INFO - Started process (PID=673) to work on /opt/airflow/dags/17_DAG_eks.py
[2024-05-02T22:38:10.016+0000] {processor.py:830} INFO - Processing file /opt/airflow/dags/17_DAG_eks.py for tasks to queue
[2024-05-02T22:38:10.035+0000] {logging_mixin.py:188} INFO - [2024-05-02T22:38:10.029+0000] {dagbag.py:540} INFO - Filling up the DagBag from /opt/airflow/dags/17_DAG_eks.py
[2024-05-02T22:38:10.138+0000] {processor.py:840} INFO - DAG(s) '17_dag_buah' retrieved from /opt/airflow/dags/17_DAG_eks.py
[2024-05-02T22:38:10.278+0000] {logging_mixin.py:188} INFO - [2024-05-02T22:38:10.277+0000] {dag.py:3096} INFO - Sync 1 DAGs
[2024-05-02T22:38:10.475+0000] {logging_mixin.py:188} INFO - [2024-05-02T22:38:10.475+0000] {dag.py:3954} INFO - Setting next_dagrun for 17_dag_buah to 2024-04-23 00:00:00+00:00, run_after=2024-04-24 00:00:00+00:00
[2024-05-02T22:38:10.687+0000] {processor.py:183} INFO - Processing /opt/airflow/dags/17_DAG_eks.py took 0.730 seconds
[2024-05-02T22:38:43.560+0000] {processor.py:161} INFO - Started process (PID=732) to work on /opt/airflow/dags/17_DAG_eks.py
[2024-05-02T22:38:43.616+0000] {processor.py:830} INFO - Processing file /opt/airflow/dags/17_DAG_eks.py for tasks to queue
[2024-05-02T22:38:43.653+0000] {logging_mixin.py:188} INFO - [2024-05-02T22:38:43.652+0000] {dagbag.py:540} INFO - Filling up the DagBag from /opt/airflow/dags/17_DAG_eks.py
[2024-05-02T22:38:45.794+0000] {processor.py:840} INFO - DAG(s) '17_dag_buah' retrieved from /opt/airflow/dags/17_DAG_eks.py
[2024-05-02T22:38:45.895+0000] {logging_mixin.py:188} INFO - [2024-05-02T22:38:45.894+0000] {dag.py:3096} INFO - Sync 1 DAGs
[2024-05-02T22:38:46.070+0000] {logging_mixin.py:188} INFO - [2024-05-02T22:38:46.069+0000] {dag.py:3954} INFO - Setting next_dagrun for 17_dag_buah to 2024-04-23 00:00:00+00:00, run_after=2024-04-24 00:00:00+00:00
[2024-05-02T22:38:46.282+0000] {processor.py:183} INFO - Processing /opt/airflow/dags/17_DAG_eks.py took 2.784 seconds
[2024-05-02T22:39:19.557+0000] {processor.py:161} INFO - Started process (PID=793) to work on /opt/airflow/dags/17_DAG_eks.py
[2024-05-02T22:39:19.560+0000] {processor.py:830} INFO - Processing file /opt/airflow/dags/17_DAG_eks.py for tasks to queue
[2024-05-02T22:39:19.564+0000] {logging_mixin.py:188} INFO - [2024-05-02T22:39:19.563+0000] {dagbag.py:540} INFO - Filling up the DagBag from /opt/airflow/dags/17_DAG_eks.py
[2024-05-02T22:39:19.605+0000] {processor.py:840} INFO - DAG(s) '17_dag_buah' retrieved from /opt/airflow/dags/17_DAG_eks.py
[2024-05-02T22:39:19.669+0000] {logging_mixin.py:188} INFO - [2024-05-02T22:39:19.668+0000] {dag.py:3096} INFO - Sync 1 DAGs
[2024-05-02T22:39:19.796+0000] {logging_mixin.py:188} INFO - [2024-05-02T22:39:19.796+0000] {dag.py:3954} INFO - Setting next_dagrun for 17_dag_buah to 2024-04-23 00:00:00+00:00, run_after=2024-04-24 00:00:00+00:00
[2024-05-02T22:39:19.918+0000] {processor.py:183} INFO - Processing /opt/airflow/dags/17_DAG_eks.py took 0.376 seconds
[2024-05-02T22:39:56.989+0000] {processor.py:161} INFO - Started process (PID=836) to work on /opt/airflow/dags/17_DAG_eks.py
[2024-05-02T22:39:57.000+0000] {processor.py:830} INFO - Processing file /opt/airflow/dags/17_DAG_eks.py for tasks to queue
[2024-05-02T22:39:57.005+0000] {logging_mixin.py:188} INFO - [2024-05-02T22:39:57.005+0000] {dagbag.py:540} INFO - Filling up the DagBag from /opt/airflow/dags/17_DAG_eks.py
[2024-05-02T22:39:57.083+0000] {processor.py:840} INFO - DAG(s) '17_dag_buah' retrieved from /opt/airflow/dags/17_DAG_eks.py
[2024-05-02T22:39:57.164+0000] {logging_mixin.py:188} INFO - [2024-05-02T22:39:57.162+0000] {dag.py:3096} INFO - Sync 1 DAGs
[2024-05-02T22:39:57.261+0000] {logging_mixin.py:188} INFO - [2024-05-02T22:39:57.261+0000] {dag.py:3954} INFO - Setting next_dagrun for 17_dag_buah to 2024-04-23 00:00:00+00:00, run_after=2024-04-24 00:00:00+00:00
[2024-05-02T22:39:57.387+0000] {processor.py:183} INFO - Processing /opt/airflow/dags/17_DAG_eks.py took 0.435 seconds
[2024-05-02T22:40:27.775+0000] {processor.py:161} INFO - Started process (PID=895) to work on /opt/airflow/dags/17_DAG_eks.py
[2024-05-02T22:40:27.777+0000] {processor.py:830} INFO - Processing file /opt/airflow/dags/17_DAG_eks.py for tasks to queue
[2024-05-02T22:40:27.783+0000] {logging_mixin.py:188} INFO - [2024-05-02T22:40:27.781+0000] {dagbag.py:540} INFO - Filling up the DagBag from /opt/airflow/dags/17_DAG_eks.py
[2024-05-02T22:40:27.820+0000] {processor.py:840} INFO - DAG(s) '17_dag_buah' retrieved from /opt/airflow/dags/17_DAG_eks.py
[2024-05-02T22:40:27.867+0000] {logging_mixin.py:188} INFO - [2024-05-02T22:40:27.866+0000] {dag.py:3096} INFO - Sync 1 DAGs
[2024-05-02T22:40:28.171+0000] {logging_mixin.py:188} INFO - [2024-05-02T22:40:28.170+0000] {dag.py:3954} INFO - Setting next_dagrun for 17_dag_buah to 2024-04-23 00:00:00+00:00, run_after=2024-04-24 00:00:00+00:00
[2024-05-02T22:40:28.217+0000] {processor.py:183} INFO - Processing /opt/airflow/dags/17_DAG_eks.py took 0.458 seconds
[2024-05-02T22:40:58.449+0000] {processor.py:161} INFO - Started process (PID=954) to work on /opt/airflow/dags/17_DAG_eks.py
[2024-05-02T22:40:58.455+0000] {processor.py:830} INFO - Processing file /opt/airflow/dags/17_DAG_eks.py for tasks to queue
[2024-05-02T22:40:58.463+0000] {logging_mixin.py:188} INFO - [2024-05-02T22:40:58.462+0000] {dagbag.py:540} INFO - Filling up the DagBag from /opt/airflow/dags/17_DAG_eks.py
[2024-05-02T22:40:58.501+0000] {processor.py:840} INFO - DAG(s) '17_dag_buah' retrieved from /opt/airflow/dags/17_DAG_eks.py
[2024-05-02T22:40:58.543+0000] {logging_mixin.py:188} INFO - [2024-05-02T22:40:58.543+0000] {dag.py:3096} INFO - Sync 1 DAGs
[2024-05-02T22:40:58.595+0000] {logging_mixin.py:188} INFO - [2024-05-02T22:40:58.594+0000] {dag.py:3954} INFO - Setting next_dagrun for 17_dag_buah to 2024-04-23 00:00:00+00:00, run_after=2024-04-24 00:00:00+00:00
[2024-05-02T22:40:58.638+0000] {processor.py:183} INFO - Processing /opt/airflow/dags/17_DAG_eks.py took 0.207 seconds
[2024-05-02T22:41:29.117+0000] {processor.py:161} INFO - Started process (PID=1012) to work on /opt/airflow/dags/17_DAG_eks.py
[2024-05-02T22:41:29.120+0000] {processor.py:830} INFO - Processing file /opt/airflow/dags/17_DAG_eks.py for tasks to queue
[2024-05-02T22:41:29.128+0000] {logging_mixin.py:188} INFO - [2024-05-02T22:41:29.127+0000] {dagbag.py:540} INFO - Filling up the DagBag from /opt/airflow/dags/17_DAG_eks.py
[2024-05-02T22:41:29.173+0000] {processor.py:840} INFO - DAG(s) '17_dag_buah' retrieved from /opt/airflow/dags/17_DAG_eks.py
[2024-05-02T22:41:29.250+0000] {logging_mixin.py:188} INFO - [2024-05-02T22:41:29.249+0000] {dag.py:3096} INFO - Sync 1 DAGs
[2024-05-02T22:41:29.315+0000] {logging_mixin.py:188} INFO - [2024-05-02T22:41:29.314+0000] {dag.py:3954} INFO - Setting next_dagrun for 17_dag_buah to 2024-04-23 00:00:00+00:00, run_after=2024-04-24 00:00:00+00:00
[2024-05-02T22:41:29.384+0000] {processor.py:183} INFO - Processing /opt/airflow/dags/17_DAG_eks.py took 0.289 seconds
[2024-05-02T22:42:00.210+0000] {processor.py:161} INFO - Started process (PID=1071) to work on /opt/airflow/dags/17_DAG_eks.py
[2024-05-02T22:42:00.214+0000] {processor.py:830} INFO - Processing file /opt/airflow/dags/17_DAG_eks.py for tasks to queue
[2024-05-02T22:42:00.220+0000] {logging_mixin.py:188} INFO - [2024-05-02T22:42:00.219+0000] {dagbag.py:540} INFO - Filling up the DagBag from /opt/airflow/dags/17_DAG_eks.py
[2024-05-02T22:42:00.294+0000] {processor.py:840} INFO - DAG(s) '17_dag_buah' retrieved from /opt/airflow/dags/17_DAG_eks.py
[2024-05-02T22:42:00.346+0000] {logging_mixin.py:188} INFO - [2024-05-02T22:42:00.346+0000] {dag.py:3096} INFO - Sync 1 DAGs
[2024-05-02T22:42:00.435+0000] {logging_mixin.py:188} INFO - [2024-05-02T22:42:00.435+0000] {dag.py:3954} INFO - Setting next_dagrun for 17_dag_buah to 2024-04-23 00:00:00+00:00, run_after=2024-04-24 00:00:00+00:00
[2024-05-02T22:42:00.492+0000] {processor.py:183} INFO - Processing /opt/airflow/dags/17_DAG_eks.py took 0.305 seconds
[2024-05-02T22:42:30.684+0000] {processor.py:161} INFO - Started process (PID=1130) to work on /opt/airflow/dags/17_DAG_eks.py
[2024-05-02T22:42:30.688+0000] {processor.py:830} INFO - Processing file /opt/airflow/dags/17_DAG_eks.py for tasks to queue
[2024-05-02T22:42:30.693+0000] {logging_mixin.py:188} INFO - [2024-05-02T22:42:30.692+0000] {dagbag.py:540} INFO - Filling up the DagBag from /opt/airflow/dags/17_DAG_eks.py
[2024-05-02T22:42:30.738+0000] {processor.py:840} INFO - DAG(s) '17_dag_buah' retrieved from /opt/airflow/dags/17_DAG_eks.py
[2024-05-02T22:42:30.805+0000] {logging_mixin.py:188} INFO - [2024-05-02T22:42:30.804+0000] {dag.py:3096} INFO - Sync 1 DAGs
[2024-05-02T22:42:30.884+0000] {logging_mixin.py:188} INFO - [2024-05-02T22:42:30.883+0000] {dag.py:3954} INFO - Setting next_dagrun for 17_dag_buah to 2024-04-23 00:00:00+00:00, run_after=2024-04-24 00:00:00+00:00
[2024-05-02T22:42:30.936+0000] {processor.py:183} INFO - Processing /opt/airflow/dags/17_DAG_eks.py took 0.272 seconds
[2024-05-02T22:43:01.145+0000] {processor.py:161} INFO - Started process (PID=1189) to work on /opt/airflow/dags/17_DAG_eks.py
[2024-05-02T22:43:01.147+0000] {processor.py:830} INFO - Processing file /opt/airflow/dags/17_DAG_eks.py for tasks to queue
[2024-05-02T22:43:01.152+0000] {logging_mixin.py:188} INFO - [2024-05-02T22:43:01.151+0000] {dagbag.py:540} INFO - Filling up the DagBag from /opt/airflow/dags/17_DAG_eks.py
[2024-05-02T22:43:01.189+0000] {processor.py:840} INFO - DAG(s) '17_dag_buah' retrieved from /opt/airflow/dags/17_DAG_eks.py
[2024-05-02T22:43:01.237+0000] {logging_mixin.py:188} INFO - [2024-05-02T22:43:01.237+0000] {dag.py:3096} INFO - Sync 1 DAGs
[2024-05-02T22:43:01.288+0000] {logging_mixin.py:188} INFO - [2024-05-02T22:43:01.287+0000] {dag.py:3954} INFO - Setting next_dagrun for 17_dag_buah to 2024-04-23 00:00:00+00:00, run_after=2024-04-24 00:00:00+00:00
[2024-05-02T22:43:01.336+0000] {processor.py:183} INFO - Processing /opt/airflow/dags/17_DAG_eks.py took 0.213 seconds
[2024-05-02T22:43:31.626+0000] {processor.py:161} INFO - Started process (PID=1248) to work on /opt/airflow/dags/17_DAG_eks.py
[2024-05-02T22:43:31.639+0000] {processor.py:830} INFO - Processing file /opt/airflow/dags/17_DAG_eks.py for tasks to queue
[2024-05-02T22:43:31.645+0000] {logging_mixin.py:188} INFO - [2024-05-02T22:43:31.643+0000] {dagbag.py:540} INFO - Filling up the DagBag from /opt/airflow/dags/17_DAG_eks.py
[2024-05-02T22:43:31.686+0000] {processor.py:840} INFO - DAG(s) '17_dag_buah' retrieved from /opt/airflow/dags/17_DAG_eks.py
[2024-05-02T22:43:31.763+0000] {logging_mixin.py:188} INFO - [2024-05-02T22:43:31.762+0000] {dag.py:3096} INFO - Sync 1 DAGs
[2024-05-02T22:43:31.956+0000] {logging_mixin.py:188} INFO - [2024-05-02T22:43:31.956+0000] {dag.py:3954} INFO - Setting next_dagrun for 17_dag_buah to 2024-04-23 00:00:00+00:00, run_after=2024-04-24 00:00:00+00:00
[2024-05-02T22:43:32.174+0000] {processor.py:183} INFO - Processing /opt/airflow/dags/17_DAG_eks.py took 0.583 seconds
[2024-05-02T22:44:03.208+0000] {processor.py:161} INFO - Started process (PID=1307) to work on /opt/airflow/dags/17_DAG_eks.py
[2024-05-02T22:44:03.211+0000] {processor.py:830} INFO - Processing file /opt/airflow/dags/17_DAG_eks.py for tasks to queue
[2024-05-02T22:44:03.223+0000] {logging_mixin.py:188} INFO - [2024-05-02T22:44:03.222+0000] {dagbag.py:540} INFO - Filling up the DagBag from /opt/airflow/dags/17_DAG_eks.py
[2024-05-02T22:44:03.267+0000] {processor.py:840} INFO - DAG(s) '17_dag_buah' retrieved from /opt/airflow/dags/17_DAG_eks.py
[2024-05-02T22:44:03.409+0000] {logging_mixin.py:188} INFO - [2024-05-02T22:44:03.409+0000] {dag.py:3096} INFO - Sync 1 DAGs
[2024-05-02T22:44:03.482+0000] {logging_mixin.py:188} INFO - [2024-05-02T22:44:03.481+0000] {dag.py:3954} INFO - Setting next_dagrun for 17_dag_buah to 2024-04-23 00:00:00+00:00, run_after=2024-04-24 00:00:00+00:00
[2024-05-02T22:44:03.547+0000] {processor.py:183} INFO - Processing /opt/airflow/dags/17_DAG_eks.py took 0.413 seconds
[2024-05-02T22:44:33.730+0000] {processor.py:161} INFO - Started process (PID=1365) to work on /opt/airflow/dags/17_DAG_eks.py
[2024-05-02T22:44:33.732+0000] {processor.py:830} INFO - Processing file /opt/airflow/dags/17_DAG_eks.py for tasks to queue
[2024-05-02T22:44:33.738+0000] {logging_mixin.py:188} INFO - [2024-05-02T22:44:33.737+0000] {dagbag.py:540} INFO - Filling up the DagBag from /opt/airflow/dags/17_DAG_eks.py
[2024-05-02T22:44:33.770+0000] {processor.py:840} INFO - DAG(s) '17_dag_buah' retrieved from /opt/airflow/dags/17_DAG_eks.py
[2024-05-02T22:44:33.825+0000] {logging_mixin.py:188} INFO - [2024-05-02T22:44:33.824+0000] {dag.py:3096} INFO - Sync 1 DAGs
[2024-05-02T22:44:33.889+0000] {logging_mixin.py:188} INFO - [2024-05-02T22:44:33.888+0000] {dag.py:3954} INFO - Setting next_dagrun for 17_dag_buah to 2024-04-23 00:00:00+00:00, run_after=2024-04-24 00:00:00+00:00
[2024-05-02T22:44:33.939+0000] {processor.py:183} INFO - Processing /opt/airflow/dags/17_DAG_eks.py took 0.231 seconds
[2024-05-02T22:45:04.159+0000] {processor.py:161} INFO - Started process (PID=1424) to work on /opt/airflow/dags/17_DAG_eks.py
[2024-05-02T22:45:04.161+0000] {processor.py:830} INFO - Processing file /opt/airflow/dags/17_DAG_eks.py for tasks to queue
[2024-05-02T22:45:04.167+0000] {logging_mixin.py:188} INFO - [2024-05-02T22:45:04.166+0000] {dagbag.py:540} INFO - Filling up the DagBag from /opt/airflow/dags/17_DAG_eks.py
[2024-05-02T22:45:04.203+0000] {processor.py:840} INFO - DAG(s) '17_dag_buah' retrieved from /opt/airflow/dags/17_DAG_eks.py
[2024-05-02T22:45:04.245+0000] {logging_mixin.py:188} INFO - [2024-05-02T22:45:04.244+0000] {dag.py:3096} INFO - Sync 1 DAGs
[2024-05-02T22:45:04.314+0000] {logging_mixin.py:188} INFO - [2024-05-02T22:45:04.313+0000] {dag.py:3954} INFO - Setting next_dagrun for 17_dag_buah to 2024-04-23 00:00:00+00:00, run_after=2024-04-24 00:00:00+00:00
[2024-05-02T22:45:04.378+0000] {processor.py:183} INFO - Processing /opt/airflow/dags/17_DAG_eks.py took 0.230 seconds
[2024-05-02T22:45:34.985+0000] {processor.py:161} INFO - Started process (PID=1489) to work on /opt/airflow/dags/17_DAG_eks.py
[2024-05-02T22:45:34.988+0000] {processor.py:830} INFO - Processing file /opt/airflow/dags/17_DAG_eks.py for tasks to queue
[2024-05-02T22:45:34.994+0000] {logging_mixin.py:188} INFO - [2024-05-02T22:45:34.993+0000] {dagbag.py:540} INFO - Filling up the DagBag from /opt/airflow/dags/17_DAG_eks.py
[2024-05-02T22:45:35.024+0000] {processor.py:840} INFO - DAG(s) '17_dag_buah' retrieved from /opt/airflow/dags/17_DAG_eks.py
[2024-05-02T22:45:35.094+0000] {logging_mixin.py:188} INFO - [2024-05-02T22:45:35.094+0000] {dag.py:3096} INFO - Sync 1 DAGs
[2024-05-02T22:45:35.183+0000] {logging_mixin.py:188} INFO - [2024-05-02T22:45:35.182+0000] {dag.py:3954} INFO - Setting next_dagrun for 17_dag_buah to 2024-04-23 00:00:00+00:00, run_after=2024-04-24 00:00:00+00:00
[2024-05-02T22:45:35.242+0000] {processor.py:183} INFO - Processing /opt/airflow/dags/17_DAG_eks.py took 0.270 seconds
[2024-05-02T22:46:05.909+0000] {processor.py:161} INFO - Started process (PID=1548) to work on /opt/airflow/dags/17_DAG_eks.py
[2024-05-02T22:46:05.912+0000] {processor.py:830} INFO - Processing file /opt/airflow/dags/17_DAG_eks.py for tasks to queue
[2024-05-02T22:46:05.917+0000] {logging_mixin.py:188} INFO - [2024-05-02T22:46:05.916+0000] {dagbag.py:540} INFO - Filling up the DagBag from /opt/airflow/dags/17_DAG_eks.py
[2024-05-02T22:46:05.954+0000] {processor.py:840} INFO - DAG(s) '17_dag_buah' retrieved from /opt/airflow/dags/17_DAG_eks.py
[2024-05-02T22:46:06.001+0000] {logging_mixin.py:188} INFO - [2024-05-02T22:46:06.001+0000] {dag.py:3096} INFO - Sync 1 DAGs
[2024-05-02T22:46:06.097+0000] {logging_mixin.py:188} INFO - [2024-05-02T22:46:06.096+0000] {dag.py:3954} INFO - Setting next_dagrun for 17_dag_buah to 2024-04-23 00:00:00+00:00, run_after=2024-04-24 00:00:00+00:00
[2024-05-02T22:46:06.180+0000] {processor.py:183} INFO - Processing /opt/airflow/dags/17_DAG_eks.py took 0.291 seconds
[2024-05-02T22:46:36.375+0000] {processor.py:161} INFO - Started process (PID=1608) to work on /opt/airflow/dags/17_DAG_eks.py
[2024-05-02T22:46:36.377+0000] {processor.py:830} INFO - Processing file /opt/airflow/dags/17_DAG_eks.py for tasks to queue
[2024-05-02T22:46:36.390+0000] {logging_mixin.py:188} INFO - [2024-05-02T22:46:36.389+0000] {dagbag.py:540} INFO - Filling up the DagBag from /opt/airflow/dags/17_DAG_eks.py
[2024-05-02T22:46:36.430+0000] {processor.py:840} INFO - DAG(s) '17_dag_buah' retrieved from /opt/airflow/dags/17_DAG_eks.py
[2024-05-02T22:46:36.518+0000] {logging_mixin.py:188} INFO - [2024-05-02T22:46:36.518+0000] {dag.py:3096} INFO - Sync 1 DAGs
[2024-05-02T22:46:36.605+0000] {logging_mixin.py:188} INFO - [2024-05-02T22:46:36.605+0000] {dag.py:3954} INFO - Setting next_dagrun for 17_dag_buah to 2024-04-23 00:00:00+00:00, run_after=2024-04-24 00:00:00+00:00
[2024-05-02T22:46:36.664+0000] {processor.py:183} INFO - Processing /opt/airflow/dags/17_DAG_eks.py took 0.310 seconds
[2024-05-02T22:47:07.108+0000] {processor.py:161} INFO - Started process (PID=1667) to work on /opt/airflow/dags/17_DAG_eks.py
[2024-05-02T22:47:07.112+0000] {processor.py:830} INFO - Processing file /opt/airflow/dags/17_DAG_eks.py for tasks to queue
[2024-05-02T22:47:07.123+0000] {logging_mixin.py:188} INFO - [2024-05-02T22:47:07.121+0000] {dagbag.py:540} INFO - Filling up the DagBag from /opt/airflow/dags/17_DAG_eks.py
[2024-05-02T22:47:07.189+0000] {processor.py:840} INFO - DAG(s) '17_dag_buah' retrieved from /opt/airflow/dags/17_DAG_eks.py
[2024-05-02T22:47:07.236+0000] {logging_mixin.py:188} INFO - [2024-05-02T22:47:07.236+0000] {dag.py:3096} INFO - Sync 1 DAGs
[2024-05-02T22:47:07.284+0000] {logging_mixin.py:188} INFO - [2024-05-02T22:47:07.284+0000] {dag.py:3954} INFO - Setting next_dagrun for 17_dag_buah to 2024-04-23 00:00:00+00:00, run_after=2024-04-24 00:00:00+00:00
[2024-05-02T22:47:07.335+0000] {processor.py:183} INFO - Processing /opt/airflow/dags/17_DAG_eks.py took 0.254 seconds
[2024-05-02T22:47:38.303+0000] {processor.py:161} INFO - Started process (PID=1726) to work on /opt/airflow/dags/17_DAG_eks.py
[2024-05-02T22:47:38.305+0000] {processor.py:830} INFO - Processing file /opt/airflow/dags/17_DAG_eks.py for tasks to queue
[2024-05-02T22:47:38.310+0000] {logging_mixin.py:188} INFO - [2024-05-02T22:47:38.309+0000] {dagbag.py:540} INFO - Filling up the DagBag from /opt/airflow/dags/17_DAG_eks.py
[2024-05-02T22:47:38.341+0000] {processor.py:840} INFO - DAG(s) '17_dag_buah' retrieved from /opt/airflow/dags/17_DAG_eks.py
[2024-05-02T22:47:38.392+0000] {logging_mixin.py:188} INFO - [2024-05-02T22:47:38.391+0000] {dag.py:3096} INFO - Sync 1 DAGs
[2024-05-02T22:47:38.495+0000] {logging_mixin.py:188} INFO - [2024-05-02T22:47:38.494+0000] {dag.py:3954} INFO - Setting next_dagrun for 17_dag_buah to 2024-04-23 00:00:00+00:00, run_after=2024-04-24 00:00:00+00:00
[2024-05-02T22:47:38.560+0000] {processor.py:183} INFO - Processing /opt/airflow/dags/17_DAG_eks.py took 0.277 seconds
[2024-05-02T22:48:08.958+0000] {processor.py:161} INFO - Started process (PID=1786) to work on /opt/airflow/dags/17_DAG_eks.py
[2024-05-02T22:48:08.961+0000] {processor.py:830} INFO - Processing file /opt/airflow/dags/17_DAG_eks.py for tasks to queue
[2024-05-02T22:48:08.966+0000] {logging_mixin.py:188} INFO - [2024-05-02T22:48:08.965+0000] {dagbag.py:540} INFO - Filling up the DagBag from /opt/airflow/dags/17_DAG_eks.py
[2024-05-02T22:48:09.009+0000] {processor.py:840} INFO - DAG(s) '17_dag_buah' retrieved from /opt/airflow/dags/17_DAG_eks.py
[2024-05-02T22:48:09.091+0000] {logging_mixin.py:188} INFO - [2024-05-02T22:48:09.090+0000] {dag.py:3096} INFO - Sync 1 DAGs
[2024-05-02T22:48:09.206+0000] {logging_mixin.py:188} INFO - [2024-05-02T22:48:09.205+0000] {dag.py:3954} INFO - Setting next_dagrun for 17_dag_buah to 2024-04-23 00:00:00+00:00, run_after=2024-04-24 00:00:00+00:00
[2024-05-02T22:48:09.297+0000] {processor.py:183} INFO - Processing /opt/airflow/dags/17_DAG_eks.py took 0.358 seconds
[2024-05-02T22:48:39.536+0000] {processor.py:161} INFO - Started process (PID=1845) to work on /opt/airflow/dags/17_DAG_eks.py
[2024-05-02T22:48:39.538+0000] {processor.py:830} INFO - Processing file /opt/airflow/dags/17_DAG_eks.py for tasks to queue
[2024-05-02T22:48:39.545+0000] {logging_mixin.py:188} INFO - [2024-05-02T22:48:39.543+0000] {dagbag.py:540} INFO - Filling up the DagBag from /opt/airflow/dags/17_DAG_eks.py
[2024-05-02T22:48:39.577+0000] {processor.py:840} INFO - DAG(s) '17_dag_buah' retrieved from /opt/airflow/dags/17_DAG_eks.py
[2024-05-02T22:48:39.619+0000] {logging_mixin.py:188} INFO - [2024-05-02T22:48:39.618+0000] {dag.py:3096} INFO - Sync 1 DAGs
[2024-05-02T22:48:39.688+0000] {logging_mixin.py:188} INFO - [2024-05-02T22:48:39.687+0000] {dag.py:3954} INFO - Setting next_dagrun for 17_dag_buah to 2024-04-23 00:00:00+00:00, run_after=2024-04-24 00:00:00+00:00
[2024-05-02T22:48:39.742+0000] {processor.py:183} INFO - Processing /opt/airflow/dags/17_DAG_eks.py took 0.226 seconds
[2024-05-02T22:49:10.293+0000] {processor.py:161} INFO - Started process (PID=1904) to work on /opt/airflow/dags/17_DAG_eks.py
[2024-05-02T22:49:10.295+0000] {processor.py:830} INFO - Processing file /opt/airflow/dags/17_DAG_eks.py for tasks to queue
[2024-05-02T22:49:10.300+0000] {logging_mixin.py:188} INFO - [2024-05-02T22:49:10.299+0000] {dagbag.py:540} INFO - Filling up the DagBag from /opt/airflow/dags/17_DAG_eks.py
[2024-05-02T22:49:10.338+0000] {processor.py:840} INFO - DAG(s) '17_dag_buah' retrieved from /opt/airflow/dags/17_DAG_eks.py
[2024-05-02T22:49:10.402+0000] {logging_mixin.py:188} INFO - [2024-05-02T22:49:10.401+0000] {dag.py:3096} INFO - Sync 1 DAGs
[2024-05-02T22:49:10.493+0000] {logging_mixin.py:188} INFO - [2024-05-02T22:49:10.492+0000] {dag.py:3954} INFO - Setting next_dagrun for 17_dag_buah to 2024-04-23 00:00:00+00:00, run_after=2024-04-24 00:00:00+00:00
[2024-05-02T22:49:10.553+0000] {processor.py:183} INFO - Processing /opt/airflow/dags/17_DAG_eks.py took 0.282 seconds
[2024-05-02T22:49:40.644+0000] {processor.py:161} INFO - Started process (PID=1963) to work on /opt/airflow/dags/17_DAG_eks.py
[2024-05-02T22:49:40.647+0000] {processor.py:830} INFO - Processing file /opt/airflow/dags/17_DAG_eks.py for tasks to queue
[2024-05-02T22:49:40.651+0000] {logging_mixin.py:188} INFO - [2024-05-02T22:49:40.650+0000] {dagbag.py:540} INFO - Filling up the DagBag from /opt/airflow/dags/17_DAG_eks.py
[2024-05-02T22:49:40.684+0000] {processor.py:840} INFO - DAG(s) '17_dag_buah' retrieved from /opt/airflow/dags/17_DAG_eks.py
[2024-05-02T22:49:40.724+0000] {logging_mixin.py:188} INFO - [2024-05-02T22:49:40.724+0000] {dag.py:3096} INFO - Sync 1 DAGs
[2024-05-02T22:49:40.784+0000] {logging_mixin.py:188} INFO - [2024-05-02T22:49:40.784+0000] {dag.py:3954} INFO - Setting next_dagrun for 17_dag_buah to 2024-04-23 00:00:00+00:00, run_after=2024-04-24 00:00:00+00:00
[2024-05-02T22:49:40.836+0000] {processor.py:183} INFO - Processing /opt/airflow/dags/17_DAG_eks.py took 0.207 seconds
[2024-05-02T22:50:11.268+0000] {processor.py:161} INFO - Started process (PID=2022) to work on /opt/airflow/dags/17_DAG_eks.py
[2024-05-02T22:50:11.270+0000] {processor.py:830} INFO - Processing file /opt/airflow/dags/17_DAG_eks.py for tasks to queue
[2024-05-02T22:50:11.275+0000] {logging_mixin.py:188} INFO - [2024-05-02T22:50:11.274+0000] {dagbag.py:540} INFO - Filling up the DagBag from /opt/airflow/dags/17_DAG_eks.py
[2024-05-02T22:50:11.330+0000] {processor.py:840} INFO - DAG(s) '17_dag_buah' retrieved from /opt/airflow/dags/17_DAG_eks.py
[2024-05-02T22:50:11.434+0000] {logging_mixin.py:188} INFO - [2024-05-02T22:50:11.434+0000] {dag.py:3096} INFO - Sync 1 DAGs
[2024-05-02T22:50:11.528+0000] {logging_mixin.py:188} INFO - [2024-05-02T22:50:11.527+0000] {dag.py:3954} INFO - Setting next_dagrun for 17_dag_buah to 2024-04-23 00:00:00+00:00, run_after=2024-04-24 00:00:00+00:00
[2024-05-02T22:50:11.572+0000] {processor.py:183} INFO - Processing /opt/airflow/dags/17_DAG_eks.py took 0.329 seconds
[2024-05-02T22:50:41.723+0000] {processor.py:161} INFO - Started process (PID=2080) to work on /opt/airflow/dags/17_DAG_eks.py
[2024-05-02T22:50:41.725+0000] {processor.py:830} INFO - Processing file /opt/airflow/dags/17_DAG_eks.py for tasks to queue
[2024-05-02T22:50:41.729+0000] {logging_mixin.py:188} INFO - [2024-05-02T22:50:41.729+0000] {dagbag.py:540} INFO - Filling up the DagBag from /opt/airflow/dags/17_DAG_eks.py
[2024-05-02T22:50:41.765+0000] {processor.py:840} INFO - DAG(s) '17_dag_buah' retrieved from /opt/airflow/dags/17_DAG_eks.py
[2024-05-02T22:50:41.823+0000] {logging_mixin.py:188} INFO - [2024-05-02T22:50:41.822+0000] {dag.py:3096} INFO - Sync 1 DAGs
[2024-05-02T22:50:41.884+0000] {logging_mixin.py:188} INFO - [2024-05-02T22:50:41.884+0000] {dag.py:3954} INFO - Setting next_dagrun for 17_dag_buah to 2024-04-23 00:00:00+00:00, run_after=2024-04-24 00:00:00+00:00
[2024-05-02T22:50:41.936+0000] {processor.py:183} INFO - Processing /opt/airflow/dags/17_DAG_eks.py took 0.229 seconds
[2024-05-02T22:51:12.737+0000] {processor.py:161} INFO - Started process (PID=2139) to work on /opt/airflow/dags/17_DAG_eks.py
[2024-05-02T22:51:12.740+0000] {processor.py:830} INFO - Processing file /opt/airflow/dags/17_DAG_eks.py for tasks to queue
[2024-05-02T22:51:12.745+0000] {logging_mixin.py:188} INFO - [2024-05-02T22:51:12.744+0000] {dagbag.py:540} INFO - Filling up the DagBag from /opt/airflow/dags/17_DAG_eks.py
[2024-05-02T22:51:12.793+0000] {processor.py:840} INFO - DAG(s) '17_dag_buah' retrieved from /opt/airflow/dags/17_DAG_eks.py
[2024-05-02T22:51:12.867+0000] {logging_mixin.py:188} INFO - [2024-05-02T22:51:12.866+0000] {dag.py:3096} INFO - Sync 1 DAGs
[2024-05-02T22:51:12.930+0000] {logging_mixin.py:188} INFO - [2024-05-02T22:51:12.929+0000] {dag.py:3954} INFO - Setting next_dagrun for 17_dag_buah to 2024-04-23 00:00:00+00:00, run_after=2024-04-24 00:00:00+00:00
[2024-05-02T22:51:12.983+0000] {processor.py:183} INFO - Processing /opt/airflow/dags/17_DAG_eks.py took 0.270 seconds
[2024-05-02T22:51:43.294+0000] {processor.py:161} INFO - Started process (PID=2198) to work on /opt/airflow/dags/17_DAG_eks.py
[2024-05-02T22:51:43.296+0000] {processor.py:830} INFO - Processing file /opt/airflow/dags/17_DAG_eks.py for tasks to queue
[2024-05-02T22:51:43.300+0000] {logging_mixin.py:188} INFO - [2024-05-02T22:51:43.299+0000] {dagbag.py:540} INFO - Filling up the DagBag from /opt/airflow/dags/17_DAG_eks.py
[2024-05-02T22:51:43.482+0000] {processor.py:840} INFO - DAG(s) '17_dag_buah' retrieved from /opt/airflow/dags/17_DAG_eks.py
[2024-05-02T22:51:43.566+0000] {logging_mixin.py:188} INFO - [2024-05-02T22:51:43.565+0000] {dag.py:3096} INFO - Sync 1 DAGs
[2024-05-02T22:51:43.658+0000] {logging_mixin.py:188} INFO - [2024-05-02T22:51:43.657+0000] {dag.py:3954} INFO - Setting next_dagrun for 17_dag_buah to 2024-04-23 00:00:00+00:00, run_after=2024-04-24 00:00:00+00:00
[2024-05-02T22:51:43.722+0000] {processor.py:183} INFO - Processing /opt/airflow/dags/17_DAG_eks.py took 0.449 seconds
[2024-05-02T22:52:14.234+0000] {processor.py:161} INFO - Started process (PID=2259) to work on /opt/airflow/dags/17_DAG_eks.py
[2024-05-02T22:52:14.236+0000] {processor.py:830} INFO - Processing file /opt/airflow/dags/17_DAG_eks.py for tasks to queue
[2024-05-02T22:52:14.242+0000] {logging_mixin.py:188} INFO - [2024-05-02T22:52:14.240+0000] {dagbag.py:540} INFO - Filling up the DagBag from /opt/airflow/dags/17_DAG_eks.py
[2024-05-02T22:52:14.274+0000] {processor.py:840} INFO - DAG(s) '17_dag_buah' retrieved from /opt/airflow/dags/17_DAG_eks.py
[2024-05-02T22:52:14.320+0000] {logging_mixin.py:188} INFO - [2024-05-02T22:52:14.319+0000] {dag.py:3096} INFO - Sync 1 DAGs
[2024-05-02T22:52:14.378+0000] {logging_mixin.py:188} INFO - [2024-05-02T22:52:14.378+0000] {dag.py:3954} INFO - Setting next_dagrun for 17_dag_buah to 2024-04-23 00:00:00+00:00, run_after=2024-04-24 00:00:00+00:00
[2024-05-02T22:52:14.430+0000] {processor.py:183} INFO - Processing /opt/airflow/dags/17_DAG_eks.py took 0.215 seconds
[2024-05-02T22:52:44.818+0000] {processor.py:161} INFO - Started process (PID=2319) to work on /opt/airflow/dags/17_DAG_eks.py
[2024-05-02T22:52:44.821+0000] {processor.py:830} INFO - Processing file /opt/airflow/dags/17_DAG_eks.py for tasks to queue
[2024-05-02T22:52:44.826+0000] {logging_mixin.py:188} INFO - [2024-05-02T22:52:44.825+0000] {dagbag.py:540} INFO - Filling up the DagBag from /opt/airflow/dags/17_DAG_eks.py
[2024-05-02T22:52:44.871+0000] {processor.py:840} INFO - DAG(s) '17_dag_buah' retrieved from /opt/airflow/dags/17_DAG_eks.py
[2024-05-02T22:52:44.934+0000] {logging_mixin.py:188} INFO - [2024-05-02T22:52:44.933+0000] {dag.py:3096} INFO - Sync 1 DAGs
[2024-05-02T22:52:44.996+0000] {logging_mixin.py:188} INFO - [2024-05-02T22:52:44.996+0000] {dag.py:3954} INFO - Setting next_dagrun for 17_dag_buah to 2024-04-23 00:00:00+00:00, run_after=2024-04-24 00:00:00+00:00
[2024-05-02T22:52:45.075+0000] {processor.py:183} INFO - Processing /opt/airflow/dags/17_DAG_eks.py took 0.277 seconds
[2024-05-02T22:53:15.620+0000] {processor.py:161} INFO - Started process (PID=2375) to work on /opt/airflow/dags/17_DAG_eks.py
[2024-05-02T22:53:15.624+0000] {processor.py:830} INFO - Processing file /opt/airflow/dags/17_DAG_eks.py for tasks to queue
[2024-05-02T22:53:15.634+0000] {logging_mixin.py:188} INFO - [2024-05-02T22:53:15.633+0000] {dagbag.py:540} INFO - Filling up the DagBag from /opt/airflow/dags/17_DAG_eks.py
[2024-05-02T22:53:15.689+0000] {processor.py:840} INFO - DAG(s) '17_dag_buah' retrieved from /opt/airflow/dags/17_DAG_eks.py
[2024-05-02T22:53:15.764+0000] {logging_mixin.py:188} INFO - [2024-05-02T22:53:15.764+0000] {dag.py:3096} INFO - Sync 1 DAGs
[2024-05-02T22:53:15.861+0000] {logging_mixin.py:188} INFO - [2024-05-02T22:53:15.861+0000] {dag.py:3954} INFO - Setting next_dagrun for 17_dag_buah to 2024-04-23 00:00:00+00:00, run_after=2024-04-24 00:00:00+00:00
[2024-05-02T22:53:15.963+0000] {processor.py:183} INFO - Processing /opt/airflow/dags/17_DAG_eks.py took 0.363 seconds
[2024-05-02T22:53:46.360+0000] {processor.py:161} INFO - Started process (PID=2434) to work on /opt/airflow/dags/17_DAG_eks.py
[2024-05-02T22:53:46.371+0000] {processor.py:830} INFO - Processing file /opt/airflow/dags/17_DAG_eks.py for tasks to queue
[2024-05-02T22:53:46.393+0000] {logging_mixin.py:188} INFO - [2024-05-02T22:53:46.392+0000] {dagbag.py:540} INFO - Filling up the DagBag from /opt/airflow/dags/17_DAG_eks.py
[2024-05-02T22:53:46.520+0000] {processor.py:840} INFO - DAG(s) '17_dag_buah' retrieved from /opt/airflow/dags/17_DAG_eks.py
[2024-05-02T22:53:46.754+0000] {logging_mixin.py:188} INFO - [2024-05-02T22:53:46.727+0000] {dag.py:3096} INFO - Sync 1 DAGs
[2024-05-02T22:53:47.325+0000] {logging_mixin.py:188} INFO - [2024-05-02T22:53:47.323+0000] {dag.py:3954} INFO - Setting next_dagrun for 17_dag_buah to 2024-04-23 00:00:00+00:00, run_after=2024-04-24 00:00:00+00:00
[2024-05-02T22:53:47.467+0000] {processor.py:183} INFO - Processing /opt/airflow/dags/17_DAG_eks.py took 1.161 seconds
[2024-05-02T22:54:17.864+0000] {processor.py:161} INFO - Started process (PID=2493) to work on /opt/airflow/dags/17_DAG_eks.py
[2024-05-02T22:54:17.866+0000] {processor.py:830} INFO - Processing file /opt/airflow/dags/17_DAG_eks.py for tasks to queue
[2024-05-02T22:54:17.870+0000] {logging_mixin.py:188} INFO - [2024-05-02T22:54:17.869+0000] {dagbag.py:540} INFO - Filling up the DagBag from /opt/airflow/dags/17_DAG_eks.py
[2024-05-02T22:54:17.899+0000] {processor.py:840} INFO - DAG(s) '17_dag_buah' retrieved from /opt/airflow/dags/17_DAG_eks.py
[2024-05-02T22:54:18.230+0000] {logging_mixin.py:188} INFO - [2024-05-02T22:54:18.230+0000] {dag.py:3096} INFO - Sync 1 DAGs
[2024-05-02T22:54:18.279+0000] {logging_mixin.py:188} INFO - [2024-05-02T22:54:18.278+0000] {dag.py:3954} INFO - Setting next_dagrun for 17_dag_buah to 2024-04-23 00:00:00+00:00, run_after=2024-04-24 00:00:00+00:00
[2024-05-02T22:54:18.331+0000] {processor.py:183} INFO - Processing /opt/airflow/dags/17_DAG_eks.py took 0.481 seconds
[2024-05-02T22:54:49.013+0000] {processor.py:161} INFO - Started process (PID=2552) to work on /opt/airflow/dags/17_DAG_eks.py
[2024-05-02T22:54:49.016+0000] {processor.py:830} INFO - Processing file /opt/airflow/dags/17_DAG_eks.py for tasks to queue
[2024-05-02T22:54:49.023+0000] {logging_mixin.py:188} INFO - [2024-05-02T22:54:49.022+0000] {dagbag.py:540} INFO - Filling up the DagBag from /opt/airflow/dags/17_DAG_eks.py
[2024-05-02T22:54:49.055+0000] {processor.py:840} INFO - DAG(s) '17_dag_buah' retrieved from /opt/airflow/dags/17_DAG_eks.py
[2024-05-02T22:54:49.112+0000] {logging_mixin.py:188} INFO - [2024-05-02T22:54:49.110+0000] {dag.py:3096} INFO - Sync 1 DAGs
[2024-05-02T22:54:49.171+0000] {logging_mixin.py:188} INFO - [2024-05-02T22:54:49.171+0000] {dag.py:3954} INFO - Setting next_dagrun for 17_dag_buah to 2024-04-23 00:00:00+00:00, run_after=2024-04-24 00:00:00+00:00
[2024-05-02T22:54:49.230+0000] {processor.py:183} INFO - Processing /opt/airflow/dags/17_DAG_eks.py took 0.235 seconds
[2024-05-02T22:55:19.728+0000] {processor.py:161} INFO - Started process (PID=2611) to work on /opt/airflow/dags/17_DAG_eks.py
[2024-05-02T22:55:19.730+0000] {processor.py:830} INFO - Processing file /opt/airflow/dags/17_DAG_eks.py for tasks to queue
[2024-05-02T22:55:19.736+0000] {logging_mixin.py:188} INFO - [2024-05-02T22:55:19.735+0000] {dagbag.py:540} INFO - Filling up the DagBag from /opt/airflow/dags/17_DAG_eks.py
[2024-05-02T22:55:19.770+0000] {processor.py:840} INFO - DAG(s) '17_dag_buah' retrieved from /opt/airflow/dags/17_DAG_eks.py
[2024-05-02T22:55:19.816+0000] {logging_mixin.py:188} INFO - [2024-05-02T22:55:19.816+0000] {dag.py:3096} INFO - Sync 1 DAGs
[2024-05-02T22:55:19.869+0000] {logging_mixin.py:188} INFO - [2024-05-02T22:55:19.868+0000] {dag.py:3954} INFO - Setting next_dagrun for 17_dag_buah to 2024-04-23 00:00:00+00:00, run_after=2024-04-24 00:00:00+00:00
[2024-05-02T22:55:19.915+0000] {processor.py:183} INFO - Processing /opt/airflow/dags/17_DAG_eks.py took 0.209 seconds
[2024-05-02T22:55:50.635+0000] {processor.py:161} INFO - Started process (PID=2671) to work on /opt/airflow/dags/17_DAG_eks.py
[2024-05-02T22:55:50.636+0000] {processor.py:830} INFO - Processing file /opt/airflow/dags/17_DAG_eks.py for tasks to queue
[2024-05-02T22:55:50.641+0000] {logging_mixin.py:188} INFO - [2024-05-02T22:55:50.641+0000] {dagbag.py:540} INFO - Filling up the DagBag from /opt/airflow/dags/17_DAG_eks.py
[2024-05-02T22:55:50.683+0000] {processor.py:840} INFO - DAG(s) '17_dag_buah' retrieved from /opt/airflow/dags/17_DAG_eks.py
[2024-05-02T22:55:50.732+0000] {logging_mixin.py:188} INFO - [2024-05-02T22:55:50.731+0000] {dag.py:3096} INFO - Sync 1 DAGs
[2024-05-02T22:55:50.808+0000] {logging_mixin.py:188} INFO - [2024-05-02T22:55:50.807+0000] {dag.py:3954} INFO - Setting next_dagrun for 17_dag_buah to 2024-04-23 00:00:00+00:00, run_after=2024-04-24 00:00:00+00:00
[2024-05-02T22:55:50.895+0000] {processor.py:183} INFO - Processing /opt/airflow/dags/17_DAG_eks.py took 0.278 seconds
[2024-05-02T22:57:06.481+0000] {processor.py:161} INFO - Started process (PID=32) to work on /opt/airflow/dags/17_DAG_eks.py
[2024-05-02T22:57:06.482+0000] {processor.py:830} INFO - Processing file /opt/airflow/dags/17_DAG_eks.py for tasks to queue
[2024-05-02T22:57:06.486+0000] {logging_mixin.py:188} INFO - [2024-05-02T22:57:06.486+0000] {dagbag.py:540} INFO - Filling up the DagBag from /opt/airflow/dags/17_DAG_eks.py
[2024-05-02T22:57:06.539+0000] {processor.py:840} INFO - DAG(s) '17_dag_buah' retrieved from /opt/airflow/dags/17_DAG_eks.py
[2024-05-02T22:57:06.662+0000] {logging_mixin.py:188} INFO - [2024-05-02T22:57:06.661+0000] {dag.py:3096} INFO - Sync 1 DAGs
[2024-05-02T22:57:06.721+0000] {logging_mixin.py:188} INFO - [2024-05-02T22:57:06.721+0000] {dag.py:3954} INFO - Setting next_dagrun for 17_dag_buah to 2024-04-23 00:00:00+00:00, run_after=2024-04-24 00:00:00+00:00
[2024-05-02T22:57:06.768+0000] {processor.py:183} INFO - Processing /opt/airflow/dags/17_DAG_eks.py took 0.302 seconds
[2024-05-02T22:57:37.541+0000] {processor.py:161} INFO - Started process (PID=95) to work on /opt/airflow/dags/17_DAG_eks.py
[2024-05-02T22:57:37.548+0000] {processor.py:830} INFO - Processing file /opt/airflow/dags/17_DAG_eks.py for tasks to queue
[2024-05-02T22:57:37.575+0000] {logging_mixin.py:188} INFO - [2024-05-02T22:57:37.561+0000] {dagbag.py:540} INFO - Filling up the DagBag from /opt/airflow/dags/17_DAG_eks.py
[2024-05-02T22:57:37.774+0000] {processor.py:840} INFO - DAG(s) '17_dag_buah' retrieved from /opt/airflow/dags/17_DAG_eks.py
[2024-05-02T22:57:40.844+0000] {logging_mixin.py:188} INFO - [2024-05-02T22:57:40.843+0000] {dag.py:3096} INFO - Sync 1 DAGs
[2024-05-02T22:57:41.330+0000] {logging_mixin.py:188} INFO - [2024-05-02T22:57:41.329+0000] {dag.py:3954} INFO - Setting next_dagrun for 17_dag_buah to 2024-05-02 00:00:00+00:00, run_after=2024-05-03 00:00:00+00:00
[2024-05-02T22:57:41.877+0000] {processor.py:183} INFO - Processing /opt/airflow/dags/17_DAG_eks.py took 4.416 seconds
[2024-05-02T22:58:12.979+0000] {processor.py:161} INFO - Started process (PID=154) to work on /opt/airflow/dags/17_DAG_eks.py
[2024-05-02T22:58:12.996+0000] {processor.py:830} INFO - Processing file /opt/airflow/dags/17_DAG_eks.py for tasks to queue
[2024-05-02T22:58:13.027+0000] {logging_mixin.py:188} INFO - [2024-05-02T22:58:13.024+0000] {dagbag.py:540} INFO - Filling up the DagBag from /opt/airflow/dags/17_DAG_eks.py
[2024-05-02T22:58:13.412+0000] {processor.py:840} INFO - DAG(s) '17_dag_buah' retrieved from /opt/airflow/dags/17_DAG_eks.py
[2024-05-02T22:58:14.081+0000] {logging_mixin.py:188} INFO - [2024-05-02T22:58:14.080+0000] {dag.py:3096} INFO - Sync 1 DAGs
[2024-05-02T22:58:14.687+0000] {logging_mixin.py:188} INFO - [2024-05-02T22:58:14.685+0000] {dag.py:3954} INFO - Setting next_dagrun for 17_dag_buah to 2024-05-02 00:00:00+00:00, run_after=2024-05-03 00:00:00+00:00
[2024-05-02T22:58:15.131+0000] {processor.py:183} INFO - Processing /opt/airflow/dags/17_DAG_eks.py took 2.240 seconds
[2024-05-02T22:58:52.810+0000] {processor.py:161} INFO - Started process (PID=216) to work on /opt/airflow/dags/17_DAG_eks.py
[2024-05-02T22:58:52.818+0000] {processor.py:830} INFO - Processing file /opt/airflow/dags/17_DAG_eks.py for tasks to queue
[2024-05-02T22:58:52.826+0000] {logging_mixin.py:188} INFO - [2024-05-02T22:58:52.825+0000] {dagbag.py:540} INFO - Filling up the DagBag from /opt/airflow/dags/17_DAG_eks.py
[2024-05-02T22:58:52.919+0000] {processor.py:840} INFO - DAG(s) '17_dag_buah' retrieved from /opt/airflow/dags/17_DAG_eks.py
[2024-05-02T22:58:53.062+0000] {logging_mixin.py:188} INFO - [2024-05-02T22:58:53.061+0000] {dag.py:3096} INFO - Sync 1 DAGs
[2024-05-02T22:58:53.259+0000] {logging_mixin.py:188} INFO - [2024-05-02T22:58:53.258+0000] {dag.py:3954} INFO - Setting next_dagrun for 17_dag_buah to 2024-05-02 00:00:00+00:00, run_after=2024-05-03 00:00:00+00:00
[2024-05-02T22:58:53.354+0000] {processor.py:183} INFO - Processing /opt/airflow/dags/17_DAG_eks.py took 0.568 seconds
[2024-05-02T22:59:23.813+0000] {processor.py:161} INFO - Started process (PID=274) to work on /opt/airflow/dags/17_DAG_eks.py
[2024-05-02T22:59:23.816+0000] {processor.py:830} INFO - Processing file /opt/airflow/dags/17_DAG_eks.py for tasks to queue
[2024-05-02T22:59:23.821+0000] {logging_mixin.py:188} INFO - [2024-05-02T22:59:23.820+0000] {dagbag.py:540} INFO - Filling up the DagBag from /opt/airflow/dags/17_DAG_eks.py
[2024-05-02T22:59:23.908+0000] {processor.py:840} INFO - DAG(s) '17_dag_buah' retrieved from /opt/airflow/dags/17_DAG_eks.py
[2024-05-02T22:59:24.101+0000] {logging_mixin.py:188} INFO - [2024-05-02T22:59:24.100+0000] {dag.py:3096} INFO - Sync 1 DAGs
[2024-05-02T22:59:24.239+0000] {logging_mixin.py:188} INFO - [2024-05-02T22:59:24.238+0000] {dag.py:3954} INFO - Setting next_dagrun for 17_dag_buah to 2024-05-02 00:00:00+00:00, run_after=2024-05-03 00:00:00+00:00
[2024-05-02T22:59:24.419+0000] {processor.py:183} INFO - Processing /opt/airflow/dags/17_DAG_eks.py took 0.641 seconds
[2024-05-02T22:59:55.324+0000] {processor.py:161} INFO - Started process (PID=336) to work on /opt/airflow/dags/17_DAG_eks.py
[2024-05-02T22:59:55.328+0000] {processor.py:830} INFO - Processing file /opt/airflow/dags/17_DAG_eks.py for tasks to queue
[2024-05-02T22:59:55.348+0000] {logging_mixin.py:188} INFO - [2024-05-02T22:59:55.347+0000] {dagbag.py:540} INFO - Filling up the DagBag from /opt/airflow/dags/17_DAG_eks.py
[2024-05-02T22:59:55.420+0000] {processor.py:840} INFO - DAG(s) '17_dag_buah' retrieved from /opt/airflow/dags/17_DAG_eks.py
[2024-05-02T22:59:55.495+0000] {logging_mixin.py:188} INFO - [2024-05-02T22:59:55.494+0000] {dag.py:3096} INFO - Sync 1 DAGs
[2024-05-02T22:59:55.620+0000] {logging_mixin.py:188} INFO - [2024-05-02T22:59:55.619+0000] {dag.py:3954} INFO - Setting next_dagrun for 17_dag_buah to 2024-05-02 00:00:00+00:00, run_after=2024-05-03 00:00:00+00:00
[2024-05-02T22:59:55.734+0000] {processor.py:183} INFO - Processing /opt/airflow/dags/17_DAG_eks.py took 0.436 seconds
[2024-05-02T23:00:26.936+0000] {processor.py:161} INFO - Started process (PID=400) to work on /opt/airflow/dags/17_DAG_eks.py
[2024-05-02T23:00:26.938+0000] {processor.py:830} INFO - Processing file /opt/airflow/dags/17_DAG_eks.py for tasks to queue
[2024-05-02T23:00:26.953+0000] {logging_mixin.py:188} INFO - [2024-05-02T23:00:26.950+0000] {dagbag.py:540} INFO - Filling up the DagBag from /opt/airflow/dags/17_DAG_eks.py
[2024-05-02T23:00:27.031+0000] {processor.py:840} INFO - DAG(s) '17_dag_buah' retrieved from /opt/airflow/dags/17_DAG_eks.py
[2024-05-02T23:00:27.098+0000] {logging_mixin.py:188} INFO - [2024-05-02T23:00:27.098+0000] {dag.py:3096} INFO - Sync 1 DAGs
[2024-05-02T23:00:27.235+0000] {logging_mixin.py:188} INFO - [2024-05-02T23:00:27.235+0000] {dag.py:3954} INFO - Setting next_dagrun for 17_dag_buah to 2024-05-02 00:00:00+00:00, run_after=2024-05-03 00:00:00+00:00
[2024-05-02T23:00:27.394+0000] {processor.py:183} INFO - Processing /opt/airflow/dags/17_DAG_eks.py took 0.509 seconds
[2024-05-02T23:00:57.910+0000] {processor.py:161} INFO - Started process (PID=459) to work on /opt/airflow/dags/17_DAG_eks.py
[2024-05-02T23:00:57.913+0000] {processor.py:830} INFO - Processing file /opt/airflow/dags/17_DAG_eks.py for tasks to queue
[2024-05-02T23:00:57.920+0000] {logging_mixin.py:188} INFO - [2024-05-02T23:00:57.919+0000] {dagbag.py:540} INFO - Filling up the DagBag from /opt/airflow/dags/17_DAG_eks.py
[2024-05-02T23:00:57.958+0000] {processor.py:840} INFO - DAG(s) '17_dag_buah' retrieved from /opt/airflow/dags/17_DAG_eks.py
[2024-05-02T23:00:58.070+0000] {logging_mixin.py:188} INFO - [2024-05-02T23:00:58.069+0000] {dag.py:3096} INFO - Sync 1 DAGs
[2024-05-02T23:00:58.172+0000] {logging_mixin.py:188} INFO - [2024-05-02T23:00:58.171+0000] {dag.py:3954} INFO - Setting next_dagrun for 17_dag_buah to 2024-05-02 00:00:00+00:00, run_after=2024-05-03 00:00:00+00:00
[2024-05-02T23:00:58.223+0000] {processor.py:183} INFO - Processing /opt/airflow/dags/17_DAG_eks.py took 0.328 seconds
[2024-05-02T23:01:28.381+0000] {processor.py:161} INFO - Started process (PID=520) to work on /opt/airflow/dags/17_DAG_eks.py
[2024-05-02T23:01:28.383+0000] {processor.py:830} INFO - Processing file /opt/airflow/dags/17_DAG_eks.py for tasks to queue
[2024-05-02T23:01:28.386+0000] {logging_mixin.py:188} INFO - [2024-05-02T23:01:28.385+0000] {dagbag.py:540} INFO - Filling up the DagBag from /opt/airflow/dags/17_DAG_eks.py
[2024-05-02T23:01:28.416+0000] {processor.py:840} INFO - DAG(s) '17_dag_buah' retrieved from /opt/airflow/dags/17_DAG_eks.py
[2024-05-02T23:01:28.458+0000] {logging_mixin.py:188} INFO - [2024-05-02T23:01:28.457+0000] {dag.py:3096} INFO - Sync 1 DAGs
[2024-05-02T23:01:28.512+0000] {logging_mixin.py:188} INFO - [2024-05-02T23:01:28.511+0000] {dag.py:3954} INFO - Setting next_dagrun for 17_dag_buah to 2024-05-02 00:00:00+00:00, run_after=2024-05-03 00:00:00+00:00
[2024-05-02T23:01:28.561+0000] {processor.py:183} INFO - Processing /opt/airflow/dags/17_DAG_eks.py took 0.192 seconds
[2024-05-02T23:01:58.914+0000] {processor.py:161} INFO - Started process (PID=578) to work on /opt/airflow/dags/17_DAG_eks.py
[2024-05-02T23:01:58.916+0000] {processor.py:830} INFO - Processing file /opt/airflow/dags/17_DAG_eks.py for tasks to queue
[2024-05-02T23:01:58.921+0000] {logging_mixin.py:188} INFO - [2024-05-02T23:01:58.920+0000] {dagbag.py:540} INFO - Filling up the DagBag from /opt/airflow/dags/17_DAG_eks.py
[2024-05-02T23:01:58.978+0000] {processor.py:840} INFO - DAG(s) '17_dag_buah' retrieved from /opt/airflow/dags/17_DAG_eks.py
[2024-05-02T23:01:59.063+0000] {logging_mixin.py:188} INFO - [2024-05-02T23:01:59.062+0000] {dag.py:3096} INFO - Sync 1 DAGs
[2024-05-02T23:01:59.167+0000] {logging_mixin.py:188} INFO - [2024-05-02T23:01:59.166+0000] {dag.py:3954} INFO - Setting next_dagrun for 17_dag_buah to 2024-05-02 00:00:00+00:00, run_after=2024-05-03 00:00:00+00:00
[2024-05-02T23:01:59.239+0000] {processor.py:183} INFO - Processing /opt/airflow/dags/17_DAG_eks.py took 0.342 seconds
[2024-05-02T23:02:29.378+0000] {processor.py:161} INFO - Started process (PID=638) to work on /opt/airflow/dags/17_DAG_eks.py
[2024-05-02T23:02:29.384+0000] {processor.py:830} INFO - Processing file /opt/airflow/dags/17_DAG_eks.py for tasks to queue
[2024-05-02T23:02:29.392+0000] {logging_mixin.py:188} INFO - [2024-05-02T23:02:29.390+0000] {dagbag.py:540} INFO - Filling up the DagBag from /opt/airflow/dags/17_DAG_eks.py
[2024-05-02T23:02:29.439+0000] {processor.py:840} INFO - DAG(s) '17_dag_buah' retrieved from /opt/airflow/dags/17_DAG_eks.py
[2024-05-02T23:02:29.504+0000] {logging_mixin.py:188} INFO - [2024-05-02T23:02:29.503+0000] {dag.py:3096} INFO - Sync 1 DAGs
[2024-05-02T23:02:29.556+0000] {logging_mixin.py:188} INFO - [2024-05-02T23:02:29.555+0000] {dag.py:3954} INFO - Setting next_dagrun for 17_dag_buah to 2024-05-02 00:00:00+00:00, run_after=2024-05-03 00:00:00+00:00
[2024-05-02T23:02:29.830+0000] {processor.py:183} INFO - Processing /opt/airflow/dags/17_DAG_eks.py took 0.477 seconds
[2024-05-02T23:03:01.083+0000] {processor.py:161} INFO - Started process (PID=698) to work on /opt/airflow/dags/17_DAG_eks.py
[2024-05-02T23:03:01.096+0000] {processor.py:830} INFO - Processing file /opt/airflow/dags/17_DAG_eks.py for tasks to queue
[2024-05-02T23:03:01.101+0000] {logging_mixin.py:188} INFO - [2024-05-02T23:03:01.100+0000] {dagbag.py:540} INFO - Filling up the DagBag from /opt/airflow/dags/17_DAG_eks.py
[2024-05-02T23:03:01.161+0000] {processor.py:840} INFO - DAG(s) '17_dag_buah' retrieved from /opt/airflow/dags/17_DAG_eks.py
[2024-05-02T23:03:01.213+0000] {logging_mixin.py:188} INFO - [2024-05-02T23:03:01.212+0000] {dag.py:3096} INFO - Sync 1 DAGs
[2024-05-02T23:03:01.275+0000] {logging_mixin.py:188} INFO - [2024-05-02T23:03:01.274+0000] {dag.py:3954} INFO - Setting next_dagrun for 17_dag_buah to 2024-05-02 00:00:00+00:00, run_after=2024-05-03 00:00:00+00:00
[2024-05-02T23:03:01.334+0000] {processor.py:183} INFO - Processing /opt/airflow/dags/17_DAG_eks.py took 0.300 seconds
[2024-05-02T23:03:32.238+0000] {processor.py:161} INFO - Started process (PID=757) to work on /opt/airflow/dags/17_DAG_eks.py
[2024-05-02T23:03:32.240+0000] {processor.py:830} INFO - Processing file /opt/airflow/dags/17_DAG_eks.py for tasks to queue
[2024-05-02T23:03:32.244+0000] {logging_mixin.py:188} INFO - [2024-05-02T23:03:32.243+0000] {dagbag.py:540} INFO - Filling up the DagBag from /opt/airflow/dags/17_DAG_eks.py
[2024-05-02T23:03:32.267+0000] {processor.py:840} INFO - DAG(s) '17_dag_buah' retrieved from /opt/airflow/dags/17_DAG_eks.py
[2024-05-02T23:03:32.302+0000] {logging_mixin.py:188} INFO - [2024-05-02T23:03:32.301+0000] {dag.py:3096} INFO - Sync 1 DAGs
[2024-05-02T23:03:32.345+0000] {logging_mixin.py:188} INFO - [2024-05-02T23:03:32.345+0000] {dag.py:3954} INFO - Setting next_dagrun for 17_dag_buah to 2024-05-02 00:00:00+00:00, run_after=2024-05-03 00:00:00+00:00
[2024-05-02T23:03:32.382+0000] {processor.py:183} INFO - Processing /opt/airflow/dags/17_DAG_eks.py took 0.160 seconds
[2024-05-02T23:04:02.923+0000] {processor.py:161} INFO - Started process (PID=816) to work on /opt/airflow/dags/17_DAG_eks.py
[2024-05-02T23:04:02.924+0000] {processor.py:830} INFO - Processing file /opt/airflow/dags/17_DAG_eks.py for tasks to queue
[2024-05-02T23:04:02.928+0000] {logging_mixin.py:188} INFO - [2024-05-02T23:04:02.928+0000] {dagbag.py:540} INFO - Filling up the DagBag from /opt/airflow/dags/17_DAG_eks.py
[2024-05-02T23:04:02.958+0000] {processor.py:840} INFO - DAG(s) '17_dag_buah' retrieved from /opt/airflow/dags/17_DAG_eks.py
[2024-05-02T23:04:03.006+0000] {logging_mixin.py:188} INFO - [2024-05-02T23:04:03.006+0000] {dag.py:3096} INFO - Sync 1 DAGs
[2024-05-02T23:04:03.059+0000] {logging_mixin.py:188} INFO - [2024-05-02T23:04:03.058+0000] {dag.py:3954} INFO - Setting next_dagrun for 17_dag_buah to 2024-05-02 00:00:00+00:00, run_after=2024-05-03 00:00:00+00:00
[2024-05-02T23:04:03.097+0000] {processor.py:183} INFO - Processing /opt/airflow/dags/17_DAG_eks.py took 0.188 seconds
[2024-05-02T23:04:33.849+0000] {processor.py:161} INFO - Started process (PID=875) to work on /opt/airflow/dags/17_DAG_eks.py
[2024-05-02T23:04:33.852+0000] {processor.py:830} INFO - Processing file /opt/airflow/dags/17_DAG_eks.py for tasks to queue
[2024-05-02T23:04:33.864+0000] {logging_mixin.py:188} INFO - [2024-05-02T23:04:33.859+0000] {dagbag.py:540} INFO - Filling up the DagBag from /opt/airflow/dags/17_DAG_eks.py
[2024-05-02T23:04:33.962+0000] {processor.py:840} INFO - DAG(s) '17_dag_buah' retrieved from /opt/airflow/dags/17_DAG_eks.py
[2024-05-02T23:04:34.099+0000] {logging_mixin.py:188} INFO - [2024-05-02T23:04:34.098+0000] {dag.py:3096} INFO - Sync 1 DAGs
[2024-05-02T23:04:34.292+0000] {logging_mixin.py:188} INFO - [2024-05-02T23:04:34.291+0000] {dag.py:3954} INFO - Setting next_dagrun for 17_dag_buah to 2024-05-02 00:00:00+00:00, run_after=2024-05-03 00:00:00+00:00
[2024-05-02T23:04:34.438+0000] {processor.py:183} INFO - Processing /opt/airflow/dags/17_DAG_eks.py took 0.618 seconds
[2024-05-02T23:05:05.071+0000] {processor.py:161} INFO - Started process (PID=932) to work on /opt/airflow/dags/17_DAG_eks.py
[2024-05-02T23:05:05.075+0000] {processor.py:830} INFO - Processing file /opt/airflow/dags/17_DAG_eks.py for tasks to queue
[2024-05-02T23:05:05.098+0000] {logging_mixin.py:188} INFO - [2024-05-02T23:05:05.096+0000] {dagbag.py:540} INFO - Filling up the DagBag from /opt/airflow/dags/17_DAG_eks.py
[2024-05-02T23:05:05.145+0000] {processor.py:840} INFO - DAG(s) '17_dag_buah' retrieved from /opt/airflow/dags/17_DAG_eks.py
[2024-05-02T23:05:05.204+0000] {logging_mixin.py:188} INFO - [2024-05-02T23:05:05.204+0000] {dag.py:3096} INFO - Sync 1 DAGs
[2024-05-02T23:05:06.077+0000] {logging_mixin.py:188} INFO - [2024-05-02T23:05:06.077+0000] {dag.py:3954} INFO - Setting next_dagrun for 17_dag_buah to 2024-05-02 00:00:00+00:00, run_after=2024-05-03 00:00:00+00:00
[2024-05-02T23:05:06.158+0000] {processor.py:183} INFO - Processing /opt/airflow/dags/17_DAG_eks.py took 1.108 seconds
[2024-05-02T23:05:36.447+0000] {processor.py:161} INFO - Started process (PID=990) to work on /opt/airflow/dags/17_DAG_eks.py
[2024-05-02T23:05:36.449+0000] {processor.py:830} INFO - Processing file /opt/airflow/dags/17_DAG_eks.py for tasks to queue
[2024-05-02T23:05:36.451+0000] {logging_mixin.py:188} INFO - [2024-05-02T23:05:36.451+0000] {dagbag.py:540} INFO - Filling up the DagBag from /opt/airflow/dags/17_DAG_eks.py
[2024-05-02T23:05:36.477+0000] {processor.py:840} INFO - DAG(s) '17_dag_buah' retrieved from /opt/airflow/dags/17_DAG_eks.py
[2024-05-02T23:05:36.511+0000] {logging_mixin.py:188} INFO - [2024-05-02T23:05:36.511+0000] {dag.py:3096} INFO - Sync 1 DAGs
[2024-05-02T23:05:36.552+0000] {logging_mixin.py:188} INFO - [2024-05-02T23:05:36.551+0000] {dag.py:3954} INFO - Setting next_dagrun for 17_dag_buah to 2024-05-02 00:00:00+00:00, run_after=2024-05-03 00:00:00+00:00
[2024-05-02T23:05:36.795+0000] {processor.py:183} INFO - Processing /opt/airflow/dags/17_DAG_eks.py took 0.359 seconds
[2024-05-02T23:06:07.225+0000] {processor.py:161} INFO - Started process (PID=1049) to work on /opt/airflow/dags/17_DAG_eks.py
[2024-05-02T23:06:07.228+0000] {processor.py:830} INFO - Processing file /opt/airflow/dags/17_DAG_eks.py for tasks to queue
[2024-05-02T23:06:07.233+0000] {logging_mixin.py:188} INFO - [2024-05-02T23:06:07.232+0000] {dagbag.py:540} INFO - Filling up the DagBag from /opt/airflow/dags/17_DAG_eks.py
[2024-05-02T23:06:07.271+0000] {processor.py:840} INFO - DAG(s) '17_dag_buah' retrieved from /opt/airflow/dags/17_DAG_eks.py
[2024-05-02T23:06:07.330+0000] {logging_mixin.py:188} INFO - [2024-05-02T23:06:07.330+0000] {dag.py:3096} INFO - Sync 1 DAGs
[2024-05-02T23:06:07.388+0000] {logging_mixin.py:188} INFO - [2024-05-02T23:06:07.387+0000] {dag.py:3954} INFO - Setting next_dagrun for 17_dag_buah to 2024-05-02 00:00:00+00:00, run_after=2024-05-03 00:00:00+00:00
[2024-05-02T23:06:07.455+0000] {processor.py:183} INFO - Processing /opt/airflow/dags/17_DAG_eks.py took 0.251 seconds
[2024-05-02T23:06:37.944+0000] {processor.py:161} INFO - Started process (PID=1108) to work on /opt/airflow/dags/17_DAG_eks.py
[2024-05-02T23:06:37.946+0000] {processor.py:830} INFO - Processing file /opt/airflow/dags/17_DAG_eks.py for tasks to queue
[2024-05-02T23:06:37.949+0000] {logging_mixin.py:188} INFO - [2024-05-02T23:06:37.948+0000] {dagbag.py:540} INFO - Filling up the DagBag from /opt/airflow/dags/17_DAG_eks.py
[2024-05-02T23:06:37.975+0000] {processor.py:840} INFO - DAG(s) '17_dag_buah' retrieved from /opt/airflow/dags/17_DAG_eks.py
[2024-05-02T23:06:38.015+0000] {logging_mixin.py:188} INFO - [2024-05-02T23:06:38.014+0000] {dag.py:3096} INFO - Sync 1 DAGs
[2024-05-02T23:06:38.063+0000] {logging_mixin.py:188} INFO - [2024-05-02T23:06:38.062+0000] {dag.py:3954} INFO - Setting next_dagrun for 17_dag_buah to 2024-05-02 00:00:00+00:00, run_after=2024-05-03 00:00:00+00:00
[2024-05-02T23:06:38.105+0000] {processor.py:183} INFO - Processing /opt/airflow/dags/17_DAG_eks.py took 0.171 seconds
