[2024-05-02T22:20:48.050+0000] {processor.py:161} INFO - Started process (PID=55) to work on /home/airflow/.local/lib/python3.12/site-packages/airflow/example_dags/example_short_circuit_operator.py
[2024-05-02T22:20:48.067+0000] {processor.py:830} INFO - Processing file /home/airflow/.local/lib/python3.12/site-packages/airflow/example_dags/example_short_circuit_operator.py for tasks to queue
[2024-05-02T22:20:48.084+0000] {logging_mixin.py:188} INFO - [2024-05-02T22:20:48.084+0000] {dagbag.py:540} INFO - Filling up the DagBag from /home/airflow/.local/lib/python3.12/site-packages/airflow/example_dags/example_short_circuit_operator.py
[2024-05-02T22:20:48.200+0000] {processor.py:840} INFO - DAG(s) 'example_short_circuit_operator' retrieved from /home/airflow/.local/lib/python3.12/site-packages/airflow/example_dags/example_short_circuit_operator.py
[2024-05-02T22:20:49.309+0000] {logging_mixin.py:188} INFO - [2024-05-02T22:20:49.308+0000] {dag.py:3096} INFO - Sync 1 DAGs
[2024-05-02T22:20:49.638+0000] {logging_mixin.py:188} INFO - [2024-05-02T22:20:49.637+0000] {dag.py:3954} INFO - Setting next_dagrun for example_short_circuit_operator to 2024-05-01 00:00:00+00:00, run_after=2024-05-02 00:00:00+00:00
[2024-05-02T22:20:50.062+0000] {processor.py:183} INFO - Processing /home/airflow/.local/lib/python3.12/site-packages/airflow/example_dags/example_short_circuit_operator.py took 2.028 seconds
[2024-05-02T22:21:24.759+0000] {processor.py:161} INFO - Started process (PID=113) to work on /home/airflow/.local/lib/python3.12/site-packages/airflow/example_dags/example_short_circuit_operator.py
[2024-05-02T22:21:24.776+0000] {processor.py:830} INFO - Processing file /home/airflow/.local/lib/python3.12/site-packages/airflow/example_dags/example_short_circuit_operator.py for tasks to queue
[2024-05-02T22:21:24.793+0000] {logging_mixin.py:188} INFO - [2024-05-02T22:21:24.791+0000] {dagbag.py:540} INFO - Filling up the DagBag from /home/airflow/.local/lib/python3.12/site-packages/airflow/example_dags/example_short_circuit_operator.py
[2024-05-02T22:21:24.838+0000] {processor.py:840} INFO - DAG(s) 'example_short_circuit_operator' retrieved from /home/airflow/.local/lib/python3.12/site-packages/airflow/example_dags/example_short_circuit_operator.py
[2024-05-02T22:21:24.984+0000] {logging_mixin.py:188} INFO - [2024-05-02T22:21:24.983+0000] {dag.py:3096} INFO - Sync 1 DAGs
[2024-05-02T22:21:25.134+0000] {logging_mixin.py:188} INFO - [2024-05-02T22:21:25.134+0000] {dag.py:3954} INFO - Setting next_dagrun for example_short_circuit_operator to 2024-05-01 00:00:00+00:00, run_after=2024-05-02 00:00:00+00:00
[2024-05-02T22:21:25.487+0000] {processor.py:183} INFO - Processing /home/airflow/.local/lib/python3.12/site-packages/airflow/example_dags/example_short_circuit_operator.py took 0.748 seconds
[2024-05-02T22:22:01.502+0000] {processor.py:161} INFO - Started process (PID=168) to work on /home/airflow/.local/lib/python3.12/site-packages/airflow/example_dags/example_short_circuit_operator.py
[2024-05-02T22:22:01.510+0000] {processor.py:830} INFO - Processing file /home/airflow/.local/lib/python3.12/site-packages/airflow/example_dags/example_short_circuit_operator.py for tasks to queue
[2024-05-02T22:22:01.517+0000] {logging_mixin.py:188} INFO - [2024-05-02T22:22:01.516+0000] {dagbag.py:540} INFO - Filling up the DagBag from /home/airflow/.local/lib/python3.12/site-packages/airflow/example_dags/example_short_circuit_operator.py
[2024-05-02T22:22:01.546+0000] {processor.py:840} INFO - DAG(s) 'example_short_circuit_operator' retrieved from /home/airflow/.local/lib/python3.12/site-packages/airflow/example_dags/example_short_circuit_operator.py
[2024-05-02T22:22:01.696+0000] {logging_mixin.py:188} INFO - [2024-05-02T22:22:01.695+0000] {dag.py:3096} INFO - Sync 1 DAGs
[2024-05-02T22:22:01.923+0000] {logging_mixin.py:188} INFO - [2024-05-02T22:22:01.922+0000] {dag.py:3954} INFO - Setting next_dagrun for example_short_circuit_operator to 2024-05-01 00:00:00+00:00, run_after=2024-05-02 00:00:00+00:00
[2024-05-02T22:22:02.107+0000] {processor.py:183} INFO - Processing /home/airflow/.local/lib/python3.12/site-packages/airflow/example_dags/example_short_circuit_operator.py took 0.661 seconds
[2024-05-02T22:22:54.015+0000] {processor.py:161} INFO - Started process (PID=199) to work on /home/airflow/.local/lib/python3.12/site-packages/airflow/example_dags/example_short_circuit_operator.py
[2024-05-02T22:22:54.027+0000] {processor.py:830} INFO - Processing file /home/airflow/.local/lib/python3.12/site-packages/airflow/example_dags/example_short_circuit_operator.py for tasks to queue
[2024-05-02T22:22:54.053+0000] {logging_mixin.py:188} INFO - [2024-05-02T22:22:54.053+0000] {dagbag.py:540} INFO - Filling up the DagBag from /home/airflow/.local/lib/python3.12/site-packages/airflow/example_dags/example_short_circuit_operator.py
[2024-05-02T22:22:54.157+0000] {processor.py:840} INFO - DAG(s) 'example_short_circuit_operator' retrieved from /home/airflow/.local/lib/python3.12/site-packages/airflow/example_dags/example_short_circuit_operator.py
[2024-05-02T22:22:54.628+0000] {logging_mixin.py:188} INFO - [2024-05-02T22:22:54.628+0000] {dag.py:3096} INFO - Sync 1 DAGs
[2024-05-02T22:22:54.861+0000] {logging_mixin.py:188} INFO - [2024-05-02T22:22:54.861+0000] {dag.py:3954} INFO - Setting next_dagrun for example_short_circuit_operator to 2024-05-01 00:00:00+00:00, run_after=2024-05-02 00:00:00+00:00
[2024-05-02T22:22:54.994+0000] {processor.py:183} INFO - Processing /home/airflow/.local/lib/python3.12/site-packages/airflow/example_dags/example_short_circuit_operator.py took 1.068 seconds
[2024-05-02T22:32:27.514+0000] {processor.py:161} INFO - Started process (PID=49) to work on /home/airflow/.local/lib/python3.12/site-packages/airflow/example_dags/example_short_circuit_operator.py
[2024-05-02T22:32:27.523+0000] {processor.py:830} INFO - Processing file /home/airflow/.local/lib/python3.12/site-packages/airflow/example_dags/example_short_circuit_operator.py for tasks to queue
[2024-05-02T22:32:27.528+0000] {logging_mixin.py:188} INFO - [2024-05-02T22:32:27.527+0000] {dagbag.py:540} INFO - Filling up the DagBag from /home/airflow/.local/lib/python3.12/site-packages/airflow/example_dags/example_short_circuit_operator.py
[2024-05-02T22:32:27.583+0000] {processor.py:840} INFO - DAG(s) 'example_short_circuit_operator' retrieved from /home/airflow/.local/lib/python3.12/site-packages/airflow/example_dags/example_short_circuit_operator.py
[2024-05-02T22:32:28.855+0000] {logging_mixin.py:188} INFO - [2024-05-02T22:32:28.853+0000] {dag.py:3096} INFO - Sync 1 DAGs
[2024-05-02T22:32:29.181+0000] {logging_mixin.py:188} INFO - [2024-05-02T22:32:29.180+0000] {dag.py:3954} INFO - Setting next_dagrun for example_short_circuit_operator to 2024-05-01 00:00:00+00:00, run_after=2024-05-02 00:00:00+00:00
[2024-05-02T22:32:29.354+0000] {processor.py:183} INFO - Processing /home/airflow/.local/lib/python3.12/site-packages/airflow/example_dags/example_short_circuit_operator.py took 1.880 seconds
[2024-05-02T22:32:59.933+0000] {processor.py:161} INFO - Started process (PID=114) to work on /home/airflow/.local/lib/python3.12/site-packages/airflow/example_dags/example_short_circuit_operator.py
[2024-05-02T22:32:59.935+0000] {processor.py:830} INFO - Processing file /home/airflow/.local/lib/python3.12/site-packages/airflow/example_dags/example_short_circuit_operator.py for tasks to queue
[2024-05-02T22:32:59.939+0000] {logging_mixin.py:188} INFO - [2024-05-02T22:32:59.939+0000] {dagbag.py:540} INFO - Filling up the DagBag from /home/airflow/.local/lib/python3.12/site-packages/airflow/example_dags/example_short_circuit_operator.py
[2024-05-02T22:32:59.961+0000] {processor.py:840} INFO - DAG(s) 'example_short_circuit_operator' retrieved from /home/airflow/.local/lib/python3.12/site-packages/airflow/example_dags/example_short_circuit_operator.py
[2024-05-02T22:33:00.156+0000] {logging_mixin.py:188} INFO - [2024-05-02T22:33:00.155+0000] {dag.py:3096} INFO - Sync 1 DAGs
[2024-05-02T22:33:00.501+0000] {logging_mixin.py:188} INFO - [2024-05-02T22:33:00.501+0000] {dag.py:3954} INFO - Setting next_dagrun for example_short_circuit_operator to 2024-05-01 00:00:00+00:00, run_after=2024-05-02 00:00:00+00:00
[2024-05-02T22:33:00.640+0000] {processor.py:183} INFO - Processing /home/airflow/.local/lib/python3.12/site-packages/airflow/example_dags/example_short_circuit_operator.py took 0.720 seconds
[2024-05-02T22:33:31.266+0000] {processor.py:161} INFO - Started process (PID=173) to work on /home/airflow/.local/lib/python3.12/site-packages/airflow/example_dags/example_short_circuit_operator.py
[2024-05-02T22:33:31.268+0000] {processor.py:830} INFO - Processing file /home/airflow/.local/lib/python3.12/site-packages/airflow/example_dags/example_short_circuit_operator.py for tasks to queue
[2024-05-02T22:33:31.273+0000] {logging_mixin.py:188} INFO - [2024-05-02T22:33:31.272+0000] {dagbag.py:540} INFO - Filling up the DagBag from /home/airflow/.local/lib/python3.12/site-packages/airflow/example_dags/example_short_circuit_operator.py
[2024-05-02T22:33:31.334+0000] {processor.py:840} INFO - DAG(s) 'example_short_circuit_operator' retrieved from /home/airflow/.local/lib/python3.12/site-packages/airflow/example_dags/example_short_circuit_operator.py
[2024-05-02T22:33:31.433+0000] {logging_mixin.py:188} INFO - [2024-05-02T22:33:31.432+0000] {dag.py:3096} INFO - Sync 1 DAGs
[2024-05-02T22:33:31.515+0000] {logging_mixin.py:188} INFO - [2024-05-02T22:33:31.515+0000] {dag.py:3954} INFO - Setting next_dagrun for example_short_circuit_operator to 2024-05-01 00:00:00+00:00, run_after=2024-05-02 00:00:00+00:00
[2024-05-02T22:33:31.598+0000] {processor.py:183} INFO - Processing /home/airflow/.local/lib/python3.12/site-packages/airflow/example_dags/example_short_circuit_operator.py took 0.356 seconds
[2024-05-02T22:34:01.978+0000] {processor.py:161} INFO - Started process (PID=230) to work on /home/airflow/.local/lib/python3.12/site-packages/airflow/example_dags/example_short_circuit_operator.py
[2024-05-02T22:34:01.980+0000] {processor.py:830} INFO - Processing file /home/airflow/.local/lib/python3.12/site-packages/airflow/example_dags/example_short_circuit_operator.py for tasks to queue
[2024-05-02T22:34:01.985+0000] {logging_mixin.py:188} INFO - [2024-05-02T22:34:01.984+0000] {dagbag.py:540} INFO - Filling up the DagBag from /home/airflow/.local/lib/python3.12/site-packages/airflow/example_dags/example_short_circuit_operator.py
[2024-05-02T22:34:02.009+0000] {processor.py:840} INFO - DAG(s) 'example_short_circuit_operator' retrieved from /home/airflow/.local/lib/python3.12/site-packages/airflow/example_dags/example_short_circuit_operator.py
[2024-05-02T22:34:02.092+0000] {logging_mixin.py:188} INFO - [2024-05-02T22:34:02.088+0000] {dag.py:3096} INFO - Sync 1 DAGs
[2024-05-02T22:34:02.181+0000] {logging_mixin.py:188} INFO - [2024-05-02T22:34:02.181+0000] {dag.py:3954} INFO - Setting next_dagrun for example_short_circuit_operator to 2024-05-01 00:00:00+00:00, run_after=2024-05-02 00:00:00+00:00
[2024-05-02T22:34:02.231+0000] {processor.py:183} INFO - Processing /home/airflow/.local/lib/python3.12/site-packages/airflow/example_dags/example_short_circuit_operator.py took 0.264 seconds
[2024-05-02T22:34:33.120+0000] {processor.py:161} INFO - Started process (PID=290) to work on /home/airflow/.local/lib/python3.12/site-packages/airflow/example_dags/example_short_circuit_operator.py
[2024-05-02T22:34:33.122+0000] {processor.py:830} INFO - Processing file /home/airflow/.local/lib/python3.12/site-packages/airflow/example_dags/example_short_circuit_operator.py for tasks to queue
[2024-05-02T22:34:33.126+0000] {logging_mixin.py:188} INFO - [2024-05-02T22:34:33.125+0000] {dagbag.py:540} INFO - Filling up the DagBag from /home/airflow/.local/lib/python3.12/site-packages/airflow/example_dags/example_short_circuit_operator.py
[2024-05-02T22:34:33.144+0000] {processor.py:840} INFO - DAG(s) 'example_short_circuit_operator' retrieved from /home/airflow/.local/lib/python3.12/site-packages/airflow/example_dags/example_short_circuit_operator.py
[2024-05-02T22:34:33.275+0000] {logging_mixin.py:188} INFO - [2024-05-02T22:34:33.275+0000] {dag.py:3096} INFO - Sync 1 DAGs
[2024-05-02T22:34:33.370+0000] {logging_mixin.py:188} INFO - [2024-05-02T22:34:33.369+0000] {dag.py:3954} INFO - Setting next_dagrun for example_short_circuit_operator to 2024-05-01 00:00:00+00:00, run_after=2024-05-02 00:00:00+00:00
[2024-05-02T22:34:33.592+0000] {processor.py:183} INFO - Processing /home/airflow/.local/lib/python3.12/site-packages/airflow/example_dags/example_short_circuit_operator.py took 0.497 seconds
[2024-05-02T22:35:03.815+0000] {processor.py:161} INFO - Started process (PID=348) to work on /home/airflow/.local/lib/python3.12/site-packages/airflow/example_dags/example_short_circuit_operator.py
[2024-05-02T22:35:03.817+0000] {processor.py:830} INFO - Processing file /home/airflow/.local/lib/python3.12/site-packages/airflow/example_dags/example_short_circuit_operator.py for tasks to queue
[2024-05-02T22:35:03.821+0000] {logging_mixin.py:188} INFO - [2024-05-02T22:35:03.820+0000] {dagbag.py:540} INFO - Filling up the DagBag from /home/airflow/.local/lib/python3.12/site-packages/airflow/example_dags/example_short_circuit_operator.py
[2024-05-02T22:35:03.836+0000] {processor.py:840} INFO - DAG(s) 'example_short_circuit_operator' retrieved from /home/airflow/.local/lib/python3.12/site-packages/airflow/example_dags/example_short_circuit_operator.py
[2024-05-02T22:35:03.871+0000] {logging_mixin.py:188} INFO - [2024-05-02T22:35:03.870+0000] {dag.py:3096} INFO - Sync 1 DAGs
[2024-05-02T22:35:03.926+0000] {logging_mixin.py:188} INFO - [2024-05-02T22:35:03.925+0000] {dag.py:3954} INFO - Setting next_dagrun for example_short_circuit_operator to 2024-05-01 00:00:00+00:00, run_after=2024-05-02 00:00:00+00:00
[2024-05-02T22:35:03.988+0000] {processor.py:183} INFO - Processing /home/airflow/.local/lib/python3.12/site-packages/airflow/example_dags/example_short_circuit_operator.py took 0.187 seconds
[2024-05-02T22:35:38.374+0000] {processor.py:161} INFO - Started process (PID=406) to work on /home/airflow/.local/lib/python3.12/site-packages/airflow/example_dags/example_short_circuit_operator.py
[2024-05-02T22:35:38.375+0000] {processor.py:830} INFO - Processing file /home/airflow/.local/lib/python3.12/site-packages/airflow/example_dags/example_short_circuit_operator.py for tasks to queue
[2024-05-02T22:35:38.382+0000] {logging_mixin.py:188} INFO - [2024-05-02T22:35:38.382+0000] {dagbag.py:540} INFO - Filling up the DagBag from /home/airflow/.local/lib/python3.12/site-packages/airflow/example_dags/example_short_circuit_operator.py
[2024-05-02T22:35:38.415+0000] {processor.py:840} INFO - DAG(s) 'example_short_circuit_operator' retrieved from /home/airflow/.local/lib/python3.12/site-packages/airflow/example_dags/example_short_circuit_operator.py
[2024-05-02T22:35:38.912+0000] {logging_mixin.py:188} INFO - [2024-05-02T22:35:38.911+0000] {dag.py:3096} INFO - Sync 1 DAGs
[2024-05-02T22:35:39.251+0000] {logging_mixin.py:188} INFO - [2024-05-02T22:35:39.250+0000] {dag.py:3954} INFO - Setting next_dagrun for example_short_circuit_operator to 2024-05-01 00:00:00+00:00, run_after=2024-05-02 00:00:00+00:00
[2024-05-02T22:35:39.323+0000] {processor.py:183} INFO - Processing /home/airflow/.local/lib/python3.12/site-packages/airflow/example_dags/example_short_circuit_operator.py took 0.987 seconds
[2024-05-02T22:36:10.171+0000] {processor.py:161} INFO - Started process (PID=464) to work on /home/airflow/.local/lib/python3.12/site-packages/airflow/example_dags/example_short_circuit_operator.py
[2024-05-02T22:36:10.174+0000] {processor.py:830} INFO - Processing file /home/airflow/.local/lib/python3.12/site-packages/airflow/example_dags/example_short_circuit_operator.py for tasks to queue
[2024-05-02T22:36:10.204+0000] {logging_mixin.py:188} INFO - [2024-05-02T22:36:10.204+0000] {dagbag.py:540} INFO - Filling up the DagBag from /home/airflow/.local/lib/python3.12/site-packages/airflow/example_dags/example_short_circuit_operator.py
[2024-05-02T22:36:10.255+0000] {processor.py:840} INFO - DAG(s) 'example_short_circuit_operator' retrieved from /home/airflow/.local/lib/python3.12/site-packages/airflow/example_dags/example_short_circuit_operator.py
[2024-05-02T22:36:10.444+0000] {logging_mixin.py:188} INFO - [2024-05-02T22:36:10.443+0000] {dag.py:3096} INFO - Sync 1 DAGs
[2024-05-02T22:36:10.630+0000] {logging_mixin.py:188} INFO - [2024-05-02T22:36:10.627+0000] {dag.py:3954} INFO - Setting next_dagrun for example_short_circuit_operator to 2024-05-01 00:00:00+00:00, run_after=2024-05-02 00:00:00+00:00
[2024-05-02T22:36:10.952+0000] {processor.py:183} INFO - Processing /home/airflow/.local/lib/python3.12/site-packages/airflow/example_dags/example_short_circuit_operator.py took 0.799 seconds
[2024-05-02T22:36:41.197+0000] {processor.py:161} INFO - Started process (PID=523) to work on /home/airflow/.local/lib/python3.12/site-packages/airflow/example_dags/example_short_circuit_operator.py
[2024-05-02T22:36:41.218+0000] {processor.py:830} INFO - Processing file /home/airflow/.local/lib/python3.12/site-packages/airflow/example_dags/example_short_circuit_operator.py for tasks to queue
[2024-05-02T22:36:41.233+0000] {logging_mixin.py:188} INFO - [2024-05-02T22:36:41.233+0000] {dagbag.py:540} INFO - Filling up the DagBag from /home/airflow/.local/lib/python3.12/site-packages/airflow/example_dags/example_short_circuit_operator.py
[2024-05-02T22:36:41.283+0000] {processor.py:840} INFO - DAG(s) 'example_short_circuit_operator' retrieved from /home/airflow/.local/lib/python3.12/site-packages/airflow/example_dags/example_short_circuit_operator.py
[2024-05-02T22:36:41.494+0000] {logging_mixin.py:188} INFO - [2024-05-02T22:36:41.494+0000] {dag.py:3096} INFO - Sync 1 DAGs
[2024-05-02T22:36:41.682+0000] {logging_mixin.py:188} INFO - [2024-05-02T22:36:41.681+0000] {dag.py:3954} INFO - Setting next_dagrun for example_short_circuit_operator to 2024-05-01 00:00:00+00:00, run_after=2024-05-02 00:00:00+00:00
[2024-05-02T22:36:41.852+0000] {processor.py:183} INFO - Processing /home/airflow/.local/lib/python3.12/site-packages/airflow/example_dags/example_short_circuit_operator.py took 0.679 seconds
[2024-05-02T22:37:13.014+0000] {processor.py:161} INFO - Started process (PID=583) to work on /home/airflow/.local/lib/python3.12/site-packages/airflow/example_dags/example_short_circuit_operator.py
[2024-05-02T22:37:13.015+0000] {processor.py:830} INFO - Processing file /home/airflow/.local/lib/python3.12/site-packages/airflow/example_dags/example_short_circuit_operator.py for tasks to queue
[2024-05-02T22:37:13.019+0000] {logging_mixin.py:188} INFO - [2024-05-02T22:37:13.018+0000] {dagbag.py:540} INFO - Filling up the DagBag from /home/airflow/.local/lib/python3.12/site-packages/airflow/example_dags/example_short_circuit_operator.py
[2024-05-02T22:37:13.032+0000] {processor.py:840} INFO - DAG(s) 'example_short_circuit_operator' retrieved from /home/airflow/.local/lib/python3.12/site-packages/airflow/example_dags/example_short_circuit_operator.py
[2024-05-02T22:37:13.082+0000] {logging_mixin.py:188} INFO - [2024-05-02T22:37:13.081+0000] {dag.py:3096} INFO - Sync 1 DAGs
[2024-05-02T22:37:13.125+0000] {logging_mixin.py:188} INFO - [2024-05-02T22:37:13.124+0000] {dag.py:3954} INFO - Setting next_dagrun for example_short_circuit_operator to 2024-05-01 00:00:00+00:00, run_after=2024-05-02 00:00:00+00:00
[2024-05-02T22:37:13.166+0000] {processor.py:183} INFO - Processing /home/airflow/.local/lib/python3.12/site-packages/airflow/example_dags/example_short_circuit_operator.py took 0.164 seconds
[2024-05-02T22:37:50.562+0000] {processor.py:161} INFO - Started process (PID=637) to work on /home/airflow/.local/lib/python3.12/site-packages/airflow/example_dags/example_short_circuit_operator.py
[2024-05-02T22:37:50.564+0000] {processor.py:830} INFO - Processing file /home/airflow/.local/lib/python3.12/site-packages/airflow/example_dags/example_short_circuit_operator.py for tasks to queue
[2024-05-02T22:37:50.569+0000] {logging_mixin.py:188} INFO - [2024-05-02T22:37:50.568+0000] {dagbag.py:540} INFO - Filling up the DagBag from /home/airflow/.local/lib/python3.12/site-packages/airflow/example_dags/example_short_circuit_operator.py
[2024-05-02T22:37:50.580+0000] {processor.py:840} INFO - DAG(s) 'example_short_circuit_operator' retrieved from /home/airflow/.local/lib/python3.12/site-packages/airflow/example_dags/example_short_circuit_operator.py
[2024-05-02T22:37:50.623+0000] {logging_mixin.py:188} INFO - [2024-05-02T22:37:50.622+0000] {dag.py:3096} INFO - Sync 1 DAGs
[2024-05-02T22:37:50.673+0000] {logging_mixin.py:188} INFO - [2024-05-02T22:37:50.672+0000] {dag.py:3954} INFO - Setting next_dagrun for example_short_circuit_operator to 2024-05-01 00:00:00+00:00, run_after=2024-05-02 00:00:00+00:00
[2024-05-02T22:37:50.711+0000] {processor.py:183} INFO - Processing /home/airflow/.local/lib/python3.12/site-packages/airflow/example_dags/example_short_circuit_operator.py took 0.157 seconds
[2024-05-02T22:38:25.367+0000] {processor.py:161} INFO - Started process (PID=695) to work on /home/airflow/.local/lib/python3.12/site-packages/airflow/example_dags/example_short_circuit_operator.py
[2024-05-02T22:38:25.369+0000] {processor.py:830} INFO - Processing file /home/airflow/.local/lib/python3.12/site-packages/airflow/example_dags/example_short_circuit_operator.py for tasks to queue
[2024-05-02T22:38:25.384+0000] {logging_mixin.py:188} INFO - [2024-05-02T22:38:25.372+0000] {dagbag.py:540} INFO - Filling up the DagBag from /home/airflow/.local/lib/python3.12/site-packages/airflow/example_dags/example_short_circuit_operator.py
[2024-05-02T22:38:25.417+0000] {processor.py:840} INFO - DAG(s) 'example_short_circuit_operator' retrieved from /home/airflow/.local/lib/python3.12/site-packages/airflow/example_dags/example_short_circuit_operator.py
[2024-05-02T22:38:25.578+0000] {logging_mixin.py:188} INFO - [2024-05-02T22:38:25.578+0000] {dag.py:3096} INFO - Sync 1 DAGs
[2024-05-02T22:38:25.681+0000] {logging_mixin.py:188} INFO - [2024-05-02T22:38:25.680+0000] {dag.py:3954} INFO - Setting next_dagrun for example_short_circuit_operator to 2024-05-01 00:00:00+00:00, run_after=2024-05-02 00:00:00+00:00
[2024-05-02T22:38:25.745+0000] {processor.py:183} INFO - Processing /home/airflow/.local/lib/python3.12/site-packages/airflow/example_dags/example_short_circuit_operator.py took 0.405 seconds
[2024-05-02T22:39:02.952+0000] {processor.py:161} INFO - Started process (PID=761) to work on /home/airflow/.local/lib/python3.12/site-packages/airflow/example_dags/example_short_circuit_operator.py
[2024-05-02T22:39:02.977+0000] {processor.py:830} INFO - Processing file /home/airflow/.local/lib/python3.12/site-packages/airflow/example_dags/example_short_circuit_operator.py for tasks to queue
[2024-05-02T22:39:02.995+0000] {logging_mixin.py:188} INFO - [2024-05-02T22:39:02.994+0000] {dagbag.py:540} INFO - Filling up the DagBag from /home/airflow/.local/lib/python3.12/site-packages/airflow/example_dags/example_short_circuit_operator.py
[2024-05-02T22:39:03.040+0000] {processor.py:840} INFO - DAG(s) 'example_short_circuit_operator' retrieved from /home/airflow/.local/lib/python3.12/site-packages/airflow/example_dags/example_short_circuit_operator.py
[2024-05-02T22:39:03.336+0000] {logging_mixin.py:188} INFO - [2024-05-02T22:39:03.336+0000] {dag.py:3096} INFO - Sync 1 DAGs
[2024-05-02T22:39:03.525+0000] {logging_mixin.py:188} INFO - [2024-05-02T22:39:03.525+0000] {dag.py:3954} INFO - Setting next_dagrun for example_short_circuit_operator to 2024-05-01 00:00:00+00:00, run_after=2024-05-02 00:00:00+00:00
[2024-05-02T22:39:03.709+0000] {processor.py:183} INFO - Processing /home/airflow/.local/lib/python3.12/site-packages/airflow/example_dags/example_short_circuit_operator.py took 0.791 seconds
[2024-05-02T22:39:34.150+0000] {processor.py:161} INFO - Started process (PID=819) to work on /home/airflow/.local/lib/python3.12/site-packages/airflow/example_dags/example_short_circuit_operator.py
[2024-05-02T22:39:34.156+0000] {processor.py:830} INFO - Processing file /home/airflow/.local/lib/python3.12/site-packages/airflow/example_dags/example_short_circuit_operator.py for tasks to queue
[2024-05-02T22:39:34.164+0000] {logging_mixin.py:188} INFO - [2024-05-02T22:39:34.163+0000] {dagbag.py:540} INFO - Filling up the DagBag from /home/airflow/.local/lib/python3.12/site-packages/airflow/example_dags/example_short_circuit_operator.py
[2024-05-02T22:39:34.195+0000] {processor.py:840} INFO - DAG(s) 'example_short_circuit_operator' retrieved from /home/airflow/.local/lib/python3.12/site-packages/airflow/example_dags/example_short_circuit_operator.py
[2024-05-02T22:39:34.290+0000] {logging_mixin.py:188} INFO - [2024-05-02T22:39:34.290+0000] {dag.py:3096} INFO - Sync 1 DAGs
[2024-05-02T22:39:34.648+0000] {logging_mixin.py:188} INFO - [2024-05-02T22:39:34.647+0000] {dag.py:3954} INFO - Setting next_dagrun for example_short_circuit_operator to 2024-05-01 00:00:00+00:00, run_after=2024-05-02 00:00:00+00:00
[2024-05-02T22:39:36.442+0000] {processor.py:183} INFO - Processing /home/airflow/.local/lib/python3.12/site-packages/airflow/example_dags/example_short_circuit_operator.py took 2.373 seconds
[2024-05-02T22:40:10.952+0000] {processor.py:161} INFO - Started process (PID=873) to work on /home/airflow/.local/lib/python3.12/site-packages/airflow/example_dags/example_short_circuit_operator.py
[2024-05-02T22:40:10.956+0000] {processor.py:830} INFO - Processing file /home/airflow/.local/lib/python3.12/site-packages/airflow/example_dags/example_short_circuit_operator.py for tasks to queue
[2024-05-02T22:40:10.961+0000] {logging_mixin.py:188} INFO - [2024-05-02T22:40:10.960+0000] {dagbag.py:540} INFO - Filling up the DagBag from /home/airflow/.local/lib/python3.12/site-packages/airflow/example_dags/example_short_circuit_operator.py
[2024-05-02T22:40:11.009+0000] {processor.py:840} INFO - DAG(s) 'example_short_circuit_operator' retrieved from /home/airflow/.local/lib/python3.12/site-packages/airflow/example_dags/example_short_circuit_operator.py
[2024-05-02T22:40:11.783+0000] {logging_mixin.py:188} INFO - [2024-05-02T22:40:11.782+0000] {dag.py:3096} INFO - Sync 1 DAGs
[2024-05-02T22:40:11.870+0000] {logging_mixin.py:188} INFO - [2024-05-02T22:40:11.870+0000] {dag.py:3954} INFO - Setting next_dagrun for example_short_circuit_operator to 2024-05-01 00:00:00+00:00, run_after=2024-05-02 00:00:00+00:00
[2024-05-02T22:40:11.940+0000] {processor.py:183} INFO - Processing /home/airflow/.local/lib/python3.12/site-packages/airflow/example_dags/example_short_circuit_operator.py took 1.009 seconds
[2024-05-02T22:40:42.429+0000] {processor.py:161} INFO - Started process (PID=932) to work on /home/airflow/.local/lib/python3.12/site-packages/airflow/example_dags/example_short_circuit_operator.py
[2024-05-02T22:40:42.431+0000] {processor.py:830} INFO - Processing file /home/airflow/.local/lib/python3.12/site-packages/airflow/example_dags/example_short_circuit_operator.py for tasks to queue
[2024-05-02T22:40:42.436+0000] {logging_mixin.py:188} INFO - [2024-05-02T22:40:42.435+0000] {dagbag.py:540} INFO - Filling up the DagBag from /home/airflow/.local/lib/python3.12/site-packages/airflow/example_dags/example_short_circuit_operator.py
[2024-05-02T22:40:42.451+0000] {processor.py:840} INFO - DAG(s) 'example_short_circuit_operator' retrieved from /home/airflow/.local/lib/python3.12/site-packages/airflow/example_dags/example_short_circuit_operator.py
[2024-05-02T22:40:42.508+0000] {logging_mixin.py:188} INFO - [2024-05-02T22:40:42.507+0000] {dag.py:3096} INFO - Sync 1 DAGs
[2024-05-02T22:40:42.557+0000] {logging_mixin.py:188} INFO - [2024-05-02T22:40:42.556+0000] {dag.py:3954} INFO - Setting next_dagrun for example_short_circuit_operator to 2024-05-01 00:00:00+00:00, run_after=2024-05-02 00:00:00+00:00
[2024-05-02T22:40:42.596+0000] {processor.py:183} INFO - Processing /home/airflow/.local/lib/python3.12/site-packages/airflow/example_dags/example_short_circuit_operator.py took 0.188 seconds
[2024-05-02T22:41:13.355+0000] {processor.py:161} INFO - Started process (PID=991) to work on /home/airflow/.local/lib/python3.12/site-packages/airflow/example_dags/example_short_circuit_operator.py
[2024-05-02T22:41:13.357+0000] {processor.py:830} INFO - Processing file /home/airflow/.local/lib/python3.12/site-packages/airflow/example_dags/example_short_circuit_operator.py for tasks to queue
[2024-05-02T22:41:13.361+0000] {logging_mixin.py:188} INFO - [2024-05-02T22:41:13.360+0000] {dagbag.py:540} INFO - Filling up the DagBag from /home/airflow/.local/lib/python3.12/site-packages/airflow/example_dags/example_short_circuit_operator.py
[2024-05-02T22:41:13.382+0000] {processor.py:840} INFO - DAG(s) 'example_short_circuit_operator' retrieved from /home/airflow/.local/lib/python3.12/site-packages/airflow/example_dags/example_short_circuit_operator.py
[2024-05-02T22:41:13.727+0000] {logging_mixin.py:188} INFO - [2024-05-02T22:41:13.726+0000] {dag.py:3096} INFO - Sync 1 DAGs
[2024-05-02T22:41:13.771+0000] {logging_mixin.py:188} INFO - [2024-05-02T22:41:13.771+0000] {dag.py:3954} INFO - Setting next_dagrun for example_short_circuit_operator to 2024-05-01 00:00:00+00:00, run_after=2024-05-02 00:00:00+00:00
[2024-05-02T22:41:13.812+0000] {processor.py:183} INFO - Processing /home/airflow/.local/lib/python3.12/site-packages/airflow/example_dags/example_short_circuit_operator.py took 0.469 seconds
[2024-05-02T22:41:44.141+0000] {processor.py:161} INFO - Started process (PID=1050) to work on /home/airflow/.local/lib/python3.12/site-packages/airflow/example_dags/example_short_circuit_operator.py
[2024-05-02T22:41:44.144+0000] {processor.py:830} INFO - Processing file /home/airflow/.local/lib/python3.12/site-packages/airflow/example_dags/example_short_circuit_operator.py for tasks to queue
[2024-05-02T22:41:44.151+0000] {logging_mixin.py:188} INFO - [2024-05-02T22:41:44.149+0000] {dagbag.py:540} INFO - Filling up the DagBag from /home/airflow/.local/lib/python3.12/site-packages/airflow/example_dags/example_short_circuit_operator.py
[2024-05-02T22:41:44.173+0000] {processor.py:840} INFO - DAG(s) 'example_short_circuit_operator' retrieved from /home/airflow/.local/lib/python3.12/site-packages/airflow/example_dags/example_short_circuit_operator.py
[2024-05-02T22:41:44.225+0000] {logging_mixin.py:188} INFO - [2024-05-02T22:41:44.224+0000] {dag.py:3096} INFO - Sync 1 DAGs
[2024-05-02T22:41:44.272+0000] {logging_mixin.py:188} INFO - [2024-05-02T22:41:44.272+0000] {dag.py:3954} INFO - Setting next_dagrun for example_short_circuit_operator to 2024-05-01 00:00:00+00:00, run_after=2024-05-02 00:00:00+00:00
[2024-05-02T22:41:44.311+0000] {processor.py:183} INFO - Processing /home/airflow/.local/lib/python3.12/site-packages/airflow/example_dags/example_short_circuit_operator.py took 0.189 seconds
[2024-05-02T22:42:14.688+0000] {processor.py:161} INFO - Started process (PID=1109) to work on /home/airflow/.local/lib/python3.12/site-packages/airflow/example_dags/example_short_circuit_operator.py
[2024-05-02T22:42:14.690+0000] {processor.py:830} INFO - Processing file /home/airflow/.local/lib/python3.12/site-packages/airflow/example_dags/example_short_circuit_operator.py for tasks to queue
[2024-05-02T22:42:14.697+0000] {logging_mixin.py:188} INFO - [2024-05-02T22:42:14.695+0000] {dagbag.py:540} INFO - Filling up the DagBag from /home/airflow/.local/lib/python3.12/site-packages/airflow/example_dags/example_short_circuit_operator.py
[2024-05-02T22:42:14.727+0000] {processor.py:840} INFO - DAG(s) 'example_short_circuit_operator' retrieved from /home/airflow/.local/lib/python3.12/site-packages/airflow/example_dags/example_short_circuit_operator.py
[2024-05-02T22:42:14.819+0000] {logging_mixin.py:188} INFO - [2024-05-02T22:42:14.818+0000] {dag.py:3096} INFO - Sync 1 DAGs
[2024-05-02T22:42:14.887+0000] {logging_mixin.py:188} INFO - [2024-05-02T22:42:14.886+0000] {dag.py:3954} INFO - Setting next_dagrun for example_short_circuit_operator to 2024-05-01 00:00:00+00:00, run_after=2024-05-02 00:00:00+00:00
[2024-05-02T22:42:14.948+0000] {processor.py:183} INFO - Processing /home/airflow/.local/lib/python3.12/site-packages/airflow/example_dags/example_short_circuit_operator.py took 0.278 seconds
[2024-05-02T22:42:45.529+0000] {processor.py:161} INFO - Started process (PID=1166) to work on /home/airflow/.local/lib/python3.12/site-packages/airflow/example_dags/example_short_circuit_operator.py
[2024-05-02T22:42:45.531+0000] {processor.py:830} INFO - Processing file /home/airflow/.local/lib/python3.12/site-packages/airflow/example_dags/example_short_circuit_operator.py for tasks to queue
[2024-05-02T22:42:45.541+0000] {logging_mixin.py:188} INFO - [2024-05-02T22:42:45.540+0000] {dagbag.py:540} INFO - Filling up the DagBag from /home/airflow/.local/lib/python3.12/site-packages/airflow/example_dags/example_short_circuit_operator.py
[2024-05-02T22:42:45.566+0000] {processor.py:840} INFO - DAG(s) 'example_short_circuit_operator' retrieved from /home/airflow/.local/lib/python3.12/site-packages/airflow/example_dags/example_short_circuit_operator.py
[2024-05-02T22:42:45.678+0000] {logging_mixin.py:188} INFO - [2024-05-02T22:42:45.678+0000] {dag.py:3096} INFO - Sync 1 DAGs
[2024-05-02T22:42:45.797+0000] {logging_mixin.py:188} INFO - [2024-05-02T22:42:45.790+0000] {dag.py:3954} INFO - Setting next_dagrun for example_short_circuit_operator to 2024-05-01 00:00:00+00:00, run_after=2024-05-02 00:00:00+00:00
[2024-05-02T22:42:45.931+0000] {processor.py:183} INFO - Processing /home/airflow/.local/lib/python3.12/site-packages/airflow/example_dags/example_short_circuit_operator.py took 0.419 seconds
[2024-05-02T22:43:16.224+0000] {processor.py:161} INFO - Started process (PID=1225) to work on /home/airflow/.local/lib/python3.12/site-packages/airflow/example_dags/example_short_circuit_operator.py
[2024-05-02T22:43:16.226+0000] {processor.py:830} INFO - Processing file /home/airflow/.local/lib/python3.12/site-packages/airflow/example_dags/example_short_circuit_operator.py for tasks to queue
[2024-05-02T22:43:16.229+0000] {logging_mixin.py:188} INFO - [2024-05-02T22:43:16.229+0000] {dagbag.py:540} INFO - Filling up the DagBag from /home/airflow/.local/lib/python3.12/site-packages/airflow/example_dags/example_short_circuit_operator.py
[2024-05-02T22:43:16.246+0000] {processor.py:840} INFO - DAG(s) 'example_short_circuit_operator' retrieved from /home/airflow/.local/lib/python3.12/site-packages/airflow/example_dags/example_short_circuit_operator.py
[2024-05-02T22:43:16.297+0000] {logging_mixin.py:188} INFO - [2024-05-02T22:43:16.296+0000] {dag.py:3096} INFO - Sync 1 DAGs
[2024-05-02T22:43:16.348+0000] {logging_mixin.py:188} INFO - [2024-05-02T22:43:16.348+0000] {dag.py:3954} INFO - Setting next_dagrun for example_short_circuit_operator to 2024-05-01 00:00:00+00:00, run_after=2024-05-02 00:00:00+00:00
[2024-05-02T22:43:16.389+0000] {processor.py:183} INFO - Processing /home/airflow/.local/lib/python3.12/site-packages/airflow/example_dags/example_short_circuit_operator.py took 0.182 seconds
[2024-05-02T22:43:47.267+0000] {processor.py:161} INFO - Started process (PID=1284) to work on /home/airflow/.local/lib/python3.12/site-packages/airflow/example_dags/example_short_circuit_operator.py
[2024-05-02T22:43:47.269+0000] {processor.py:830} INFO - Processing file /home/airflow/.local/lib/python3.12/site-packages/airflow/example_dags/example_short_circuit_operator.py for tasks to queue
[2024-05-02T22:43:47.274+0000] {logging_mixin.py:188} INFO - [2024-05-02T22:43:47.273+0000] {dagbag.py:540} INFO - Filling up the DagBag from /home/airflow/.local/lib/python3.12/site-packages/airflow/example_dags/example_short_circuit_operator.py
[2024-05-02T22:43:47.287+0000] {processor.py:840} INFO - DAG(s) 'example_short_circuit_operator' retrieved from /home/airflow/.local/lib/python3.12/site-packages/airflow/example_dags/example_short_circuit_operator.py
[2024-05-02T22:43:47.344+0000] {logging_mixin.py:188} INFO - [2024-05-02T22:43:47.344+0000] {dag.py:3096} INFO - Sync 1 DAGs
[2024-05-02T22:43:47.400+0000] {logging_mixin.py:188} INFO - [2024-05-02T22:43:47.399+0000] {dag.py:3954} INFO - Setting next_dagrun for example_short_circuit_operator to 2024-05-01 00:00:00+00:00, run_after=2024-05-02 00:00:00+00:00
[2024-05-02T22:43:47.446+0000] {processor.py:183} INFO - Processing /home/airflow/.local/lib/python3.12/site-packages/airflow/example_dags/example_short_circuit_operator.py took 0.192 seconds
[2024-05-02T22:44:17.942+0000] {processor.py:161} INFO - Started process (PID=1343) to work on /home/airflow/.local/lib/python3.12/site-packages/airflow/example_dags/example_short_circuit_operator.py
[2024-05-02T22:44:17.943+0000] {processor.py:830} INFO - Processing file /home/airflow/.local/lib/python3.12/site-packages/airflow/example_dags/example_short_circuit_operator.py for tasks to queue
[2024-05-02T22:44:17.946+0000] {logging_mixin.py:188} INFO - [2024-05-02T22:44:17.946+0000] {dagbag.py:540} INFO - Filling up the DagBag from /home/airflow/.local/lib/python3.12/site-packages/airflow/example_dags/example_short_circuit_operator.py
[2024-05-02T22:44:17.956+0000] {processor.py:840} INFO - DAG(s) 'example_short_circuit_operator' retrieved from /home/airflow/.local/lib/python3.12/site-packages/airflow/example_dags/example_short_circuit_operator.py
[2024-05-02T22:44:18.004+0000] {logging_mixin.py:188} INFO - [2024-05-02T22:44:18.003+0000] {dag.py:3096} INFO - Sync 1 DAGs
[2024-05-02T22:44:18.042+0000] {logging_mixin.py:188} INFO - [2024-05-02T22:44:18.041+0000] {dag.py:3954} INFO - Setting next_dagrun for example_short_circuit_operator to 2024-05-01 00:00:00+00:00, run_after=2024-05-02 00:00:00+00:00
[2024-05-02T22:44:18.081+0000] {processor.py:183} INFO - Processing /home/airflow/.local/lib/python3.12/site-packages/airflow/example_dags/example_short_circuit_operator.py took 0.148 seconds
[2024-05-02T22:44:50.769+0000] {processor.py:161} INFO - Started process (PID=1402) to work on /home/airflow/.local/lib/python3.12/site-packages/airflow/example_dags/example_short_circuit_operator.py
[2024-05-02T22:44:50.771+0000] {processor.py:830} INFO - Processing file /home/airflow/.local/lib/python3.12/site-packages/airflow/example_dags/example_short_circuit_operator.py for tasks to queue
[2024-05-02T22:44:50.775+0000] {logging_mixin.py:188} INFO - [2024-05-02T22:44:50.774+0000] {dagbag.py:540} INFO - Filling up the DagBag from /home/airflow/.local/lib/python3.12/site-packages/airflow/example_dags/example_short_circuit_operator.py
[2024-05-02T22:44:50.809+0000] {processor.py:840} INFO - DAG(s) 'example_short_circuit_operator' retrieved from /home/airflow/.local/lib/python3.12/site-packages/airflow/example_dags/example_short_circuit_operator.py
[2024-05-02T22:44:50.938+0000] {logging_mixin.py:188} INFO - [2024-05-02T22:44:50.931+0000] {dag.py:3096} INFO - Sync 1 DAGs
[2024-05-02T22:44:51.041+0000] {logging_mixin.py:188} INFO - [2024-05-02T22:44:51.040+0000] {dag.py:3954} INFO - Setting next_dagrun for example_short_circuit_operator to 2024-05-01 00:00:00+00:00, run_after=2024-05-02 00:00:00+00:00
[2024-05-02T22:44:51.175+0000] {processor.py:183} INFO - Processing /home/airflow/.local/lib/python3.12/site-packages/airflow/example_dags/example_short_circuit_operator.py took 0.428 seconds
[2024-05-02T22:45:21.392+0000] {processor.py:161} INFO - Started process (PID=1461) to work on /home/airflow/.local/lib/python3.12/site-packages/airflow/example_dags/example_short_circuit_operator.py
[2024-05-02T22:45:21.395+0000] {processor.py:830} INFO - Processing file /home/airflow/.local/lib/python3.12/site-packages/airflow/example_dags/example_short_circuit_operator.py for tasks to queue
[2024-05-02T22:45:21.402+0000] {logging_mixin.py:188} INFO - [2024-05-02T22:45:21.400+0000] {dagbag.py:540} INFO - Filling up the DagBag from /home/airflow/.local/lib/python3.12/site-packages/airflow/example_dags/example_short_circuit_operator.py
[2024-05-02T22:45:21.424+0000] {processor.py:840} INFO - DAG(s) 'example_short_circuit_operator' retrieved from /home/airflow/.local/lib/python3.12/site-packages/airflow/example_dags/example_short_circuit_operator.py
[2024-05-02T22:45:21.498+0000] {logging_mixin.py:188} INFO - [2024-05-02T22:45:21.498+0000] {dag.py:3096} INFO - Sync 1 DAGs
[2024-05-02T22:45:21.559+0000] {logging_mixin.py:188} INFO - [2024-05-02T22:45:21.558+0000] {dag.py:3954} INFO - Setting next_dagrun for example_short_circuit_operator to 2024-05-01 00:00:00+00:00, run_after=2024-05-02 00:00:00+00:00
[2024-05-02T22:45:21.623+0000] {processor.py:183} INFO - Processing /home/airflow/.local/lib/python3.12/site-packages/airflow/example_dags/example_short_circuit_operator.py took 0.255 seconds
[2024-05-02T22:45:51.954+0000] {processor.py:161} INFO - Started process (PID=1518) to work on /home/airflow/.local/lib/python3.12/site-packages/airflow/example_dags/example_short_circuit_operator.py
[2024-05-02T22:45:51.957+0000] {processor.py:830} INFO - Processing file /home/airflow/.local/lib/python3.12/site-packages/airflow/example_dags/example_short_circuit_operator.py for tasks to queue
[2024-05-02T22:45:51.962+0000] {logging_mixin.py:188} INFO - [2024-05-02T22:45:51.960+0000] {dagbag.py:540} INFO - Filling up the DagBag from /home/airflow/.local/lib/python3.12/site-packages/airflow/example_dags/example_short_circuit_operator.py
[2024-05-02T22:45:51.990+0000] {processor.py:840} INFO - DAG(s) 'example_short_circuit_operator' retrieved from /home/airflow/.local/lib/python3.12/site-packages/airflow/example_dags/example_short_circuit_operator.py
[2024-05-02T22:45:52.086+0000] {logging_mixin.py:188} INFO - [2024-05-02T22:45:52.086+0000] {dag.py:3096} INFO - Sync 1 DAGs
[2024-05-02T22:45:52.217+0000] {logging_mixin.py:188} INFO - [2024-05-02T22:45:52.216+0000] {dag.py:3954} INFO - Setting next_dagrun for example_short_circuit_operator to 2024-05-01 00:00:00+00:00, run_after=2024-05-02 00:00:00+00:00
[2024-05-02T22:45:52.276+0000] {processor.py:183} INFO - Processing /home/airflow/.local/lib/python3.12/site-packages/airflow/example_dags/example_short_circuit_operator.py took 0.340 seconds
[2024-05-02T22:46:22.669+0000] {processor.py:161} INFO - Started process (PID=1577) to work on /home/airflow/.local/lib/python3.12/site-packages/airflow/example_dags/example_short_circuit_operator.py
[2024-05-02T22:46:22.671+0000] {processor.py:830} INFO - Processing file /home/airflow/.local/lib/python3.12/site-packages/airflow/example_dags/example_short_circuit_operator.py for tasks to queue
[2024-05-02T22:46:22.676+0000] {logging_mixin.py:188} INFO - [2024-05-02T22:46:22.675+0000] {dagbag.py:540} INFO - Filling up the DagBag from /home/airflow/.local/lib/python3.12/site-packages/airflow/example_dags/example_short_circuit_operator.py
[2024-05-02T22:46:22.697+0000] {processor.py:840} INFO - DAG(s) 'example_short_circuit_operator' retrieved from /home/airflow/.local/lib/python3.12/site-packages/airflow/example_dags/example_short_circuit_operator.py
[2024-05-02T22:46:22.762+0000] {logging_mixin.py:188} INFO - [2024-05-02T22:46:22.761+0000] {dag.py:3096} INFO - Sync 1 DAGs
[2024-05-02T22:46:22.816+0000] {logging_mixin.py:188} INFO - [2024-05-02T22:46:22.815+0000] {dag.py:3954} INFO - Setting next_dagrun for example_short_circuit_operator to 2024-05-01 00:00:00+00:00, run_after=2024-05-02 00:00:00+00:00
[2024-05-02T22:46:22.863+0000] {processor.py:183} INFO - Processing /home/airflow/.local/lib/python3.12/site-packages/airflow/example_dags/example_short_circuit_operator.py took 0.209 seconds
[2024-05-02T22:46:52.942+0000] {processor.py:161} INFO - Started process (PID=1636) to work on /home/airflow/.local/lib/python3.12/site-packages/airflow/example_dags/example_short_circuit_operator.py
[2024-05-02T22:46:52.948+0000] {processor.py:830} INFO - Processing file /home/airflow/.local/lib/python3.12/site-packages/airflow/example_dags/example_short_circuit_operator.py for tasks to queue
[2024-05-02T22:46:52.952+0000] {logging_mixin.py:188} INFO - [2024-05-02T22:46:52.951+0000] {dagbag.py:540} INFO - Filling up the DagBag from /home/airflow/.local/lib/python3.12/site-packages/airflow/example_dags/example_short_circuit_operator.py
[2024-05-02T22:46:52.975+0000] {processor.py:840} INFO - DAG(s) 'example_short_circuit_operator' retrieved from /home/airflow/.local/lib/python3.12/site-packages/airflow/example_dags/example_short_circuit_operator.py
[2024-05-02T22:46:53.039+0000] {logging_mixin.py:188} INFO - [2024-05-02T22:46:53.039+0000] {dag.py:3096} INFO - Sync 1 DAGs
[2024-05-02T22:46:53.097+0000] {logging_mixin.py:188} INFO - [2024-05-02T22:46:53.096+0000] {dag.py:3954} INFO - Setting next_dagrun for example_short_circuit_operator to 2024-05-01 00:00:00+00:00, run_after=2024-05-02 00:00:00+00:00
[2024-05-02T22:46:53.141+0000] {processor.py:183} INFO - Processing /home/airflow/.local/lib/python3.12/site-packages/airflow/example_dags/example_short_circuit_operator.py took 0.213 seconds
[2024-05-02T22:47:23.323+0000] {processor.py:161} INFO - Started process (PID=1695) to work on /home/airflow/.local/lib/python3.12/site-packages/airflow/example_dags/example_short_circuit_operator.py
[2024-05-02T22:47:23.325+0000] {processor.py:830} INFO - Processing file /home/airflow/.local/lib/python3.12/site-packages/airflow/example_dags/example_short_circuit_operator.py for tasks to queue
[2024-05-02T22:47:23.331+0000] {logging_mixin.py:188} INFO - [2024-05-02T22:47:23.329+0000] {dagbag.py:540} INFO - Filling up the DagBag from /home/airflow/.local/lib/python3.12/site-packages/airflow/example_dags/example_short_circuit_operator.py
[2024-05-02T22:47:23.363+0000] {processor.py:840} INFO - DAG(s) 'example_short_circuit_operator' retrieved from /home/airflow/.local/lib/python3.12/site-packages/airflow/example_dags/example_short_circuit_operator.py
[2024-05-02T22:47:23.429+0000] {logging_mixin.py:188} INFO - [2024-05-02T22:47:23.428+0000] {dag.py:3096} INFO - Sync 1 DAGs
[2024-05-02T22:47:23.490+0000] {logging_mixin.py:188} INFO - [2024-05-02T22:47:23.489+0000] {dag.py:3954} INFO - Setting next_dagrun for example_short_circuit_operator to 2024-05-01 00:00:00+00:00, run_after=2024-05-02 00:00:00+00:00
[2024-05-02T22:47:23.554+0000] {processor.py:183} INFO - Processing /home/airflow/.local/lib/python3.12/site-packages/airflow/example_dags/example_short_circuit_operator.py took 0.248 seconds
[2024-05-02T22:47:53.647+0000] {processor.py:161} INFO - Started process (PID=1752) to work on /home/airflow/.local/lib/python3.12/site-packages/airflow/example_dags/example_short_circuit_operator.py
[2024-05-02T22:47:53.648+0000] {processor.py:830} INFO - Processing file /home/airflow/.local/lib/python3.12/site-packages/airflow/example_dags/example_short_circuit_operator.py for tasks to queue
[2024-05-02T22:47:53.653+0000] {logging_mixin.py:188} INFO - [2024-05-02T22:47:53.653+0000] {dagbag.py:540} INFO - Filling up the DagBag from /home/airflow/.local/lib/python3.12/site-packages/airflow/example_dags/example_short_circuit_operator.py
[2024-05-02T22:47:53.671+0000] {processor.py:840} INFO - DAG(s) 'example_short_circuit_operator' retrieved from /home/airflow/.local/lib/python3.12/site-packages/airflow/example_dags/example_short_circuit_operator.py
[2024-05-02T22:47:53.741+0000] {logging_mixin.py:188} INFO - [2024-05-02T22:47:53.740+0000] {dag.py:3096} INFO - Sync 1 DAGs
[2024-05-02T22:47:53.809+0000] {logging_mixin.py:188} INFO - [2024-05-02T22:47:53.808+0000] {dag.py:3954} INFO - Setting next_dagrun for example_short_circuit_operator to 2024-05-01 00:00:00+00:00, run_after=2024-05-02 00:00:00+00:00
[2024-05-02T22:47:53.914+0000] {processor.py:183} INFO - Processing /home/airflow/.local/lib/python3.12/site-packages/airflow/example_dags/example_short_circuit_operator.py took 0.281 seconds
[2024-05-02T22:48:24.227+0000] {processor.py:161} INFO - Started process (PID=1813) to work on /home/airflow/.local/lib/python3.12/site-packages/airflow/example_dags/example_short_circuit_operator.py
[2024-05-02T22:48:24.229+0000] {processor.py:830} INFO - Processing file /home/airflow/.local/lib/python3.12/site-packages/airflow/example_dags/example_short_circuit_operator.py for tasks to queue
[2024-05-02T22:48:24.232+0000] {logging_mixin.py:188} INFO - [2024-05-02T22:48:24.231+0000] {dagbag.py:540} INFO - Filling up the DagBag from /home/airflow/.local/lib/python3.12/site-packages/airflow/example_dags/example_short_circuit_operator.py
[2024-05-02T22:48:24.245+0000] {processor.py:840} INFO - DAG(s) 'example_short_circuit_operator' retrieved from /home/airflow/.local/lib/python3.12/site-packages/airflow/example_dags/example_short_circuit_operator.py
[2024-05-02T22:48:24.295+0000] {logging_mixin.py:188} INFO - [2024-05-02T22:48:24.295+0000] {dag.py:3096} INFO - Sync 1 DAGs
[2024-05-02T22:48:24.333+0000] {logging_mixin.py:188} INFO - [2024-05-02T22:48:24.333+0000] {dag.py:3954} INFO - Setting next_dagrun for example_short_circuit_operator to 2024-05-01 00:00:00+00:00, run_after=2024-05-02 00:00:00+00:00
[2024-05-02T22:48:24.374+0000] {processor.py:183} INFO - Processing /home/airflow/.local/lib/python3.12/site-packages/airflow/example_dags/example_short_circuit_operator.py took 0.156 seconds
[2024-05-02T22:48:54.514+0000] {processor.py:161} INFO - Started process (PID=1873) to work on /home/airflow/.local/lib/python3.12/site-packages/airflow/example_dags/example_short_circuit_operator.py
[2024-05-02T22:48:54.516+0000] {processor.py:830} INFO - Processing file /home/airflow/.local/lib/python3.12/site-packages/airflow/example_dags/example_short_circuit_operator.py for tasks to queue
[2024-05-02T22:48:54.520+0000] {logging_mixin.py:188} INFO - [2024-05-02T22:48:54.520+0000] {dagbag.py:540} INFO - Filling up the DagBag from /home/airflow/.local/lib/python3.12/site-packages/airflow/example_dags/example_short_circuit_operator.py
[2024-05-02T22:48:54.538+0000] {processor.py:840} INFO - DAG(s) 'example_short_circuit_operator' retrieved from /home/airflow/.local/lib/python3.12/site-packages/airflow/example_dags/example_short_circuit_operator.py
[2024-05-02T22:48:54.592+0000] {logging_mixin.py:188} INFO - [2024-05-02T22:48:54.591+0000] {dag.py:3096} INFO - Sync 1 DAGs
[2024-05-02T22:48:54.642+0000] {logging_mixin.py:188} INFO - [2024-05-02T22:48:54.641+0000] {dag.py:3954} INFO - Setting next_dagrun for example_short_circuit_operator to 2024-05-01 00:00:00+00:00, run_after=2024-05-02 00:00:00+00:00
[2024-05-02T22:48:54.676+0000] {processor.py:183} INFO - Processing /home/airflow/.local/lib/python3.12/site-packages/airflow/example_dags/example_short_circuit_operator.py took 0.175 seconds
[2024-05-02T22:49:25.143+0000] {processor.py:161} INFO - Started process (PID=1930) to work on /home/airflow/.local/lib/python3.12/site-packages/airflow/example_dags/example_short_circuit_operator.py
[2024-05-02T22:49:25.146+0000] {processor.py:830} INFO - Processing file /home/airflow/.local/lib/python3.12/site-packages/airflow/example_dags/example_short_circuit_operator.py for tasks to queue
[2024-05-02T22:49:25.152+0000] {logging_mixin.py:188} INFO - [2024-05-02T22:49:25.151+0000] {dagbag.py:540} INFO - Filling up the DagBag from /home/airflow/.local/lib/python3.12/site-packages/airflow/example_dags/example_short_circuit_operator.py
[2024-05-02T22:49:25.184+0000] {processor.py:840} INFO - DAG(s) 'example_short_circuit_operator' retrieved from /home/airflow/.local/lib/python3.12/site-packages/airflow/example_dags/example_short_circuit_operator.py
[2024-05-02T22:49:25.260+0000] {logging_mixin.py:188} INFO - [2024-05-02T22:49:25.259+0000] {dag.py:3096} INFO - Sync 1 DAGs
[2024-05-02T22:49:25.338+0000] {logging_mixin.py:188} INFO - [2024-05-02T22:49:25.337+0000] {dag.py:3954} INFO - Setting next_dagrun for example_short_circuit_operator to 2024-05-01 00:00:00+00:00, run_after=2024-05-02 00:00:00+00:00
[2024-05-02T22:49:25.419+0000] {processor.py:183} INFO - Processing /home/airflow/.local/lib/python3.12/site-packages/airflow/example_dags/example_short_circuit_operator.py took 0.297 seconds
[2024-05-02T22:49:55.721+0000] {processor.py:161} INFO - Started process (PID=1989) to work on /home/airflow/.local/lib/python3.12/site-packages/airflow/example_dags/example_short_circuit_operator.py
[2024-05-02T22:49:55.730+0000] {processor.py:830} INFO - Processing file /home/airflow/.local/lib/python3.12/site-packages/airflow/example_dags/example_short_circuit_operator.py for tasks to queue
[2024-05-02T22:49:55.749+0000] {logging_mixin.py:188} INFO - [2024-05-02T22:49:55.738+0000] {dagbag.py:540} INFO - Filling up the DagBag from /home/airflow/.local/lib/python3.12/site-packages/airflow/example_dags/example_short_circuit_operator.py
[2024-05-02T22:49:55.834+0000] {processor.py:840} INFO - DAG(s) 'example_short_circuit_operator' retrieved from /home/airflow/.local/lib/python3.12/site-packages/airflow/example_dags/example_short_circuit_operator.py
[2024-05-02T22:49:55.947+0000] {logging_mixin.py:188} INFO - [2024-05-02T22:49:55.946+0000] {dag.py:3096} INFO - Sync 1 DAGs
[2024-05-02T22:49:56.013+0000] {logging_mixin.py:188} INFO - [2024-05-02T22:49:56.013+0000] {dag.py:3954} INFO - Setting next_dagrun for example_short_circuit_operator to 2024-05-01 00:00:00+00:00, run_after=2024-05-02 00:00:00+00:00
[2024-05-02T22:49:56.088+0000] {processor.py:183} INFO - Processing /home/airflow/.local/lib/python3.12/site-packages/airflow/example_dags/example_short_circuit_operator.py took 0.405 seconds
[2024-05-02T22:50:26.722+0000] {processor.py:161} INFO - Started process (PID=2048) to work on /home/airflow/.local/lib/python3.12/site-packages/airflow/example_dags/example_short_circuit_operator.py
[2024-05-02T22:50:26.729+0000] {processor.py:830} INFO - Processing file /home/airflow/.local/lib/python3.12/site-packages/airflow/example_dags/example_short_circuit_operator.py for tasks to queue
[2024-05-02T22:50:26.748+0000] {logging_mixin.py:188} INFO - [2024-05-02T22:50:26.747+0000] {dagbag.py:540} INFO - Filling up the DagBag from /home/airflow/.local/lib/python3.12/site-packages/airflow/example_dags/example_short_circuit_operator.py
[2024-05-02T22:50:26.798+0000] {processor.py:840} INFO - DAG(s) 'example_short_circuit_operator' retrieved from /home/airflow/.local/lib/python3.12/site-packages/airflow/example_dags/example_short_circuit_operator.py
[2024-05-02T22:50:26.938+0000] {logging_mixin.py:188} INFO - [2024-05-02T22:50:26.937+0000] {dag.py:3096} INFO - Sync 1 DAGs
[2024-05-02T22:50:27.065+0000] {logging_mixin.py:188} INFO - [2024-05-02T22:50:27.064+0000] {dag.py:3954} INFO - Setting next_dagrun for example_short_circuit_operator to 2024-05-01 00:00:00+00:00, run_after=2024-05-02 00:00:00+00:00
[2024-05-02T22:50:27.209+0000] {processor.py:183} INFO - Processing /home/airflow/.local/lib/python3.12/site-packages/airflow/example_dags/example_short_circuit_operator.py took 0.512 seconds
[2024-05-02T22:50:57.427+0000] {processor.py:161} INFO - Started process (PID=2106) to work on /home/airflow/.local/lib/python3.12/site-packages/airflow/example_dags/example_short_circuit_operator.py
[2024-05-02T22:50:57.430+0000] {processor.py:830} INFO - Processing file /home/airflow/.local/lib/python3.12/site-packages/airflow/example_dags/example_short_circuit_operator.py for tasks to queue
[2024-05-02T22:50:57.434+0000] {logging_mixin.py:188} INFO - [2024-05-02T22:50:57.433+0000] {dagbag.py:540} INFO - Filling up the DagBag from /home/airflow/.local/lib/python3.12/site-packages/airflow/example_dags/example_short_circuit_operator.py
[2024-05-02T22:50:57.453+0000] {processor.py:840} INFO - DAG(s) 'example_short_circuit_operator' retrieved from /home/airflow/.local/lib/python3.12/site-packages/airflow/example_dags/example_short_circuit_operator.py
[2024-05-02T22:50:57.514+0000] {logging_mixin.py:188} INFO - [2024-05-02T22:50:57.513+0000] {dag.py:3096} INFO - Sync 1 DAGs
[2024-05-02T22:50:57.569+0000] {logging_mixin.py:188} INFO - [2024-05-02T22:50:57.569+0000] {dag.py:3954} INFO - Setting next_dagrun for example_short_circuit_operator to 2024-05-01 00:00:00+00:00, run_after=2024-05-02 00:00:00+00:00
[2024-05-02T22:50:57.624+0000] {processor.py:183} INFO - Processing /home/airflow/.local/lib/python3.12/site-packages/airflow/example_dags/example_short_circuit_operator.py took 0.210 seconds
[2024-05-02T22:51:27.975+0000] {processor.py:161} INFO - Started process (PID=2165) to work on /home/airflow/.local/lib/python3.12/site-packages/airflow/example_dags/example_short_circuit_operator.py
[2024-05-02T22:51:27.976+0000] {processor.py:830} INFO - Processing file /home/airflow/.local/lib/python3.12/site-packages/airflow/example_dags/example_short_circuit_operator.py for tasks to queue
[2024-05-02T22:51:27.979+0000] {logging_mixin.py:188} INFO - [2024-05-02T22:51:27.979+0000] {dagbag.py:540} INFO - Filling up the DagBag from /home/airflow/.local/lib/python3.12/site-packages/airflow/example_dags/example_short_circuit_operator.py
[2024-05-02T22:51:27.995+0000] {processor.py:840} INFO - DAG(s) 'example_short_circuit_operator' retrieved from /home/airflow/.local/lib/python3.12/site-packages/airflow/example_dags/example_short_circuit_operator.py
[2024-05-02T22:51:28.042+0000] {logging_mixin.py:188} INFO - [2024-05-02T22:51:28.041+0000] {dag.py:3096} INFO - Sync 1 DAGs
[2024-05-02T22:51:28.093+0000] {logging_mixin.py:188} INFO - [2024-05-02T22:51:28.093+0000] {dag.py:3954} INFO - Setting next_dagrun for example_short_circuit_operator to 2024-05-01 00:00:00+00:00, run_after=2024-05-02 00:00:00+00:00
[2024-05-02T22:51:28.140+0000] {processor.py:183} INFO - Processing /home/airflow/.local/lib/python3.12/site-packages/airflow/example_dags/example_short_circuit_operator.py took 0.180 seconds
[2024-05-02T22:51:58.744+0000] {processor.py:161} INFO - Started process (PID=2224) to work on /home/airflow/.local/lib/python3.12/site-packages/airflow/example_dags/example_short_circuit_operator.py
[2024-05-02T22:51:58.746+0000] {processor.py:830} INFO - Processing file /home/airflow/.local/lib/python3.12/site-packages/airflow/example_dags/example_short_circuit_operator.py for tasks to queue
[2024-05-02T22:51:58.751+0000] {logging_mixin.py:188} INFO - [2024-05-02T22:51:58.749+0000] {dagbag.py:540} INFO - Filling up the DagBag from /home/airflow/.local/lib/python3.12/site-packages/airflow/example_dags/example_short_circuit_operator.py
[2024-05-02T22:51:58.769+0000] {processor.py:840} INFO - DAG(s) 'example_short_circuit_operator' retrieved from /home/airflow/.local/lib/python3.12/site-packages/airflow/example_dags/example_short_circuit_operator.py
[2024-05-02T22:51:58.828+0000] {logging_mixin.py:188} INFO - [2024-05-02T22:51:58.828+0000] {dag.py:3096} INFO - Sync 1 DAGs
[2024-05-02T22:51:58.879+0000] {logging_mixin.py:188} INFO - [2024-05-02T22:51:58.878+0000] {dag.py:3954} INFO - Setting next_dagrun for example_short_circuit_operator to 2024-05-01 00:00:00+00:00, run_after=2024-05-02 00:00:00+00:00
[2024-05-02T22:51:58.927+0000] {processor.py:183} INFO - Processing /home/airflow/.local/lib/python3.12/site-packages/airflow/example_dags/example_short_circuit_operator.py took 0.196 seconds
[2024-05-02T22:52:29.084+0000] {processor.py:161} INFO - Started process (PID=2284) to work on /home/airflow/.local/lib/python3.12/site-packages/airflow/example_dags/example_short_circuit_operator.py
[2024-05-02T22:52:29.086+0000] {processor.py:830} INFO - Processing file /home/airflow/.local/lib/python3.12/site-packages/airflow/example_dags/example_short_circuit_operator.py for tasks to queue
[2024-05-02T22:52:29.094+0000] {logging_mixin.py:188} INFO - [2024-05-02T22:52:29.093+0000] {dagbag.py:540} INFO - Filling up the DagBag from /home/airflow/.local/lib/python3.12/site-packages/airflow/example_dags/example_short_circuit_operator.py
[2024-05-02T22:52:29.119+0000] {processor.py:840} INFO - DAG(s) 'example_short_circuit_operator' retrieved from /home/airflow/.local/lib/python3.12/site-packages/airflow/example_dags/example_short_circuit_operator.py
[2024-05-02T22:52:29.215+0000] {logging_mixin.py:188} INFO - [2024-05-02T22:52:29.214+0000] {dag.py:3096} INFO - Sync 1 DAGs
[2024-05-02T22:52:29.323+0000] {logging_mixin.py:188} INFO - [2024-05-02T22:52:29.323+0000] {dag.py:3954} INFO - Setting next_dagrun for example_short_circuit_operator to 2024-05-01 00:00:00+00:00, run_after=2024-05-02 00:00:00+00:00
[2024-05-02T22:52:29.378+0000] {processor.py:183} INFO - Processing /home/airflow/.local/lib/python3.12/site-packages/airflow/example_dags/example_short_circuit_operator.py took 0.313 seconds
[2024-05-02T22:52:59.710+0000] {processor.py:161} INFO - Started process (PID=2344) to work on /home/airflow/.local/lib/python3.12/site-packages/airflow/example_dags/example_short_circuit_operator.py
[2024-05-02T22:52:59.712+0000] {processor.py:830} INFO - Processing file /home/airflow/.local/lib/python3.12/site-packages/airflow/example_dags/example_short_circuit_operator.py for tasks to queue
[2024-05-02T22:52:59.716+0000] {logging_mixin.py:188} INFO - [2024-05-02T22:52:59.715+0000] {dagbag.py:540} INFO - Filling up the DagBag from /home/airflow/.local/lib/python3.12/site-packages/airflow/example_dags/example_short_circuit_operator.py
[2024-05-02T22:52:59.738+0000] {processor.py:840} INFO - DAG(s) 'example_short_circuit_operator' retrieved from /home/airflow/.local/lib/python3.12/site-packages/airflow/example_dags/example_short_circuit_operator.py
[2024-05-02T22:52:59.817+0000] {logging_mixin.py:188} INFO - [2024-05-02T22:52:59.817+0000] {dag.py:3096} INFO - Sync 1 DAGs
[2024-05-02T22:52:59.870+0000] {logging_mixin.py:188} INFO - [2024-05-02T22:52:59.869+0000] {dag.py:3954} INFO - Setting next_dagrun for example_short_circuit_operator to 2024-05-01 00:00:00+00:00, run_after=2024-05-02 00:00:00+00:00
[2024-05-02T22:52:59.923+0000] {processor.py:183} INFO - Processing /home/airflow/.local/lib/python3.12/site-packages/airflow/example_dags/example_short_circuit_operator.py took 0.226 seconds
[2024-05-02T22:53:30.451+0000] {processor.py:161} INFO - Started process (PID=2402) to work on /home/airflow/.local/lib/python3.12/site-packages/airflow/example_dags/example_short_circuit_operator.py
[2024-05-02T22:53:30.453+0000] {processor.py:830} INFO - Processing file /home/airflow/.local/lib/python3.12/site-packages/airflow/example_dags/example_short_circuit_operator.py for tasks to queue
[2024-05-02T22:53:30.460+0000] {logging_mixin.py:188} INFO - [2024-05-02T22:53:30.459+0000] {dagbag.py:540} INFO - Filling up the DagBag from /home/airflow/.local/lib/python3.12/site-packages/airflow/example_dags/example_short_circuit_operator.py
[2024-05-02T22:53:30.509+0000] {processor.py:840} INFO - DAG(s) 'example_short_circuit_operator' retrieved from /home/airflow/.local/lib/python3.12/site-packages/airflow/example_dags/example_short_circuit_operator.py
[2024-05-02T22:53:30.654+0000] {logging_mixin.py:188} INFO - [2024-05-02T22:53:30.653+0000] {dag.py:3096} INFO - Sync 1 DAGs
[2024-05-02T22:53:30.742+0000] {logging_mixin.py:188} INFO - [2024-05-02T22:53:30.741+0000] {dag.py:3954} INFO - Setting next_dagrun for example_short_circuit_operator to 2024-05-01 00:00:00+00:00, run_after=2024-05-02 00:00:00+00:00
[2024-05-02T22:53:30.822+0000] {processor.py:183} INFO - Processing /home/airflow/.local/lib/python3.12/site-packages/airflow/example_dags/example_short_circuit_operator.py took 0.392 seconds
[2024-05-02T22:54:00.983+0000] {processor.py:161} INFO - Started process (PID=2460) to work on /home/airflow/.local/lib/python3.12/site-packages/airflow/example_dags/example_short_circuit_operator.py
[2024-05-02T22:54:00.985+0000] {processor.py:830} INFO - Processing file /home/airflow/.local/lib/python3.12/site-packages/airflow/example_dags/example_short_circuit_operator.py for tasks to queue
[2024-05-02T22:54:00.991+0000] {logging_mixin.py:188} INFO - [2024-05-02T22:54:00.990+0000] {dagbag.py:540} INFO - Filling up the DagBag from /home/airflow/.local/lib/python3.12/site-packages/airflow/example_dags/example_short_circuit_operator.py
[2024-05-02T22:54:01.008+0000] {processor.py:840} INFO - DAG(s) 'example_short_circuit_operator' retrieved from /home/airflow/.local/lib/python3.12/site-packages/airflow/example_dags/example_short_circuit_operator.py
[2024-05-02T22:54:01.032+0000] {logging_mixin.py:188} INFO - [2024-05-02T22:54:01.031+0000] {dag.py:3096} INFO - Sync 1 DAGs
[2024-05-02T22:54:01.089+0000] {logging_mixin.py:188} INFO - [2024-05-02T22:54:01.088+0000] {dag.py:3954} INFO - Setting next_dagrun for example_short_circuit_operator to 2024-05-01 00:00:00+00:00, run_after=2024-05-02 00:00:00+00:00
[2024-05-02T22:54:01.161+0000] {processor.py:183} INFO - Processing /home/airflow/.local/lib/python3.12/site-packages/airflow/example_dags/example_short_circuit_operator.py took 0.193 seconds
[2024-05-02T22:54:32.360+0000] {processor.py:161} INFO - Started process (PID=2516) to work on /home/airflow/.local/lib/python3.12/site-packages/airflow/example_dags/example_short_circuit_operator.py
[2024-05-02T22:54:32.362+0000] {processor.py:830} INFO - Processing file /home/airflow/.local/lib/python3.12/site-packages/airflow/example_dags/example_short_circuit_operator.py for tasks to queue
[2024-05-02T22:54:32.367+0000] {logging_mixin.py:188} INFO - [2024-05-02T22:54:32.366+0000] {dagbag.py:540} INFO - Filling up the DagBag from /home/airflow/.local/lib/python3.12/site-packages/airflow/example_dags/example_short_circuit_operator.py
[2024-05-02T22:54:32.384+0000] {processor.py:840} INFO - DAG(s) 'example_short_circuit_operator' retrieved from /home/airflow/.local/lib/python3.12/site-packages/airflow/example_dags/example_short_circuit_operator.py
[2024-05-02T22:54:32.763+0000] {logging_mixin.py:188} INFO - [2024-05-02T22:54:32.762+0000] {dag.py:3096} INFO - Sync 1 DAGs
[2024-05-02T22:54:32.840+0000] {logging_mixin.py:188} INFO - [2024-05-02T22:54:32.840+0000] {dag.py:3954} INFO - Setting next_dagrun for example_short_circuit_operator to 2024-05-01 00:00:00+00:00, run_after=2024-05-02 00:00:00+00:00
[2024-05-02T22:54:32.926+0000] {processor.py:183} INFO - Processing /home/airflow/.local/lib/python3.12/site-packages/airflow/example_dags/example_short_circuit_operator.py took 0.593 seconds
[2024-05-02T22:55:03.090+0000] {processor.py:161} INFO - Started process (PID=2573) to work on /home/airflow/.local/lib/python3.12/site-packages/airflow/example_dags/example_short_circuit_operator.py
[2024-05-02T22:55:03.092+0000] {processor.py:830} INFO - Processing file /home/airflow/.local/lib/python3.12/site-packages/airflow/example_dags/example_short_circuit_operator.py for tasks to queue
[2024-05-02T22:55:03.096+0000] {logging_mixin.py:188} INFO - [2024-05-02T22:55:03.095+0000] {dagbag.py:540} INFO - Filling up the DagBag from /home/airflow/.local/lib/python3.12/site-packages/airflow/example_dags/example_short_circuit_operator.py
[2024-05-02T22:55:03.111+0000] {processor.py:840} INFO - DAG(s) 'example_short_circuit_operator' retrieved from /home/airflow/.local/lib/python3.12/site-packages/airflow/example_dags/example_short_circuit_operator.py
[2024-05-02T22:55:03.163+0000] {logging_mixin.py:188} INFO - [2024-05-02T22:55:03.163+0000] {dag.py:3096} INFO - Sync 1 DAGs
[2024-05-02T22:55:03.212+0000] {logging_mixin.py:188} INFO - [2024-05-02T22:55:03.212+0000] {dag.py:3954} INFO - Setting next_dagrun for example_short_circuit_operator to 2024-05-01 00:00:00+00:00, run_after=2024-05-02 00:00:00+00:00
[2024-05-02T22:55:03.259+0000] {processor.py:183} INFO - Processing /home/airflow/.local/lib/python3.12/site-packages/airflow/example_dags/example_short_circuit_operator.py took 0.184 seconds
[2024-05-02T22:55:33.863+0000] {processor.py:161} INFO - Started process (PID=2632) to work on /home/airflow/.local/lib/python3.12/site-packages/airflow/example_dags/example_short_circuit_operator.py
[2024-05-02T22:55:33.867+0000] {processor.py:830} INFO - Processing file /home/airflow/.local/lib/python3.12/site-packages/airflow/example_dags/example_short_circuit_operator.py for tasks to queue
[2024-05-02T22:55:33.870+0000] {logging_mixin.py:188} INFO - [2024-05-02T22:55:33.870+0000] {dagbag.py:540} INFO - Filling up the DagBag from /home/airflow/.local/lib/python3.12/site-packages/airflow/example_dags/example_short_circuit_operator.py
[2024-05-02T22:55:33.912+0000] {processor.py:840} INFO - DAG(s) 'example_short_circuit_operator' retrieved from /home/airflow/.local/lib/python3.12/site-packages/airflow/example_dags/example_short_circuit_operator.py
[2024-05-02T22:55:34.048+0000] {logging_mixin.py:188} INFO - [2024-05-02T22:55:34.047+0000] {dag.py:3096} INFO - Sync 1 DAGs
[2024-05-02T22:55:34.121+0000] {logging_mixin.py:188} INFO - [2024-05-02T22:55:34.120+0000] {dag.py:3954} INFO - Setting next_dagrun for example_short_circuit_operator to 2024-05-01 00:00:00+00:00, run_after=2024-05-02 00:00:00+00:00
[2024-05-02T22:55:34.211+0000] {processor.py:183} INFO - Processing /home/airflow/.local/lib/python3.12/site-packages/airflow/example_dags/example_short_circuit_operator.py took 0.361 seconds
[2024-05-02T22:56:04.996+0000] {processor.py:161} INFO - Started process (PID=2693) to work on /home/airflow/.local/lib/python3.12/site-packages/airflow/example_dags/example_short_circuit_operator.py
[2024-05-02T22:56:05.005+0000] {processor.py:830} INFO - Processing file /home/airflow/.local/lib/python3.12/site-packages/airflow/example_dags/example_short_circuit_operator.py for tasks to queue
[2024-05-02T22:56:05.022+0000] {logging_mixin.py:188} INFO - [2024-05-02T22:56:05.022+0000] {dagbag.py:540} INFO - Filling up the DagBag from /home/airflow/.local/lib/python3.12/site-packages/airflow/example_dags/example_short_circuit_operator.py
[2024-05-02T22:56:05.067+0000] {processor.py:840} INFO - DAG(s) 'example_short_circuit_operator' retrieved from /home/airflow/.local/lib/python3.12/site-packages/airflow/example_dags/example_short_circuit_operator.py
[2024-05-02T22:56:05.155+0000] {logging_mixin.py:188} INFO - [2024-05-02T22:56:05.155+0000] {dag.py:3096} INFO - Sync 1 DAGs
[2024-05-02T22:56:05.254+0000] {logging_mixin.py:188} INFO - [2024-05-02T22:56:05.253+0000] {dag.py:3954} INFO - Setting next_dagrun for example_short_circuit_operator to 2024-05-01 00:00:00+00:00, run_after=2024-05-02 00:00:00+00:00
[2024-05-02T22:56:05.340+0000] {processor.py:183} INFO - Processing /home/airflow/.local/lib/python3.12/site-packages/airflow/example_dags/example_short_circuit_operator.py took 0.367 seconds
[2024-05-02T22:57:09.066+0000] {processor.py:161} INFO - Started process (PID=43) to work on /home/airflow/.local/lib/python3.12/site-packages/airflow/example_dags/example_short_circuit_operator.py
[2024-05-02T22:57:09.067+0000] {processor.py:830} INFO - Processing file /home/airflow/.local/lib/python3.12/site-packages/airflow/example_dags/example_short_circuit_operator.py for tasks to queue
[2024-05-02T22:57:09.070+0000] {logging_mixin.py:188} INFO - [2024-05-02T22:57:09.070+0000] {dagbag.py:540} INFO - Filling up the DagBag from /home/airflow/.local/lib/python3.12/site-packages/airflow/example_dags/example_short_circuit_operator.py
[2024-05-02T22:57:09.087+0000] {processor.py:840} INFO - DAG(s) 'example_short_circuit_operator' retrieved from /home/airflow/.local/lib/python3.12/site-packages/airflow/example_dags/example_short_circuit_operator.py
[2024-05-02T22:57:09.146+0000] {logging_mixin.py:188} INFO - [2024-05-02T22:57:09.146+0000] {dag.py:3096} INFO - Sync 1 DAGs
[2024-05-02T22:57:09.184+0000] {logging_mixin.py:188} INFO - [2024-05-02T22:57:09.183+0000] {dag.py:3954} INFO - Setting next_dagrun for example_short_circuit_operator to 2024-05-01 00:00:00+00:00, run_after=2024-05-02 00:00:00+00:00
[2024-05-02T22:57:09.215+0000] {processor.py:183} INFO - Processing /home/airflow/.local/lib/python3.12/site-packages/airflow/example_dags/example_short_circuit_operator.py took 0.158 seconds
[2024-05-02T22:57:48.838+0000] {processor.py:161} INFO - Started process (PID=106) to work on /home/airflow/.local/lib/python3.12/site-packages/airflow/example_dags/example_short_circuit_operator.py
[2024-05-02T22:57:48.846+0000] {processor.py:830} INFO - Processing file /home/airflow/.local/lib/python3.12/site-packages/airflow/example_dags/example_short_circuit_operator.py for tasks to queue
[2024-05-02T22:57:48.855+0000] {logging_mixin.py:188} INFO - [2024-05-02T22:57:48.854+0000] {dagbag.py:540} INFO - Filling up the DagBag from /home/airflow/.local/lib/python3.12/site-packages/airflow/example_dags/example_short_circuit_operator.py
[2024-05-02T22:57:48.890+0000] {processor.py:840} INFO - DAG(s) 'example_short_circuit_operator' retrieved from /home/airflow/.local/lib/python3.12/site-packages/airflow/example_dags/example_short_circuit_operator.py
[2024-05-02T22:57:49.008+0000] {logging_mixin.py:188} INFO - [2024-05-02T22:57:49.007+0000] {dag.py:3096} INFO - Sync 1 DAGs
[2024-05-02T22:57:49.194+0000] {logging_mixin.py:188} INFO - [2024-05-02T22:57:49.191+0000] {dag.py:3954} INFO - Setting next_dagrun for example_short_circuit_operator to 2024-05-01 00:00:00+00:00, run_after=2024-05-02 00:00:00+00:00
[2024-05-02T22:57:49.249+0000] {processor.py:183} INFO - Processing /home/airflow/.local/lib/python3.12/site-packages/airflow/example_dags/example_short_circuit_operator.py took 0.432 seconds
[2024-05-02T22:58:19.484+0000] {processor.py:161} INFO - Started process (PID=164) to work on /home/airflow/.local/lib/python3.12/site-packages/airflow/example_dags/example_short_circuit_operator.py
[2024-05-02T22:58:19.488+0000] {processor.py:830} INFO - Processing file /home/airflow/.local/lib/python3.12/site-packages/airflow/example_dags/example_short_circuit_operator.py for tasks to queue
[2024-05-02T22:58:19.495+0000] {logging_mixin.py:188} INFO - [2024-05-02T22:58:19.494+0000] {dagbag.py:540} INFO - Filling up the DagBag from /home/airflow/.local/lib/python3.12/site-packages/airflow/example_dags/example_short_circuit_operator.py
[2024-05-02T22:58:19.544+0000] {processor.py:840} INFO - DAG(s) 'example_short_circuit_operator' retrieved from /home/airflow/.local/lib/python3.12/site-packages/airflow/example_dags/example_short_circuit_operator.py
[2024-05-02T22:58:19.725+0000] {logging_mixin.py:188} INFO - [2024-05-02T22:58:19.725+0000] {dag.py:3096} INFO - Sync 1 DAGs
[2024-05-02T22:58:19.875+0000] {logging_mixin.py:188} INFO - [2024-05-02T22:58:19.874+0000] {dag.py:3954} INFO - Setting next_dagrun for example_short_circuit_operator to 2024-05-01 00:00:00+00:00, run_after=2024-05-02 00:00:00+00:00
[2024-05-02T22:58:19.963+0000] {processor.py:183} INFO - Processing /home/airflow/.local/lib/python3.12/site-packages/airflow/example_dags/example_short_circuit_operator.py took 0.506 seconds
[2024-05-02T22:58:58.119+0000] {processor.py:161} INFO - Started process (PID=232) to work on /home/airflow/.local/lib/python3.12/site-packages/airflow/example_dags/example_short_circuit_operator.py
[2024-05-02T22:58:58.123+0000] {processor.py:830} INFO - Processing file /home/airflow/.local/lib/python3.12/site-packages/airflow/example_dags/example_short_circuit_operator.py for tasks to queue
[2024-05-02T22:58:58.137+0000] {logging_mixin.py:188} INFO - [2024-05-02T22:58:58.127+0000] {dagbag.py:540} INFO - Filling up the DagBag from /home/airflow/.local/lib/python3.12/site-packages/airflow/example_dags/example_short_circuit_operator.py
[2024-05-02T22:58:58.168+0000] {processor.py:840} INFO - DAG(s) 'example_short_circuit_operator' retrieved from /home/airflow/.local/lib/python3.12/site-packages/airflow/example_dags/example_short_circuit_operator.py
[2024-05-02T22:58:58.281+0000] {logging_mixin.py:188} INFO - [2024-05-02T22:58:58.280+0000] {dag.py:3096} INFO - Sync 1 DAGs
[2024-05-02T22:58:58.380+0000] {logging_mixin.py:188} INFO - [2024-05-02T22:58:58.379+0000] {dag.py:3954} INFO - Setting next_dagrun for example_short_circuit_operator to 2024-05-01 00:00:00+00:00, run_after=2024-05-02 00:00:00+00:00
[2024-05-02T22:58:58.472+0000] {processor.py:183} INFO - Processing /home/airflow/.local/lib/python3.12/site-packages/airflow/example_dags/example_short_circuit_operator.py took 0.370 seconds
[2024-05-02T22:59:29.342+0000] {processor.py:161} INFO - Started process (PID=295) to work on /home/airflow/.local/lib/python3.12/site-packages/airflow/example_dags/example_short_circuit_operator.py
[2024-05-02T22:59:29.344+0000] {processor.py:830} INFO - Processing file /home/airflow/.local/lib/python3.12/site-packages/airflow/example_dags/example_short_circuit_operator.py for tasks to queue
[2024-05-02T22:59:29.357+0000] {logging_mixin.py:188} INFO - [2024-05-02T22:59:29.354+0000] {dagbag.py:540} INFO - Filling up the DagBag from /home/airflow/.local/lib/python3.12/site-packages/airflow/example_dags/example_short_circuit_operator.py
[2024-05-02T22:59:29.400+0000] {processor.py:840} INFO - DAG(s) 'example_short_circuit_operator' retrieved from /home/airflow/.local/lib/python3.12/site-packages/airflow/example_dags/example_short_circuit_operator.py
[2024-05-02T22:59:29.493+0000] {logging_mixin.py:188} INFO - [2024-05-02T22:59:29.492+0000] {dag.py:3096} INFO - Sync 1 DAGs
[2024-05-02T22:59:29.628+0000] {logging_mixin.py:188} INFO - [2024-05-02T22:59:29.628+0000] {dag.py:3954} INFO - Setting next_dagrun for example_short_circuit_operator to 2024-05-01 00:00:00+00:00, run_after=2024-05-02 00:00:00+00:00
[2024-05-02T22:59:29.793+0000] {processor.py:183} INFO - Processing /home/airflow/.local/lib/python3.12/site-packages/airflow/example_dags/example_short_circuit_operator.py took 0.478 seconds
[2024-05-02T22:59:59.956+0000] {processor.py:161} INFO - Started process (PID=352) to work on /home/airflow/.local/lib/python3.12/site-packages/airflow/example_dags/example_short_circuit_operator.py
[2024-05-02T22:59:59.964+0000] {processor.py:830} INFO - Processing file /home/airflow/.local/lib/python3.12/site-packages/airflow/example_dags/example_short_circuit_operator.py for tasks to queue
[2024-05-02T22:59:59.981+0000] {logging_mixin.py:188} INFO - [2024-05-02T22:59:59.968+0000] {dagbag.py:540} INFO - Filling up the DagBag from /home/airflow/.local/lib/python3.12/site-packages/airflow/example_dags/example_short_circuit_operator.py
[2024-05-02T23:00:00.153+0000] {processor.py:840} INFO - DAG(s) 'example_short_circuit_operator' retrieved from /home/airflow/.local/lib/python3.12/site-packages/airflow/example_dags/example_short_circuit_operator.py
[2024-05-02T23:00:00.287+0000] {logging_mixin.py:188} INFO - [2024-05-02T23:00:00.286+0000] {dag.py:3096} INFO - Sync 1 DAGs
[2024-05-02T23:00:00.405+0000] {logging_mixin.py:188} INFO - [2024-05-02T23:00:00.404+0000] {dag.py:3954} INFO - Setting next_dagrun for example_short_circuit_operator to 2024-05-01 00:00:00+00:00, run_after=2024-05-02 00:00:00+00:00
[2024-05-02T23:00:00.523+0000] {processor.py:183} INFO - Processing /home/airflow/.local/lib/python3.12/site-packages/airflow/example_dags/example_short_circuit_operator.py took 0.604 seconds
[2024-05-02T23:00:30.866+0000] {processor.py:161} INFO - Started process (PID=411) to work on /home/airflow/.local/lib/python3.12/site-packages/airflow/example_dags/example_short_circuit_operator.py
[2024-05-02T23:00:30.869+0000] {processor.py:830} INFO - Processing file /home/airflow/.local/lib/python3.12/site-packages/airflow/example_dags/example_short_circuit_operator.py for tasks to queue
[2024-05-02T23:00:30.878+0000] {logging_mixin.py:188} INFO - [2024-05-02T23:00:30.877+0000] {dagbag.py:540} INFO - Filling up the DagBag from /home/airflow/.local/lib/python3.12/site-packages/airflow/example_dags/example_short_circuit_operator.py
[2024-05-02T23:00:30.909+0000] {processor.py:840} INFO - DAG(s) 'example_short_circuit_operator' retrieved from /home/airflow/.local/lib/python3.12/site-packages/airflow/example_dags/example_short_circuit_operator.py
[2024-05-02T23:00:31.013+0000] {logging_mixin.py:188} INFO - [2024-05-02T23:00:31.012+0000] {dag.py:3096} INFO - Sync 1 DAGs
[2024-05-02T23:00:31.109+0000] {logging_mixin.py:188} INFO - [2024-05-02T23:00:31.109+0000] {dag.py:3954} INFO - Setting next_dagrun for example_short_circuit_operator to 2024-05-01 00:00:00+00:00, run_after=2024-05-02 00:00:00+00:00
[2024-05-02T23:00:31.213+0000] {processor.py:183} INFO - Processing /home/airflow/.local/lib/python3.12/site-packages/airflow/example_dags/example_short_circuit_operator.py took 0.382 seconds
[2024-05-02T23:01:01.646+0000] {processor.py:161} INFO - Started process (PID=471) to work on /home/airflow/.local/lib/python3.12/site-packages/airflow/example_dags/example_short_circuit_operator.py
[2024-05-02T23:01:01.650+0000] {processor.py:830} INFO - Processing file /home/airflow/.local/lib/python3.12/site-packages/airflow/example_dags/example_short_circuit_operator.py for tasks to queue
[2024-05-02T23:01:01.655+0000] {logging_mixin.py:188} INFO - [2024-05-02T23:01:01.654+0000] {dagbag.py:540} INFO - Filling up the DagBag from /home/airflow/.local/lib/python3.12/site-packages/airflow/example_dags/example_short_circuit_operator.py
[2024-05-02T23:01:01.673+0000] {processor.py:840} INFO - DAG(s) 'example_short_circuit_operator' retrieved from /home/airflow/.local/lib/python3.12/site-packages/airflow/example_dags/example_short_circuit_operator.py
[2024-05-02T23:01:01.741+0000] {logging_mixin.py:188} INFO - [2024-05-02T23:01:01.740+0000] {dag.py:3096} INFO - Sync 1 DAGs
[2024-05-02T23:01:01.852+0000] {logging_mixin.py:188} INFO - [2024-05-02T23:01:01.851+0000] {dag.py:3954} INFO - Setting next_dagrun for example_short_circuit_operator to 2024-05-01 00:00:00+00:00, run_after=2024-05-02 00:00:00+00:00
[2024-05-02T23:01:01.940+0000] {processor.py:183} INFO - Processing /home/airflow/.local/lib/python3.12/site-packages/airflow/example_dags/example_short_circuit_operator.py took 0.307 seconds
[2024-05-02T23:01:32.745+0000] {processor.py:161} INFO - Started process (PID=530) to work on /home/airflow/.local/lib/python3.12/site-packages/airflow/example_dags/example_short_circuit_operator.py
[2024-05-02T23:01:32.746+0000] {processor.py:830} INFO - Processing file /home/airflow/.local/lib/python3.12/site-packages/airflow/example_dags/example_short_circuit_operator.py for tasks to queue
[2024-05-02T23:01:32.750+0000] {logging_mixin.py:188} INFO - [2024-05-02T23:01:32.749+0000] {dagbag.py:540} INFO - Filling up the DagBag from /home/airflow/.local/lib/python3.12/site-packages/airflow/example_dags/example_short_circuit_operator.py
[2024-05-02T23:01:32.768+0000] {processor.py:840} INFO - DAG(s) 'example_short_circuit_operator' retrieved from /home/airflow/.local/lib/python3.12/site-packages/airflow/example_dags/example_short_circuit_operator.py
[2024-05-02T23:01:32.819+0000] {logging_mixin.py:188} INFO - [2024-05-02T23:01:32.818+0000] {dag.py:3096} INFO - Sync 1 DAGs
[2024-05-02T23:01:32.873+0000] {logging_mixin.py:188} INFO - [2024-05-02T23:01:32.872+0000] {dag.py:3954} INFO - Setting next_dagrun for example_short_circuit_operator to 2024-05-01 00:00:00+00:00, run_after=2024-05-02 00:00:00+00:00
[2024-05-02T23:01:32.920+0000] {processor.py:183} INFO - Processing /home/airflow/.local/lib/python3.12/site-packages/airflow/example_dags/example_short_circuit_operator.py took 0.185 seconds
[2024-05-02T23:02:03.110+0000] {processor.py:161} INFO - Started process (PID=590) to work on /home/airflow/.local/lib/python3.12/site-packages/airflow/example_dags/example_short_circuit_operator.py
[2024-05-02T23:02:03.112+0000] {processor.py:830} INFO - Processing file /home/airflow/.local/lib/python3.12/site-packages/airflow/example_dags/example_short_circuit_operator.py for tasks to queue
[2024-05-02T23:02:03.117+0000] {logging_mixin.py:188} INFO - [2024-05-02T23:02:03.116+0000] {dagbag.py:540} INFO - Filling up the DagBag from /home/airflow/.local/lib/python3.12/site-packages/airflow/example_dags/example_short_circuit_operator.py
[2024-05-02T23:02:03.137+0000] {processor.py:840} INFO - DAG(s) 'example_short_circuit_operator' retrieved from /home/airflow/.local/lib/python3.12/site-packages/airflow/example_dags/example_short_circuit_operator.py
[2024-05-02T23:02:03.200+0000] {logging_mixin.py:188} INFO - [2024-05-02T23:02:03.199+0000] {dag.py:3096} INFO - Sync 1 DAGs
[2024-05-02T23:02:03.270+0000] {logging_mixin.py:188} INFO - [2024-05-02T23:02:03.269+0000] {dag.py:3954} INFO - Setting next_dagrun for example_short_circuit_operator to 2024-05-01 00:00:00+00:00, run_after=2024-05-02 00:00:00+00:00
[2024-05-02T23:02:03.347+0000] {processor.py:183} INFO - Processing /home/airflow/.local/lib/python3.12/site-packages/airflow/example_dags/example_short_circuit_operator.py took 0.250 seconds
[2024-05-02T23:02:33.603+0000] {processor.py:161} INFO - Started process (PID=649) to work on /home/airflow/.local/lib/python3.12/site-packages/airflow/example_dags/example_short_circuit_operator.py
[2024-05-02T23:02:33.605+0000] {processor.py:830} INFO - Processing file /home/airflow/.local/lib/python3.12/site-packages/airflow/example_dags/example_short_circuit_operator.py for tasks to queue
[2024-05-02T23:02:33.608+0000] {logging_mixin.py:188} INFO - [2024-05-02T23:02:33.608+0000] {dagbag.py:540} INFO - Filling up the DagBag from /home/airflow/.local/lib/python3.12/site-packages/airflow/example_dags/example_short_circuit_operator.py
[2024-05-02T23:02:33.621+0000] {processor.py:840} INFO - DAG(s) 'example_short_circuit_operator' retrieved from /home/airflow/.local/lib/python3.12/site-packages/airflow/example_dags/example_short_circuit_operator.py
[2024-05-02T23:02:33.662+0000] {logging_mixin.py:188} INFO - [2024-05-02T23:02:33.662+0000] {dag.py:3096} INFO - Sync 1 DAGs
[2024-05-02T23:02:33.709+0000] {logging_mixin.py:188} INFO - [2024-05-02T23:02:33.709+0000] {dag.py:3954} INFO - Setting next_dagrun for example_short_circuit_operator to 2024-05-01 00:00:00+00:00, run_after=2024-05-02 00:00:00+00:00
[2024-05-02T23:02:33.746+0000] {processor.py:183} INFO - Processing /home/airflow/.local/lib/python3.12/site-packages/airflow/example_dags/example_short_circuit_operator.py took 0.152 seconds
[2024-05-02T23:03:03.834+0000] {processor.py:161} INFO - Started process (PID=708) to work on /home/airflow/.local/lib/python3.12/site-packages/airflow/example_dags/example_short_circuit_operator.py
[2024-05-02T23:03:03.835+0000] {processor.py:830} INFO - Processing file /home/airflow/.local/lib/python3.12/site-packages/airflow/example_dags/example_short_circuit_operator.py for tasks to queue
[2024-05-02T23:03:03.840+0000] {logging_mixin.py:188} INFO - [2024-05-02T23:03:03.839+0000] {dagbag.py:540} INFO - Filling up the DagBag from /home/airflow/.local/lib/python3.12/site-packages/airflow/example_dags/example_short_circuit_operator.py
[2024-05-02T23:03:03.862+0000] {processor.py:840} INFO - DAG(s) 'example_short_circuit_operator' retrieved from /home/airflow/.local/lib/python3.12/site-packages/airflow/example_dags/example_short_circuit_operator.py
[2024-05-02T23:03:03.910+0000] {logging_mixin.py:188} INFO - [2024-05-02T23:03:03.909+0000] {dag.py:3096} INFO - Sync 1 DAGs
[2024-05-02T23:03:03.951+0000] {logging_mixin.py:188} INFO - [2024-05-02T23:03:03.951+0000] {dag.py:3954} INFO - Setting next_dagrun for example_short_circuit_operator to 2024-05-01 00:00:00+00:00, run_after=2024-05-02 00:00:00+00:00
[2024-05-02T23:03:03.993+0000] {processor.py:183} INFO - Processing /home/airflow/.local/lib/python3.12/site-packages/airflow/example_dags/example_short_circuit_operator.py took 0.172 seconds
[2024-05-02T23:03:34.698+0000] {processor.py:161} INFO - Started process (PID=767) to work on /home/airflow/.local/lib/python3.12/site-packages/airflow/example_dags/example_short_circuit_operator.py
[2024-05-02T23:03:34.700+0000] {processor.py:830} INFO - Processing file /home/airflow/.local/lib/python3.12/site-packages/airflow/example_dags/example_short_circuit_operator.py for tasks to queue
[2024-05-02T23:03:34.706+0000] {logging_mixin.py:188} INFO - [2024-05-02T23:03:34.705+0000] {dagbag.py:540} INFO - Filling up the DagBag from /home/airflow/.local/lib/python3.12/site-packages/airflow/example_dags/example_short_circuit_operator.py
[2024-05-02T23:03:34.724+0000] {processor.py:840} INFO - DAG(s) 'example_short_circuit_operator' retrieved from /home/airflow/.local/lib/python3.12/site-packages/airflow/example_dags/example_short_circuit_operator.py
[2024-05-02T23:03:34.768+0000] {logging_mixin.py:188} INFO - [2024-05-02T23:03:34.767+0000] {dag.py:3096} INFO - Sync 1 DAGs
[2024-05-02T23:03:34.813+0000] {logging_mixin.py:188} INFO - [2024-05-02T23:03:34.812+0000] {dag.py:3954} INFO - Setting next_dagrun for example_short_circuit_operator to 2024-05-01 00:00:00+00:00, run_after=2024-05-02 00:00:00+00:00
[2024-05-02T23:03:34.880+0000] {processor.py:183} INFO - Processing /home/airflow/.local/lib/python3.12/site-packages/airflow/example_dags/example_short_circuit_operator.py took 0.193 seconds
[2024-05-02T23:04:05.647+0000] {processor.py:161} INFO - Started process (PID=826) to work on /home/airflow/.local/lib/python3.12/site-packages/airflow/example_dags/example_short_circuit_operator.py
[2024-05-02T23:04:05.649+0000] {processor.py:830} INFO - Processing file /home/airflow/.local/lib/python3.12/site-packages/airflow/example_dags/example_short_circuit_operator.py for tasks to queue
[2024-05-02T23:04:05.654+0000] {logging_mixin.py:188} INFO - [2024-05-02T23:04:05.653+0000] {dagbag.py:540} INFO - Filling up the DagBag from /home/airflow/.local/lib/python3.12/site-packages/airflow/example_dags/example_short_circuit_operator.py
[2024-05-02T23:04:05.672+0000] {processor.py:840} INFO - DAG(s) 'example_short_circuit_operator' retrieved from /home/airflow/.local/lib/python3.12/site-packages/airflow/example_dags/example_short_circuit_operator.py
[2024-05-02T23:04:05.776+0000] {logging_mixin.py:188} INFO - [2024-05-02T23:04:05.766+0000] {dag.py:3096} INFO - Sync 1 DAGs
[2024-05-02T23:04:05.880+0000] {logging_mixin.py:188} INFO - [2024-05-02T23:04:05.879+0000] {dag.py:3954} INFO - Setting next_dagrun for example_short_circuit_operator to 2024-05-01 00:00:00+00:00, run_after=2024-05-02 00:00:00+00:00
[2024-05-02T23:04:05.936+0000] {processor.py:183} INFO - Processing /home/airflow/.local/lib/python3.12/site-packages/airflow/example_dags/example_short_circuit_operator.py took 0.302 seconds
[2024-05-02T23:04:36.705+0000] {processor.py:161} INFO - Started process (PID=885) to work on /home/airflow/.local/lib/python3.12/site-packages/airflow/example_dags/example_short_circuit_operator.py
[2024-05-02T23:04:36.707+0000] {processor.py:830} INFO - Processing file /home/airflow/.local/lib/python3.12/site-packages/airflow/example_dags/example_short_circuit_operator.py for tasks to queue
[2024-05-02T23:04:36.747+0000] {logging_mixin.py:188} INFO - [2024-05-02T23:04:36.746+0000] {dagbag.py:540} INFO - Filling up the DagBag from /home/airflow/.local/lib/python3.12/site-packages/airflow/example_dags/example_short_circuit_operator.py
[2024-05-02T23:04:36.796+0000] {processor.py:840} INFO - DAG(s) 'example_short_circuit_operator' retrieved from /home/airflow/.local/lib/python3.12/site-packages/airflow/example_dags/example_short_circuit_operator.py
[2024-05-02T23:04:36.946+0000] {logging_mixin.py:188} INFO - [2024-05-02T23:04:36.945+0000] {dag.py:3096} INFO - Sync 1 DAGs
[2024-05-02T23:04:37.107+0000] {logging_mixin.py:188} INFO - [2024-05-02T23:04:37.106+0000] {dag.py:3954} INFO - Setting next_dagrun for example_short_circuit_operator to 2024-05-01 00:00:00+00:00, run_after=2024-05-02 00:00:00+00:00
[2024-05-02T23:04:37.298+0000] {processor.py:183} INFO - Processing /home/airflow/.local/lib/python3.12/site-packages/airflow/example_dags/example_short_circuit_operator.py took 0.628 seconds
[2024-05-02T23:05:10.069+0000] {processor.py:161} INFO - Started process (PID=944) to work on /home/airflow/.local/lib/python3.12/site-packages/airflow/example_dags/example_short_circuit_operator.py
[2024-05-02T23:05:10.071+0000] {processor.py:830} INFO - Processing file /home/airflow/.local/lib/python3.12/site-packages/airflow/example_dags/example_short_circuit_operator.py for tasks to queue
[2024-05-02T23:05:10.075+0000] {logging_mixin.py:188} INFO - [2024-05-02T23:05:10.074+0000] {dagbag.py:540} INFO - Filling up the DagBag from /home/airflow/.local/lib/python3.12/site-packages/airflow/example_dags/example_short_circuit_operator.py
[2024-05-02T23:05:10.092+0000] {processor.py:840} INFO - DAG(s) 'example_short_circuit_operator' retrieved from /home/airflow/.local/lib/python3.12/site-packages/airflow/example_dags/example_short_circuit_operator.py
[2024-05-02T23:05:10.151+0000] {logging_mixin.py:188} INFO - [2024-05-02T23:05:10.150+0000] {dag.py:3096} INFO - Sync 1 DAGs
[2024-05-02T23:05:10.202+0000] {logging_mixin.py:188} INFO - [2024-05-02T23:05:10.202+0000] {dag.py:3954} INFO - Setting next_dagrun for example_short_circuit_operator to 2024-05-01 00:00:00+00:00, run_after=2024-05-02 00:00:00+00:00
[2024-05-02T23:05:10.239+0000] {processor.py:183} INFO - Processing /home/airflow/.local/lib/python3.12/site-packages/airflow/example_dags/example_short_circuit_operator.py took 0.184 seconds
[2024-05-02T23:05:41.637+0000] {processor.py:161} INFO - Started process (PID=1002) to work on /home/airflow/.local/lib/python3.12/site-packages/airflow/example_dags/example_short_circuit_operator.py
[2024-05-02T23:05:41.639+0000] {processor.py:830} INFO - Processing file /home/airflow/.local/lib/python3.12/site-packages/airflow/example_dags/example_short_circuit_operator.py for tasks to queue
[2024-05-02T23:05:41.643+0000] {logging_mixin.py:188} INFO - [2024-05-02T23:05:41.642+0000] {dagbag.py:540} INFO - Filling up the DagBag from /home/airflow/.local/lib/python3.12/site-packages/airflow/example_dags/example_short_circuit_operator.py
[2024-05-02T23:05:41.661+0000] {processor.py:840} INFO - DAG(s) 'example_short_circuit_operator' retrieved from /home/airflow/.local/lib/python3.12/site-packages/airflow/example_dags/example_short_circuit_operator.py
[2024-05-02T23:05:41.750+0000] {logging_mixin.py:188} INFO - [2024-05-02T23:05:41.749+0000] {dag.py:3096} INFO - Sync 1 DAGs
[2024-05-02T23:05:42.353+0000] {logging_mixin.py:188} INFO - [2024-05-02T23:05:42.352+0000] {dag.py:3954} INFO - Setting next_dagrun for example_short_circuit_operator to 2024-05-01 00:00:00+00:00, run_after=2024-05-02 00:00:00+00:00
[2024-05-02T23:05:42.446+0000] {processor.py:183} INFO - Processing /home/airflow/.local/lib/python3.12/site-packages/airflow/example_dags/example_short_circuit_operator.py took 0.820 seconds
[2024-05-02T23:06:12.535+0000] {processor.py:161} INFO - Started process (PID=1061) to work on /home/airflow/.local/lib/python3.12/site-packages/airflow/example_dags/example_short_circuit_operator.py
[2024-05-02T23:06:12.536+0000] {processor.py:830} INFO - Processing file /home/airflow/.local/lib/python3.12/site-packages/airflow/example_dags/example_short_circuit_operator.py for tasks to queue
[2024-05-02T23:06:12.539+0000] {logging_mixin.py:188} INFO - [2024-05-02T23:06:12.539+0000] {dagbag.py:540} INFO - Filling up the DagBag from /home/airflow/.local/lib/python3.12/site-packages/airflow/example_dags/example_short_circuit_operator.py
[2024-05-02T23:06:12.551+0000] {processor.py:840} INFO - DAG(s) 'example_short_circuit_operator' retrieved from /home/airflow/.local/lib/python3.12/site-packages/airflow/example_dags/example_short_circuit_operator.py
[2024-05-02T23:06:12.596+0000] {logging_mixin.py:188} INFO - [2024-05-02T23:06:12.595+0000] {dag.py:3096} INFO - Sync 1 DAGs
[2024-05-02T23:06:12.661+0000] {logging_mixin.py:188} INFO - [2024-05-02T23:06:12.661+0000] {dag.py:3954} INFO - Setting next_dagrun for example_short_circuit_operator to 2024-05-01 00:00:00+00:00, run_after=2024-05-02 00:00:00+00:00
[2024-05-02T23:06:12.701+0000] {processor.py:183} INFO - Processing /home/airflow/.local/lib/python3.12/site-packages/airflow/example_dags/example_short_circuit_operator.py took 0.176 seconds
[2024-05-02T23:06:43.260+0000] {processor.py:161} INFO - Started process (PID=1120) to work on /home/airflow/.local/lib/python3.12/site-packages/airflow/example_dags/example_short_circuit_operator.py
[2024-05-02T23:06:43.262+0000] {processor.py:830} INFO - Processing file /home/airflow/.local/lib/python3.12/site-packages/airflow/example_dags/example_short_circuit_operator.py for tasks to queue
[2024-05-02T23:06:43.267+0000] {logging_mixin.py:188} INFO - [2024-05-02T23:06:43.265+0000] {dagbag.py:540} INFO - Filling up the DagBag from /home/airflow/.local/lib/python3.12/site-packages/airflow/example_dags/example_short_circuit_operator.py
[2024-05-02T23:06:43.287+0000] {processor.py:840} INFO - DAG(s) 'example_short_circuit_operator' retrieved from /home/airflow/.local/lib/python3.12/site-packages/airflow/example_dags/example_short_circuit_operator.py
[2024-05-02T23:06:43.363+0000] {logging_mixin.py:188} INFO - [2024-05-02T23:06:43.362+0000] {dag.py:3096} INFO - Sync 1 DAGs
[2024-05-02T23:06:43.454+0000] {logging_mixin.py:188} INFO - [2024-05-02T23:06:43.453+0000] {dag.py:3954} INFO - Setting next_dagrun for example_short_circuit_operator to 2024-05-01 00:00:00+00:00, run_after=2024-05-02 00:00:00+00:00
[2024-05-02T23:06:43.511+0000] {processor.py:183} INFO - Processing /home/airflow/.local/lib/python3.12/site-packages/airflow/example_dags/example_short_circuit_operator.py took 0.264 seconds
