[2024-05-02T22:21:02.745+0000] {processor.py:161} INFO - Started process (PID=89) to work on /home/airflow/.local/lib/python3.12/site-packages/airflow/example_dags/example_latest_only_with_trigger.py
[2024-05-02T22:21:02.747+0000] {processor.py:830} INFO - Processing file /home/airflow/.local/lib/python3.12/site-packages/airflow/example_dags/example_latest_only_with_trigger.py for tasks to queue
[2024-05-02T22:21:02.752+0000] {logging_mixin.py:188} INFO - [2024-05-02T22:21:02.751+0000] {dagbag.py:540} INFO - Filling up the DagBag from /home/airflow/.local/lib/python3.12/site-packages/airflow/example_dags/example_latest_only_with_trigger.py
[2024-05-02T22:21:02.771+0000] {processor.py:840} INFO - DAG(s) 'latest_only_with_trigger' retrieved from /home/airflow/.local/lib/python3.12/site-packages/airflow/example_dags/example_latest_only_with_trigger.py
[2024-05-02T22:21:03.098+0000] {logging_mixin.py:188} INFO - [2024-05-02T22:21:03.098+0000] {dag.py:3096} INFO - Sync 1 DAGs
[2024-05-02T22:21:03.154+0000] {logging_mixin.py:188} INFO - [2024-05-02T22:21:03.153+0000] {dag.py:3954} INFO - Setting next_dagrun for latest_only_with_trigger to 2024-05-02 16:00:00+00:00, run_after=2024-05-02 20:00:00+00:00
[2024-05-02T22:21:03.220+0000] {processor.py:183} INFO - Processing /home/airflow/.local/lib/python3.12/site-packages/airflow/example_dags/example_latest_only_with_trigger.py took 0.488 seconds
[2024-05-02T22:21:53.654+0000] {processor.py:161} INFO - Started process (PID=157) to work on /home/airflow/.local/lib/python3.12/site-packages/airflow/example_dags/example_latest_only_with_trigger.py
[2024-05-02T22:21:53.716+0000] {processor.py:830} INFO - Processing file /home/airflow/.local/lib/python3.12/site-packages/airflow/example_dags/example_latest_only_with_trigger.py for tasks to queue
[2024-05-02T22:21:53.800+0000] {logging_mixin.py:188} INFO - [2024-05-02T22:21:53.792+0000] {dagbag.py:540} INFO - Filling up the DagBag from /home/airflow/.local/lib/python3.12/site-packages/airflow/example_dags/example_latest_only_with_trigger.py
[2024-05-02T22:21:53.873+0000] {processor.py:840} INFO - DAG(s) 'latest_only_with_trigger' retrieved from /home/airflow/.local/lib/python3.12/site-packages/airflow/example_dags/example_latest_only_with_trigger.py
[2024-05-02T22:21:54.170+0000] {logging_mixin.py:188} INFO - [2024-05-02T22:21:54.169+0000] {dag.py:3096} INFO - Sync 1 DAGs
[2024-05-02T22:21:54.545+0000] {logging_mixin.py:188} INFO - [2024-05-02T22:21:54.544+0000] {dag.py:3954} INFO - Setting next_dagrun for latest_only_with_trigger to 2024-05-02 16:00:00+00:00, run_after=2024-05-02 20:00:00+00:00
[2024-05-02T22:21:54.931+0000] {processor.py:183} INFO - Processing /home/airflow/.local/lib/python3.12/site-packages/airflow/example_dags/example_latest_only_with_trigger.py took 1.396 seconds
[2024-05-02T22:23:16.131+0000] {processor.py:161} INFO - Started process (PID=234) to work on /home/airflow/.local/lib/python3.12/site-packages/airflow/example_dags/example_latest_only_with_trigger.py
[2024-05-02T22:23:16.218+0000] {processor.py:830} INFO - Processing file /home/airflow/.local/lib/python3.12/site-packages/airflow/example_dags/example_latest_only_with_trigger.py for tasks to queue
[2024-05-02T22:23:16.251+0000] {logging_mixin.py:188} INFO - [2024-05-02T22:23:16.250+0000] {dagbag.py:540} INFO - Filling up the DagBag from /home/airflow/.local/lib/python3.12/site-packages/airflow/example_dags/example_latest_only_with_trigger.py
[2024-05-02T22:23:16.326+0000] {processor.py:840} INFO - DAG(s) 'latest_only_with_trigger' retrieved from /home/airflow/.local/lib/python3.12/site-packages/airflow/example_dags/example_latest_only_with_trigger.py
[2024-05-02T22:23:16.605+0000] {logging_mixin.py:188} INFO - [2024-05-02T22:23:16.604+0000] {dag.py:3096} INFO - Sync 1 DAGs
[2024-05-02T22:23:16.797+0000] {logging_mixin.py:188} INFO - [2024-05-02T22:23:16.796+0000] {dag.py:3954} INFO - Setting next_dagrun for latest_only_with_trigger to 2024-05-02 16:00:00+00:00, run_after=2024-05-02 20:00:00+00:00
[2024-05-02T22:23:16.921+0000] {processor.py:183} INFO - Processing /home/airflow/.local/lib/python3.12/site-packages/airflow/example_dags/example_latest_only_with_trigger.py took 0.923 seconds
[2024-05-02T22:32:47.661+0000] {processor.py:161} INFO - Started process (PID=89) to work on /home/airflow/.local/lib/python3.12/site-packages/airflow/example_dags/example_latest_only_with_trigger.py
[2024-05-02T22:32:47.663+0000] {processor.py:830} INFO - Processing file /home/airflow/.local/lib/python3.12/site-packages/airflow/example_dags/example_latest_only_with_trigger.py for tasks to queue
[2024-05-02T22:32:47.676+0000] {logging_mixin.py:188} INFO - [2024-05-02T22:32:47.670+0000] {dagbag.py:540} INFO - Filling up the DagBag from /home/airflow/.local/lib/python3.12/site-packages/airflow/example_dags/example_latest_only_with_trigger.py
[2024-05-02T22:32:47.699+0000] {processor.py:840} INFO - DAG(s) 'latest_only_with_trigger' retrieved from /home/airflow/.local/lib/python3.12/site-packages/airflow/example_dags/example_latest_only_with_trigger.py
[2024-05-02T22:32:48.229+0000] {logging_mixin.py:188} INFO - [2024-05-02T22:32:48.228+0000] {dag.py:3096} INFO - Sync 1 DAGs
[2024-05-02T22:32:48.310+0000] {logging_mixin.py:188} INFO - [2024-05-02T22:32:48.310+0000] {dag.py:3954} INFO - Setting next_dagrun for latest_only_with_trigger to 2024-05-02 16:00:00+00:00, run_after=2024-05-02 20:00:00+00:00
[2024-05-02T22:32:48.390+0000] {processor.py:183} INFO - Processing /home/airflow/.local/lib/python3.12/site-packages/airflow/example_dags/example_latest_only_with_trigger.py took 0.751 seconds
[2024-05-02T22:33:19.251+0000] {processor.py:161} INFO - Started process (PID=148) to work on /home/airflow/.local/lib/python3.12/site-packages/airflow/example_dags/example_latest_only_with_trigger.py
[2024-05-02T22:33:19.253+0000] {processor.py:830} INFO - Processing file /home/airflow/.local/lib/python3.12/site-packages/airflow/example_dags/example_latest_only_with_trigger.py for tasks to queue
[2024-05-02T22:33:19.257+0000] {logging_mixin.py:188} INFO - [2024-05-02T22:33:19.256+0000] {dagbag.py:540} INFO - Filling up the DagBag from /home/airflow/.local/lib/python3.12/site-packages/airflow/example_dags/example_latest_only_with_trigger.py
[2024-05-02T22:33:19.267+0000] {processor.py:840} INFO - DAG(s) 'latest_only_with_trigger' retrieved from /home/airflow/.local/lib/python3.12/site-packages/airflow/example_dags/example_latest_only_with_trigger.py
[2024-05-02T22:33:19.309+0000] {logging_mixin.py:188} INFO - [2024-05-02T22:33:19.309+0000] {dag.py:3096} INFO - Sync 1 DAGs
[2024-05-02T22:33:19.374+0000] {logging_mixin.py:188} INFO - [2024-05-02T22:33:19.374+0000] {dag.py:3954} INFO - Setting next_dagrun for latest_only_with_trigger to 2024-05-02 16:00:00+00:00, run_after=2024-05-02 20:00:00+00:00
[2024-05-02T22:33:19.427+0000] {processor.py:183} INFO - Processing /home/airflow/.local/lib/python3.12/site-packages/airflow/example_dags/example_latest_only_with_trigger.py took 0.188 seconds
[2024-05-02T22:33:57.352+0000] {processor.py:161} INFO - Started process (PID=212) to work on /home/airflow/.local/lib/python3.12/site-packages/airflow/example_dags/example_latest_only_with_trigger.py
[2024-05-02T22:33:57.359+0000] {processor.py:830} INFO - Processing file /home/airflow/.local/lib/python3.12/site-packages/airflow/example_dags/example_latest_only_with_trigger.py for tasks to queue
[2024-05-02T22:33:57.363+0000] {logging_mixin.py:188} INFO - [2024-05-02T22:33:57.362+0000] {dagbag.py:540} INFO - Filling up the DagBag from /home/airflow/.local/lib/python3.12/site-packages/airflow/example_dags/example_latest_only_with_trigger.py
[2024-05-02T22:33:57.381+0000] {processor.py:840} INFO - DAG(s) 'latest_only_with_trigger' retrieved from /home/airflow/.local/lib/python3.12/site-packages/airflow/example_dags/example_latest_only_with_trigger.py
[2024-05-02T22:33:57.436+0000] {logging_mixin.py:188} INFO - [2024-05-02T22:33:57.435+0000] {dag.py:3096} INFO - Sync 1 DAGs
[2024-05-02T22:33:57.534+0000] {logging_mixin.py:188} INFO - [2024-05-02T22:33:57.533+0000] {dag.py:3954} INFO - Setting next_dagrun for latest_only_with_trigger to 2024-05-02 16:00:00+00:00, run_after=2024-05-02 20:00:00+00:00
[2024-05-02T22:33:57.594+0000] {processor.py:183} INFO - Processing /home/airflow/.local/lib/python3.12/site-packages/airflow/example_dags/example_latest_only_with_trigger.py took 0.267 seconds
[2024-05-02T22:34:28.328+0000] {processor.py:161} INFO - Started process (PID=271) to work on /home/airflow/.local/lib/python3.12/site-packages/airflow/example_dags/example_latest_only_with_trigger.py
[2024-05-02T22:34:28.330+0000] {processor.py:830} INFO - Processing file /home/airflow/.local/lib/python3.12/site-packages/airflow/example_dags/example_latest_only_with_trigger.py for tasks to queue
[2024-05-02T22:34:28.335+0000] {logging_mixin.py:188} INFO - [2024-05-02T22:34:28.334+0000] {dagbag.py:540} INFO - Filling up the DagBag from /home/airflow/.local/lib/python3.12/site-packages/airflow/example_dags/example_latest_only_with_trigger.py
[2024-05-02T22:34:28.351+0000] {processor.py:840} INFO - DAG(s) 'latest_only_with_trigger' retrieved from /home/airflow/.local/lib/python3.12/site-packages/airflow/example_dags/example_latest_only_with_trigger.py
[2024-05-02T22:34:28.425+0000] {logging_mixin.py:188} INFO - [2024-05-02T22:34:28.424+0000] {dag.py:3096} INFO - Sync 1 DAGs
[2024-05-02T22:34:28.510+0000] {logging_mixin.py:188} INFO - [2024-05-02T22:34:28.510+0000] {dag.py:3954} INFO - Setting next_dagrun for latest_only_with_trigger to 2024-05-02 16:00:00+00:00, run_after=2024-05-02 20:00:00+00:00
[2024-05-02T22:34:28.562+0000] {processor.py:183} INFO - Processing /home/airflow/.local/lib/python3.12/site-packages/airflow/example_dags/example_latest_only_with_trigger.py took 0.249 seconds
[2024-05-02T22:34:58.974+0000] {processor.py:161} INFO - Started process (PID=331) to work on /home/airflow/.local/lib/python3.12/site-packages/airflow/example_dags/example_latest_only_with_trigger.py
[2024-05-02T22:34:58.976+0000] {processor.py:830} INFO - Processing file /home/airflow/.local/lib/python3.12/site-packages/airflow/example_dags/example_latest_only_with_trigger.py for tasks to queue
[2024-05-02T22:34:58.980+0000] {logging_mixin.py:188} INFO - [2024-05-02T22:34:58.979+0000] {dagbag.py:540} INFO - Filling up the DagBag from /home/airflow/.local/lib/python3.12/site-packages/airflow/example_dags/example_latest_only_with_trigger.py
[2024-05-02T22:34:58.999+0000] {processor.py:840} INFO - DAG(s) 'latest_only_with_trigger' retrieved from /home/airflow/.local/lib/python3.12/site-packages/airflow/example_dags/example_latest_only_with_trigger.py
[2024-05-02T22:34:59.031+0000] {logging_mixin.py:188} INFO - [2024-05-02T22:34:59.029+0000] {dag.py:3096} INFO - Sync 1 DAGs
[2024-05-02T22:34:59.265+0000] {logging_mixin.py:188} INFO - [2024-05-02T22:34:59.265+0000] {dag.py:3954} INFO - Setting next_dagrun for latest_only_with_trigger to 2024-05-02 16:00:00+00:00, run_after=2024-05-02 20:00:00+00:00
[2024-05-02T22:34:59.397+0000] {processor.py:183} INFO - Processing /home/airflow/.local/lib/python3.12/site-packages/airflow/example_dags/example_latest_only_with_trigger.py took 0.443 seconds
[2024-05-02T22:35:32.241+0000] {processor.py:161} INFO - Started process (PID=395) to work on /home/airflow/.local/lib/python3.12/site-packages/airflow/example_dags/example_latest_only_with_trigger.py
[2024-05-02T22:35:32.243+0000] {processor.py:830} INFO - Processing file /home/airflow/.local/lib/python3.12/site-packages/airflow/example_dags/example_latest_only_with_trigger.py for tasks to queue
[2024-05-02T22:35:32.248+0000] {logging_mixin.py:188} INFO - [2024-05-02T22:35:32.247+0000] {dagbag.py:540} INFO - Filling up the DagBag from /home/airflow/.local/lib/python3.12/site-packages/airflow/example_dags/example_latest_only_with_trigger.py
[2024-05-02T22:35:32.260+0000] {processor.py:840} INFO - DAG(s) 'latest_only_with_trigger' retrieved from /home/airflow/.local/lib/python3.12/site-packages/airflow/example_dags/example_latest_only_with_trigger.py
[2024-05-02T22:35:32.522+0000] {logging_mixin.py:188} INFO - [2024-05-02T22:35:32.521+0000] {dag.py:3096} INFO - Sync 1 DAGs
[2024-05-02T22:35:32.902+0000] {logging_mixin.py:188} INFO - [2024-05-02T22:35:32.901+0000] {dag.py:3954} INFO - Setting next_dagrun for latest_only_with_trigger to 2024-05-02 16:00:00+00:00, run_after=2024-05-02 20:00:00+00:00
[2024-05-02T22:35:32.956+0000] {processor.py:183} INFO - Processing /home/airflow/.local/lib/python3.12/site-packages/airflow/example_dags/example_latest_only_with_trigger.py took 0.725 seconds
[2024-05-02T22:36:03.876+0000] {processor.py:161} INFO - Started process (PID=453) to work on /home/airflow/.local/lib/python3.12/site-packages/airflow/example_dags/example_latest_only_with_trigger.py
[2024-05-02T22:36:03.878+0000] {processor.py:830} INFO - Processing file /home/airflow/.local/lib/python3.12/site-packages/airflow/example_dags/example_latest_only_with_trigger.py for tasks to queue
[2024-05-02T22:36:03.882+0000] {logging_mixin.py:188} INFO - [2024-05-02T22:36:03.881+0000] {dagbag.py:540} INFO - Filling up the DagBag from /home/airflow/.local/lib/python3.12/site-packages/airflow/example_dags/example_latest_only_with_trigger.py
[2024-05-02T22:36:03.893+0000] {processor.py:840} INFO - DAG(s) 'latest_only_with_trigger' retrieved from /home/airflow/.local/lib/python3.12/site-packages/airflow/example_dags/example_latest_only_with_trigger.py
[2024-05-02T22:36:03.943+0000] {logging_mixin.py:188} INFO - [2024-05-02T22:36:03.942+0000] {dag.py:3096} INFO - Sync 1 DAGs
[2024-05-02T22:36:04.002+0000] {logging_mixin.py:188} INFO - [2024-05-02T22:36:04.001+0000] {dag.py:3954} INFO - Setting next_dagrun for latest_only_with_trigger to 2024-05-02 16:00:00+00:00, run_after=2024-05-02 20:00:00+00:00
[2024-05-02T22:36:04.050+0000] {processor.py:183} INFO - Processing /home/airflow/.local/lib/python3.12/site-packages/airflow/example_dags/example_latest_only_with_trigger.py took 0.186 seconds
[2024-05-02T22:36:34.479+0000] {processor.py:161} INFO - Started process (PID=512) to work on /home/airflow/.local/lib/python3.12/site-packages/airflow/example_dags/example_latest_only_with_trigger.py
[2024-05-02T22:36:34.482+0000] {processor.py:830} INFO - Processing file /home/airflow/.local/lib/python3.12/site-packages/airflow/example_dags/example_latest_only_with_trigger.py for tasks to queue
[2024-05-02T22:36:34.486+0000] {logging_mixin.py:188} INFO - [2024-05-02T22:36:34.486+0000] {dagbag.py:540} INFO - Filling up the DagBag from /home/airflow/.local/lib/python3.12/site-packages/airflow/example_dags/example_latest_only_with_trigger.py
[2024-05-02T22:36:34.504+0000] {processor.py:840} INFO - DAG(s) 'latest_only_with_trigger' retrieved from /home/airflow/.local/lib/python3.12/site-packages/airflow/example_dags/example_latest_only_with_trigger.py
[2024-05-02T22:36:34.585+0000] {logging_mixin.py:188} INFO - [2024-05-02T22:36:34.581+0000] {dag.py:3096} INFO - Sync 1 DAGs
[2024-05-02T22:36:34.680+0000] {logging_mixin.py:188} INFO - [2024-05-02T22:36:34.679+0000] {dag.py:3954} INFO - Setting next_dagrun for latest_only_with_trigger to 2024-05-02 16:00:00+00:00, run_after=2024-05-02 20:00:00+00:00
[2024-05-02T22:36:34.780+0000] {processor.py:183} INFO - Processing /home/airflow/.local/lib/python3.12/site-packages/airflow/example_dags/example_latest_only_with_trigger.py took 0.319 seconds
[2024-05-02T22:37:12.343+0000] {processor.py:161} INFO - Started process (PID=576) to work on /home/airflow/.local/lib/python3.12/site-packages/airflow/example_dags/example_latest_only_with_trigger.py
[2024-05-02T22:37:12.345+0000] {processor.py:830} INFO - Processing file /home/airflow/.local/lib/python3.12/site-packages/airflow/example_dags/example_latest_only_with_trigger.py for tasks to queue
[2024-05-02T22:37:12.348+0000] {logging_mixin.py:188} INFO - [2024-05-02T22:37:12.347+0000] {dagbag.py:540} INFO - Filling up the DagBag from /home/airflow/.local/lib/python3.12/site-packages/airflow/example_dags/example_latest_only_with_trigger.py
[2024-05-02T22:37:12.360+0000] {processor.py:840} INFO - DAG(s) 'latest_only_with_trigger' retrieved from /home/airflow/.local/lib/python3.12/site-packages/airflow/example_dags/example_latest_only_with_trigger.py
[2024-05-02T22:37:12.400+0000] {logging_mixin.py:188} INFO - [2024-05-02T22:37:12.400+0000] {dag.py:3096} INFO - Sync 1 DAGs
[2024-05-02T22:37:12.463+0000] {logging_mixin.py:188} INFO - [2024-05-02T22:37:12.463+0000] {dag.py:3954} INFO - Setting next_dagrun for latest_only_with_trigger to 2024-05-02 16:00:00+00:00, run_after=2024-05-02 20:00:00+00:00
[2024-05-02T22:37:12.531+0000] {processor.py:183} INFO - Processing /home/airflow/.local/lib/python3.12/site-packages/airflow/example_dags/example_latest_only_with_trigger.py took 0.199 seconds
[2024-05-02T22:37:51.966+0000] {processor.py:161} INFO - Started process (PID=645) to work on /home/airflow/.local/lib/python3.12/site-packages/airflow/example_dags/example_latest_only_with_trigger.py
[2024-05-02T22:37:51.969+0000] {processor.py:830} INFO - Processing file /home/airflow/.local/lib/python3.12/site-packages/airflow/example_dags/example_latest_only_with_trigger.py for tasks to queue
[2024-05-02T22:37:51.973+0000] {logging_mixin.py:188} INFO - [2024-05-02T22:37:51.972+0000] {dagbag.py:540} INFO - Filling up the DagBag from /home/airflow/.local/lib/python3.12/site-packages/airflow/example_dags/example_latest_only_with_trigger.py
[2024-05-02T22:37:51.986+0000] {processor.py:840} INFO - DAG(s) 'latest_only_with_trigger' retrieved from /home/airflow/.local/lib/python3.12/site-packages/airflow/example_dags/example_latest_only_with_trigger.py
[2024-05-02T22:37:52.044+0000] {logging_mixin.py:188} INFO - [2024-05-02T22:37:52.043+0000] {dag.py:3096} INFO - Sync 1 DAGs
[2024-05-02T22:37:52.114+0000] {logging_mixin.py:188} INFO - [2024-05-02T22:37:52.114+0000] {dag.py:3954} INFO - Setting next_dagrun for latest_only_with_trigger to 2024-05-02 16:00:00+00:00, run_after=2024-05-02 20:00:00+00:00
[2024-05-02T22:37:52.170+0000] {processor.py:183} INFO - Processing /home/airflow/.local/lib/python3.12/site-packages/airflow/example_dags/example_latest_only_with_trigger.py took 0.214 seconds
[2024-05-02T22:38:26.862+0000] {processor.py:161} INFO - Started process (PID=706) to work on /home/airflow/.local/lib/python3.12/site-packages/airflow/example_dags/example_latest_only_with_trigger.py
[2024-05-02T22:38:26.864+0000] {processor.py:830} INFO - Processing file /home/airflow/.local/lib/python3.12/site-packages/airflow/example_dags/example_latest_only_with_trigger.py for tasks to queue
[2024-05-02T22:38:26.867+0000] {logging_mixin.py:188} INFO - [2024-05-02T22:38:26.866+0000] {dagbag.py:540} INFO - Filling up the DagBag from /home/airflow/.local/lib/python3.12/site-packages/airflow/example_dags/example_latest_only_with_trigger.py
[2024-05-02T22:38:26.877+0000] {processor.py:840} INFO - DAG(s) 'latest_only_with_trigger' retrieved from /home/airflow/.local/lib/python3.12/site-packages/airflow/example_dags/example_latest_only_with_trigger.py
[2024-05-02T22:38:26.919+0000] {logging_mixin.py:188} INFO - [2024-05-02T22:38:26.919+0000] {dag.py:3096} INFO - Sync 1 DAGs
[2024-05-02T22:38:26.964+0000] {logging_mixin.py:188} INFO - [2024-05-02T22:38:26.963+0000] {dag.py:3954} INFO - Setting next_dagrun for latest_only_with_trigger to 2024-05-02 16:00:00+00:00, run_after=2024-05-02 20:00:00+00:00
[2024-05-02T22:38:26.995+0000] {processor.py:183} INFO - Processing /home/airflow/.local/lib/python3.12/site-packages/airflow/example_dags/example_latest_only_with_trigger.py took 0.142 seconds
[2024-05-02T22:39:14.648+0000] {processor.py:161} INFO - Started process (PID=777) to work on /home/airflow/.local/lib/python3.12/site-packages/airflow/example_dags/example_latest_only_with_trigger.py
[2024-05-02T22:39:14.651+0000] {processor.py:830} INFO - Processing file /home/airflow/.local/lib/python3.12/site-packages/airflow/example_dags/example_latest_only_with_trigger.py for tasks to queue
[2024-05-02T22:39:14.666+0000] {logging_mixin.py:188} INFO - [2024-05-02T22:39:14.665+0000] {dagbag.py:540} INFO - Filling up the DagBag from /home/airflow/.local/lib/python3.12/site-packages/airflow/example_dags/example_latest_only_with_trigger.py
[2024-05-02T22:39:14.698+0000] {processor.py:840} INFO - DAG(s) 'latest_only_with_trigger' retrieved from /home/airflow/.local/lib/python3.12/site-packages/airflow/example_dags/example_latest_only_with_trigger.py
[2024-05-02T22:39:14.814+0000] {logging_mixin.py:188} INFO - [2024-05-02T22:39:14.801+0000] {dag.py:3096} INFO - Sync 1 DAGs
[2024-05-02T22:39:15.003+0000] {logging_mixin.py:188} INFO - [2024-05-02T22:39:15.001+0000] {dag.py:3954} INFO - Setting next_dagrun for latest_only_with_trigger to 2024-05-02 16:00:00+00:00, run_after=2024-05-02 20:00:00+00:00
[2024-05-02T22:39:15.152+0000] {processor.py:183} INFO - Processing /home/airflow/.local/lib/python3.12/site-packages/airflow/example_dags/example_latest_only_with_trigger.py took 0.542 seconds
[2024-05-02T22:39:55.705+0000] {processor.py:161} INFO - Started process (PID=835) to work on /home/airflow/.local/lib/python3.12/site-packages/airflow/example_dags/example_latest_only_with_trigger.py
[2024-05-02T22:39:55.707+0000] {processor.py:830} INFO - Processing file /home/airflow/.local/lib/python3.12/site-packages/airflow/example_dags/example_latest_only_with_trigger.py for tasks to queue
[2024-05-02T22:39:55.724+0000] {logging_mixin.py:188} INFO - [2024-05-02T22:39:55.723+0000] {dagbag.py:540} INFO - Filling up the DagBag from /home/airflow/.local/lib/python3.12/site-packages/airflow/example_dags/example_latest_only_with_trigger.py
[2024-05-02T22:39:55.773+0000] {processor.py:840} INFO - DAG(s) 'latest_only_with_trigger' retrieved from /home/airflow/.local/lib/python3.12/site-packages/airflow/example_dags/example_latest_only_with_trigger.py
[2024-05-02T22:39:56.837+0000] {logging_mixin.py:188} INFO - [2024-05-02T22:39:56.836+0000] {dag.py:3096} INFO - Sync 1 DAGs
[2024-05-02T22:39:57.309+0000] {logging_mixin.py:188} INFO - [2024-05-02T22:39:57.302+0000] {dag.py:3954} INFO - Setting next_dagrun for latest_only_with_trigger to 2024-05-02 16:00:00+00:00, run_after=2024-05-02 20:00:00+00:00
[2024-05-02T22:39:57.497+0000] {processor.py:183} INFO - Processing /home/airflow/.local/lib/python3.12/site-packages/airflow/example_dags/example_latest_only_with_trigger.py took 1.836 seconds
[2024-05-02T22:40:27.862+0000] {processor.py:161} INFO - Started process (PID=896) to work on /home/airflow/.local/lib/python3.12/site-packages/airflow/example_dags/example_latest_only_with_trigger.py
[2024-05-02T22:40:27.864+0000] {processor.py:830} INFO - Processing file /home/airflow/.local/lib/python3.12/site-packages/airflow/example_dags/example_latest_only_with_trigger.py for tasks to queue
[2024-05-02T22:40:27.868+0000] {logging_mixin.py:188} INFO - [2024-05-02T22:40:27.867+0000] {dagbag.py:540} INFO - Filling up the DagBag from /home/airflow/.local/lib/python3.12/site-packages/airflow/example_dags/example_latest_only_with_trigger.py
[2024-05-02T22:40:27.884+0000] {processor.py:840} INFO - DAG(s) 'latest_only_with_trigger' retrieved from /home/airflow/.local/lib/python3.12/site-packages/airflow/example_dags/example_latest_only_with_trigger.py
[2024-05-02T22:40:27.930+0000] {logging_mixin.py:188} INFO - [2024-05-02T22:40:27.929+0000] {dag.py:3096} INFO - Sync 1 DAGs
[2024-05-02T22:40:28.228+0000] {logging_mixin.py:188} INFO - [2024-05-02T22:40:28.228+0000] {dag.py:3954} INFO - Setting next_dagrun for latest_only_with_trigger to 2024-05-02 16:00:00+00:00, run_after=2024-05-02 20:00:00+00:00
[2024-05-02T22:40:28.269+0000] {processor.py:183} INFO - Processing /home/airflow/.local/lib/python3.12/site-packages/airflow/example_dags/example_latest_only_with_trigger.py took 0.419 seconds
[2024-05-02T22:40:58.535+0000] {processor.py:161} INFO - Started process (PID=955) to work on /home/airflow/.local/lib/python3.12/site-packages/airflow/example_dags/example_latest_only_with_trigger.py
[2024-05-02T22:40:58.537+0000] {processor.py:830} INFO - Processing file /home/airflow/.local/lib/python3.12/site-packages/airflow/example_dags/example_latest_only_with_trigger.py for tasks to queue
[2024-05-02T22:40:58.540+0000] {logging_mixin.py:188} INFO - [2024-05-02T22:40:58.539+0000] {dagbag.py:540} INFO - Filling up the DagBag from /home/airflow/.local/lib/python3.12/site-packages/airflow/example_dags/example_latest_only_with_trigger.py
[2024-05-02T22:40:58.552+0000] {processor.py:840} INFO - DAG(s) 'latest_only_with_trigger' retrieved from /home/airflow/.local/lib/python3.12/site-packages/airflow/example_dags/example_latest_only_with_trigger.py
[2024-05-02T22:40:58.592+0000] {logging_mixin.py:188} INFO - [2024-05-02T22:40:58.592+0000] {dag.py:3096} INFO - Sync 1 DAGs
[2024-05-02T22:40:58.639+0000] {logging_mixin.py:188} INFO - [2024-05-02T22:40:58.639+0000] {dag.py:3954} INFO - Setting next_dagrun for latest_only_with_trigger to 2024-05-02 16:00:00+00:00, run_after=2024-05-02 20:00:00+00:00
[2024-05-02T22:40:58.680+0000] {processor.py:183} INFO - Processing /home/airflow/.local/lib/python3.12/site-packages/airflow/example_dags/example_latest_only_with_trigger.py took 0.154 seconds
[2024-05-02T22:41:29.474+0000] {processor.py:161} INFO - Started process (PID=1014) to work on /home/airflow/.local/lib/python3.12/site-packages/airflow/example_dags/example_latest_only_with_trigger.py
[2024-05-02T22:41:29.476+0000] {processor.py:830} INFO - Processing file /home/airflow/.local/lib/python3.12/site-packages/airflow/example_dags/example_latest_only_with_trigger.py for tasks to queue
[2024-05-02T22:41:29.480+0000] {logging_mixin.py:188} INFO - [2024-05-02T22:41:29.479+0000] {dagbag.py:540} INFO - Filling up the DagBag from /home/airflow/.local/lib/python3.12/site-packages/airflow/example_dags/example_latest_only_with_trigger.py
[2024-05-02T22:41:29.494+0000] {processor.py:840} INFO - DAG(s) 'latest_only_with_trigger' retrieved from /home/airflow/.local/lib/python3.12/site-packages/airflow/example_dags/example_latest_only_with_trigger.py
[2024-05-02T22:41:29.572+0000] {logging_mixin.py:188} INFO - [2024-05-02T22:41:29.571+0000] {dag.py:3096} INFO - Sync 1 DAGs
[2024-05-02T22:41:29.674+0000] {logging_mixin.py:188} INFO - [2024-05-02T22:41:29.672+0000] {dag.py:3954} INFO - Setting next_dagrun for latest_only_with_trigger to 2024-05-02 16:00:00+00:00, run_after=2024-05-02 20:00:00+00:00
[2024-05-02T22:41:29.877+0000] {processor.py:183} INFO - Processing /home/airflow/.local/lib/python3.12/site-packages/airflow/example_dags/example_latest_only_with_trigger.py took 0.416 seconds
[2024-05-02T22:42:00.579+0000] {processor.py:161} INFO - Started process (PID=1073) to work on /home/airflow/.local/lib/python3.12/site-packages/airflow/example_dags/example_latest_only_with_trigger.py
[2024-05-02T22:42:00.580+0000] {processor.py:830} INFO - Processing file /home/airflow/.local/lib/python3.12/site-packages/airflow/example_dags/example_latest_only_with_trigger.py for tasks to queue
[2024-05-02T22:42:00.583+0000] {logging_mixin.py:188} INFO - [2024-05-02T22:42:00.583+0000] {dagbag.py:540} INFO - Filling up the DagBag from /home/airflow/.local/lib/python3.12/site-packages/airflow/example_dags/example_latest_only_with_trigger.py
[2024-05-02T22:42:00.593+0000] {processor.py:840} INFO - DAG(s) 'latest_only_with_trigger' retrieved from /home/airflow/.local/lib/python3.12/site-packages/airflow/example_dags/example_latest_only_with_trigger.py
[2024-05-02T22:42:00.628+0000] {logging_mixin.py:188} INFO - [2024-05-02T22:42:00.628+0000] {dag.py:3096} INFO - Sync 1 DAGs
[2024-05-02T22:42:00.669+0000] {logging_mixin.py:188} INFO - [2024-05-02T22:42:00.669+0000] {dag.py:3954} INFO - Setting next_dagrun for latest_only_with_trigger to 2024-05-02 16:00:00+00:00, run_after=2024-05-02 20:00:00+00:00
[2024-05-02T22:42:00.707+0000] {processor.py:183} INFO - Processing /home/airflow/.local/lib/python3.12/site-packages/airflow/example_dags/example_latest_only_with_trigger.py took 0.139 seconds
[2024-05-02T22:42:31.062+0000] {processor.py:161} INFO - Started process (PID=1132) to work on /home/airflow/.local/lib/python3.12/site-packages/airflow/example_dags/example_latest_only_with_trigger.py
[2024-05-02T22:42:31.065+0000] {processor.py:830} INFO - Processing file /home/airflow/.local/lib/python3.12/site-packages/airflow/example_dags/example_latest_only_with_trigger.py for tasks to queue
[2024-05-02T22:42:31.070+0000] {logging_mixin.py:188} INFO - [2024-05-02T22:42:31.069+0000] {dagbag.py:540} INFO - Filling up the DagBag from /home/airflow/.local/lib/python3.12/site-packages/airflow/example_dags/example_latest_only_with_trigger.py
[2024-05-02T22:42:31.089+0000] {processor.py:840} INFO - DAG(s) 'latest_only_with_trigger' retrieved from /home/airflow/.local/lib/python3.12/site-packages/airflow/example_dags/example_latest_only_with_trigger.py
[2024-05-02T22:42:31.156+0000] {logging_mixin.py:188} INFO - [2024-05-02T22:42:31.154+0000] {dag.py:3096} INFO - Sync 1 DAGs
[2024-05-02T22:42:31.222+0000] {logging_mixin.py:188} INFO - [2024-05-02T22:42:31.222+0000] {dag.py:3954} INFO - Setting next_dagrun for latest_only_with_trigger to 2024-05-02 16:00:00+00:00, run_after=2024-05-02 20:00:00+00:00
[2024-05-02T22:42:31.258+0000] {processor.py:183} INFO - Processing /home/airflow/.local/lib/python3.12/site-packages/airflow/example_dags/example_latest_only_with_trigger.py took 0.210 seconds
[2024-05-02T22:43:01.417+0000] {processor.py:161} INFO - Started process (PID=1191) to work on /home/airflow/.local/lib/python3.12/site-packages/airflow/example_dags/example_latest_only_with_trigger.py
[2024-05-02T22:43:01.419+0000] {processor.py:830} INFO - Processing file /home/airflow/.local/lib/python3.12/site-packages/airflow/example_dags/example_latest_only_with_trigger.py for tasks to queue
[2024-05-02T22:43:01.423+0000] {logging_mixin.py:188} INFO - [2024-05-02T22:43:01.422+0000] {dagbag.py:540} INFO - Filling up the DagBag from /home/airflow/.local/lib/python3.12/site-packages/airflow/example_dags/example_latest_only_with_trigger.py
[2024-05-02T22:43:01.435+0000] {processor.py:840} INFO - DAG(s) 'latest_only_with_trigger' retrieved from /home/airflow/.local/lib/python3.12/site-packages/airflow/example_dags/example_latest_only_with_trigger.py
[2024-05-02T22:43:01.496+0000] {logging_mixin.py:188} INFO - [2024-05-02T22:43:01.495+0000] {dag.py:3096} INFO - Sync 1 DAGs
[2024-05-02T22:43:01.546+0000] {logging_mixin.py:188} INFO - [2024-05-02T22:43:01.546+0000] {dag.py:3954} INFO - Setting next_dagrun for latest_only_with_trigger to 2024-05-02 16:00:00+00:00, run_after=2024-05-02 20:00:00+00:00
[2024-05-02T22:43:01.604+0000] {processor.py:183} INFO - Processing /home/airflow/.local/lib/python3.12/site-packages/airflow/example_dags/example_latest_only_with_trigger.py took 0.197 seconds
[2024-05-02T22:43:32.363+0000] {processor.py:161} INFO - Started process (PID=1250) to work on /home/airflow/.local/lib/python3.12/site-packages/airflow/example_dags/example_latest_only_with_trigger.py
[2024-05-02T22:43:32.365+0000] {processor.py:830} INFO - Processing file /home/airflow/.local/lib/python3.12/site-packages/airflow/example_dags/example_latest_only_with_trigger.py for tasks to queue
[2024-05-02T22:43:32.369+0000] {logging_mixin.py:188} INFO - [2024-05-02T22:43:32.368+0000] {dagbag.py:540} INFO - Filling up the DagBag from /home/airflow/.local/lib/python3.12/site-packages/airflow/example_dags/example_latest_only_with_trigger.py
[2024-05-02T22:43:32.387+0000] {processor.py:840} INFO - DAG(s) 'latest_only_with_trigger' retrieved from /home/airflow/.local/lib/python3.12/site-packages/airflow/example_dags/example_latest_only_with_trigger.py
[2024-05-02T22:43:32.427+0000] {logging_mixin.py:188} INFO - [2024-05-02T22:43:32.427+0000] {dag.py:3096} INFO - Sync 1 DAGs
[2024-05-02T22:43:32.477+0000] {logging_mixin.py:188} INFO - [2024-05-02T22:43:32.476+0000] {dag.py:3954} INFO - Setting next_dagrun for latest_only_with_trigger to 2024-05-02 16:00:00+00:00, run_after=2024-05-02 20:00:00+00:00
[2024-05-02T22:43:32.513+0000] {processor.py:183} INFO - Processing /home/airflow/.local/lib/python3.12/site-packages/airflow/example_dags/example_latest_only_with_trigger.py took 0.170 seconds
[2024-05-02T22:44:03.665+0000] {processor.py:161} INFO - Started process (PID=1309) to work on /home/airflow/.local/lib/python3.12/site-packages/airflow/example_dags/example_latest_only_with_trigger.py
[2024-05-02T22:44:03.667+0000] {processor.py:830} INFO - Processing file /home/airflow/.local/lib/python3.12/site-packages/airflow/example_dags/example_latest_only_with_trigger.py for tasks to queue
[2024-05-02T22:44:03.670+0000] {logging_mixin.py:188} INFO - [2024-05-02T22:44:03.670+0000] {dagbag.py:540} INFO - Filling up the DagBag from /home/airflow/.local/lib/python3.12/site-packages/airflow/example_dags/example_latest_only_with_trigger.py
[2024-05-02T22:44:03.686+0000] {processor.py:840} INFO - DAG(s) 'latest_only_with_trigger' retrieved from /home/airflow/.local/lib/python3.12/site-packages/airflow/example_dags/example_latest_only_with_trigger.py
[2024-05-02T22:44:03.826+0000] {logging_mixin.py:188} INFO - [2024-05-02T22:44:03.825+0000] {dag.py:3096} INFO - Sync 1 DAGs
[2024-05-02T22:44:03.925+0000] {logging_mixin.py:188} INFO - [2024-05-02T22:44:03.923+0000] {dag.py:3954} INFO - Setting next_dagrun for latest_only_with_trigger to 2024-05-02 16:00:00+00:00, run_after=2024-05-02 20:00:00+00:00
[2024-05-02T22:44:03.982+0000] {processor.py:183} INFO - Processing /home/airflow/.local/lib/python3.12/site-packages/airflow/example_dags/example_latest_only_with_trigger.py took 0.339 seconds
[2024-05-02T22:44:34.248+0000] {processor.py:161} INFO - Started process (PID=1368) to work on /home/airflow/.local/lib/python3.12/site-packages/airflow/example_dags/example_latest_only_with_trigger.py
[2024-05-02T22:44:34.250+0000] {processor.py:830} INFO - Processing file /home/airflow/.local/lib/python3.12/site-packages/airflow/example_dags/example_latest_only_with_trigger.py for tasks to queue
[2024-05-02T22:44:34.252+0000] {logging_mixin.py:188} INFO - [2024-05-02T22:44:34.252+0000] {dagbag.py:540} INFO - Filling up the DagBag from /home/airflow/.local/lib/python3.12/site-packages/airflow/example_dags/example_latest_only_with_trigger.py
[2024-05-02T22:44:34.261+0000] {processor.py:840} INFO - DAG(s) 'latest_only_with_trigger' retrieved from /home/airflow/.local/lib/python3.12/site-packages/airflow/example_dags/example_latest_only_with_trigger.py
[2024-05-02T22:44:34.298+0000] {logging_mixin.py:188} INFO - [2024-05-02T22:44:34.297+0000] {dag.py:3096} INFO - Sync 1 DAGs
[2024-05-02T22:44:34.340+0000] {logging_mixin.py:188} INFO - [2024-05-02T22:44:34.339+0000] {dag.py:3954} INFO - Setting next_dagrun for latest_only_with_trigger to 2024-05-02 16:00:00+00:00, run_after=2024-05-02 20:00:00+00:00
[2024-05-02T22:44:34.379+0000] {processor.py:183} INFO - Processing /home/airflow/.local/lib/python3.12/site-packages/airflow/example_dags/example_latest_only_with_trigger.py took 0.140 seconds
[2024-05-02T22:45:04.765+0000] {processor.py:161} INFO - Started process (PID=1433) to work on /home/airflow/.local/lib/python3.12/site-packages/airflow/example_dags/example_latest_only_with_trigger.py
[2024-05-02T22:45:04.767+0000] {processor.py:830} INFO - Processing file /home/airflow/.local/lib/python3.12/site-packages/airflow/example_dags/example_latest_only_with_trigger.py for tasks to queue
[2024-05-02T22:45:04.771+0000] {logging_mixin.py:188} INFO - [2024-05-02T22:45:04.770+0000] {dagbag.py:540} INFO - Filling up the DagBag from /home/airflow/.local/lib/python3.12/site-packages/airflow/example_dags/example_latest_only_with_trigger.py
[2024-05-02T22:45:04.781+0000] {processor.py:840} INFO - DAG(s) 'latest_only_with_trigger' retrieved from /home/airflow/.local/lib/python3.12/site-packages/airflow/example_dags/example_latest_only_with_trigger.py
[2024-05-02T22:45:04.819+0000] {logging_mixin.py:188} INFO - [2024-05-02T22:45:04.818+0000] {dag.py:3096} INFO - Sync 1 DAGs
[2024-05-02T22:45:04.864+0000] {logging_mixin.py:188} INFO - [2024-05-02T22:45:04.864+0000] {dag.py:3954} INFO - Setting next_dagrun for latest_only_with_trigger to 2024-05-02 16:00:00+00:00, run_after=2024-05-02 20:00:00+00:00
[2024-05-02T22:45:04.902+0000] {processor.py:183} INFO - Processing /home/airflow/.local/lib/python3.12/site-packages/airflow/example_dags/example_latest_only_with_trigger.py took 0.146 seconds
[2024-05-02T22:45:35.748+0000] {processor.py:161} INFO - Started process (PID=1492) to work on /home/airflow/.local/lib/python3.12/site-packages/airflow/example_dags/example_latest_only_with_trigger.py
[2024-05-02T22:45:35.750+0000] {processor.py:830} INFO - Processing file /home/airflow/.local/lib/python3.12/site-packages/airflow/example_dags/example_latest_only_with_trigger.py for tasks to queue
[2024-05-02T22:45:35.754+0000] {logging_mixin.py:188} INFO - [2024-05-02T22:45:35.753+0000] {dagbag.py:540} INFO - Filling up the DagBag from /home/airflow/.local/lib/python3.12/site-packages/airflow/example_dags/example_latest_only_with_trigger.py
[2024-05-02T22:45:35.767+0000] {processor.py:840} INFO - DAG(s) 'latest_only_with_trigger' retrieved from /home/airflow/.local/lib/python3.12/site-packages/airflow/example_dags/example_latest_only_with_trigger.py
[2024-05-02T22:45:35.806+0000] {logging_mixin.py:188} INFO - [2024-05-02T22:45:35.805+0000] {dag.py:3096} INFO - Sync 1 DAGs
[2024-05-02T22:45:35.848+0000] {logging_mixin.py:188} INFO - [2024-05-02T22:45:35.847+0000] {dag.py:3954} INFO - Setting next_dagrun for latest_only_with_trigger to 2024-05-02 16:00:00+00:00, run_after=2024-05-02 20:00:00+00:00
[2024-05-02T22:45:35.887+0000] {processor.py:183} INFO - Processing /home/airflow/.local/lib/python3.12/site-packages/airflow/example_dags/example_latest_only_with_trigger.py took 0.153 seconds
[2024-05-02T22:46:06.525+0000] {processor.py:161} INFO - Started process (PID=1551) to work on /home/airflow/.local/lib/python3.12/site-packages/airflow/example_dags/example_latest_only_with_trigger.py
[2024-05-02T22:46:06.527+0000] {processor.py:830} INFO - Processing file /home/airflow/.local/lib/python3.12/site-packages/airflow/example_dags/example_latest_only_with_trigger.py for tasks to queue
[2024-05-02T22:46:06.530+0000] {logging_mixin.py:188} INFO - [2024-05-02T22:46:06.529+0000] {dagbag.py:540} INFO - Filling up the DagBag from /home/airflow/.local/lib/python3.12/site-packages/airflow/example_dags/example_latest_only_with_trigger.py
[2024-05-02T22:46:06.540+0000] {processor.py:840} INFO - DAG(s) 'latest_only_with_trigger' retrieved from /home/airflow/.local/lib/python3.12/site-packages/airflow/example_dags/example_latest_only_with_trigger.py
[2024-05-02T22:46:06.579+0000] {logging_mixin.py:188} INFO - [2024-05-02T22:46:06.579+0000] {dag.py:3096} INFO - Sync 1 DAGs
[2024-05-02T22:46:06.630+0000] {logging_mixin.py:188} INFO - [2024-05-02T22:46:06.629+0000] {dag.py:3954} INFO - Setting next_dagrun for latest_only_with_trigger to 2024-05-02 16:00:00+00:00, run_after=2024-05-02 20:00:00+00:00
[2024-05-02T22:46:06.671+0000] {processor.py:183} INFO - Processing /home/airflow/.local/lib/python3.12/site-packages/airflow/example_dags/example_latest_only_with_trigger.py took 0.157 seconds
[2024-05-02T22:46:36.994+0000] {processor.py:161} INFO - Started process (PID=1611) to work on /home/airflow/.local/lib/python3.12/site-packages/airflow/example_dags/example_latest_only_with_trigger.py
[2024-05-02T22:46:36.996+0000] {processor.py:830} INFO - Processing file /home/airflow/.local/lib/python3.12/site-packages/airflow/example_dags/example_latest_only_with_trigger.py for tasks to queue
[2024-05-02T22:46:36.999+0000] {logging_mixin.py:188} INFO - [2024-05-02T22:46:36.999+0000] {dagbag.py:540} INFO - Filling up the DagBag from /home/airflow/.local/lib/python3.12/site-packages/airflow/example_dags/example_latest_only_with_trigger.py
[2024-05-02T22:46:37.010+0000] {processor.py:840} INFO - DAG(s) 'latest_only_with_trigger' retrieved from /home/airflow/.local/lib/python3.12/site-packages/airflow/example_dags/example_latest_only_with_trigger.py
[2024-05-02T22:46:37.053+0000] {logging_mixin.py:188} INFO - [2024-05-02T22:46:37.052+0000] {dag.py:3096} INFO - Sync 1 DAGs
[2024-05-02T22:46:37.108+0000] {logging_mixin.py:188} INFO - [2024-05-02T22:46:37.107+0000] {dag.py:3954} INFO - Setting next_dagrun for latest_only_with_trigger to 2024-05-02 16:00:00+00:00, run_after=2024-05-02 20:00:00+00:00
[2024-05-02T22:46:37.151+0000] {processor.py:183} INFO - Processing /home/airflow/.local/lib/python3.12/site-packages/airflow/example_dags/example_latest_only_with_trigger.py took 0.168 seconds
[2024-05-02T22:47:07.401+0000] {processor.py:161} INFO - Started process (PID=1670) to work on /home/airflow/.local/lib/python3.12/site-packages/airflow/example_dags/example_latest_only_with_trigger.py
[2024-05-02T22:47:07.404+0000] {processor.py:830} INFO - Processing file /home/airflow/.local/lib/python3.12/site-packages/airflow/example_dags/example_latest_only_with_trigger.py for tasks to queue
[2024-05-02T22:47:07.408+0000] {logging_mixin.py:188} INFO - [2024-05-02T22:47:07.407+0000] {dagbag.py:540} INFO - Filling up the DagBag from /home/airflow/.local/lib/python3.12/site-packages/airflow/example_dags/example_latest_only_with_trigger.py
[2024-05-02T22:47:07.418+0000] {processor.py:840} INFO - DAG(s) 'latest_only_with_trigger' retrieved from /home/airflow/.local/lib/python3.12/site-packages/airflow/example_dags/example_latest_only_with_trigger.py
[2024-05-02T22:47:07.459+0000] {logging_mixin.py:188} INFO - [2024-05-02T22:47:07.458+0000] {dag.py:3096} INFO - Sync 1 DAGs
[2024-05-02T22:47:07.532+0000] {logging_mixin.py:188} INFO - [2024-05-02T22:47:07.532+0000] {dag.py:3954} INFO - Setting next_dagrun for latest_only_with_trigger to 2024-05-02 16:00:00+00:00, run_after=2024-05-02 20:00:00+00:00
[2024-05-02T22:47:07.575+0000] {processor.py:183} INFO - Processing /home/airflow/.local/lib/python3.12/site-packages/airflow/example_dags/example_latest_only_with_trigger.py took 0.185 seconds
[2024-05-02T22:47:38.825+0000] {processor.py:161} INFO - Started process (PID=1729) to work on /home/airflow/.local/lib/python3.12/site-packages/airflow/example_dags/example_latest_only_with_trigger.py
[2024-05-02T22:47:38.826+0000] {processor.py:830} INFO - Processing file /home/airflow/.local/lib/python3.12/site-packages/airflow/example_dags/example_latest_only_with_trigger.py for tasks to queue
[2024-05-02T22:47:38.830+0000] {logging_mixin.py:188} INFO - [2024-05-02T22:47:38.829+0000] {dagbag.py:540} INFO - Filling up the DagBag from /home/airflow/.local/lib/python3.12/site-packages/airflow/example_dags/example_latest_only_with_trigger.py
[2024-05-02T22:47:38.839+0000] {processor.py:840} INFO - DAG(s) 'latest_only_with_trigger' retrieved from /home/airflow/.local/lib/python3.12/site-packages/airflow/example_dags/example_latest_only_with_trigger.py
[2024-05-02T22:47:38.875+0000] {logging_mixin.py:188} INFO - [2024-05-02T22:47:38.874+0000] {dag.py:3096} INFO - Sync 1 DAGs
[2024-05-02T22:47:38.921+0000] {logging_mixin.py:188} INFO - [2024-05-02T22:47:38.921+0000] {dag.py:3954} INFO - Setting next_dagrun for latest_only_with_trigger to 2024-05-02 16:00:00+00:00, run_after=2024-05-02 20:00:00+00:00
[2024-05-02T22:47:38.959+0000] {processor.py:183} INFO - Processing /home/airflow/.local/lib/python3.12/site-packages/airflow/example_dags/example_latest_only_with_trigger.py took 0.144 seconds
[2024-05-02T22:48:09.736+0000] {processor.py:161} INFO - Started process (PID=1789) to work on /home/airflow/.local/lib/python3.12/site-packages/airflow/example_dags/example_latest_only_with_trigger.py
[2024-05-02T22:48:09.738+0000] {processor.py:830} INFO - Processing file /home/airflow/.local/lib/python3.12/site-packages/airflow/example_dags/example_latest_only_with_trigger.py for tasks to queue
[2024-05-02T22:48:09.741+0000] {logging_mixin.py:188} INFO - [2024-05-02T22:48:09.740+0000] {dagbag.py:540} INFO - Filling up the DagBag from /home/airflow/.local/lib/python3.12/site-packages/airflow/example_dags/example_latest_only_with_trigger.py
[2024-05-02T22:48:09.750+0000] {processor.py:840} INFO - DAG(s) 'latest_only_with_trigger' retrieved from /home/airflow/.local/lib/python3.12/site-packages/airflow/example_dags/example_latest_only_with_trigger.py
[2024-05-02T22:48:09.788+0000] {logging_mixin.py:188} INFO - [2024-05-02T22:48:09.788+0000] {dag.py:3096} INFO - Sync 1 DAGs
[2024-05-02T22:48:09.832+0000] {logging_mixin.py:188} INFO - [2024-05-02T22:48:09.831+0000] {dag.py:3954} INFO - Setting next_dagrun for latest_only_with_trigger to 2024-05-02 16:00:00+00:00, run_after=2024-05-02 20:00:00+00:00
[2024-05-02T22:48:09.869+0000] {processor.py:183} INFO - Processing /home/airflow/.local/lib/python3.12/site-packages/airflow/example_dags/example_latest_only_with_trigger.py took 0.146 seconds
[2024-05-02T22:48:40.124+0000] {processor.py:161} INFO - Started process (PID=1848) to work on /home/airflow/.local/lib/python3.12/site-packages/airflow/example_dags/example_latest_only_with_trigger.py
[2024-05-02T22:48:40.127+0000] {processor.py:830} INFO - Processing file /home/airflow/.local/lib/python3.12/site-packages/airflow/example_dags/example_latest_only_with_trigger.py for tasks to queue
[2024-05-02T22:48:40.132+0000] {logging_mixin.py:188} INFO - [2024-05-02T22:48:40.131+0000] {dagbag.py:540} INFO - Filling up the DagBag from /home/airflow/.local/lib/python3.12/site-packages/airflow/example_dags/example_latest_only_with_trigger.py
[2024-05-02T22:48:40.148+0000] {processor.py:840} INFO - DAG(s) 'latest_only_with_trigger' retrieved from /home/airflow/.local/lib/python3.12/site-packages/airflow/example_dags/example_latest_only_with_trigger.py
[2024-05-02T22:48:40.210+0000] {logging_mixin.py:188} INFO - [2024-05-02T22:48:40.209+0000] {dag.py:3096} INFO - Sync 1 DAGs
[2024-05-02T22:48:40.281+0000] {logging_mixin.py:188} INFO - [2024-05-02T22:48:40.280+0000] {dag.py:3954} INFO - Setting next_dagrun for latest_only_with_trigger to 2024-05-02 16:00:00+00:00, run_after=2024-05-02 20:00:00+00:00
[2024-05-02T22:48:40.348+0000] {processor.py:183} INFO - Processing /home/airflow/.local/lib/python3.12/site-packages/airflow/example_dags/example_latest_only_with_trigger.py took 0.241 seconds
[2024-05-02T22:49:10.637+0000] {processor.py:161} INFO - Started process (PID=1907) to work on /home/airflow/.local/lib/python3.12/site-packages/airflow/example_dags/example_latest_only_with_trigger.py
[2024-05-02T22:49:10.639+0000] {processor.py:830} INFO - Processing file /home/airflow/.local/lib/python3.12/site-packages/airflow/example_dags/example_latest_only_with_trigger.py for tasks to queue
[2024-05-02T22:49:10.643+0000] {logging_mixin.py:188} INFO - [2024-05-02T22:49:10.642+0000] {dagbag.py:540} INFO - Filling up the DagBag from /home/airflow/.local/lib/python3.12/site-packages/airflow/example_dags/example_latest_only_with_trigger.py
[2024-05-02T22:49:10.657+0000] {processor.py:840} INFO - DAG(s) 'latest_only_with_trigger' retrieved from /home/airflow/.local/lib/python3.12/site-packages/airflow/example_dags/example_latest_only_with_trigger.py
[2024-05-02T22:49:10.704+0000] {logging_mixin.py:188} INFO - [2024-05-02T22:49:10.703+0000] {dag.py:3096} INFO - Sync 1 DAGs
[2024-05-02T22:49:10.762+0000] {logging_mixin.py:188} INFO - [2024-05-02T22:49:10.762+0000] {dag.py:3954} INFO - Setting next_dagrun for latest_only_with_trigger to 2024-05-02 16:00:00+00:00, run_after=2024-05-02 20:00:00+00:00
[2024-05-02T22:49:10.821+0000] {processor.py:183} INFO - Processing /home/airflow/.local/lib/python3.12/site-packages/airflow/example_dags/example_latest_only_with_trigger.py took 0.199 seconds
[2024-05-02T22:49:41.261+0000] {processor.py:161} INFO - Started process (PID=1966) to work on /home/airflow/.local/lib/python3.12/site-packages/airflow/example_dags/example_latest_only_with_trigger.py
[2024-05-02T22:49:41.263+0000] {processor.py:830} INFO - Processing file /home/airflow/.local/lib/python3.12/site-packages/airflow/example_dags/example_latest_only_with_trigger.py for tasks to queue
[2024-05-02T22:49:41.266+0000] {logging_mixin.py:188} INFO - [2024-05-02T22:49:41.266+0000] {dagbag.py:540} INFO - Filling up the DagBag from /home/airflow/.local/lib/python3.12/site-packages/airflow/example_dags/example_latest_only_with_trigger.py
[2024-05-02T22:49:41.286+0000] {processor.py:840} INFO - DAG(s) 'latest_only_with_trigger' retrieved from /home/airflow/.local/lib/python3.12/site-packages/airflow/example_dags/example_latest_only_with_trigger.py
[2024-05-02T22:49:41.414+0000] {logging_mixin.py:188} INFO - [2024-05-02T22:49:41.413+0000] {dag.py:3096} INFO - Sync 1 DAGs
[2024-05-02T22:49:41.515+0000] {logging_mixin.py:188} INFO - [2024-05-02T22:49:41.515+0000] {dag.py:3954} INFO - Setting next_dagrun for latest_only_with_trigger to 2024-05-02 16:00:00+00:00, run_after=2024-05-02 20:00:00+00:00
[2024-05-02T22:49:41.588+0000] {processor.py:183} INFO - Processing /home/airflow/.local/lib/python3.12/site-packages/airflow/example_dags/example_latest_only_with_trigger.py took 0.350 seconds
[2024-05-02T22:50:11.888+0000] {processor.py:161} INFO - Started process (PID=2025) to work on /home/airflow/.local/lib/python3.12/site-packages/airflow/example_dags/example_latest_only_with_trigger.py
[2024-05-02T22:50:11.891+0000] {processor.py:830} INFO - Processing file /home/airflow/.local/lib/python3.12/site-packages/airflow/example_dags/example_latest_only_with_trigger.py for tasks to queue
[2024-05-02T22:50:11.897+0000] {logging_mixin.py:188} INFO - [2024-05-02T22:50:11.896+0000] {dagbag.py:540} INFO - Filling up the DagBag from /home/airflow/.local/lib/python3.12/site-packages/airflow/example_dags/example_latest_only_with_trigger.py
[2024-05-02T22:50:11.914+0000] {processor.py:840} INFO - DAG(s) 'latest_only_with_trigger' retrieved from /home/airflow/.local/lib/python3.12/site-packages/airflow/example_dags/example_latest_only_with_trigger.py
[2024-05-02T22:50:11.969+0000] {logging_mixin.py:188} INFO - [2024-05-02T22:50:11.969+0000] {dag.py:3096} INFO - Sync 1 DAGs
[2024-05-02T22:50:12.043+0000] {logging_mixin.py:188} INFO - [2024-05-02T22:50:12.042+0000] {dag.py:3954} INFO - Setting next_dagrun for latest_only_with_trigger to 2024-05-02 16:00:00+00:00, run_after=2024-05-02 20:00:00+00:00
[2024-05-02T22:50:12.112+0000] {processor.py:183} INFO - Processing /home/airflow/.local/lib/python3.12/site-packages/airflow/example_dags/example_latest_only_with_trigger.py took 0.240 seconds
[2024-05-02T22:50:42.230+0000] {processor.py:161} INFO - Started process (PID=2083) to work on /home/airflow/.local/lib/python3.12/site-packages/airflow/example_dags/example_latest_only_with_trigger.py
[2024-05-02T22:50:42.232+0000] {processor.py:830} INFO - Processing file /home/airflow/.local/lib/python3.12/site-packages/airflow/example_dags/example_latest_only_with_trigger.py for tasks to queue
[2024-05-02T22:50:42.235+0000] {logging_mixin.py:188} INFO - [2024-05-02T22:50:42.234+0000] {dagbag.py:540} INFO - Filling up the DagBag from /home/airflow/.local/lib/python3.12/site-packages/airflow/example_dags/example_latest_only_with_trigger.py
[2024-05-02T22:50:42.244+0000] {processor.py:840} INFO - DAG(s) 'latest_only_with_trigger' retrieved from /home/airflow/.local/lib/python3.12/site-packages/airflow/example_dags/example_latest_only_with_trigger.py
[2024-05-02T22:50:42.296+0000] {logging_mixin.py:188} INFO - [2024-05-02T22:50:42.296+0000] {dag.py:3096} INFO - Sync 1 DAGs
[2024-05-02T22:50:42.343+0000] {logging_mixin.py:188} INFO - [2024-05-02T22:50:42.343+0000] {dag.py:3954} INFO - Setting next_dagrun for latest_only_with_trigger to 2024-05-02 16:00:00+00:00, run_after=2024-05-02 20:00:00+00:00
[2024-05-02T22:50:42.382+0000] {processor.py:183} INFO - Processing /home/airflow/.local/lib/python3.12/site-packages/airflow/example_dags/example_latest_only_with_trigger.py took 0.161 seconds
[2024-05-02T22:51:13.428+0000] {processor.py:161} INFO - Started process (PID=2142) to work on /home/airflow/.local/lib/python3.12/site-packages/airflow/example_dags/example_latest_only_with_trigger.py
[2024-05-02T22:51:13.429+0000] {processor.py:830} INFO - Processing file /home/airflow/.local/lib/python3.12/site-packages/airflow/example_dags/example_latest_only_with_trigger.py for tasks to queue
[2024-05-02T22:51:13.432+0000] {logging_mixin.py:188} INFO - [2024-05-02T22:51:13.431+0000] {dagbag.py:540} INFO - Filling up the DagBag from /home/airflow/.local/lib/python3.12/site-packages/airflow/example_dags/example_latest_only_with_trigger.py
[2024-05-02T22:51:13.442+0000] {processor.py:840} INFO - DAG(s) 'latest_only_with_trigger' retrieved from /home/airflow/.local/lib/python3.12/site-packages/airflow/example_dags/example_latest_only_with_trigger.py
[2024-05-02T22:51:13.501+0000] {logging_mixin.py:188} INFO - [2024-05-02T22:51:13.501+0000] {dag.py:3096} INFO - Sync 1 DAGs
[2024-05-02T22:51:13.543+0000] {logging_mixin.py:188} INFO - [2024-05-02T22:51:13.542+0000] {dag.py:3954} INFO - Setting next_dagrun for latest_only_with_trigger to 2024-05-02 16:00:00+00:00, run_after=2024-05-02 20:00:00+00:00
[2024-05-02T22:51:13.580+0000] {processor.py:183} INFO - Processing /home/airflow/.local/lib/python3.12/site-packages/airflow/example_dags/example_latest_only_with_trigger.py took 0.163 seconds
[2024-05-02T22:51:43.792+0000] {processor.py:161} INFO - Started process (PID=2201) to work on /home/airflow/.local/lib/python3.12/site-packages/airflow/example_dags/example_latest_only_with_trigger.py
[2024-05-02T22:51:43.794+0000] {processor.py:830} INFO - Processing file /home/airflow/.local/lib/python3.12/site-packages/airflow/example_dags/example_latest_only_with_trigger.py for tasks to queue
[2024-05-02T22:51:43.798+0000] {logging_mixin.py:188} INFO - [2024-05-02T22:51:43.798+0000] {dagbag.py:540} INFO - Filling up the DagBag from /home/airflow/.local/lib/python3.12/site-packages/airflow/example_dags/example_latest_only_with_trigger.py
[2024-05-02T22:51:43.808+0000] {processor.py:840} INFO - DAG(s) 'latest_only_with_trigger' retrieved from /home/airflow/.local/lib/python3.12/site-packages/airflow/example_dags/example_latest_only_with_trigger.py
[2024-05-02T22:51:43.853+0000] {logging_mixin.py:188} INFO - [2024-05-02T22:51:43.852+0000] {dag.py:3096} INFO - Sync 1 DAGs
[2024-05-02T22:51:43.900+0000] {logging_mixin.py:188} INFO - [2024-05-02T22:51:43.900+0000] {dag.py:3954} INFO - Setting next_dagrun for latest_only_with_trigger to 2024-05-02 16:00:00+00:00, run_after=2024-05-02 20:00:00+00:00
[2024-05-02T22:51:43.948+0000] {processor.py:183} INFO - Processing /home/airflow/.local/lib/python3.12/site-packages/airflow/example_dags/example_latest_only_with_trigger.py took 0.166 seconds
[2024-05-02T22:52:14.940+0000] {processor.py:161} INFO - Started process (PID=2262) to work on /home/airflow/.local/lib/python3.12/site-packages/airflow/example_dags/example_latest_only_with_trigger.py
[2024-05-02T22:52:14.942+0000] {processor.py:830} INFO - Processing file /home/airflow/.local/lib/python3.12/site-packages/airflow/example_dags/example_latest_only_with_trigger.py for tasks to queue
[2024-05-02T22:52:14.946+0000] {logging_mixin.py:188} INFO - [2024-05-02T22:52:14.945+0000] {dagbag.py:540} INFO - Filling up the DagBag from /home/airflow/.local/lib/python3.12/site-packages/airflow/example_dags/example_latest_only_with_trigger.py
[2024-05-02T22:52:14.956+0000] {processor.py:840} INFO - DAG(s) 'latest_only_with_trigger' retrieved from /home/airflow/.local/lib/python3.12/site-packages/airflow/example_dags/example_latest_only_with_trigger.py
[2024-05-02T22:52:15.006+0000] {logging_mixin.py:188} INFO - [2024-05-02T22:52:15.006+0000] {dag.py:3096} INFO - Sync 1 DAGs
[2024-05-02T22:52:15.072+0000] {logging_mixin.py:188} INFO - [2024-05-02T22:52:15.071+0000] {dag.py:3954} INFO - Setting next_dagrun for latest_only_with_trigger to 2024-05-02 16:00:00+00:00, run_after=2024-05-02 20:00:00+00:00
[2024-05-02T22:52:15.108+0000] {processor.py:183} INFO - Processing /home/airflow/.local/lib/python3.12/site-packages/airflow/example_dags/example_latest_only_with_trigger.py took 0.184 seconds
[2024-05-02T22:52:45.204+0000] {processor.py:161} INFO - Started process (PID=2322) to work on /home/airflow/.local/lib/python3.12/site-packages/airflow/example_dags/example_latest_only_with_trigger.py
[2024-05-02T22:52:45.207+0000] {processor.py:830} INFO - Processing file /home/airflow/.local/lib/python3.12/site-packages/airflow/example_dags/example_latest_only_with_trigger.py for tasks to queue
[2024-05-02T22:52:45.211+0000] {logging_mixin.py:188} INFO - [2024-05-02T22:52:45.210+0000] {dagbag.py:540} INFO - Filling up the DagBag from /home/airflow/.local/lib/python3.12/site-packages/airflow/example_dags/example_latest_only_with_trigger.py
[2024-05-02T22:52:45.226+0000] {processor.py:840} INFO - DAG(s) 'latest_only_with_trigger' retrieved from /home/airflow/.local/lib/python3.12/site-packages/airflow/example_dags/example_latest_only_with_trigger.py
[2024-05-02T22:52:45.297+0000] {logging_mixin.py:188} INFO - [2024-05-02T22:52:45.296+0000] {dag.py:3096} INFO - Sync 1 DAGs
[2024-05-02T22:52:45.387+0000] {logging_mixin.py:188} INFO - [2024-05-02T22:52:45.386+0000] {dag.py:3954} INFO - Setting next_dagrun for latest_only_with_trigger to 2024-05-02 16:00:00+00:00, run_after=2024-05-02 20:00:00+00:00
[2024-05-02T22:52:45.506+0000] {processor.py:183} INFO - Processing /home/airflow/.local/lib/python3.12/site-packages/airflow/example_dags/example_latest_only_with_trigger.py took 0.317 seconds
[2024-05-02T22:53:16.237+0000] {processor.py:161} INFO - Started process (PID=2378) to work on /home/airflow/.local/lib/python3.12/site-packages/airflow/example_dags/example_latest_only_with_trigger.py
[2024-05-02T22:53:16.239+0000] {processor.py:830} INFO - Processing file /home/airflow/.local/lib/python3.12/site-packages/airflow/example_dags/example_latest_only_with_trigger.py for tasks to queue
[2024-05-02T22:53:16.242+0000] {logging_mixin.py:188} INFO - [2024-05-02T22:53:16.241+0000] {dagbag.py:540} INFO - Filling up the DagBag from /home/airflow/.local/lib/python3.12/site-packages/airflow/example_dags/example_latest_only_with_trigger.py
[2024-05-02T22:53:16.253+0000] {processor.py:840} INFO - DAG(s) 'latest_only_with_trigger' retrieved from /home/airflow/.local/lib/python3.12/site-packages/airflow/example_dags/example_latest_only_with_trigger.py
[2024-05-02T22:53:16.298+0000] {logging_mixin.py:188} INFO - [2024-05-02T22:53:16.297+0000] {dag.py:3096} INFO - Sync 1 DAGs
[2024-05-02T22:53:16.358+0000] {logging_mixin.py:188} INFO - [2024-05-02T22:53:16.357+0000] {dag.py:3954} INFO - Setting next_dagrun for latest_only_with_trigger to 2024-05-02 16:00:00+00:00, run_after=2024-05-02 20:00:00+00:00
[2024-05-02T22:53:16.410+0000] {processor.py:183} INFO - Processing /home/airflow/.local/lib/python3.12/site-packages/airflow/example_dags/example_latest_only_with_trigger.py took 0.184 seconds
[2024-05-02T22:53:47.637+0000] {processor.py:161} INFO - Started process (PID=2437) to work on /home/airflow/.local/lib/python3.12/site-packages/airflow/example_dags/example_latest_only_with_trigger.py
[2024-05-02T22:53:47.647+0000] {processor.py:830} INFO - Processing file /home/airflow/.local/lib/python3.12/site-packages/airflow/example_dags/example_latest_only_with_trigger.py for tasks to queue
[2024-05-02T22:53:47.661+0000] {logging_mixin.py:188} INFO - [2024-05-02T22:53:47.660+0000] {dagbag.py:540} INFO - Filling up the DagBag from /home/airflow/.local/lib/python3.12/site-packages/airflow/example_dags/example_latest_only_with_trigger.py
[2024-05-02T22:53:47.693+0000] {processor.py:840} INFO - DAG(s) 'latest_only_with_trigger' retrieved from /home/airflow/.local/lib/python3.12/site-packages/airflow/example_dags/example_latest_only_with_trigger.py
[2024-05-02T22:53:48.028+0000] {logging_mixin.py:188} INFO - [2024-05-02T22:53:48.027+0000] {dag.py:3096} INFO - Sync 1 DAGs
[2024-05-02T22:53:48.472+0000] {logging_mixin.py:188} INFO - [2024-05-02T22:53:48.471+0000] {dag.py:3954} INFO - Setting next_dagrun for latest_only_with_trigger to 2024-05-02 16:00:00+00:00, run_after=2024-05-02 20:00:00+00:00
[2024-05-02T22:53:48.683+0000] {processor.py:183} INFO - Processing /home/airflow/.local/lib/python3.12/site-packages/airflow/example_dags/example_latest_only_with_trigger.py took 1.114 seconds
[2024-05-02T22:54:19.254+0000] {processor.py:161} INFO - Started process (PID=2496) to work on /home/airflow/.local/lib/python3.12/site-packages/airflow/example_dags/example_latest_only_with_trigger.py
[2024-05-02T22:54:19.257+0000] {processor.py:830} INFO - Processing file /home/airflow/.local/lib/python3.12/site-packages/airflow/example_dags/example_latest_only_with_trigger.py for tasks to queue
[2024-05-02T22:54:19.261+0000] {logging_mixin.py:188} INFO - [2024-05-02T22:54:19.261+0000] {dagbag.py:540} INFO - Filling up the DagBag from /home/airflow/.local/lib/python3.12/site-packages/airflow/example_dags/example_latest_only_with_trigger.py
[2024-05-02T22:54:19.272+0000] {processor.py:840} INFO - DAG(s) 'latest_only_with_trigger' retrieved from /home/airflow/.local/lib/python3.12/site-packages/airflow/example_dags/example_latest_only_with_trigger.py
[2024-05-02T22:54:19.298+0000] {logging_mixin.py:188} INFO - [2024-05-02T22:54:19.297+0000] {dag.py:3096} INFO - Sync 1 DAGs
[2024-05-02T22:54:19.352+0000] {logging_mixin.py:188} INFO - [2024-05-02T22:54:19.352+0000] {dag.py:3954} INFO - Setting next_dagrun for latest_only_with_trigger to 2024-05-02 16:00:00+00:00, run_after=2024-05-02 20:00:00+00:00
[2024-05-02T22:54:19.416+0000] {processor.py:183} INFO - Processing /home/airflow/.local/lib/python3.12/site-packages/airflow/example_dags/example_latest_only_with_trigger.py took 0.178 seconds
[2024-05-02T22:54:49.733+0000] {processor.py:161} INFO - Started process (PID=2555) to work on /home/airflow/.local/lib/python3.12/site-packages/airflow/example_dags/example_latest_only_with_trigger.py
[2024-05-02T22:54:49.739+0000] {processor.py:830} INFO - Processing file /home/airflow/.local/lib/python3.12/site-packages/airflow/example_dags/example_latest_only_with_trigger.py for tasks to queue
[2024-05-02T22:54:49.743+0000] {logging_mixin.py:188} INFO - [2024-05-02T22:54:49.742+0000] {dagbag.py:540} INFO - Filling up the DagBag from /home/airflow/.local/lib/python3.12/site-packages/airflow/example_dags/example_latest_only_with_trigger.py
[2024-05-02T22:54:49.756+0000] {processor.py:840} INFO - DAG(s) 'latest_only_with_trigger' retrieved from /home/airflow/.local/lib/python3.12/site-packages/airflow/example_dags/example_latest_only_with_trigger.py
[2024-05-02T22:54:50.407+0000] {logging_mixin.py:188} INFO - [2024-05-02T22:54:50.407+0000] {dag.py:3096} INFO - Sync 1 DAGs
[2024-05-02T22:54:50.515+0000] {logging_mixin.py:188} INFO - [2024-05-02T22:54:50.514+0000] {dag.py:3954} INFO - Setting next_dagrun for latest_only_with_trigger to 2024-05-02 16:00:00+00:00, run_after=2024-05-02 20:00:00+00:00
[2024-05-02T22:54:50.698+0000] {processor.py:183} INFO - Processing /home/airflow/.local/lib/python3.12/site-packages/airflow/example_dags/example_latest_only_with_trigger.py took 0.983 seconds
[2024-05-02T22:55:21.413+0000] {processor.py:161} INFO - Started process (PID=2614) to work on /home/airflow/.local/lib/python3.12/site-packages/airflow/example_dags/example_latest_only_with_trigger.py
[2024-05-02T22:55:21.425+0000] {processor.py:830} INFO - Processing file /home/airflow/.local/lib/python3.12/site-packages/airflow/example_dags/example_latest_only_with_trigger.py for tasks to queue
[2024-05-02T22:55:21.429+0000] {logging_mixin.py:188} INFO - [2024-05-02T22:55:21.429+0000] {dagbag.py:540} INFO - Filling up the DagBag from /home/airflow/.local/lib/python3.12/site-packages/airflow/example_dags/example_latest_only_with_trigger.py
[2024-05-02T22:55:21.459+0000] {processor.py:840} INFO - DAG(s) 'latest_only_with_trigger' retrieved from /home/airflow/.local/lib/python3.12/site-packages/airflow/example_dags/example_latest_only_with_trigger.py
[2024-05-02T22:55:21.561+0000] {logging_mixin.py:188} INFO - [2024-05-02T22:55:21.560+0000] {dag.py:3096} INFO - Sync 1 DAGs
[2024-05-02T22:55:21.657+0000] {logging_mixin.py:188} INFO - [2024-05-02T22:55:21.657+0000] {dag.py:3954} INFO - Setting next_dagrun for latest_only_with_trigger to 2024-05-02 16:00:00+00:00, run_after=2024-05-02 20:00:00+00:00
[2024-05-02T22:55:21.772+0000] {processor.py:183} INFO - Processing /home/airflow/.local/lib/python3.12/site-packages/airflow/example_dags/example_latest_only_with_trigger.py took 0.383 seconds
[2024-05-02T22:55:52.037+0000] {processor.py:161} INFO - Started process (PID=2674) to work on /home/airflow/.local/lib/python3.12/site-packages/airflow/example_dags/example_latest_only_with_trigger.py
[2024-05-02T22:55:52.039+0000] {processor.py:830} INFO - Processing file /home/airflow/.local/lib/python3.12/site-packages/airflow/example_dags/example_latest_only_with_trigger.py for tasks to queue
[2024-05-02T22:55:52.052+0000] {logging_mixin.py:188} INFO - [2024-05-02T22:55:52.051+0000] {dagbag.py:540} INFO - Filling up the DagBag from /home/airflow/.local/lib/python3.12/site-packages/airflow/example_dags/example_latest_only_with_trigger.py
[2024-05-02T22:55:52.078+0000] {processor.py:840} INFO - DAG(s) 'latest_only_with_trigger' retrieved from /home/airflow/.local/lib/python3.12/site-packages/airflow/example_dags/example_latest_only_with_trigger.py
[2024-05-02T22:55:52.149+0000] {logging_mixin.py:188} INFO - [2024-05-02T22:55:52.149+0000] {dag.py:3096} INFO - Sync 1 DAGs
[2024-05-02T22:55:52.208+0000] {logging_mixin.py:188} INFO - [2024-05-02T22:55:52.208+0000] {dag.py:3954} INFO - Setting next_dagrun for latest_only_with_trigger to 2024-05-02 16:00:00+00:00, run_after=2024-05-02 20:00:00+00:00
[2024-05-02T22:55:52.249+0000] {processor.py:183} INFO - Processing /home/airflow/.local/lib/python3.12/site-packages/airflow/example_dags/example_latest_only_with_trigger.py took 0.238 seconds
[2024-05-02T22:57:13.886+0000] {processor.py:161} INFO - Started process (PID=77) to work on /home/airflow/.local/lib/python3.12/site-packages/airflow/example_dags/example_latest_only_with_trigger.py
[2024-05-02T22:57:13.888+0000] {processor.py:830} INFO - Processing file /home/airflow/.local/lib/python3.12/site-packages/airflow/example_dags/example_latest_only_with_trigger.py for tasks to queue
[2024-05-02T22:57:13.891+0000] {logging_mixin.py:188} INFO - [2024-05-02T22:57:13.891+0000] {dagbag.py:540} INFO - Filling up the DagBag from /home/airflow/.local/lib/python3.12/site-packages/airflow/example_dags/example_latest_only_with_trigger.py
[2024-05-02T22:57:13.902+0000] {processor.py:840} INFO - DAG(s) 'latest_only_with_trigger' retrieved from /home/airflow/.local/lib/python3.12/site-packages/airflow/example_dags/example_latest_only_with_trigger.py
[2024-05-02T22:57:13.942+0000] {logging_mixin.py:188} INFO - [2024-05-02T22:57:13.942+0000] {dag.py:3096} INFO - Sync 1 DAGs
[2024-05-02T22:57:13.998+0000] {logging_mixin.py:188} INFO - [2024-05-02T22:57:13.997+0000] {dag.py:3954} INFO - Setting next_dagrun for latest_only_with_trigger to 2024-05-02 16:00:00+00:00, run_after=2024-05-02 20:00:00+00:00
[2024-05-02T22:57:14.059+0000] {processor.py:183} INFO - Processing /home/airflow/.local/lib/python3.12/site-packages/airflow/example_dags/example_latest_only_with_trigger.py took 0.184 seconds
[2024-05-02T22:58:06.427+0000] {processor.py:161} INFO - Started process (PID=146) to work on /home/airflow/.local/lib/python3.12/site-packages/airflow/example_dags/example_latest_only_with_trigger.py
[2024-05-02T22:58:06.432+0000] {processor.py:830} INFO - Processing file /home/airflow/.local/lib/python3.12/site-packages/airflow/example_dags/example_latest_only_with_trigger.py for tasks to queue
[2024-05-02T22:58:06.441+0000] {logging_mixin.py:188} INFO - [2024-05-02T22:58:06.440+0000] {dagbag.py:540} INFO - Filling up the DagBag from /home/airflow/.local/lib/python3.12/site-packages/airflow/example_dags/example_latest_only_with_trigger.py
[2024-05-02T22:58:06.459+0000] {processor.py:840} INFO - DAG(s) 'latest_only_with_trigger' retrieved from /home/airflow/.local/lib/python3.12/site-packages/airflow/example_dags/example_latest_only_with_trigger.py
[2024-05-02T22:58:06.584+0000] {logging_mixin.py:188} INFO - [2024-05-02T22:58:06.584+0000] {dag.py:3096} INFO - Sync 1 DAGs
[2024-05-02T22:58:06.692+0000] {logging_mixin.py:188} INFO - [2024-05-02T22:58:06.691+0000] {dag.py:3954} INFO - Setting next_dagrun for latest_only_with_trigger to 2024-05-02 16:00:00+00:00, run_after=2024-05-02 20:00:00+00:00
[2024-05-02T22:58:06.757+0000] {processor.py:183} INFO - Processing /home/airflow/.local/lib/python3.12/site-packages/airflow/example_dags/example_latest_only_with_trigger.py took 0.342 seconds
[2024-05-02T22:58:50.143+0000] {processor.py:161} INFO - Started process (PID=210) to work on /home/airflow/.local/lib/python3.12/site-packages/airflow/example_dags/example_latest_only_with_trigger.py
[2024-05-02T22:58:50.146+0000] {processor.py:830} INFO - Processing file /home/airflow/.local/lib/python3.12/site-packages/airflow/example_dags/example_latest_only_with_trigger.py for tasks to queue
[2024-05-02T22:58:50.153+0000] {logging_mixin.py:188} INFO - [2024-05-02T22:58:50.152+0000] {dagbag.py:540} INFO - Filling up the DagBag from /home/airflow/.local/lib/python3.12/site-packages/airflow/example_dags/example_latest_only_with_trigger.py
[2024-05-02T22:58:50.170+0000] {processor.py:840} INFO - DAG(s) 'latest_only_with_trigger' retrieved from /home/airflow/.local/lib/python3.12/site-packages/airflow/example_dags/example_latest_only_with_trigger.py
[2024-05-02T22:58:50.258+0000] {logging_mixin.py:188} INFO - [2024-05-02T22:58:50.257+0000] {dag.py:3096} INFO - Sync 1 DAGs
[2024-05-02T22:58:50.335+0000] {logging_mixin.py:188} INFO - [2024-05-02T22:58:50.334+0000] {dag.py:3954} INFO - Setting next_dagrun for latest_only_with_trigger to 2024-05-02 16:00:00+00:00, run_after=2024-05-02 20:00:00+00:00
[2024-05-02T22:58:50.413+0000] {processor.py:183} INFO - Processing /home/airflow/.local/lib/python3.12/site-packages/airflow/example_dags/example_latest_only_with_trigger.py took 0.299 seconds
[2024-05-02T22:59:21.257+0000] {processor.py:161} INFO - Started process (PID=268) to work on /home/airflow/.local/lib/python3.12/site-packages/airflow/example_dags/example_latest_only_with_trigger.py
[2024-05-02T22:59:21.287+0000] {processor.py:830} INFO - Processing file /home/airflow/.local/lib/python3.12/site-packages/airflow/example_dags/example_latest_only_with_trigger.py for tasks to queue
[2024-05-02T22:59:21.324+0000] {logging_mixin.py:188} INFO - [2024-05-02T22:59:21.323+0000] {dagbag.py:540} INFO - Filling up the DagBag from /home/airflow/.local/lib/python3.12/site-packages/airflow/example_dags/example_latest_only_with_trigger.py
[2024-05-02T22:59:21.439+0000] {processor.py:840} INFO - DAG(s) 'latest_only_with_trigger' retrieved from /home/airflow/.local/lib/python3.12/site-packages/airflow/example_dags/example_latest_only_with_trigger.py
[2024-05-02T22:59:21.795+0000] {logging_mixin.py:188} INFO - [2024-05-02T22:59:21.791+0000] {dag.py:3096} INFO - Sync 1 DAGs
[2024-05-02T22:59:22.091+0000] {logging_mixin.py:188} INFO - [2024-05-02T22:59:22.089+0000] {dag.py:3954} INFO - Setting next_dagrun for latest_only_with_trigger to 2024-05-02 16:00:00+00:00, run_after=2024-05-02 20:00:00+00:00
[2024-05-02T22:59:22.711+0000] {processor.py:183} INFO - Processing /home/airflow/.local/lib/python3.12/site-packages/airflow/example_dags/example_latest_only_with_trigger.py took 1.512 seconds
[2024-05-02T22:59:54.063+0000] {processor.py:161} INFO - Started process (PID=331) to work on /home/airflow/.local/lib/python3.12/site-packages/airflow/example_dags/example_latest_only_with_trigger.py
[2024-05-02T22:59:54.108+0000] {processor.py:830} INFO - Processing file /home/airflow/.local/lib/python3.12/site-packages/airflow/example_dags/example_latest_only_with_trigger.py for tasks to queue
[2024-05-02T22:59:54.132+0000] {logging_mixin.py:188} INFO - [2024-05-02T22:59:54.117+0000] {dagbag.py:540} INFO - Filling up the DagBag from /home/airflow/.local/lib/python3.12/site-packages/airflow/example_dags/example_latest_only_with_trigger.py
[2024-05-02T22:59:54.273+0000] {processor.py:840} INFO - DAG(s) 'latest_only_with_trigger' retrieved from /home/airflow/.local/lib/python3.12/site-packages/airflow/example_dags/example_latest_only_with_trigger.py
[2024-05-02T22:59:54.455+0000] {logging_mixin.py:188} INFO - [2024-05-02T22:59:54.454+0000] {dag.py:3096} INFO - Sync 1 DAGs
[2024-05-02T22:59:54.617+0000] {logging_mixin.py:188} INFO - [2024-05-02T22:59:54.616+0000] {dag.py:3954} INFO - Setting next_dagrun for latest_only_with_trigger to 2024-05-02 16:00:00+00:00, run_after=2024-05-02 20:00:00+00:00
[2024-05-02T22:59:54.811+0000] {processor.py:183} INFO - Processing /home/airflow/.local/lib/python3.12/site-packages/airflow/example_dags/example_latest_only_with_trigger.py took 0.781 seconds
[2024-05-02T23:00:25.586+0000] {processor.py:161} INFO - Started process (PID=389) to work on /home/airflow/.local/lib/python3.12/site-packages/airflow/example_dags/example_latest_only_with_trigger.py
[2024-05-02T23:00:25.596+0000] {processor.py:830} INFO - Processing file /home/airflow/.local/lib/python3.12/site-packages/airflow/example_dags/example_latest_only_with_trigger.py for tasks to queue
[2024-05-02T23:00:25.607+0000] {logging_mixin.py:188} INFO - [2024-05-02T23:00:25.606+0000] {dagbag.py:540} INFO - Filling up the DagBag from /home/airflow/.local/lib/python3.12/site-packages/airflow/example_dags/example_latest_only_with_trigger.py
[2024-05-02T23:00:25.665+0000] {processor.py:840} INFO - DAG(s) 'latest_only_with_trigger' retrieved from /home/airflow/.local/lib/python3.12/site-packages/airflow/example_dags/example_latest_only_with_trigger.py
[2024-05-02T23:00:25.790+0000] {logging_mixin.py:188} INFO - [2024-05-02T23:00:25.789+0000] {dag.py:3096} INFO - Sync 1 DAGs
[2024-05-02T23:00:25.963+0000] {logging_mixin.py:188} INFO - [2024-05-02T23:00:25.962+0000] {dag.py:3954} INFO - Setting next_dagrun for latest_only_with_trigger to 2024-05-02 16:00:00+00:00, run_after=2024-05-02 20:00:00+00:00
[2024-05-02T23:00:26.114+0000] {processor.py:183} INFO - Processing /home/airflow/.local/lib/python3.12/site-packages/airflow/example_dags/example_latest_only_with_trigger.py took 0.587 seconds
[2024-05-02T23:00:56.340+0000] {processor.py:161} INFO - Started process (PID=455) to work on /home/airflow/.local/lib/python3.12/site-packages/airflow/example_dags/example_latest_only_with_trigger.py
[2024-05-02T23:00:56.343+0000] {processor.py:830} INFO - Processing file /home/airflow/.local/lib/python3.12/site-packages/airflow/example_dags/example_latest_only_with_trigger.py for tasks to queue
[2024-05-02T23:00:56.347+0000] {logging_mixin.py:188} INFO - [2024-05-02T23:00:56.346+0000] {dagbag.py:540} INFO - Filling up the DagBag from /home/airflow/.local/lib/python3.12/site-packages/airflow/example_dags/example_latest_only_with_trigger.py
[2024-05-02T23:00:56.360+0000] {processor.py:840} INFO - DAG(s) 'latest_only_with_trigger' retrieved from /home/airflow/.local/lib/python3.12/site-packages/airflow/example_dags/example_latest_only_with_trigger.py
[2024-05-02T23:00:56.405+0000] {logging_mixin.py:188} INFO - [2024-05-02T23:00:56.404+0000] {dag.py:3096} INFO - Sync 1 DAGs
[2024-05-02T23:00:56.459+0000] {logging_mixin.py:188} INFO - [2024-05-02T23:00:56.459+0000] {dag.py:3954} INFO - Setting next_dagrun for latest_only_with_trigger to 2024-05-02 16:00:00+00:00, run_after=2024-05-02 20:00:00+00:00
[2024-05-02T23:00:56.499+0000] {processor.py:183} INFO - Processing /home/airflow/.local/lib/python3.12/site-packages/airflow/example_dags/example_latest_only_with_trigger.py took 0.169 seconds
[2024-05-02T23:01:26.648+0000] {processor.py:161} INFO - Started process (PID=514) to work on /home/airflow/.local/lib/python3.12/site-packages/airflow/example_dags/example_latest_only_with_trigger.py
[2024-05-02T23:01:26.652+0000] {processor.py:830} INFO - Processing file /home/airflow/.local/lib/python3.12/site-packages/airflow/example_dags/example_latest_only_with_trigger.py for tasks to queue
[2024-05-02T23:01:26.657+0000] {logging_mixin.py:188} INFO - [2024-05-02T23:01:26.656+0000] {dagbag.py:540} INFO - Filling up the DagBag from /home/airflow/.local/lib/python3.12/site-packages/airflow/example_dags/example_latest_only_with_trigger.py
[2024-05-02T23:01:26.674+0000] {processor.py:840} INFO - DAG(s) 'latest_only_with_trigger' retrieved from /home/airflow/.local/lib/python3.12/site-packages/airflow/example_dags/example_latest_only_with_trigger.py
[2024-05-02T23:01:26.734+0000] {logging_mixin.py:188} INFO - [2024-05-02T23:01:26.733+0000] {dag.py:3096} INFO - Sync 1 DAGs
[2024-05-02T23:01:26.802+0000] {logging_mixin.py:188} INFO - [2024-05-02T23:01:26.801+0000] {dag.py:3954} INFO - Setting next_dagrun for latest_only_with_trigger to 2024-05-02 16:00:00+00:00, run_after=2024-05-02 20:00:00+00:00
[2024-05-02T23:01:26.853+0000] {processor.py:183} INFO - Processing /home/airflow/.local/lib/python3.12/site-packages/airflow/example_dags/example_latest_only_with_trigger.py took 0.219 seconds
[2024-05-02T23:01:57.017+0000] {processor.py:161} INFO - Started process (PID=574) to work on /home/airflow/.local/lib/python3.12/site-packages/airflow/example_dags/example_latest_only_with_trigger.py
[2024-05-02T23:01:57.022+0000] {processor.py:830} INFO - Processing file /home/airflow/.local/lib/python3.12/site-packages/airflow/example_dags/example_latest_only_with_trigger.py for tasks to queue
[2024-05-02T23:01:57.027+0000] {logging_mixin.py:188} INFO - [2024-05-02T23:01:57.026+0000] {dagbag.py:540} INFO - Filling up the DagBag from /home/airflow/.local/lib/python3.12/site-packages/airflow/example_dags/example_latest_only_with_trigger.py
[2024-05-02T23:01:57.043+0000] {processor.py:840} INFO - DAG(s) 'latest_only_with_trigger' retrieved from /home/airflow/.local/lib/python3.12/site-packages/airflow/example_dags/example_latest_only_with_trigger.py
[2024-05-02T23:01:57.115+0000] {logging_mixin.py:188} INFO - [2024-05-02T23:01:57.115+0000] {dag.py:3096} INFO - Sync 1 DAGs
[2024-05-02T23:01:57.247+0000] {logging_mixin.py:188} INFO - [2024-05-02T23:01:57.245+0000] {dag.py:3954} INFO - Setting next_dagrun for latest_only_with_trigger to 2024-05-02 16:00:00+00:00, run_after=2024-05-02 20:00:00+00:00
[2024-05-02T23:01:57.333+0000] {processor.py:183} INFO - Processing /home/airflow/.local/lib/python3.12/site-packages/airflow/example_dags/example_latest_only_with_trigger.py took 0.337 seconds
[2024-05-02T23:02:27.497+0000] {processor.py:161} INFO - Started process (PID=633) to work on /home/airflow/.local/lib/python3.12/site-packages/airflow/example_dags/example_latest_only_with_trigger.py
[2024-05-02T23:02:27.500+0000] {processor.py:830} INFO - Processing file /home/airflow/.local/lib/python3.12/site-packages/airflow/example_dags/example_latest_only_with_trigger.py for tasks to queue
[2024-05-02T23:02:27.505+0000] {logging_mixin.py:188} INFO - [2024-05-02T23:02:27.504+0000] {dagbag.py:540} INFO - Filling up the DagBag from /home/airflow/.local/lib/python3.12/site-packages/airflow/example_dags/example_latest_only_with_trigger.py
[2024-05-02T23:02:27.520+0000] {processor.py:840} INFO - DAG(s) 'latest_only_with_trigger' retrieved from /home/airflow/.local/lib/python3.12/site-packages/airflow/example_dags/example_latest_only_with_trigger.py
[2024-05-02T23:02:27.578+0000] {logging_mixin.py:188} INFO - [2024-05-02T23:02:27.578+0000] {dag.py:3096} INFO - Sync 1 DAGs
[2024-05-02T23:02:27.656+0000] {logging_mixin.py:188} INFO - [2024-05-02T23:02:27.655+0000] {dag.py:3954} INFO - Setting next_dagrun for latest_only_with_trigger to 2024-05-02 16:00:00+00:00, run_after=2024-05-02 20:00:00+00:00
[2024-05-02T23:02:27.725+0000] {processor.py:183} INFO - Processing /home/airflow/.local/lib/python3.12/site-packages/airflow/example_dags/example_latest_only_with_trigger.py took 0.244 seconds
[2024-05-02T23:02:57.930+0000] {processor.py:161} INFO - Started process (PID=690) to work on /home/airflow/.local/lib/python3.12/site-packages/airflow/example_dags/example_latest_only_with_trigger.py
[2024-05-02T23:02:57.932+0000] {processor.py:830} INFO - Processing file /home/airflow/.local/lib/python3.12/site-packages/airflow/example_dags/example_latest_only_with_trigger.py for tasks to queue
[2024-05-02T23:02:57.936+0000] {logging_mixin.py:188} INFO - [2024-05-02T23:02:57.935+0000] {dagbag.py:540} INFO - Filling up the DagBag from /home/airflow/.local/lib/python3.12/site-packages/airflow/example_dags/example_latest_only_with_trigger.py
[2024-05-02T23:02:57.950+0000] {processor.py:840} INFO - DAG(s) 'latest_only_with_trigger' retrieved from /home/airflow/.local/lib/python3.12/site-packages/airflow/example_dags/example_latest_only_with_trigger.py
[2024-05-02T23:02:57.999+0000] {logging_mixin.py:188} INFO - [2024-05-02T23:02:57.999+0000] {dag.py:3096} INFO - Sync 1 DAGs
[2024-05-02T23:02:58.059+0000] {logging_mixin.py:188} INFO - [2024-05-02T23:02:58.059+0000] {dag.py:3954} INFO - Setting next_dagrun for latest_only_with_trigger to 2024-05-02 16:00:00+00:00, run_after=2024-05-02 20:00:00+00:00
[2024-05-02T23:02:58.106+0000] {processor.py:183} INFO - Processing /home/airflow/.local/lib/python3.12/site-packages/airflow/example_dags/example_latest_only_with_trigger.py took 0.190 seconds
[2024-05-02T23:03:28.630+0000] {processor.py:161} INFO - Started process (PID=749) to work on /home/airflow/.local/lib/python3.12/site-packages/airflow/example_dags/example_latest_only_with_trigger.py
[2024-05-02T23:03:28.632+0000] {processor.py:830} INFO - Processing file /home/airflow/.local/lib/python3.12/site-packages/airflow/example_dags/example_latest_only_with_trigger.py for tasks to queue
[2024-05-02T23:03:28.636+0000] {logging_mixin.py:188} INFO - [2024-05-02T23:03:28.636+0000] {dagbag.py:540} INFO - Filling up the DagBag from /home/airflow/.local/lib/python3.12/site-packages/airflow/example_dags/example_latest_only_with_trigger.py
[2024-05-02T23:03:28.649+0000] {processor.py:840} INFO - DAG(s) 'latest_only_with_trigger' retrieved from /home/airflow/.local/lib/python3.12/site-packages/airflow/example_dags/example_latest_only_with_trigger.py
[2024-05-02T23:03:28.701+0000] {logging_mixin.py:188} INFO - [2024-05-02T23:03:28.700+0000] {dag.py:3096} INFO - Sync 1 DAGs
[2024-05-02T23:03:28.774+0000] {logging_mixin.py:188} INFO - [2024-05-02T23:03:28.773+0000] {dag.py:3954} INFO - Setting next_dagrun for latest_only_with_trigger to 2024-05-02 16:00:00+00:00, run_after=2024-05-02 20:00:00+00:00
[2024-05-02T23:03:28.821+0000] {processor.py:183} INFO - Processing /home/airflow/.local/lib/python3.12/site-packages/airflow/example_dags/example_latest_only_with_trigger.py took 0.200 seconds
[2024-05-02T23:03:59.227+0000] {processor.py:161} INFO - Started process (PID=808) to work on /home/airflow/.local/lib/python3.12/site-packages/airflow/example_dags/example_latest_only_with_trigger.py
[2024-05-02T23:03:59.229+0000] {processor.py:830} INFO - Processing file /home/airflow/.local/lib/python3.12/site-packages/airflow/example_dags/example_latest_only_with_trigger.py for tasks to queue
[2024-05-02T23:03:59.234+0000] {logging_mixin.py:188} INFO - [2024-05-02T23:03:59.233+0000] {dagbag.py:540} INFO - Filling up the DagBag from /home/airflow/.local/lib/python3.12/site-packages/airflow/example_dags/example_latest_only_with_trigger.py
[2024-05-02T23:03:59.247+0000] {processor.py:840} INFO - DAG(s) 'latest_only_with_trigger' retrieved from /home/airflow/.local/lib/python3.12/site-packages/airflow/example_dags/example_latest_only_with_trigger.py
[2024-05-02T23:03:59.295+0000] {logging_mixin.py:188} INFO - [2024-05-02T23:03:59.295+0000] {dag.py:3096} INFO - Sync 1 DAGs
[2024-05-02T23:03:59.345+0000] {logging_mixin.py:188} INFO - [2024-05-02T23:03:59.345+0000] {dag.py:3954} INFO - Setting next_dagrun for latest_only_with_trigger to 2024-05-02 16:00:00+00:00, run_after=2024-05-02 20:00:00+00:00
[2024-05-02T23:03:59.389+0000] {processor.py:183} INFO - Processing /home/airflow/.local/lib/python3.12/site-packages/airflow/example_dags/example_latest_only_with_trigger.py took 0.180 seconds
[2024-05-02T23:04:30.138+0000] {processor.py:161} INFO - Started process (PID=867) to work on /home/airflow/.local/lib/python3.12/site-packages/airflow/example_dags/example_latest_only_with_trigger.py
[2024-05-02T23:04:30.141+0000] {processor.py:830} INFO - Processing file /home/airflow/.local/lib/python3.12/site-packages/airflow/example_dags/example_latest_only_with_trigger.py for tasks to queue
[2024-05-02T23:04:30.153+0000] {logging_mixin.py:188} INFO - [2024-05-02T23:04:30.153+0000] {dagbag.py:540} INFO - Filling up the DagBag from /home/airflow/.local/lib/python3.12/site-packages/airflow/example_dags/example_latest_only_with_trigger.py
[2024-05-02T23:04:30.174+0000] {processor.py:840} INFO - DAG(s) 'latest_only_with_trigger' retrieved from /home/airflow/.local/lib/python3.12/site-packages/airflow/example_dags/example_latest_only_with_trigger.py
[2024-05-02T23:04:30.259+0000] {logging_mixin.py:188} INFO - [2024-05-02T23:04:30.258+0000] {dag.py:3096} INFO - Sync 1 DAGs
[2024-05-02T23:04:30.339+0000] {logging_mixin.py:188} INFO - [2024-05-02T23:04:30.339+0000] {dag.py:3954} INFO - Setting next_dagrun for latest_only_with_trigger to 2024-05-02 16:00:00+00:00, run_after=2024-05-02 20:00:00+00:00
[2024-05-02T23:04:30.409+0000] {processor.py:183} INFO - Processing /home/airflow/.local/lib/python3.12/site-packages/airflow/example_dags/example_latest_only_with_trigger.py took 0.294 seconds
[2024-05-02T23:05:00.877+0000] {processor.py:161} INFO - Started process (PID=926) to work on /home/airflow/.local/lib/python3.12/site-packages/airflow/example_dags/example_latest_only_with_trigger.py
[2024-05-02T23:05:00.878+0000] {processor.py:830} INFO - Processing file /home/airflow/.local/lib/python3.12/site-packages/airflow/example_dags/example_latest_only_with_trigger.py for tasks to queue
[2024-05-02T23:05:00.883+0000] {logging_mixin.py:188} INFO - [2024-05-02T23:05:00.882+0000] {dagbag.py:540} INFO - Filling up the DagBag from /home/airflow/.local/lib/python3.12/site-packages/airflow/example_dags/example_latest_only_with_trigger.py
[2024-05-02T23:05:00.898+0000] {processor.py:840} INFO - DAG(s) 'latest_only_with_trigger' retrieved from /home/airflow/.local/lib/python3.12/site-packages/airflow/example_dags/example_latest_only_with_trigger.py
[2024-05-02T23:05:00.950+0000] {logging_mixin.py:188} INFO - [2024-05-02T23:05:00.950+0000] {dag.py:3096} INFO - Sync 1 DAGs
[2024-05-02T23:05:01.991+0000] {logging_mixin.py:188} INFO - [2024-05-02T23:05:01.980+0000] {dag.py:3954} INFO - Setting next_dagrun for latest_only_with_trigger to 2024-05-02 16:00:00+00:00, run_after=2024-05-02 20:00:00+00:00
[2024-05-02T23:05:02.111+0000] {processor.py:183} INFO - Processing /home/airflow/.local/lib/python3.12/site-packages/airflow/example_dags/example_latest_only_with_trigger.py took 1.249 seconds
[2024-05-02T23:05:32.883+0000] {processor.py:161} INFO - Started process (PID=984) to work on /home/airflow/.local/lib/python3.12/site-packages/airflow/example_dags/example_latest_only_with_trigger.py
[2024-05-02T23:05:32.885+0000] {processor.py:830} INFO - Processing file /home/airflow/.local/lib/python3.12/site-packages/airflow/example_dags/example_latest_only_with_trigger.py for tasks to queue
[2024-05-02T23:05:32.892+0000] {logging_mixin.py:188} INFO - [2024-05-02T23:05:32.891+0000] {dagbag.py:540} INFO - Filling up the DagBag from /home/airflow/.local/lib/python3.12/site-packages/airflow/example_dags/example_latest_only_with_trigger.py
[2024-05-02T23:05:32.906+0000] {processor.py:840} INFO - DAG(s) 'latest_only_with_trigger' retrieved from /home/airflow/.local/lib/python3.12/site-packages/airflow/example_dags/example_latest_only_with_trigger.py
[2024-05-02T23:05:32.971+0000] {logging_mixin.py:188} INFO - [2024-05-02T23:05:32.970+0000] {dag.py:3096} INFO - Sync 1 DAGs
[2024-05-02T23:05:33.062+0000] {logging_mixin.py:188} INFO - [2024-05-02T23:05:33.062+0000] {dag.py:3954} INFO - Setting next_dagrun for latest_only_with_trigger to 2024-05-02 16:00:00+00:00, run_after=2024-05-02 20:00:00+00:00
[2024-05-02T23:05:33.130+0000] {processor.py:183} INFO - Processing /home/airflow/.local/lib/python3.12/site-packages/airflow/example_dags/example_latest_only_with_trigger.py took 0.273 seconds
[2024-05-02T23:06:03.401+0000] {processor.py:161} INFO - Started process (PID=1043) to work on /home/airflow/.local/lib/python3.12/site-packages/airflow/example_dags/example_latest_only_with_trigger.py
[2024-05-02T23:06:03.403+0000] {processor.py:830} INFO - Processing file /home/airflow/.local/lib/python3.12/site-packages/airflow/example_dags/example_latest_only_with_trigger.py for tasks to queue
[2024-05-02T23:06:03.407+0000] {logging_mixin.py:188} INFO - [2024-05-02T23:06:03.406+0000] {dagbag.py:540} INFO - Filling up the DagBag from /home/airflow/.local/lib/python3.12/site-packages/airflow/example_dags/example_latest_only_with_trigger.py
[2024-05-02T23:06:03.422+0000] {processor.py:840} INFO - DAG(s) 'latest_only_with_trigger' retrieved from /home/airflow/.local/lib/python3.12/site-packages/airflow/example_dags/example_latest_only_with_trigger.py
[2024-05-02T23:06:03.481+0000] {logging_mixin.py:188} INFO - [2024-05-02T23:06:03.480+0000] {dag.py:3096} INFO - Sync 1 DAGs
[2024-05-02T23:06:03.560+0000] {logging_mixin.py:188} INFO - [2024-05-02T23:06:03.560+0000] {dag.py:3954} INFO - Setting next_dagrun for latest_only_with_trigger to 2024-05-02 16:00:00+00:00, run_after=2024-05-02 20:00:00+00:00
[2024-05-02T23:06:03.609+0000] {processor.py:183} INFO - Processing /home/airflow/.local/lib/python3.12/site-packages/airflow/example_dags/example_latest_only_with_trigger.py took 0.223 seconds
[2024-05-02T23:06:33.966+0000] {processor.py:161} INFO - Started process (PID=1102) to work on /home/airflow/.local/lib/python3.12/site-packages/airflow/example_dags/example_latest_only_with_trigger.py
[2024-05-02T23:06:33.968+0000] {processor.py:830} INFO - Processing file /home/airflow/.local/lib/python3.12/site-packages/airflow/example_dags/example_latest_only_with_trigger.py for tasks to queue
[2024-05-02T23:06:33.971+0000] {logging_mixin.py:188} INFO - [2024-05-02T23:06:33.970+0000] {dagbag.py:540} INFO - Filling up the DagBag from /home/airflow/.local/lib/python3.12/site-packages/airflow/example_dags/example_latest_only_with_trigger.py
[2024-05-02T23:06:33.988+0000] {processor.py:840} INFO - DAG(s) 'latest_only_with_trigger' retrieved from /home/airflow/.local/lib/python3.12/site-packages/airflow/example_dags/example_latest_only_with_trigger.py
[2024-05-02T23:06:34.039+0000] {logging_mixin.py:188} INFO - [2024-05-02T23:06:34.038+0000] {dag.py:3096} INFO - Sync 1 DAGs
[2024-05-02T23:06:34.094+0000] {logging_mixin.py:188} INFO - [2024-05-02T23:06:34.093+0000] {dag.py:3954} INFO - Setting next_dagrun for latest_only_with_trigger to 2024-05-02 16:00:00+00:00, run_after=2024-05-02 20:00:00+00:00
[2024-05-02T23:06:34.154+0000] {processor.py:183} INFO - Processing /home/airflow/.local/lib/python3.12/site-packages/airflow/example_dags/example_latest_only_with_trigger.py took 0.198 seconds
