[2024-05-02T22:20:51.216+0000] {processor.py:161} INFO - Started process (PID=58) to work on /home/airflow/.local/lib/python3.12/site-packages/airflow/example_dags/example_skip_dag.py
[2024-05-02T22:20:51.228+0000] {processor.py:830} INFO - Processing file /home/airflow/.local/lib/python3.12/site-packages/airflow/example_dags/example_skip_dag.py for tasks to queue
[2024-05-02T22:20:51.240+0000] {logging_mixin.py:188} INFO - [2024-05-02T22:20:51.238+0000] {dagbag.py:540} INFO - Filling up the DagBag from /home/airflow/.local/lib/python3.12/site-packages/airflow/example_dags/example_skip_dag.py
[2024-05-02T22:20:51.429+0000] {processor.py:840} INFO - DAG(s) 'example_skip_dag' retrieved from /home/airflow/.local/lib/python3.12/site-packages/airflow/example_dags/example_skip_dag.py
[2024-05-02T22:20:52.146+0000] {logging_mixin.py:188} INFO - [2024-05-02T22:20:52.145+0000] {dag.py:3096} INFO - Sync 1 DAGs
[2024-05-02T22:20:52.261+0000] {logging_mixin.py:188} INFO - [2024-05-02T22:20:52.260+0000] {dag.py:3954} INFO - Setting next_dagrun for example_skip_dag to 2024-05-01 00:00:00+00:00, run_after=2024-05-02 00:00:00+00:00
[2024-05-02T22:20:52.325+0000] {processor.py:183} INFO - Processing /home/airflow/.local/lib/python3.12/site-packages/airflow/example_dags/example_skip_dag.py took 1.162 seconds
[2024-05-02T22:21:28.030+0000] {processor.py:161} INFO - Started process (PID=116) to work on /home/airflow/.local/lib/python3.12/site-packages/airflow/example_dags/example_skip_dag.py
[2024-05-02T22:21:28.045+0000] {processor.py:830} INFO - Processing file /home/airflow/.local/lib/python3.12/site-packages/airflow/example_dags/example_skip_dag.py for tasks to queue
[2024-05-02T22:21:28.125+0000] {logging_mixin.py:188} INFO - [2024-05-02T22:21:28.125+0000] {dagbag.py:540} INFO - Filling up the DagBag from /home/airflow/.local/lib/python3.12/site-packages/airflow/example_dags/example_skip_dag.py
[2024-05-02T22:21:28.207+0000] {processor.py:840} INFO - DAG(s) 'example_skip_dag' retrieved from /home/airflow/.local/lib/python3.12/site-packages/airflow/example_dags/example_skip_dag.py
[2024-05-02T22:21:28.397+0000] {logging_mixin.py:188} INFO - [2024-05-02T22:21:28.397+0000] {dag.py:3096} INFO - Sync 1 DAGs
[2024-05-02T22:21:28.628+0000] {logging_mixin.py:188} INFO - [2024-05-02T22:21:28.627+0000] {dag.py:3954} INFO - Setting next_dagrun for example_skip_dag to 2024-05-01 00:00:00+00:00, run_after=2024-05-02 00:00:00+00:00
[2024-05-02T22:21:28.821+0000] {processor.py:183} INFO - Processing /home/airflow/.local/lib/python3.12/site-packages/airflow/example_dags/example_skip_dag.py took 0.834 seconds
[2024-05-02T22:22:43.765+0000] {processor.py:161} INFO - Started process (PID=185) to work on /home/airflow/.local/lib/python3.12/site-packages/airflow/example_dags/example_skip_dag.py
[2024-05-02T22:22:43.767+0000] {processor.py:830} INFO - Processing file /home/airflow/.local/lib/python3.12/site-packages/airflow/example_dags/example_skip_dag.py for tasks to queue
[2024-05-02T22:22:43.812+0000] {logging_mixin.py:188} INFO - [2024-05-02T22:22:43.811+0000] {dagbag.py:540} INFO - Filling up the DagBag from /home/airflow/.local/lib/python3.12/site-packages/airflow/example_dags/example_skip_dag.py
[2024-05-02T22:22:43.877+0000] {processor.py:840} INFO - DAG(s) 'example_skip_dag' retrieved from /home/airflow/.local/lib/python3.12/site-packages/airflow/example_dags/example_skip_dag.py
[2024-05-02T22:22:44.036+0000] {logging_mixin.py:188} INFO - [2024-05-02T22:22:44.035+0000] {dag.py:3096} INFO - Sync 1 DAGs
[2024-05-02T22:22:44.270+0000] {logging_mixin.py:188} INFO - [2024-05-02T22:22:44.267+0000] {dag.py:3954} INFO - Setting next_dagrun for example_skip_dag to 2024-05-01 00:00:00+00:00, run_after=2024-05-02 00:00:00+00:00
[2024-05-02T22:22:44.540+0000] {processor.py:183} INFO - Processing /home/airflow/.local/lib/python3.12/site-packages/airflow/example_dags/example_skip_dag.py took 0.837 seconds
[2024-05-02T22:32:29.954+0000] {processor.py:161} INFO - Started process (PID=58) to work on /home/airflow/.local/lib/python3.12/site-packages/airflow/example_dags/example_skip_dag.py
[2024-05-02T22:32:29.956+0000] {processor.py:830} INFO - Processing file /home/airflow/.local/lib/python3.12/site-packages/airflow/example_dags/example_skip_dag.py for tasks to queue
[2024-05-02T22:32:29.961+0000] {logging_mixin.py:188} INFO - [2024-05-02T22:32:29.960+0000] {dagbag.py:540} INFO - Filling up the DagBag from /home/airflow/.local/lib/python3.12/site-packages/airflow/example_dags/example_skip_dag.py
[2024-05-02T22:32:30.002+0000] {processor.py:840} INFO - DAG(s) 'example_skip_dag' retrieved from /home/airflow/.local/lib/python3.12/site-packages/airflow/example_dags/example_skip_dag.py
[2024-05-02T22:32:30.722+0000] {logging_mixin.py:188} INFO - [2024-05-02T22:32:30.721+0000] {dag.py:3096} INFO - Sync 1 DAGs
[2024-05-02T22:32:30.923+0000] {logging_mixin.py:188} INFO - [2024-05-02T22:32:30.911+0000] {dag.py:3954} INFO - Setting next_dagrun for example_skip_dag to 2024-05-01 00:00:00+00:00, run_after=2024-05-02 00:00:00+00:00
[2024-05-02T22:32:31.057+0000] {processor.py:183} INFO - Processing /home/airflow/.local/lib/python3.12/site-packages/airflow/example_dags/example_skip_dag.py took 1.134 seconds
[2024-05-02T22:33:01.729+0000] {processor.py:161} INFO - Started process (PID=117) to work on /home/airflow/.local/lib/python3.12/site-packages/airflow/example_dags/example_skip_dag.py
[2024-05-02T22:33:01.740+0000] {processor.py:830} INFO - Processing file /home/airflow/.local/lib/python3.12/site-packages/airflow/example_dags/example_skip_dag.py for tasks to queue
[2024-05-02T22:33:01.748+0000] {logging_mixin.py:188} INFO - [2024-05-02T22:33:01.747+0000] {dagbag.py:540} INFO - Filling up the DagBag from /home/airflow/.local/lib/python3.12/site-packages/airflow/example_dags/example_skip_dag.py
[2024-05-02T22:33:01.783+0000] {processor.py:840} INFO - DAG(s) 'example_skip_dag' retrieved from /home/airflow/.local/lib/python3.12/site-packages/airflow/example_dags/example_skip_dag.py
[2024-05-02T22:33:01.880+0000] {logging_mixin.py:188} INFO - [2024-05-02T22:33:01.880+0000] {dag.py:3096} INFO - Sync 1 DAGs
[2024-05-02T22:33:02.011+0000] {logging_mixin.py:188} INFO - [2024-05-02T22:33:02.010+0000] {dag.py:3954} INFO - Setting next_dagrun for example_skip_dag to 2024-05-01 00:00:00+00:00, run_after=2024-05-02 00:00:00+00:00
[2024-05-02T22:33:02.227+0000] {processor.py:183} INFO - Processing /home/airflow/.local/lib/python3.12/site-packages/airflow/example_dags/example_skip_dag.py took 0.536 seconds
[2024-05-02T22:33:33.410+0000] {processor.py:161} INFO - Started process (PID=176) to work on /home/airflow/.local/lib/python3.12/site-packages/airflow/example_dags/example_skip_dag.py
[2024-05-02T22:33:33.433+0000] {processor.py:830} INFO - Processing file /home/airflow/.local/lib/python3.12/site-packages/airflow/example_dags/example_skip_dag.py for tasks to queue
[2024-05-02T22:33:33.443+0000] {logging_mixin.py:188} INFO - [2024-05-02T22:33:33.442+0000] {dagbag.py:540} INFO - Filling up the DagBag from /home/airflow/.local/lib/python3.12/site-packages/airflow/example_dags/example_skip_dag.py
[2024-05-02T22:33:33.467+0000] {processor.py:840} INFO - DAG(s) 'example_skip_dag' retrieved from /home/airflow/.local/lib/python3.12/site-packages/airflow/example_dags/example_skip_dag.py
[2024-05-02T22:33:33.621+0000] {logging_mixin.py:188} INFO - [2024-05-02T22:33:33.621+0000] {dag.py:3096} INFO - Sync 1 DAGs
[2024-05-02T22:33:33.773+0000] {logging_mixin.py:188} INFO - [2024-05-02T22:33:33.772+0000] {dag.py:3954} INFO - Setting next_dagrun for example_skip_dag to 2024-05-01 00:00:00+00:00, run_after=2024-05-02 00:00:00+00:00
[2024-05-02T22:33:33.834+0000] {processor.py:183} INFO - Processing /home/airflow/.local/lib/python3.12/site-packages/airflow/example_dags/example_skip_dag.py took 0.455 seconds
[2024-05-02T22:34:04.352+0000] {processor.py:161} INFO - Started process (PID=233) to work on /home/airflow/.local/lib/python3.12/site-packages/airflow/example_dags/example_skip_dag.py
[2024-05-02T22:34:04.354+0000] {processor.py:830} INFO - Processing file /home/airflow/.local/lib/python3.12/site-packages/airflow/example_dags/example_skip_dag.py for tasks to queue
[2024-05-02T22:34:04.359+0000] {logging_mixin.py:188} INFO - [2024-05-02T22:34:04.358+0000] {dagbag.py:540} INFO - Filling up the DagBag from /home/airflow/.local/lib/python3.12/site-packages/airflow/example_dags/example_skip_dag.py
[2024-05-02T22:34:04.373+0000] {processor.py:840} INFO - DAG(s) 'example_skip_dag' retrieved from /home/airflow/.local/lib/python3.12/site-packages/airflow/example_dags/example_skip_dag.py
[2024-05-02T22:34:04.434+0000] {logging_mixin.py:188} INFO - [2024-05-02T22:34:04.433+0000] {dag.py:3096} INFO - Sync 1 DAGs
[2024-05-02T22:34:04.509+0000] {logging_mixin.py:188} INFO - [2024-05-02T22:34:04.509+0000] {dag.py:3954} INFO - Setting next_dagrun for example_skip_dag to 2024-05-01 00:00:00+00:00, run_after=2024-05-02 00:00:00+00:00
[2024-05-02T22:34:04.627+0000] {processor.py:183} INFO - Processing /home/airflow/.local/lib/python3.12/site-packages/airflow/example_dags/example_skip_dag.py took 0.287 seconds
[2024-05-02T22:34:35.111+0000] {processor.py:161} INFO - Started process (PID=293) to work on /home/airflow/.local/lib/python3.12/site-packages/airflow/example_dags/example_skip_dag.py
[2024-05-02T22:34:35.113+0000] {processor.py:830} INFO - Processing file /home/airflow/.local/lib/python3.12/site-packages/airflow/example_dags/example_skip_dag.py for tasks to queue
[2024-05-02T22:34:35.121+0000] {logging_mixin.py:188} INFO - [2024-05-02T22:34:35.120+0000] {dagbag.py:540} INFO - Filling up the DagBag from /home/airflow/.local/lib/python3.12/site-packages/airflow/example_dags/example_skip_dag.py
[2024-05-02T22:34:35.149+0000] {processor.py:840} INFO - DAG(s) 'example_skip_dag' retrieved from /home/airflow/.local/lib/python3.12/site-packages/airflow/example_dags/example_skip_dag.py
[2024-05-02T22:34:35.274+0000] {logging_mixin.py:188} INFO - [2024-05-02T22:34:35.273+0000] {dag.py:3096} INFO - Sync 1 DAGs
[2024-05-02T22:34:35.413+0000] {logging_mixin.py:188} INFO - [2024-05-02T22:34:35.412+0000] {dag.py:3954} INFO - Setting next_dagrun for example_skip_dag to 2024-05-01 00:00:00+00:00, run_after=2024-05-02 00:00:00+00:00
[2024-05-02T22:34:35.554+0000] {processor.py:183} INFO - Processing /home/airflow/.local/lib/python3.12/site-packages/airflow/example_dags/example_skip_dag.py took 0.476 seconds
[2024-05-02T22:35:05.758+0000] {processor.py:161} INFO - Started process (PID=351) to work on /home/airflow/.local/lib/python3.12/site-packages/airflow/example_dags/example_skip_dag.py
[2024-05-02T22:35:05.760+0000] {processor.py:830} INFO - Processing file /home/airflow/.local/lib/python3.12/site-packages/airflow/example_dags/example_skip_dag.py for tasks to queue
[2024-05-02T22:35:05.764+0000] {logging_mixin.py:188} INFO - [2024-05-02T22:35:05.763+0000] {dagbag.py:540} INFO - Filling up the DagBag from /home/airflow/.local/lib/python3.12/site-packages/airflow/example_dags/example_skip_dag.py
[2024-05-02T22:35:05.781+0000] {processor.py:840} INFO - DAG(s) 'example_skip_dag' retrieved from /home/airflow/.local/lib/python3.12/site-packages/airflow/example_dags/example_skip_dag.py
[2024-05-02T22:35:05.810+0000] {logging_mixin.py:188} INFO - [2024-05-02T22:35:05.810+0000] {dag.py:3096} INFO - Sync 1 DAGs
[2024-05-02T22:35:05.902+0000] {logging_mixin.py:188} INFO - [2024-05-02T22:35:05.901+0000] {dag.py:3954} INFO - Setting next_dagrun for example_skip_dag to 2024-05-01 00:00:00+00:00, run_after=2024-05-02 00:00:00+00:00
[2024-05-02T22:35:06.028+0000] {processor.py:183} INFO - Processing /home/airflow/.local/lib/python3.12/site-packages/airflow/example_dags/example_skip_dag.py took 0.281 seconds
[2024-05-02T22:35:40.129+0000] {processor.py:161} INFO - Started process (PID=409) to work on /home/airflow/.local/lib/python3.12/site-packages/airflow/example_dags/example_skip_dag.py
[2024-05-02T22:35:40.133+0000] {processor.py:830} INFO - Processing file /home/airflow/.local/lib/python3.12/site-packages/airflow/example_dags/example_skip_dag.py for tasks to queue
[2024-05-02T22:35:40.137+0000] {logging_mixin.py:188} INFO - [2024-05-02T22:35:40.136+0000] {dagbag.py:540} INFO - Filling up the DagBag from /home/airflow/.local/lib/python3.12/site-packages/airflow/example_dags/example_skip_dag.py
[2024-05-02T22:35:40.149+0000] {processor.py:840} INFO - DAG(s) 'example_skip_dag' retrieved from /home/airflow/.local/lib/python3.12/site-packages/airflow/example_dags/example_skip_dag.py
[2024-05-02T22:35:40.370+0000] {logging_mixin.py:188} INFO - [2024-05-02T22:35:40.370+0000] {dag.py:3096} INFO - Sync 1 DAGs
[2024-05-02T22:35:40.661+0000] {logging_mixin.py:188} INFO - [2024-05-02T22:35:40.660+0000] {dag.py:3954} INFO - Setting next_dagrun for example_skip_dag to 2024-05-01 00:00:00+00:00, run_after=2024-05-02 00:00:00+00:00
[2024-05-02T22:35:40.708+0000] {processor.py:183} INFO - Processing /home/airflow/.local/lib/python3.12/site-packages/airflow/example_dags/example_skip_dag.py took 0.614 seconds
[2024-05-02T22:36:12.396+0000] {processor.py:161} INFO - Started process (PID=467) to work on /home/airflow/.local/lib/python3.12/site-packages/airflow/example_dags/example_skip_dag.py
[2024-05-02T22:36:12.409+0000] {processor.py:830} INFO - Processing file /home/airflow/.local/lib/python3.12/site-packages/airflow/example_dags/example_skip_dag.py for tasks to queue
[2024-05-02T22:36:12.442+0000] {logging_mixin.py:188} INFO - [2024-05-02T22:36:12.440+0000] {dagbag.py:540} INFO - Filling up the DagBag from /home/airflow/.local/lib/python3.12/site-packages/airflow/example_dags/example_skip_dag.py
[2024-05-02T22:36:12.521+0000] {processor.py:840} INFO - DAG(s) 'example_skip_dag' retrieved from /home/airflow/.local/lib/python3.12/site-packages/airflow/example_dags/example_skip_dag.py
[2024-05-02T22:36:12.649+0000] {logging_mixin.py:188} INFO - [2024-05-02T22:36:12.648+0000] {dag.py:3096} INFO - Sync 1 DAGs
[2024-05-02T22:36:12.856+0000] {logging_mixin.py:188} INFO - [2024-05-02T22:36:12.855+0000] {dag.py:3954} INFO - Setting next_dagrun for example_skip_dag to 2024-05-01 00:00:00+00:00, run_after=2024-05-02 00:00:00+00:00
[2024-05-02T22:36:13.138+0000] {processor.py:183} INFO - Processing /home/airflow/.local/lib/python3.12/site-packages/airflow/example_dags/example_skip_dag.py took 0.810 seconds
[2024-05-02T22:36:43.747+0000] {processor.py:161} INFO - Started process (PID=526) to work on /home/airflow/.local/lib/python3.12/site-packages/airflow/example_dags/example_skip_dag.py
[2024-05-02T22:36:43.749+0000] {processor.py:830} INFO - Processing file /home/airflow/.local/lib/python3.12/site-packages/airflow/example_dags/example_skip_dag.py for tasks to queue
[2024-05-02T22:36:43.765+0000] {logging_mixin.py:188} INFO - [2024-05-02T22:36:43.764+0000] {dagbag.py:540} INFO - Filling up the DagBag from /home/airflow/.local/lib/python3.12/site-packages/airflow/example_dags/example_skip_dag.py
[2024-05-02T22:36:43.811+0000] {processor.py:840} INFO - DAG(s) 'example_skip_dag' retrieved from /home/airflow/.local/lib/python3.12/site-packages/airflow/example_dags/example_skip_dag.py
[2024-05-02T22:36:43.939+0000] {logging_mixin.py:188} INFO - [2024-05-02T22:36:43.938+0000] {dag.py:3096} INFO - Sync 1 DAGs
[2024-05-02T22:36:44.117+0000] {logging_mixin.py:188} INFO - [2024-05-02T22:36:44.116+0000] {dag.py:3954} INFO - Setting next_dagrun for example_skip_dag to 2024-05-01 00:00:00+00:00, run_after=2024-05-02 00:00:00+00:00
[2024-05-02T22:36:44.272+0000] {processor.py:183} INFO - Processing /home/airflow/.local/lib/python3.12/site-packages/airflow/example_dags/example_skip_dag.py took 0.568 seconds
[2024-05-02T22:37:14.452+0000] {processor.py:161} INFO - Started process (PID=586) to work on /home/airflow/.local/lib/python3.12/site-packages/airflow/example_dags/example_skip_dag.py
[2024-05-02T22:37:14.455+0000] {processor.py:830} INFO - Processing file /home/airflow/.local/lib/python3.12/site-packages/airflow/example_dags/example_skip_dag.py for tasks to queue
[2024-05-02T22:37:14.460+0000] {logging_mixin.py:188} INFO - [2024-05-02T22:37:14.459+0000] {dagbag.py:540} INFO - Filling up the DagBag from /home/airflow/.local/lib/python3.12/site-packages/airflow/example_dags/example_skip_dag.py
[2024-05-02T22:37:14.475+0000] {processor.py:840} INFO - DAG(s) 'example_skip_dag' retrieved from /home/airflow/.local/lib/python3.12/site-packages/airflow/example_dags/example_skip_dag.py
[2024-05-02T22:37:14.530+0000] {logging_mixin.py:188} INFO - [2024-05-02T22:37:14.529+0000] {dag.py:3096} INFO - Sync 1 DAGs
[2024-05-02T22:37:14.601+0000] {logging_mixin.py:188} INFO - [2024-05-02T22:37:14.600+0000] {dag.py:3954} INFO - Setting next_dagrun for example_skip_dag to 2024-05-01 00:00:00+00:00, run_after=2024-05-02 00:00:00+00:00
[2024-05-02T22:37:14.666+0000] {processor.py:183} INFO - Processing /home/airflow/.local/lib/python3.12/site-packages/airflow/example_dags/example_skip_dag.py took 0.235 seconds
[2024-05-02T22:37:51.044+0000] {processor.py:161} INFO - Started process (PID=640) to work on /home/airflow/.local/lib/python3.12/site-packages/airflow/example_dags/example_skip_dag.py
[2024-05-02T22:37:51.047+0000] {processor.py:830} INFO - Processing file /home/airflow/.local/lib/python3.12/site-packages/airflow/example_dags/example_skip_dag.py for tasks to queue
[2024-05-02T22:37:51.051+0000] {logging_mixin.py:188} INFO - [2024-05-02T22:37:51.050+0000] {dagbag.py:540} INFO - Filling up the DagBag from /home/airflow/.local/lib/python3.12/site-packages/airflow/example_dags/example_skip_dag.py
[2024-05-02T22:37:51.070+0000] {processor.py:840} INFO - DAG(s) 'example_skip_dag' retrieved from /home/airflow/.local/lib/python3.12/site-packages/airflow/example_dags/example_skip_dag.py
[2024-05-02T22:37:51.123+0000] {logging_mixin.py:188} INFO - [2024-05-02T22:37:51.120+0000] {dag.py:3096} INFO - Sync 1 DAGs
[2024-05-02T22:37:51.186+0000] {logging_mixin.py:188} INFO - [2024-05-02T22:37:51.186+0000] {dag.py:3954} INFO - Setting next_dagrun for example_skip_dag to 2024-05-01 00:00:00+00:00, run_after=2024-05-02 00:00:00+00:00
[2024-05-02T22:37:51.248+0000] {processor.py:183} INFO - Processing /home/airflow/.local/lib/python3.12/site-packages/airflow/example_dags/example_skip_dag.py took 0.224 seconds
[2024-05-02T22:38:25.939+0000] {processor.py:161} INFO - Started process (PID=698) to work on /home/airflow/.local/lib/python3.12/site-packages/airflow/example_dags/example_skip_dag.py
[2024-05-02T22:38:25.941+0000] {processor.py:830} INFO - Processing file /home/airflow/.local/lib/python3.12/site-packages/airflow/example_dags/example_skip_dag.py for tasks to queue
[2024-05-02T22:38:25.944+0000] {logging_mixin.py:188} INFO - [2024-05-02T22:38:25.943+0000] {dagbag.py:540} INFO - Filling up the DagBag from /home/airflow/.local/lib/python3.12/site-packages/airflow/example_dags/example_skip_dag.py
[2024-05-02T22:38:25.954+0000] {processor.py:840} INFO - DAG(s) 'example_skip_dag' retrieved from /home/airflow/.local/lib/python3.12/site-packages/airflow/example_dags/example_skip_dag.py
[2024-05-02T22:38:25.999+0000] {logging_mixin.py:188} INFO - [2024-05-02T22:38:25.998+0000] {dag.py:3096} INFO - Sync 1 DAGs
[2024-05-02T22:38:26.049+0000] {logging_mixin.py:188} INFO - [2024-05-02T22:38:26.049+0000] {dag.py:3954} INFO - Setting next_dagrun for example_skip_dag to 2024-05-01 00:00:00+00:00, run_after=2024-05-02 00:00:00+00:00
[2024-05-02T22:38:26.092+0000] {processor.py:183} INFO - Processing /home/airflow/.local/lib/python3.12/site-packages/airflow/example_dags/example_skip_dag.py took 0.163 seconds
[2024-05-02T22:39:05.860+0000] {processor.py:161} INFO - Started process (PID=764) to work on /home/airflow/.local/lib/python3.12/site-packages/airflow/example_dags/example_skip_dag.py
[2024-05-02T22:39:05.864+0000] {processor.py:830} INFO - Processing file /home/airflow/.local/lib/python3.12/site-packages/airflow/example_dags/example_skip_dag.py for tasks to queue
[2024-05-02T22:39:05.894+0000] {logging_mixin.py:188} INFO - [2024-05-02T22:39:05.888+0000] {dagbag.py:540} INFO - Filling up the DagBag from /home/airflow/.local/lib/python3.12/site-packages/airflow/example_dags/example_skip_dag.py
[2024-05-02T22:39:05.998+0000] {processor.py:840} INFO - DAG(s) 'example_skip_dag' retrieved from /home/airflow/.local/lib/python3.12/site-packages/airflow/example_dags/example_skip_dag.py
[2024-05-02T22:39:06.103+0000] {logging_mixin.py:188} INFO - [2024-05-02T22:39:06.102+0000] {dag.py:3096} INFO - Sync 1 DAGs
[2024-05-02T22:39:06.192+0000] {logging_mixin.py:188} INFO - [2024-05-02T22:39:06.191+0000] {dag.py:3954} INFO - Setting next_dagrun for example_skip_dag to 2024-05-01 00:00:00+00:00, run_after=2024-05-02 00:00:00+00:00
[2024-05-02T22:39:06.279+0000] {processor.py:183} INFO - Processing /home/airflow/.local/lib/python3.12/site-packages/airflow/example_dags/example_skip_dag.py took 0.448 seconds
[2024-05-02T22:39:39.285+0000] {processor.py:161} INFO - Started process (PID=822) to work on /home/airflow/.local/lib/python3.12/site-packages/airflow/example_dags/example_skip_dag.py
[2024-05-02T22:39:39.314+0000] {processor.py:830} INFO - Processing file /home/airflow/.local/lib/python3.12/site-packages/airflow/example_dags/example_skip_dag.py for tasks to queue
[2024-05-02T22:39:39.337+0000] {logging_mixin.py:188} INFO - [2024-05-02T22:39:39.330+0000] {dagbag.py:540} INFO - Filling up the DagBag from /home/airflow/.local/lib/python3.12/site-packages/airflow/example_dags/example_skip_dag.py
[2024-05-02T22:39:39.426+0000] {processor.py:840} INFO - DAG(s) 'example_skip_dag' retrieved from /home/airflow/.local/lib/python3.12/site-packages/airflow/example_dags/example_skip_dag.py
[2024-05-02T22:39:39.749+0000] {logging_mixin.py:188} INFO - [2024-05-02T22:39:39.749+0000] {dag.py:3096} INFO - Sync 1 DAGs
[2024-05-02T22:39:40.195+0000] {logging_mixin.py:188} INFO - [2024-05-02T22:39:40.194+0000] {dag.py:3954} INFO - Setting next_dagrun for example_skip_dag to 2024-05-01 00:00:00+00:00, run_after=2024-05-02 00:00:00+00:00
[2024-05-02T22:39:41.222+0000] {processor.py:183} INFO - Processing /home/airflow/.local/lib/python3.12/site-packages/airflow/example_dags/example_skip_dag.py took 1.962 seconds
[2024-05-02T22:40:16.343+0000] {processor.py:161} INFO - Started process (PID=882) to work on /home/airflow/.local/lib/python3.12/site-packages/airflow/example_dags/example_skip_dag.py
[2024-05-02T22:40:16.345+0000] {processor.py:830} INFO - Processing file /home/airflow/.local/lib/python3.12/site-packages/airflow/example_dags/example_skip_dag.py for tasks to queue
[2024-05-02T22:40:16.353+0000] {logging_mixin.py:188} INFO - [2024-05-02T22:40:16.348+0000] {dagbag.py:540} INFO - Filling up the DagBag from /home/airflow/.local/lib/python3.12/site-packages/airflow/example_dags/example_skip_dag.py
[2024-05-02T22:40:16.376+0000] {processor.py:840} INFO - DAG(s) 'example_skip_dag' retrieved from /home/airflow/.local/lib/python3.12/site-packages/airflow/example_dags/example_skip_dag.py
[2024-05-02T22:40:17.062+0000] {logging_mixin.py:188} INFO - [2024-05-02T22:40:17.062+0000] {dag.py:3096} INFO - Sync 1 DAGs
[2024-05-02T22:40:17.109+0000] {logging_mixin.py:188} INFO - [2024-05-02T22:40:17.109+0000] {dag.py:3954} INFO - Setting next_dagrun for example_skip_dag to 2024-05-01 00:00:00+00:00, run_after=2024-05-02 00:00:00+00:00
[2024-05-02T22:40:17.170+0000] {processor.py:183} INFO - Processing /home/airflow/.local/lib/python3.12/site-packages/airflow/example_dags/example_skip_dag.py took 0.845 seconds
[2024-05-02T22:40:47.712+0000] {processor.py:161} INFO - Started process (PID=941) to work on /home/airflow/.local/lib/python3.12/site-packages/airflow/example_dags/example_skip_dag.py
[2024-05-02T22:40:47.713+0000] {processor.py:830} INFO - Processing file /home/airflow/.local/lib/python3.12/site-packages/airflow/example_dags/example_skip_dag.py for tasks to queue
[2024-05-02T22:40:47.718+0000] {logging_mixin.py:188} INFO - [2024-05-02T22:40:47.717+0000] {dagbag.py:540} INFO - Filling up the DagBag from /home/airflow/.local/lib/python3.12/site-packages/airflow/example_dags/example_skip_dag.py
[2024-05-02T22:40:47.730+0000] {processor.py:840} INFO - DAG(s) 'example_skip_dag' retrieved from /home/airflow/.local/lib/python3.12/site-packages/airflow/example_dags/example_skip_dag.py
[2024-05-02T22:40:47.791+0000] {logging_mixin.py:188} INFO - [2024-05-02T22:40:47.791+0000] {dag.py:3096} INFO - Sync 1 DAGs
[2024-05-02T22:40:47.858+0000] {logging_mixin.py:188} INFO - [2024-05-02T22:40:47.857+0000] {dag.py:3954} INFO - Setting next_dagrun for example_skip_dag to 2024-05-01 00:00:00+00:00, run_after=2024-05-02 00:00:00+00:00
[2024-05-02T22:40:47.907+0000] {processor.py:183} INFO - Processing /home/airflow/.local/lib/python3.12/site-packages/airflow/example_dags/example_skip_dag.py took 0.213 seconds
[2024-05-02T22:41:18.457+0000] {processor.py:161} INFO - Started process (PID=1000) to work on /home/airflow/.local/lib/python3.12/site-packages/airflow/example_dags/example_skip_dag.py
[2024-05-02T22:41:18.459+0000] {processor.py:830} INFO - Processing file /home/airflow/.local/lib/python3.12/site-packages/airflow/example_dags/example_skip_dag.py for tasks to queue
[2024-05-02T22:41:18.463+0000] {logging_mixin.py:188} INFO - [2024-05-02T22:41:18.462+0000] {dagbag.py:540} INFO - Filling up the DagBag from /home/airflow/.local/lib/python3.12/site-packages/airflow/example_dags/example_skip_dag.py
[2024-05-02T22:41:18.720+0000] {processor.py:840} INFO - DAG(s) 'example_skip_dag' retrieved from /home/airflow/.local/lib/python3.12/site-packages/airflow/example_dags/example_skip_dag.py
[2024-05-02T22:41:18.765+0000] {logging_mixin.py:188} INFO - [2024-05-02T22:41:18.765+0000] {dag.py:3096} INFO - Sync 1 DAGs
[2024-05-02T22:41:18.815+0000] {logging_mixin.py:188} INFO - [2024-05-02T22:41:18.814+0000] {dag.py:3954} INFO - Setting next_dagrun for example_skip_dag to 2024-05-01 00:00:00+00:00, run_after=2024-05-02 00:00:00+00:00
[2024-05-02T22:41:18.859+0000] {processor.py:183} INFO - Processing /home/airflow/.local/lib/python3.12/site-packages/airflow/example_dags/example_skip_dag.py took 0.420 seconds
[2024-05-02T22:41:49.348+0000] {processor.py:161} INFO - Started process (PID=1059) to work on /home/airflow/.local/lib/python3.12/site-packages/airflow/example_dags/example_skip_dag.py
[2024-05-02T22:41:49.351+0000] {processor.py:830} INFO - Processing file /home/airflow/.local/lib/python3.12/site-packages/airflow/example_dags/example_skip_dag.py for tasks to queue
[2024-05-02T22:41:49.358+0000] {logging_mixin.py:188} INFO - [2024-05-02T22:41:49.357+0000] {dagbag.py:540} INFO - Filling up the DagBag from /home/airflow/.local/lib/python3.12/site-packages/airflow/example_dags/example_skip_dag.py
[2024-05-02T22:41:49.382+0000] {processor.py:840} INFO - DAG(s) 'example_skip_dag' retrieved from /home/airflow/.local/lib/python3.12/site-packages/airflow/example_dags/example_skip_dag.py
[2024-05-02T22:41:49.453+0000] {logging_mixin.py:188} INFO - [2024-05-02T22:41:49.452+0000] {dag.py:3096} INFO - Sync 1 DAGs
[2024-05-02T22:41:49.520+0000] {logging_mixin.py:188} INFO - [2024-05-02T22:41:49.520+0000] {dag.py:3954} INFO - Setting next_dagrun for example_skip_dag to 2024-05-01 00:00:00+00:00, run_after=2024-05-02 00:00:00+00:00
[2024-05-02T22:41:49.576+0000] {processor.py:183} INFO - Processing /home/airflow/.local/lib/python3.12/site-packages/airflow/example_dags/example_skip_dag.py took 0.246 seconds
[2024-05-02T22:42:19.988+0000] {processor.py:161} INFO - Started process (PID=1118) to work on /home/airflow/.local/lib/python3.12/site-packages/airflow/example_dags/example_skip_dag.py
[2024-05-02T22:42:19.990+0000] {processor.py:830} INFO - Processing file /home/airflow/.local/lib/python3.12/site-packages/airflow/example_dags/example_skip_dag.py for tasks to queue
[2024-05-02T22:42:19.996+0000] {logging_mixin.py:188} INFO - [2024-05-02T22:42:19.995+0000] {dagbag.py:540} INFO - Filling up the DagBag from /home/airflow/.local/lib/python3.12/site-packages/airflow/example_dags/example_skip_dag.py
[2024-05-02T22:42:20.013+0000] {processor.py:840} INFO - DAG(s) 'example_skip_dag' retrieved from /home/airflow/.local/lib/python3.12/site-packages/airflow/example_dags/example_skip_dag.py
[2024-05-02T22:42:20.094+0000] {logging_mixin.py:188} INFO - [2024-05-02T22:42:20.093+0000] {dag.py:3096} INFO - Sync 1 DAGs
[2024-05-02T22:42:20.170+0000] {logging_mixin.py:188} INFO - [2024-05-02T22:42:20.169+0000] {dag.py:3954} INFO - Setting next_dagrun for example_skip_dag to 2024-05-01 00:00:00+00:00, run_after=2024-05-02 00:00:00+00:00
[2024-05-02T22:42:20.270+0000] {processor.py:183} INFO - Processing /home/airflow/.local/lib/python3.12/site-packages/airflow/example_dags/example_skip_dag.py took 0.300 seconds
[2024-05-02T22:42:50.514+0000] {processor.py:161} INFO - Started process (PID=1177) to work on /home/airflow/.local/lib/python3.12/site-packages/airflow/example_dags/example_skip_dag.py
[2024-05-02T22:42:50.516+0000] {processor.py:830} INFO - Processing file /home/airflow/.local/lib/python3.12/site-packages/airflow/example_dags/example_skip_dag.py for tasks to queue
[2024-05-02T22:42:50.521+0000] {logging_mixin.py:188} INFO - [2024-05-02T22:42:50.520+0000] {dagbag.py:540} INFO - Filling up the DagBag from /home/airflow/.local/lib/python3.12/site-packages/airflow/example_dags/example_skip_dag.py
[2024-05-02T22:42:50.537+0000] {processor.py:840} INFO - DAG(s) 'example_skip_dag' retrieved from /home/airflow/.local/lib/python3.12/site-packages/airflow/example_dags/example_skip_dag.py
[2024-05-02T22:42:50.601+0000] {logging_mixin.py:188} INFO - [2024-05-02T22:42:50.601+0000] {dag.py:3096} INFO - Sync 1 DAGs
[2024-05-02T22:42:50.657+0000] {logging_mixin.py:188} INFO - [2024-05-02T22:42:50.656+0000] {dag.py:3954} INFO - Setting next_dagrun for example_skip_dag to 2024-05-01 00:00:00+00:00, run_after=2024-05-02 00:00:00+00:00
[2024-05-02T22:42:50.705+0000] {processor.py:183} INFO - Processing /home/airflow/.local/lib/python3.12/site-packages/airflow/example_dags/example_skip_dag.py took 0.208 seconds
[2024-05-02T22:43:21.122+0000] {processor.py:161} INFO - Started process (PID=1236) to work on /home/airflow/.local/lib/python3.12/site-packages/airflow/example_dags/example_skip_dag.py
[2024-05-02T22:43:21.126+0000] {processor.py:830} INFO - Processing file /home/airflow/.local/lib/python3.12/site-packages/airflow/example_dags/example_skip_dag.py for tasks to queue
[2024-05-02T22:43:21.132+0000] {logging_mixin.py:188} INFO - [2024-05-02T22:43:21.131+0000] {dagbag.py:540} INFO - Filling up the DagBag from /home/airflow/.local/lib/python3.12/site-packages/airflow/example_dags/example_skip_dag.py
[2024-05-02T22:43:21.152+0000] {processor.py:840} INFO - DAG(s) 'example_skip_dag' retrieved from /home/airflow/.local/lib/python3.12/site-packages/airflow/example_dags/example_skip_dag.py
[2024-05-02T22:43:21.220+0000] {logging_mixin.py:188} INFO - [2024-05-02T22:43:21.220+0000] {dag.py:3096} INFO - Sync 1 DAGs
[2024-05-02T22:43:21.295+0000] {logging_mixin.py:188} INFO - [2024-05-02T22:43:21.295+0000] {dag.py:3954} INFO - Setting next_dagrun for example_skip_dag to 2024-05-01 00:00:00+00:00, run_after=2024-05-02 00:00:00+00:00
[2024-05-02T22:43:21.384+0000] {processor.py:183} INFO - Processing /home/airflow/.local/lib/python3.12/site-packages/airflow/example_dags/example_skip_dag.py took 0.276 seconds
[2024-05-02T22:43:51.561+0000] {processor.py:161} INFO - Started process (PID=1295) to work on /home/airflow/.local/lib/python3.12/site-packages/airflow/example_dags/example_skip_dag.py
[2024-05-02T22:43:51.563+0000] {processor.py:830} INFO - Processing file /home/airflow/.local/lib/python3.12/site-packages/airflow/example_dags/example_skip_dag.py for tasks to queue
[2024-05-02T22:43:51.566+0000] {logging_mixin.py:188} INFO - [2024-05-02T22:43:51.566+0000] {dagbag.py:540} INFO - Filling up the DagBag from /home/airflow/.local/lib/python3.12/site-packages/airflow/example_dags/example_skip_dag.py
[2024-05-02T22:43:51.578+0000] {processor.py:840} INFO - DAG(s) 'example_skip_dag' retrieved from /home/airflow/.local/lib/python3.12/site-packages/airflow/example_dags/example_skip_dag.py
[2024-05-02T22:43:51.626+0000] {logging_mixin.py:188} INFO - [2024-05-02T22:43:51.626+0000] {dag.py:3096} INFO - Sync 1 DAGs
[2024-05-02T22:43:51.678+0000] {logging_mixin.py:188} INFO - [2024-05-02T22:43:51.677+0000] {dag.py:3954} INFO - Setting next_dagrun for example_skip_dag to 2024-05-01 00:00:00+00:00, run_after=2024-05-02 00:00:00+00:00
[2024-05-02T22:43:51.722+0000] {processor.py:183} INFO - Processing /home/airflow/.local/lib/python3.12/site-packages/airflow/example_dags/example_skip_dag.py took 0.176 seconds
[2024-05-02T22:44:22.131+0000] {processor.py:161} INFO - Started process (PID=1352) to work on /home/airflow/.local/lib/python3.12/site-packages/airflow/example_dags/example_skip_dag.py
[2024-05-02T22:44:22.133+0000] {processor.py:830} INFO - Processing file /home/airflow/.local/lib/python3.12/site-packages/airflow/example_dags/example_skip_dag.py for tasks to queue
[2024-05-02T22:44:22.136+0000] {logging_mixin.py:188} INFO - [2024-05-02T22:44:22.136+0000] {dagbag.py:540} INFO - Filling up the DagBag from /home/airflow/.local/lib/python3.12/site-packages/airflow/example_dags/example_skip_dag.py
[2024-05-02T22:44:22.150+0000] {processor.py:840} INFO - DAG(s) 'example_skip_dag' retrieved from /home/airflow/.local/lib/python3.12/site-packages/airflow/example_dags/example_skip_dag.py
[2024-05-02T22:44:22.200+0000] {logging_mixin.py:188} INFO - [2024-05-02T22:44:22.200+0000] {dag.py:3096} INFO - Sync 1 DAGs
[2024-05-02T22:44:22.255+0000] {logging_mixin.py:188} INFO - [2024-05-02T22:44:22.255+0000] {dag.py:3954} INFO - Setting next_dagrun for example_skip_dag to 2024-05-01 00:00:00+00:00, run_after=2024-05-02 00:00:00+00:00
[2024-05-02T22:44:22.298+0000] {processor.py:183} INFO - Processing /home/airflow/.local/lib/python3.12/site-packages/airflow/example_dags/example_skip_dag.py took 0.179 seconds
[2024-05-02T22:44:52.760+0000] {processor.py:161} INFO - Started process (PID=1410) to work on /home/airflow/.local/lib/python3.12/site-packages/airflow/example_dags/example_skip_dag.py
[2024-05-02T22:44:52.762+0000] {processor.py:830} INFO - Processing file /home/airflow/.local/lib/python3.12/site-packages/airflow/example_dags/example_skip_dag.py for tasks to queue
[2024-05-02T22:44:52.772+0000] {logging_mixin.py:188} INFO - [2024-05-02T22:44:52.770+0000] {dagbag.py:540} INFO - Filling up the DagBag from /home/airflow/.local/lib/python3.12/site-packages/airflow/example_dags/example_skip_dag.py
[2024-05-02T22:44:52.798+0000] {processor.py:840} INFO - DAG(s) 'example_skip_dag' retrieved from /home/airflow/.local/lib/python3.12/site-packages/airflow/example_dags/example_skip_dag.py
[2024-05-02T22:44:52.888+0000] {logging_mixin.py:188} INFO - [2024-05-02T22:44:52.888+0000] {dag.py:3096} INFO - Sync 1 DAGs
[2024-05-02T22:44:52.978+0000] {logging_mixin.py:188} INFO - [2024-05-02T22:44:52.978+0000] {dag.py:3954} INFO - Setting next_dagrun for example_skip_dag to 2024-05-01 00:00:00+00:00, run_after=2024-05-02 00:00:00+00:00
[2024-05-02T22:44:53.072+0000] {processor.py:183} INFO - Processing /home/airflow/.local/lib/python3.12/site-packages/airflow/example_dags/example_skip_dag.py took 0.328 seconds
[2024-05-02T22:45:23.462+0000] {processor.py:161} INFO - Started process (PID=1468) to work on /home/airflow/.local/lib/python3.12/site-packages/airflow/example_dags/example_skip_dag.py
[2024-05-02T22:45:23.465+0000] {processor.py:830} INFO - Processing file /home/airflow/.local/lib/python3.12/site-packages/airflow/example_dags/example_skip_dag.py for tasks to queue
[2024-05-02T22:45:23.470+0000] {logging_mixin.py:188} INFO - [2024-05-02T22:45:23.470+0000] {dagbag.py:540} INFO - Filling up the DagBag from /home/airflow/.local/lib/python3.12/site-packages/airflow/example_dags/example_skip_dag.py
[2024-05-02T22:45:23.486+0000] {processor.py:840} INFO - DAG(s) 'example_skip_dag' retrieved from /home/airflow/.local/lib/python3.12/site-packages/airflow/example_dags/example_skip_dag.py
[2024-05-02T22:45:23.542+0000] {logging_mixin.py:188} INFO - [2024-05-02T22:45:23.541+0000] {dag.py:3096} INFO - Sync 1 DAGs
[2024-05-02T22:45:23.620+0000] {logging_mixin.py:188} INFO - [2024-05-02T22:45:23.620+0000] {dag.py:3954} INFO - Setting next_dagrun for example_skip_dag to 2024-05-01 00:00:00+00:00, run_after=2024-05-02 00:00:00+00:00
[2024-05-02T22:45:23.730+0000] {processor.py:183} INFO - Processing /home/airflow/.local/lib/python3.12/site-packages/airflow/example_dags/example_skip_dag.py took 0.283 seconds
[2024-05-02T22:45:54.238+0000] {processor.py:161} INFO - Started process (PID=1526) to work on /home/airflow/.local/lib/python3.12/site-packages/airflow/example_dags/example_skip_dag.py
[2024-05-02T22:45:54.240+0000] {processor.py:830} INFO - Processing file /home/airflow/.local/lib/python3.12/site-packages/airflow/example_dags/example_skip_dag.py for tasks to queue
[2024-05-02T22:45:54.243+0000] {logging_mixin.py:188} INFO - [2024-05-02T22:45:54.242+0000] {dagbag.py:540} INFO - Filling up the DagBag from /home/airflow/.local/lib/python3.12/site-packages/airflow/example_dags/example_skip_dag.py
[2024-05-02T22:45:54.274+0000] {processor.py:840} INFO - DAG(s) 'example_skip_dag' retrieved from /home/airflow/.local/lib/python3.12/site-packages/airflow/example_dags/example_skip_dag.py
[2024-05-02T22:45:54.394+0000] {logging_mixin.py:188} INFO - [2024-05-02T22:45:54.393+0000] {dag.py:3096} INFO - Sync 1 DAGs
[2024-05-02T22:45:54.485+0000] {logging_mixin.py:188} INFO - [2024-05-02T22:45:54.484+0000] {dag.py:3954} INFO - Setting next_dagrun for example_skip_dag to 2024-05-01 00:00:00+00:00, run_after=2024-05-02 00:00:00+00:00
[2024-05-02T22:45:54.540+0000] {processor.py:183} INFO - Processing /home/airflow/.local/lib/python3.12/site-packages/airflow/example_dags/example_skip_dag.py took 0.313 seconds
[2024-05-02T22:46:25.652+0000] {processor.py:161} INFO - Started process (PID=1585) to work on /home/airflow/.local/lib/python3.12/site-packages/airflow/example_dags/example_skip_dag.py
[2024-05-02T22:46:25.655+0000] {processor.py:830} INFO - Processing file /home/airflow/.local/lib/python3.12/site-packages/airflow/example_dags/example_skip_dag.py for tasks to queue
[2024-05-02T22:46:25.672+0000] {logging_mixin.py:188} INFO - [2024-05-02T22:46:25.668+0000] {dagbag.py:540} INFO - Filling up the DagBag from /home/airflow/.local/lib/python3.12/site-packages/airflow/example_dags/example_skip_dag.py
[2024-05-02T22:46:25.710+0000] {processor.py:840} INFO - DAG(s) 'example_skip_dag' retrieved from /home/airflow/.local/lib/python3.12/site-packages/airflow/example_dags/example_skip_dag.py
[2024-05-02T22:46:25.786+0000] {logging_mixin.py:188} INFO - [2024-05-02T22:46:25.786+0000] {dag.py:3096} INFO - Sync 1 DAGs
[2024-05-02T22:46:25.913+0000] {logging_mixin.py:188} INFO - [2024-05-02T22:46:25.913+0000] {dag.py:3954} INFO - Setting next_dagrun for example_skip_dag to 2024-05-01 00:00:00+00:00, run_after=2024-05-02 00:00:00+00:00
[2024-05-02T22:46:25.974+0000] {processor.py:183} INFO - Processing /home/airflow/.local/lib/python3.12/site-packages/airflow/example_dags/example_skip_dag.py took 0.358 seconds
[2024-05-02T22:46:56.100+0000] {processor.py:161} INFO - Started process (PID=1645) to work on /home/airflow/.local/lib/python3.12/site-packages/airflow/example_dags/example_skip_dag.py
[2024-05-02T22:46:56.102+0000] {processor.py:830} INFO - Processing file /home/airflow/.local/lib/python3.12/site-packages/airflow/example_dags/example_skip_dag.py for tasks to queue
[2024-05-02T22:46:56.112+0000] {logging_mixin.py:188} INFO - [2024-05-02T22:46:56.111+0000] {dagbag.py:540} INFO - Filling up the DagBag from /home/airflow/.local/lib/python3.12/site-packages/airflow/example_dags/example_skip_dag.py
[2024-05-02T22:46:56.125+0000] {processor.py:840} INFO - DAG(s) 'example_skip_dag' retrieved from /home/airflow/.local/lib/python3.12/site-packages/airflow/example_dags/example_skip_dag.py
[2024-05-02T22:46:56.171+0000] {logging_mixin.py:188} INFO - [2024-05-02T22:46:56.171+0000] {dag.py:3096} INFO - Sync 1 DAGs
[2024-05-02T22:46:56.218+0000] {logging_mixin.py:188} INFO - [2024-05-02T22:46:56.218+0000] {dag.py:3954} INFO - Setting next_dagrun for example_skip_dag to 2024-05-01 00:00:00+00:00, run_after=2024-05-02 00:00:00+00:00
[2024-05-02T22:46:56.280+0000] {processor.py:183} INFO - Processing /home/airflow/.local/lib/python3.12/site-packages/airflow/example_dags/example_skip_dag.py took 0.194 seconds
[2024-05-02T22:47:26.673+0000] {processor.py:161} INFO - Started process (PID=1704) to work on /home/airflow/.local/lib/python3.12/site-packages/airflow/example_dags/example_skip_dag.py
[2024-05-02T22:47:26.675+0000] {processor.py:830} INFO - Processing file /home/airflow/.local/lib/python3.12/site-packages/airflow/example_dags/example_skip_dag.py for tasks to queue
[2024-05-02T22:47:26.679+0000] {logging_mixin.py:188} INFO - [2024-05-02T22:47:26.679+0000] {dagbag.py:540} INFO - Filling up the DagBag from /home/airflow/.local/lib/python3.12/site-packages/airflow/example_dags/example_skip_dag.py
[2024-05-02T22:47:26.694+0000] {processor.py:840} INFO - DAG(s) 'example_skip_dag' retrieved from /home/airflow/.local/lib/python3.12/site-packages/airflow/example_dags/example_skip_dag.py
[2024-05-02T22:47:26.755+0000] {logging_mixin.py:188} INFO - [2024-05-02T22:47:26.755+0000] {dag.py:3096} INFO - Sync 1 DAGs
[2024-05-02T22:47:26.883+0000] {logging_mixin.py:188} INFO - [2024-05-02T22:47:26.882+0000] {dag.py:3954} INFO - Setting next_dagrun for example_skip_dag to 2024-05-01 00:00:00+00:00, run_after=2024-05-02 00:00:00+00:00
[2024-05-02T22:47:26.939+0000] {processor.py:183} INFO - Processing /home/airflow/.local/lib/python3.12/site-packages/airflow/example_dags/example_skip_dag.py took 0.275 seconds
[2024-05-02T22:47:57.449+0000] {processor.py:161} INFO - Started process (PID=1763) to work on /home/airflow/.local/lib/python3.12/site-packages/airflow/example_dags/example_skip_dag.py
[2024-05-02T22:47:57.452+0000] {processor.py:830} INFO - Processing file /home/airflow/.local/lib/python3.12/site-packages/airflow/example_dags/example_skip_dag.py for tasks to queue
[2024-05-02T22:47:57.456+0000] {logging_mixin.py:188} INFO - [2024-05-02T22:47:57.455+0000] {dagbag.py:540} INFO - Filling up the DagBag from /home/airflow/.local/lib/python3.12/site-packages/airflow/example_dags/example_skip_dag.py
[2024-05-02T22:47:57.474+0000] {processor.py:840} INFO - DAG(s) 'example_skip_dag' retrieved from /home/airflow/.local/lib/python3.12/site-packages/airflow/example_dags/example_skip_dag.py
[2024-05-02T22:47:57.544+0000] {logging_mixin.py:188} INFO - [2024-05-02T22:47:57.543+0000] {dag.py:3096} INFO - Sync 1 DAGs
[2024-05-02T22:47:57.623+0000] {logging_mixin.py:188} INFO - [2024-05-02T22:47:57.623+0000] {dag.py:3954} INFO - Setting next_dagrun for example_skip_dag to 2024-05-01 00:00:00+00:00, run_after=2024-05-02 00:00:00+00:00
[2024-05-02T22:47:57.684+0000] {processor.py:183} INFO - Processing /home/airflow/.local/lib/python3.12/site-packages/airflow/example_dags/example_skip_dag.py took 0.247 seconds
[2024-05-02T22:48:27.825+0000] {processor.py:161} INFO - Started process (PID=1823) to work on /home/airflow/.local/lib/python3.12/site-packages/airflow/example_dags/example_skip_dag.py
[2024-05-02T22:48:27.827+0000] {processor.py:830} INFO - Processing file /home/airflow/.local/lib/python3.12/site-packages/airflow/example_dags/example_skip_dag.py for tasks to queue
[2024-05-02T22:48:27.831+0000] {logging_mixin.py:188} INFO - [2024-05-02T22:48:27.830+0000] {dagbag.py:540} INFO - Filling up the DagBag from /home/airflow/.local/lib/python3.12/site-packages/airflow/example_dags/example_skip_dag.py
[2024-05-02T22:48:27.847+0000] {processor.py:840} INFO - DAG(s) 'example_skip_dag' retrieved from /home/airflow/.local/lib/python3.12/site-packages/airflow/example_dags/example_skip_dag.py
[2024-05-02T22:48:27.928+0000] {logging_mixin.py:188} INFO - [2024-05-02T22:48:27.927+0000] {dag.py:3096} INFO - Sync 1 DAGs
[2024-05-02T22:48:28.048+0000] {logging_mixin.py:188} INFO - [2024-05-02T22:48:28.047+0000] {dag.py:3954} INFO - Setting next_dagrun for example_skip_dag to 2024-05-01 00:00:00+00:00, run_after=2024-05-02 00:00:00+00:00
[2024-05-02T22:48:28.129+0000] {processor.py:183} INFO - Processing /home/airflow/.local/lib/python3.12/site-packages/airflow/example_dags/example_skip_dag.py took 0.318 seconds
[2024-05-02T22:48:58.450+0000] {processor.py:161} INFO - Started process (PID=1882) to work on /home/airflow/.local/lib/python3.12/site-packages/airflow/example_dags/example_skip_dag.py
[2024-05-02T22:48:58.454+0000] {processor.py:830} INFO - Processing file /home/airflow/.local/lib/python3.12/site-packages/airflow/example_dags/example_skip_dag.py for tasks to queue
[2024-05-02T22:48:58.467+0000] {logging_mixin.py:188} INFO - [2024-05-02T22:48:58.461+0000] {dagbag.py:540} INFO - Filling up the DagBag from /home/airflow/.local/lib/python3.12/site-packages/airflow/example_dags/example_skip_dag.py
[2024-05-02T22:48:58.487+0000] {processor.py:840} INFO - DAG(s) 'example_skip_dag' retrieved from /home/airflow/.local/lib/python3.12/site-packages/airflow/example_dags/example_skip_dag.py
[2024-05-02T22:48:58.619+0000] {logging_mixin.py:188} INFO - [2024-05-02T22:48:58.618+0000] {dag.py:3096} INFO - Sync 1 DAGs
[2024-05-02T22:48:58.789+0000] {logging_mixin.py:188} INFO - [2024-05-02T22:48:58.789+0000] {dag.py:3954} INFO - Setting next_dagrun for example_skip_dag to 2024-05-01 00:00:00+00:00, run_after=2024-05-02 00:00:00+00:00
[2024-05-02T22:48:58.967+0000] {processor.py:183} INFO - Processing /home/airflow/.local/lib/python3.12/site-packages/airflow/example_dags/example_skip_dag.py took 0.541 seconds
[2024-05-02T22:49:29.836+0000] {processor.py:161} INFO - Started process (PID=1941) to work on /home/airflow/.local/lib/python3.12/site-packages/airflow/example_dags/example_skip_dag.py
[2024-05-02T22:49:29.838+0000] {processor.py:830} INFO - Processing file /home/airflow/.local/lib/python3.12/site-packages/airflow/example_dags/example_skip_dag.py for tasks to queue
[2024-05-02T22:49:29.841+0000] {logging_mixin.py:188} INFO - [2024-05-02T22:49:29.841+0000] {dagbag.py:540} INFO - Filling up the DagBag from /home/airflow/.local/lib/python3.12/site-packages/airflow/example_dags/example_skip_dag.py
[2024-05-02T22:49:29.856+0000] {processor.py:840} INFO - DAG(s) 'example_skip_dag' retrieved from /home/airflow/.local/lib/python3.12/site-packages/airflow/example_dags/example_skip_dag.py
[2024-05-02T22:49:29.898+0000] {logging_mixin.py:188} INFO - [2024-05-02T22:49:29.897+0000] {dag.py:3096} INFO - Sync 1 DAGs
[2024-05-02T22:49:29.944+0000] {logging_mixin.py:188} INFO - [2024-05-02T22:49:29.944+0000] {dag.py:3954} INFO - Setting next_dagrun for example_skip_dag to 2024-05-01 00:00:00+00:00, run_after=2024-05-02 00:00:00+00:00
[2024-05-02T22:49:29.992+0000] {processor.py:183} INFO - Processing /home/airflow/.local/lib/python3.12/site-packages/airflow/example_dags/example_skip_dag.py took 0.171 seconds
[2024-05-02T22:50:00.487+0000] {processor.py:161} INFO - Started process (PID=2000) to work on /home/airflow/.local/lib/python3.12/site-packages/airflow/example_dags/example_skip_dag.py
[2024-05-02T22:50:00.489+0000] {processor.py:830} INFO - Processing file /home/airflow/.local/lib/python3.12/site-packages/airflow/example_dags/example_skip_dag.py for tasks to queue
[2024-05-02T22:50:00.492+0000] {logging_mixin.py:188} INFO - [2024-05-02T22:50:00.492+0000] {dagbag.py:540} INFO - Filling up the DagBag from /home/airflow/.local/lib/python3.12/site-packages/airflow/example_dags/example_skip_dag.py
[2024-05-02T22:50:00.507+0000] {processor.py:840} INFO - DAG(s) 'example_skip_dag' retrieved from /home/airflow/.local/lib/python3.12/site-packages/airflow/example_dags/example_skip_dag.py
[2024-05-02T22:50:00.553+0000] {logging_mixin.py:188} INFO - [2024-05-02T22:50:00.553+0000] {dag.py:3096} INFO - Sync 1 DAGs
[2024-05-02T22:50:00.610+0000] {logging_mixin.py:188} INFO - [2024-05-02T22:50:00.609+0000] {dag.py:3954} INFO - Setting next_dagrun for example_skip_dag to 2024-05-01 00:00:00+00:00, run_after=2024-05-02 00:00:00+00:00
[2024-05-02T22:50:00.654+0000] {processor.py:183} INFO - Processing /home/airflow/.local/lib/python3.12/site-packages/airflow/example_dags/example_skip_dag.py took 0.182 seconds
[2024-05-02T22:50:31.221+0000] {processor.py:161} INFO - Started process (PID=2059) to work on /home/airflow/.local/lib/python3.12/site-packages/airflow/example_dags/example_skip_dag.py
[2024-05-02T22:50:31.225+0000] {processor.py:830} INFO - Processing file /home/airflow/.local/lib/python3.12/site-packages/airflow/example_dags/example_skip_dag.py for tasks to queue
[2024-05-02T22:50:31.229+0000] {logging_mixin.py:188} INFO - [2024-05-02T22:50:31.228+0000] {dagbag.py:540} INFO - Filling up the DagBag from /home/airflow/.local/lib/python3.12/site-packages/airflow/example_dags/example_skip_dag.py
[2024-05-02T22:50:31.258+0000] {processor.py:840} INFO - DAG(s) 'example_skip_dag' retrieved from /home/airflow/.local/lib/python3.12/site-packages/airflow/example_dags/example_skip_dag.py
[2024-05-02T22:50:31.400+0000] {logging_mixin.py:188} INFO - [2024-05-02T22:50:31.397+0000] {dag.py:3096} INFO - Sync 1 DAGs
[2024-05-02T22:50:31.617+0000] {logging_mixin.py:188} INFO - [2024-05-02T22:50:31.617+0000] {dag.py:3954} INFO - Setting next_dagrun for example_skip_dag to 2024-05-01 00:00:00+00:00, run_after=2024-05-02 00:00:00+00:00
[2024-05-02T22:50:31.706+0000] {processor.py:183} INFO - Processing /home/airflow/.local/lib/python3.12/site-packages/airflow/example_dags/example_skip_dag.py took 0.499 seconds
[2024-05-02T22:51:01.971+0000] {processor.py:161} INFO - Started process (PID=2117) to work on /home/airflow/.local/lib/python3.12/site-packages/airflow/example_dags/example_skip_dag.py
[2024-05-02T22:51:01.973+0000] {processor.py:830} INFO - Processing file /home/airflow/.local/lib/python3.12/site-packages/airflow/example_dags/example_skip_dag.py for tasks to queue
[2024-05-02T22:51:01.976+0000] {logging_mixin.py:188} INFO - [2024-05-02T22:51:01.975+0000] {dagbag.py:540} INFO - Filling up the DagBag from /home/airflow/.local/lib/python3.12/site-packages/airflow/example_dags/example_skip_dag.py
[2024-05-02T22:51:01.992+0000] {processor.py:840} INFO - DAG(s) 'example_skip_dag' retrieved from /home/airflow/.local/lib/python3.12/site-packages/airflow/example_dags/example_skip_dag.py
[2024-05-02T22:51:02.036+0000] {logging_mixin.py:188} INFO - [2024-05-02T22:51:02.035+0000] {dag.py:3096} INFO - Sync 1 DAGs
[2024-05-02T22:51:02.085+0000] {logging_mixin.py:188} INFO - [2024-05-02T22:51:02.085+0000] {dag.py:3954} INFO - Setting next_dagrun for example_skip_dag to 2024-05-01 00:00:00+00:00, run_after=2024-05-02 00:00:00+00:00
[2024-05-02T22:51:02.129+0000] {processor.py:183} INFO - Processing /home/airflow/.local/lib/python3.12/site-packages/airflow/example_dags/example_skip_dag.py took 0.174 seconds
[2024-05-02T22:51:32.849+0000] {processor.py:161} INFO - Started process (PID=2176) to work on /home/airflow/.local/lib/python3.12/site-packages/airflow/example_dags/example_skip_dag.py
[2024-05-02T22:51:32.851+0000] {processor.py:830} INFO - Processing file /home/airflow/.local/lib/python3.12/site-packages/airflow/example_dags/example_skip_dag.py for tasks to queue
[2024-05-02T22:51:32.855+0000] {logging_mixin.py:188} INFO - [2024-05-02T22:51:32.854+0000] {dagbag.py:540} INFO - Filling up the DagBag from /home/airflow/.local/lib/python3.12/site-packages/airflow/example_dags/example_skip_dag.py
[2024-05-02T22:51:32.872+0000] {processor.py:840} INFO - DAG(s) 'example_skip_dag' retrieved from /home/airflow/.local/lib/python3.12/site-packages/airflow/example_dags/example_skip_dag.py
[2024-05-02T22:51:32.927+0000] {logging_mixin.py:188} INFO - [2024-05-02T22:51:32.926+0000] {dag.py:3096} INFO - Sync 1 DAGs
[2024-05-02T22:51:32.986+0000] {logging_mixin.py:188} INFO - [2024-05-02T22:51:32.985+0000] {dag.py:3954} INFO - Setting next_dagrun for example_skip_dag to 2024-05-01 00:00:00+00:00, run_after=2024-05-02 00:00:00+00:00
[2024-05-02T22:51:33.038+0000] {processor.py:183} INFO - Processing /home/airflow/.local/lib/python3.12/site-packages/airflow/example_dags/example_skip_dag.py took 0.204 seconds
[2024-05-02T22:52:03.903+0000] {processor.py:161} INFO - Started process (PID=2235) to work on /home/airflow/.local/lib/python3.12/site-packages/airflow/example_dags/example_skip_dag.py
[2024-05-02T22:52:03.905+0000] {processor.py:830} INFO - Processing file /home/airflow/.local/lib/python3.12/site-packages/airflow/example_dags/example_skip_dag.py for tasks to queue
[2024-05-02T22:52:03.913+0000] {logging_mixin.py:188} INFO - [2024-05-02T22:52:03.911+0000] {dagbag.py:540} INFO - Filling up the DagBag from /home/airflow/.local/lib/python3.12/site-packages/airflow/example_dags/example_skip_dag.py
[2024-05-02T22:52:03.937+0000] {processor.py:840} INFO - DAG(s) 'example_skip_dag' retrieved from /home/airflow/.local/lib/python3.12/site-packages/airflow/example_dags/example_skip_dag.py
[2024-05-02T22:52:04.026+0000] {logging_mixin.py:188} INFO - [2024-05-02T22:52:04.026+0000] {dag.py:3096} INFO - Sync 1 DAGs
[2024-05-02T22:52:04.082+0000] {logging_mixin.py:188} INFO - [2024-05-02T22:52:04.081+0000] {dag.py:3954} INFO - Setting next_dagrun for example_skip_dag to 2024-05-01 00:00:00+00:00, run_after=2024-05-02 00:00:00+00:00
[2024-05-02T22:52:04.129+0000] {processor.py:183} INFO - Processing /home/airflow/.local/lib/python3.12/site-packages/airflow/example_dags/example_skip_dag.py took 0.244 seconds
[2024-05-02T22:52:34.606+0000] {processor.py:161} INFO - Started process (PID=2294) to work on /home/airflow/.local/lib/python3.12/site-packages/airflow/example_dags/example_skip_dag.py
[2024-05-02T22:52:34.608+0000] {processor.py:830} INFO - Processing file /home/airflow/.local/lib/python3.12/site-packages/airflow/example_dags/example_skip_dag.py for tasks to queue
[2024-05-02T22:52:34.612+0000] {logging_mixin.py:188} INFO - [2024-05-02T22:52:34.611+0000] {dagbag.py:540} INFO - Filling up the DagBag from /home/airflow/.local/lib/python3.12/site-packages/airflow/example_dags/example_skip_dag.py
[2024-05-02T22:52:34.663+0000] {processor.py:840} INFO - DAG(s) 'example_skip_dag' retrieved from /home/airflow/.local/lib/python3.12/site-packages/airflow/example_dags/example_skip_dag.py
[2024-05-02T22:52:34.817+0000] {logging_mixin.py:188} INFO - [2024-05-02T22:52:34.816+0000] {dag.py:3096} INFO - Sync 1 DAGs
[2024-05-02T22:52:35.005+0000] {logging_mixin.py:188} INFO - [2024-05-02T22:52:35.004+0000] {dag.py:3954} INFO - Setting next_dagrun for example_skip_dag to 2024-05-01 00:00:00+00:00, run_after=2024-05-02 00:00:00+00:00
[2024-05-02T22:52:35.159+0000] {processor.py:183} INFO - Processing /home/airflow/.local/lib/python3.12/site-packages/airflow/example_dags/example_skip_dag.py took 0.570 seconds
[2024-05-02T22:53:06.225+0000] {processor.py:161} INFO - Started process (PID=2354) to work on /home/airflow/.local/lib/python3.12/site-packages/airflow/example_dags/example_skip_dag.py
[2024-05-02T22:53:06.227+0000] {processor.py:830} INFO - Processing file /home/airflow/.local/lib/python3.12/site-packages/airflow/example_dags/example_skip_dag.py for tasks to queue
[2024-05-02T22:53:06.231+0000] {logging_mixin.py:188} INFO - [2024-05-02T22:53:06.230+0000] {dagbag.py:540} INFO - Filling up the DagBag from /home/airflow/.local/lib/python3.12/site-packages/airflow/example_dags/example_skip_dag.py
[2024-05-02T22:53:06.244+0000] {processor.py:840} INFO - DAG(s) 'example_skip_dag' retrieved from /home/airflow/.local/lib/python3.12/site-packages/airflow/example_dags/example_skip_dag.py
[2024-05-02T22:53:06.289+0000] {logging_mixin.py:188} INFO - [2024-05-02T22:53:06.288+0000] {dag.py:3096} INFO - Sync 1 DAGs
[2024-05-02T22:53:06.374+0000] {logging_mixin.py:188} INFO - [2024-05-02T22:53:06.373+0000] {dag.py:3954} INFO - Setting next_dagrun for example_skip_dag to 2024-05-01 00:00:00+00:00, run_after=2024-05-02 00:00:00+00:00
[2024-05-02T22:53:06.451+0000] {processor.py:183} INFO - Processing /home/airflow/.local/lib/python3.12/site-packages/airflow/example_dags/example_skip_dag.py took 0.238 seconds
[2024-05-02T22:53:37.343+0000] {processor.py:161} INFO - Started process (PID=2418) to work on /home/airflow/.local/lib/python3.12/site-packages/airflow/example_dags/example_skip_dag.py
[2024-05-02T22:53:37.345+0000] {processor.py:830} INFO - Processing file /home/airflow/.local/lib/python3.12/site-packages/airflow/example_dags/example_skip_dag.py for tasks to queue
[2024-05-02T22:53:37.350+0000] {logging_mixin.py:188} INFO - [2024-05-02T22:53:37.349+0000] {dagbag.py:540} INFO - Filling up the DagBag from /home/airflow/.local/lib/python3.12/site-packages/airflow/example_dags/example_skip_dag.py
[2024-05-02T22:53:37.367+0000] {processor.py:840} INFO - DAG(s) 'example_skip_dag' retrieved from /home/airflow/.local/lib/python3.12/site-packages/airflow/example_dags/example_skip_dag.py
[2024-05-02T22:53:37.441+0000] {logging_mixin.py:188} INFO - [2024-05-02T22:53:37.440+0000] {dag.py:3096} INFO - Sync 1 DAGs
[2024-05-02T22:53:37.534+0000] {logging_mixin.py:188} INFO - [2024-05-02T22:53:37.533+0000] {dag.py:3954} INFO - Setting next_dagrun for example_skip_dag to 2024-05-01 00:00:00+00:00, run_after=2024-05-02 00:00:00+00:00
[2024-05-02T22:53:37.597+0000] {processor.py:183} INFO - Processing /home/airflow/.local/lib/python3.12/site-packages/airflow/example_dags/example_skip_dag.py took 0.269 seconds
[2024-05-02T22:54:08.497+0000] {processor.py:161} INFO - Started process (PID=2477) to work on /home/airflow/.local/lib/python3.12/site-packages/airflow/example_dags/example_skip_dag.py
[2024-05-02T22:54:08.502+0000] {processor.py:830} INFO - Processing file /home/airflow/.local/lib/python3.12/site-packages/airflow/example_dags/example_skip_dag.py for tasks to queue
[2024-05-02T22:54:08.507+0000] {logging_mixin.py:188} INFO - [2024-05-02T22:54:08.506+0000] {dagbag.py:540} INFO - Filling up the DagBag from /home/airflow/.local/lib/python3.12/site-packages/airflow/example_dags/example_skip_dag.py
[2024-05-02T22:54:08.534+0000] {processor.py:840} INFO - DAG(s) 'example_skip_dag' retrieved from /home/airflow/.local/lib/python3.12/site-packages/airflow/example_dags/example_skip_dag.py
[2024-05-02T22:54:08.565+0000] {logging_mixin.py:188} INFO - [2024-05-02T22:54:08.564+0000] {dag.py:3096} INFO - Sync 1 DAGs
[2024-05-02T22:54:08.678+0000] {logging_mixin.py:188} INFO - [2024-05-02T22:54:08.675+0000] {dag.py:3954} INFO - Setting next_dagrun for example_skip_dag to 2024-05-01 00:00:00+00:00, run_after=2024-05-02 00:00:00+00:00
[2024-05-02T22:54:08.742+0000] {processor.py:183} INFO - Processing /home/airflow/.local/lib/python3.12/site-packages/airflow/example_dags/example_skip_dag.py took 0.289 seconds
[2024-05-02T22:54:39.167+0000] {processor.py:161} INFO - Started process (PID=2533) to work on /home/airflow/.local/lib/python3.12/site-packages/airflow/example_dags/example_skip_dag.py
[2024-05-02T22:54:39.169+0000] {processor.py:830} INFO - Processing file /home/airflow/.local/lib/python3.12/site-packages/airflow/example_dags/example_skip_dag.py for tasks to queue
[2024-05-02T22:54:39.184+0000] {logging_mixin.py:188} INFO - [2024-05-02T22:54:39.184+0000] {dagbag.py:540} INFO - Filling up the DagBag from /home/airflow/.local/lib/python3.12/site-packages/airflow/example_dags/example_skip_dag.py
[2024-05-02T22:54:39.230+0000] {processor.py:840} INFO - DAG(s) 'example_skip_dag' retrieved from /home/airflow/.local/lib/python3.12/site-packages/airflow/example_dags/example_skip_dag.py
[2024-05-02T22:54:39.756+0000] {logging_mixin.py:188} INFO - [2024-05-02T22:54:39.755+0000] {dag.py:3096} INFO - Sync 1 DAGs
[2024-05-02T22:54:39.820+0000] {logging_mixin.py:188} INFO - [2024-05-02T22:54:39.820+0000] {dag.py:3954} INFO - Setting next_dagrun for example_skip_dag to 2024-05-01 00:00:00+00:00, run_after=2024-05-02 00:00:00+00:00
[2024-05-02T22:54:39.880+0000] {processor.py:183} INFO - Processing /home/airflow/.local/lib/python3.12/site-packages/airflow/example_dags/example_skip_dag.py took 0.738 seconds
[2024-05-02T22:55:10.502+0000] {processor.py:161} INFO - Started process (PID=2592) to work on /home/airflow/.local/lib/python3.12/site-packages/airflow/example_dags/example_skip_dag.py
[2024-05-02T22:55:10.504+0000] {processor.py:830} INFO - Processing file /home/airflow/.local/lib/python3.12/site-packages/airflow/example_dags/example_skip_dag.py for tasks to queue
[2024-05-02T22:55:10.508+0000] {logging_mixin.py:188} INFO - [2024-05-02T22:55:10.507+0000] {dagbag.py:540} INFO - Filling up the DagBag from /home/airflow/.local/lib/python3.12/site-packages/airflow/example_dags/example_skip_dag.py
[2024-05-02T22:55:10.525+0000] {processor.py:840} INFO - DAG(s) 'example_skip_dag' retrieved from /home/airflow/.local/lib/python3.12/site-packages/airflow/example_dags/example_skip_dag.py
[2024-05-02T22:55:10.569+0000] {logging_mixin.py:188} INFO - [2024-05-02T22:55:10.568+0000] {dag.py:3096} INFO - Sync 1 DAGs
[2024-05-02T22:55:10.619+0000] {logging_mixin.py:188} INFO - [2024-05-02T22:55:10.618+0000] {dag.py:3954} INFO - Setting next_dagrun for example_skip_dag to 2024-05-01 00:00:00+00:00, run_after=2024-05-02 00:00:00+00:00
[2024-05-02T22:55:10.672+0000] {processor.py:183} INFO - Processing /home/airflow/.local/lib/python3.12/site-packages/airflow/example_dags/example_skip_dag.py took 0.185 seconds
[2024-05-02T22:55:41.011+0000] {processor.py:161} INFO - Started process (PID=2652) to work on /home/airflow/.local/lib/python3.12/site-packages/airflow/example_dags/example_skip_dag.py
[2024-05-02T22:55:41.013+0000] {processor.py:830} INFO - Processing file /home/airflow/.local/lib/python3.12/site-packages/airflow/example_dags/example_skip_dag.py for tasks to queue
[2024-05-02T22:55:41.019+0000] {logging_mixin.py:188} INFO - [2024-05-02T22:55:41.018+0000] {dagbag.py:540} INFO - Filling up the DagBag from /home/airflow/.local/lib/python3.12/site-packages/airflow/example_dags/example_skip_dag.py
[2024-05-02T22:55:41.037+0000] {processor.py:840} INFO - DAG(s) 'example_skip_dag' retrieved from /home/airflow/.local/lib/python3.12/site-packages/airflow/example_dags/example_skip_dag.py
[2024-05-02T22:55:41.123+0000] {logging_mixin.py:188} INFO - [2024-05-02T22:55:41.122+0000] {dag.py:3096} INFO - Sync 1 DAGs
[2024-05-02T22:55:41.235+0000] {logging_mixin.py:188} INFO - [2024-05-02T22:55:41.234+0000] {dag.py:3954} INFO - Setting next_dagrun for example_skip_dag to 2024-05-01 00:00:00+00:00, run_after=2024-05-02 00:00:00+00:00
[2024-05-02T22:55:41.334+0000] {processor.py:183} INFO - Processing /home/airflow/.local/lib/python3.12/site-packages/airflow/example_dags/example_skip_dag.py took 0.354 seconds
[2024-05-02T22:56:11.501+0000] {processor.py:161} INFO - Started process (PID=2712) to work on /home/airflow/.local/lib/python3.12/site-packages/airflow/example_dags/example_skip_dag.py
[2024-05-02T22:56:11.503+0000] {processor.py:830} INFO - Processing file /home/airflow/.local/lib/python3.12/site-packages/airflow/example_dags/example_skip_dag.py for tasks to queue
[2024-05-02T22:56:11.511+0000] {logging_mixin.py:188} INFO - [2024-05-02T22:56:11.510+0000] {dagbag.py:540} INFO - Filling up the DagBag from /home/airflow/.local/lib/python3.12/site-packages/airflow/example_dags/example_skip_dag.py
[2024-05-02T22:56:11.544+0000] {processor.py:840} INFO - DAG(s) 'example_skip_dag' retrieved from /home/airflow/.local/lib/python3.12/site-packages/airflow/example_dags/example_skip_dag.py
[2024-05-02T22:56:11.736+0000] {logging_mixin.py:188} INFO - [2024-05-02T22:56:11.736+0000] {dag.py:3096} INFO - Sync 1 DAGs
[2024-05-02T22:56:11.836+0000] {logging_mixin.py:188} INFO - [2024-05-02T22:56:11.835+0000] {dag.py:3954} INFO - Setting next_dagrun for example_skip_dag to 2024-05-01 00:00:00+00:00, run_after=2024-05-02 00:00:00+00:00
[2024-05-02T22:56:11.997+0000] {processor.py:183} INFO - Processing /home/airflow/.local/lib/python3.12/site-packages/airflow/example_dags/example_skip_dag.py took 0.514 seconds
[2024-05-02T22:57:09.357+0000] {processor.py:161} INFO - Started process (PID=46) to work on /home/airflow/.local/lib/python3.12/site-packages/airflow/example_dags/example_skip_dag.py
[2024-05-02T22:57:09.358+0000] {processor.py:830} INFO - Processing file /home/airflow/.local/lib/python3.12/site-packages/airflow/example_dags/example_skip_dag.py for tasks to queue
[2024-05-02T22:57:09.361+0000] {logging_mixin.py:188} INFO - [2024-05-02T22:57:09.361+0000] {dagbag.py:540} INFO - Filling up the DagBag from /home/airflow/.local/lib/python3.12/site-packages/airflow/example_dags/example_skip_dag.py
[2024-05-02T22:57:09.376+0000] {processor.py:840} INFO - DAG(s) 'example_skip_dag' retrieved from /home/airflow/.local/lib/python3.12/site-packages/airflow/example_dags/example_skip_dag.py
[2024-05-02T22:57:09.427+0000] {logging_mixin.py:188} INFO - [2024-05-02T22:57:09.426+0000] {dag.py:3096} INFO - Sync 1 DAGs
[2024-05-02T22:57:09.483+0000] {logging_mixin.py:188} INFO - [2024-05-02T22:57:09.482+0000] {dag.py:3954} INFO - Setting next_dagrun for example_skip_dag to 2024-05-01 00:00:00+00:00, run_after=2024-05-02 00:00:00+00:00
[2024-05-02T22:57:09.529+0000] {processor.py:183} INFO - Processing /home/airflow/.local/lib/python3.12/site-packages/airflow/example_dags/example_skip_dag.py took 0.183 seconds
[2024-05-02T22:57:50.024+0000] {processor.py:161} INFO - Started process (PID=109) to work on /home/airflow/.local/lib/python3.12/site-packages/airflow/example_dags/example_skip_dag.py
[2024-05-02T22:57:50.030+0000] {processor.py:830} INFO - Processing file /home/airflow/.local/lib/python3.12/site-packages/airflow/example_dags/example_skip_dag.py for tasks to queue
[2024-05-02T22:57:50.035+0000] {logging_mixin.py:188} INFO - [2024-05-02T22:57:50.034+0000] {dagbag.py:540} INFO - Filling up the DagBag from /home/airflow/.local/lib/python3.12/site-packages/airflow/example_dags/example_skip_dag.py
[2024-05-02T22:57:50.053+0000] {processor.py:840} INFO - DAG(s) 'example_skip_dag' retrieved from /home/airflow/.local/lib/python3.12/site-packages/airflow/example_dags/example_skip_dag.py
[2024-05-02T22:57:50.124+0000] {logging_mixin.py:188} INFO - [2024-05-02T22:57:50.123+0000] {dag.py:3096} INFO - Sync 1 DAGs
[2024-05-02T22:57:50.197+0000] {logging_mixin.py:188} INFO - [2024-05-02T22:57:50.197+0000] {dag.py:3954} INFO - Setting next_dagrun for example_skip_dag to 2024-05-01 00:00:00+00:00, run_after=2024-05-02 00:00:00+00:00
[2024-05-02T22:57:50.251+0000] {processor.py:183} INFO - Processing /home/airflow/.local/lib/python3.12/site-packages/airflow/example_dags/example_skip_dag.py took 0.253 seconds
[2024-05-02T22:58:20.391+0000] {processor.py:161} INFO - Started process (PID=167) to work on /home/airflow/.local/lib/python3.12/site-packages/airflow/example_dags/example_skip_dag.py
[2024-05-02T22:58:20.393+0000] {processor.py:830} INFO - Processing file /home/airflow/.local/lib/python3.12/site-packages/airflow/example_dags/example_skip_dag.py for tasks to queue
[2024-05-02T22:58:20.403+0000] {logging_mixin.py:188} INFO - [2024-05-02T22:58:20.403+0000] {dagbag.py:540} INFO - Filling up the DagBag from /home/airflow/.local/lib/python3.12/site-packages/airflow/example_dags/example_skip_dag.py
[2024-05-02T22:58:20.439+0000] {processor.py:840} INFO - DAG(s) 'example_skip_dag' retrieved from /home/airflow/.local/lib/python3.12/site-packages/airflow/example_dags/example_skip_dag.py
[2024-05-02T22:58:20.575+0000] {logging_mixin.py:188} INFO - [2024-05-02T22:58:20.574+0000] {dag.py:3096} INFO - Sync 1 DAGs
[2024-05-02T22:58:20.768+0000] {logging_mixin.py:188} INFO - [2024-05-02T22:58:20.751+0000] {dag.py:3954} INFO - Setting next_dagrun for example_skip_dag to 2024-05-01 00:00:00+00:00, run_after=2024-05-02 00:00:00+00:00
[2024-05-02T22:58:21.072+0000] {processor.py:183} INFO - Processing /home/airflow/.local/lib/python3.12/site-packages/airflow/example_dags/example_skip_dag.py took 0.691 seconds
[2024-05-02T22:58:59.018+0000] {processor.py:161} INFO - Started process (PID=235) to work on /home/airflow/.local/lib/python3.12/site-packages/airflow/example_dags/example_skip_dag.py
[2024-05-02T22:58:59.022+0000] {processor.py:830} INFO - Processing file /home/airflow/.local/lib/python3.12/site-packages/airflow/example_dags/example_skip_dag.py for tasks to queue
[2024-05-02T22:58:59.029+0000] {logging_mixin.py:188} INFO - [2024-05-02T22:58:59.025+0000] {dagbag.py:540} INFO - Filling up the DagBag from /home/airflow/.local/lib/python3.12/site-packages/airflow/example_dags/example_skip_dag.py
[2024-05-02T22:58:59.051+0000] {processor.py:840} INFO - DAG(s) 'example_skip_dag' retrieved from /home/airflow/.local/lib/python3.12/site-packages/airflow/example_dags/example_skip_dag.py
[2024-05-02T22:58:59.128+0000] {logging_mixin.py:188} INFO - [2024-05-02T22:58:59.127+0000] {dag.py:3096} INFO - Sync 1 DAGs
[2024-05-02T22:58:59.227+0000] {logging_mixin.py:188} INFO - [2024-05-02T22:58:59.226+0000] {dag.py:3954} INFO - Setting next_dagrun for example_skip_dag to 2024-05-01 00:00:00+00:00, run_after=2024-05-02 00:00:00+00:00
[2024-05-02T22:58:59.329+0000] {processor.py:183} INFO - Processing /home/airflow/.local/lib/python3.12/site-packages/airflow/example_dags/example_skip_dag.py took 0.350 seconds
[2024-05-02T22:59:32.670+0000] {processor.py:161} INFO - Started process (PID=298) to work on /home/airflow/.local/lib/python3.12/site-packages/airflow/example_dags/example_skip_dag.py
[2024-05-02T22:59:32.672+0000] {processor.py:830} INFO - Processing file /home/airflow/.local/lib/python3.12/site-packages/airflow/example_dags/example_skip_dag.py for tasks to queue
[2024-05-02T22:59:32.682+0000] {logging_mixin.py:188} INFO - [2024-05-02T22:59:32.679+0000] {dagbag.py:540} INFO - Filling up the DagBag from /home/airflow/.local/lib/python3.12/site-packages/airflow/example_dags/example_skip_dag.py
[2024-05-02T22:59:32.758+0000] {processor.py:840} INFO - DAG(s) 'example_skip_dag' retrieved from /home/airflow/.local/lib/python3.12/site-packages/airflow/example_dags/example_skip_dag.py
[2024-05-02T22:59:32.967+0000] {logging_mixin.py:188} INFO - [2024-05-02T22:59:32.966+0000] {dag.py:3096} INFO - Sync 1 DAGs
[2024-05-02T22:59:33.095+0000] {logging_mixin.py:188} INFO - [2024-05-02T22:59:33.093+0000] {dag.py:3954} INFO - Setting next_dagrun for example_skip_dag to 2024-05-01 00:00:00+00:00, run_after=2024-05-02 00:00:00+00:00
[2024-05-02T22:59:33.239+0000] {processor.py:183} INFO - Processing /home/airflow/.local/lib/python3.12/site-packages/airflow/example_dags/example_skip_dag.py took 0.613 seconds
[2024-05-02T23:00:03.843+0000] {processor.py:161} INFO - Started process (PID=356) to work on /home/airflow/.local/lib/python3.12/site-packages/airflow/example_dags/example_skip_dag.py
[2024-05-02T23:00:03.846+0000] {processor.py:830} INFO - Processing file /home/airflow/.local/lib/python3.12/site-packages/airflow/example_dags/example_skip_dag.py for tasks to queue
[2024-05-02T23:00:03.870+0000] {logging_mixin.py:188} INFO - [2024-05-02T23:00:03.869+0000] {dagbag.py:540} INFO - Filling up the DagBag from /home/airflow/.local/lib/python3.12/site-packages/airflow/example_dags/example_skip_dag.py
[2024-05-02T23:00:03.896+0000] {processor.py:840} INFO - DAG(s) 'example_skip_dag' retrieved from /home/airflow/.local/lib/python3.12/site-packages/airflow/example_dags/example_skip_dag.py
[2024-05-02T23:00:03.969+0000] {logging_mixin.py:188} INFO - [2024-05-02T23:00:03.968+0000] {dag.py:3096} INFO - Sync 1 DAGs
[2024-05-02T23:00:04.084+0000] {logging_mixin.py:188} INFO - [2024-05-02T23:00:04.082+0000] {dag.py:3954} INFO - Setting next_dagrun for example_skip_dag to 2024-05-01 00:00:00+00:00, run_after=2024-05-02 00:00:00+00:00
[2024-05-02T23:00:04.293+0000] {processor.py:183} INFO - Processing /home/airflow/.local/lib/python3.12/site-packages/airflow/example_dags/example_skip_dag.py took 0.506 seconds
[2024-05-02T23:00:34.766+0000] {processor.py:161} INFO - Started process (PID=414) to work on /home/airflow/.local/lib/python3.12/site-packages/airflow/example_dags/example_skip_dag.py
[2024-05-02T23:00:34.767+0000] {processor.py:830} INFO - Processing file /home/airflow/.local/lib/python3.12/site-packages/airflow/example_dags/example_skip_dag.py for tasks to queue
[2024-05-02T23:00:34.772+0000] {logging_mixin.py:188} INFO - [2024-05-02T23:00:34.771+0000] {dagbag.py:540} INFO - Filling up the DagBag from /home/airflow/.local/lib/python3.12/site-packages/airflow/example_dags/example_skip_dag.py
[2024-05-02T23:00:34.785+0000] {processor.py:840} INFO - DAG(s) 'example_skip_dag' retrieved from /home/airflow/.local/lib/python3.12/site-packages/airflow/example_dags/example_skip_dag.py
[2024-05-02T23:00:34.839+0000] {logging_mixin.py:188} INFO - [2024-05-02T23:00:34.838+0000] {dag.py:3096} INFO - Sync 1 DAGs
[2024-05-02T23:00:34.938+0000] {logging_mixin.py:188} INFO - [2024-05-02T23:00:34.938+0000] {dag.py:3954} INFO - Setting next_dagrun for example_skip_dag to 2024-05-01 00:00:00+00:00, run_after=2024-05-02 00:00:00+00:00
[2024-05-02T23:00:35.014+0000] {processor.py:183} INFO - Processing /home/airflow/.local/lib/python3.12/site-packages/airflow/example_dags/example_skip_dag.py took 0.256 seconds
[2024-05-02T23:01:05.446+0000] {processor.py:161} INFO - Started process (PID=474) to work on /home/airflow/.local/lib/python3.12/site-packages/airflow/example_dags/example_skip_dag.py
[2024-05-02T23:01:05.449+0000] {processor.py:830} INFO - Processing file /home/airflow/.local/lib/python3.12/site-packages/airflow/example_dags/example_skip_dag.py for tasks to queue
[2024-05-02T23:01:05.455+0000] {logging_mixin.py:188} INFO - [2024-05-02T23:01:05.454+0000] {dagbag.py:540} INFO - Filling up the DagBag from /home/airflow/.local/lib/python3.12/site-packages/airflow/example_dags/example_skip_dag.py
[2024-05-02T23:01:05.472+0000] {processor.py:840} INFO - DAG(s) 'example_skip_dag' retrieved from /home/airflow/.local/lib/python3.12/site-packages/airflow/example_dags/example_skip_dag.py
[2024-05-02T23:01:05.514+0000] {logging_mixin.py:188} INFO - [2024-05-02T23:01:05.514+0000] {dag.py:3096} INFO - Sync 1 DAGs
[2024-05-02T23:01:05.566+0000] {logging_mixin.py:188} INFO - [2024-05-02T23:01:05.566+0000] {dag.py:3954} INFO - Setting next_dagrun for example_skip_dag to 2024-05-01 00:00:00+00:00, run_after=2024-05-02 00:00:00+00:00
[2024-05-02T23:01:05.624+0000] {processor.py:183} INFO - Processing /home/airflow/.local/lib/python3.12/site-packages/airflow/example_dags/example_skip_dag.py took 0.193 seconds
[2024-05-02T23:01:36.109+0000] {processor.py:161} INFO - Started process (PID=533) to work on /home/airflow/.local/lib/python3.12/site-packages/airflow/example_dags/example_skip_dag.py
[2024-05-02T23:01:36.111+0000] {processor.py:830} INFO - Processing file /home/airflow/.local/lib/python3.12/site-packages/airflow/example_dags/example_skip_dag.py for tasks to queue
[2024-05-02T23:01:36.116+0000] {logging_mixin.py:188} INFO - [2024-05-02T23:01:36.115+0000] {dagbag.py:540} INFO - Filling up the DagBag from /home/airflow/.local/lib/python3.12/site-packages/airflow/example_dags/example_skip_dag.py
[2024-05-02T23:01:36.138+0000] {processor.py:840} INFO - DAG(s) 'example_skip_dag' retrieved from /home/airflow/.local/lib/python3.12/site-packages/airflow/example_dags/example_skip_dag.py
[2024-05-02T23:01:36.196+0000] {logging_mixin.py:188} INFO - [2024-05-02T23:01:36.196+0000] {dag.py:3096} INFO - Sync 1 DAGs
[2024-05-02T23:01:36.264+0000] {logging_mixin.py:188} INFO - [2024-05-02T23:01:36.263+0000] {dag.py:3954} INFO - Setting next_dagrun for example_skip_dag to 2024-05-01 00:00:00+00:00, run_after=2024-05-02 00:00:00+00:00
[2024-05-02T23:01:36.307+0000] {processor.py:183} INFO - Processing /home/airflow/.local/lib/python3.12/site-packages/airflow/example_dags/example_skip_dag.py took 0.231 seconds
[2024-05-02T23:02:06.584+0000] {processor.py:161} INFO - Started process (PID=593) to work on /home/airflow/.local/lib/python3.12/site-packages/airflow/example_dags/example_skip_dag.py
[2024-05-02T23:02:06.586+0000] {processor.py:830} INFO - Processing file /home/airflow/.local/lib/python3.12/site-packages/airflow/example_dags/example_skip_dag.py for tasks to queue
[2024-05-02T23:02:06.589+0000] {logging_mixin.py:188} INFO - [2024-05-02T23:02:06.588+0000] {dagbag.py:540} INFO - Filling up the DagBag from /home/airflow/.local/lib/python3.12/site-packages/airflow/example_dags/example_skip_dag.py
[2024-05-02T23:02:06.602+0000] {processor.py:840} INFO - DAG(s) 'example_skip_dag' retrieved from /home/airflow/.local/lib/python3.12/site-packages/airflow/example_dags/example_skip_dag.py
[2024-05-02T23:02:06.641+0000] {logging_mixin.py:188} INFO - [2024-05-02T23:02:06.641+0000] {dag.py:3096} INFO - Sync 1 DAGs
[2024-05-02T23:02:06.692+0000] {logging_mixin.py:188} INFO - [2024-05-02T23:02:06.691+0000] {dag.py:3954} INFO - Setting next_dagrun for example_skip_dag to 2024-05-01 00:00:00+00:00, run_after=2024-05-02 00:00:00+00:00
[2024-05-02T23:02:06.732+0000] {processor.py:183} INFO - Processing /home/airflow/.local/lib/python3.12/site-packages/airflow/example_dags/example_skip_dag.py took 0.157 seconds
[2024-05-02T23:02:36.898+0000] {processor.py:161} INFO - Started process (PID=652) to work on /home/airflow/.local/lib/python3.12/site-packages/airflow/example_dags/example_skip_dag.py
[2024-05-02T23:02:36.900+0000] {processor.py:830} INFO - Processing file /home/airflow/.local/lib/python3.12/site-packages/airflow/example_dags/example_skip_dag.py for tasks to queue
[2024-05-02T23:02:36.905+0000] {logging_mixin.py:188} INFO - [2024-05-02T23:02:36.904+0000] {dagbag.py:540} INFO - Filling up the DagBag from /home/airflow/.local/lib/python3.12/site-packages/airflow/example_dags/example_skip_dag.py
[2024-05-02T23:02:36.922+0000] {processor.py:840} INFO - DAG(s) 'example_skip_dag' retrieved from /home/airflow/.local/lib/python3.12/site-packages/airflow/example_dags/example_skip_dag.py
[2024-05-02T23:02:36.971+0000] {logging_mixin.py:188} INFO - [2024-05-02T23:02:36.970+0000] {dag.py:3096} INFO - Sync 1 DAGs
[2024-05-02T23:02:37.044+0000] {logging_mixin.py:188} INFO - [2024-05-02T23:02:37.044+0000] {dag.py:3954} INFO - Setting next_dagrun for example_skip_dag to 2024-05-01 00:00:00+00:00, run_after=2024-05-02 00:00:00+00:00
[2024-05-02T23:02:37.088+0000] {processor.py:183} INFO - Processing /home/airflow/.local/lib/python3.12/site-packages/airflow/example_dags/example_skip_dag.py took 0.204 seconds
[2024-05-02T23:03:07.248+0000] {processor.py:161} INFO - Started process (PID=711) to work on /home/airflow/.local/lib/python3.12/site-packages/airflow/example_dags/example_skip_dag.py
[2024-05-02T23:03:07.249+0000] {processor.py:830} INFO - Processing file /home/airflow/.local/lib/python3.12/site-packages/airflow/example_dags/example_skip_dag.py for tasks to queue
[2024-05-02T23:03:07.253+0000] {logging_mixin.py:188} INFO - [2024-05-02T23:03:07.252+0000] {dagbag.py:540} INFO - Filling up the DagBag from /home/airflow/.local/lib/python3.12/site-packages/airflow/example_dags/example_skip_dag.py
[2024-05-02T23:03:07.264+0000] {processor.py:840} INFO - DAG(s) 'example_skip_dag' retrieved from /home/airflow/.local/lib/python3.12/site-packages/airflow/example_dags/example_skip_dag.py
[2024-05-02T23:03:07.305+0000] {logging_mixin.py:188} INFO - [2024-05-02T23:03:07.304+0000] {dag.py:3096} INFO - Sync 1 DAGs
[2024-05-02T23:03:07.357+0000] {logging_mixin.py:188} INFO - [2024-05-02T23:03:07.357+0000] {dag.py:3954} INFO - Setting next_dagrun for example_skip_dag to 2024-05-01 00:00:00+00:00, run_after=2024-05-02 00:00:00+00:00
[2024-05-02T23:03:07.393+0000] {processor.py:183} INFO - Processing /home/airflow/.local/lib/python3.12/site-packages/airflow/example_dags/example_skip_dag.py took 0.156 seconds
[2024-05-02T23:03:38.024+0000] {processor.py:161} INFO - Started process (PID=770) to work on /home/airflow/.local/lib/python3.12/site-packages/airflow/example_dags/example_skip_dag.py
[2024-05-02T23:03:38.026+0000] {processor.py:830} INFO - Processing file /home/airflow/.local/lib/python3.12/site-packages/airflow/example_dags/example_skip_dag.py for tasks to queue
[2024-05-02T23:03:38.032+0000] {logging_mixin.py:188} INFO - [2024-05-02T23:03:38.031+0000] {dagbag.py:540} INFO - Filling up the DagBag from /home/airflow/.local/lib/python3.12/site-packages/airflow/example_dags/example_skip_dag.py
[2024-05-02T23:03:38.052+0000] {processor.py:840} INFO - DAG(s) 'example_skip_dag' retrieved from /home/airflow/.local/lib/python3.12/site-packages/airflow/example_dags/example_skip_dag.py
[2024-05-02T23:03:38.108+0000] {logging_mixin.py:188} INFO - [2024-05-02T23:03:38.108+0000] {dag.py:3096} INFO - Sync 1 DAGs
[2024-05-02T23:03:38.159+0000] {logging_mixin.py:188} INFO - [2024-05-02T23:03:38.159+0000] {dag.py:3954} INFO - Setting next_dagrun for example_skip_dag to 2024-05-01 00:00:00+00:00, run_after=2024-05-02 00:00:00+00:00
[2024-05-02T23:03:38.195+0000] {processor.py:183} INFO - Processing /home/airflow/.local/lib/python3.12/site-packages/airflow/example_dags/example_skip_dag.py took 0.186 seconds
[2024-05-02T23:04:08.366+0000] {processor.py:161} INFO - Started process (PID=829) to work on /home/airflow/.local/lib/python3.12/site-packages/airflow/example_dags/example_skip_dag.py
[2024-05-02T23:04:08.368+0000] {processor.py:830} INFO - Processing file /home/airflow/.local/lib/python3.12/site-packages/airflow/example_dags/example_skip_dag.py for tasks to queue
[2024-05-02T23:04:08.374+0000] {logging_mixin.py:188} INFO - [2024-05-02T23:04:08.373+0000] {dagbag.py:540} INFO - Filling up the DagBag from /home/airflow/.local/lib/python3.12/site-packages/airflow/example_dags/example_skip_dag.py
[2024-05-02T23:04:08.392+0000] {processor.py:840} INFO - DAG(s) 'example_skip_dag' retrieved from /home/airflow/.local/lib/python3.12/site-packages/airflow/example_dags/example_skip_dag.py
[2024-05-02T23:04:08.457+0000] {logging_mixin.py:188} INFO - [2024-05-02T23:04:08.455+0000] {dag.py:3096} INFO - Sync 1 DAGs
[2024-05-02T23:04:08.527+0000] {logging_mixin.py:188} INFO - [2024-05-02T23:04:08.526+0000] {dag.py:3954} INFO - Setting next_dagrun for example_skip_dag to 2024-05-01 00:00:00+00:00, run_after=2024-05-02 00:00:00+00:00
[2024-05-02T23:04:08.572+0000] {processor.py:183} INFO - Processing /home/airflow/.local/lib/python3.12/site-packages/airflow/example_dags/example_skip_dag.py took 0.227 seconds
[2024-05-02T23:04:38.696+0000] {processor.py:161} INFO - Started process (PID=888) to work on /home/airflow/.local/lib/python3.12/site-packages/airflow/example_dags/example_skip_dag.py
[2024-05-02T23:04:38.698+0000] {processor.py:830} INFO - Processing file /home/airflow/.local/lib/python3.12/site-packages/airflow/example_dags/example_skip_dag.py for tasks to queue
[2024-05-02T23:04:38.702+0000] {logging_mixin.py:188} INFO - [2024-05-02T23:04:38.701+0000] {dagbag.py:540} INFO - Filling up the DagBag from /home/airflow/.local/lib/python3.12/site-packages/airflow/example_dags/example_skip_dag.py
[2024-05-02T23:04:38.716+0000] {processor.py:840} INFO - DAG(s) 'example_skip_dag' retrieved from /home/airflow/.local/lib/python3.12/site-packages/airflow/example_dags/example_skip_dag.py
[2024-05-02T23:04:38.763+0000] {logging_mixin.py:188} INFO - [2024-05-02T23:04:38.762+0000] {dag.py:3096} INFO - Sync 1 DAGs
[2024-05-02T23:04:38.819+0000] {logging_mixin.py:188} INFO - [2024-05-02T23:04:38.818+0000] {dag.py:3954} INFO - Setting next_dagrun for example_skip_dag to 2024-05-01 00:00:00+00:00, run_after=2024-05-02 00:00:00+00:00
[2024-05-02T23:04:38.867+0000] {processor.py:183} INFO - Processing /home/airflow/.local/lib/python3.12/site-packages/airflow/example_dags/example_skip_dag.py took 0.182 seconds
[2024-05-02T23:05:10.505+0000] {processor.py:161} INFO - Started process (PID=947) to work on /home/airflow/.local/lib/python3.12/site-packages/airflow/example_dags/example_skip_dag.py
[2024-05-02T23:05:10.507+0000] {processor.py:830} INFO - Processing file /home/airflow/.local/lib/python3.12/site-packages/airflow/example_dags/example_skip_dag.py for tasks to queue
[2024-05-02T23:05:10.512+0000] {logging_mixin.py:188} INFO - [2024-05-02T23:05:10.512+0000] {dagbag.py:540} INFO - Filling up the DagBag from /home/airflow/.local/lib/python3.12/site-packages/airflow/example_dags/example_skip_dag.py
[2024-05-02T23:05:10.530+0000] {processor.py:840} INFO - DAG(s) 'example_skip_dag' retrieved from /home/airflow/.local/lib/python3.12/site-packages/airflow/example_dags/example_skip_dag.py
[2024-05-02T23:05:10.586+0000] {logging_mixin.py:188} INFO - [2024-05-02T23:05:10.585+0000] {dag.py:3096} INFO - Sync 1 DAGs
[2024-05-02T23:05:10.634+0000] {logging_mixin.py:188} INFO - [2024-05-02T23:05:10.633+0000] {dag.py:3954} INFO - Setting next_dagrun for example_skip_dag to 2024-05-01 00:00:00+00:00, run_after=2024-05-02 00:00:00+00:00
[2024-05-02T23:05:10.672+0000] {processor.py:183} INFO - Processing /home/airflow/.local/lib/python3.12/site-packages/airflow/example_dags/example_skip_dag.py took 0.176 seconds
[2024-05-02T23:05:42.713+0000] {processor.py:161} INFO - Started process (PID=1005) to work on /home/airflow/.local/lib/python3.12/site-packages/airflow/example_dags/example_skip_dag.py
[2024-05-02T23:05:42.715+0000] {processor.py:830} INFO - Processing file /home/airflow/.local/lib/python3.12/site-packages/airflow/example_dags/example_skip_dag.py for tasks to queue
[2024-05-02T23:05:42.718+0000] {logging_mixin.py:188} INFO - [2024-05-02T23:05:42.717+0000] {dagbag.py:540} INFO - Filling up the DagBag from /home/airflow/.local/lib/python3.12/site-packages/airflow/example_dags/example_skip_dag.py
[2024-05-02T23:05:42.734+0000] {processor.py:840} INFO - DAG(s) 'example_skip_dag' retrieved from /home/airflow/.local/lib/python3.12/site-packages/airflow/example_dags/example_skip_dag.py
[2024-05-02T23:05:42.776+0000] {logging_mixin.py:188} INFO - [2024-05-02T23:05:42.775+0000] {dag.py:3096} INFO - Sync 1 DAGs
[2024-05-02T23:05:43.130+0000] {logging_mixin.py:188} INFO - [2024-05-02T23:05:43.130+0000] {dag.py:3954} INFO - Setting next_dagrun for example_skip_dag to 2024-05-01 00:00:00+00:00, run_after=2024-05-02 00:00:00+00:00
[2024-05-02T23:05:43.169+0000] {processor.py:183} INFO - Processing /home/airflow/.local/lib/python3.12/site-packages/airflow/example_dags/example_skip_dag.py took 0.468 seconds
[2024-05-02T23:06:13.810+0000] {processor.py:161} INFO - Started process (PID=1064) to work on /home/airflow/.local/lib/python3.12/site-packages/airflow/example_dags/example_skip_dag.py
[2024-05-02T23:06:13.812+0000] {processor.py:830} INFO - Processing file /home/airflow/.local/lib/python3.12/site-packages/airflow/example_dags/example_skip_dag.py for tasks to queue
[2024-05-02T23:06:13.818+0000] {logging_mixin.py:188} INFO - [2024-05-02T23:06:13.817+0000] {dagbag.py:540} INFO - Filling up the DagBag from /home/airflow/.local/lib/python3.12/site-packages/airflow/example_dags/example_skip_dag.py
[2024-05-02T23:06:13.831+0000] {processor.py:840} INFO - DAG(s) 'example_skip_dag' retrieved from /home/airflow/.local/lib/python3.12/site-packages/airflow/example_dags/example_skip_dag.py
[2024-05-02T23:06:13.887+0000] {logging_mixin.py:188} INFO - [2024-05-02T23:06:13.887+0000] {dag.py:3096} INFO - Sync 1 DAGs
[2024-05-02T23:06:13.946+0000] {logging_mixin.py:188} INFO - [2024-05-02T23:06:13.945+0000] {dag.py:3954} INFO - Setting next_dagrun for example_skip_dag to 2024-05-01 00:00:00+00:00, run_after=2024-05-02 00:00:00+00:00
[2024-05-02T23:06:13.995+0000] {processor.py:183} INFO - Processing /home/airflow/.local/lib/python3.12/site-packages/airflow/example_dags/example_skip_dag.py took 0.199 seconds
[2024-05-02T23:06:45.049+0000] {processor.py:161} INFO - Started process (PID=1123) to work on /home/airflow/.local/lib/python3.12/site-packages/airflow/example_dags/example_skip_dag.py
[2024-05-02T23:06:45.064+0000] {processor.py:830} INFO - Processing file /home/airflow/.local/lib/python3.12/site-packages/airflow/example_dags/example_skip_dag.py for tasks to queue
[2024-05-02T23:06:45.077+0000] {logging_mixin.py:188} INFO - [2024-05-02T23:06:45.076+0000] {dagbag.py:540} INFO - Filling up the DagBag from /home/airflow/.local/lib/python3.12/site-packages/airflow/example_dags/example_skip_dag.py
[2024-05-02T23:06:45.113+0000] {processor.py:840} INFO - DAG(s) 'example_skip_dag' retrieved from /home/airflow/.local/lib/python3.12/site-packages/airflow/example_dags/example_skip_dag.py
[2024-05-02T23:06:45.249+0000] {logging_mixin.py:188} INFO - [2024-05-02T23:06:45.248+0000] {dag.py:3096} INFO - Sync 1 DAGs
[2024-05-02T23:06:45.365+0000] {logging_mixin.py:188} INFO - [2024-05-02T23:06:45.362+0000] {dag.py:3954} INFO - Setting next_dagrun for example_skip_dag to 2024-05-01 00:00:00+00:00, run_after=2024-05-02 00:00:00+00:00
[2024-05-02T23:06:45.479+0000] {processor.py:183} INFO - Processing /home/airflow/.local/lib/python3.12/site-packages/airflow/example_dags/example_skip_dag.py took 0.454 seconds
