[2024-05-02T22:20:55.146+0000] {processor.py:161} INFO - Started process (PID=67) to work on /home/airflow/.local/lib/python3.12/site-packages/airflow/example_dags/example_kubernetes_executor.py
[2024-05-02T22:20:55.148+0000] {processor.py:830} INFO - Processing file /home/airflow/.local/lib/python3.12/site-packages/airflow/example_dags/example_kubernetes_executor.py for tasks to queue
[2024-05-02T22:20:55.155+0000] {logging_mixin.py:188} INFO - [2024-05-02T22:20:55.154+0000] {dagbag.py:540} INFO - Filling up the DagBag from /home/airflow/.local/lib/python3.12/site-packages/airflow/example_dags/example_kubernetes_executor.py
[2024-05-02T22:20:55.206+0000] {processor.py:840} INFO - DAG(s) 'example_kubernetes_executor' retrieved from /home/airflow/.local/lib/python3.12/site-packages/airflow/example_dags/example_kubernetes_executor.py
[2024-05-02T22:20:55.528+0000] {logging_mixin.py:188} INFO - [2024-05-02T22:20:55.528+0000] {dag.py:3096} INFO - Sync 1 DAGs
[2024-05-02T22:20:55.549+0000] {logging_mixin.py:188} INFO - [2024-05-02T22:20:55.549+0000] {dag.py:3954} INFO - Setting next_dagrun for example_kubernetes_executor to None, run_after=None
[2024-05-02T22:20:55.590+0000] {processor.py:183} INFO - Processing /home/airflow/.local/lib/python3.12/site-packages/airflow/example_dags/example_kubernetes_executor.py took 0.460 seconds
[2024-05-02T22:21:36.241+0000] {processor.py:161} INFO - Started process (PID=125) to work on /home/airflow/.local/lib/python3.12/site-packages/airflow/example_dags/example_kubernetes_executor.py
[2024-05-02T22:21:36.255+0000] {processor.py:830} INFO - Processing file /home/airflow/.local/lib/python3.12/site-packages/airflow/example_dags/example_kubernetes_executor.py for tasks to queue
[2024-05-02T22:21:36.277+0000] {logging_mixin.py:188} INFO - [2024-05-02T22:21:36.276+0000] {dagbag.py:540} INFO - Filling up the DagBag from /home/airflow/.local/lib/python3.12/site-packages/airflow/example_dags/example_kubernetes_executor.py
[2024-05-02T22:21:36.492+0000] {processor.py:840} INFO - DAG(s) 'example_kubernetes_executor' retrieved from /home/airflow/.local/lib/python3.12/site-packages/airflow/example_dags/example_kubernetes_executor.py
[2024-05-02T22:21:37.002+0000] {logging_mixin.py:188} INFO - [2024-05-02T22:21:37.001+0000] {dag.py:3096} INFO - Sync 1 DAGs
[2024-05-02T22:21:37.196+0000] {logging_mixin.py:188} INFO - [2024-05-02T22:21:37.196+0000] {dag.py:3954} INFO - Setting next_dagrun for example_kubernetes_executor to None, run_after=None
[2024-05-02T22:21:37.364+0000] {processor.py:183} INFO - Processing /home/airflow/.local/lib/python3.12/site-packages/airflow/example_dags/example_kubernetes_executor.py took 1.156 seconds
[2024-05-02T22:22:57.256+0000] {processor.py:161} INFO - Started process (PID=206) to work on /home/airflow/.local/lib/python3.12/site-packages/airflow/example_dags/example_kubernetes_executor.py
[2024-05-02T22:22:57.259+0000] {processor.py:830} INFO - Processing file /home/airflow/.local/lib/python3.12/site-packages/airflow/example_dags/example_kubernetes_executor.py for tasks to queue
[2024-05-02T22:22:57.273+0000] {logging_mixin.py:188} INFO - [2024-05-02T22:22:57.270+0000] {dagbag.py:540} INFO - Filling up the DagBag from /home/airflow/.local/lib/python3.12/site-packages/airflow/example_dags/example_kubernetes_executor.py
[2024-05-02T22:22:57.407+0000] {processor.py:840} INFO - DAG(s) 'example_kubernetes_executor' retrieved from /home/airflow/.local/lib/python3.12/site-packages/airflow/example_dags/example_kubernetes_executor.py
[2024-05-02T22:22:57.887+0000] {logging_mixin.py:188} INFO - [2024-05-02T22:22:57.887+0000] {dag.py:3096} INFO - Sync 1 DAGs
[2024-05-02T22:22:58.007+0000] {logging_mixin.py:188} INFO - [2024-05-02T22:22:58.006+0000] {dag.py:3954} INFO - Setting next_dagrun for example_kubernetes_executor to None, run_after=None
[2024-05-02T22:22:58.141+0000] {processor.py:183} INFO - Processing /home/airflow/.local/lib/python3.12/site-packages/airflow/example_dags/example_kubernetes_executor.py took 0.925 seconds
[2024-05-02T22:32:36.928+0000] {processor.py:161} INFO - Started process (PID=67) to work on /home/airflow/.local/lib/python3.12/site-packages/airflow/example_dags/example_kubernetes_executor.py
[2024-05-02T22:32:36.930+0000] {processor.py:830} INFO - Processing file /home/airflow/.local/lib/python3.12/site-packages/airflow/example_dags/example_kubernetes_executor.py for tasks to queue
[2024-05-02T22:32:36.934+0000] {logging_mixin.py:188} INFO - [2024-05-02T22:32:36.933+0000] {dagbag.py:540} INFO - Filling up the DagBag from /home/airflow/.local/lib/python3.12/site-packages/airflow/example_dags/example_kubernetes_executor.py
[2024-05-02T22:32:36.985+0000] {processor.py:840} INFO - DAG(s) 'example_kubernetes_executor' retrieved from /home/airflow/.local/lib/python3.12/site-packages/airflow/example_dags/example_kubernetes_executor.py
[2024-05-02T22:32:37.969+0000] {logging_mixin.py:188} INFO - [2024-05-02T22:32:37.969+0000] {dag.py:3096} INFO - Sync 1 DAGs
[2024-05-02T22:32:38.151+0000] {logging_mixin.py:188} INFO - [2024-05-02T22:32:38.150+0000] {dag.py:3954} INFO - Setting next_dagrun for example_kubernetes_executor to None, run_after=None
[2024-05-02T22:32:39.330+0000] {processor.py:183} INFO - Processing /home/airflow/.local/lib/python3.12/site-packages/airflow/example_dags/example_kubernetes_executor.py took 2.415 seconds
[2024-05-02T22:33:10.053+0000] {processor.py:161} INFO - Started process (PID=126) to work on /home/airflow/.local/lib/python3.12/site-packages/airflow/example_dags/example_kubernetes_executor.py
[2024-05-02T22:33:10.072+0000] {processor.py:830} INFO - Processing file /home/airflow/.local/lib/python3.12/site-packages/airflow/example_dags/example_kubernetes_executor.py for tasks to queue
[2024-05-02T22:33:10.076+0000] {logging_mixin.py:188} INFO - [2024-05-02T22:33:10.075+0000] {dagbag.py:540} INFO - Filling up the DagBag from /home/airflow/.local/lib/python3.12/site-packages/airflow/example_dags/example_kubernetes_executor.py
[2024-05-02T22:33:10.190+0000] {processor.py:840} INFO - DAG(s) 'example_kubernetes_executor' retrieved from /home/airflow/.local/lib/python3.12/site-packages/airflow/example_dags/example_kubernetes_executor.py
[2024-05-02T22:33:10.493+0000] {logging_mixin.py:188} INFO - [2024-05-02T22:33:10.493+0000] {dag.py:3096} INFO - Sync 1 DAGs
[2024-05-02T22:33:10.582+0000] {logging_mixin.py:188} INFO - [2024-05-02T22:33:10.581+0000] {dag.py:3954} INFO - Setting next_dagrun for example_kubernetes_executor to None, run_after=None
[2024-05-02T22:33:10.677+0000] {processor.py:183} INFO - Processing /home/airflow/.local/lib/python3.12/site-packages/airflow/example_dags/example_kubernetes_executor.py took 0.648 seconds
[2024-05-02T22:33:41.824+0000] {processor.py:161} INFO - Started process (PID=185) to work on /home/airflow/.local/lib/python3.12/site-packages/airflow/example_dags/example_kubernetes_executor.py
[2024-05-02T22:33:41.832+0000] {processor.py:830} INFO - Processing file /home/airflow/.local/lib/python3.12/site-packages/airflow/example_dags/example_kubernetes_executor.py for tasks to queue
[2024-05-02T22:33:41.846+0000] {logging_mixin.py:188} INFO - [2024-05-02T22:33:41.836+0000] {dagbag.py:540} INFO - Filling up the DagBag from /home/airflow/.local/lib/python3.12/site-packages/airflow/example_dags/example_kubernetes_executor.py
[2024-05-02T22:33:41.903+0000] {processor.py:840} INFO - DAG(s) 'example_kubernetes_executor' retrieved from /home/airflow/.local/lib/python3.12/site-packages/airflow/example_dags/example_kubernetes_executor.py
[2024-05-02T22:33:42.233+0000] {logging_mixin.py:188} INFO - [2024-05-02T22:33:42.233+0000] {dag.py:3096} INFO - Sync 1 DAGs
[2024-05-02T22:33:42.446+0000] {logging_mixin.py:188} INFO - [2024-05-02T22:33:42.446+0000] {dag.py:3954} INFO - Setting next_dagrun for example_kubernetes_executor to None, run_after=None
[2024-05-02T22:33:42.913+0000] {processor.py:183} INFO - Processing /home/airflow/.local/lib/python3.12/site-packages/airflow/example_dags/example_kubernetes_executor.py took 1.116 seconds
[2024-05-02T22:34:13.550+0000] {processor.py:161} INFO - Started process (PID=244) to work on /home/airflow/.local/lib/python3.12/site-packages/airflow/example_dags/example_kubernetes_executor.py
[2024-05-02T22:34:13.557+0000] {processor.py:830} INFO - Processing file /home/airflow/.local/lib/python3.12/site-packages/airflow/example_dags/example_kubernetes_executor.py for tasks to queue
[2024-05-02T22:34:13.571+0000] {logging_mixin.py:188} INFO - [2024-05-02T22:34:13.570+0000] {dagbag.py:540} INFO - Filling up the DagBag from /home/airflow/.local/lib/python3.12/site-packages/airflow/example_dags/example_kubernetes_executor.py
[2024-05-02T22:34:13.681+0000] {processor.py:840} INFO - DAG(s) 'example_kubernetes_executor' retrieved from /home/airflow/.local/lib/python3.12/site-packages/airflow/example_dags/example_kubernetes_executor.py
[2024-05-02T22:34:14.067+0000] {logging_mixin.py:188} INFO - [2024-05-02T22:34:14.066+0000] {dag.py:3096} INFO - Sync 1 DAGs
[2024-05-02T22:34:14.165+0000] {logging_mixin.py:188} INFO - [2024-05-02T22:34:14.164+0000] {dag.py:3954} INFO - Setting next_dagrun for example_kubernetes_executor to None, run_after=None
[2024-05-02T22:34:14.326+0000] {processor.py:183} INFO - Processing /home/airflow/.local/lib/python3.12/site-packages/airflow/example_dags/example_kubernetes_executor.py took 0.818 seconds
[2024-05-02T22:34:44.863+0000] {processor.py:161} INFO - Started process (PID=304) to work on /home/airflow/.local/lib/python3.12/site-packages/airflow/example_dags/example_kubernetes_executor.py
[2024-05-02T22:34:44.884+0000] {processor.py:830} INFO - Processing file /home/airflow/.local/lib/python3.12/site-packages/airflow/example_dags/example_kubernetes_executor.py for tasks to queue
[2024-05-02T22:34:44.922+0000] {logging_mixin.py:188} INFO - [2024-05-02T22:34:44.900+0000] {dagbag.py:540} INFO - Filling up the DagBag from /home/airflow/.local/lib/python3.12/site-packages/airflow/example_dags/example_kubernetes_executor.py
[2024-05-02T22:34:45.334+0000] {processor.py:840} INFO - DAG(s) 'example_kubernetes_executor' retrieved from /home/airflow/.local/lib/python3.12/site-packages/airflow/example_dags/example_kubernetes_executor.py
[2024-05-02T22:34:45.965+0000] {logging_mixin.py:188} INFO - [2024-05-02T22:34:45.963+0000] {dag.py:3096} INFO - Sync 1 DAGs
[2024-05-02T22:34:46.054+0000] {logging_mixin.py:188} INFO - [2024-05-02T22:34:46.054+0000] {dag.py:3954} INFO - Setting next_dagrun for example_kubernetes_executor to None, run_after=None
[2024-05-02T22:34:46.141+0000] {processor.py:183} INFO - Processing /home/airflow/.local/lib/python3.12/site-packages/airflow/example_dags/example_kubernetes_executor.py took 1.299 seconds
[2024-05-02T22:35:16.681+0000] {processor.py:161} INFO - Started process (PID=362) to work on /home/airflow/.local/lib/python3.12/site-packages/airflow/example_dags/example_kubernetes_executor.py
[2024-05-02T22:35:16.683+0000] {processor.py:830} INFO - Processing file /home/airflow/.local/lib/python3.12/site-packages/airflow/example_dags/example_kubernetes_executor.py for tasks to queue
[2024-05-02T22:35:16.686+0000] {logging_mixin.py:188} INFO - [2024-05-02T22:35:16.685+0000] {dagbag.py:540} INFO - Filling up the DagBag from /home/airflow/.local/lib/python3.12/site-packages/airflow/example_dags/example_kubernetes_executor.py
[2024-05-02T22:35:16.716+0000] {processor.py:840} INFO - DAG(s) 'example_kubernetes_executor' retrieved from /home/airflow/.local/lib/python3.12/site-packages/airflow/example_dags/example_kubernetes_executor.py
[2024-05-02T22:35:16.999+0000] {logging_mixin.py:188} INFO - [2024-05-02T22:35:16.998+0000] {dag.py:3096} INFO - Sync 1 DAGs
[2024-05-02T22:35:17.029+0000] {logging_mixin.py:188} INFO - [2024-05-02T22:35:17.028+0000] {dag.py:3954} INFO - Setting next_dagrun for example_kubernetes_executor to None, run_after=None
[2024-05-02T22:35:17.084+0000] {processor.py:183} INFO - Processing /home/airflow/.local/lib/python3.12/site-packages/airflow/example_dags/example_kubernetes_executor.py took 0.415 seconds
[2024-05-02T22:35:47.621+0000] {processor.py:161} INFO - Started process (PID=420) to work on /home/airflow/.local/lib/python3.12/site-packages/airflow/example_dags/example_kubernetes_executor.py
[2024-05-02T22:35:47.624+0000] {processor.py:830} INFO - Processing file /home/airflow/.local/lib/python3.12/site-packages/airflow/example_dags/example_kubernetes_executor.py for tasks to queue
[2024-05-02T22:35:47.628+0000] {logging_mixin.py:188} INFO - [2024-05-02T22:35:47.627+0000] {dagbag.py:540} INFO - Filling up the DagBag from /home/airflow/.local/lib/python3.12/site-packages/airflow/example_dags/example_kubernetes_executor.py
[2024-05-02T22:35:47.680+0000] {processor.py:840} INFO - DAG(s) 'example_kubernetes_executor' retrieved from /home/airflow/.local/lib/python3.12/site-packages/airflow/example_dags/example_kubernetes_executor.py
[2024-05-02T22:35:47.870+0000] {logging_mixin.py:188} INFO - [2024-05-02T22:35:47.870+0000] {dag.py:3096} INFO - Sync 1 DAGs
[2024-05-02T22:35:47.968+0000] {logging_mixin.py:188} INFO - [2024-05-02T22:35:47.967+0000] {dag.py:3954} INFO - Setting next_dagrun for example_kubernetes_executor to None, run_after=None
[2024-05-02T22:35:48.113+0000] {processor.py:183} INFO - Processing /home/airflow/.local/lib/python3.12/site-packages/airflow/example_dags/example_kubernetes_executor.py took 0.513 seconds
[2024-05-02T22:36:21.681+0000] {processor.py:161} INFO - Started process (PID=478) to work on /home/airflow/.local/lib/python3.12/site-packages/airflow/example_dags/example_kubernetes_executor.py
[2024-05-02T22:36:21.682+0000] {processor.py:830} INFO - Processing file /home/airflow/.local/lib/python3.12/site-packages/airflow/example_dags/example_kubernetes_executor.py for tasks to queue
[2024-05-02T22:36:21.699+0000] {logging_mixin.py:188} INFO - [2024-05-02T22:36:21.698+0000] {dagbag.py:540} INFO - Filling up the DagBag from /home/airflow/.local/lib/python3.12/site-packages/airflow/example_dags/example_kubernetes_executor.py
[2024-05-02T22:36:21.737+0000] {processor.py:840} INFO - DAG(s) 'example_kubernetes_executor' retrieved from /home/airflow/.local/lib/python3.12/site-packages/airflow/example_dags/example_kubernetes_executor.py
[2024-05-02T22:36:21.913+0000] {logging_mixin.py:188} INFO - [2024-05-02T22:36:21.912+0000] {dag.py:3096} INFO - Sync 1 DAGs
[2024-05-02T22:36:21.955+0000] {logging_mixin.py:188} INFO - [2024-05-02T22:36:21.954+0000] {dag.py:3954} INFO - Setting next_dagrun for example_kubernetes_executor to None, run_after=None
[2024-05-02T22:36:22.095+0000] {processor.py:183} INFO - Processing /home/airflow/.local/lib/python3.12/site-packages/airflow/example_dags/example_kubernetes_executor.py took 0.476 seconds
[2024-05-02T22:36:54.845+0000] {processor.py:161} INFO - Started process (PID=537) to work on /home/airflow/.local/lib/python3.12/site-packages/airflow/example_dags/example_kubernetes_executor.py
[2024-05-02T22:36:54.867+0000] {processor.py:830} INFO - Processing file /home/airflow/.local/lib/python3.12/site-packages/airflow/example_dags/example_kubernetes_executor.py for tasks to queue
[2024-05-02T22:36:54.878+0000] {logging_mixin.py:188} INFO - [2024-05-02T22:36:54.877+0000] {dagbag.py:540} INFO - Filling up the DagBag from /home/airflow/.local/lib/python3.12/site-packages/airflow/example_dags/example_kubernetes_executor.py
[2024-05-02T22:36:55.063+0000] {processor.py:840} INFO - DAG(s) 'example_kubernetes_executor' retrieved from /home/airflow/.local/lib/python3.12/site-packages/airflow/example_dags/example_kubernetes_executor.py
[2024-05-02T22:36:55.423+0000] {logging_mixin.py:188} INFO - [2024-05-02T22:36:55.422+0000] {dag.py:3096} INFO - Sync 1 DAGs
[2024-05-02T22:36:55.531+0000] {logging_mixin.py:188} INFO - [2024-05-02T22:36:55.530+0000] {dag.py:3954} INFO - Setting next_dagrun for example_kubernetes_executor to None, run_after=None
[2024-05-02T22:36:55.972+0000] {processor.py:183} INFO - Processing /home/airflow/.local/lib/python3.12/site-packages/airflow/example_dags/example_kubernetes_executor.py took 1.161 seconds
[2024-05-02T22:37:27.329+0000] {processor.py:161} INFO - Started process (PID=597) to work on /home/airflow/.local/lib/python3.12/site-packages/airflow/example_dags/example_kubernetes_executor.py
[2024-05-02T22:37:27.331+0000] {processor.py:830} INFO - Processing file /home/airflow/.local/lib/python3.12/site-packages/airflow/example_dags/example_kubernetes_executor.py for tasks to queue
[2024-05-02T22:37:27.335+0000] {logging_mixin.py:188} INFO - [2024-05-02T22:37:27.334+0000] {dagbag.py:540} INFO - Filling up the DagBag from /home/airflow/.local/lib/python3.12/site-packages/airflow/example_dags/example_kubernetes_executor.py
[2024-05-02T22:37:27.460+0000] {processor.py:840} INFO - DAG(s) 'example_kubernetes_executor' retrieved from /home/airflow/.local/lib/python3.12/site-packages/airflow/example_dags/example_kubernetes_executor.py
[2024-05-02T22:37:27.721+0000] {logging_mixin.py:188} INFO - [2024-05-02T22:37:27.720+0000] {dag.py:3096} INFO - Sync 1 DAGs
[2024-05-02T22:37:27.809+0000] {logging_mixin.py:188} INFO - [2024-05-02T22:37:27.808+0000] {dag.py:3954} INFO - Setting next_dagrun for example_kubernetes_executor to None, run_after=None
[2024-05-02T22:37:27.928+0000] {processor.py:183} INFO - Processing /home/airflow/.local/lib/python3.12/site-packages/airflow/example_dags/example_kubernetes_executor.py took 0.634 seconds
[2024-05-02T22:37:58.722+0000] {processor.py:161} INFO - Started process (PID=655) to work on /home/airflow/.local/lib/python3.12/site-packages/airflow/example_dags/example_kubernetes_executor.py
[2024-05-02T22:37:58.730+0000] {processor.py:830} INFO - Processing file /home/airflow/.local/lib/python3.12/site-packages/airflow/example_dags/example_kubernetes_executor.py for tasks to queue
[2024-05-02T22:37:58.738+0000] {logging_mixin.py:188} INFO - [2024-05-02T22:37:58.737+0000] {dagbag.py:540} INFO - Filling up the DagBag from /home/airflow/.local/lib/python3.12/site-packages/airflow/example_dags/example_kubernetes_executor.py
[2024-05-02T22:37:58.849+0000] {processor.py:840} INFO - DAG(s) 'example_kubernetes_executor' retrieved from /home/airflow/.local/lib/python3.12/site-packages/airflow/example_dags/example_kubernetes_executor.py
[2024-05-02T22:37:59.138+0000] {logging_mixin.py:188} INFO - [2024-05-02T22:37:59.137+0000] {dag.py:3096} INFO - Sync 1 DAGs
[2024-05-02T22:37:59.225+0000] {logging_mixin.py:188} INFO - [2024-05-02T22:37:59.224+0000] {dag.py:3954} INFO - Setting next_dagrun for example_kubernetes_executor to None, run_after=None
[2024-05-02T22:38:00.326+0000] {processor.py:183} INFO - Processing /home/airflow/.local/lib/python3.12/site-packages/airflow/example_dags/example_kubernetes_executor.py took 1.653 seconds
[2024-05-02T22:38:30.768+0000] {processor.py:161} INFO - Started process (PID=714) to work on /home/airflow/.local/lib/python3.12/site-packages/airflow/example_dags/example_kubernetes_executor.py
[2024-05-02T22:38:30.777+0000] {processor.py:830} INFO - Processing file /home/airflow/.local/lib/python3.12/site-packages/airflow/example_dags/example_kubernetes_executor.py for tasks to queue
[2024-05-02T22:38:30.788+0000] {logging_mixin.py:188} INFO - [2024-05-02T22:38:30.787+0000] {dagbag.py:540} INFO - Filling up the DagBag from /home/airflow/.local/lib/python3.12/site-packages/airflow/example_dags/example_kubernetes_executor.py
[2024-05-02T22:38:31.047+0000] {processor.py:840} INFO - DAG(s) 'example_kubernetes_executor' retrieved from /home/airflow/.local/lib/python3.12/site-packages/airflow/example_dags/example_kubernetes_executor.py
[2024-05-02T22:38:31.340+0000] {logging_mixin.py:188} INFO - [2024-05-02T22:38:31.340+0000] {dag.py:3096} INFO - Sync 1 DAGs
[2024-05-02T22:38:31.447+0000] {logging_mixin.py:188} INFO - [2024-05-02T22:38:31.447+0000] {dag.py:3954} INFO - Setting next_dagrun for example_kubernetes_executor to None, run_after=None
[2024-05-02T22:38:31.623+0000] {processor.py:183} INFO - Processing /home/airflow/.local/lib/python3.12/site-packages/airflow/example_dags/example_kubernetes_executor.py took 0.921 seconds
[2024-05-02T22:39:12.351+0000] {processor.py:161} INFO - Started process (PID=773) to work on /home/airflow/.local/lib/python3.12/site-packages/airflow/example_dags/example_kubernetes_executor.py
[2024-05-02T22:39:12.354+0000] {processor.py:830} INFO - Processing file /home/airflow/.local/lib/python3.12/site-packages/airflow/example_dags/example_kubernetes_executor.py for tasks to queue
[2024-05-02T22:39:12.359+0000] {logging_mixin.py:188} INFO - [2024-05-02T22:39:12.358+0000] {dagbag.py:540} INFO - Filling up the DagBag from /home/airflow/.local/lib/python3.12/site-packages/airflow/example_dags/example_kubernetes_executor.py
[2024-05-02T22:39:12.413+0000] {processor.py:840} INFO - DAG(s) 'example_kubernetes_executor' retrieved from /home/airflow/.local/lib/python3.12/site-packages/airflow/example_dags/example_kubernetes_executor.py
[2024-05-02T22:39:12.716+0000] {logging_mixin.py:188} INFO - [2024-05-02T22:39:12.715+0000] {dag.py:3096} INFO - Sync 1 DAGs
[2024-05-02T22:39:12.849+0000] {logging_mixin.py:188} INFO - [2024-05-02T22:39:12.848+0000] {dag.py:3954} INFO - Setting next_dagrun for example_kubernetes_executor to None, run_after=None
[2024-05-02T22:39:13.062+0000] {processor.py:183} INFO - Processing /home/airflow/.local/lib/python3.12/site-packages/airflow/example_dags/example_kubernetes_executor.py took 0.729 seconds
[2024-05-02T22:39:52.074+0000] {processor.py:161} INFO - Started process (PID=831) to work on /home/airflow/.local/lib/python3.12/site-packages/airflow/example_dags/example_kubernetes_executor.py
[2024-05-02T22:39:52.075+0000] {processor.py:830} INFO - Processing file /home/airflow/.local/lib/python3.12/site-packages/airflow/example_dags/example_kubernetes_executor.py for tasks to queue
[2024-05-02T22:39:52.094+0000] {logging_mixin.py:188} INFO - [2024-05-02T22:39:52.093+0000] {dagbag.py:540} INFO - Filling up the DagBag from /home/airflow/.local/lib/python3.12/site-packages/airflow/example_dags/example_kubernetes_executor.py
[2024-05-02T22:39:52.185+0000] {processor.py:840} INFO - DAG(s) 'example_kubernetes_executor' retrieved from /home/airflow/.local/lib/python3.12/site-packages/airflow/example_dags/example_kubernetes_executor.py
[2024-05-02T22:39:53.775+0000] {logging_mixin.py:188} INFO - [2024-05-02T22:39:53.773+0000] {dag.py:3096} INFO - Sync 1 DAGs
[2024-05-02T22:39:53.905+0000] {logging_mixin.py:188} INFO - [2024-05-02T22:39:53.905+0000] {dag.py:3954} INFO - Setting next_dagrun for example_kubernetes_executor to None, run_after=None
[2024-05-02T22:39:54.163+0000] {processor.py:183} INFO - Processing /home/airflow/.local/lib/python3.12/site-packages/airflow/example_dags/example_kubernetes_executor.py took 2.114 seconds
[2024-05-02T22:40:24.771+0000] {processor.py:161} INFO - Started process (PID=891) to work on /home/airflow/.local/lib/python3.12/site-packages/airflow/example_dags/example_kubernetes_executor.py
[2024-05-02T22:40:24.773+0000] {processor.py:830} INFO - Processing file /home/airflow/.local/lib/python3.12/site-packages/airflow/example_dags/example_kubernetes_executor.py for tasks to queue
[2024-05-02T22:40:24.778+0000] {logging_mixin.py:188} INFO - [2024-05-02T22:40:24.777+0000] {dagbag.py:540} INFO - Filling up the DagBag from /home/airflow/.local/lib/python3.12/site-packages/airflow/example_dags/example_kubernetes_executor.py
[2024-05-02T22:40:24.814+0000] {processor.py:840} INFO - DAG(s) 'example_kubernetes_executor' retrieved from /home/airflow/.local/lib/python3.12/site-packages/airflow/example_dags/example_kubernetes_executor.py
[2024-05-02T22:40:24.920+0000] {logging_mixin.py:188} INFO - [2024-05-02T22:40:24.919+0000] {dag.py:3096} INFO - Sync 1 DAGs
[2024-05-02T22:40:25.197+0000] {logging_mixin.py:188} INFO - [2024-05-02T22:40:25.196+0000] {dag.py:3954} INFO - Setting next_dagrun for example_kubernetes_executor to None, run_after=None
[2024-05-02T22:40:25.238+0000] {processor.py:183} INFO - Processing /home/airflow/.local/lib/python3.12/site-packages/airflow/example_dags/example_kubernetes_executor.py took 0.479 seconds
[2024-05-02T22:40:55.590+0000] {processor.py:161} INFO - Started process (PID=950) to work on /home/airflow/.local/lib/python3.12/site-packages/airflow/example_dags/example_kubernetes_executor.py
[2024-05-02T22:40:55.592+0000] {processor.py:830} INFO - Processing file /home/airflow/.local/lib/python3.12/site-packages/airflow/example_dags/example_kubernetes_executor.py for tasks to queue
[2024-05-02T22:40:55.598+0000] {logging_mixin.py:188} INFO - [2024-05-02T22:40:55.597+0000] {dagbag.py:540} INFO - Filling up the DagBag from /home/airflow/.local/lib/python3.12/site-packages/airflow/example_dags/example_kubernetes_executor.py
[2024-05-02T22:40:55.662+0000] {processor.py:840} INFO - DAG(s) 'example_kubernetes_executor' retrieved from /home/airflow/.local/lib/python3.12/site-packages/airflow/example_dags/example_kubernetes_executor.py
[2024-05-02T22:40:55.964+0000] {logging_mixin.py:188} INFO - [2024-05-02T22:40:55.963+0000] {dag.py:3096} INFO - Sync 1 DAGs
[2024-05-02T22:40:56.020+0000] {logging_mixin.py:188} INFO - [2024-05-02T22:40:56.019+0000] {dag.py:3954} INFO - Setting next_dagrun for example_kubernetes_executor to None, run_after=None
[2024-05-02T22:40:56.081+0000] {processor.py:183} INFO - Processing /home/airflow/.local/lib/python3.12/site-packages/airflow/example_dags/example_kubernetes_executor.py took 0.528 seconds
[2024-05-02T22:41:26.752+0000] {processor.py:161} INFO - Started process (PID=1009) to work on /home/airflow/.local/lib/python3.12/site-packages/airflow/example_dags/example_kubernetes_executor.py
[2024-05-02T22:41:26.755+0000] {processor.py:830} INFO - Processing file /home/airflow/.local/lib/python3.12/site-packages/airflow/example_dags/example_kubernetes_executor.py for tasks to queue
[2024-05-02T22:41:26.758+0000] {logging_mixin.py:188} INFO - [2024-05-02T22:41:26.757+0000] {dagbag.py:540} INFO - Filling up the DagBag from /home/airflow/.local/lib/python3.12/site-packages/airflow/example_dags/example_kubernetes_executor.py
[2024-05-02T22:41:26.789+0000] {processor.py:840} INFO - DAG(s) 'example_kubernetes_executor' retrieved from /home/airflow/.local/lib/python3.12/site-packages/airflow/example_dags/example_kubernetes_executor.py
[2024-05-02T22:41:26.917+0000] {logging_mixin.py:188} INFO - [2024-05-02T22:41:26.917+0000] {dag.py:3096} INFO - Sync 1 DAGs
[2024-05-02T22:41:26.950+0000] {logging_mixin.py:188} INFO - [2024-05-02T22:41:26.949+0000] {dag.py:3954} INFO - Setting next_dagrun for example_kubernetes_executor to None, run_after=None
[2024-05-02T22:41:26.996+0000] {processor.py:183} INFO - Processing /home/airflow/.local/lib/python3.12/site-packages/airflow/example_dags/example_kubernetes_executor.py took 0.257 seconds
[2024-05-02T22:41:57.790+0000] {processor.py:161} INFO - Started process (PID=1068) to work on /home/airflow/.local/lib/python3.12/site-packages/airflow/example_dags/example_kubernetes_executor.py
[2024-05-02T22:41:57.792+0000] {processor.py:830} INFO - Processing file /home/airflow/.local/lib/python3.12/site-packages/airflow/example_dags/example_kubernetes_executor.py for tasks to queue
[2024-05-02T22:41:57.796+0000] {logging_mixin.py:188} INFO - [2024-05-02T22:41:57.796+0000] {dagbag.py:540} INFO - Filling up the DagBag from /home/airflow/.local/lib/python3.12/site-packages/airflow/example_dags/example_kubernetes_executor.py
[2024-05-02T22:41:57.833+0000] {processor.py:840} INFO - DAG(s) 'example_kubernetes_executor' retrieved from /home/airflow/.local/lib/python3.12/site-packages/airflow/example_dags/example_kubernetes_executor.py
[2024-05-02T22:41:57.924+0000] {logging_mixin.py:188} INFO - [2024-05-02T22:41:57.923+0000] {dag.py:3096} INFO - Sync 1 DAGs
[2024-05-02T22:41:57.952+0000] {logging_mixin.py:188} INFO - [2024-05-02T22:41:57.952+0000] {dag.py:3954} INFO - Setting next_dagrun for example_kubernetes_executor to None, run_after=None
[2024-05-02T22:41:57.997+0000] {processor.py:183} INFO - Processing /home/airflow/.local/lib/python3.12/site-packages/airflow/example_dags/example_kubernetes_executor.py took 0.223 seconds
[2024-05-02T22:42:28.318+0000] {processor.py:161} INFO - Started process (PID=1127) to work on /home/airflow/.local/lib/python3.12/site-packages/airflow/example_dags/example_kubernetes_executor.py
[2024-05-02T22:42:28.321+0000] {processor.py:830} INFO - Processing file /home/airflow/.local/lib/python3.12/site-packages/airflow/example_dags/example_kubernetes_executor.py for tasks to queue
[2024-05-02T22:42:28.328+0000] {logging_mixin.py:188} INFO - [2024-05-02T22:42:28.326+0000] {dagbag.py:540} INFO - Filling up the DagBag from /home/airflow/.local/lib/python3.12/site-packages/airflow/example_dags/example_kubernetes_executor.py
[2024-05-02T22:42:28.369+0000] {processor.py:840} INFO - DAG(s) 'example_kubernetes_executor' retrieved from /home/airflow/.local/lib/python3.12/site-packages/airflow/example_dags/example_kubernetes_executor.py
[2024-05-02T22:42:28.452+0000] {logging_mixin.py:188} INFO - [2024-05-02T22:42:28.451+0000] {dag.py:3096} INFO - Sync 1 DAGs
[2024-05-02T22:42:28.483+0000] {logging_mixin.py:188} INFO - [2024-05-02T22:42:28.482+0000] {dag.py:3954} INFO - Setting next_dagrun for example_kubernetes_executor to None, run_after=None
[2024-05-02T22:42:28.532+0000] {processor.py:183} INFO - Processing /home/airflow/.local/lib/python3.12/site-packages/airflow/example_dags/example_kubernetes_executor.py took 0.230 seconds
[2024-05-02T22:42:58.742+0000] {processor.py:161} INFO - Started process (PID=1186) to work on /home/airflow/.local/lib/python3.12/site-packages/airflow/example_dags/example_kubernetes_executor.py
[2024-05-02T22:42:58.745+0000] {processor.py:830} INFO - Processing file /home/airflow/.local/lib/python3.12/site-packages/airflow/example_dags/example_kubernetes_executor.py for tasks to queue
[2024-05-02T22:42:58.751+0000] {logging_mixin.py:188} INFO - [2024-05-02T22:42:58.750+0000] {dagbag.py:540} INFO - Filling up the DagBag from /home/airflow/.local/lib/python3.12/site-packages/airflow/example_dags/example_kubernetes_executor.py
[2024-05-02T22:42:58.800+0000] {processor.py:840} INFO - DAG(s) 'example_kubernetes_executor' retrieved from /home/airflow/.local/lib/python3.12/site-packages/airflow/example_dags/example_kubernetes_executor.py
[2024-05-02T22:42:58.928+0000] {logging_mixin.py:188} INFO - [2024-05-02T22:42:58.927+0000] {dag.py:3096} INFO - Sync 1 DAGs
[2024-05-02T22:42:58.955+0000] {logging_mixin.py:188} INFO - [2024-05-02T22:42:58.955+0000] {dag.py:3954} INFO - Setting next_dagrun for example_kubernetes_executor to None, run_after=None
[2024-05-02T22:42:59.000+0000] {processor.py:183} INFO - Processing /home/airflow/.local/lib/python3.12/site-packages/airflow/example_dags/example_kubernetes_executor.py took 0.274 seconds
[2024-05-02T22:43:29.593+0000] {processor.py:161} INFO - Started process (PID=1245) to work on /home/airflow/.local/lib/python3.12/site-packages/airflow/example_dags/example_kubernetes_executor.py
[2024-05-02T22:43:29.595+0000] {processor.py:830} INFO - Processing file /home/airflow/.local/lib/python3.12/site-packages/airflow/example_dags/example_kubernetes_executor.py for tasks to queue
[2024-05-02T22:43:29.605+0000] {logging_mixin.py:188} INFO - [2024-05-02T22:43:29.604+0000] {dagbag.py:540} INFO - Filling up the DagBag from /home/airflow/.local/lib/python3.12/site-packages/airflow/example_dags/example_kubernetes_executor.py
[2024-05-02T22:43:29.681+0000] {processor.py:840} INFO - DAG(s) 'example_kubernetes_executor' retrieved from /home/airflow/.local/lib/python3.12/site-packages/airflow/example_dags/example_kubernetes_executor.py
[2024-05-02T22:43:29.907+0000] {logging_mixin.py:188} INFO - [2024-05-02T22:43:29.906+0000] {dag.py:3096} INFO - Sync 1 DAGs
[2024-05-02T22:43:30.072+0000] {logging_mixin.py:188} INFO - [2024-05-02T22:43:30.071+0000] {dag.py:3954} INFO - Setting next_dagrun for example_kubernetes_executor to None, run_after=None
[2024-05-02T22:43:30.200+0000] {processor.py:183} INFO - Processing /home/airflow/.local/lib/python3.12/site-packages/airflow/example_dags/example_kubernetes_executor.py took 0.629 seconds
[2024-05-02T22:44:01.496+0000] {processor.py:161} INFO - Started process (PID=1304) to work on /home/airflow/.local/lib/python3.12/site-packages/airflow/example_dags/example_kubernetes_executor.py
[2024-05-02T22:44:01.509+0000] {processor.py:830} INFO - Processing file /home/airflow/.local/lib/python3.12/site-packages/airflow/example_dags/example_kubernetes_executor.py for tasks to queue
[2024-05-02T22:44:01.539+0000] {logging_mixin.py:188} INFO - [2024-05-02T22:44:01.538+0000] {dagbag.py:540} INFO - Filling up the DagBag from /home/airflow/.local/lib/python3.12/site-packages/airflow/example_dags/example_kubernetes_executor.py
[2024-05-02T22:44:01.614+0000] {processor.py:840} INFO - DAG(s) 'example_kubernetes_executor' retrieved from /home/airflow/.local/lib/python3.12/site-packages/airflow/example_dags/example_kubernetes_executor.py
[2024-05-02T22:44:01.872+0000] {logging_mixin.py:188} INFO - [2024-05-02T22:44:01.871+0000] {dag.py:3096} INFO - Sync 1 DAGs
[2024-05-02T22:44:01.958+0000] {logging_mixin.py:188} INFO - [2024-05-02T22:44:01.958+0000] {dag.py:3954} INFO - Setting next_dagrun for example_kubernetes_executor to None, run_after=None
[2024-05-02T22:44:02.128+0000] {processor.py:183} INFO - Processing /home/airflow/.local/lib/python3.12/site-packages/airflow/example_dags/example_kubernetes_executor.py took 0.654 seconds
[2024-05-02T22:44:32.429+0000] {processor.py:161} INFO - Started process (PID=1363) to work on /home/airflow/.local/lib/python3.12/site-packages/airflow/example_dags/example_kubernetes_executor.py
[2024-05-02T22:44:32.431+0000] {processor.py:830} INFO - Processing file /home/airflow/.local/lib/python3.12/site-packages/airflow/example_dags/example_kubernetes_executor.py for tasks to queue
[2024-05-02T22:44:32.434+0000] {logging_mixin.py:188} INFO - [2024-05-02T22:44:32.433+0000] {dagbag.py:540} INFO - Filling up the DagBag from /home/airflow/.local/lib/python3.12/site-packages/airflow/example_dags/example_kubernetes_executor.py
[2024-05-02T22:44:32.461+0000] {processor.py:840} INFO - DAG(s) 'example_kubernetes_executor' retrieved from /home/airflow/.local/lib/python3.12/site-packages/airflow/example_dags/example_kubernetes_executor.py
[2024-05-02T22:44:32.546+0000] {logging_mixin.py:188} INFO - [2024-05-02T22:44:32.546+0000] {dag.py:3096} INFO - Sync 1 DAGs
[2024-05-02T22:44:32.574+0000] {logging_mixin.py:188} INFO - [2024-05-02T22:44:32.574+0000] {dag.py:3954} INFO - Setting next_dagrun for example_kubernetes_executor to None, run_after=None
[2024-05-02T22:44:32.623+0000] {processor.py:183} INFO - Processing /home/airflow/.local/lib/python3.12/site-packages/airflow/example_dags/example_kubernetes_executor.py took 0.204 seconds
[2024-05-02T22:45:03.061+0000] {processor.py:161} INFO - Started process (PID=1422) to work on /home/airflow/.local/lib/python3.12/site-packages/airflow/example_dags/example_kubernetes_executor.py
[2024-05-02T22:45:03.063+0000] {processor.py:830} INFO - Processing file /home/airflow/.local/lib/python3.12/site-packages/airflow/example_dags/example_kubernetes_executor.py for tasks to queue
[2024-05-02T22:45:03.068+0000] {logging_mixin.py:188} INFO - [2024-05-02T22:45:03.067+0000] {dagbag.py:540} INFO - Filling up the DagBag from /home/airflow/.local/lib/python3.12/site-packages/airflow/example_dags/example_kubernetes_executor.py
[2024-05-02T22:45:03.101+0000] {processor.py:840} INFO - DAG(s) 'example_kubernetes_executor' retrieved from /home/airflow/.local/lib/python3.12/site-packages/airflow/example_dags/example_kubernetes_executor.py
[2024-05-02T22:45:03.185+0000] {logging_mixin.py:188} INFO - [2024-05-02T22:45:03.184+0000] {dag.py:3096} INFO - Sync 1 DAGs
[2024-05-02T22:45:03.217+0000] {logging_mixin.py:188} INFO - [2024-05-02T22:45:03.216+0000] {dag.py:3954} INFO - Setting next_dagrun for example_kubernetes_executor to None, run_after=None
[2024-05-02T22:45:03.279+0000] {processor.py:183} INFO - Processing /home/airflow/.local/lib/python3.12/site-packages/airflow/example_dags/example_kubernetes_executor.py took 0.241 seconds
[2024-05-02T22:45:33.703+0000] {processor.py:161} INFO - Started process (PID=1481) to work on /home/airflow/.local/lib/python3.12/site-packages/airflow/example_dags/example_kubernetes_executor.py
[2024-05-02T22:45:33.704+0000] {processor.py:830} INFO - Processing file /home/airflow/.local/lib/python3.12/site-packages/airflow/example_dags/example_kubernetes_executor.py for tasks to queue
[2024-05-02T22:45:33.707+0000] {logging_mixin.py:188} INFO - [2024-05-02T22:45:33.707+0000] {dagbag.py:540} INFO - Filling up the DagBag from /home/airflow/.local/lib/python3.12/site-packages/airflow/example_dags/example_kubernetes_executor.py
[2024-05-02T22:45:33.727+0000] {processor.py:840} INFO - DAG(s) 'example_kubernetes_executor' retrieved from /home/airflow/.local/lib/python3.12/site-packages/airflow/example_dags/example_kubernetes_executor.py
[2024-05-02T22:45:33.809+0000] {logging_mixin.py:188} INFO - [2024-05-02T22:45:33.809+0000] {dag.py:3096} INFO - Sync 1 DAGs
[2024-05-02T22:45:33.850+0000] {logging_mixin.py:188} INFO - [2024-05-02T22:45:33.848+0000] {dag.py:3954} INFO - Setting next_dagrun for example_kubernetes_executor to None, run_after=None
[2024-05-02T22:45:33.906+0000] {processor.py:183} INFO - Processing /home/airflow/.local/lib/python3.12/site-packages/airflow/example_dags/example_kubernetes_executor.py took 0.217 seconds
[2024-05-02T22:46:04.547+0000] {processor.py:161} INFO - Started process (PID=1540) to work on /home/airflow/.local/lib/python3.12/site-packages/airflow/example_dags/example_kubernetes_executor.py
[2024-05-02T22:46:04.549+0000] {processor.py:830} INFO - Processing file /home/airflow/.local/lib/python3.12/site-packages/airflow/example_dags/example_kubernetes_executor.py for tasks to queue
[2024-05-02T22:46:04.553+0000] {logging_mixin.py:188} INFO - [2024-05-02T22:46:04.552+0000] {dagbag.py:540} INFO - Filling up the DagBag from /home/airflow/.local/lib/python3.12/site-packages/airflow/example_dags/example_kubernetes_executor.py
[2024-05-02T22:46:04.583+0000] {processor.py:840} INFO - DAG(s) 'example_kubernetes_executor' retrieved from /home/airflow/.local/lib/python3.12/site-packages/airflow/example_dags/example_kubernetes_executor.py
[2024-05-02T22:46:04.677+0000] {logging_mixin.py:188} INFO - [2024-05-02T22:46:04.677+0000] {dag.py:3096} INFO - Sync 1 DAGs
[2024-05-02T22:46:04.716+0000] {logging_mixin.py:188} INFO - [2024-05-02T22:46:04.716+0000] {dag.py:3954} INFO - Setting next_dagrun for example_kubernetes_executor to None, run_after=None
[2024-05-02T22:46:04.841+0000] {processor.py:183} INFO - Processing /home/airflow/.local/lib/python3.12/site-packages/airflow/example_dags/example_kubernetes_executor.py took 0.308 seconds
[2024-05-02T22:46:34.992+0000] {processor.py:161} INFO - Started process (PID=1599) to work on /home/airflow/.local/lib/python3.12/site-packages/airflow/example_dags/example_kubernetes_executor.py
[2024-05-02T22:46:35.000+0000] {processor.py:830} INFO - Processing file /home/airflow/.local/lib/python3.12/site-packages/airflow/example_dags/example_kubernetes_executor.py for tasks to queue
[2024-05-02T22:46:35.004+0000] {logging_mixin.py:188} INFO - [2024-05-02T22:46:35.003+0000] {dagbag.py:540} INFO - Filling up the DagBag from /home/airflow/.local/lib/python3.12/site-packages/airflow/example_dags/example_kubernetes_executor.py
[2024-05-02T22:46:35.063+0000] {processor.py:840} INFO - DAG(s) 'example_kubernetes_executor' retrieved from /home/airflow/.local/lib/python3.12/site-packages/airflow/example_dags/example_kubernetes_executor.py
[2024-05-02T22:46:35.182+0000] {logging_mixin.py:188} INFO - [2024-05-02T22:46:35.181+0000] {dag.py:3096} INFO - Sync 1 DAGs
[2024-05-02T22:46:35.232+0000] {logging_mixin.py:188} INFO - [2024-05-02T22:46:35.232+0000] {dag.py:3954} INFO - Setting next_dagrun for example_kubernetes_executor to None, run_after=None
[2024-05-02T22:46:35.310+0000] {processor.py:183} INFO - Processing /home/airflow/.local/lib/python3.12/site-packages/airflow/example_dags/example_kubernetes_executor.py took 0.333 seconds
[2024-05-02T22:47:05.816+0000] {processor.py:161} INFO - Started process (PID=1665) to work on /home/airflow/.local/lib/python3.12/site-packages/airflow/example_dags/example_kubernetes_executor.py
[2024-05-02T22:47:05.817+0000] {processor.py:830} INFO - Processing file /home/airflow/.local/lib/python3.12/site-packages/airflow/example_dags/example_kubernetes_executor.py for tasks to queue
[2024-05-02T22:47:05.821+0000] {logging_mixin.py:188} INFO - [2024-05-02T22:47:05.820+0000] {dagbag.py:540} INFO - Filling up the DagBag from /home/airflow/.local/lib/python3.12/site-packages/airflow/example_dags/example_kubernetes_executor.py
[2024-05-02T22:47:05.848+0000] {processor.py:840} INFO - DAG(s) 'example_kubernetes_executor' retrieved from /home/airflow/.local/lib/python3.12/site-packages/airflow/example_dags/example_kubernetes_executor.py
[2024-05-02T22:47:05.925+0000] {logging_mixin.py:188} INFO - [2024-05-02T22:47:05.925+0000] {dag.py:3096} INFO - Sync 1 DAGs
[2024-05-02T22:47:05.957+0000] {logging_mixin.py:188} INFO - [2024-05-02T22:47:05.957+0000] {dag.py:3954} INFO - Setting next_dagrun for example_kubernetes_executor to None, run_after=None
[2024-05-02T22:47:06.006+0000] {processor.py:183} INFO - Processing /home/airflow/.local/lib/python3.12/site-packages/airflow/example_dags/example_kubernetes_executor.py took 0.203 seconds
[2024-05-02T22:47:36.876+0000] {processor.py:161} INFO - Started process (PID=1724) to work on /home/airflow/.local/lib/python3.12/site-packages/airflow/example_dags/example_kubernetes_executor.py
[2024-05-02T22:47:36.880+0000] {processor.py:830} INFO - Processing file /home/airflow/.local/lib/python3.12/site-packages/airflow/example_dags/example_kubernetes_executor.py for tasks to queue
[2024-05-02T22:47:36.886+0000] {logging_mixin.py:188} INFO - [2024-05-02T22:47:36.885+0000] {dagbag.py:540} INFO - Filling up the DagBag from /home/airflow/.local/lib/python3.12/site-packages/airflow/example_dags/example_kubernetes_executor.py
[2024-05-02T22:47:36.922+0000] {processor.py:840} INFO - DAG(s) 'example_kubernetes_executor' retrieved from /home/airflow/.local/lib/python3.12/site-packages/airflow/example_dags/example_kubernetes_executor.py
[2024-05-02T22:47:37.039+0000] {logging_mixin.py:188} INFO - [2024-05-02T22:47:37.039+0000] {dag.py:3096} INFO - Sync 1 DAGs
[2024-05-02T22:47:37.102+0000] {logging_mixin.py:188} INFO - [2024-05-02T22:47:37.101+0000] {dag.py:3954} INFO - Setting next_dagrun for example_kubernetes_executor to None, run_after=None
[2024-05-02T22:47:37.161+0000] {processor.py:183} INFO - Processing /home/airflow/.local/lib/python3.12/site-packages/airflow/example_dags/example_kubernetes_executor.py took 0.303 seconds
[2024-05-02T22:48:07.626+0000] {processor.py:161} INFO - Started process (PID=1784) to work on /home/airflow/.local/lib/python3.12/site-packages/airflow/example_dags/example_kubernetes_executor.py
[2024-05-02T22:48:07.629+0000] {processor.py:830} INFO - Processing file /home/airflow/.local/lib/python3.12/site-packages/airflow/example_dags/example_kubernetes_executor.py for tasks to queue
[2024-05-02T22:48:07.633+0000] {logging_mixin.py:188} INFO - [2024-05-02T22:48:07.633+0000] {dagbag.py:540} INFO - Filling up the DagBag from /home/airflow/.local/lib/python3.12/site-packages/airflow/example_dags/example_kubernetes_executor.py
[2024-05-02T22:48:07.698+0000] {processor.py:840} INFO - DAG(s) 'example_kubernetes_executor' retrieved from /home/airflow/.local/lib/python3.12/site-packages/airflow/example_dags/example_kubernetes_executor.py
[2024-05-02T22:48:07.792+0000] {logging_mixin.py:188} INFO - [2024-05-02T22:48:07.792+0000] {dag.py:3096} INFO - Sync 1 DAGs
[2024-05-02T22:48:07.818+0000] {logging_mixin.py:188} INFO - [2024-05-02T22:48:07.818+0000] {dag.py:3954} INFO - Setting next_dagrun for example_kubernetes_executor to None, run_after=None
[2024-05-02T22:48:07.864+0000] {processor.py:183} INFO - Processing /home/airflow/.local/lib/python3.12/site-packages/airflow/example_dags/example_kubernetes_executor.py took 0.257 seconds
[2024-05-02T22:48:38.094+0000] {processor.py:161} INFO - Started process (PID=1843) to work on /home/airflow/.local/lib/python3.12/site-packages/airflow/example_dags/example_kubernetes_executor.py
[2024-05-02T22:48:38.095+0000] {processor.py:830} INFO - Processing file /home/airflow/.local/lib/python3.12/site-packages/airflow/example_dags/example_kubernetes_executor.py for tasks to queue
[2024-05-02T22:48:38.100+0000] {logging_mixin.py:188} INFO - [2024-05-02T22:48:38.099+0000] {dagbag.py:540} INFO - Filling up the DagBag from /home/airflow/.local/lib/python3.12/site-packages/airflow/example_dags/example_kubernetes_executor.py
[2024-05-02T22:48:38.164+0000] {processor.py:840} INFO - DAG(s) 'example_kubernetes_executor' retrieved from /home/airflow/.local/lib/python3.12/site-packages/airflow/example_dags/example_kubernetes_executor.py
[2024-05-02T22:48:38.354+0000] {logging_mixin.py:188} INFO - [2024-05-02T22:48:38.354+0000] {dag.py:3096} INFO - Sync 1 DAGs
[2024-05-02T22:48:38.407+0000] {logging_mixin.py:188} INFO - [2024-05-02T22:48:38.407+0000] {dag.py:3954} INFO - Setting next_dagrun for example_kubernetes_executor to None, run_after=None
[2024-05-02T22:48:38.464+0000] {processor.py:183} INFO - Processing /home/airflow/.local/lib/python3.12/site-packages/airflow/example_dags/example_kubernetes_executor.py took 0.385 seconds
[2024-05-02T22:49:08.819+0000] {processor.py:161} INFO - Started process (PID=1902) to work on /home/airflow/.local/lib/python3.12/site-packages/airflow/example_dags/example_kubernetes_executor.py
[2024-05-02T22:49:08.833+0000] {processor.py:830} INFO - Processing file /home/airflow/.local/lib/python3.12/site-packages/airflow/example_dags/example_kubernetes_executor.py for tasks to queue
[2024-05-02T22:49:08.847+0000] {logging_mixin.py:188} INFO - [2024-05-02T22:49:08.845+0000] {dagbag.py:540} INFO - Filling up the DagBag from /home/airflow/.local/lib/python3.12/site-packages/airflow/example_dags/example_kubernetes_executor.py
[2024-05-02T22:49:08.901+0000] {processor.py:840} INFO - DAG(s) 'example_kubernetes_executor' retrieved from /home/airflow/.local/lib/python3.12/site-packages/airflow/example_dags/example_kubernetes_executor.py
[2024-05-02T22:49:09.070+0000] {logging_mixin.py:188} INFO - [2024-05-02T22:49:09.070+0000] {dag.py:3096} INFO - Sync 1 DAGs
[2024-05-02T22:49:09.116+0000] {logging_mixin.py:188} INFO - [2024-05-02T22:49:09.115+0000] {dag.py:3954} INFO - Setting next_dagrun for example_kubernetes_executor to None, run_after=None
[2024-05-02T22:49:09.181+0000] {processor.py:183} INFO - Processing /home/airflow/.local/lib/python3.12/site-packages/airflow/example_dags/example_kubernetes_executor.py took 0.387 seconds
[2024-05-02T22:49:39.287+0000] {processor.py:161} INFO - Started process (PID=1961) to work on /home/airflow/.local/lib/python3.12/site-packages/airflow/example_dags/example_kubernetes_executor.py
[2024-05-02T22:49:39.289+0000] {processor.py:830} INFO - Processing file /home/airflow/.local/lib/python3.12/site-packages/airflow/example_dags/example_kubernetes_executor.py for tasks to queue
[2024-05-02T22:49:39.292+0000] {logging_mixin.py:188} INFO - [2024-05-02T22:49:39.291+0000] {dagbag.py:540} INFO - Filling up the DagBag from /home/airflow/.local/lib/python3.12/site-packages/airflow/example_dags/example_kubernetes_executor.py
[2024-05-02T22:49:39.313+0000] {processor.py:840} INFO - DAG(s) 'example_kubernetes_executor' retrieved from /home/airflow/.local/lib/python3.12/site-packages/airflow/example_dags/example_kubernetes_executor.py
[2024-05-02T22:49:39.434+0000] {logging_mixin.py:188} INFO - [2024-05-02T22:49:39.433+0000] {dag.py:3096} INFO - Sync 1 DAGs
[2024-05-02T22:49:39.479+0000] {logging_mixin.py:188} INFO - [2024-05-02T22:49:39.479+0000] {dag.py:3954} INFO - Setting next_dagrun for example_kubernetes_executor to None, run_after=None
[2024-05-02T22:49:39.546+0000] {processor.py:183} INFO - Processing /home/airflow/.local/lib/python3.12/site-packages/airflow/example_dags/example_kubernetes_executor.py took 0.268 seconds
[2024-05-02T22:50:09.917+0000] {processor.py:161} INFO - Started process (PID=2020) to work on /home/airflow/.local/lib/python3.12/site-packages/airflow/example_dags/example_kubernetes_executor.py
[2024-05-02T22:50:09.928+0000] {processor.py:830} INFO - Processing file /home/airflow/.local/lib/python3.12/site-packages/airflow/example_dags/example_kubernetes_executor.py for tasks to queue
[2024-05-02T22:50:09.938+0000] {logging_mixin.py:188} INFO - [2024-05-02T22:50:09.937+0000] {dagbag.py:540} INFO - Filling up the DagBag from /home/airflow/.local/lib/python3.12/site-packages/airflow/example_dags/example_kubernetes_executor.py
[2024-05-02T22:50:09.979+0000] {processor.py:840} INFO - DAG(s) 'example_kubernetes_executor' retrieved from /home/airflow/.local/lib/python3.12/site-packages/airflow/example_dags/example_kubernetes_executor.py
[2024-05-02T22:50:10.088+0000] {logging_mixin.py:188} INFO - [2024-05-02T22:50:10.088+0000] {dag.py:3096} INFO - Sync 1 DAGs
[2024-05-02T22:50:10.121+0000] {logging_mixin.py:188} INFO - [2024-05-02T22:50:10.120+0000] {dag.py:3954} INFO - Setting next_dagrun for example_kubernetes_executor to None, run_after=None
[2024-05-02T22:50:10.167+0000] {processor.py:183} INFO - Processing /home/airflow/.local/lib/python3.12/site-packages/airflow/example_dags/example_kubernetes_executor.py took 0.278 seconds
[2024-05-02T22:50:40.366+0000] {processor.py:161} INFO - Started process (PID=2078) to work on /home/airflow/.local/lib/python3.12/site-packages/airflow/example_dags/example_kubernetes_executor.py
[2024-05-02T22:50:40.368+0000] {processor.py:830} INFO - Processing file /home/airflow/.local/lib/python3.12/site-packages/airflow/example_dags/example_kubernetes_executor.py for tasks to queue
[2024-05-02T22:50:40.373+0000] {logging_mixin.py:188} INFO - [2024-05-02T22:50:40.372+0000] {dagbag.py:540} INFO - Filling up the DagBag from /home/airflow/.local/lib/python3.12/site-packages/airflow/example_dags/example_kubernetes_executor.py
[2024-05-02T22:50:40.408+0000] {processor.py:840} INFO - DAG(s) 'example_kubernetes_executor' retrieved from /home/airflow/.local/lib/python3.12/site-packages/airflow/example_dags/example_kubernetes_executor.py
[2024-05-02T22:50:40.533+0000] {logging_mixin.py:188} INFO - [2024-05-02T22:50:40.533+0000] {dag.py:3096} INFO - Sync 1 DAGs
[2024-05-02T22:50:40.569+0000] {logging_mixin.py:188} INFO - [2024-05-02T22:50:40.569+0000] {dag.py:3954} INFO - Setting next_dagrun for example_kubernetes_executor to None, run_after=None
[2024-05-02T22:50:40.637+0000] {processor.py:183} INFO - Processing /home/airflow/.local/lib/python3.12/site-packages/airflow/example_dags/example_kubernetes_executor.py took 0.280 seconds
[2024-05-02T22:51:11.265+0000] {processor.py:161} INFO - Started process (PID=2137) to work on /home/airflow/.local/lib/python3.12/site-packages/airflow/example_dags/example_kubernetes_executor.py
[2024-05-02T22:51:11.267+0000] {processor.py:830} INFO - Processing file /home/airflow/.local/lib/python3.12/site-packages/airflow/example_dags/example_kubernetes_executor.py for tasks to queue
[2024-05-02T22:51:11.271+0000] {logging_mixin.py:188} INFO - [2024-05-02T22:51:11.270+0000] {dagbag.py:540} INFO - Filling up the DagBag from /home/airflow/.local/lib/python3.12/site-packages/airflow/example_dags/example_kubernetes_executor.py
[2024-05-02T22:51:11.319+0000] {processor.py:840} INFO - DAG(s) 'example_kubernetes_executor' retrieved from /home/airflow/.local/lib/python3.12/site-packages/airflow/example_dags/example_kubernetes_executor.py
[2024-05-02T22:51:11.498+0000] {logging_mixin.py:188} INFO - [2024-05-02T22:51:11.497+0000] {dag.py:3096} INFO - Sync 1 DAGs
[2024-05-02T22:51:11.539+0000] {logging_mixin.py:188} INFO - [2024-05-02T22:51:11.539+0000] {dag.py:3954} INFO - Setting next_dagrun for example_kubernetes_executor to None, run_after=None
[2024-05-02T22:51:11.632+0000] {processor.py:183} INFO - Processing /home/airflow/.local/lib/python3.12/site-packages/airflow/example_dags/example_kubernetes_executor.py took 0.385 seconds
[2024-05-02T22:51:41.789+0000] {processor.py:161} INFO - Started process (PID=2196) to work on /home/airflow/.local/lib/python3.12/site-packages/airflow/example_dags/example_kubernetes_executor.py
[2024-05-02T22:51:41.792+0000] {processor.py:830} INFO - Processing file /home/airflow/.local/lib/python3.12/site-packages/airflow/example_dags/example_kubernetes_executor.py for tasks to queue
[2024-05-02T22:51:41.799+0000] {logging_mixin.py:188} INFO - [2024-05-02T22:51:41.798+0000] {dagbag.py:540} INFO - Filling up the DagBag from /home/airflow/.local/lib/python3.12/site-packages/airflow/example_dags/example_kubernetes_executor.py
[2024-05-02T22:51:41.835+0000] {processor.py:840} INFO - DAG(s) 'example_kubernetes_executor' retrieved from /home/airflow/.local/lib/python3.12/site-packages/airflow/example_dags/example_kubernetes_executor.py
[2024-05-02T22:51:41.975+0000] {logging_mixin.py:188} INFO - [2024-05-02T22:51:41.974+0000] {dag.py:3096} INFO - Sync 1 DAGs
[2024-05-02T22:51:42.012+0000] {logging_mixin.py:188} INFO - [2024-05-02T22:51:42.011+0000] {dag.py:3954} INFO - Setting next_dagrun for example_kubernetes_executor to None, run_after=None
[2024-05-02T22:51:42.120+0000] {processor.py:183} INFO - Processing /home/airflow/.local/lib/python3.12/site-packages/airflow/example_dags/example_kubernetes_executor.py took 0.353 seconds
[2024-05-02T22:52:12.935+0000] {processor.py:161} INFO - Started process (PID=2257) to work on /home/airflow/.local/lib/python3.12/site-packages/airflow/example_dags/example_kubernetes_executor.py
[2024-05-02T22:52:12.937+0000] {processor.py:830} INFO - Processing file /home/airflow/.local/lib/python3.12/site-packages/airflow/example_dags/example_kubernetes_executor.py for tasks to queue
[2024-05-02T22:52:12.941+0000] {logging_mixin.py:188} INFO - [2024-05-02T22:52:12.940+0000] {dagbag.py:540} INFO - Filling up the DagBag from /home/airflow/.local/lib/python3.12/site-packages/airflow/example_dags/example_kubernetes_executor.py
[2024-05-02T22:52:12.966+0000] {processor.py:840} INFO - DAG(s) 'example_kubernetes_executor' retrieved from /home/airflow/.local/lib/python3.12/site-packages/airflow/example_dags/example_kubernetes_executor.py
[2024-05-02T22:52:13.066+0000] {logging_mixin.py:188} INFO - [2024-05-02T22:52:13.066+0000] {dag.py:3096} INFO - Sync 1 DAGs
[2024-05-02T22:52:13.099+0000] {logging_mixin.py:188} INFO - [2024-05-02T22:52:13.097+0000] {dag.py:3954} INFO - Setting next_dagrun for example_kubernetes_executor to None, run_after=None
[2024-05-02T22:52:13.152+0000] {processor.py:183} INFO - Processing /home/airflow/.local/lib/python3.12/site-packages/airflow/example_dags/example_kubernetes_executor.py took 0.228 seconds
[2024-05-02T22:52:43.676+0000] {processor.py:161} INFO - Started process (PID=2315) to work on /home/airflow/.local/lib/python3.12/site-packages/airflow/example_dags/example_kubernetes_executor.py
[2024-05-02T22:52:43.687+0000] {processor.py:830} INFO - Processing file /home/airflow/.local/lib/python3.12/site-packages/airflow/example_dags/example_kubernetes_executor.py for tasks to queue
[2024-05-02T22:52:43.693+0000] {logging_mixin.py:188} INFO - [2024-05-02T22:52:43.692+0000] {dagbag.py:540} INFO - Filling up the DagBag from /home/airflow/.local/lib/python3.12/site-packages/airflow/example_dags/example_kubernetes_executor.py
[2024-05-02T22:52:43.788+0000] {processor.py:840} INFO - DAG(s) 'example_kubernetes_executor' retrieved from /home/airflow/.local/lib/python3.12/site-packages/airflow/example_dags/example_kubernetes_executor.py
[2024-05-02T22:52:43.942+0000] {logging_mixin.py:188} INFO - [2024-05-02T22:52:43.941+0000] {dag.py:3096} INFO - Sync 1 DAGs
[2024-05-02T22:52:43.968+0000] {logging_mixin.py:188} INFO - [2024-05-02T22:52:43.967+0000] {dag.py:3954} INFO - Setting next_dagrun for example_kubernetes_executor to None, run_after=None
[2024-05-02T22:52:44.014+0000] {processor.py:183} INFO - Processing /home/airflow/.local/lib/python3.12/site-packages/airflow/example_dags/example_kubernetes_executor.py took 0.387 seconds
[2024-05-02T22:53:14.330+0000] {processor.py:161} INFO - Started process (PID=2373) to work on /home/airflow/.local/lib/python3.12/site-packages/airflow/example_dags/example_kubernetes_executor.py
[2024-05-02T22:53:14.333+0000] {processor.py:830} INFO - Processing file /home/airflow/.local/lib/python3.12/site-packages/airflow/example_dags/example_kubernetes_executor.py for tasks to queue
[2024-05-02T22:53:14.340+0000] {logging_mixin.py:188} INFO - [2024-05-02T22:53:14.339+0000] {dagbag.py:540} INFO - Filling up the DagBag from /home/airflow/.local/lib/python3.12/site-packages/airflow/example_dags/example_kubernetes_executor.py
[2024-05-02T22:53:14.391+0000] {processor.py:840} INFO - DAG(s) 'example_kubernetes_executor' retrieved from /home/airflow/.local/lib/python3.12/site-packages/airflow/example_dags/example_kubernetes_executor.py
[2024-05-02T22:53:14.470+0000] {logging_mixin.py:188} INFO - [2024-05-02T22:53:14.470+0000] {dag.py:3096} INFO - Sync 1 DAGs
[2024-05-02T22:53:14.502+0000] {logging_mixin.py:188} INFO - [2024-05-02T22:53:14.501+0000] {dag.py:3954} INFO - Setting next_dagrun for example_kubernetes_executor to None, run_after=None
[2024-05-02T22:53:14.548+0000] {processor.py:183} INFO - Processing /home/airflow/.local/lib/python3.12/site-packages/airflow/example_dags/example_kubernetes_executor.py took 0.252 seconds
[2024-05-02T22:53:44.876+0000] {processor.py:161} INFO - Started process (PID=2432) to work on /home/airflow/.local/lib/python3.12/site-packages/airflow/example_dags/example_kubernetes_executor.py
[2024-05-02T22:53:44.878+0000] {processor.py:830} INFO - Processing file /home/airflow/.local/lib/python3.12/site-packages/airflow/example_dags/example_kubernetes_executor.py for tasks to queue
[2024-05-02T22:53:44.883+0000] {logging_mixin.py:188} INFO - [2024-05-02T22:53:44.882+0000] {dagbag.py:540} INFO - Filling up the DagBag from /home/airflow/.local/lib/python3.12/site-packages/airflow/example_dags/example_kubernetes_executor.py
[2024-05-02T22:53:44.920+0000] {processor.py:840} INFO - DAG(s) 'example_kubernetes_executor' retrieved from /home/airflow/.local/lib/python3.12/site-packages/airflow/example_dags/example_kubernetes_executor.py
[2024-05-02T22:53:45.024+0000] {logging_mixin.py:188} INFO - [2024-05-02T22:53:45.023+0000] {dag.py:3096} INFO - Sync 1 DAGs
[2024-05-02T22:53:45.064+0000] {logging_mixin.py:188} INFO - [2024-05-02T22:53:45.063+0000] {dag.py:3954} INFO - Setting next_dagrun for example_kubernetes_executor to None, run_after=None
[2024-05-02T22:53:45.118+0000] {processor.py:183} INFO - Processing /home/airflow/.local/lib/python3.12/site-packages/airflow/example_dags/example_kubernetes_executor.py took 0.262 seconds
[2024-05-02T22:54:15.312+0000] {processor.py:161} INFO - Started process (PID=2491) to work on /home/airflow/.local/lib/python3.12/site-packages/airflow/example_dags/example_kubernetes_executor.py
[2024-05-02T22:54:15.314+0000] {processor.py:830} INFO - Processing file /home/airflow/.local/lib/python3.12/site-packages/airflow/example_dags/example_kubernetes_executor.py for tasks to queue
[2024-05-02T22:54:15.319+0000] {logging_mixin.py:188} INFO - [2024-05-02T22:54:15.318+0000] {dagbag.py:540} INFO - Filling up the DagBag from /home/airflow/.local/lib/python3.12/site-packages/airflow/example_dags/example_kubernetes_executor.py
[2024-05-02T22:54:15.373+0000] {processor.py:840} INFO - DAG(s) 'example_kubernetes_executor' retrieved from /home/airflow/.local/lib/python3.12/site-packages/airflow/example_dags/example_kubernetes_executor.py
[2024-05-02T22:54:15.473+0000] {logging_mixin.py:188} INFO - [2024-05-02T22:54:15.472+0000] {dag.py:3096} INFO - Sync 1 DAGs
[2024-05-02T22:54:15.588+0000] {logging_mixin.py:188} INFO - [2024-05-02T22:54:15.588+0000] {dag.py:3954} INFO - Setting next_dagrun for example_kubernetes_executor to None, run_after=None
[2024-05-02T22:54:15.743+0000] {processor.py:183} INFO - Processing /home/airflow/.local/lib/python3.12/site-packages/airflow/example_dags/example_kubernetes_executor.py took 0.454 seconds
[2024-05-02T22:54:46.402+0000] {processor.py:161} INFO - Started process (PID=2550) to work on /home/airflow/.local/lib/python3.12/site-packages/airflow/example_dags/example_kubernetes_executor.py
[2024-05-02T22:54:46.404+0000] {processor.py:830} INFO - Processing file /home/airflow/.local/lib/python3.12/site-packages/airflow/example_dags/example_kubernetes_executor.py for tasks to queue
[2024-05-02T22:54:46.410+0000] {logging_mixin.py:188} INFO - [2024-05-02T22:54:46.409+0000] {dagbag.py:540} INFO - Filling up the DagBag from /home/airflow/.local/lib/python3.12/site-packages/airflow/example_dags/example_kubernetes_executor.py
[2024-05-02T22:54:46.449+0000] {processor.py:840} INFO - DAG(s) 'example_kubernetes_executor' retrieved from /home/airflow/.local/lib/python3.12/site-packages/airflow/example_dags/example_kubernetes_executor.py
[2024-05-02T22:54:46.806+0000] {logging_mixin.py:188} INFO - [2024-05-02T22:54:46.805+0000] {dag.py:3096} INFO - Sync 1 DAGs
[2024-05-02T22:54:46.850+0000] {logging_mixin.py:188} INFO - [2024-05-02T22:54:46.849+0000] {dag.py:3954} INFO - Setting next_dagrun for example_kubernetes_executor to None, run_after=None
[2024-05-02T22:54:46.921+0000] {processor.py:183} INFO - Processing /home/airflow/.local/lib/python3.12/site-packages/airflow/example_dags/example_kubernetes_executor.py took 0.539 seconds
[2024-05-02T22:55:17.347+0000] {processor.py:161} INFO - Started process (PID=2609) to work on /home/airflow/.local/lib/python3.12/site-packages/airflow/example_dags/example_kubernetes_executor.py
[2024-05-02T22:55:17.351+0000] {processor.py:830} INFO - Processing file /home/airflow/.local/lib/python3.12/site-packages/airflow/example_dags/example_kubernetes_executor.py for tasks to queue
[2024-05-02T22:55:17.357+0000] {logging_mixin.py:188} INFO - [2024-05-02T22:55:17.357+0000] {dagbag.py:540} INFO - Filling up the DagBag from /home/airflow/.local/lib/python3.12/site-packages/airflow/example_dags/example_kubernetes_executor.py
[2024-05-02T22:55:17.400+0000] {processor.py:840} INFO - DAG(s) 'example_kubernetes_executor' retrieved from /home/airflow/.local/lib/python3.12/site-packages/airflow/example_dags/example_kubernetes_executor.py
[2024-05-02T22:55:17.512+0000] {logging_mixin.py:188} INFO - [2024-05-02T22:55:17.511+0000] {dag.py:3096} INFO - Sync 1 DAGs
[2024-05-02T22:55:17.560+0000] {logging_mixin.py:188} INFO - [2024-05-02T22:55:17.560+0000] {dag.py:3954} INFO - Setting next_dagrun for example_kubernetes_executor to None, run_after=None
[2024-05-02T22:55:17.626+0000] {processor.py:183} INFO - Processing /home/airflow/.local/lib/python3.12/site-packages/airflow/example_dags/example_kubernetes_executor.py took 0.308 seconds
[2024-05-02T22:55:49.008+0000] {processor.py:161} INFO - Started process (PID=2669) to work on /home/airflow/.local/lib/python3.12/site-packages/airflow/example_dags/example_kubernetes_executor.py
[2024-05-02T22:55:49.016+0000] {processor.py:830} INFO - Processing file /home/airflow/.local/lib/python3.12/site-packages/airflow/example_dags/example_kubernetes_executor.py for tasks to queue
[2024-05-02T22:55:49.021+0000] {logging_mixin.py:188} INFO - [2024-05-02T22:55:49.020+0000] {dagbag.py:540} INFO - Filling up the DagBag from /home/airflow/.local/lib/python3.12/site-packages/airflow/example_dags/example_kubernetes_executor.py
[2024-05-02T22:55:49.069+0000] {processor.py:840} INFO - DAG(s) 'example_kubernetes_executor' retrieved from /home/airflow/.local/lib/python3.12/site-packages/airflow/example_dags/example_kubernetes_executor.py
[2024-05-02T22:55:49.264+0000] {logging_mixin.py:188} INFO - [2024-05-02T22:55:49.263+0000] {dag.py:3096} INFO - Sync 1 DAGs
[2024-05-02T22:55:49.340+0000] {logging_mixin.py:188} INFO - [2024-05-02T22:55:49.339+0000] {dag.py:3954} INFO - Setting next_dagrun for example_kubernetes_executor to None, run_after=None
[2024-05-02T22:55:49.486+0000] {processor.py:183} INFO - Processing /home/airflow/.local/lib/python3.12/site-packages/airflow/example_dags/example_kubernetes_executor.py took 0.503 seconds
[2024-05-02T22:57:10.627+0000] {processor.py:161} INFO - Started process (PID=55) to work on /home/airflow/.local/lib/python3.12/site-packages/airflow/example_dags/example_kubernetes_executor.py
[2024-05-02T22:57:10.629+0000] {processor.py:830} INFO - Processing file /home/airflow/.local/lib/python3.12/site-packages/airflow/example_dags/example_kubernetes_executor.py for tasks to queue
[2024-05-02T22:57:10.633+0000] {logging_mixin.py:188} INFO - [2024-05-02T22:57:10.632+0000] {dagbag.py:540} INFO - Filling up the DagBag from /home/airflow/.local/lib/python3.12/site-packages/airflow/example_dags/example_kubernetes_executor.py
[2024-05-02T22:57:10.659+0000] {processor.py:840} INFO - DAG(s) 'example_kubernetes_executor' retrieved from /home/airflow/.local/lib/python3.12/site-packages/airflow/example_dags/example_kubernetes_executor.py
[2024-05-02T22:57:10.746+0000] {logging_mixin.py:188} INFO - [2024-05-02T22:57:10.746+0000] {dag.py:3096} INFO - Sync 1 DAGs
[2024-05-02T22:57:10.778+0000] {logging_mixin.py:188} INFO - [2024-05-02T22:57:10.777+0000] {dag.py:3954} INFO - Setting next_dagrun for example_kubernetes_executor to None, run_after=None
[2024-05-02T22:57:10.812+0000] {processor.py:183} INFO - Processing /home/airflow/.local/lib/python3.12/site-packages/airflow/example_dags/example_kubernetes_executor.py took 0.193 seconds
[2024-05-02T22:57:56.859+0000] {processor.py:161} INFO - Started process (PID=124) to work on /home/airflow/.local/lib/python3.12/site-packages/airflow/example_dags/example_kubernetes_executor.py
[2024-05-02T22:57:56.861+0000] {processor.py:830} INFO - Processing file /home/airflow/.local/lib/python3.12/site-packages/airflow/example_dags/example_kubernetes_executor.py for tasks to queue
[2024-05-02T22:57:56.879+0000] {logging_mixin.py:188} INFO - [2024-05-02T22:57:56.878+0000] {dagbag.py:540} INFO - Filling up the DagBag from /home/airflow/.local/lib/python3.12/site-packages/airflow/example_dags/example_kubernetes_executor.py
[2024-05-02T22:57:57.191+0000] {processor.py:840} INFO - DAG(s) 'example_kubernetes_executor' retrieved from /home/airflow/.local/lib/python3.12/site-packages/airflow/example_dags/example_kubernetes_executor.py
[2024-05-02T22:57:57.820+0000] {logging_mixin.py:188} INFO - [2024-05-02T22:57:57.820+0000] {dag.py:3096} INFO - Sync 1 DAGs
[2024-05-02T22:57:57.930+0000] {logging_mixin.py:188} INFO - [2024-05-02T22:57:57.929+0000] {dag.py:3954} INFO - Setting next_dagrun for example_kubernetes_executor to None, run_after=None
[2024-05-02T22:57:58.205+0000] {processor.py:183} INFO - Processing /home/airflow/.local/lib/python3.12/site-packages/airflow/example_dags/example_kubernetes_executor.py took 1.365 seconds
[2024-05-02T22:58:28.477+0000] {processor.py:161} INFO - Started process (PID=182) to work on /home/airflow/.local/lib/python3.12/site-packages/airflow/example_dags/example_kubernetes_executor.py
[2024-05-02T22:58:28.479+0000] {processor.py:830} INFO - Processing file /home/airflow/.local/lib/python3.12/site-packages/airflow/example_dags/example_kubernetes_executor.py for tasks to queue
[2024-05-02T22:58:28.484+0000] {logging_mixin.py:188} INFO - [2024-05-02T22:58:28.482+0000] {dagbag.py:540} INFO - Filling up the DagBag from /home/airflow/.local/lib/python3.12/site-packages/airflow/example_dags/example_kubernetes_executor.py
[2024-05-02T22:58:28.538+0000] {processor.py:840} INFO - DAG(s) 'example_kubernetes_executor' retrieved from /home/airflow/.local/lib/python3.12/site-packages/airflow/example_dags/example_kubernetes_executor.py
[2024-05-02T22:58:28.694+0000] {logging_mixin.py:188} INFO - [2024-05-02T22:58:28.693+0000] {dag.py:3096} INFO - Sync 1 DAGs
[2024-05-02T22:58:28.754+0000] {logging_mixin.py:188} INFO - [2024-05-02T22:58:28.753+0000] {dag.py:3954} INFO - Setting next_dagrun for example_kubernetes_executor to None, run_after=None
[2024-05-02T22:58:28.837+0000] {processor.py:183} INFO - Processing /home/airflow/.local/lib/python3.12/site-packages/airflow/example_dags/example_kubernetes_executor.py took 0.384 seconds
[2024-05-02T22:59:05.610+0000] {processor.py:161} INFO - Started process (PID=246) to work on /home/airflow/.local/lib/python3.12/site-packages/airflow/example_dags/example_kubernetes_executor.py
[2024-05-02T22:59:05.623+0000] {processor.py:830} INFO - Processing file /home/airflow/.local/lib/python3.12/site-packages/airflow/example_dags/example_kubernetes_executor.py for tasks to queue
[2024-05-02T22:59:05.629+0000] {logging_mixin.py:188} INFO - [2024-05-02T22:59:05.628+0000] {dagbag.py:540} INFO - Filling up the DagBag from /home/airflow/.local/lib/python3.12/site-packages/airflow/example_dags/example_kubernetes_executor.py
[2024-05-02T22:59:05.698+0000] {processor.py:840} INFO - DAG(s) 'example_kubernetes_executor' retrieved from /home/airflow/.local/lib/python3.12/site-packages/airflow/example_dags/example_kubernetes_executor.py
[2024-05-02T22:59:05.945+0000] {logging_mixin.py:188} INFO - [2024-05-02T22:59:05.944+0000] {dag.py:3096} INFO - Sync 1 DAGs
[2024-05-02T22:59:06.040+0000] {logging_mixin.py:188} INFO - [2024-05-02T22:59:06.039+0000] {dag.py:3954} INFO - Setting next_dagrun for example_kubernetes_executor to None, run_after=None
[2024-05-02T22:59:06.181+0000] {processor.py:183} INFO - Processing /home/airflow/.local/lib/python3.12/site-packages/airflow/example_dags/example_kubernetes_executor.py took 0.592 seconds
[2024-05-02T22:59:36.662+0000] {processor.py:161} INFO - Started process (PID=307) to work on /home/airflow/.local/lib/python3.12/site-packages/airflow/example_dags/example_kubernetes_executor.py
[2024-05-02T22:59:36.671+0000] {processor.py:830} INFO - Processing file /home/airflow/.local/lib/python3.12/site-packages/airflow/example_dags/example_kubernetes_executor.py for tasks to queue
[2024-05-02T22:59:36.694+0000] {logging_mixin.py:188} INFO - [2024-05-02T22:59:36.694+0000] {dagbag.py:540} INFO - Filling up the DagBag from /home/airflow/.local/lib/python3.12/site-packages/airflow/example_dags/example_kubernetes_executor.py
[2024-05-02T22:59:36.807+0000] {processor.py:840} INFO - DAG(s) 'example_kubernetes_executor' retrieved from /home/airflow/.local/lib/python3.12/site-packages/airflow/example_dags/example_kubernetes_executor.py
[2024-05-02T22:59:37.206+0000] {logging_mixin.py:188} INFO - [2024-05-02T22:59:37.205+0000] {dag.py:3096} INFO - Sync 1 DAGs
[2024-05-02T22:59:37.407+0000] {logging_mixin.py:188} INFO - [2024-05-02T22:59:37.406+0000] {dag.py:3954} INFO - Setting next_dagrun for example_kubernetes_executor to None, run_after=None
[2024-05-02T22:59:37.580+0000] {processor.py:183} INFO - Processing /home/airflow/.local/lib/python3.12/site-packages/airflow/example_dags/example_kubernetes_executor.py took 0.968 seconds
[2024-05-02T23:00:09.206+0000] {processor.py:161} INFO - Started process (PID=365) to work on /home/airflow/.local/lib/python3.12/site-packages/airflow/example_dags/example_kubernetes_executor.py
[2024-05-02T23:00:09.227+0000] {processor.py:830} INFO - Processing file /home/airflow/.local/lib/python3.12/site-packages/airflow/example_dags/example_kubernetes_executor.py for tasks to queue
[2024-05-02T23:00:09.270+0000] {logging_mixin.py:188} INFO - [2024-05-02T23:00:09.261+0000] {dagbag.py:540} INFO - Filling up the DagBag from /home/airflow/.local/lib/python3.12/site-packages/airflow/example_dags/example_kubernetes_executor.py
[2024-05-02T23:00:09.323+0000] {processor.py:840} INFO - DAG(s) 'example_kubernetes_executor' retrieved from /home/airflow/.local/lib/python3.12/site-packages/airflow/example_dags/example_kubernetes_executor.py
[2024-05-02T23:00:09.507+0000] {logging_mixin.py:188} INFO - [2024-05-02T23:00:09.507+0000] {dag.py:3096} INFO - Sync 1 DAGs
[2024-05-02T23:00:09.609+0000] {logging_mixin.py:188} INFO - [2024-05-02T23:00:09.608+0000] {dag.py:3954} INFO - Setting next_dagrun for example_kubernetes_executor to None, run_after=None
[2024-05-02T23:00:09.750+0000] {processor.py:183} INFO - Processing /home/airflow/.local/lib/python3.12/site-packages/airflow/example_dags/example_kubernetes_executor.py took 0.577 seconds
[2024-05-02T23:00:40.334+0000] {processor.py:161} INFO - Started process (PID=424) to work on /home/airflow/.local/lib/python3.12/site-packages/airflow/example_dags/example_kubernetes_executor.py
[2024-05-02T23:00:40.337+0000] {processor.py:830} INFO - Processing file /home/airflow/.local/lib/python3.12/site-packages/airflow/example_dags/example_kubernetes_executor.py for tasks to queue
[2024-05-02T23:00:40.341+0000] {logging_mixin.py:188} INFO - [2024-05-02T23:00:40.340+0000] {dagbag.py:540} INFO - Filling up the DagBag from /home/airflow/.local/lib/python3.12/site-packages/airflow/example_dags/example_kubernetes_executor.py
[2024-05-02T23:00:40.371+0000] {processor.py:840} INFO - DAG(s) 'example_kubernetes_executor' retrieved from /home/airflow/.local/lib/python3.12/site-packages/airflow/example_dags/example_kubernetes_executor.py
[2024-05-02T23:00:40.450+0000] {logging_mixin.py:188} INFO - [2024-05-02T23:00:40.449+0000] {dag.py:3096} INFO - Sync 1 DAGs
[2024-05-02T23:00:40.477+0000] {logging_mixin.py:188} INFO - [2024-05-02T23:00:40.477+0000] {dag.py:3954} INFO - Setting next_dagrun for example_kubernetes_executor to None, run_after=None
[2024-05-02T23:00:40.515+0000] {processor.py:183} INFO - Processing /home/airflow/.local/lib/python3.12/site-packages/airflow/example_dags/example_kubernetes_executor.py took 0.202 seconds
[2024-05-02T23:01:11.482+0000] {processor.py:161} INFO - Started process (PID=484) to work on /home/airflow/.local/lib/python3.12/site-packages/airflow/example_dags/example_kubernetes_executor.py
[2024-05-02T23:01:11.493+0000] {processor.py:830} INFO - Processing file /home/airflow/.local/lib/python3.12/site-packages/airflow/example_dags/example_kubernetes_executor.py for tasks to queue
[2024-05-02T23:01:11.509+0000] {logging_mixin.py:188} INFO - [2024-05-02T23:01:11.508+0000] {dagbag.py:540} INFO - Filling up the DagBag from /home/airflow/.local/lib/python3.12/site-packages/airflow/example_dags/example_kubernetes_executor.py
[2024-05-02T23:01:11.560+0000] {processor.py:840} INFO - DAG(s) 'example_kubernetes_executor' retrieved from /home/airflow/.local/lib/python3.12/site-packages/airflow/example_dags/example_kubernetes_executor.py
[2024-05-02T23:01:11.661+0000] {logging_mixin.py:188} INFO - [2024-05-02T23:01:11.660+0000] {dag.py:3096} INFO - Sync 1 DAGs
[2024-05-02T23:01:11.703+0000] {logging_mixin.py:188} INFO - [2024-05-02T23:01:11.702+0000] {dag.py:3954} INFO - Setting next_dagrun for example_kubernetes_executor to None, run_after=None
[2024-05-02T23:01:11.760+0000] {processor.py:183} INFO - Processing /home/airflow/.local/lib/python3.12/site-packages/airflow/example_dags/example_kubernetes_executor.py took 0.304 seconds
[2024-05-02T23:01:42.082+0000] {processor.py:161} INFO - Started process (PID=543) to work on /home/airflow/.local/lib/python3.12/site-packages/airflow/example_dags/example_kubernetes_executor.py
[2024-05-02T23:01:42.084+0000] {processor.py:830} INFO - Processing file /home/airflow/.local/lib/python3.12/site-packages/airflow/example_dags/example_kubernetes_executor.py for tasks to queue
[2024-05-02T23:01:42.089+0000] {logging_mixin.py:188} INFO - [2024-05-02T23:01:42.088+0000] {dagbag.py:540} INFO - Filling up the DagBag from /home/airflow/.local/lib/python3.12/site-packages/airflow/example_dags/example_kubernetes_executor.py
[2024-05-02T23:01:42.133+0000] {processor.py:840} INFO - DAG(s) 'example_kubernetes_executor' retrieved from /home/airflow/.local/lib/python3.12/site-packages/airflow/example_dags/example_kubernetes_executor.py
[2024-05-02T23:01:42.225+0000] {logging_mixin.py:188} INFO - [2024-05-02T23:01:42.224+0000] {dag.py:3096} INFO - Sync 1 DAGs
[2024-05-02T23:01:42.254+0000] {logging_mixin.py:188} INFO - [2024-05-02T23:01:42.254+0000] {dag.py:3954} INFO - Setting next_dagrun for example_kubernetes_executor to None, run_after=None
[2024-05-02T23:01:42.296+0000] {processor.py:183} INFO - Processing /home/airflow/.local/lib/python3.12/site-packages/airflow/example_dags/example_kubernetes_executor.py took 0.228 seconds
[2024-05-02T23:02:13.050+0000] {processor.py:161} INFO - Started process (PID=603) to work on /home/airflow/.local/lib/python3.12/site-packages/airflow/example_dags/example_kubernetes_executor.py
[2024-05-02T23:02:13.057+0000] {processor.py:830} INFO - Processing file /home/airflow/.local/lib/python3.12/site-packages/airflow/example_dags/example_kubernetes_executor.py for tasks to queue
[2024-05-02T23:02:13.066+0000] {logging_mixin.py:188} INFO - [2024-05-02T23:02:13.065+0000] {dagbag.py:540} INFO - Filling up the DagBag from /home/airflow/.local/lib/python3.12/site-packages/airflow/example_dags/example_kubernetes_executor.py
[2024-05-02T23:02:13.126+0000] {processor.py:840} INFO - DAG(s) 'example_kubernetes_executor' retrieved from /home/airflow/.local/lib/python3.12/site-packages/airflow/example_dags/example_kubernetes_executor.py
[2024-05-02T23:02:13.299+0000] {logging_mixin.py:188} INFO - [2024-05-02T23:02:13.291+0000] {dag.py:3096} INFO - Sync 1 DAGs
[2024-05-02T23:02:13.370+0000] {logging_mixin.py:188} INFO - [2024-05-02T23:02:13.370+0000] {dag.py:3954} INFO - Setting next_dagrun for example_kubernetes_executor to None, run_after=None
[2024-05-02T23:02:13.438+0000] {processor.py:183} INFO - Processing /home/airflow/.local/lib/python3.12/site-packages/airflow/example_dags/example_kubernetes_executor.py took 0.429 seconds
[2024-05-02T23:02:43.973+0000] {processor.py:161} INFO - Started process (PID=662) to work on /home/airflow/.local/lib/python3.12/site-packages/airflow/example_dags/example_kubernetes_executor.py
[2024-05-02T23:02:43.976+0000] {processor.py:830} INFO - Processing file /home/airflow/.local/lib/python3.12/site-packages/airflow/example_dags/example_kubernetes_executor.py for tasks to queue
[2024-05-02T23:02:43.980+0000] {logging_mixin.py:188} INFO - [2024-05-02T23:02:43.979+0000] {dagbag.py:540} INFO - Filling up the DagBag from /home/airflow/.local/lib/python3.12/site-packages/airflow/example_dags/example_kubernetes_executor.py
[2024-05-02T23:02:44.018+0000] {processor.py:840} INFO - DAG(s) 'example_kubernetes_executor' retrieved from /home/airflow/.local/lib/python3.12/site-packages/airflow/example_dags/example_kubernetes_executor.py
[2024-05-02T23:02:44.125+0000] {logging_mixin.py:188} INFO - [2024-05-02T23:02:44.124+0000] {dag.py:3096} INFO - Sync 1 DAGs
[2024-05-02T23:02:44.173+0000] {logging_mixin.py:188} INFO - [2024-05-02T23:02:44.172+0000] {dag.py:3954} INFO - Setting next_dagrun for example_kubernetes_executor to None, run_after=None
[2024-05-02T23:02:44.262+0000] {processor.py:183} INFO - Processing /home/airflow/.local/lib/python3.12/site-packages/airflow/example_dags/example_kubernetes_executor.py took 0.302 seconds
[2024-05-02T23:03:15.031+0000] {processor.py:161} INFO - Started process (PID=721) to work on /home/airflow/.local/lib/python3.12/site-packages/airflow/example_dags/example_kubernetes_executor.py
[2024-05-02T23:03:15.033+0000] {processor.py:830} INFO - Processing file /home/airflow/.local/lib/python3.12/site-packages/airflow/example_dags/example_kubernetes_executor.py for tasks to queue
[2024-05-02T23:03:15.038+0000] {logging_mixin.py:188} INFO - [2024-05-02T23:03:15.037+0000] {dagbag.py:540} INFO - Filling up the DagBag from /home/airflow/.local/lib/python3.12/site-packages/airflow/example_dags/example_kubernetes_executor.py
[2024-05-02T23:03:15.089+0000] {processor.py:840} INFO - DAG(s) 'example_kubernetes_executor' retrieved from /home/airflow/.local/lib/python3.12/site-packages/airflow/example_dags/example_kubernetes_executor.py
[2024-05-02T23:03:15.233+0000] {logging_mixin.py:188} INFO - [2024-05-02T23:03:15.232+0000] {dag.py:3096} INFO - Sync 1 DAGs
[2024-05-02T23:03:15.278+0000] {logging_mixin.py:188} INFO - [2024-05-02T23:03:15.277+0000] {dag.py:3954} INFO - Setting next_dagrun for example_kubernetes_executor to None, run_after=None
[2024-05-02T23:03:15.349+0000] {processor.py:183} INFO - Processing /home/airflow/.local/lib/python3.12/site-packages/airflow/example_dags/example_kubernetes_executor.py took 0.331 seconds
[2024-05-02T23:03:45.470+0000] {processor.py:161} INFO - Started process (PID=779) to work on /home/airflow/.local/lib/python3.12/site-packages/airflow/example_dags/example_kubernetes_executor.py
[2024-05-02T23:03:45.473+0000] {processor.py:830} INFO - Processing file /home/airflow/.local/lib/python3.12/site-packages/airflow/example_dags/example_kubernetes_executor.py for tasks to queue
[2024-05-02T23:03:45.480+0000] {logging_mixin.py:188} INFO - [2024-05-02T23:03:45.479+0000] {dagbag.py:540} INFO - Filling up the DagBag from /home/airflow/.local/lib/python3.12/site-packages/airflow/example_dags/example_kubernetes_executor.py
[2024-05-02T23:03:45.529+0000] {processor.py:840} INFO - DAG(s) 'example_kubernetes_executor' retrieved from /home/airflow/.local/lib/python3.12/site-packages/airflow/example_dags/example_kubernetes_executor.py
[2024-05-02T23:03:46.041+0000] {logging_mixin.py:188} INFO - [2024-05-02T23:03:46.040+0000] {dag.py:3096} INFO - Sync 1 DAGs
[2024-05-02T23:03:46.094+0000] {logging_mixin.py:188} INFO - [2024-05-02T23:03:46.093+0000] {dag.py:3954} INFO - Setting next_dagrun for example_kubernetes_executor to None, run_after=None
[2024-05-02T23:03:46.168+0000] {processor.py:183} INFO - Processing /home/airflow/.local/lib/python3.12/site-packages/airflow/example_dags/example_kubernetes_executor.py took 0.720 seconds
[2024-05-02T23:04:16.307+0000] {processor.py:161} INFO - Started process (PID=838) to work on /home/airflow/.local/lib/python3.12/site-packages/airflow/example_dags/example_kubernetes_executor.py
[2024-05-02T23:04:16.309+0000] {processor.py:830} INFO - Processing file /home/airflow/.local/lib/python3.12/site-packages/airflow/example_dags/example_kubernetes_executor.py for tasks to queue
[2024-05-02T23:04:16.313+0000] {logging_mixin.py:188} INFO - [2024-05-02T23:04:16.312+0000] {dagbag.py:540} INFO - Filling up the DagBag from /home/airflow/.local/lib/python3.12/site-packages/airflow/example_dags/example_kubernetes_executor.py
[2024-05-02T23:04:16.334+0000] {processor.py:840} INFO - DAG(s) 'example_kubernetes_executor' retrieved from /home/airflow/.local/lib/python3.12/site-packages/airflow/example_dags/example_kubernetes_executor.py
[2024-05-02T23:04:16.396+0000] {logging_mixin.py:188} INFO - [2024-05-02T23:04:16.396+0000] {dag.py:3096} INFO - Sync 1 DAGs
[2024-05-02T23:04:16.626+0000] {logging_mixin.py:188} INFO - [2024-05-02T23:04:16.626+0000] {dag.py:3954} INFO - Setting next_dagrun for example_kubernetes_executor to None, run_after=None
[2024-05-02T23:04:16.661+0000] {processor.py:183} INFO - Processing /home/airflow/.local/lib/python3.12/site-packages/airflow/example_dags/example_kubernetes_executor.py took 0.369 seconds
[2024-05-02T23:04:46.878+0000] {processor.py:161} INFO - Started process (PID=897) to work on /home/airflow/.local/lib/python3.12/site-packages/airflow/example_dags/example_kubernetes_executor.py
[2024-05-02T23:04:46.880+0000] {processor.py:830} INFO - Processing file /home/airflow/.local/lib/python3.12/site-packages/airflow/example_dags/example_kubernetes_executor.py for tasks to queue
[2024-05-02T23:04:46.884+0000] {logging_mixin.py:188} INFO - [2024-05-02T23:04:46.883+0000] {dagbag.py:540} INFO - Filling up the DagBag from /home/airflow/.local/lib/python3.12/site-packages/airflow/example_dags/example_kubernetes_executor.py
[2024-05-02T23:04:46.928+0000] {processor.py:840} INFO - DAG(s) 'example_kubernetes_executor' retrieved from /home/airflow/.local/lib/python3.12/site-packages/airflow/example_dags/example_kubernetes_executor.py
[2024-05-02T23:04:47.327+0000] {logging_mixin.py:188} INFO - [2024-05-02T23:04:47.326+0000] {dag.py:3096} INFO - Sync 1 DAGs
[2024-05-02T23:04:47.378+0000] {logging_mixin.py:188} INFO - [2024-05-02T23:04:47.378+0000] {dag.py:3954} INFO - Setting next_dagrun for example_kubernetes_executor to None, run_after=None
[2024-05-02T23:04:47.491+0000] {processor.py:183} INFO - Processing /home/airflow/.local/lib/python3.12/site-packages/airflow/example_dags/example_kubernetes_executor.py took 0.626 seconds
[2024-05-02T23:05:17.650+0000] {processor.py:161} INFO - Started process (PID=956) to work on /home/airflow/.local/lib/python3.12/site-packages/airflow/example_dags/example_kubernetes_executor.py
[2024-05-02T23:05:17.652+0000] {processor.py:830} INFO - Processing file /home/airflow/.local/lib/python3.12/site-packages/airflow/example_dags/example_kubernetes_executor.py for tasks to queue
[2024-05-02T23:05:17.657+0000] {logging_mixin.py:188} INFO - [2024-05-02T23:05:17.657+0000] {dagbag.py:540} INFO - Filling up the DagBag from /home/airflow/.local/lib/python3.12/site-packages/airflow/example_dags/example_kubernetes_executor.py
[2024-05-02T23:05:17.702+0000] {processor.py:840} INFO - DAG(s) 'example_kubernetes_executor' retrieved from /home/airflow/.local/lib/python3.12/site-packages/airflow/example_dags/example_kubernetes_executor.py
[2024-05-02T23:05:17.784+0000] {logging_mixin.py:188} INFO - [2024-05-02T23:05:17.783+0000] {dag.py:3096} INFO - Sync 1 DAGs
[2024-05-02T23:05:17.808+0000] {logging_mixin.py:188} INFO - [2024-05-02T23:05:17.808+0000] {dag.py:3954} INFO - Setting next_dagrun for example_kubernetes_executor to None, run_after=None
[2024-05-02T23:05:17.842+0000] {processor.py:183} INFO - Processing /home/airflow/.local/lib/python3.12/site-packages/airflow/example_dags/example_kubernetes_executor.py took 0.207 seconds
[2024-05-02T23:05:48.845+0000] {processor.py:161} INFO - Started process (PID=1014) to work on /home/airflow/.local/lib/python3.12/site-packages/airflow/example_dags/example_kubernetes_executor.py
[2024-05-02T23:05:48.846+0000] {processor.py:830} INFO - Processing file /home/airflow/.local/lib/python3.12/site-packages/airflow/example_dags/example_kubernetes_executor.py for tasks to queue
[2024-05-02T23:05:48.853+0000] {logging_mixin.py:188} INFO - [2024-05-02T23:05:48.851+0000] {dagbag.py:540} INFO - Filling up the DagBag from /home/airflow/.local/lib/python3.12/site-packages/airflow/example_dags/example_kubernetes_executor.py
[2024-05-02T23:05:48.895+0000] {processor.py:840} INFO - DAG(s) 'example_kubernetes_executor' retrieved from /home/airflow/.local/lib/python3.12/site-packages/airflow/example_dags/example_kubernetes_executor.py
[2024-05-02T23:05:49.423+0000] {logging_mixin.py:188} INFO - [2024-05-02T23:05:49.422+0000] {dag.py:3096} INFO - Sync 1 DAGs
[2024-05-02T23:05:49.462+0000] {logging_mixin.py:188} INFO - [2024-05-02T23:05:49.460+0000] {dag.py:3954} INFO - Setting next_dagrun for example_kubernetes_executor to None, run_after=None
[2024-05-02T23:05:49.537+0000] {processor.py:183} INFO - Processing /home/airflow/.local/lib/python3.12/site-packages/airflow/example_dags/example_kubernetes_executor.py took 0.708 seconds
[2024-05-02T23:06:20.384+0000] {processor.py:161} INFO - Started process (PID=1073) to work on /home/airflow/.local/lib/python3.12/site-packages/airflow/example_dags/example_kubernetes_executor.py
[2024-05-02T23:06:20.386+0000] {processor.py:830} INFO - Processing file /home/airflow/.local/lib/python3.12/site-packages/airflow/example_dags/example_kubernetes_executor.py for tasks to queue
[2024-05-02T23:06:20.389+0000] {logging_mixin.py:188} INFO - [2024-05-02T23:06:20.389+0000] {dagbag.py:540} INFO - Filling up the DagBag from /home/airflow/.local/lib/python3.12/site-packages/airflow/example_dags/example_kubernetes_executor.py
[2024-05-02T23:06:20.422+0000] {processor.py:840} INFO - DAG(s) 'example_kubernetes_executor' retrieved from /home/airflow/.local/lib/python3.12/site-packages/airflow/example_dags/example_kubernetes_executor.py
[2024-05-02T23:06:20.528+0000] {logging_mixin.py:188} INFO - [2024-05-02T23:06:20.527+0000] {dag.py:3096} INFO - Sync 1 DAGs
[2024-05-02T23:06:20.579+0000] {logging_mixin.py:188} INFO - [2024-05-02T23:06:20.576+0000] {dag.py:3954} INFO - Setting next_dagrun for example_kubernetes_executor to None, run_after=None
[2024-05-02T23:06:20.658+0000] {processor.py:183} INFO - Processing /home/airflow/.local/lib/python3.12/site-packages/airflow/example_dags/example_kubernetes_executor.py took 0.287 seconds
[2024-05-02T23:06:51.015+0000] {processor.py:161} INFO - Started process (PID=1132) to work on /home/airflow/.local/lib/python3.12/site-packages/airflow/example_dags/example_kubernetes_executor.py
[2024-05-02T23:06:51.017+0000] {processor.py:830} INFO - Processing file /home/airflow/.local/lib/python3.12/site-packages/airflow/example_dags/example_kubernetes_executor.py for tasks to queue
[2024-05-02T23:06:51.022+0000] {logging_mixin.py:188} INFO - [2024-05-02T23:06:51.021+0000] {dagbag.py:540} INFO - Filling up the DagBag from /home/airflow/.local/lib/python3.12/site-packages/airflow/example_dags/example_kubernetes_executor.py
[2024-05-02T23:06:51.059+0000] {processor.py:840} INFO - DAG(s) 'example_kubernetes_executor' retrieved from /home/airflow/.local/lib/python3.12/site-packages/airflow/example_dags/example_kubernetes_executor.py
[2024-05-02T23:06:51.328+0000] {logging_mixin.py:188} INFO - [2024-05-02T23:06:51.327+0000] {dag.py:3096} INFO - Sync 1 DAGs
[2024-05-02T23:06:51.430+0000] {logging_mixin.py:188} INFO - [2024-05-02T23:06:51.423+0000] {dag.py:3954} INFO - Setting next_dagrun for example_kubernetes_executor to None, run_after=None
[2024-05-02T23:06:51.567+0000] {processor.py:183} INFO - Processing /home/airflow/.local/lib/python3.12/site-packages/airflow/example_dags/example_kubernetes_executor.py took 0.571 seconds
