[2024-05-02T22:21:00.156+0000] {processor.py:161} INFO - Started process (PID=82) to work on /home/airflow/.local/lib/python3.12/site-packages/airflow/example_dags/example_complex.py
[2024-05-02T22:21:00.157+0000] {processor.py:830} INFO - Processing file /home/airflow/.local/lib/python3.12/site-packages/airflow/example_dags/example_complex.py for tasks to queue
[2024-05-02T22:21:00.161+0000] {logging_mixin.py:188} INFO - [2024-05-02T22:21:00.160+0000] {dagbag.py:540} INFO - Filling up the DagBag from /home/airflow/.local/lib/python3.12/site-packages/airflow/example_dags/example_complex.py
[2024-05-02T22:21:00.187+0000] {processor.py:840} INFO - DAG(s) 'example_complex' retrieved from /home/airflow/.local/lib/python3.12/site-packages/airflow/example_dags/example_complex.py
[2024-05-02T22:21:00.486+0000] {logging_mixin.py:188} INFO - [2024-05-02T22:21:00.486+0000] {dag.py:3096} INFO - Sync 1 DAGs
[2024-05-02T22:21:00.516+0000] {logging_mixin.py:188} INFO - [2024-05-02T22:21:00.516+0000] {dag.py:3954} INFO - Setting next_dagrun for example_complex to None, run_after=None
[2024-05-02T22:21:00.560+0000] {processor.py:183} INFO - Processing /home/airflow/.local/lib/python3.12/site-packages/airflow/example_dags/example_complex.py took 0.415 seconds
[2024-05-02T22:21:50.549+0000] {processor.py:161} INFO - Started process (PID=150) to work on /home/airflow/.local/lib/python3.12/site-packages/airflow/example_dags/example_complex.py
[2024-05-02T22:21:50.557+0000] {processor.py:830} INFO - Processing file /home/airflow/.local/lib/python3.12/site-packages/airflow/example_dags/example_complex.py for tasks to queue
[2024-05-02T22:21:50.565+0000] {logging_mixin.py:188} INFO - [2024-05-02T22:21:50.563+0000] {dagbag.py:540} INFO - Filling up the DagBag from /home/airflow/.local/lib/python3.12/site-packages/airflow/example_dags/example_complex.py
[2024-05-02T22:21:50.659+0000] {processor.py:840} INFO - DAG(s) 'example_complex' retrieved from /home/airflow/.local/lib/python3.12/site-packages/airflow/example_dags/example_complex.py
[2024-05-02T22:21:50.913+0000] {logging_mixin.py:188} INFO - [2024-05-02T22:21:50.912+0000] {dag.py:3096} INFO - Sync 1 DAGs
[2024-05-02T22:21:50.987+0000] {logging_mixin.py:188} INFO - [2024-05-02T22:21:50.982+0000] {dag.py:3954} INFO - Setting next_dagrun for example_complex to None, run_after=None
[2024-05-02T22:21:51.159+0000] {processor.py:183} INFO - Processing /home/airflow/.local/lib/python3.12/site-packages/airflow/example_dags/example_complex.py took 0.628 seconds
[2024-05-02T22:23:06.977+0000] {processor.py:161} INFO - Started process (PID=221) to work on /home/airflow/.local/lib/python3.12/site-packages/airflow/example_dags/example_complex.py
[2024-05-02T22:23:07.072+0000] {processor.py:830} INFO - Processing file /home/airflow/.local/lib/python3.12/site-packages/airflow/example_dags/example_complex.py for tasks to queue
[2024-05-02T22:23:07.082+0000] {logging_mixin.py:188} INFO - [2024-05-02T22:23:07.081+0000] {dagbag.py:540} INFO - Filling up the DagBag from /home/airflow/.local/lib/python3.12/site-packages/airflow/example_dags/example_complex.py
[2024-05-02T22:23:07.194+0000] {processor.py:840} INFO - DAG(s) 'example_complex' retrieved from /home/airflow/.local/lib/python3.12/site-packages/airflow/example_dags/example_complex.py
[2024-05-02T22:23:07.421+0000] {logging_mixin.py:188} INFO - [2024-05-02T22:23:07.420+0000] {dag.py:3096} INFO - Sync 1 DAGs
[2024-05-02T22:23:07.509+0000] {logging_mixin.py:188} INFO - [2024-05-02T22:23:07.508+0000] {dag.py:3954} INFO - Setting next_dagrun for example_complex to None, run_after=None
[2024-05-02T22:23:07.628+0000] {processor.py:183} INFO - Processing /home/airflow/.local/lib/python3.12/site-packages/airflow/example_dags/example_complex.py took 0.688 seconds
[2024-05-02T22:32:45.091+0000] {processor.py:161} INFO - Started process (PID=82) to work on /home/airflow/.local/lib/python3.12/site-packages/airflow/example_dags/example_complex.py
[2024-05-02T22:32:45.094+0000] {processor.py:830} INFO - Processing file /home/airflow/.local/lib/python3.12/site-packages/airflow/example_dags/example_complex.py for tasks to queue
[2024-05-02T22:32:45.108+0000] {logging_mixin.py:188} INFO - [2024-05-02T22:32:45.107+0000] {dagbag.py:540} INFO - Filling up the DagBag from /home/airflow/.local/lib/python3.12/site-packages/airflow/example_dags/example_complex.py
[2024-05-02T22:32:45.196+0000] {processor.py:840} INFO - DAG(s) 'example_complex' retrieved from /home/airflow/.local/lib/python3.12/site-packages/airflow/example_dags/example_complex.py
[2024-05-02T22:32:45.766+0000] {logging_mixin.py:188} INFO - [2024-05-02T22:32:45.765+0000] {dag.py:3096} INFO - Sync 1 DAGs
[2024-05-02T22:32:45.818+0000] {logging_mixin.py:188} INFO - [2024-05-02T22:32:45.817+0000] {dag.py:3954} INFO - Setting next_dagrun for example_complex to None, run_after=None
[2024-05-02T22:32:45.890+0000] {processor.py:183} INFO - Processing /home/airflow/.local/lib/python3.12/site-packages/airflow/example_dags/example_complex.py took 0.833 seconds
[2024-05-02T22:33:17.688+0000] {processor.py:161} INFO - Started process (PID=141) to work on /home/airflow/.local/lib/python3.12/site-packages/airflow/example_dags/example_complex.py
[2024-05-02T22:33:17.698+0000] {processor.py:830} INFO - Processing file /home/airflow/.local/lib/python3.12/site-packages/airflow/example_dags/example_complex.py for tasks to queue
[2024-05-02T22:33:17.713+0000] {logging_mixin.py:188} INFO - [2024-05-02T22:33:17.707+0000] {dagbag.py:540} INFO - Filling up the DagBag from /home/airflow/.local/lib/python3.12/site-packages/airflow/example_dags/example_complex.py
[2024-05-02T22:33:17.763+0000] {processor.py:840} INFO - DAG(s) 'example_complex' retrieved from /home/airflow/.local/lib/python3.12/site-packages/airflow/example_dags/example_complex.py
[2024-05-02T22:33:18.026+0000] {logging_mixin.py:188} INFO - [2024-05-02T22:33:18.025+0000] {dag.py:3096} INFO - Sync 1 DAGs
[2024-05-02T22:33:18.083+0000] {logging_mixin.py:188} INFO - [2024-05-02T22:33:18.083+0000] {dag.py:3954} INFO - Setting next_dagrun for example_complex to None, run_after=None
[2024-05-02T22:33:18.202+0000] {processor.py:183} INFO - Processing /home/airflow/.local/lib/python3.12/site-packages/airflow/example_dags/example_complex.py took 0.547 seconds
[2024-05-02T22:33:52.034+0000] {processor.py:161} INFO - Started process (PID=200) to work on /home/airflow/.local/lib/python3.12/site-packages/airflow/example_dags/example_complex.py
[2024-05-02T22:33:52.035+0000] {processor.py:830} INFO - Processing file /home/airflow/.local/lib/python3.12/site-packages/airflow/example_dags/example_complex.py for tasks to queue
[2024-05-02T22:33:52.040+0000] {logging_mixin.py:188} INFO - [2024-05-02T22:33:52.039+0000] {dagbag.py:540} INFO - Filling up the DagBag from /home/airflow/.local/lib/python3.12/site-packages/airflow/example_dags/example_complex.py
[2024-05-02T22:33:52.139+0000] {processor.py:840} INFO - DAG(s) 'example_complex' retrieved from /home/airflow/.local/lib/python3.12/site-packages/airflow/example_dags/example_complex.py
[2024-05-02T22:33:52.506+0000] {logging_mixin.py:188} INFO - [2024-05-02T22:33:52.506+0000] {dag.py:3096} INFO - Sync 1 DAGs
[2024-05-02T22:33:52.886+0000] {logging_mixin.py:188} INFO - [2024-05-02T22:33:52.886+0000] {dag.py:3954} INFO - Setting next_dagrun for example_complex to None, run_after=None
[2024-05-02T22:33:53.303+0000] {processor.py:183} INFO - Processing /home/airflow/.local/lib/python3.12/site-packages/airflow/example_dags/example_complex.py took 1.304 seconds
[2024-05-02T22:34:23.810+0000] {processor.py:161} INFO - Started process (PID=259) to work on /home/airflow/.local/lib/python3.12/site-packages/airflow/example_dags/example_complex.py
[2024-05-02T22:34:23.812+0000] {processor.py:830} INFO - Processing file /home/airflow/.local/lib/python3.12/site-packages/airflow/example_dags/example_complex.py for tasks to queue
[2024-05-02T22:34:23.820+0000] {logging_mixin.py:188} INFO - [2024-05-02T22:34:23.818+0000] {dagbag.py:540} INFO - Filling up the DagBag from /home/airflow/.local/lib/python3.12/site-packages/airflow/example_dags/example_complex.py
[2024-05-02T22:34:23.859+0000] {processor.py:840} INFO - DAG(s) 'example_complex' retrieved from /home/airflow/.local/lib/python3.12/site-packages/airflow/example_dags/example_complex.py
[2024-05-02T22:34:23.962+0000] {logging_mixin.py:188} INFO - [2024-05-02T22:34:23.962+0000] {dag.py:3096} INFO - Sync 1 DAGs
[2024-05-02T22:34:24.020+0000] {logging_mixin.py:188} INFO - [2024-05-02T22:34:24.019+0000] {dag.py:3954} INFO - Setting next_dagrun for example_complex to None, run_after=None
[2024-05-02T22:34:24.099+0000] {processor.py:183} INFO - Processing /home/airflow/.local/lib/python3.12/site-packages/airflow/example_dags/example_complex.py took 0.305 seconds
[2024-05-02T22:34:55.009+0000] {processor.py:161} INFO - Started process (PID=319) to work on /home/airflow/.local/lib/python3.12/site-packages/airflow/example_dags/example_complex.py
[2024-05-02T22:34:55.031+0000] {processor.py:830} INFO - Processing file /home/airflow/.local/lib/python3.12/site-packages/airflow/example_dags/example_complex.py for tasks to queue
[2024-05-02T22:34:55.036+0000] {logging_mixin.py:188} INFO - [2024-05-02T22:34:55.035+0000] {dagbag.py:540} INFO - Filling up the DagBag from /home/airflow/.local/lib/python3.12/site-packages/airflow/example_dags/example_complex.py
[2024-05-02T22:34:55.138+0000] {processor.py:840} INFO - DAG(s) 'example_complex' retrieved from /home/airflow/.local/lib/python3.12/site-packages/airflow/example_dags/example_complex.py
[2024-05-02T22:34:55.233+0000] {logging_mixin.py:188} INFO - [2024-05-02T22:34:55.232+0000] {dag.py:3096} INFO - Sync 1 DAGs
[2024-05-02T22:34:55.456+0000] {logging_mixin.py:188} INFO - [2024-05-02T22:34:55.454+0000] {dag.py:3954} INFO - Setting next_dagrun for example_complex to None, run_after=None
[2024-05-02T22:34:55.619+0000] {processor.py:183} INFO - Processing /home/airflow/.local/lib/python3.12/site-packages/airflow/example_dags/example_complex.py took 0.639 seconds
[2024-05-02T22:35:26.171+0000] {processor.py:161} INFO - Started process (PID=377) to work on /home/airflow/.local/lib/python3.12/site-packages/airflow/example_dags/example_complex.py
[2024-05-02T22:35:26.174+0000] {processor.py:830} INFO - Processing file /home/airflow/.local/lib/python3.12/site-packages/airflow/example_dags/example_complex.py for tasks to queue
[2024-05-02T22:35:26.179+0000] {logging_mixin.py:188} INFO - [2024-05-02T22:35:26.178+0000] {dagbag.py:540} INFO - Filling up the DagBag from /home/airflow/.local/lib/python3.12/site-packages/airflow/example_dags/example_complex.py
[2024-05-02T22:35:26.209+0000] {processor.py:840} INFO - DAG(s) 'example_complex' retrieved from /home/airflow/.local/lib/python3.12/site-packages/airflow/example_dags/example_complex.py
[2024-05-02T22:35:26.561+0000] {logging_mixin.py:188} INFO - [2024-05-02T22:35:26.560+0000] {dag.py:3096} INFO - Sync 1 DAGs
[2024-05-02T22:35:26.591+0000] {logging_mixin.py:188} INFO - [2024-05-02T22:35:26.590+0000] {dag.py:3954} INFO - Setting next_dagrun for example_complex to None, run_after=None
[2024-05-02T22:35:26.647+0000] {processor.py:183} INFO - Processing /home/airflow/.local/lib/python3.12/site-packages/airflow/example_dags/example_complex.py took 0.489 seconds
[2024-05-02T22:35:57.093+0000] {processor.py:161} INFO - Started process (PID=435) to work on /home/airflow/.local/lib/python3.12/site-packages/airflow/example_dags/example_complex.py
[2024-05-02T22:35:57.096+0000] {processor.py:830} INFO - Processing file /home/airflow/.local/lib/python3.12/site-packages/airflow/example_dags/example_complex.py for tasks to queue
[2024-05-02T22:35:57.101+0000] {logging_mixin.py:188} INFO - [2024-05-02T22:35:57.100+0000] {dagbag.py:540} INFO - Filling up the DagBag from /home/airflow/.local/lib/python3.12/site-packages/airflow/example_dags/example_complex.py
[2024-05-02T22:35:57.154+0000] {processor.py:840} INFO - DAG(s) 'example_complex' retrieved from /home/airflow/.local/lib/python3.12/site-packages/airflow/example_dags/example_complex.py
[2024-05-02T22:35:57.235+0000] {logging_mixin.py:188} INFO - [2024-05-02T22:35:57.234+0000] {dag.py:3096} INFO - Sync 1 DAGs
[2024-05-02T22:35:57.290+0000] {logging_mixin.py:188} INFO - [2024-05-02T22:35:57.289+0000] {dag.py:3954} INFO - Setting next_dagrun for example_complex to None, run_after=None
[2024-05-02T22:35:57.379+0000] {processor.py:183} INFO - Processing /home/airflow/.local/lib/python3.12/site-packages/airflow/example_dags/example_complex.py took 0.299 seconds
[2024-05-02T22:36:30.166+0000] {processor.py:161} INFO - Started process (PID=493) to work on /home/airflow/.local/lib/python3.12/site-packages/airflow/example_dags/example_complex.py
[2024-05-02T22:36:30.168+0000] {processor.py:830} INFO - Processing file /home/airflow/.local/lib/python3.12/site-packages/airflow/example_dags/example_complex.py for tasks to queue
[2024-05-02T22:36:30.187+0000] {logging_mixin.py:188} INFO - [2024-05-02T22:36:30.186+0000] {dagbag.py:540} INFO - Filling up the DagBag from /home/airflow/.local/lib/python3.12/site-packages/airflow/example_dags/example_complex.py
[2024-05-02T22:36:30.230+0000] {processor.py:840} INFO - DAG(s) 'example_complex' retrieved from /home/airflow/.local/lib/python3.12/site-packages/airflow/example_dags/example_complex.py
[2024-05-02T22:36:30.506+0000] {logging_mixin.py:188} INFO - [2024-05-02T22:36:30.495+0000] {dag.py:3096} INFO - Sync 1 DAGs
[2024-05-02T22:36:30.585+0000] {logging_mixin.py:188} INFO - [2024-05-02T22:36:30.584+0000] {dag.py:3954} INFO - Setting next_dagrun for example_complex to None, run_after=None
[2024-05-02T22:36:30.738+0000] {processor.py:183} INFO - Processing /home/airflow/.local/lib/python3.12/site-packages/airflow/example_dags/example_complex.py took 0.595 seconds
[2024-05-02T22:37:08.406+0000] {processor.py:161} INFO - Started process (PID=560) to work on /home/airflow/.local/lib/python3.12/site-packages/airflow/example_dags/example_complex.py
[2024-05-02T22:37:08.408+0000] {processor.py:830} INFO - Processing file /home/airflow/.local/lib/python3.12/site-packages/airflow/example_dags/example_complex.py for tasks to queue
[2024-05-02T22:37:08.415+0000] {logging_mixin.py:188} INFO - [2024-05-02T22:37:08.414+0000] {dagbag.py:540} INFO - Filling up the DagBag from /home/airflow/.local/lib/python3.12/site-packages/airflow/example_dags/example_complex.py
[2024-05-02T22:37:08.456+0000] {processor.py:840} INFO - DAG(s) 'example_complex' retrieved from /home/airflow/.local/lib/python3.12/site-packages/airflow/example_dags/example_complex.py
[2024-05-02T22:37:08.654+0000] {logging_mixin.py:188} INFO - [2024-05-02T22:37:08.653+0000] {dag.py:3096} INFO - Sync 1 DAGs
[2024-05-02T22:37:08.704+0000] {logging_mixin.py:188} INFO - [2024-05-02T22:37:08.703+0000] {dag.py:3954} INFO - Setting next_dagrun for example_complex to None, run_after=None
[2024-05-02T22:37:08.931+0000] {processor.py:183} INFO - Processing /home/airflow/.local/lib/python3.12/site-packages/airflow/example_dags/example_complex.py took 0.545 seconds
[2024-05-02T22:37:41.962+0000] {processor.py:161} INFO - Started process (PID=620) to work on /home/airflow/.local/lib/python3.12/site-packages/airflow/example_dags/example_complex.py
[2024-05-02T22:37:41.964+0000] {processor.py:830} INFO - Processing file /home/airflow/.local/lib/python3.12/site-packages/airflow/example_dags/example_complex.py for tasks to queue
[2024-05-02T22:37:41.970+0000] {logging_mixin.py:188} INFO - [2024-05-02T22:37:41.967+0000] {dagbag.py:540} INFO - Filling up the DagBag from /home/airflow/.local/lib/python3.12/site-packages/airflow/example_dags/example_complex.py
[2024-05-02T22:37:42.046+0000] {processor.py:840} INFO - DAG(s) 'example_complex' retrieved from /home/airflow/.local/lib/python3.12/site-packages/airflow/example_dags/example_complex.py
[2024-05-02T22:37:42.166+0000] {logging_mixin.py:188} INFO - [2024-05-02T22:37:42.165+0000] {dag.py:3096} INFO - Sync 1 DAGs
[2024-05-02T22:37:42.224+0000] {logging_mixin.py:188} INFO - [2024-05-02T22:37:42.223+0000] {dag.py:3954} INFO - Setting next_dagrun for example_complex to None, run_after=None
[2024-05-02T22:37:42.299+0000] {processor.py:183} INFO - Processing /home/airflow/.local/lib/python3.12/site-packages/airflow/example_dags/example_complex.py took 0.354 seconds
[2024-05-02T22:38:13.342+0000] {processor.py:161} INFO - Started process (PID=679) to work on /home/airflow/.local/lib/python3.12/site-packages/airflow/example_dags/example_complex.py
[2024-05-02T22:38:13.345+0000] {processor.py:830} INFO - Processing file /home/airflow/.local/lib/python3.12/site-packages/airflow/example_dags/example_complex.py for tasks to queue
[2024-05-02T22:38:13.358+0000] {logging_mixin.py:188} INFO - [2024-05-02T22:38:13.358+0000] {dagbag.py:540} INFO - Filling up the DagBag from /home/airflow/.local/lib/python3.12/site-packages/airflow/example_dags/example_complex.py
[2024-05-02T22:38:13.396+0000] {processor.py:840} INFO - DAG(s) 'example_complex' retrieved from /home/airflow/.local/lib/python3.12/site-packages/airflow/example_dags/example_complex.py
[2024-05-02T22:38:13.520+0000] {logging_mixin.py:188} INFO - [2024-05-02T22:38:13.519+0000] {dag.py:3096} INFO - Sync 1 DAGs
[2024-05-02T22:38:13.577+0000] {logging_mixin.py:188} INFO - [2024-05-02T22:38:13.576+0000] {dag.py:3954} INFO - Setting next_dagrun for example_complex to None, run_after=None
[2024-05-02T22:38:13.675+0000] {processor.py:183} INFO - Processing /home/airflow/.local/lib/python3.12/site-packages/airflow/example_dags/example_complex.py took 0.366 seconds
[2024-05-02T22:38:49.278+0000] {processor.py:161} INFO - Started process (PID=742) to work on /home/airflow/.local/lib/python3.12/site-packages/airflow/example_dags/example_complex.py
[2024-05-02T22:38:49.281+0000] {processor.py:830} INFO - Processing file /home/airflow/.local/lib/python3.12/site-packages/airflow/example_dags/example_complex.py for tasks to queue
[2024-05-02T22:38:49.286+0000] {logging_mixin.py:188} INFO - [2024-05-02T22:38:49.285+0000] {dagbag.py:540} INFO - Filling up the DagBag from /home/airflow/.local/lib/python3.12/site-packages/airflow/example_dags/example_complex.py
[2024-05-02T22:38:49.328+0000] {processor.py:840} INFO - DAG(s) 'example_complex' retrieved from /home/airflow/.local/lib/python3.12/site-packages/airflow/example_dags/example_complex.py
[2024-05-02T22:38:49.547+0000] {logging_mixin.py:188} INFO - [2024-05-02T22:38:49.547+0000] {dag.py:3096} INFO - Sync 1 DAGs
[2024-05-02T22:38:49.708+0000] {logging_mixin.py:188} INFO - [2024-05-02T22:38:49.696+0000] {dag.py:3954} INFO - Setting next_dagrun for example_complex to None, run_after=None
[2024-05-02T22:38:49.880+0000] {processor.py:183} INFO - Processing /home/airflow/.local/lib/python3.12/site-packages/airflow/example_dags/example_complex.py took 0.623 seconds
[2024-05-02T22:39:26.105+0000] {processor.py:161} INFO - Started process (PID=804) to work on /home/airflow/.local/lib/python3.12/site-packages/airflow/example_dags/example_complex.py
[2024-05-02T22:39:26.111+0000] {processor.py:830} INFO - Processing file /home/airflow/.local/lib/python3.12/site-packages/airflow/example_dags/example_complex.py for tasks to queue
[2024-05-02T22:39:26.119+0000] {logging_mixin.py:188} INFO - [2024-05-02T22:39:26.118+0000] {dagbag.py:540} INFO - Filling up the DagBag from /home/airflow/.local/lib/python3.12/site-packages/airflow/example_dags/example_complex.py
[2024-05-02T22:39:26.167+0000] {processor.py:840} INFO - DAG(s) 'example_complex' retrieved from /home/airflow/.local/lib/python3.12/site-packages/airflow/example_dags/example_complex.py
[2024-05-02T22:39:26.213+0000] {logging_mixin.py:188} INFO - [2024-05-02T22:39:26.212+0000] {dag.py:3096} INFO - Sync 1 DAGs
[2024-05-02T22:39:26.263+0000] {logging_mixin.py:188} INFO - [2024-05-02T22:39:26.262+0000] {dag.py:3954} INFO - Setting next_dagrun for example_complex to None, run_after=None
[2024-05-02T22:39:26.310+0000] {processor.py:183} INFO - Processing /home/airflow/.local/lib/python3.12/site-packages/airflow/example_dags/example_complex.py took 0.223 seconds
[2024-05-02T22:40:11.268+0000] {processor.py:161} INFO - Started process (PID=874) to work on /home/airflow/.local/lib/python3.12/site-packages/airflow/example_dags/example_complex.py
[2024-05-02T22:40:11.270+0000] {processor.py:830} INFO - Processing file /home/airflow/.local/lib/python3.12/site-packages/airflow/example_dags/example_complex.py for tasks to queue
[2024-05-02T22:40:11.275+0000] {logging_mixin.py:188} INFO - [2024-05-02T22:40:11.274+0000] {dagbag.py:540} INFO - Filling up the DagBag from /home/airflow/.local/lib/python3.12/site-packages/airflow/example_dags/example_complex.py
[2024-05-02T22:40:11.306+0000] {processor.py:840} INFO - DAG(s) 'example_complex' retrieved from /home/airflow/.local/lib/python3.12/site-packages/airflow/example_dags/example_complex.py
[2024-05-02T22:40:12.001+0000] {logging_mixin.py:188} INFO - [2024-05-02T22:40:12.000+0000] {dag.py:3096} INFO - Sync 1 DAGs
[2024-05-02T22:40:12.089+0000] {logging_mixin.py:188} INFO - [2024-05-02T22:40:12.089+0000] {dag.py:3954} INFO - Setting next_dagrun for example_complex to None, run_after=None
[2024-05-02T22:40:12.150+0000] {processor.py:183} INFO - Processing /home/airflow/.local/lib/python3.12/site-packages/airflow/example_dags/example_complex.py took 0.898 seconds
[2024-05-02T22:40:42.439+0000] {processor.py:161} INFO - Started process (PID=933) to work on /home/airflow/.local/lib/python3.12/site-packages/airflow/example_dags/example_complex.py
[2024-05-02T22:40:42.440+0000] {processor.py:830} INFO - Processing file /home/airflow/.local/lib/python3.12/site-packages/airflow/example_dags/example_complex.py for tasks to queue
[2024-05-02T22:40:42.444+0000] {logging_mixin.py:188} INFO - [2024-05-02T22:40:42.443+0000] {dagbag.py:540} INFO - Filling up the DagBag from /home/airflow/.local/lib/python3.12/site-packages/airflow/example_dags/example_complex.py
[2024-05-02T22:40:42.469+0000] {processor.py:840} INFO - DAG(s) 'example_complex' retrieved from /home/airflow/.local/lib/python3.12/site-packages/airflow/example_dags/example_complex.py
[2024-05-02T22:40:42.546+0000] {logging_mixin.py:188} INFO - [2024-05-02T22:40:42.546+0000] {dag.py:3096} INFO - Sync 1 DAGs
[2024-05-02T22:40:42.574+0000] {logging_mixin.py:188} INFO - [2024-05-02T22:40:42.574+0000] {dag.py:3954} INFO - Setting next_dagrun for example_complex to None, run_after=None
[2024-05-02T22:40:42.620+0000] {processor.py:183} INFO - Processing /home/airflow/.local/lib/python3.12/site-packages/airflow/example_dags/example_complex.py took 0.198 seconds
[2024-05-02T22:41:13.358+0000] {processor.py:161} INFO - Started process (PID=992) to work on /home/airflow/.local/lib/python3.12/site-packages/airflow/example_dags/example_complex.py
[2024-05-02T22:41:13.361+0000] {processor.py:830} INFO - Processing file /home/airflow/.local/lib/python3.12/site-packages/airflow/example_dags/example_complex.py for tasks to queue
[2024-05-02T22:41:13.368+0000] {logging_mixin.py:188} INFO - [2024-05-02T22:41:13.367+0000] {dagbag.py:540} INFO - Filling up the DagBag from /home/airflow/.local/lib/python3.12/site-packages/airflow/example_dags/example_complex.py
[2024-05-02T22:41:13.399+0000] {processor.py:840} INFO - DAG(s) 'example_complex' retrieved from /home/airflow/.local/lib/python3.12/site-packages/airflow/example_dags/example_complex.py
[2024-05-02T22:41:13.754+0000] {logging_mixin.py:188} INFO - [2024-05-02T22:41:13.754+0000] {dag.py:3096} INFO - Sync 1 DAGs
[2024-05-02T22:41:13.777+0000] {logging_mixin.py:188} INFO - [2024-05-02T22:41:13.776+0000] {dag.py:3954} INFO - Setting next_dagrun for example_complex to None, run_after=None
[2024-05-02T22:41:13.818+0000] {processor.py:183} INFO - Processing /home/airflow/.local/lib/python3.12/site-packages/airflow/example_dags/example_complex.py took 0.472 seconds
[2024-05-02T22:41:44.146+0000] {processor.py:161} INFO - Started process (PID=1051) to work on /home/airflow/.local/lib/python3.12/site-packages/airflow/example_dags/example_complex.py
[2024-05-02T22:41:44.151+0000] {processor.py:830} INFO - Processing file /home/airflow/.local/lib/python3.12/site-packages/airflow/example_dags/example_complex.py for tasks to queue
[2024-05-02T22:41:44.156+0000] {logging_mixin.py:188} INFO - [2024-05-02T22:41:44.155+0000] {dagbag.py:540} INFO - Filling up the DagBag from /home/airflow/.local/lib/python3.12/site-packages/airflow/example_dags/example_complex.py
[2024-05-02T22:41:44.191+0000] {processor.py:840} INFO - DAG(s) 'example_complex' retrieved from /home/airflow/.local/lib/python3.12/site-packages/airflow/example_dags/example_complex.py
[2024-05-02T22:41:44.265+0000] {logging_mixin.py:188} INFO - [2024-05-02T22:41:44.265+0000] {dag.py:3096} INFO - Sync 1 DAGs
[2024-05-02T22:41:44.290+0000] {logging_mixin.py:188} INFO - [2024-05-02T22:41:44.289+0000] {dag.py:3954} INFO - Setting next_dagrun for example_complex to None, run_after=None
[2024-05-02T22:41:44.332+0000] {processor.py:183} INFO - Processing /home/airflow/.local/lib/python3.12/site-packages/airflow/example_dags/example_complex.py took 0.207 seconds
[2024-05-02T22:42:14.741+0000] {processor.py:161} INFO - Started process (PID=1110) to work on /home/airflow/.local/lib/python3.12/site-packages/airflow/example_dags/example_complex.py
[2024-05-02T22:42:14.744+0000] {processor.py:830} INFO - Processing file /home/airflow/.local/lib/python3.12/site-packages/airflow/example_dags/example_complex.py for tasks to queue
[2024-05-02T22:42:14.757+0000] {logging_mixin.py:188} INFO - [2024-05-02T22:42:14.752+0000] {dagbag.py:540} INFO - Filling up the DagBag from /home/airflow/.local/lib/python3.12/site-packages/airflow/example_dags/example_complex.py
[2024-05-02T22:42:14.794+0000] {processor.py:840} INFO - DAG(s) 'example_complex' retrieved from /home/airflow/.local/lib/python3.12/site-packages/airflow/example_dags/example_complex.py
[2024-05-02T22:42:14.937+0000] {logging_mixin.py:188} INFO - [2024-05-02T22:42:14.936+0000] {dag.py:3096} INFO - Sync 1 DAGs
[2024-05-02T22:42:14.999+0000] {logging_mixin.py:188} INFO - [2024-05-02T22:42:14.998+0000] {dag.py:3954} INFO - Setting next_dagrun for example_complex to None, run_after=None
[2024-05-02T22:42:15.042+0000] {processor.py:183} INFO - Processing /home/airflow/.local/lib/python3.12/site-packages/airflow/example_dags/example_complex.py took 0.322 seconds
[2024-05-02T22:42:45.528+0000] {processor.py:161} INFO - Started process (PID=1167) to work on /home/airflow/.local/lib/python3.12/site-packages/airflow/example_dags/example_complex.py
[2024-05-02T22:42:45.530+0000] {processor.py:830} INFO - Processing file /home/airflow/.local/lib/python3.12/site-packages/airflow/example_dags/example_complex.py for tasks to queue
[2024-05-02T22:42:45.536+0000] {logging_mixin.py:188} INFO - [2024-05-02T22:42:45.535+0000] {dagbag.py:540} INFO - Filling up the DagBag from /home/airflow/.local/lib/python3.12/site-packages/airflow/example_dags/example_complex.py
[2024-05-02T22:42:45.576+0000] {processor.py:840} INFO - DAG(s) 'example_complex' retrieved from /home/airflow/.local/lib/python3.12/site-packages/airflow/example_dags/example_complex.py
[2024-05-02T22:42:45.734+0000] {logging_mixin.py:188} INFO - [2024-05-02T22:42:45.731+0000] {dag.py:3096} INFO - Sync 1 DAGs
[2024-05-02T22:42:45.824+0000] {logging_mixin.py:188} INFO - [2024-05-02T22:42:45.823+0000] {dag.py:3954} INFO - Setting next_dagrun for example_complex to None, run_after=None
[2024-05-02T22:42:46.048+0000] {processor.py:183} INFO - Processing /home/airflow/.local/lib/python3.12/site-packages/airflow/example_dags/example_complex.py took 0.540 seconds
[2024-05-02T22:43:16.230+0000] {processor.py:161} INFO - Started process (PID=1226) to work on /home/airflow/.local/lib/python3.12/site-packages/airflow/example_dags/example_complex.py
[2024-05-02T22:43:16.232+0000] {processor.py:830} INFO - Processing file /home/airflow/.local/lib/python3.12/site-packages/airflow/example_dags/example_complex.py for tasks to queue
[2024-05-02T22:43:16.236+0000] {logging_mixin.py:188} INFO - [2024-05-02T22:43:16.235+0000] {dagbag.py:540} INFO - Filling up the DagBag from /home/airflow/.local/lib/python3.12/site-packages/airflow/example_dags/example_complex.py
[2024-05-02T22:43:16.264+0000] {processor.py:840} INFO - DAG(s) 'example_complex' retrieved from /home/airflow/.local/lib/python3.12/site-packages/airflow/example_dags/example_complex.py
[2024-05-02T22:43:16.343+0000] {logging_mixin.py:188} INFO - [2024-05-02T22:43:16.343+0000] {dag.py:3096} INFO - Sync 1 DAGs
[2024-05-02T22:43:16.369+0000] {logging_mixin.py:188} INFO - [2024-05-02T22:43:16.369+0000] {dag.py:3954} INFO - Setting next_dagrun for example_complex to None, run_after=None
[2024-05-02T22:43:16.415+0000] {processor.py:183} INFO - Processing /home/airflow/.local/lib/python3.12/site-packages/airflow/example_dags/example_complex.py took 0.197 seconds
[2024-05-02T22:43:47.271+0000] {processor.py:161} INFO - Started process (PID=1285) to work on /home/airflow/.local/lib/python3.12/site-packages/airflow/example_dags/example_complex.py
[2024-05-02T22:43:47.272+0000] {processor.py:830} INFO - Processing file /home/airflow/.local/lib/python3.12/site-packages/airflow/example_dags/example_complex.py for tasks to queue
[2024-05-02T22:43:47.275+0000] {logging_mixin.py:188} INFO - [2024-05-02T22:43:47.274+0000] {dagbag.py:540} INFO - Filling up the DagBag from /home/airflow/.local/lib/python3.12/site-packages/airflow/example_dags/example_complex.py
[2024-05-02T22:43:47.298+0000] {processor.py:840} INFO - DAG(s) 'example_complex' retrieved from /home/airflow/.local/lib/python3.12/site-packages/airflow/example_dags/example_complex.py
[2024-05-02T22:43:47.377+0000] {logging_mixin.py:188} INFO - [2024-05-02T22:43:47.377+0000] {dag.py:3096} INFO - Sync 1 DAGs
[2024-05-02T22:43:47.408+0000] {logging_mixin.py:188} INFO - [2024-05-02T22:43:47.408+0000] {dag.py:3954} INFO - Setting next_dagrun for example_complex to None, run_after=None
[2024-05-02T22:43:47.459+0000] {processor.py:183} INFO - Processing /home/airflow/.local/lib/python3.12/site-packages/airflow/example_dags/example_complex.py took 0.197 seconds
[2024-05-02T22:44:17.952+0000] {processor.py:161} INFO - Started process (PID=1344) to work on /home/airflow/.local/lib/python3.12/site-packages/airflow/example_dags/example_complex.py
[2024-05-02T22:44:17.953+0000] {processor.py:830} INFO - Processing file /home/airflow/.local/lib/python3.12/site-packages/airflow/example_dags/example_complex.py for tasks to queue
[2024-05-02T22:44:17.956+0000] {logging_mixin.py:188} INFO - [2024-05-02T22:44:17.956+0000] {dagbag.py:540} INFO - Filling up the DagBag from /home/airflow/.local/lib/python3.12/site-packages/airflow/example_dags/example_complex.py
[2024-05-02T22:44:17.982+0000] {processor.py:840} INFO - DAG(s) 'example_complex' retrieved from /home/airflow/.local/lib/python3.12/site-packages/airflow/example_dags/example_complex.py
[2024-05-02T22:44:18.055+0000] {logging_mixin.py:188} INFO - [2024-05-02T22:44:18.055+0000] {dag.py:3096} INFO - Sync 1 DAGs
[2024-05-02T22:44:18.081+0000] {logging_mixin.py:188} INFO - [2024-05-02T22:44:18.081+0000] {dag.py:3954} INFO - Setting next_dagrun for example_complex to None, run_after=None
[2024-05-02T22:44:18.125+0000] {processor.py:183} INFO - Processing /home/airflow/.local/lib/python3.12/site-packages/airflow/example_dags/example_complex.py took 0.183 seconds
[2024-05-02T22:44:50.840+0000] {processor.py:161} INFO - Started process (PID=1403) to work on /home/airflow/.local/lib/python3.12/site-packages/airflow/example_dags/example_complex.py
[2024-05-02T22:44:50.842+0000] {processor.py:830} INFO - Processing file /home/airflow/.local/lib/python3.12/site-packages/airflow/example_dags/example_complex.py for tasks to queue
[2024-05-02T22:44:50.854+0000] {logging_mixin.py:188} INFO - [2024-05-02T22:44:50.853+0000] {dagbag.py:540} INFO - Filling up the DagBag from /home/airflow/.local/lib/python3.12/site-packages/airflow/example_dags/example_complex.py
[2024-05-02T22:44:50.913+0000] {processor.py:840} INFO - DAG(s) 'example_complex' retrieved from /home/airflow/.local/lib/python3.12/site-packages/airflow/example_dags/example_complex.py
[2024-05-02T22:44:51.101+0000] {logging_mixin.py:188} INFO - [2024-05-02T22:44:51.100+0000] {dag.py:3096} INFO - Sync 1 DAGs
[2024-05-02T22:44:51.201+0000] {logging_mixin.py:188} INFO - [2024-05-02T22:44:51.200+0000] {dag.py:3954} INFO - Setting next_dagrun for example_complex to None, run_after=None
[2024-05-02T22:44:51.313+0000] {processor.py:183} INFO - Processing /home/airflow/.local/lib/python3.12/site-packages/airflow/example_dags/example_complex.py took 0.495 seconds
[2024-05-02T22:45:21.718+0000] {processor.py:161} INFO - Started process (PID=1462) to work on /home/airflow/.local/lib/python3.12/site-packages/airflow/example_dags/example_complex.py
[2024-05-02T22:45:21.721+0000] {processor.py:830} INFO - Processing file /home/airflow/.local/lib/python3.12/site-packages/airflow/example_dags/example_complex.py for tasks to queue
[2024-05-02T22:45:21.725+0000] {logging_mixin.py:188} INFO - [2024-05-02T22:45:21.724+0000] {dagbag.py:540} INFO - Filling up the DagBag from /home/airflow/.local/lib/python3.12/site-packages/airflow/example_dags/example_complex.py
[2024-05-02T22:45:21.756+0000] {processor.py:840} INFO - DAG(s) 'example_complex' retrieved from /home/airflow/.local/lib/python3.12/site-packages/airflow/example_dags/example_complex.py
[2024-05-02T22:45:21.838+0000] {logging_mixin.py:188} INFO - [2024-05-02T22:45:21.838+0000] {dag.py:3096} INFO - Sync 1 DAGs
[2024-05-02T22:45:21.882+0000] {logging_mixin.py:188} INFO - [2024-05-02T22:45:21.881+0000] {dag.py:3954} INFO - Setting next_dagrun for example_complex to None, run_after=None
[2024-05-02T22:45:21.959+0000] {processor.py:183} INFO - Processing /home/airflow/.local/lib/python3.12/site-packages/airflow/example_dags/example_complex.py took 0.255 seconds
[2024-05-02T22:45:52.498+0000] {processor.py:161} INFO - Started process (PID=1521) to work on /home/airflow/.local/lib/python3.12/site-packages/airflow/example_dags/example_complex.py
[2024-05-02T22:45:52.510+0000] {processor.py:830} INFO - Processing file /home/airflow/.local/lib/python3.12/site-packages/airflow/example_dags/example_complex.py for tasks to queue
[2024-05-02T22:45:52.515+0000] {logging_mixin.py:188} INFO - [2024-05-02T22:45:52.514+0000] {dagbag.py:540} INFO - Filling up the DagBag from /home/airflow/.local/lib/python3.12/site-packages/airflow/example_dags/example_complex.py
[2024-05-02T22:45:52.558+0000] {processor.py:840} INFO - DAG(s) 'example_complex' retrieved from /home/airflow/.local/lib/python3.12/site-packages/airflow/example_dags/example_complex.py
[2024-05-02T22:45:52.656+0000] {logging_mixin.py:188} INFO - [2024-05-02T22:45:52.655+0000] {dag.py:3096} INFO - Sync 1 DAGs
[2024-05-02T22:45:52.683+0000] {logging_mixin.py:188} INFO - [2024-05-02T22:45:52.683+0000] {dag.py:3954} INFO - Setting next_dagrun for example_complex to None, run_after=None
[2024-05-02T22:45:52.740+0000] {processor.py:183} INFO - Processing /home/airflow/.local/lib/python3.12/site-packages/airflow/example_dags/example_complex.py took 0.271 seconds
[2024-05-02T22:46:23.029+0000] {processor.py:161} INFO - Started process (PID=1580) to work on /home/airflow/.local/lib/python3.12/site-packages/airflow/example_dags/example_complex.py
[2024-05-02T22:46:23.031+0000] {processor.py:830} INFO - Processing file /home/airflow/.local/lib/python3.12/site-packages/airflow/example_dags/example_complex.py for tasks to queue
[2024-05-02T22:46:23.035+0000] {logging_mixin.py:188} INFO - [2024-05-02T22:46:23.034+0000] {dagbag.py:540} INFO - Filling up the DagBag from /home/airflow/.local/lib/python3.12/site-packages/airflow/example_dags/example_complex.py
[2024-05-02T22:46:23.059+0000] {processor.py:840} INFO - DAG(s) 'example_complex' retrieved from /home/airflow/.local/lib/python3.12/site-packages/airflow/example_dags/example_complex.py
[2024-05-02T22:46:23.139+0000] {logging_mixin.py:188} INFO - [2024-05-02T22:46:23.139+0000] {dag.py:3096} INFO - Sync 1 DAGs
[2024-05-02T22:46:23.170+0000] {logging_mixin.py:188} INFO - [2024-05-02T22:46:23.170+0000] {dag.py:3954} INFO - Setting next_dagrun for example_complex to None, run_after=None
[2024-05-02T22:46:23.215+0000] {processor.py:183} INFO - Processing /home/airflow/.local/lib/python3.12/site-packages/airflow/example_dags/example_complex.py took 0.198 seconds
[2024-05-02T22:46:53.544+0000] {processor.py:161} INFO - Started process (PID=1640) to work on /home/airflow/.local/lib/python3.12/site-packages/airflow/example_dags/example_complex.py
[2024-05-02T22:46:53.545+0000] {processor.py:830} INFO - Processing file /home/airflow/.local/lib/python3.12/site-packages/airflow/example_dags/example_complex.py for tasks to queue
[2024-05-02T22:46:53.550+0000] {logging_mixin.py:188} INFO - [2024-05-02T22:46:53.549+0000] {dagbag.py:540} INFO - Filling up the DagBag from /home/airflow/.local/lib/python3.12/site-packages/airflow/example_dags/example_complex.py
[2024-05-02T22:46:53.584+0000] {processor.py:840} INFO - DAG(s) 'example_complex' retrieved from /home/airflow/.local/lib/python3.12/site-packages/airflow/example_dags/example_complex.py
[2024-05-02T22:46:53.659+0000] {logging_mixin.py:188} INFO - [2024-05-02T22:46:53.659+0000] {dag.py:3096} INFO - Sync 1 DAGs
[2024-05-02T22:46:53.687+0000] {logging_mixin.py:188} INFO - [2024-05-02T22:46:53.686+0000] {dag.py:3954} INFO - Setting next_dagrun for example_complex to None, run_after=None
[2024-05-02T22:46:53.790+0000] {processor.py:183} INFO - Processing /home/airflow/.local/lib/python3.12/site-packages/airflow/example_dags/example_complex.py took 0.258 seconds
[2024-05-02T22:47:24.179+0000] {processor.py:161} INFO - Started process (PID=1699) to work on /home/airflow/.local/lib/python3.12/site-packages/airflow/example_dags/example_complex.py
[2024-05-02T22:47:24.181+0000] {processor.py:830} INFO - Processing file /home/airflow/.local/lib/python3.12/site-packages/airflow/example_dags/example_complex.py for tasks to queue
[2024-05-02T22:47:24.185+0000] {logging_mixin.py:188} INFO - [2024-05-02T22:47:24.185+0000] {dagbag.py:540} INFO - Filling up the DagBag from /home/airflow/.local/lib/python3.12/site-packages/airflow/example_dags/example_complex.py
[2024-05-02T22:47:24.211+0000] {processor.py:840} INFO - DAG(s) 'example_complex' retrieved from /home/airflow/.local/lib/python3.12/site-packages/airflow/example_dags/example_complex.py
[2024-05-02T22:47:24.281+0000] {logging_mixin.py:188} INFO - [2024-05-02T22:47:24.280+0000] {dag.py:3096} INFO - Sync 1 DAGs
[2024-05-02T22:47:24.307+0000] {logging_mixin.py:188} INFO - [2024-05-02T22:47:24.307+0000] {dag.py:3954} INFO - Setting next_dagrun for example_complex to None, run_after=None
[2024-05-02T22:47:24.361+0000] {processor.py:183} INFO - Processing /home/airflow/.local/lib/python3.12/site-packages/airflow/example_dags/example_complex.py took 0.198 seconds
[2024-05-02T22:47:54.487+0000] {processor.py:161} INFO - Started process (PID=1757) to work on /home/airflow/.local/lib/python3.12/site-packages/airflow/example_dags/example_complex.py
[2024-05-02T22:47:54.490+0000] {processor.py:830} INFO - Processing file /home/airflow/.local/lib/python3.12/site-packages/airflow/example_dags/example_complex.py for tasks to queue
[2024-05-02T22:47:54.495+0000] {logging_mixin.py:188} INFO - [2024-05-02T22:47:54.494+0000] {dagbag.py:540} INFO - Filling up the DagBag from /home/airflow/.local/lib/python3.12/site-packages/airflow/example_dags/example_complex.py
[2024-05-02T22:47:54.569+0000] {processor.py:840} INFO - DAG(s) 'example_complex' retrieved from /home/airflow/.local/lib/python3.12/site-packages/airflow/example_dags/example_complex.py
[2024-05-02T22:47:54.683+0000] {logging_mixin.py:188} INFO - [2024-05-02T22:47:54.682+0000] {dag.py:3096} INFO - Sync 1 DAGs
[2024-05-02T22:47:54.724+0000] {logging_mixin.py:188} INFO - [2024-05-02T22:47:54.723+0000] {dag.py:3954} INFO - Setting next_dagrun for example_complex to None, run_after=None
[2024-05-02T22:47:54.785+0000] {processor.py:183} INFO - Processing /home/airflow/.local/lib/python3.12/site-packages/airflow/example_dags/example_complex.py took 0.313 seconds
[2024-05-02T22:48:25.541+0000] {processor.py:161} INFO - Started process (PID=1817) to work on /home/airflow/.local/lib/python3.12/site-packages/airflow/example_dags/example_complex.py
[2024-05-02T22:48:25.548+0000] {processor.py:830} INFO - Processing file /home/airflow/.local/lib/python3.12/site-packages/airflow/example_dags/example_complex.py for tasks to queue
[2024-05-02T22:48:25.554+0000] {logging_mixin.py:188} INFO - [2024-05-02T22:48:25.553+0000] {dagbag.py:540} INFO - Filling up the DagBag from /home/airflow/.local/lib/python3.12/site-packages/airflow/example_dags/example_complex.py
[2024-05-02T22:48:25.623+0000] {processor.py:840} INFO - DAG(s) 'example_complex' retrieved from /home/airflow/.local/lib/python3.12/site-packages/airflow/example_dags/example_complex.py
[2024-05-02T22:48:25.830+0000] {logging_mixin.py:188} INFO - [2024-05-02T22:48:25.829+0000] {dag.py:3096} INFO - Sync 1 DAGs
[2024-05-02T22:48:25.900+0000] {logging_mixin.py:188} INFO - [2024-05-02T22:48:25.900+0000] {dag.py:3954} INFO - Setting next_dagrun for example_complex to None, run_after=None
[2024-05-02T22:48:25.953+0000] {processor.py:183} INFO - Processing /home/airflow/.local/lib/python3.12/site-packages/airflow/example_dags/example_complex.py took 0.437 seconds
[2024-05-02T22:48:56.095+0000] {processor.py:161} INFO - Started process (PID=1875) to work on /home/airflow/.local/lib/python3.12/site-packages/airflow/example_dags/example_complex.py
[2024-05-02T22:48:56.097+0000] {processor.py:830} INFO - Processing file /home/airflow/.local/lib/python3.12/site-packages/airflow/example_dags/example_complex.py for tasks to queue
[2024-05-02T22:48:56.100+0000] {logging_mixin.py:188} INFO - [2024-05-02T22:48:56.099+0000] {dagbag.py:540} INFO - Filling up the DagBag from /home/airflow/.local/lib/python3.12/site-packages/airflow/example_dags/example_complex.py
[2024-05-02T22:48:56.120+0000] {processor.py:840} INFO - DAG(s) 'example_complex' retrieved from /home/airflow/.local/lib/python3.12/site-packages/airflow/example_dags/example_complex.py
[2024-05-02T22:48:56.182+0000] {logging_mixin.py:188} INFO - [2024-05-02T22:48:56.182+0000] {dag.py:3096} INFO - Sync 1 DAGs
[2024-05-02T22:48:56.208+0000] {logging_mixin.py:188} INFO - [2024-05-02T22:48:56.207+0000] {dag.py:3954} INFO - Setting next_dagrun for example_complex to None, run_after=None
[2024-05-02T22:48:56.246+0000] {processor.py:183} INFO - Processing /home/airflow/.local/lib/python3.12/site-packages/airflow/example_dags/example_complex.py took 0.160 seconds
[2024-05-02T22:49:26.562+0000] {processor.py:161} INFO - Started process (PID=1933) to work on /home/airflow/.local/lib/python3.12/site-packages/airflow/example_dags/example_complex.py
[2024-05-02T22:49:26.564+0000] {processor.py:830} INFO - Processing file /home/airflow/.local/lib/python3.12/site-packages/airflow/example_dags/example_complex.py for tasks to queue
[2024-05-02T22:49:26.571+0000] {logging_mixin.py:188} INFO - [2024-05-02T22:49:26.570+0000] {dagbag.py:540} INFO - Filling up the DagBag from /home/airflow/.local/lib/python3.12/site-packages/airflow/example_dags/example_complex.py
[2024-05-02T22:49:26.629+0000] {processor.py:840} INFO - DAG(s) 'example_complex' retrieved from /home/airflow/.local/lib/python3.12/site-packages/airflow/example_dags/example_complex.py
[2024-05-02T22:49:26.716+0000] {logging_mixin.py:188} INFO - [2024-05-02T22:49:26.715+0000] {dag.py:3096} INFO - Sync 1 DAGs
[2024-05-02T22:49:26.754+0000] {logging_mixin.py:188} INFO - [2024-05-02T22:49:26.753+0000] {dag.py:3954} INFO - Setting next_dagrun for example_complex to None, run_after=None
[2024-05-02T22:49:26.805+0000] {processor.py:183} INFO - Processing /home/airflow/.local/lib/python3.12/site-packages/airflow/example_dags/example_complex.py took 0.267 seconds
[2024-05-02T22:49:57.243+0000] {processor.py:161} INFO - Started process (PID=1992) to work on /home/airflow/.local/lib/python3.12/site-packages/airflow/example_dags/example_complex.py
[2024-05-02T22:49:57.246+0000] {processor.py:830} INFO - Processing file /home/airflow/.local/lib/python3.12/site-packages/airflow/example_dags/example_complex.py for tasks to queue
[2024-05-02T22:49:57.252+0000] {logging_mixin.py:188} INFO - [2024-05-02T22:49:57.251+0000] {dagbag.py:540} INFO - Filling up the DagBag from /home/airflow/.local/lib/python3.12/site-packages/airflow/example_dags/example_complex.py
[2024-05-02T22:49:57.282+0000] {processor.py:840} INFO - DAG(s) 'example_complex' retrieved from /home/airflow/.local/lib/python3.12/site-packages/airflow/example_dags/example_complex.py
[2024-05-02T22:49:57.368+0000] {logging_mixin.py:188} INFO - [2024-05-02T22:49:57.367+0000] {dag.py:3096} INFO - Sync 1 DAGs
[2024-05-02T22:49:57.404+0000] {logging_mixin.py:188} INFO - [2024-05-02T22:49:57.402+0000] {dag.py:3954} INFO - Setting next_dagrun for example_complex to None, run_after=None
[2024-05-02T22:49:57.454+0000] {processor.py:183} INFO - Processing /home/airflow/.local/lib/python3.12/site-packages/airflow/example_dags/example_complex.py took 0.229 seconds
[2024-05-02T22:50:28.933+0000] {processor.py:161} INFO - Started process (PID=2053) to work on /home/airflow/.local/lib/python3.12/site-packages/airflow/example_dags/example_complex.py
[2024-05-02T22:50:28.935+0000] {processor.py:830} INFO - Processing file /home/airflow/.local/lib/python3.12/site-packages/airflow/example_dags/example_complex.py for tasks to queue
[2024-05-02T22:50:28.939+0000] {logging_mixin.py:188} INFO - [2024-05-02T22:50:28.939+0000] {dagbag.py:540} INFO - Filling up the DagBag from /home/airflow/.local/lib/python3.12/site-packages/airflow/example_dags/example_complex.py
[2024-05-02T22:50:28.978+0000] {processor.py:840} INFO - DAG(s) 'example_complex' retrieved from /home/airflow/.local/lib/python3.12/site-packages/airflow/example_dags/example_complex.py
[2024-05-02T22:50:29.114+0000] {logging_mixin.py:188} INFO - [2024-05-02T22:50:29.113+0000] {dag.py:3096} INFO - Sync 1 DAGs
[2024-05-02T22:50:29.159+0000] {logging_mixin.py:188} INFO - [2024-05-02T22:50:29.158+0000] {dag.py:3954} INFO - Setting next_dagrun for example_complex to None, run_after=None
[2024-05-02T22:50:29.252+0000] {processor.py:183} INFO - Processing /home/airflow/.local/lib/python3.12/site-packages/airflow/example_dags/example_complex.py took 0.335 seconds
[2024-05-02T22:51:00.098+0000] {processor.py:161} INFO - Started process (PID=2111) to work on /home/airflow/.local/lib/python3.12/site-packages/airflow/example_dags/example_complex.py
[2024-05-02T22:51:00.102+0000] {processor.py:830} INFO - Processing file /home/airflow/.local/lib/python3.12/site-packages/airflow/example_dags/example_complex.py for tasks to queue
[2024-05-02T22:51:00.106+0000] {logging_mixin.py:188} INFO - [2024-05-02T22:51:00.105+0000] {dagbag.py:540} INFO - Filling up the DagBag from /home/airflow/.local/lib/python3.12/site-packages/airflow/example_dags/example_complex.py
[2024-05-02T22:51:00.159+0000] {processor.py:840} INFO - DAG(s) 'example_complex' retrieved from /home/airflow/.local/lib/python3.12/site-packages/airflow/example_dags/example_complex.py
[2024-05-02T22:51:00.274+0000] {logging_mixin.py:188} INFO - [2024-05-02T22:51:00.273+0000] {dag.py:3096} INFO - Sync 1 DAGs
[2024-05-02T22:51:00.314+0000] {logging_mixin.py:188} INFO - [2024-05-02T22:51:00.313+0000] {dag.py:3954} INFO - Setting next_dagrun for example_complex to None, run_after=None
[2024-05-02T22:51:00.379+0000] {processor.py:183} INFO - Processing /home/airflow/.local/lib/python3.12/site-packages/airflow/example_dags/example_complex.py took 0.299 seconds
[2024-05-02T22:51:30.588+0000] {processor.py:161} INFO - Started process (PID=2170) to work on /home/airflow/.local/lib/python3.12/site-packages/airflow/example_dags/example_complex.py
[2024-05-02T22:51:30.590+0000] {processor.py:830} INFO - Processing file /home/airflow/.local/lib/python3.12/site-packages/airflow/example_dags/example_complex.py for tasks to queue
[2024-05-02T22:51:30.594+0000] {logging_mixin.py:188} INFO - [2024-05-02T22:51:30.593+0000] {dagbag.py:540} INFO - Filling up the DagBag from /home/airflow/.local/lib/python3.12/site-packages/airflow/example_dags/example_complex.py
[2024-05-02T22:51:30.620+0000] {processor.py:840} INFO - DAG(s) 'example_complex' retrieved from /home/airflow/.local/lib/python3.12/site-packages/airflow/example_dags/example_complex.py
[2024-05-02T22:51:30.707+0000] {logging_mixin.py:188} INFO - [2024-05-02T22:51:30.706+0000] {dag.py:3096} INFO - Sync 1 DAGs
[2024-05-02T22:51:30.742+0000] {logging_mixin.py:188} INFO - [2024-05-02T22:51:30.741+0000] {dag.py:3954} INFO - Setting next_dagrun for example_complex to None, run_after=None
[2024-05-02T22:51:30.798+0000] {processor.py:183} INFO - Processing /home/airflow/.local/lib/python3.12/site-packages/airflow/example_dags/example_complex.py took 0.226 seconds
[2024-05-02T22:52:02.375+0000] {processor.py:161} INFO - Started process (PID=2230) to work on /home/airflow/.local/lib/python3.12/site-packages/airflow/example_dags/example_complex.py
[2024-05-02T22:52:02.377+0000] {processor.py:830} INFO - Processing file /home/airflow/.local/lib/python3.12/site-packages/airflow/example_dags/example_complex.py for tasks to queue
[2024-05-02T22:52:02.381+0000] {logging_mixin.py:188} INFO - [2024-05-02T22:52:02.381+0000] {dagbag.py:540} INFO - Filling up the DagBag from /home/airflow/.local/lib/python3.12/site-packages/airflow/example_dags/example_complex.py
[2024-05-02T22:52:02.414+0000] {processor.py:840} INFO - DAG(s) 'example_complex' retrieved from /home/airflow/.local/lib/python3.12/site-packages/airflow/example_dags/example_complex.py
[2024-05-02T22:52:02.491+0000] {logging_mixin.py:188} INFO - [2024-05-02T22:52:02.490+0000] {dag.py:3096} INFO - Sync 1 DAGs
[2024-05-02T22:52:02.522+0000] {logging_mixin.py:188} INFO - [2024-05-02T22:52:02.522+0000] {dag.py:3954} INFO - Setting next_dagrun for example_complex to None, run_after=None
[2024-05-02T22:52:02.568+0000] {processor.py:183} INFO - Processing /home/airflow/.local/lib/python3.12/site-packages/airflow/example_dags/example_complex.py took 0.206 seconds
[2024-05-02T22:52:33.324+0000] {processor.py:161} INFO - Started process (PID=2291) to work on /home/airflow/.local/lib/python3.12/site-packages/airflow/example_dags/example_complex.py
[2024-05-02T22:52:33.327+0000] {processor.py:830} INFO - Processing file /home/airflow/.local/lib/python3.12/site-packages/airflow/example_dags/example_complex.py for tasks to queue
[2024-05-02T22:52:33.331+0000] {logging_mixin.py:188} INFO - [2024-05-02T22:52:33.330+0000] {dagbag.py:540} INFO - Filling up the DagBag from /home/airflow/.local/lib/python3.12/site-packages/airflow/example_dags/example_complex.py
[2024-05-02T22:52:33.363+0000] {processor.py:840} INFO - DAG(s) 'example_complex' retrieved from /home/airflow/.local/lib/python3.12/site-packages/airflow/example_dags/example_complex.py
[2024-05-02T22:52:33.525+0000] {logging_mixin.py:188} INFO - [2024-05-02T22:52:33.524+0000] {dag.py:3096} INFO - Sync 1 DAGs
[2024-05-02T22:52:33.619+0000] {logging_mixin.py:188} INFO - [2024-05-02T22:52:33.618+0000] {dag.py:3954} INFO - Setting next_dagrun for example_complex to None, run_after=None
[2024-05-02T22:52:33.746+0000] {processor.py:183} INFO - Processing /home/airflow/.local/lib/python3.12/site-packages/airflow/example_dags/example_complex.py took 0.453 seconds
[2024-05-02T22:53:04.020+0000] {processor.py:161} INFO - Started process (PID=2350) to work on /home/airflow/.local/lib/python3.12/site-packages/airflow/example_dags/example_complex.py
[2024-05-02T22:53:04.022+0000] {processor.py:830} INFO - Processing file /home/airflow/.local/lib/python3.12/site-packages/airflow/example_dags/example_complex.py for tasks to queue
[2024-05-02T22:53:04.026+0000] {logging_mixin.py:188} INFO - [2024-05-02T22:53:04.025+0000] {dagbag.py:540} INFO - Filling up the DagBag from /home/airflow/.local/lib/python3.12/site-packages/airflow/example_dags/example_complex.py
[2024-05-02T22:53:04.064+0000] {processor.py:840} INFO - DAG(s) 'example_complex' retrieved from /home/airflow/.local/lib/python3.12/site-packages/airflow/example_dags/example_complex.py
[2024-05-02T22:53:04.174+0000] {logging_mixin.py:188} INFO - [2024-05-02T22:53:04.173+0000] {dag.py:3096} INFO - Sync 1 DAGs
[2024-05-02T22:53:04.253+0000] {logging_mixin.py:188} INFO - [2024-05-02T22:53:04.252+0000] {dag.py:3954} INFO - Setting next_dagrun for example_complex to None, run_after=None
[2024-05-02T22:53:04.332+0000] {processor.py:183} INFO - Processing /home/airflow/.local/lib/python3.12/site-packages/airflow/example_dags/example_complex.py took 0.333 seconds
[2024-05-02T22:53:34.788+0000] {processor.py:161} INFO - Started process (PID=2408) to work on /home/airflow/.local/lib/python3.12/site-packages/airflow/example_dags/example_complex.py
[2024-05-02T22:53:34.790+0000] {processor.py:830} INFO - Processing file /home/airflow/.local/lib/python3.12/site-packages/airflow/example_dags/example_complex.py for tasks to queue
[2024-05-02T22:53:34.794+0000] {logging_mixin.py:188} INFO - [2024-05-02T22:53:34.794+0000] {dagbag.py:540} INFO - Filling up the DagBag from /home/airflow/.local/lib/python3.12/site-packages/airflow/example_dags/example_complex.py
[2024-05-02T22:53:34.830+0000] {processor.py:840} INFO - DAG(s) 'example_complex' retrieved from /home/airflow/.local/lib/python3.12/site-packages/airflow/example_dags/example_complex.py
[2024-05-02T22:53:34.989+0000] {logging_mixin.py:188} INFO - [2024-05-02T22:53:34.989+0000] {dag.py:3096} INFO - Sync 1 DAGs
[2024-05-02T22:53:35.028+0000] {logging_mixin.py:188} INFO - [2024-05-02T22:53:35.028+0000] {dag.py:3954} INFO - Setting next_dagrun for example_complex to None, run_after=None
[2024-05-02T22:53:35.080+0000] {processor.py:183} INFO - Processing /home/airflow/.local/lib/python3.12/site-packages/airflow/example_dags/example_complex.py took 0.306 seconds
[2024-05-02T22:54:05.773+0000] {processor.py:161} INFO - Started process (PID=2467) to work on /home/airflow/.local/lib/python3.12/site-packages/airflow/example_dags/example_complex.py
[2024-05-02T22:54:05.793+0000] {processor.py:830} INFO - Processing file /home/airflow/.local/lib/python3.12/site-packages/airflow/example_dags/example_complex.py for tasks to queue
[2024-05-02T22:54:05.801+0000] {logging_mixin.py:188} INFO - [2024-05-02T22:54:05.800+0000] {dagbag.py:540} INFO - Filling up the DagBag from /home/airflow/.local/lib/python3.12/site-packages/airflow/example_dags/example_complex.py
[2024-05-02T22:54:05.888+0000] {processor.py:840} INFO - DAG(s) 'example_complex' retrieved from /home/airflow/.local/lib/python3.12/site-packages/airflow/example_dags/example_complex.py
[2024-05-02T22:54:05.957+0000] {logging_mixin.py:188} INFO - [2024-05-02T22:54:05.957+0000] {dag.py:3096} INFO - Sync 1 DAGs
[2024-05-02T22:54:06.162+0000] {logging_mixin.py:188} INFO - [2024-05-02T22:54:06.162+0000] {dag.py:3954} INFO - Setting next_dagrun for example_complex to None, run_after=None
[2024-05-02T22:54:06.479+0000] {processor.py:183} INFO - Processing /home/airflow/.local/lib/python3.12/site-packages/airflow/example_dags/example_complex.py took 0.730 seconds
[2024-05-02T22:54:37.425+0000] {processor.py:161} INFO - Started process (PID=2532) to work on /home/airflow/.local/lib/python3.12/site-packages/airflow/example_dags/example_complex.py
[2024-05-02T22:54:37.436+0000] {processor.py:830} INFO - Processing file /home/airflow/.local/lib/python3.12/site-packages/airflow/example_dags/example_complex.py for tasks to queue
[2024-05-02T22:54:37.451+0000] {logging_mixin.py:188} INFO - [2024-05-02T22:54:37.445+0000] {dagbag.py:540} INFO - Filling up the DagBag from /home/airflow/.local/lib/python3.12/site-packages/airflow/example_dags/example_complex.py
[2024-05-02T22:54:37.478+0000] {processor.py:840} INFO - DAG(s) 'example_complex' retrieved from /home/airflow/.local/lib/python3.12/site-packages/airflow/example_dags/example_complex.py
[2024-05-02T22:54:37.802+0000] {logging_mixin.py:188} INFO - [2024-05-02T22:54:37.802+0000] {dag.py:3096} INFO - Sync 1 DAGs
[2024-05-02T22:54:37.834+0000] {logging_mixin.py:188} INFO - [2024-05-02T22:54:37.834+0000] {dag.py:3954} INFO - Setting next_dagrun for example_complex to None, run_after=None
[2024-05-02T22:54:37.889+0000] {processor.py:183} INFO - Processing /home/airflow/.local/lib/python3.12/site-packages/airflow/example_dags/example_complex.py took 0.482 seconds
[2024-05-02T22:55:08.210+0000] {processor.py:161} INFO - Started process (PID=2591) to work on /home/airflow/.local/lib/python3.12/site-packages/airflow/example_dags/example_complex.py
[2024-05-02T22:55:08.212+0000] {processor.py:830} INFO - Processing file /home/airflow/.local/lib/python3.12/site-packages/airflow/example_dags/example_complex.py for tasks to queue
[2024-05-02T22:55:08.216+0000] {logging_mixin.py:188} INFO - [2024-05-02T22:55:08.216+0000] {dagbag.py:540} INFO - Filling up the DagBag from /home/airflow/.local/lib/python3.12/site-packages/airflow/example_dags/example_complex.py
[2024-05-02T22:55:08.241+0000] {processor.py:840} INFO - DAG(s) 'example_complex' retrieved from /home/airflow/.local/lib/python3.12/site-packages/airflow/example_dags/example_complex.py
[2024-05-02T22:55:08.310+0000] {logging_mixin.py:188} INFO - [2024-05-02T22:55:08.309+0000] {dag.py:3096} INFO - Sync 1 DAGs
[2024-05-02T22:55:08.340+0000] {logging_mixin.py:188} INFO - [2024-05-02T22:55:08.339+0000] {dag.py:3954} INFO - Setting next_dagrun for example_complex to None, run_after=None
[2024-05-02T22:55:08.383+0000] {processor.py:183} INFO - Processing /home/airflow/.local/lib/python3.12/site-packages/airflow/example_dags/example_complex.py took 0.188 seconds
[2024-05-02T22:55:38.519+0000] {processor.py:161} INFO - Started process (PID=2651) to work on /home/airflow/.local/lib/python3.12/site-packages/airflow/example_dags/example_complex.py
[2024-05-02T22:55:38.521+0000] {processor.py:830} INFO - Processing file /home/airflow/.local/lib/python3.12/site-packages/airflow/example_dags/example_complex.py for tasks to queue
[2024-05-02T22:55:38.525+0000] {logging_mixin.py:188} INFO - [2024-05-02T22:55:38.524+0000] {dagbag.py:540} INFO - Filling up the DagBag from /home/airflow/.local/lib/python3.12/site-packages/airflow/example_dags/example_complex.py
[2024-05-02T22:55:38.548+0000] {processor.py:840} INFO - DAG(s) 'example_complex' retrieved from /home/airflow/.local/lib/python3.12/site-packages/airflow/example_dags/example_complex.py
[2024-05-02T22:55:38.714+0000] {logging_mixin.py:188} INFO - [2024-05-02T22:55:38.713+0000] {dag.py:3096} INFO - Sync 1 DAGs
[2024-05-02T22:55:38.771+0000] {logging_mixin.py:188} INFO - [2024-05-02T22:55:38.770+0000] {dag.py:3954} INFO - Setting next_dagrun for example_complex to None, run_after=None
[2024-05-02T22:55:38.890+0000] {processor.py:183} INFO - Processing /home/airflow/.local/lib/python3.12/site-packages/airflow/example_dags/example_complex.py took 0.387 seconds
[2024-05-02T22:56:09.032+0000] {processor.py:161} INFO - Started process (PID=2711) to work on /home/airflow/.local/lib/python3.12/site-packages/airflow/example_dags/example_complex.py
[2024-05-02T22:56:09.034+0000] {processor.py:830} INFO - Processing file /home/airflow/.local/lib/python3.12/site-packages/airflow/example_dags/example_complex.py for tasks to queue
[2024-05-02T22:56:09.040+0000] {logging_mixin.py:188} INFO - [2024-05-02T22:56:09.039+0000] {dagbag.py:540} INFO - Filling up the DagBag from /home/airflow/.local/lib/python3.12/site-packages/airflow/example_dags/example_complex.py
[2024-05-02T22:56:09.084+0000] {processor.py:840} INFO - DAG(s) 'example_complex' retrieved from /home/airflow/.local/lib/python3.12/site-packages/airflow/example_dags/example_complex.py
[2024-05-02T22:56:09.265+0000] {logging_mixin.py:188} INFO - [2024-05-02T22:56:09.264+0000] {dag.py:3096} INFO - Sync 1 DAGs
[2024-05-02T22:56:09.314+0000] {logging_mixin.py:188} INFO - [2024-05-02T22:56:09.314+0000] {dag.py:3954} INFO - Setting next_dagrun for example_complex to None, run_after=None
[2024-05-02T22:56:09.382+0000] {processor.py:183} INFO - Processing /home/airflow/.local/lib/python3.12/site-packages/airflow/example_dags/example_complex.py took 0.365 seconds
[2024-05-02T22:57:12.593+0000] {processor.py:161} INFO - Started process (PID=70) to work on /home/airflow/.local/lib/python3.12/site-packages/airflow/example_dags/example_complex.py
[2024-05-02T22:57:12.594+0000] {processor.py:830} INFO - Processing file /home/airflow/.local/lib/python3.12/site-packages/airflow/example_dags/example_complex.py for tasks to queue
[2024-05-02T22:57:12.599+0000] {logging_mixin.py:188} INFO - [2024-05-02T22:57:12.598+0000] {dagbag.py:540} INFO - Filling up the DagBag from /home/airflow/.local/lib/python3.12/site-packages/airflow/example_dags/example_complex.py
[2024-05-02T22:57:12.633+0000] {processor.py:840} INFO - DAG(s) 'example_complex' retrieved from /home/airflow/.local/lib/python3.12/site-packages/airflow/example_dags/example_complex.py
[2024-05-02T22:57:12.719+0000] {logging_mixin.py:188} INFO - [2024-05-02T22:57:12.718+0000] {dag.py:3096} INFO - Sync 1 DAGs
[2024-05-02T22:57:12.766+0000] {logging_mixin.py:188} INFO - [2024-05-02T22:57:12.765+0000] {dag.py:3954} INFO - Setting next_dagrun for example_complex to None, run_after=None
[2024-05-02T22:57:12.820+0000] {processor.py:183} INFO - Processing /home/airflow/.local/lib/python3.12/site-packages/airflow/example_dags/example_complex.py took 0.243 seconds
[2024-05-02T22:58:04.594+0000] {processor.py:161} INFO - Started process (PID=139) to work on /home/airflow/.local/lib/python3.12/site-packages/airflow/example_dags/example_complex.py
[2024-05-02T22:58:04.596+0000] {processor.py:830} INFO - Processing file /home/airflow/.local/lib/python3.12/site-packages/airflow/example_dags/example_complex.py for tasks to queue
[2024-05-02T22:58:04.600+0000] {logging_mixin.py:188} INFO - [2024-05-02T22:58:04.599+0000] {dagbag.py:540} INFO - Filling up the DagBag from /home/airflow/.local/lib/python3.12/site-packages/airflow/example_dags/example_complex.py
[2024-05-02T22:58:04.690+0000] {processor.py:840} INFO - DAG(s) 'example_complex' retrieved from /home/airflow/.local/lib/python3.12/site-packages/airflow/example_dags/example_complex.py
[2024-05-02T22:58:04.847+0000] {logging_mixin.py:188} INFO - [2024-05-02T22:58:04.846+0000] {dag.py:3096} INFO - Sync 1 DAGs
[2024-05-02T22:58:04.945+0000] {logging_mixin.py:188} INFO - [2024-05-02T22:58:04.944+0000] {dag.py:3954} INFO - Setting next_dagrun for example_complex to None, run_after=None
[2024-05-02T22:58:05.008+0000] {processor.py:183} INFO - Processing /home/airflow/.local/lib/python3.12/site-packages/airflow/example_dags/example_complex.py took 0.479 seconds
[2024-05-02T22:58:44.822+0000] {processor.py:161} INFO - Started process (PID=198) to work on /home/airflow/.local/lib/python3.12/site-packages/airflow/example_dags/example_complex.py
[2024-05-02T22:58:44.830+0000] {processor.py:830} INFO - Processing file /home/airflow/.local/lib/python3.12/site-packages/airflow/example_dags/example_complex.py for tasks to queue
[2024-05-02T22:58:44.846+0000] {logging_mixin.py:188} INFO - [2024-05-02T22:58:44.843+0000] {dagbag.py:540} INFO - Filling up the DagBag from /home/airflow/.local/lib/python3.12/site-packages/airflow/example_dags/example_complex.py
[2024-05-02T22:58:44.917+0000] {processor.py:840} INFO - DAG(s) 'example_complex' retrieved from /home/airflow/.local/lib/python3.12/site-packages/airflow/example_dags/example_complex.py
[2024-05-02T22:58:45.181+0000] {logging_mixin.py:188} INFO - [2024-05-02T22:58:45.180+0000] {dag.py:3096} INFO - Sync 1 DAGs
[2024-05-02T22:58:45.259+0000] {logging_mixin.py:188} INFO - [2024-05-02T22:58:45.259+0000] {dag.py:3954} INFO - Setting next_dagrun for example_complex to None, run_after=None
[2024-05-02T22:58:45.369+0000] {processor.py:183} INFO - Processing /home/airflow/.local/lib/python3.12/site-packages/airflow/example_dags/example_complex.py took 0.585 seconds
[2024-05-02T22:59:15.750+0000] {processor.py:161} INFO - Started process (PID=261) to work on /home/airflow/.local/lib/python3.12/site-packages/airflow/example_dags/example_complex.py
[2024-05-02T22:59:15.763+0000] {processor.py:830} INFO - Processing file /home/airflow/.local/lib/python3.12/site-packages/airflow/example_dags/example_complex.py for tasks to queue
[2024-05-02T22:59:15.768+0000] {logging_mixin.py:188} INFO - [2024-05-02T22:59:15.767+0000] {dagbag.py:540} INFO - Filling up the DagBag from /home/airflow/.local/lib/python3.12/site-packages/airflow/example_dags/example_complex.py
[2024-05-02T22:59:15.818+0000] {processor.py:840} INFO - DAG(s) 'example_complex' retrieved from /home/airflow/.local/lib/python3.12/site-packages/airflow/example_dags/example_complex.py
[2024-05-02T22:59:15.956+0000] {logging_mixin.py:188} INFO - [2024-05-02T22:59:15.953+0000] {dag.py:3096} INFO - Sync 1 DAGs
[2024-05-02T22:59:16.012+0000] {logging_mixin.py:188} INFO - [2024-05-02T22:59:16.011+0000] {dag.py:3954} INFO - Setting next_dagrun for example_complex to None, run_after=None
[2024-05-02T22:59:16.108+0000] {processor.py:183} INFO - Processing /home/airflow/.local/lib/python3.12/site-packages/airflow/example_dags/example_complex.py took 0.373 seconds
[2024-05-02T22:59:46.667+0000] {processor.py:161} INFO - Started process (PID=324) to work on /home/airflow/.local/lib/python3.12/site-packages/airflow/example_dags/example_complex.py
[2024-05-02T22:59:46.676+0000] {processor.py:830} INFO - Processing file /home/airflow/.local/lib/python3.12/site-packages/airflow/example_dags/example_complex.py for tasks to queue
[2024-05-02T22:59:46.682+0000] {logging_mixin.py:188} INFO - [2024-05-02T22:59:46.681+0000] {dagbag.py:540} INFO - Filling up the DagBag from /home/airflow/.local/lib/python3.12/site-packages/airflow/example_dags/example_complex.py
[2024-05-02T22:59:46.746+0000] {processor.py:840} INFO - DAG(s) 'example_complex' retrieved from /home/airflow/.local/lib/python3.12/site-packages/airflow/example_dags/example_complex.py
[2024-05-02T22:59:46.878+0000] {logging_mixin.py:188} INFO - [2024-05-02T22:59:46.877+0000] {dag.py:3096} INFO - Sync 1 DAGs
[2024-05-02T22:59:46.918+0000] {logging_mixin.py:188} INFO - [2024-05-02T22:59:46.918+0000] {dag.py:3954} INFO - Setting next_dagrun for example_complex to None, run_after=None
[2024-05-02T22:59:47.050+0000] {processor.py:183} INFO - Processing /home/airflow/.local/lib/python3.12/site-packages/airflow/example_dags/example_complex.py took 0.420 seconds
[2024-05-02T23:00:19.436+0000] {processor.py:161} INFO - Started process (PID=382) to work on /home/airflow/.local/lib/python3.12/site-packages/airflow/example_dags/example_complex.py
[2024-05-02T23:00:19.438+0000] {processor.py:830} INFO - Processing file /home/airflow/.local/lib/python3.12/site-packages/airflow/example_dags/example_complex.py for tasks to queue
[2024-05-02T23:00:19.443+0000] {logging_mixin.py:188} INFO - [2024-05-02T23:00:19.442+0000] {dagbag.py:540} INFO - Filling up the DagBag from /home/airflow/.local/lib/python3.12/site-packages/airflow/example_dags/example_complex.py
[2024-05-02T23:00:19.494+0000] {processor.py:840} INFO - DAG(s) 'example_complex' retrieved from /home/airflow/.local/lib/python3.12/site-packages/airflow/example_dags/example_complex.py
[2024-05-02T23:00:19.626+0000] {logging_mixin.py:188} INFO - [2024-05-02T23:00:19.626+0000] {dag.py:3096} INFO - Sync 1 DAGs
[2024-05-02T23:00:19.679+0000] {logging_mixin.py:188} INFO - [2024-05-02T23:00:19.678+0000] {dag.py:3954} INFO - Setting next_dagrun for example_complex to None, run_after=None
[2024-05-02T23:00:19.788+0000] {processor.py:183} INFO - Processing /home/airflow/.local/lib/python3.12/site-packages/airflow/example_dags/example_complex.py took 0.376 seconds
[2024-05-02T23:00:50.716+0000] {processor.py:161} INFO - Started process (PID=441) to work on /home/airflow/.local/lib/python3.12/site-packages/airflow/example_dags/example_complex.py
[2024-05-02T23:00:50.720+0000] {processor.py:830} INFO - Processing file /home/airflow/.local/lib/python3.12/site-packages/airflow/example_dags/example_complex.py for tasks to queue
[2024-05-02T23:00:50.727+0000] {logging_mixin.py:188} INFO - [2024-05-02T23:00:50.726+0000] {dagbag.py:540} INFO - Filling up the DagBag from /home/airflow/.local/lib/python3.12/site-packages/airflow/example_dags/example_complex.py
[2024-05-02T23:00:50.772+0000] {processor.py:840} INFO - DAG(s) 'example_complex' retrieved from /home/airflow/.local/lib/python3.12/site-packages/airflow/example_dags/example_complex.py
[2024-05-02T23:00:50.997+0000] {logging_mixin.py:188} INFO - [2024-05-02T23:00:50.996+0000] {dag.py:3096} INFO - Sync 1 DAGs
[2024-05-02T23:00:51.059+0000] {logging_mixin.py:188} INFO - [2024-05-02T23:00:51.059+0000] {dag.py:3954} INFO - Setting next_dagrun for example_complex to None, run_after=None
[2024-05-02T23:00:51.165+0000] {processor.py:183} INFO - Processing /home/airflow/.local/lib/python3.12/site-packages/airflow/example_dags/example_complex.py took 0.469 seconds
[2024-05-02T23:01:22.099+0000] {processor.py:161} INFO - Started process (PID=502) to work on /home/airflow/.local/lib/python3.12/site-packages/airflow/example_dags/example_complex.py
[2024-05-02T23:01:22.110+0000] {processor.py:830} INFO - Processing file /home/airflow/.local/lib/python3.12/site-packages/airflow/example_dags/example_complex.py for tasks to queue
[2024-05-02T23:01:22.118+0000] {logging_mixin.py:188} INFO - [2024-05-02T23:01:22.117+0000] {dagbag.py:540} INFO - Filling up the DagBag from /home/airflow/.local/lib/python3.12/site-packages/airflow/example_dags/example_complex.py
[2024-05-02T23:01:22.236+0000] {processor.py:840} INFO - DAG(s) 'example_complex' retrieved from /home/airflow/.local/lib/python3.12/site-packages/airflow/example_dags/example_complex.py
[2024-05-02T23:01:22.496+0000] {logging_mixin.py:188} INFO - [2024-05-02T23:01:22.495+0000] {dag.py:3096} INFO - Sync 1 DAGs
[2024-05-02T23:01:22.572+0000] {logging_mixin.py:188} INFO - [2024-05-02T23:01:22.572+0000] {dag.py:3954} INFO - Setting next_dagrun for example_complex to None, run_after=None
[2024-05-02T23:01:22.746+0000] {processor.py:183} INFO - Processing /home/airflow/.local/lib/python3.12/site-packages/airflow/example_dags/example_complex.py took 0.687 seconds
[2024-05-02T23:01:53.247+0000] {processor.py:161} INFO - Started process (PID=559) to work on /home/airflow/.local/lib/python3.12/site-packages/airflow/example_dags/example_complex.py
[2024-05-02T23:01:53.249+0000] {processor.py:830} INFO - Processing file /home/airflow/.local/lib/python3.12/site-packages/airflow/example_dags/example_complex.py for tasks to queue
[2024-05-02T23:01:53.254+0000] {logging_mixin.py:188} INFO - [2024-05-02T23:01:53.254+0000] {dagbag.py:540} INFO - Filling up the DagBag from /home/airflow/.local/lib/python3.12/site-packages/airflow/example_dags/example_complex.py
[2024-05-02T23:01:53.286+0000] {processor.py:840} INFO - DAG(s) 'example_complex' retrieved from /home/airflow/.local/lib/python3.12/site-packages/airflow/example_dags/example_complex.py
[2024-05-02T23:01:53.530+0000] {logging_mixin.py:188} INFO - [2024-05-02T23:01:53.529+0000] {dag.py:3096} INFO - Sync 1 DAGs
[2024-05-02T23:01:53.644+0000] {logging_mixin.py:188} INFO - [2024-05-02T23:01:53.644+0000] {dag.py:3954} INFO - Setting next_dagrun for example_complex to None, run_after=None
[2024-05-02T23:01:53.843+0000] {processor.py:183} INFO - Processing /home/airflow/.local/lib/python3.12/site-packages/airflow/example_dags/example_complex.py took 0.613 seconds
[2024-05-02T23:02:24.428+0000] {processor.py:161} INFO - Started process (PID=619) to work on /home/airflow/.local/lib/python3.12/site-packages/airflow/example_dags/example_complex.py
[2024-05-02T23:02:24.430+0000] {processor.py:830} INFO - Processing file /home/airflow/.local/lib/python3.12/site-packages/airflow/example_dags/example_complex.py for tasks to queue
[2024-05-02T23:02:24.434+0000] {logging_mixin.py:188} INFO - [2024-05-02T23:02:24.433+0000] {dagbag.py:540} INFO - Filling up the DagBag from /home/airflow/.local/lib/python3.12/site-packages/airflow/example_dags/example_complex.py
[2024-05-02T23:02:24.457+0000] {processor.py:840} INFO - DAG(s) 'example_complex' retrieved from /home/airflow/.local/lib/python3.12/site-packages/airflow/example_dags/example_complex.py
[2024-05-02T23:02:24.530+0000] {logging_mixin.py:188} INFO - [2024-05-02T23:02:24.530+0000] {dag.py:3096} INFO - Sync 1 DAGs
[2024-05-02T23:02:24.558+0000] {logging_mixin.py:188} INFO - [2024-05-02T23:02:24.558+0000] {dag.py:3954} INFO - Setting next_dagrun for example_complex to None, run_after=None
[2024-05-02T23:02:24.606+0000] {processor.py:183} INFO - Processing /home/airflow/.local/lib/python3.12/site-packages/airflow/example_dags/example_complex.py took 0.187 seconds
[2024-05-02T23:02:55.024+0000] {processor.py:161} INFO - Started process (PID=678) to work on /home/airflow/.local/lib/python3.12/site-packages/airflow/example_dags/example_complex.py
[2024-05-02T23:02:55.025+0000] {processor.py:830} INFO - Processing file /home/airflow/.local/lib/python3.12/site-packages/airflow/example_dags/example_complex.py for tasks to queue
[2024-05-02T23:02:55.030+0000] {logging_mixin.py:188} INFO - [2024-05-02T23:02:55.028+0000] {dagbag.py:540} INFO - Filling up the DagBag from /home/airflow/.local/lib/python3.12/site-packages/airflow/example_dags/example_complex.py
[2024-05-02T23:02:55.060+0000] {processor.py:840} INFO - DAG(s) 'example_complex' retrieved from /home/airflow/.local/lib/python3.12/site-packages/airflow/example_dags/example_complex.py
[2024-05-02T23:02:55.171+0000] {logging_mixin.py:188} INFO - [2024-05-02T23:02:55.171+0000] {dag.py:3096} INFO - Sync 1 DAGs
[2024-05-02T23:02:55.207+0000] {logging_mixin.py:188} INFO - [2024-05-02T23:02:55.207+0000] {dag.py:3954} INFO - Setting next_dagrun for example_complex to None, run_after=None
[2024-05-02T23:02:55.283+0000] {processor.py:183} INFO - Processing /home/airflow/.local/lib/python3.12/site-packages/airflow/example_dags/example_complex.py took 0.272 seconds
[2024-05-02T23:03:25.686+0000] {processor.py:161} INFO - Started process (PID=737) to work on /home/airflow/.local/lib/python3.12/site-packages/airflow/example_dags/example_complex.py
[2024-05-02T23:03:25.687+0000] {processor.py:830} INFO - Processing file /home/airflow/.local/lib/python3.12/site-packages/airflow/example_dags/example_complex.py for tasks to queue
[2024-05-02T23:03:25.691+0000] {logging_mixin.py:188} INFO - [2024-05-02T23:03:25.690+0000] {dagbag.py:540} INFO - Filling up the DagBag from /home/airflow/.local/lib/python3.12/site-packages/airflow/example_dags/example_complex.py
[2024-05-02T23:03:25.725+0000] {processor.py:840} INFO - DAG(s) 'example_complex' retrieved from /home/airflow/.local/lib/python3.12/site-packages/airflow/example_dags/example_complex.py
[2024-05-02T23:03:25.827+0000] {logging_mixin.py:188} INFO - [2024-05-02T23:03:25.827+0000] {dag.py:3096} INFO - Sync 1 DAGs
[2024-05-02T23:03:25.872+0000] {logging_mixin.py:188} INFO - [2024-05-02T23:03:25.871+0000] {dag.py:3954} INFO - Setting next_dagrun for example_complex to None, run_after=None
[2024-05-02T23:03:25.924+0000] {processor.py:183} INFO - Processing /home/airflow/.local/lib/python3.12/site-packages/airflow/example_dags/example_complex.py took 0.249 seconds
[2024-05-02T23:03:56.376+0000] {processor.py:161} INFO - Started process (PID=796) to work on /home/airflow/.local/lib/python3.12/site-packages/airflow/example_dags/example_complex.py
[2024-05-02T23:03:56.378+0000] {processor.py:830} INFO - Processing file /home/airflow/.local/lib/python3.12/site-packages/airflow/example_dags/example_complex.py for tasks to queue
[2024-05-02T23:03:56.382+0000] {logging_mixin.py:188} INFO - [2024-05-02T23:03:56.381+0000] {dagbag.py:540} INFO - Filling up the DagBag from /home/airflow/.local/lib/python3.12/site-packages/airflow/example_dags/example_complex.py
[2024-05-02T23:03:56.404+0000] {processor.py:840} INFO - DAG(s) 'example_complex' retrieved from /home/airflow/.local/lib/python3.12/site-packages/airflow/example_dags/example_complex.py
[2024-05-02T23:03:56.487+0000] {logging_mixin.py:188} INFO - [2024-05-02T23:03:56.486+0000] {dag.py:3096} INFO - Sync 1 DAGs
[2024-05-02T23:03:56.564+0000] {logging_mixin.py:188} INFO - [2024-05-02T23:03:56.564+0000] {dag.py:3954} INFO - Setting next_dagrun for example_complex to None, run_after=None
[2024-05-02T23:03:56.640+0000] {processor.py:183} INFO - Processing /home/airflow/.local/lib/python3.12/site-packages/airflow/example_dags/example_complex.py took 0.277 seconds
[2024-05-02T23:04:26.783+0000] {processor.py:161} INFO - Started process (PID=855) to work on /home/airflow/.local/lib/python3.12/site-packages/airflow/example_dags/example_complex.py
[2024-05-02T23:04:26.792+0000] {processor.py:830} INFO - Processing file /home/airflow/.local/lib/python3.12/site-packages/airflow/example_dags/example_complex.py for tasks to queue
[2024-05-02T23:04:26.797+0000] {logging_mixin.py:188} INFO - [2024-05-02T23:04:26.796+0000] {dagbag.py:540} INFO - Filling up the DagBag from /home/airflow/.local/lib/python3.12/site-packages/airflow/example_dags/example_complex.py
[2024-05-02T23:04:26.872+0000] {processor.py:840} INFO - DAG(s) 'example_complex' retrieved from /home/airflow/.local/lib/python3.12/site-packages/airflow/example_dags/example_complex.py
[2024-05-02T23:04:27.407+0000] {logging_mixin.py:188} INFO - [2024-05-02T23:04:27.407+0000] {dag.py:3096} INFO - Sync 1 DAGs
[2024-05-02T23:04:27.439+0000] {logging_mixin.py:188} INFO - [2024-05-02T23:04:27.438+0000] {dag.py:3954} INFO - Setting next_dagrun for example_complex to None, run_after=None
[2024-05-02T23:04:27.495+0000] {processor.py:183} INFO - Processing /home/airflow/.local/lib/python3.12/site-packages/airflow/example_dags/example_complex.py took 0.727 seconds
[2024-05-02T23:04:57.960+0000] {processor.py:161} INFO - Started process (PID=920) to work on /home/airflow/.local/lib/python3.12/site-packages/airflow/example_dags/example_complex.py
[2024-05-02T23:04:57.962+0000] {processor.py:830} INFO - Processing file /home/airflow/.local/lib/python3.12/site-packages/airflow/example_dags/example_complex.py for tasks to queue
[2024-05-02T23:04:57.966+0000] {logging_mixin.py:188} INFO - [2024-05-02T23:04:57.965+0000] {dagbag.py:540} INFO - Filling up the DagBag from /home/airflow/.local/lib/python3.12/site-packages/airflow/example_dags/example_complex.py
[2024-05-02T23:04:57.998+0000] {processor.py:840} INFO - DAG(s) 'example_complex' retrieved from /home/airflow/.local/lib/python3.12/site-packages/airflow/example_dags/example_complex.py
[2024-05-02T23:04:58.074+0000] {logging_mixin.py:188} INFO - [2024-05-02T23:04:58.074+0000] {dag.py:3096} INFO - Sync 1 DAGs
[2024-05-02T23:04:58.114+0000] {logging_mixin.py:188} INFO - [2024-05-02T23:04:58.114+0000] {dag.py:3954} INFO - Setting next_dagrun for example_complex to None, run_after=None
[2024-05-02T23:04:58.412+0000] {processor.py:183} INFO - Processing /home/airflow/.local/lib/python3.12/site-packages/airflow/example_dags/example_complex.py took 0.463 seconds
[2024-05-02T23:05:28.627+0000] {processor.py:161} INFO - Started process (PID=978) to work on /home/airflow/.local/lib/python3.12/site-packages/airflow/example_dags/example_complex.py
[2024-05-02T23:05:28.629+0000] {processor.py:830} INFO - Processing file /home/airflow/.local/lib/python3.12/site-packages/airflow/example_dags/example_complex.py for tasks to queue
[2024-05-02T23:05:28.634+0000] {logging_mixin.py:188} INFO - [2024-05-02T23:05:28.634+0000] {dagbag.py:540} INFO - Filling up the DagBag from /home/airflow/.local/lib/python3.12/site-packages/airflow/example_dags/example_complex.py
[2024-05-02T23:05:28.664+0000] {processor.py:840} INFO - DAG(s) 'example_complex' retrieved from /home/airflow/.local/lib/python3.12/site-packages/airflow/example_dags/example_complex.py
[2024-05-02T23:05:28.740+0000] {logging_mixin.py:188} INFO - [2024-05-02T23:05:28.739+0000] {dag.py:3096} INFO - Sync 1 DAGs
[2024-05-02T23:05:28.773+0000] {logging_mixin.py:188} INFO - [2024-05-02T23:05:28.772+0000] {dag.py:3954} INFO - Setting next_dagrun for example_complex to None, run_after=None
[2024-05-02T23:05:28.826+0000] {processor.py:183} INFO - Processing /home/airflow/.local/lib/python3.12/site-packages/airflow/example_dags/example_complex.py took 0.210 seconds
[2024-05-02T23:05:59.743+0000] {processor.py:161} INFO - Started process (PID=1037) to work on /home/airflow/.local/lib/python3.12/site-packages/airflow/example_dags/example_complex.py
[2024-05-02T23:05:59.744+0000] {processor.py:830} INFO - Processing file /home/airflow/.local/lib/python3.12/site-packages/airflow/example_dags/example_complex.py for tasks to queue
[2024-05-02T23:05:59.749+0000] {logging_mixin.py:188} INFO - [2024-05-02T23:05:59.748+0000] {dagbag.py:540} INFO - Filling up the DagBag from /home/airflow/.local/lib/python3.12/site-packages/airflow/example_dags/example_complex.py
[2024-05-02T23:05:59.783+0000] {processor.py:840} INFO - DAG(s) 'example_complex' retrieved from /home/airflow/.local/lib/python3.12/site-packages/airflow/example_dags/example_complex.py
[2024-05-02T23:05:59.860+0000] {logging_mixin.py:188} INFO - [2024-05-02T23:05:59.860+0000] {dag.py:3096} INFO - Sync 1 DAGs
[2024-05-02T23:05:59.900+0000] {logging_mixin.py:188} INFO - [2024-05-02T23:05:59.899+0000] {dag.py:3954} INFO - Setting next_dagrun for example_complex to None, run_after=None
[2024-05-02T23:05:59.958+0000] {processor.py:183} INFO - Processing /home/airflow/.local/lib/python3.12/site-packages/airflow/example_dags/example_complex.py took 0.230 seconds
[2024-05-02T23:06:30.749+0000] {processor.py:161} INFO - Started process (PID=1096) to work on /home/airflow/.local/lib/python3.12/site-packages/airflow/example_dags/example_complex.py
[2024-05-02T23:06:30.752+0000] {processor.py:830} INFO - Processing file /home/airflow/.local/lib/python3.12/site-packages/airflow/example_dags/example_complex.py for tasks to queue
[2024-05-02T23:06:30.758+0000] {logging_mixin.py:188} INFO - [2024-05-02T23:06:30.757+0000] {dagbag.py:540} INFO - Filling up the DagBag from /home/airflow/.local/lib/python3.12/site-packages/airflow/example_dags/example_complex.py
[2024-05-02T23:06:30.788+0000] {processor.py:840} INFO - DAG(s) 'example_complex' retrieved from /home/airflow/.local/lib/python3.12/site-packages/airflow/example_dags/example_complex.py
[2024-05-02T23:06:30.897+0000] {logging_mixin.py:188} INFO - [2024-05-02T23:06:30.896+0000] {dag.py:3096} INFO - Sync 1 DAGs
[2024-05-02T23:06:30.939+0000] {logging_mixin.py:188} INFO - [2024-05-02T23:06:30.938+0000] {dag.py:3954} INFO - Setting next_dagrun for example_complex to None, run_after=None
[2024-05-02T23:06:30.996+0000] {processor.py:183} INFO - Processing /home/airflow/.local/lib/python3.12/site-packages/airflow/example_dags/example_complex.py took 0.264 seconds
