[2024-05-02T22:20:55.370+0000] {processor.py:161} INFO - Started process (PID=68) to work on /home/airflow/.local/lib/python3.12/site-packages/airflow/example_dags/example_setup_teardown.py
[2024-05-02T22:20:55.372+0000] {processor.py:830} INFO - Processing file /home/airflow/.local/lib/python3.12/site-packages/airflow/example_dags/example_setup_teardown.py for tasks to queue
[2024-05-02T22:20:55.378+0000] {logging_mixin.py:188} INFO - [2024-05-02T22:20:55.376+0000] {dagbag.py:540} INFO - Filling up the DagBag from /home/airflow/.local/lib/python3.12/site-packages/airflow/example_dags/example_setup_teardown.py
[2024-05-02T22:20:55.394+0000] {processor.py:840} INFO - DAG(s) 'example_setup_teardown' retrieved from /home/airflow/.local/lib/python3.12/site-packages/airflow/example_dags/example_setup_teardown.py
[2024-05-02T22:20:55.618+0000] {logging_mixin.py:188} INFO - [2024-05-02T22:20:55.618+0000] {dag.py:3096} INFO - Sync 1 DAGs
[2024-05-02T22:20:55.685+0000] {logging_mixin.py:188} INFO - [2024-05-02T22:20:55.684+0000] {dag.py:3954} INFO - Setting next_dagrun for example_setup_teardown to 2024-05-01 00:00:00+00:00, run_after=2024-05-02 00:00:00+00:00
[2024-05-02T22:20:55.735+0000] {processor.py:183} INFO - Processing /home/airflow/.local/lib/python3.12/site-packages/airflow/example_dags/example_setup_teardown.py took 0.377 seconds
[2024-05-02T22:21:37.342+0000] {processor.py:161} INFO - Started process (PID=126) to work on /home/airflow/.local/lib/python3.12/site-packages/airflow/example_dags/example_setup_teardown.py
[2024-05-02T22:21:37.370+0000] {processor.py:830} INFO - Processing file /home/airflow/.local/lib/python3.12/site-packages/airflow/example_dags/example_setup_teardown.py for tasks to queue
[2024-05-02T22:21:37.387+0000] {logging_mixin.py:188} INFO - [2024-05-02T22:21:37.386+0000] {dagbag.py:540} INFO - Filling up the DagBag from /home/airflow/.local/lib/python3.12/site-packages/airflow/example_dags/example_setup_teardown.py
[2024-05-02T22:21:37.476+0000] {processor.py:840} INFO - DAG(s) 'example_setup_teardown' retrieved from /home/airflow/.local/lib/python3.12/site-packages/airflow/example_dags/example_setup_teardown.py
[2024-05-02T22:21:37.615+0000] {logging_mixin.py:188} INFO - [2024-05-02T22:21:37.614+0000] {dag.py:3096} INFO - Sync 1 DAGs
[2024-05-02T22:21:37.824+0000] {logging_mixin.py:188} INFO - [2024-05-02T22:21:37.823+0000] {dag.py:3954} INFO - Setting next_dagrun for example_setup_teardown to 2024-05-01 00:00:00+00:00, run_after=2024-05-02 00:00:00+00:00
[2024-05-02T22:21:38.086+0000] {processor.py:183} INFO - Processing /home/airflow/.local/lib/python3.12/site-packages/airflow/example_dags/example_setup_teardown.py took 0.792 seconds
[2024-05-02T22:22:58.239+0000] {processor.py:161} INFO - Started process (PID=207) to work on /home/airflow/.local/lib/python3.12/site-packages/airflow/example_dags/example_setup_teardown.py
[2024-05-02T22:22:58.251+0000] {processor.py:830} INFO - Processing file /home/airflow/.local/lib/python3.12/site-packages/airflow/example_dags/example_setup_teardown.py for tasks to queue
[2024-05-02T22:22:58.257+0000] {logging_mixin.py:188} INFO - [2024-05-02T22:22:58.256+0000] {dagbag.py:540} INFO - Filling up the DagBag from /home/airflow/.local/lib/python3.12/site-packages/airflow/example_dags/example_setup_teardown.py
[2024-05-02T22:22:58.374+0000] {processor.py:840} INFO - DAG(s) 'example_setup_teardown' retrieved from /home/airflow/.local/lib/python3.12/site-packages/airflow/example_dags/example_setup_teardown.py
[2024-05-02T22:22:58.555+0000] {logging_mixin.py:188} INFO - [2024-05-02T22:22:58.554+0000] {dag.py:3096} INFO - Sync 1 DAGs
[2024-05-02T22:22:58.756+0000] {logging_mixin.py:188} INFO - [2024-05-02T22:22:58.755+0000] {dag.py:3954} INFO - Setting next_dagrun for example_setup_teardown to 2024-05-01 00:00:00+00:00, run_after=2024-05-02 00:00:00+00:00
[2024-05-02T22:22:59.188+0000] {processor.py:183} INFO - Processing /home/airflow/.local/lib/python3.12/site-packages/airflow/example_dags/example_setup_teardown.py took 1.015 seconds
[2024-05-02T22:32:37.728+0000] {processor.py:161} INFO - Started process (PID=68) to work on /home/airflow/.local/lib/python3.12/site-packages/airflow/example_dags/example_setup_teardown.py
[2024-05-02T22:32:37.732+0000] {processor.py:830} INFO - Processing file /home/airflow/.local/lib/python3.12/site-packages/airflow/example_dags/example_setup_teardown.py for tasks to queue
[2024-05-02T22:32:37.737+0000] {logging_mixin.py:188} INFO - [2024-05-02T22:32:37.736+0000] {dagbag.py:540} INFO - Filling up the DagBag from /home/airflow/.local/lib/python3.12/site-packages/airflow/example_dags/example_setup_teardown.py
[2024-05-02T22:32:37.812+0000] {processor.py:840} INFO - DAG(s) 'example_setup_teardown' retrieved from /home/airflow/.local/lib/python3.12/site-packages/airflow/example_dags/example_setup_teardown.py
[2024-05-02T22:32:39.418+0000] {logging_mixin.py:188} INFO - [2024-05-02T22:32:39.418+0000] {dag.py:3096} INFO - Sync 1 DAGs
[2024-05-02T22:32:39.613+0000] {logging_mixin.py:188} INFO - [2024-05-02T22:32:39.612+0000] {dag.py:3954} INFO - Setting next_dagrun for example_setup_teardown to 2024-05-01 00:00:00+00:00, run_after=2024-05-02 00:00:00+00:00
[2024-05-02T22:32:39.723+0000] {processor.py:183} INFO - Processing /home/airflow/.local/lib/python3.12/site-packages/airflow/example_dags/example_setup_teardown.py took 2.025 seconds
[2024-05-02T22:33:10.099+0000] {processor.py:161} INFO - Started process (PID=127) to work on /home/airflow/.local/lib/python3.12/site-packages/airflow/example_dags/example_setup_teardown.py
[2024-05-02T22:33:10.101+0000] {processor.py:830} INFO - Processing file /home/airflow/.local/lib/python3.12/site-packages/airflow/example_dags/example_setup_teardown.py for tasks to queue
[2024-05-02T22:33:10.110+0000] {logging_mixin.py:188} INFO - [2024-05-02T22:33:10.109+0000] {dagbag.py:540} INFO - Filling up the DagBag from /home/airflow/.local/lib/python3.12/site-packages/airflow/example_dags/example_setup_teardown.py
[2024-05-02T22:33:10.156+0000] {processor.py:840} INFO - DAG(s) 'example_setup_teardown' retrieved from /home/airflow/.local/lib/python3.12/site-packages/airflow/example_dags/example_setup_teardown.py
[2024-05-02T22:33:10.248+0000] {logging_mixin.py:188} INFO - [2024-05-02T22:33:10.247+0000] {dag.py:3096} INFO - Sync 1 DAGs
[2024-05-02T22:33:10.391+0000] {logging_mixin.py:188} INFO - [2024-05-02T22:33:10.390+0000] {dag.py:3954} INFO - Setting next_dagrun for example_setup_teardown to 2024-05-01 00:00:00+00:00, run_after=2024-05-02 00:00:00+00:00
[2024-05-02T22:33:10.493+0000] {processor.py:183} INFO - Processing /home/airflow/.local/lib/python3.12/site-packages/airflow/example_dags/example_setup_teardown.py took 0.411 seconds
[2024-05-02T22:33:41.984+0000] {processor.py:161} INFO - Started process (PID=186) to work on /home/airflow/.local/lib/python3.12/site-packages/airflow/example_dags/example_setup_teardown.py
[2024-05-02T22:33:41.999+0000] {processor.py:830} INFO - Processing file /home/airflow/.local/lib/python3.12/site-packages/airflow/example_dags/example_setup_teardown.py for tasks to queue
[2024-05-02T22:33:42.008+0000] {logging_mixin.py:188} INFO - [2024-05-02T22:33:42.006+0000] {dagbag.py:540} INFO - Filling up the DagBag from /home/airflow/.local/lib/python3.12/site-packages/airflow/example_dags/example_setup_teardown.py
[2024-05-02T22:33:42.083+0000] {processor.py:840} INFO - DAG(s) 'example_setup_teardown' retrieved from /home/airflow/.local/lib/python3.12/site-packages/airflow/example_dags/example_setup_teardown.py
[2024-05-02T22:33:42.327+0000] {logging_mixin.py:188} INFO - [2024-05-02T22:33:42.327+0000] {dag.py:3096} INFO - Sync 1 DAGs
[2024-05-02T22:33:42.775+0000] {logging_mixin.py:188} INFO - [2024-05-02T22:33:42.774+0000] {dag.py:3954} INFO - Setting next_dagrun for example_setup_teardown to 2024-05-01 00:00:00+00:00, run_after=2024-05-02 00:00:00+00:00
[2024-05-02T22:33:43.043+0000] {processor.py:183} INFO - Processing /home/airflow/.local/lib/python3.12/site-packages/airflow/example_dags/example_setup_teardown.py took 1.086 seconds
[2024-05-02T22:34:13.542+0000] {processor.py:161} INFO - Started process (PID=245) to work on /home/airflow/.local/lib/python3.12/site-packages/airflow/example_dags/example_setup_teardown.py
[2024-05-02T22:34:13.557+0000] {processor.py:830} INFO - Processing file /home/airflow/.local/lib/python3.12/site-packages/airflow/example_dags/example_setup_teardown.py for tasks to queue
[2024-05-02T22:34:13.571+0000] {logging_mixin.py:188} INFO - [2024-05-02T22:34:13.570+0000] {dagbag.py:540} INFO - Filling up the DagBag from /home/airflow/.local/lib/python3.12/site-packages/airflow/example_dags/example_setup_teardown.py
[2024-05-02T22:34:13.624+0000] {processor.py:840} INFO - DAG(s) 'example_setup_teardown' retrieved from /home/airflow/.local/lib/python3.12/site-packages/airflow/example_dags/example_setup_teardown.py
[2024-05-02T22:34:13.879+0000] {logging_mixin.py:188} INFO - [2024-05-02T22:34:13.879+0000] {dag.py:3096} INFO - Sync 1 DAGs
[2024-05-02T22:34:14.053+0000] {logging_mixin.py:188} INFO - [2024-05-02T22:34:14.052+0000] {dag.py:3954} INFO - Setting next_dagrun for example_setup_teardown to 2024-05-01 00:00:00+00:00, run_after=2024-05-02 00:00:00+00:00
[2024-05-02T22:34:14.174+0000] {processor.py:183} INFO - Processing /home/airflow/.local/lib/python3.12/site-packages/airflow/example_dags/example_setup_teardown.py took 0.670 seconds
[2024-05-02T22:34:44.926+0000] {processor.py:161} INFO - Started process (PID=305) to work on /home/airflow/.local/lib/python3.12/site-packages/airflow/example_dags/example_setup_teardown.py
[2024-05-02T22:34:44.967+0000] {processor.py:830} INFO - Processing file /home/airflow/.local/lib/python3.12/site-packages/airflow/example_dags/example_setup_teardown.py for tasks to queue
[2024-05-02T22:34:45.017+0000] {logging_mixin.py:188} INFO - [2024-05-02T22:34:45.014+0000] {dagbag.py:540} INFO - Filling up the DagBag from /home/airflow/.local/lib/python3.12/site-packages/airflow/example_dags/example_setup_teardown.py
[2024-05-02T22:34:45.243+0000] {processor.py:840} INFO - DAG(s) 'example_setup_teardown' retrieved from /home/airflow/.local/lib/python3.12/site-packages/airflow/example_dags/example_setup_teardown.py
[2024-05-02T22:34:45.655+0000] {logging_mixin.py:188} INFO - [2024-05-02T22:34:45.655+0000] {dag.py:3096} INFO - Sync 1 DAGs
[2024-05-02T22:34:45.952+0000] {logging_mixin.py:188} INFO - [2024-05-02T22:34:45.951+0000] {dag.py:3954} INFO - Setting next_dagrun for example_setup_teardown to 2024-05-01 00:00:00+00:00, run_after=2024-05-02 00:00:00+00:00
[2024-05-02T22:34:46.063+0000] {processor.py:183} INFO - Processing /home/airflow/.local/lib/python3.12/site-packages/airflow/example_dags/example_setup_teardown.py took 1.207 seconds
[2024-05-02T22:35:16.680+0000] {processor.py:161} INFO - Started process (PID=363) to work on /home/airflow/.local/lib/python3.12/site-packages/airflow/example_dags/example_setup_teardown.py
[2024-05-02T22:35:16.682+0000] {processor.py:830} INFO - Processing file /home/airflow/.local/lib/python3.12/site-packages/airflow/example_dags/example_setup_teardown.py for tasks to queue
[2024-05-02T22:35:16.686+0000] {logging_mixin.py:188} INFO - [2024-05-02T22:35:16.686+0000] {dagbag.py:540} INFO - Filling up the DagBag from /home/airflow/.local/lib/python3.12/site-packages/airflow/example_dags/example_setup_teardown.py
[2024-05-02T22:35:16.699+0000] {processor.py:840} INFO - DAG(s) 'example_setup_teardown' retrieved from /home/airflow/.local/lib/python3.12/site-packages/airflow/example_dags/example_setup_teardown.py
[2024-05-02T22:35:16.964+0000] {logging_mixin.py:188} INFO - [2024-05-02T22:35:16.963+0000] {dag.py:3096} INFO - Sync 1 DAGs
[2024-05-02T22:35:17.012+0000] {logging_mixin.py:188} INFO - [2024-05-02T22:35:17.011+0000] {dag.py:3954} INFO - Setting next_dagrun for example_setup_teardown to 2024-05-01 00:00:00+00:00, run_after=2024-05-02 00:00:00+00:00
[2024-05-02T22:35:17.059+0000] {processor.py:183} INFO - Processing /home/airflow/.local/lib/python3.12/site-packages/airflow/example_dags/example_setup_teardown.py took 0.389 seconds
[2024-05-02T22:35:47.621+0000] {processor.py:161} INFO - Started process (PID=421) to work on /home/airflow/.local/lib/python3.12/site-packages/airflow/example_dags/example_setup_teardown.py
[2024-05-02T22:35:47.630+0000] {processor.py:830} INFO - Processing file /home/airflow/.local/lib/python3.12/site-packages/airflow/example_dags/example_setup_teardown.py for tasks to queue
[2024-05-02T22:35:47.651+0000] {logging_mixin.py:188} INFO - [2024-05-02T22:35:47.650+0000] {dagbag.py:540} INFO - Filling up the DagBag from /home/airflow/.local/lib/python3.12/site-packages/airflow/example_dags/example_setup_teardown.py
[2024-05-02T22:35:47.668+0000] {processor.py:840} INFO - DAG(s) 'example_setup_teardown' retrieved from /home/airflow/.local/lib/python3.12/site-packages/airflow/example_dags/example_setup_teardown.py
[2024-05-02T22:35:47.765+0000] {logging_mixin.py:188} INFO - [2024-05-02T22:35:47.764+0000] {dag.py:3096} INFO - Sync 1 DAGs
[2024-05-02T22:35:47.891+0000] {logging_mixin.py:188} INFO - [2024-05-02T22:35:47.890+0000] {dag.py:3954} INFO - Setting next_dagrun for example_setup_teardown to 2024-05-01 00:00:00+00:00, run_after=2024-05-02 00:00:00+00:00
[2024-05-02T22:35:48.029+0000] {processor.py:183} INFO - Processing /home/airflow/.local/lib/python3.12/site-packages/airflow/example_dags/example_setup_teardown.py took 0.428 seconds
[2024-05-02T22:36:21.809+0000] {processor.py:161} INFO - Started process (PID=479) to work on /home/airflow/.local/lib/python3.12/site-packages/airflow/example_dags/example_setup_teardown.py
[2024-05-02T22:36:21.826+0000] {processor.py:830} INFO - Processing file /home/airflow/.local/lib/python3.12/site-packages/airflow/example_dags/example_setup_teardown.py for tasks to queue
[2024-05-02T22:36:21.840+0000] {logging_mixin.py:188} INFO - [2024-05-02T22:36:21.839+0000] {dagbag.py:540} INFO - Filling up the DagBag from /home/airflow/.local/lib/python3.12/site-packages/airflow/example_dags/example_setup_teardown.py
[2024-05-02T22:36:21.882+0000] {processor.py:840} INFO - DAG(s) 'example_setup_teardown' retrieved from /home/airflow/.local/lib/python3.12/site-packages/airflow/example_dags/example_setup_teardown.py
[2024-05-02T22:36:21.981+0000] {logging_mixin.py:188} INFO - [2024-05-02T22:36:21.980+0000] {dag.py:3096} INFO - Sync 1 DAGs
[2024-05-02T22:36:22.098+0000] {logging_mixin.py:188} INFO - [2024-05-02T22:36:22.097+0000] {dag.py:3954} INFO - Setting next_dagrun for example_setup_teardown to 2024-05-01 00:00:00+00:00, run_after=2024-05-02 00:00:00+00:00
[2024-05-02T22:36:22.197+0000] {processor.py:183} INFO - Processing /home/airflow/.local/lib/python3.12/site-packages/airflow/example_dags/example_setup_teardown.py took 0.442 seconds
[2024-05-02T22:36:55.066+0000] {processor.py:161} INFO - Started process (PID=538) to work on /home/airflow/.local/lib/python3.12/site-packages/airflow/example_dags/example_setup_teardown.py
[2024-05-02T22:36:55.086+0000] {processor.py:830} INFO - Processing file /home/airflow/.local/lib/python3.12/site-packages/airflow/example_dags/example_setup_teardown.py for tasks to queue
[2024-05-02T22:36:55.107+0000] {logging_mixin.py:188} INFO - [2024-05-02T22:36:55.106+0000] {dagbag.py:540} INFO - Filling up the DagBag from /home/airflow/.local/lib/python3.12/site-packages/airflow/example_dags/example_setup_teardown.py
[2024-05-02T22:36:55.176+0000] {processor.py:840} INFO - DAG(s) 'example_setup_teardown' retrieved from /home/airflow/.local/lib/python3.12/site-packages/airflow/example_dags/example_setup_teardown.py
[2024-05-02T22:36:55.351+0000] {logging_mixin.py:188} INFO - [2024-05-02T22:36:55.350+0000] {dag.py:3096} INFO - Sync 1 DAGs
[2024-05-02T22:36:55.754+0000] {logging_mixin.py:188} INFO - [2024-05-02T22:36:55.754+0000] {dag.py:3954} INFO - Setting next_dagrun for example_setup_teardown to 2024-05-01 00:00:00+00:00, run_after=2024-05-02 00:00:00+00:00
[2024-05-02T22:36:56.074+0000] {processor.py:183} INFO - Processing /home/airflow/.local/lib/python3.12/site-packages/airflow/example_dags/example_setup_teardown.py took 1.065 seconds
[2024-05-02T22:37:28.062+0000] {processor.py:161} INFO - Started process (PID=598) to work on /home/airflow/.local/lib/python3.12/site-packages/airflow/example_dags/example_setup_teardown.py
[2024-05-02T22:37:28.065+0000] {processor.py:830} INFO - Processing file /home/airflow/.local/lib/python3.12/site-packages/airflow/example_dags/example_setup_teardown.py for tasks to queue
[2024-05-02T22:37:28.076+0000] {logging_mixin.py:188} INFO - [2024-05-02T22:37:28.075+0000] {dagbag.py:540} INFO - Filling up the DagBag from /home/airflow/.local/lib/python3.12/site-packages/airflow/example_dags/example_setup_teardown.py
[2024-05-02T22:37:28.103+0000] {processor.py:840} INFO - DAG(s) 'example_setup_teardown' retrieved from /home/airflow/.local/lib/python3.12/site-packages/airflow/example_dags/example_setup_teardown.py
[2024-05-02T22:37:28.366+0000] {logging_mixin.py:188} INFO - [2024-05-02T22:37:28.366+0000] {dag.py:3096} INFO - Sync 1 DAGs
[2024-05-02T22:37:28.801+0000] {logging_mixin.py:188} INFO - [2024-05-02T22:37:28.800+0000] {dag.py:3954} INFO - Setting next_dagrun for example_setup_teardown to 2024-05-01 00:00:00+00:00, run_after=2024-05-02 00:00:00+00:00
[2024-05-02T22:37:28.926+0000] {processor.py:183} INFO - Processing /home/airflow/.local/lib/python3.12/site-packages/airflow/example_dags/example_setup_teardown.py took 0.896 seconds
[2024-05-02T22:38:00.519+0000] {processor.py:161} INFO - Started process (PID=656) to work on /home/airflow/.local/lib/python3.12/site-packages/airflow/example_dags/example_setup_teardown.py
[2024-05-02T22:38:00.522+0000] {processor.py:830} INFO - Processing file /home/airflow/.local/lib/python3.12/site-packages/airflow/example_dags/example_setup_teardown.py for tasks to queue
[2024-05-02T22:38:00.538+0000] {logging_mixin.py:188} INFO - [2024-05-02T22:38:00.537+0000] {dagbag.py:540} INFO - Filling up the DagBag from /home/airflow/.local/lib/python3.12/site-packages/airflow/example_dags/example_setup_teardown.py
[2024-05-02T22:38:00.569+0000] {processor.py:840} INFO - DAG(s) 'example_setup_teardown' retrieved from /home/airflow/.local/lib/python3.12/site-packages/airflow/example_dags/example_setup_teardown.py
[2024-05-02T22:38:00.671+0000] {logging_mixin.py:188} INFO - [2024-05-02T22:38:00.670+0000] {dag.py:3096} INFO - Sync 1 DAGs
[2024-05-02T22:38:00.807+0000] {logging_mixin.py:188} INFO - [2024-05-02T22:38:00.807+0000] {dag.py:3954} INFO - Setting next_dagrun for example_setup_teardown to 2024-05-01 00:00:00+00:00, run_after=2024-05-02 00:00:00+00:00
[2024-05-02T22:38:00.922+0000] {processor.py:183} INFO - Processing /home/airflow/.local/lib/python3.12/site-packages/airflow/example_dags/example_setup_teardown.py took 0.425 seconds
[2024-05-02T22:38:31.742+0000] {processor.py:161} INFO - Started process (PID=715) to work on /home/airflow/.local/lib/python3.12/site-packages/airflow/example_dags/example_setup_teardown.py
[2024-05-02T22:38:31.776+0000] {processor.py:830} INFO - Processing file /home/airflow/.local/lib/python3.12/site-packages/airflow/example_dags/example_setup_teardown.py for tasks to queue
[2024-05-02T22:38:31.824+0000] {logging_mixin.py:188} INFO - [2024-05-02T22:38:31.824+0000] {dagbag.py:540} INFO - Filling up the DagBag from /home/airflow/.local/lib/python3.12/site-packages/airflow/example_dags/example_setup_teardown.py
[2024-05-02T22:38:31.920+0000] {processor.py:840} INFO - DAG(s) 'example_setup_teardown' retrieved from /home/airflow/.local/lib/python3.12/site-packages/airflow/example_dags/example_setup_teardown.py
[2024-05-02T22:38:32.072+0000] {logging_mixin.py:188} INFO - [2024-05-02T22:38:32.070+0000] {dag.py:3096} INFO - Sync 1 DAGs
[2024-05-02T22:38:32.216+0000] {logging_mixin.py:188} INFO - [2024-05-02T22:38:32.215+0000] {dag.py:3954} INFO - Setting next_dagrun for example_setup_teardown to 2024-05-01 00:00:00+00:00, run_after=2024-05-02 00:00:00+00:00
[2024-05-02T22:38:32.292+0000] {processor.py:183} INFO - Processing /home/airflow/.local/lib/python3.12/site-packages/airflow/example_dags/example_setup_teardown.py took 0.586 seconds
[2024-05-02T22:39:13.184+0000] {processor.py:161} INFO - Started process (PID=774) to work on /home/airflow/.local/lib/python3.12/site-packages/airflow/example_dags/example_setup_teardown.py
[2024-05-02T22:39:13.186+0000] {processor.py:830} INFO - Processing file /home/airflow/.local/lib/python3.12/site-packages/airflow/example_dags/example_setup_teardown.py for tasks to queue
[2024-05-02T22:39:13.191+0000] {logging_mixin.py:188} INFO - [2024-05-02T22:39:13.191+0000] {dagbag.py:540} INFO - Filling up the DagBag from /home/airflow/.local/lib/python3.12/site-packages/airflow/example_dags/example_setup_teardown.py
[2024-05-02T22:39:13.223+0000] {processor.py:840} INFO - DAG(s) 'example_setup_teardown' retrieved from /home/airflow/.local/lib/python3.12/site-packages/airflow/example_dags/example_setup_teardown.py
[2024-05-02T22:39:13.314+0000] {logging_mixin.py:188} INFO - [2024-05-02T22:39:13.313+0000] {dag.py:3096} INFO - Sync 1 DAGs
[2024-05-02T22:39:13.382+0000] {logging_mixin.py:188} INFO - [2024-05-02T22:39:13.381+0000] {dag.py:3954} INFO - Setting next_dagrun for example_setup_teardown to 2024-05-01 00:00:00+00:00, run_after=2024-05-02 00:00:00+00:00
[2024-05-02T22:39:13.500+0000] {processor.py:183} INFO - Processing /home/airflow/.local/lib/python3.12/site-packages/airflow/example_dags/example_setup_teardown.py took 0.331 seconds
[2024-05-02T22:39:52.863+0000] {processor.py:161} INFO - Started process (PID=832) to work on /home/airflow/.local/lib/python3.12/site-packages/airflow/example_dags/example_setup_teardown.py
[2024-05-02T22:39:52.866+0000] {processor.py:830} INFO - Processing file /home/airflow/.local/lib/python3.12/site-packages/airflow/example_dags/example_setup_teardown.py for tasks to queue
[2024-05-02T22:39:52.875+0000] {logging_mixin.py:188} INFO - [2024-05-02T22:39:52.874+0000] {dagbag.py:540} INFO - Filling up the DagBag from /home/airflow/.local/lib/python3.12/site-packages/airflow/example_dags/example_setup_teardown.py
[2024-05-02T22:39:52.993+0000] {processor.py:840} INFO - DAG(s) 'example_setup_teardown' retrieved from /home/airflow/.local/lib/python3.12/site-packages/airflow/example_dags/example_setup_teardown.py
[2024-05-02T22:39:54.006+0000] {logging_mixin.py:188} INFO - [2024-05-02T22:39:54.005+0000] {dag.py:3096} INFO - Sync 1 DAGs
[2024-05-02T22:39:54.582+0000] {logging_mixin.py:188} INFO - [2024-05-02T22:39:54.582+0000] {dag.py:3954} INFO - Setting next_dagrun for example_setup_teardown to 2024-05-01 00:00:00+00:00, run_after=2024-05-02 00:00:00+00:00
[2024-05-02T22:39:54.654+0000] {processor.py:183} INFO - Processing /home/airflow/.local/lib/python3.12/site-packages/airflow/example_dags/example_setup_teardown.py took 1.826 seconds
[2024-05-02T22:40:24.771+0000] {processor.py:161} INFO - Started process (PID=892) to work on /home/airflow/.local/lib/python3.12/site-packages/airflow/example_dags/example_setup_teardown.py
[2024-05-02T22:40:24.773+0000] {processor.py:830} INFO - Processing file /home/airflow/.local/lib/python3.12/site-packages/airflow/example_dags/example_setup_teardown.py for tasks to queue
[2024-05-02T22:40:24.777+0000] {logging_mixin.py:188} INFO - [2024-05-02T22:40:24.776+0000] {dagbag.py:540} INFO - Filling up the DagBag from /home/airflow/.local/lib/python3.12/site-packages/airflow/example_dags/example_setup_teardown.py
[2024-05-02T22:40:24.793+0000] {processor.py:840} INFO - DAG(s) 'example_setup_teardown' retrieved from /home/airflow/.local/lib/python3.12/site-packages/airflow/example_dags/example_setup_teardown.py
[2024-05-02T22:40:24.855+0000] {logging_mixin.py:188} INFO - [2024-05-02T22:40:24.854+0000] {dag.py:3096} INFO - Sync 1 DAGs
[2024-05-02T22:40:25.171+0000] {logging_mixin.py:188} INFO - [2024-05-02T22:40:25.171+0000] {dag.py:3954} INFO - Setting next_dagrun for example_setup_teardown to 2024-05-01 00:00:00+00:00, run_after=2024-05-02 00:00:00+00:00
[2024-05-02T22:40:25.213+0000] {processor.py:183} INFO - Processing /home/airflow/.local/lib/python3.12/site-packages/airflow/example_dags/example_setup_teardown.py took 0.453 seconds
[2024-05-02T22:40:55.580+0000] {processor.py:161} INFO - Started process (PID=951) to work on /home/airflow/.local/lib/python3.12/site-packages/airflow/example_dags/example_setup_teardown.py
[2024-05-02T22:40:55.582+0000] {processor.py:830} INFO - Processing file /home/airflow/.local/lib/python3.12/site-packages/airflow/example_dags/example_setup_teardown.py for tasks to queue
[2024-05-02T22:40:55.590+0000] {logging_mixin.py:188} INFO - [2024-05-02T22:40:55.589+0000] {dagbag.py:540} INFO - Filling up the DagBag from /home/airflow/.local/lib/python3.12/site-packages/airflow/example_dags/example_setup_teardown.py
[2024-05-02T22:40:55.608+0000] {processor.py:840} INFO - DAG(s) 'example_setup_teardown' retrieved from /home/airflow/.local/lib/python3.12/site-packages/airflow/example_dags/example_setup_teardown.py
[2024-05-02T22:40:55.671+0000] {logging_mixin.py:188} INFO - [2024-05-02T22:40:55.671+0000] {dag.py:3096} INFO - Sync 1 DAGs
[2024-05-02T22:40:55.857+0000] {logging_mixin.py:188} INFO - [2024-05-02T22:40:55.856+0000] {dag.py:3954} INFO - Setting next_dagrun for example_setup_teardown to 2024-05-01 00:00:00+00:00, run_after=2024-05-02 00:00:00+00:00
[2024-05-02T22:40:55.946+0000] {processor.py:183} INFO - Processing /home/airflow/.local/lib/python3.12/site-packages/airflow/example_dags/example_setup_teardown.py took 0.393 seconds
[2024-05-02T22:41:26.766+0000] {processor.py:161} INFO - Started process (PID=1010) to work on /home/airflow/.local/lib/python3.12/site-packages/airflow/example_dags/example_setup_teardown.py
[2024-05-02T22:41:26.769+0000] {processor.py:830} INFO - Processing file /home/airflow/.local/lib/python3.12/site-packages/airflow/example_dags/example_setup_teardown.py for tasks to queue
[2024-05-02T22:41:26.776+0000] {logging_mixin.py:188} INFO - [2024-05-02T22:41:26.775+0000] {dagbag.py:540} INFO - Filling up the DagBag from /home/airflow/.local/lib/python3.12/site-packages/airflow/example_dags/example_setup_teardown.py
[2024-05-02T22:41:26.801+0000] {processor.py:840} INFO - DAG(s) 'example_setup_teardown' retrieved from /home/airflow/.local/lib/python3.12/site-packages/airflow/example_dags/example_setup_teardown.py
[2024-05-02T22:41:26.880+0000] {logging_mixin.py:188} INFO - [2024-05-02T22:41:26.879+0000] {dag.py:3096} INFO - Sync 1 DAGs
[2024-05-02T22:41:26.944+0000] {logging_mixin.py:188} INFO - [2024-05-02T22:41:26.943+0000] {dag.py:3954} INFO - Setting next_dagrun for example_setup_teardown to 2024-05-01 00:00:00+00:00, run_after=2024-05-02 00:00:00+00:00
[2024-05-02T22:41:26.989+0000] {processor.py:183} INFO - Processing /home/airflow/.local/lib/python3.12/site-packages/airflow/example_dags/example_setup_teardown.py took 0.240 seconds
[2024-05-02T22:41:57.796+0000] {processor.py:161} INFO - Started process (PID=1069) to work on /home/airflow/.local/lib/python3.12/site-packages/airflow/example_dags/example_setup_teardown.py
[2024-05-02T22:41:57.798+0000] {processor.py:830} INFO - Processing file /home/airflow/.local/lib/python3.12/site-packages/airflow/example_dags/example_setup_teardown.py for tasks to queue
[2024-05-02T22:41:57.804+0000] {logging_mixin.py:188} INFO - [2024-05-02T22:41:57.803+0000] {dagbag.py:540} INFO - Filling up the DagBag from /home/airflow/.local/lib/python3.12/site-packages/airflow/example_dags/example_setup_teardown.py
[2024-05-02T22:41:57.824+0000] {processor.py:840} INFO - DAG(s) 'example_setup_teardown' retrieved from /home/airflow/.local/lib/python3.12/site-packages/airflow/example_dags/example_setup_teardown.py
[2024-05-02T22:41:57.883+0000] {logging_mixin.py:188} INFO - [2024-05-02T22:41:57.883+0000] {dag.py:3096} INFO - Sync 1 DAGs
[2024-05-02T22:41:57.931+0000] {logging_mixin.py:188} INFO - [2024-05-02T22:41:57.931+0000] {dag.py:3954} INFO - Setting next_dagrun for example_setup_teardown to 2024-05-01 00:00:00+00:00, run_after=2024-05-02 00:00:00+00:00
[2024-05-02T22:41:57.973+0000] {processor.py:183} INFO - Processing /home/airflow/.local/lib/python3.12/site-packages/airflow/example_dags/example_setup_teardown.py took 0.199 seconds
[2024-05-02T22:42:28.323+0000] {processor.py:161} INFO - Started process (PID=1128) to work on /home/airflow/.local/lib/python3.12/site-packages/airflow/example_dags/example_setup_teardown.py
[2024-05-02T22:42:28.327+0000] {processor.py:830} INFO - Processing file /home/airflow/.local/lib/python3.12/site-packages/airflow/example_dags/example_setup_teardown.py for tasks to queue
[2024-05-02T22:42:28.341+0000] {logging_mixin.py:188} INFO - [2024-05-02T22:42:28.341+0000] {dagbag.py:540} INFO - Filling up the DagBag from /home/airflow/.local/lib/python3.12/site-packages/airflow/example_dags/example_setup_teardown.py
[2024-05-02T22:42:28.356+0000] {processor.py:840} INFO - DAG(s) 'example_setup_teardown' retrieved from /home/airflow/.local/lib/python3.12/site-packages/airflow/example_dags/example_setup_teardown.py
[2024-05-02T22:42:28.407+0000] {logging_mixin.py:188} INFO - [2024-05-02T22:42:28.407+0000] {dag.py:3096} INFO - Sync 1 DAGs
[2024-05-02T22:42:28.460+0000] {logging_mixin.py:188} INFO - [2024-05-02T22:42:28.460+0000] {dag.py:3954} INFO - Setting next_dagrun for example_setup_teardown to 2024-05-01 00:00:00+00:00, run_after=2024-05-02 00:00:00+00:00
[2024-05-02T22:42:28.507+0000] {processor.py:183} INFO - Processing /home/airflow/.local/lib/python3.12/site-packages/airflow/example_dags/example_setup_teardown.py took 0.198 seconds
[2024-05-02T22:42:58.747+0000] {processor.py:161} INFO - Started process (PID=1187) to work on /home/airflow/.local/lib/python3.12/site-packages/airflow/example_dags/example_setup_teardown.py
[2024-05-02T22:42:58.750+0000] {processor.py:830} INFO - Processing file /home/airflow/.local/lib/python3.12/site-packages/airflow/example_dags/example_setup_teardown.py for tasks to queue
[2024-05-02T22:42:58.759+0000] {logging_mixin.py:188} INFO - [2024-05-02T22:42:58.756+0000] {dagbag.py:540} INFO - Filling up the DagBag from /home/airflow/.local/lib/python3.12/site-packages/airflow/example_dags/example_setup_teardown.py
[2024-05-02T22:42:58.784+0000] {processor.py:840} INFO - DAG(s) 'example_setup_teardown' retrieved from /home/airflow/.local/lib/python3.12/site-packages/airflow/example_dags/example_setup_teardown.py
[2024-05-02T22:42:58.860+0000] {logging_mixin.py:188} INFO - [2024-05-02T22:42:58.859+0000] {dag.py:3096} INFO - Sync 1 DAGs
[2024-05-02T22:42:58.925+0000] {logging_mixin.py:188} INFO - [2024-05-02T22:42:58.925+0000] {dag.py:3954} INFO - Setting next_dagrun for example_setup_teardown to 2024-05-01 00:00:00+00:00, run_after=2024-05-02 00:00:00+00:00
[2024-05-02T22:42:58.965+0000] {processor.py:183} INFO - Processing /home/airflow/.local/lib/python3.12/site-packages/airflow/example_dags/example_setup_teardown.py took 0.237 seconds
[2024-05-02T22:43:29.632+0000] {processor.py:161} INFO - Started process (PID=1246) to work on /home/airflow/.local/lib/python3.12/site-packages/airflow/example_dags/example_setup_teardown.py
[2024-05-02T22:43:29.643+0000] {processor.py:830} INFO - Processing file /home/airflow/.local/lib/python3.12/site-packages/airflow/example_dags/example_setup_teardown.py for tasks to queue
[2024-05-02T22:43:29.662+0000] {logging_mixin.py:188} INFO - [2024-05-02T22:43:29.661+0000] {dagbag.py:540} INFO - Filling up the DagBag from /home/airflow/.local/lib/python3.12/site-packages/airflow/example_dags/example_setup_teardown.py
[2024-05-02T22:43:29.711+0000] {processor.py:840} INFO - DAG(s) 'example_setup_teardown' retrieved from /home/airflow/.local/lib/python3.12/site-packages/airflow/example_dags/example_setup_teardown.py
[2024-05-02T22:43:29.806+0000] {logging_mixin.py:188} INFO - [2024-05-02T22:43:29.806+0000] {dag.py:3096} INFO - Sync 1 DAGs
[2024-05-02T22:43:29.948+0000] {logging_mixin.py:188} INFO - [2024-05-02T22:43:29.947+0000] {dag.py:3954} INFO - Setting next_dagrun for example_setup_teardown to 2024-05-01 00:00:00+00:00, run_after=2024-05-02 00:00:00+00:00
[2024-05-02T22:43:30.114+0000] {processor.py:183} INFO - Processing /home/airflow/.local/lib/python3.12/site-packages/airflow/example_dags/example_setup_teardown.py took 0.504 seconds
[2024-05-02T22:44:01.467+0000] {processor.py:161} INFO - Started process (PID=1305) to work on /home/airflow/.local/lib/python3.12/site-packages/airflow/example_dags/example_setup_teardown.py
[2024-05-02T22:44:01.481+0000] {processor.py:830} INFO - Processing file /home/airflow/.local/lib/python3.12/site-packages/airflow/example_dags/example_setup_teardown.py for tasks to queue
[2024-05-02T22:44:01.489+0000] {logging_mixin.py:188} INFO - [2024-05-02T22:44:01.488+0000] {dagbag.py:540} INFO - Filling up the DagBag from /home/airflow/.local/lib/python3.12/site-packages/airflow/example_dags/example_setup_teardown.py
[2024-05-02T22:44:01.531+0000] {processor.py:840} INFO - DAG(s) 'example_setup_teardown' retrieved from /home/airflow/.local/lib/python3.12/site-packages/airflow/example_dags/example_setup_teardown.py
[2024-05-02T22:44:01.673+0000] {logging_mixin.py:188} INFO - [2024-05-02T22:44:01.673+0000] {dag.py:3096} INFO - Sync 1 DAGs
[2024-05-02T22:44:01.875+0000] {logging_mixin.py:188} INFO - [2024-05-02T22:44:01.874+0000] {dag.py:3954} INFO - Setting next_dagrun for example_setup_teardown to 2024-05-01 00:00:00+00:00, run_after=2024-05-02 00:00:00+00:00
[2024-05-02T22:44:02.000+0000] {processor.py:183} INFO - Processing /home/airflow/.local/lib/python3.12/site-packages/airflow/example_dags/example_setup_teardown.py took 0.555 seconds
[2024-05-02T22:44:32.436+0000] {processor.py:161} INFO - Started process (PID=1364) to work on /home/airflow/.local/lib/python3.12/site-packages/airflow/example_dags/example_setup_teardown.py
[2024-05-02T22:44:32.438+0000] {processor.py:830} INFO - Processing file /home/airflow/.local/lib/python3.12/site-packages/airflow/example_dags/example_setup_teardown.py for tasks to queue
[2024-05-02T22:44:32.442+0000] {logging_mixin.py:188} INFO - [2024-05-02T22:44:32.441+0000] {dagbag.py:540} INFO - Filling up the DagBag from /home/airflow/.local/lib/python3.12/site-packages/airflow/example_dags/example_setup_teardown.py
[2024-05-02T22:44:32.453+0000] {processor.py:840} INFO - DAG(s) 'example_setup_teardown' retrieved from /home/airflow/.local/lib/python3.12/site-packages/airflow/example_dags/example_setup_teardown.py
[2024-05-02T22:44:32.499+0000] {logging_mixin.py:188} INFO - [2024-05-02T22:44:32.498+0000] {dag.py:3096} INFO - Sync 1 DAGs
[2024-05-02T22:44:32.551+0000] {logging_mixin.py:188} INFO - [2024-05-02T22:44:32.550+0000] {dag.py:3954} INFO - Setting next_dagrun for example_setup_teardown to 2024-05-01 00:00:00+00:00, run_after=2024-05-02 00:00:00+00:00
[2024-05-02T22:44:32.592+0000] {processor.py:183} INFO - Processing /home/airflow/.local/lib/python3.12/site-packages/airflow/example_dags/example_setup_teardown.py took 0.173 seconds
[2024-05-02T22:45:03.063+0000] {processor.py:161} INFO - Started process (PID=1423) to work on /home/airflow/.local/lib/python3.12/site-packages/airflow/example_dags/example_setup_teardown.py
[2024-05-02T22:45:03.066+0000] {processor.py:830} INFO - Processing file /home/airflow/.local/lib/python3.12/site-packages/airflow/example_dags/example_setup_teardown.py for tasks to queue
[2024-05-02T22:45:03.070+0000] {logging_mixin.py:188} INFO - [2024-05-02T22:45:03.069+0000] {dagbag.py:540} INFO - Filling up the DagBag from /home/airflow/.local/lib/python3.12/site-packages/airflow/example_dags/example_setup_teardown.py
[2024-05-02T22:45:03.087+0000] {processor.py:840} INFO - DAG(s) 'example_setup_teardown' retrieved from /home/airflow/.local/lib/python3.12/site-packages/airflow/example_dags/example_setup_teardown.py
[2024-05-02T22:45:03.148+0000] {logging_mixin.py:188} INFO - [2024-05-02T22:45:03.147+0000] {dag.py:3096} INFO - Sync 1 DAGs
[2024-05-02T22:45:03.196+0000] {logging_mixin.py:188} INFO - [2024-05-02T22:45:03.195+0000] {dag.py:3954} INFO - Setting next_dagrun for example_setup_teardown to 2024-05-01 00:00:00+00:00, run_after=2024-05-02 00:00:00+00:00
[2024-05-02T22:45:03.275+0000] {processor.py:183} INFO - Processing /home/airflow/.local/lib/python3.12/site-packages/airflow/example_dags/example_setup_teardown.py took 0.232 seconds
[2024-05-02T22:45:33.707+0000] {processor.py:161} INFO - Started process (PID=1482) to work on /home/airflow/.local/lib/python3.12/site-packages/airflow/example_dags/example_setup_teardown.py
[2024-05-02T22:45:33.708+0000] {processor.py:830} INFO - Processing file /home/airflow/.local/lib/python3.12/site-packages/airflow/example_dags/example_setup_teardown.py for tasks to queue
[2024-05-02T22:45:33.712+0000] {logging_mixin.py:188} INFO - [2024-05-02T22:45:33.711+0000] {dagbag.py:540} INFO - Filling up the DagBag from /home/airflow/.local/lib/python3.12/site-packages/airflow/example_dags/example_setup_teardown.py
[2024-05-02T22:45:33.723+0000] {processor.py:840} INFO - DAG(s) 'example_setup_teardown' retrieved from /home/airflow/.local/lib/python3.12/site-packages/airflow/example_dags/example_setup_teardown.py
[2024-05-02T22:45:33.764+0000] {logging_mixin.py:188} INFO - [2024-05-02T22:45:33.763+0000] {dag.py:3096} INFO - Sync 1 DAGs
[2024-05-02T22:45:33.818+0000] {logging_mixin.py:188} INFO - [2024-05-02T22:45:33.818+0000] {dag.py:3954} INFO - Setting next_dagrun for example_setup_teardown to 2024-05-01 00:00:00+00:00, run_after=2024-05-02 00:00:00+00:00
[2024-05-02T22:45:33.877+0000] {processor.py:183} INFO - Processing /home/airflow/.local/lib/python3.12/site-packages/airflow/example_dags/example_setup_teardown.py took 0.182 seconds
[2024-05-02T22:46:04.551+0000] {processor.py:161} INFO - Started process (PID=1541) to work on /home/airflow/.local/lib/python3.12/site-packages/airflow/example_dags/example_setup_teardown.py
[2024-05-02T22:46:04.552+0000] {processor.py:830} INFO - Processing file /home/airflow/.local/lib/python3.12/site-packages/airflow/example_dags/example_setup_teardown.py for tasks to queue
[2024-05-02T22:46:04.557+0000] {logging_mixin.py:188} INFO - [2024-05-02T22:46:04.556+0000] {dagbag.py:540} INFO - Filling up the DagBag from /home/airflow/.local/lib/python3.12/site-packages/airflow/example_dags/example_setup_teardown.py
[2024-05-02T22:46:04.570+0000] {processor.py:840} INFO - DAG(s) 'example_setup_teardown' retrieved from /home/airflow/.local/lib/python3.12/site-packages/airflow/example_dags/example_setup_teardown.py
[2024-05-02T22:46:04.614+0000] {logging_mixin.py:188} INFO - [2024-05-02T22:46:04.613+0000] {dag.py:3096} INFO - Sync 1 DAGs
[2024-05-02T22:46:04.672+0000] {logging_mixin.py:188} INFO - [2024-05-02T22:46:04.672+0000] {dag.py:3954} INFO - Setting next_dagrun for example_setup_teardown to 2024-05-01 00:00:00+00:00, run_after=2024-05-02 00:00:00+00:00
[2024-05-02T22:46:04.746+0000] {processor.py:183} INFO - Processing /home/airflow/.local/lib/python3.12/site-packages/airflow/example_dags/example_setup_teardown.py took 0.206 seconds
[2024-05-02T22:46:35.005+0000] {processor.py:161} INFO - Started process (PID=1600) to work on /home/airflow/.local/lib/python3.12/site-packages/airflow/example_dags/example_setup_teardown.py
[2024-05-02T22:46:35.011+0000] {processor.py:830} INFO - Processing file /home/airflow/.local/lib/python3.12/site-packages/airflow/example_dags/example_setup_teardown.py for tasks to queue
[2024-05-02T22:46:35.016+0000] {logging_mixin.py:188} INFO - [2024-05-02T22:46:35.014+0000] {dagbag.py:540} INFO - Filling up the DagBag from /home/airflow/.local/lib/python3.12/site-packages/airflow/example_dags/example_setup_teardown.py
[2024-05-02T22:46:35.044+0000] {processor.py:840} INFO - DAG(s) 'example_setup_teardown' retrieved from /home/airflow/.local/lib/python3.12/site-packages/airflow/example_dags/example_setup_teardown.py
[2024-05-02T22:46:35.094+0000] {logging_mixin.py:188} INFO - [2024-05-02T22:46:35.094+0000] {dag.py:3096} INFO - Sync 1 DAGs
[2024-05-02T22:46:35.182+0000] {logging_mixin.py:188} INFO - [2024-05-02T22:46:35.182+0000] {dag.py:3954} INFO - Setting next_dagrun for example_setup_teardown to 2024-05-01 00:00:00+00:00, run_after=2024-05-02 00:00:00+00:00
[2024-05-02T22:46:35.257+0000] {processor.py:183} INFO - Processing /home/airflow/.local/lib/python3.12/site-packages/airflow/example_dags/example_setup_teardown.py took 0.267 seconds
[2024-05-02T22:47:05.816+0000] {processor.py:161} INFO - Started process (PID=1666) to work on /home/airflow/.local/lib/python3.12/site-packages/airflow/example_dags/example_setup_teardown.py
[2024-05-02T22:47:05.817+0000] {processor.py:830} INFO - Processing file /home/airflow/.local/lib/python3.12/site-packages/airflow/example_dags/example_setup_teardown.py for tasks to queue
[2024-05-02T22:47:05.821+0000] {logging_mixin.py:188} INFO - [2024-05-02T22:47:05.820+0000] {dagbag.py:540} INFO - Filling up the DagBag from /home/airflow/.local/lib/python3.12/site-packages/airflow/example_dags/example_setup_teardown.py
[2024-05-02T22:47:05.836+0000] {processor.py:840} INFO - DAG(s) 'example_setup_teardown' retrieved from /home/airflow/.local/lib/python3.12/site-packages/airflow/example_dags/example_setup_teardown.py
[2024-05-02T22:47:05.877+0000] {logging_mixin.py:188} INFO - [2024-05-02T22:47:05.877+0000] {dag.py:3096} INFO - Sync 1 DAGs
[2024-05-02T22:47:05.927+0000] {logging_mixin.py:188} INFO - [2024-05-02T22:47:05.927+0000] {dag.py:3954} INFO - Setting next_dagrun for example_setup_teardown to 2024-05-01 00:00:00+00:00, run_after=2024-05-02 00:00:00+00:00
[2024-05-02T22:47:05.976+0000] {processor.py:183} INFO - Processing /home/airflow/.local/lib/python3.12/site-packages/airflow/example_dags/example_setup_teardown.py took 0.173 seconds
[2024-05-02T22:47:36.889+0000] {processor.py:161} INFO - Started process (PID=1725) to work on /home/airflow/.local/lib/python3.12/site-packages/airflow/example_dags/example_setup_teardown.py
[2024-05-02T22:47:36.891+0000] {processor.py:830} INFO - Processing file /home/airflow/.local/lib/python3.12/site-packages/airflow/example_dags/example_setup_teardown.py for tasks to queue
[2024-05-02T22:47:36.897+0000] {logging_mixin.py:188} INFO - [2024-05-02T22:47:36.896+0000] {dagbag.py:540} INFO - Filling up the DagBag from /home/airflow/.local/lib/python3.12/site-packages/airflow/example_dags/example_setup_teardown.py
[2024-05-02T22:47:36.912+0000] {processor.py:840} INFO - DAG(s) 'example_setup_teardown' retrieved from /home/airflow/.local/lib/python3.12/site-packages/airflow/example_dags/example_setup_teardown.py
[2024-05-02T22:47:36.971+0000] {logging_mixin.py:188} INFO - [2024-05-02T22:47:36.970+0000] {dag.py:3096} INFO - Sync 1 DAGs
[2024-05-02T22:47:37.066+0000] {logging_mixin.py:188} INFO - [2024-05-02T22:47:37.065+0000] {dag.py:3954} INFO - Setting next_dagrun for example_setup_teardown to 2024-05-01 00:00:00+00:00, run_after=2024-05-02 00:00:00+00:00
[2024-05-02T22:47:37.137+0000] {processor.py:183} INFO - Processing /home/airflow/.local/lib/python3.12/site-packages/airflow/example_dags/example_setup_teardown.py took 0.268 seconds
[2024-05-02T22:48:07.634+0000] {processor.py:161} INFO - Started process (PID=1785) to work on /home/airflow/.local/lib/python3.12/site-packages/airflow/example_dags/example_setup_teardown.py
[2024-05-02T22:48:07.637+0000] {processor.py:830} INFO - Processing file /home/airflow/.local/lib/python3.12/site-packages/airflow/example_dags/example_setup_teardown.py for tasks to queue
[2024-05-02T22:48:07.651+0000] {logging_mixin.py:188} INFO - [2024-05-02T22:48:07.650+0000] {dagbag.py:540} INFO - Filling up the DagBag from /home/airflow/.local/lib/python3.12/site-packages/airflow/example_dags/example_setup_teardown.py
[2024-05-02T22:48:07.679+0000] {processor.py:840} INFO - DAG(s) 'example_setup_teardown' retrieved from /home/airflow/.local/lib/python3.12/site-packages/airflow/example_dags/example_setup_teardown.py
[2024-05-02T22:48:07.742+0000] {logging_mixin.py:188} INFO - [2024-05-02T22:48:07.741+0000] {dag.py:3096} INFO - Sync 1 DAGs
[2024-05-02T22:48:07.793+0000] {logging_mixin.py:188} INFO - [2024-05-02T22:48:07.792+0000] {dag.py:3954} INFO - Setting next_dagrun for example_setup_teardown to 2024-05-01 00:00:00+00:00, run_after=2024-05-02 00:00:00+00:00
[2024-05-02T22:48:07.833+0000] {processor.py:183} INFO - Processing /home/airflow/.local/lib/python3.12/site-packages/airflow/example_dags/example_setup_teardown.py took 0.214 seconds
[2024-05-02T22:48:38.095+0000] {processor.py:161} INFO - Started process (PID=1844) to work on /home/airflow/.local/lib/python3.12/site-packages/airflow/example_dags/example_setup_teardown.py
[2024-05-02T22:48:38.097+0000] {processor.py:830} INFO - Processing file /home/airflow/.local/lib/python3.12/site-packages/airflow/example_dags/example_setup_teardown.py for tasks to queue
[2024-05-02T22:48:38.102+0000] {logging_mixin.py:188} INFO - [2024-05-02T22:48:38.102+0000] {dagbag.py:540} INFO - Filling up the DagBag from /home/airflow/.local/lib/python3.12/site-packages/airflow/example_dags/example_setup_teardown.py
[2024-05-02T22:48:38.116+0000] {processor.py:840} INFO - DAG(s) 'example_setup_teardown' retrieved from /home/airflow/.local/lib/python3.12/site-packages/airflow/example_dags/example_setup_teardown.py
[2024-05-02T22:48:38.223+0000] {logging_mixin.py:188} INFO - [2024-05-02T22:48:38.222+0000] {dag.py:3096} INFO - Sync 1 DAGs
[2024-05-02T22:48:38.340+0000] {logging_mixin.py:188} INFO - [2024-05-02T22:48:38.339+0000] {dag.py:3954} INFO - Setting next_dagrun for example_setup_teardown to 2024-05-01 00:00:00+00:00, run_after=2024-05-02 00:00:00+00:00
[2024-05-02T22:48:38.409+0000] {processor.py:183} INFO - Processing /home/airflow/.local/lib/python3.12/site-packages/airflow/example_dags/example_setup_teardown.py took 0.328 seconds
[2024-05-02T22:49:08.856+0000] {processor.py:161} INFO - Started process (PID=1903) to work on /home/airflow/.local/lib/python3.12/site-packages/airflow/example_dags/example_setup_teardown.py
[2024-05-02T22:49:08.862+0000] {processor.py:830} INFO - Processing file /home/airflow/.local/lib/python3.12/site-packages/airflow/example_dags/example_setup_teardown.py for tasks to queue
[2024-05-02T22:49:08.866+0000] {logging_mixin.py:188} INFO - [2024-05-02T22:49:08.866+0000] {dagbag.py:540} INFO - Filling up the DagBag from /home/airflow/.local/lib/python3.12/site-packages/airflow/example_dags/example_setup_teardown.py
[2024-05-02T22:49:08.948+0000] {processor.py:840} INFO - DAG(s) 'example_setup_teardown' retrieved from /home/airflow/.local/lib/python3.12/site-packages/airflow/example_dags/example_setup_teardown.py
[2024-05-02T22:49:09.085+0000] {logging_mixin.py:188} INFO - [2024-05-02T22:49:09.085+0000] {dag.py:3096} INFO - Sync 1 DAGs
[2024-05-02T22:49:09.157+0000] {logging_mixin.py:188} INFO - [2024-05-02T22:49:09.156+0000] {dag.py:3954} INFO - Setting next_dagrun for example_setup_teardown to 2024-05-01 00:00:00+00:00, run_after=2024-05-02 00:00:00+00:00
[2024-05-02T22:49:09.245+0000] {processor.py:183} INFO - Processing /home/airflow/.local/lib/python3.12/site-packages/airflow/example_dags/example_setup_teardown.py took 0.423 seconds
[2024-05-02T22:49:39.614+0000] {processor.py:161} INFO - Started process (PID=1962) to work on /home/airflow/.local/lib/python3.12/site-packages/airflow/example_dags/example_setup_teardown.py
[2024-05-02T22:49:39.616+0000] {processor.py:830} INFO - Processing file /home/airflow/.local/lib/python3.12/site-packages/airflow/example_dags/example_setup_teardown.py for tasks to queue
[2024-05-02T22:49:39.620+0000] {logging_mixin.py:188} INFO - [2024-05-02T22:49:39.619+0000] {dagbag.py:540} INFO - Filling up the DagBag from /home/airflow/.local/lib/python3.12/site-packages/airflow/example_dags/example_setup_teardown.py
[2024-05-02T22:49:39.632+0000] {processor.py:840} INFO - DAG(s) 'example_setup_teardown' retrieved from /home/airflow/.local/lib/python3.12/site-packages/airflow/example_dags/example_setup_teardown.py
[2024-05-02T22:49:39.679+0000] {logging_mixin.py:188} INFO - [2024-05-02T22:49:39.678+0000] {dag.py:3096} INFO - Sync 1 DAGs
[2024-05-02T22:49:39.727+0000] {logging_mixin.py:188} INFO - [2024-05-02T22:49:39.726+0000] {dag.py:3954} INFO - Setting next_dagrun for example_setup_teardown to 2024-05-01 00:00:00+00:00, run_after=2024-05-02 00:00:00+00:00
[2024-05-02T22:49:39.773+0000] {processor.py:183} INFO - Processing /home/airflow/.local/lib/python3.12/site-packages/airflow/example_dags/example_setup_teardown.py took 0.168 seconds
[2024-05-02T22:50:09.915+0000] {processor.py:161} INFO - Started process (PID=2021) to work on /home/airflow/.local/lib/python3.12/site-packages/airflow/example_dags/example_setup_teardown.py
[2024-05-02T22:50:09.927+0000] {processor.py:830} INFO - Processing file /home/airflow/.local/lib/python3.12/site-packages/airflow/example_dags/example_setup_teardown.py for tasks to queue
[2024-05-02T22:50:09.938+0000] {logging_mixin.py:188} INFO - [2024-05-02T22:50:09.937+0000] {dagbag.py:540} INFO - Filling up the DagBag from /home/airflow/.local/lib/python3.12/site-packages/airflow/example_dags/example_setup_teardown.py
[2024-05-02T22:50:09.959+0000] {processor.py:840} INFO - DAG(s) 'example_setup_teardown' retrieved from /home/airflow/.local/lib/python3.12/site-packages/airflow/example_dags/example_setup_teardown.py
[2024-05-02T22:50:10.011+0000] {logging_mixin.py:188} INFO - [2024-05-02T22:50:10.010+0000] {dag.py:3096} INFO - Sync 1 DAGs
[2024-05-02T22:50:10.081+0000] {logging_mixin.py:188} INFO - [2024-05-02T22:50:10.080+0000] {dag.py:3954} INFO - Setting next_dagrun for example_setup_teardown to 2024-05-01 00:00:00+00:00, run_after=2024-05-02 00:00:00+00:00
[2024-05-02T22:50:10.131+0000] {processor.py:183} INFO - Processing /home/airflow/.local/lib/python3.12/site-packages/airflow/example_dags/example_setup_teardown.py took 0.237 seconds
[2024-05-02T22:50:40.375+0000] {processor.py:161} INFO - Started process (PID=2079) to work on /home/airflow/.local/lib/python3.12/site-packages/airflow/example_dags/example_setup_teardown.py
[2024-05-02T22:50:40.377+0000] {processor.py:830} INFO - Processing file /home/airflow/.local/lib/python3.12/site-packages/airflow/example_dags/example_setup_teardown.py for tasks to queue
[2024-05-02T22:50:40.381+0000] {logging_mixin.py:188} INFO - [2024-05-02T22:50:40.380+0000] {dagbag.py:540} INFO - Filling up the DagBag from /home/airflow/.local/lib/python3.12/site-packages/airflow/example_dags/example_setup_teardown.py
[2024-05-02T22:50:40.399+0000] {processor.py:840} INFO - DAG(s) 'example_setup_teardown' retrieved from /home/airflow/.local/lib/python3.12/site-packages/airflow/example_dags/example_setup_teardown.py
[2024-05-02T22:50:40.485+0000] {logging_mixin.py:188} INFO - [2024-05-02T22:50:40.484+0000] {dag.py:3096} INFO - Sync 1 DAGs
[2024-05-02T22:50:40.546+0000] {logging_mixin.py:188} INFO - [2024-05-02T22:50:40.546+0000] {dag.py:3954} INFO - Setting next_dagrun for example_setup_teardown to 2024-05-01 00:00:00+00:00, run_after=2024-05-02 00:00:00+00:00
[2024-05-02T22:50:40.600+0000] {processor.py:183} INFO - Processing /home/airflow/.local/lib/python3.12/site-packages/airflow/example_dags/example_setup_teardown.py took 0.241 seconds
[2024-05-02T22:51:11.258+0000] {processor.py:161} INFO - Started process (PID=2138) to work on /home/airflow/.local/lib/python3.12/site-packages/airflow/example_dags/example_setup_teardown.py
[2024-05-02T22:51:11.261+0000] {processor.py:830} INFO - Processing file /home/airflow/.local/lib/python3.12/site-packages/airflow/example_dags/example_setup_teardown.py for tasks to queue
[2024-05-02T22:51:11.266+0000] {logging_mixin.py:188} INFO - [2024-05-02T22:51:11.265+0000] {dagbag.py:540} INFO - Filling up the DagBag from /home/airflow/.local/lib/python3.12/site-packages/airflow/example_dags/example_setup_teardown.py
[2024-05-02T22:51:11.285+0000] {processor.py:840} INFO - DAG(s) 'example_setup_teardown' retrieved from /home/airflow/.local/lib/python3.12/site-packages/airflow/example_dags/example_setup_teardown.py
[2024-05-02T22:51:11.362+0000] {logging_mixin.py:188} INFO - [2024-05-02T22:51:11.361+0000] {dag.py:3096} INFO - Sync 1 DAGs
[2024-05-02T22:51:11.502+0000] {logging_mixin.py:188} INFO - [2024-05-02T22:51:11.501+0000] {dag.py:3954} INFO - Setting next_dagrun for example_setup_teardown to 2024-05-01 00:00:00+00:00, run_after=2024-05-02 00:00:00+00:00
[2024-05-02T22:51:11.566+0000] {processor.py:183} INFO - Processing /home/airflow/.local/lib/python3.12/site-packages/airflow/example_dags/example_setup_teardown.py took 0.326 seconds
[2024-05-02T22:51:41.953+0000] {processor.py:161} INFO - Started process (PID=2197) to work on /home/airflow/.local/lib/python3.12/site-packages/airflow/example_dags/example_setup_teardown.py
[2024-05-02T22:51:41.955+0000] {processor.py:830} INFO - Processing file /home/airflow/.local/lib/python3.12/site-packages/airflow/example_dags/example_setup_teardown.py for tasks to queue
[2024-05-02T22:51:41.959+0000] {logging_mixin.py:188} INFO - [2024-05-02T22:51:41.958+0000] {dagbag.py:540} INFO - Filling up the DagBag from /home/airflow/.local/lib/python3.12/site-packages/airflow/example_dags/example_setup_teardown.py
[2024-05-02T22:51:41.976+0000] {processor.py:840} INFO - DAG(s) 'example_setup_teardown' retrieved from /home/airflow/.local/lib/python3.12/site-packages/airflow/example_dags/example_setup_teardown.py
[2024-05-02T22:51:42.035+0000] {logging_mixin.py:188} INFO - [2024-05-02T22:51:42.033+0000] {dag.py:3096} INFO - Sync 1 DAGs
[2024-05-02T22:51:42.147+0000] {logging_mixin.py:188} INFO - [2024-05-02T22:51:42.146+0000] {dag.py:3954} INFO - Setting next_dagrun for example_setup_teardown to 2024-05-01 00:00:00+00:00, run_after=2024-05-02 00:00:00+00:00
[2024-05-02T22:51:42.222+0000] {processor.py:183} INFO - Processing /home/airflow/.local/lib/python3.12/site-packages/airflow/example_dags/example_setup_teardown.py took 0.285 seconds
[2024-05-02T22:52:12.940+0000] {processor.py:161} INFO - Started process (PID=2258) to work on /home/airflow/.local/lib/python3.12/site-packages/airflow/example_dags/example_setup_teardown.py
[2024-05-02T22:52:12.942+0000] {processor.py:830} INFO - Processing file /home/airflow/.local/lib/python3.12/site-packages/airflow/example_dags/example_setup_teardown.py for tasks to queue
[2024-05-02T22:52:12.946+0000] {logging_mixin.py:188} INFO - [2024-05-02T22:52:12.945+0000] {dagbag.py:540} INFO - Filling up the DagBag from /home/airflow/.local/lib/python3.12/site-packages/airflow/example_dags/example_setup_teardown.py
[2024-05-02T22:52:12.961+0000] {processor.py:840} INFO - DAG(s) 'example_setup_teardown' retrieved from /home/airflow/.local/lib/python3.12/site-packages/airflow/example_dags/example_setup_teardown.py
[2024-05-02T22:52:13.012+0000] {logging_mixin.py:188} INFO - [2024-05-02T22:52:13.012+0000] {dag.py:3096} INFO - Sync 1 DAGs
[2024-05-02T22:52:13.075+0000] {logging_mixin.py:188} INFO - [2024-05-02T22:52:13.074+0000] {dag.py:3954} INFO - Setting next_dagrun for example_setup_teardown to 2024-05-01 00:00:00+00:00, run_after=2024-05-02 00:00:00+00:00
[2024-05-02T22:52:13.124+0000] {processor.py:183} INFO - Processing /home/airflow/.local/lib/python3.12/site-packages/airflow/example_dags/example_setup_teardown.py took 0.197 seconds
[2024-05-02T22:52:43.809+0000] {processor.py:161} INFO - Started process (PID=2316) to work on /home/airflow/.local/lib/python3.12/site-packages/airflow/example_dags/example_setup_teardown.py
[2024-05-02T22:52:43.826+0000] {processor.py:830} INFO - Processing file /home/airflow/.local/lib/python3.12/site-packages/airflow/example_dags/example_setup_teardown.py for tasks to queue
[2024-05-02T22:52:43.842+0000] {logging_mixin.py:188} INFO - [2024-05-02T22:52:43.840+0000] {dagbag.py:540} INFO - Filling up the DagBag from /home/airflow/.local/lib/python3.12/site-packages/airflow/example_dags/example_setup_teardown.py
[2024-05-02T22:52:43.880+0000] {processor.py:840} INFO - DAG(s) 'example_setup_teardown' retrieved from /home/airflow/.local/lib/python3.12/site-packages/airflow/example_dags/example_setup_teardown.py
[2024-05-02T22:52:43.927+0000] {logging_mixin.py:188} INFO - [2024-05-02T22:52:43.927+0000] {dag.py:3096} INFO - Sync 1 DAGs
[2024-05-02T22:52:43.975+0000] {logging_mixin.py:188} INFO - [2024-05-02T22:52:43.975+0000] {dag.py:3954} INFO - Setting next_dagrun for example_setup_teardown to 2024-05-01 00:00:00+00:00, run_after=2024-05-02 00:00:00+00:00
[2024-05-02T22:52:44.030+0000] {processor.py:183} INFO - Processing /home/airflow/.local/lib/python3.12/site-packages/airflow/example_dags/example_setup_teardown.py took 0.317 seconds
[2024-05-02T22:53:14.329+0000] {processor.py:161} INFO - Started process (PID=2374) to work on /home/airflow/.local/lib/python3.12/site-packages/airflow/example_dags/example_setup_teardown.py
[2024-05-02T22:53:14.333+0000] {processor.py:830} INFO - Processing file /home/airflow/.local/lib/python3.12/site-packages/airflow/example_dags/example_setup_teardown.py for tasks to queue
[2024-05-02T22:53:14.340+0000] {logging_mixin.py:188} INFO - [2024-05-02T22:53:14.339+0000] {dagbag.py:540} INFO - Filling up the DagBag from /home/airflow/.local/lib/python3.12/site-packages/airflow/example_dags/example_setup_teardown.py
[2024-05-02T22:53:14.360+0000] {processor.py:840} INFO - DAG(s) 'example_setup_teardown' retrieved from /home/airflow/.local/lib/python3.12/site-packages/airflow/example_dags/example_setup_teardown.py
[2024-05-02T22:53:14.413+0000] {logging_mixin.py:188} INFO - [2024-05-02T22:53:14.412+0000] {dag.py:3096} INFO - Sync 1 DAGs
[2024-05-02T22:53:14.465+0000] {logging_mixin.py:188} INFO - [2024-05-02T22:53:14.464+0000] {dag.py:3954} INFO - Setting next_dagrun for example_setup_teardown to 2024-05-01 00:00:00+00:00, run_after=2024-05-02 00:00:00+00:00
[2024-05-02T22:53:14.510+0000] {processor.py:183} INFO - Processing /home/airflow/.local/lib/python3.12/site-packages/airflow/example_dags/example_setup_teardown.py took 0.207 seconds
[2024-05-02T22:53:44.863+0000] {processor.py:161} INFO - Started process (PID=2433) to work on /home/airflow/.local/lib/python3.12/site-packages/airflow/example_dags/example_setup_teardown.py
[2024-05-02T22:53:44.867+0000] {processor.py:830} INFO - Processing file /home/airflow/.local/lib/python3.12/site-packages/airflow/example_dags/example_setup_teardown.py for tasks to queue
[2024-05-02T22:53:44.872+0000] {logging_mixin.py:188} INFO - [2024-05-02T22:53:44.871+0000] {dagbag.py:540} INFO - Filling up the DagBag from /home/airflow/.local/lib/python3.12/site-packages/airflow/example_dags/example_setup_teardown.py
[2024-05-02T22:53:44.897+0000] {processor.py:840} INFO - DAG(s) 'example_setup_teardown' retrieved from /home/airflow/.local/lib/python3.12/site-packages/airflow/example_dags/example_setup_teardown.py
[2024-05-02T22:53:44.950+0000] {logging_mixin.py:188} INFO - [2024-05-02T22:53:44.950+0000] {dag.py:3096} INFO - Sync 1 DAGs
[2024-05-02T22:53:45.026+0000] {logging_mixin.py:188} INFO - [2024-05-02T22:53:45.025+0000] {dag.py:3954} INFO - Setting next_dagrun for example_setup_teardown to 2024-05-01 00:00:00+00:00, run_after=2024-05-02 00:00:00+00:00
[2024-05-02T22:53:45.102+0000] {processor.py:183} INFO - Processing /home/airflow/.local/lib/python3.12/site-packages/airflow/example_dags/example_setup_teardown.py took 0.263 seconds
[2024-05-02T22:54:15.307+0000] {processor.py:161} INFO - Started process (PID=2492) to work on /home/airflow/.local/lib/python3.12/site-packages/airflow/example_dags/example_setup_teardown.py
[2024-05-02T22:54:15.310+0000] {processor.py:830} INFO - Processing file /home/airflow/.local/lib/python3.12/site-packages/airflow/example_dags/example_setup_teardown.py for tasks to queue
[2024-05-02T22:54:15.315+0000] {logging_mixin.py:188} INFO - [2024-05-02T22:54:15.314+0000] {dagbag.py:540} INFO - Filling up the DagBag from /home/airflow/.local/lib/python3.12/site-packages/airflow/example_dags/example_setup_teardown.py
[2024-05-02T22:54:15.336+0000] {processor.py:840} INFO - DAG(s) 'example_setup_teardown' retrieved from /home/airflow/.local/lib/python3.12/site-packages/airflow/example_dags/example_setup_teardown.py
[2024-05-02T22:54:15.380+0000] {logging_mixin.py:188} INFO - [2024-05-02T22:54:15.379+0000] {dag.py:3096} INFO - Sync 1 DAGs
[2024-05-02T22:54:15.560+0000] {logging_mixin.py:188} INFO - [2024-05-02T22:54:15.559+0000] {dag.py:3954} INFO - Setting next_dagrun for example_setup_teardown to 2024-05-01 00:00:00+00:00, run_after=2024-05-02 00:00:00+00:00
[2024-05-02T22:54:15.711+0000] {processor.py:183} INFO - Processing /home/airflow/.local/lib/python3.12/site-packages/airflow/example_dags/example_setup_teardown.py took 0.418 seconds
[2024-05-02T22:54:46.432+0000] {processor.py:161} INFO - Started process (PID=2551) to work on /home/airflow/.local/lib/python3.12/site-packages/airflow/example_dags/example_setup_teardown.py
[2024-05-02T22:54:46.434+0000] {processor.py:830} INFO - Processing file /home/airflow/.local/lib/python3.12/site-packages/airflow/example_dags/example_setup_teardown.py for tasks to queue
[2024-05-02T22:54:46.441+0000] {logging_mixin.py:188} INFO - [2024-05-02T22:54:46.440+0000] {dagbag.py:540} INFO - Filling up the DagBag from /home/airflow/.local/lib/python3.12/site-packages/airflow/example_dags/example_setup_teardown.py
[2024-05-02T22:54:46.463+0000] {processor.py:840} INFO - DAG(s) 'example_setup_teardown' retrieved from /home/airflow/.local/lib/python3.12/site-packages/airflow/example_dags/example_setup_teardown.py
[2024-05-02T22:54:46.759+0000] {logging_mixin.py:188} INFO - [2024-05-02T22:54:46.758+0000] {dag.py:3096} INFO - Sync 1 DAGs
[2024-05-02T22:54:46.809+0000] {logging_mixin.py:188} INFO - [2024-05-02T22:54:46.808+0000] {dag.py:3954} INFO - Setting next_dagrun for example_setup_teardown to 2024-05-01 00:00:00+00:00, run_after=2024-05-02 00:00:00+00:00
[2024-05-02T22:54:46.888+0000] {processor.py:183} INFO - Processing /home/airflow/.local/lib/python3.12/site-packages/airflow/example_dags/example_setup_teardown.py took 0.472 seconds
[2024-05-02T22:55:17.352+0000] {processor.py:161} INFO - Started process (PID=2610) to work on /home/airflow/.local/lib/python3.12/site-packages/airflow/example_dags/example_setup_teardown.py
[2024-05-02T22:55:17.354+0000] {processor.py:830} INFO - Processing file /home/airflow/.local/lib/python3.12/site-packages/airflow/example_dags/example_setup_teardown.py for tasks to queue
[2024-05-02T22:55:17.359+0000] {logging_mixin.py:188} INFO - [2024-05-02T22:55:17.358+0000] {dagbag.py:540} INFO - Filling up the DagBag from /home/airflow/.local/lib/python3.12/site-packages/airflow/example_dags/example_setup_teardown.py
[2024-05-02T22:55:17.386+0000] {processor.py:840} INFO - DAG(s) 'example_setup_teardown' retrieved from /home/airflow/.local/lib/python3.12/site-packages/airflow/example_dags/example_setup_teardown.py
[2024-05-02T22:55:17.463+0000] {logging_mixin.py:188} INFO - [2024-05-02T22:55:17.463+0000] {dag.py:3096} INFO - Sync 1 DAGs
[2024-05-02T22:55:17.532+0000] {logging_mixin.py:188} INFO - [2024-05-02T22:55:17.532+0000] {dag.py:3954} INFO - Setting next_dagrun for example_setup_teardown to 2024-05-01 00:00:00+00:00, run_after=2024-05-02 00:00:00+00:00
[2024-05-02T22:55:17.602+0000] {processor.py:183} INFO - Processing /home/airflow/.local/lib/python3.12/site-packages/airflow/example_dags/example_setup_teardown.py took 0.275 seconds
[2024-05-02T22:55:49.283+0000] {processor.py:161} INFO - Started process (PID=2670) to work on /home/airflow/.local/lib/python3.12/site-packages/airflow/example_dags/example_setup_teardown.py
[2024-05-02T22:55:49.286+0000] {processor.py:830} INFO - Processing file /home/airflow/.local/lib/python3.12/site-packages/airflow/example_dags/example_setup_teardown.py for tasks to queue
[2024-05-02T22:55:49.293+0000] {logging_mixin.py:188} INFO - [2024-05-02T22:55:49.292+0000] {dagbag.py:540} INFO - Filling up the DagBag from /home/airflow/.local/lib/python3.12/site-packages/airflow/example_dags/example_setup_teardown.py
[2024-05-02T22:55:49.332+0000] {processor.py:840} INFO - DAG(s) 'example_setup_teardown' retrieved from /home/airflow/.local/lib/python3.12/site-packages/airflow/example_dags/example_setup_teardown.py
[2024-05-02T22:55:49.411+0000] {logging_mixin.py:188} INFO - [2024-05-02T22:55:49.410+0000] {dag.py:3096} INFO - Sync 1 DAGs
[2024-05-02T22:55:49.536+0000] {logging_mixin.py:188} INFO - [2024-05-02T22:55:49.531+0000] {dag.py:3954} INFO - Setting next_dagrun for example_setup_teardown to 2024-05-01 00:00:00+00:00, run_after=2024-05-02 00:00:00+00:00
[2024-05-02T22:55:49.618+0000] {processor.py:183} INFO - Processing /home/airflow/.local/lib/python3.12/site-packages/airflow/example_dags/example_setup_teardown.py took 0.360 seconds
[2024-05-02T22:57:10.779+0000] {processor.py:161} INFO - Started process (PID=56) to work on /home/airflow/.local/lib/python3.12/site-packages/airflow/example_dags/example_setup_teardown.py
[2024-05-02T22:57:10.780+0000] {processor.py:830} INFO - Processing file /home/airflow/.local/lib/python3.12/site-packages/airflow/example_dags/example_setup_teardown.py for tasks to queue
[2024-05-02T22:57:10.783+0000] {logging_mixin.py:188} INFO - [2024-05-02T22:57:10.782+0000] {dagbag.py:540} INFO - Filling up the DagBag from /home/airflow/.local/lib/python3.12/site-packages/airflow/example_dags/example_setup_teardown.py
[2024-05-02T22:57:10.792+0000] {processor.py:840} INFO - DAG(s) 'example_setup_teardown' retrieved from /home/airflow/.local/lib/python3.12/site-packages/airflow/example_dags/example_setup_teardown.py
[2024-05-02T22:57:10.841+0000] {logging_mixin.py:188} INFO - [2024-05-02T22:57:10.840+0000] {dag.py:3096} INFO - Sync 1 DAGs
[2024-05-02T22:57:10.887+0000] {logging_mixin.py:188} INFO - [2024-05-02T22:57:10.886+0000] {dag.py:3954} INFO - Setting next_dagrun for example_setup_teardown to 2024-05-01 00:00:00+00:00, run_after=2024-05-02 00:00:00+00:00
[2024-05-02T22:57:10.916+0000] {processor.py:183} INFO - Processing /home/airflow/.local/lib/python3.12/site-packages/airflow/example_dags/example_setup_teardown.py took 0.145 seconds
[2024-05-02T22:57:58.485+0000] {processor.py:161} INFO - Started process (PID=125) to work on /home/airflow/.local/lib/python3.12/site-packages/airflow/example_dags/example_setup_teardown.py
[2024-05-02T22:57:58.487+0000] {processor.py:830} INFO - Processing file /home/airflow/.local/lib/python3.12/site-packages/airflow/example_dags/example_setup_teardown.py for tasks to queue
[2024-05-02T22:57:58.491+0000] {logging_mixin.py:188} INFO - [2024-05-02T22:57:58.490+0000] {dagbag.py:540} INFO - Filling up the DagBag from /home/airflow/.local/lib/python3.12/site-packages/airflow/example_dags/example_setup_teardown.py
[2024-05-02T22:57:58.673+0000] {processor.py:840} INFO - DAG(s) 'example_setup_teardown' retrieved from /home/airflow/.local/lib/python3.12/site-packages/airflow/example_dags/example_setup_teardown.py
[2024-05-02T22:57:58.761+0000] {logging_mixin.py:188} INFO - [2024-05-02T22:57:58.760+0000] {dag.py:3096} INFO - Sync 1 DAGs
[2024-05-02T22:57:58.905+0000] {logging_mixin.py:188} INFO - [2024-05-02T22:57:58.904+0000] {dag.py:3954} INFO - Setting next_dagrun for example_setup_teardown to 2024-05-01 00:00:00+00:00, run_after=2024-05-02 00:00:00+00:00
[2024-05-02T22:57:59.004+0000] {processor.py:183} INFO - Processing /home/airflow/.local/lib/python3.12/site-packages/airflow/example_dags/example_setup_teardown.py took 0.544 seconds
[2024-05-02T22:58:29.650+0000] {processor.py:161} INFO - Started process (PID=183) to work on /home/airflow/.local/lib/python3.12/site-packages/airflow/example_dags/example_setup_teardown.py
[2024-05-02T22:58:29.655+0000] {processor.py:830} INFO - Processing file /home/airflow/.local/lib/python3.12/site-packages/airflow/example_dags/example_setup_teardown.py for tasks to queue
[2024-05-02T22:58:29.738+0000] {logging_mixin.py:188} INFO - [2024-05-02T22:58:29.683+0000] {dagbag.py:540} INFO - Filling up the DagBag from /home/airflow/.local/lib/python3.12/site-packages/airflow/example_dags/example_setup_teardown.py
[2024-05-02T22:58:29.853+0000] {processor.py:840} INFO - DAG(s) 'example_setup_teardown' retrieved from /home/airflow/.local/lib/python3.12/site-packages/airflow/example_dags/example_setup_teardown.py
[2024-05-02T22:58:30.060+0000] {logging_mixin.py:188} INFO - [2024-05-02T22:58:30.045+0000] {dag.py:3096} INFO - Sync 1 DAGs
[2024-05-02T22:58:30.178+0000] {logging_mixin.py:188} INFO - [2024-05-02T22:58:30.178+0000] {dag.py:3954} INFO - Setting next_dagrun for example_setup_teardown to 2024-05-01 00:00:00+00:00, run_after=2024-05-02 00:00:00+00:00
[2024-05-02T22:58:30.256+0000] {processor.py:183} INFO - Processing /home/airflow/.local/lib/python3.12/site-packages/airflow/example_dags/example_setup_teardown.py took 0.733 seconds
[2024-05-02T22:59:06.316+0000] {processor.py:161} INFO - Started process (PID=247) to work on /home/airflow/.local/lib/python3.12/site-packages/airflow/example_dags/example_setup_teardown.py
[2024-05-02T22:59:06.332+0000] {processor.py:830} INFO - Processing file /home/airflow/.local/lib/python3.12/site-packages/airflow/example_dags/example_setup_teardown.py for tasks to queue
[2024-05-02T22:59:06.341+0000] {logging_mixin.py:188} INFO - [2024-05-02T22:59:06.339+0000] {dagbag.py:540} INFO - Filling up the DagBag from /home/airflow/.local/lib/python3.12/site-packages/airflow/example_dags/example_setup_teardown.py
[2024-05-02T22:59:06.368+0000] {processor.py:840} INFO - DAG(s) 'example_setup_teardown' retrieved from /home/airflow/.local/lib/python3.12/site-packages/airflow/example_dags/example_setup_teardown.py
[2024-05-02T22:59:06.434+0000] {logging_mixin.py:188} INFO - [2024-05-02T22:59:06.433+0000] {dag.py:3096} INFO - Sync 1 DAGs
[2024-05-02T22:59:06.540+0000] {logging_mixin.py:188} INFO - [2024-05-02T22:59:06.539+0000] {dag.py:3954} INFO - Setting next_dagrun for example_setup_teardown to 2024-05-01 00:00:00+00:00, run_after=2024-05-02 00:00:00+00:00
[2024-05-02T22:59:06.704+0000] {processor.py:183} INFO - Processing /home/airflow/.local/lib/python3.12/site-packages/airflow/example_dags/example_setup_teardown.py took 0.412 seconds
[2024-05-02T22:59:37.821+0000] {processor.py:161} INFO - Started process (PID=308) to work on /home/airflow/.local/lib/python3.12/site-packages/airflow/example_dags/example_setup_teardown.py
[2024-05-02T22:59:37.826+0000] {processor.py:830} INFO - Processing file /home/airflow/.local/lib/python3.12/site-packages/airflow/example_dags/example_setup_teardown.py for tasks to queue
[2024-05-02T22:59:37.838+0000] {logging_mixin.py:188} INFO - [2024-05-02T22:59:37.837+0000] {dagbag.py:540} INFO - Filling up the DagBag from /home/airflow/.local/lib/python3.12/site-packages/airflow/example_dags/example_setup_teardown.py
[2024-05-02T22:59:37.867+0000] {processor.py:840} INFO - DAG(s) 'example_setup_teardown' retrieved from /home/airflow/.local/lib/python3.12/site-packages/airflow/example_dags/example_setup_teardown.py
[2024-05-02T22:59:37.971+0000] {logging_mixin.py:188} INFO - [2024-05-02T22:59:37.970+0000] {dag.py:3096} INFO - Sync 1 DAGs
[2024-05-02T22:59:38.127+0000] {logging_mixin.py:188} INFO - [2024-05-02T22:59:38.127+0000] {dag.py:3954} INFO - Setting next_dagrun for example_setup_teardown to 2024-05-01 00:00:00+00:00, run_after=2024-05-02 00:00:00+00:00
[2024-05-02T22:59:38.384+0000] {processor.py:183} INFO - Processing /home/airflow/.local/lib/python3.12/site-packages/airflow/example_dags/example_setup_teardown.py took 0.615 seconds
[2024-05-02T23:00:09.688+0000] {processor.py:161} INFO - Started process (PID=366) to work on /home/airflow/.local/lib/python3.12/site-packages/airflow/example_dags/example_setup_teardown.py
[2024-05-02T23:00:09.698+0000] {processor.py:830} INFO - Processing file /home/airflow/.local/lib/python3.12/site-packages/airflow/example_dags/example_setup_teardown.py for tasks to queue
[2024-05-02T23:00:09.706+0000] {logging_mixin.py:188} INFO - [2024-05-02T23:00:09.706+0000] {dagbag.py:540} INFO - Filling up the DagBag from /home/airflow/.local/lib/python3.12/site-packages/airflow/example_dags/example_setup_teardown.py
[2024-05-02T23:00:09.741+0000] {processor.py:840} INFO - DAG(s) 'example_setup_teardown' retrieved from /home/airflow/.local/lib/python3.12/site-packages/airflow/example_dags/example_setup_teardown.py
[2024-05-02T23:00:09.810+0000] {logging_mixin.py:188} INFO - [2024-05-02T23:00:09.809+0000] {dag.py:3096} INFO - Sync 1 DAGs
[2024-05-02T23:00:09.922+0000] {logging_mixin.py:188} INFO - [2024-05-02T23:00:09.922+0000] {dag.py:3954} INFO - Setting next_dagrun for example_setup_teardown to 2024-05-01 00:00:00+00:00, run_after=2024-05-02 00:00:00+00:00
[2024-05-02T23:00:10.093+0000] {processor.py:183} INFO - Processing /home/airflow/.local/lib/python3.12/site-packages/airflow/example_dags/example_setup_teardown.py took 0.440 seconds
[2024-05-02T23:00:40.574+0000] {processor.py:161} INFO - Started process (PID=425) to work on /home/airflow/.local/lib/python3.12/site-packages/airflow/example_dags/example_setup_teardown.py
[2024-05-02T23:00:40.576+0000] {processor.py:830} INFO - Processing file /home/airflow/.local/lib/python3.12/site-packages/airflow/example_dags/example_setup_teardown.py for tasks to queue
[2024-05-02T23:00:40.579+0000] {logging_mixin.py:188} INFO - [2024-05-02T23:00:40.578+0000] {dagbag.py:540} INFO - Filling up the DagBag from /home/airflow/.local/lib/python3.12/site-packages/airflow/example_dags/example_setup_teardown.py
[2024-05-02T23:00:40.591+0000] {processor.py:840} INFO - DAG(s) 'example_setup_teardown' retrieved from /home/airflow/.local/lib/python3.12/site-packages/airflow/example_dags/example_setup_teardown.py
[2024-05-02T23:00:40.628+0000] {logging_mixin.py:188} INFO - [2024-05-02T23:00:40.628+0000] {dag.py:3096} INFO - Sync 1 DAGs
[2024-05-02T23:00:40.677+0000] {logging_mixin.py:188} INFO - [2024-05-02T23:00:40.677+0000] {dag.py:3954} INFO - Setting next_dagrun for example_setup_teardown to 2024-05-01 00:00:00+00:00, run_after=2024-05-02 00:00:00+00:00
[2024-05-02T23:00:40.712+0000] {processor.py:183} INFO - Processing /home/airflow/.local/lib/python3.12/site-packages/airflow/example_dags/example_setup_teardown.py took 0.147 seconds
[2024-05-02T23:01:11.873+0000] {processor.py:161} INFO - Started process (PID=485) to work on /home/airflow/.local/lib/python3.12/site-packages/airflow/example_dags/example_setup_teardown.py
[2024-05-02T23:01:11.874+0000] {processor.py:830} INFO - Processing file /home/airflow/.local/lib/python3.12/site-packages/airflow/example_dags/example_setup_teardown.py for tasks to queue
[2024-05-02T23:01:11.877+0000] {logging_mixin.py:188} INFO - [2024-05-02T23:01:11.877+0000] {dagbag.py:540} INFO - Filling up the DagBag from /home/airflow/.local/lib/python3.12/site-packages/airflow/example_dags/example_setup_teardown.py
[2024-05-02T23:01:11.899+0000] {processor.py:840} INFO - DAG(s) 'example_setup_teardown' retrieved from /home/airflow/.local/lib/python3.12/site-packages/airflow/example_dags/example_setup_teardown.py
[2024-05-02T23:01:11.954+0000] {logging_mixin.py:188} INFO - [2024-05-02T23:01:11.954+0000] {dag.py:3096} INFO - Sync 1 DAGs
[2024-05-02T23:01:12.004+0000] {logging_mixin.py:188} INFO - [2024-05-02T23:01:12.004+0000] {dag.py:3954} INFO - Setting next_dagrun for example_setup_teardown to 2024-05-01 00:00:00+00:00, run_after=2024-05-02 00:00:00+00:00
[2024-05-02T23:01:12.040+0000] {processor.py:183} INFO - Processing /home/airflow/.local/lib/python3.12/site-packages/airflow/example_dags/example_setup_teardown.py took 0.182 seconds
[2024-05-02T23:01:42.365+0000] {processor.py:161} INFO - Started process (PID=544) to work on /home/airflow/.local/lib/python3.12/site-packages/airflow/example_dags/example_setup_teardown.py
[2024-05-02T23:01:42.367+0000] {processor.py:830} INFO - Processing file /home/airflow/.local/lib/python3.12/site-packages/airflow/example_dags/example_setup_teardown.py for tasks to queue
[2024-05-02T23:01:42.371+0000] {logging_mixin.py:188} INFO - [2024-05-02T23:01:42.370+0000] {dagbag.py:540} INFO - Filling up the DagBag from /home/airflow/.local/lib/python3.12/site-packages/airflow/example_dags/example_setup_teardown.py
[2024-05-02T23:01:42.385+0000] {processor.py:840} INFO - DAG(s) 'example_setup_teardown' retrieved from /home/airflow/.local/lib/python3.12/site-packages/airflow/example_dags/example_setup_teardown.py
[2024-05-02T23:01:42.430+0000] {logging_mixin.py:188} INFO - [2024-05-02T23:01:42.430+0000] {dag.py:3096} INFO - Sync 1 DAGs
[2024-05-02T23:01:42.478+0000] {logging_mixin.py:188} INFO - [2024-05-02T23:01:42.478+0000] {dag.py:3954} INFO - Setting next_dagrun for example_setup_teardown to 2024-05-01 00:00:00+00:00, run_after=2024-05-02 00:00:00+00:00
[2024-05-02T23:01:42.537+0000] {processor.py:183} INFO - Processing /home/airflow/.local/lib/python3.12/site-packages/airflow/example_dags/example_setup_teardown.py took 0.184 seconds
[2024-05-02T23:02:13.553+0000] {processor.py:161} INFO - Started process (PID=605) to work on /home/airflow/.local/lib/python3.12/site-packages/airflow/example_dags/example_setup_teardown.py
[2024-05-02T23:02:13.555+0000] {processor.py:830} INFO - Processing file /home/airflow/.local/lib/python3.12/site-packages/airflow/example_dags/example_setup_teardown.py for tasks to queue
[2024-05-02T23:02:13.562+0000] {logging_mixin.py:188} INFO - [2024-05-02T23:02:13.561+0000] {dagbag.py:540} INFO - Filling up the DagBag from /home/airflow/.local/lib/python3.12/site-packages/airflow/example_dags/example_setup_teardown.py
[2024-05-02T23:02:13.581+0000] {processor.py:840} INFO - DAG(s) 'example_setup_teardown' retrieved from /home/airflow/.local/lib/python3.12/site-packages/airflow/example_dags/example_setup_teardown.py
[2024-05-02T23:02:13.655+0000] {logging_mixin.py:188} INFO - [2024-05-02T23:02:13.655+0000] {dag.py:3096} INFO - Sync 1 DAGs
[2024-05-02T23:02:13.769+0000] {logging_mixin.py:188} INFO - [2024-05-02T23:02:13.768+0000] {dag.py:3954} INFO - Setting next_dagrun for example_setup_teardown to 2024-05-01 00:00:00+00:00, run_after=2024-05-02 00:00:00+00:00
[2024-05-02T23:02:13.889+0000] {processor.py:183} INFO - Processing /home/airflow/.local/lib/python3.12/site-packages/airflow/example_dags/example_setup_teardown.py took 0.351 seconds
[2024-05-02T23:02:44.565+0000] {processor.py:161} INFO - Started process (PID=664) to work on /home/airflow/.local/lib/python3.12/site-packages/airflow/example_dags/example_setup_teardown.py
[2024-05-02T23:02:44.566+0000] {processor.py:830} INFO - Processing file /home/airflow/.local/lib/python3.12/site-packages/airflow/example_dags/example_setup_teardown.py for tasks to queue
[2024-05-02T23:02:44.570+0000] {logging_mixin.py:188} INFO - [2024-05-02T23:02:44.569+0000] {dagbag.py:540} INFO - Filling up the DagBag from /home/airflow/.local/lib/python3.12/site-packages/airflow/example_dags/example_setup_teardown.py
[2024-05-02T23:02:44.582+0000] {processor.py:840} INFO - DAG(s) 'example_setup_teardown' retrieved from /home/airflow/.local/lib/python3.12/site-packages/airflow/example_dags/example_setup_teardown.py
[2024-05-02T23:02:44.627+0000] {logging_mixin.py:188} INFO - [2024-05-02T23:02:44.627+0000] {dag.py:3096} INFO - Sync 1 DAGs
[2024-05-02T23:02:44.677+0000] {logging_mixin.py:188} INFO - [2024-05-02T23:02:44.676+0000] {dag.py:3954} INFO - Setting next_dagrun for example_setup_teardown to 2024-05-01 00:00:00+00:00, run_after=2024-05-02 00:00:00+00:00
[2024-05-02T23:02:44.717+0000] {processor.py:183} INFO - Processing /home/airflow/.local/lib/python3.12/site-packages/airflow/example_dags/example_setup_teardown.py took 0.162 seconds
[2024-05-02T23:03:15.706+0000] {processor.py:161} INFO - Started process (PID=723) to work on /home/airflow/.local/lib/python3.12/site-packages/airflow/example_dags/example_setup_teardown.py
[2024-05-02T23:03:15.708+0000] {processor.py:830} INFO - Processing file /home/airflow/.local/lib/python3.12/site-packages/airflow/example_dags/example_setup_teardown.py for tasks to queue
[2024-05-02T23:03:15.712+0000] {logging_mixin.py:188} INFO - [2024-05-02T23:03:15.711+0000] {dagbag.py:540} INFO - Filling up the DagBag from /home/airflow/.local/lib/python3.12/site-packages/airflow/example_dags/example_setup_teardown.py
[2024-05-02T23:03:15.728+0000] {processor.py:840} INFO - DAG(s) 'example_setup_teardown' retrieved from /home/airflow/.local/lib/python3.12/site-packages/airflow/example_dags/example_setup_teardown.py
[2024-05-02T23:03:15.778+0000] {logging_mixin.py:188} INFO - [2024-05-02T23:03:15.777+0000] {dag.py:3096} INFO - Sync 1 DAGs
[2024-05-02T23:03:15.845+0000] {logging_mixin.py:188} INFO - [2024-05-02T23:03:15.844+0000] {dag.py:3954} INFO - Setting next_dagrun for example_setup_teardown to 2024-05-01 00:00:00+00:00, run_after=2024-05-02 00:00:00+00:00
[2024-05-02T23:03:15.894+0000] {processor.py:183} INFO - Processing /home/airflow/.local/lib/python3.12/site-packages/airflow/example_dags/example_setup_teardown.py took 0.201 seconds
[2024-05-02T23:03:46.589+0000] {processor.py:161} INFO - Started process (PID=782) to work on /home/airflow/.local/lib/python3.12/site-packages/airflow/example_dags/example_setup_teardown.py
[2024-05-02T23:03:46.591+0000] {processor.py:830} INFO - Processing file /home/airflow/.local/lib/python3.12/site-packages/airflow/example_dags/example_setup_teardown.py for tasks to queue
[2024-05-02T23:03:46.595+0000] {logging_mixin.py:188} INFO - [2024-05-02T23:03:46.594+0000] {dagbag.py:540} INFO - Filling up the DagBag from /home/airflow/.local/lib/python3.12/site-packages/airflow/example_dags/example_setup_teardown.py
[2024-05-02T23:03:46.609+0000] {processor.py:840} INFO - DAG(s) 'example_setup_teardown' retrieved from /home/airflow/.local/lib/python3.12/site-packages/airflow/example_dags/example_setup_teardown.py
[2024-05-02T23:03:46.666+0000] {logging_mixin.py:188} INFO - [2024-05-02T23:03:46.666+0000] {dag.py:3096} INFO - Sync 1 DAGs
[2024-05-02T23:03:46.740+0000] {logging_mixin.py:188} INFO - [2024-05-02T23:03:46.739+0000] {dag.py:3954} INFO - Setting next_dagrun for example_setup_teardown to 2024-05-01 00:00:00+00:00, run_after=2024-05-02 00:00:00+00:00
[2024-05-02T23:03:46.787+0000] {processor.py:183} INFO - Processing /home/airflow/.local/lib/python3.12/site-packages/airflow/example_dags/example_setup_teardown.py took 0.210 seconds
[2024-05-02T23:04:17.214+0000] {processor.py:161} INFO - Started process (PID=841) to work on /home/airflow/.local/lib/python3.12/site-packages/airflow/example_dags/example_setup_teardown.py
[2024-05-02T23:04:17.216+0000] {processor.py:830} INFO - Processing file /home/airflow/.local/lib/python3.12/site-packages/airflow/example_dags/example_setup_teardown.py for tasks to queue
[2024-05-02T23:04:17.220+0000] {logging_mixin.py:188} INFO - [2024-05-02T23:04:17.219+0000] {dagbag.py:540} INFO - Filling up the DagBag from /home/airflow/.local/lib/python3.12/site-packages/airflow/example_dags/example_setup_teardown.py
[2024-05-02T23:04:17.236+0000] {processor.py:840} INFO - DAG(s) 'example_setup_teardown' retrieved from /home/airflow/.local/lib/python3.12/site-packages/airflow/example_dags/example_setup_teardown.py
[2024-05-02T23:04:17.283+0000] {logging_mixin.py:188} INFO - [2024-05-02T23:04:17.283+0000] {dag.py:3096} INFO - Sync 1 DAGs
[2024-05-02T23:04:17.330+0000] {logging_mixin.py:188} INFO - [2024-05-02T23:04:17.330+0000] {dag.py:3954} INFO - Setting next_dagrun for example_setup_teardown to 2024-05-01 00:00:00+00:00, run_after=2024-05-02 00:00:00+00:00
[2024-05-02T23:04:17.689+0000] {processor.py:183} INFO - Processing /home/airflow/.local/lib/python3.12/site-packages/airflow/example_dags/example_setup_teardown.py took 0.486 seconds
[2024-05-02T23:04:47.899+0000] {processor.py:161} INFO - Started process (PID=899) to work on /home/airflow/.local/lib/python3.12/site-packages/airflow/example_dags/example_setup_teardown.py
[2024-05-02T23:04:47.902+0000] {processor.py:830} INFO - Processing file /home/airflow/.local/lib/python3.12/site-packages/airflow/example_dags/example_setup_teardown.py for tasks to queue
[2024-05-02T23:04:47.907+0000] {logging_mixin.py:188} INFO - [2024-05-02T23:04:47.906+0000] {dagbag.py:540} INFO - Filling up the DagBag from /home/airflow/.local/lib/python3.12/site-packages/airflow/example_dags/example_setup_teardown.py
[2024-05-02T23:04:47.930+0000] {processor.py:840} INFO - DAG(s) 'example_setup_teardown' retrieved from /home/airflow/.local/lib/python3.12/site-packages/airflow/example_dags/example_setup_teardown.py
[2024-05-02T23:04:48.027+0000] {logging_mixin.py:188} INFO - [2024-05-02T23:04:48.026+0000] {dag.py:3096} INFO - Sync 1 DAGs
[2024-05-02T23:04:48.098+0000] {logging_mixin.py:188} INFO - [2024-05-02T23:04:48.097+0000] {dag.py:3954} INFO - Setting next_dagrun for example_setup_teardown to 2024-05-01 00:00:00+00:00, run_after=2024-05-02 00:00:00+00:00
[2024-05-02T23:04:48.175+0000] {processor.py:183} INFO - Processing /home/airflow/.local/lib/python3.12/site-packages/airflow/example_dags/example_setup_teardown.py took 0.293 seconds
[2024-05-02T23:05:18.971+0000] {processor.py:161} INFO - Started process (PID=958) to work on /home/airflow/.local/lib/python3.12/site-packages/airflow/example_dags/example_setup_teardown.py
[2024-05-02T23:05:18.973+0000] {processor.py:830} INFO - Processing file /home/airflow/.local/lib/python3.12/site-packages/airflow/example_dags/example_setup_teardown.py for tasks to queue
[2024-05-02T23:05:18.978+0000] {logging_mixin.py:188} INFO - [2024-05-02T23:05:18.977+0000] {dagbag.py:540} INFO - Filling up the DagBag from /home/airflow/.local/lib/python3.12/site-packages/airflow/example_dags/example_setup_teardown.py
[2024-05-02T23:05:18.999+0000] {processor.py:840} INFO - DAG(s) 'example_setup_teardown' retrieved from /home/airflow/.local/lib/python3.12/site-packages/airflow/example_dags/example_setup_teardown.py
[2024-05-02T23:05:19.064+0000] {logging_mixin.py:188} INFO - [2024-05-02T23:05:19.063+0000] {dag.py:3096} INFO - Sync 1 DAGs
[2024-05-02T23:05:19.123+0000] {logging_mixin.py:188} INFO - [2024-05-02T23:05:19.123+0000] {dag.py:3954} INFO - Setting next_dagrun for example_setup_teardown to 2024-05-01 00:00:00+00:00, run_after=2024-05-02 00:00:00+00:00
[2024-05-02T23:05:19.171+0000] {processor.py:183} INFO - Processing /home/airflow/.local/lib/python3.12/site-packages/airflow/example_dags/example_setup_teardown.py took 0.213 seconds
[2024-05-02T23:05:49.629+0000] {processor.py:161} INFO - Started process (PID=1016) to work on /home/airflow/.local/lib/python3.12/site-packages/airflow/example_dags/example_setup_teardown.py
[2024-05-02T23:05:49.631+0000] {processor.py:830} INFO - Processing file /home/airflow/.local/lib/python3.12/site-packages/airflow/example_dags/example_setup_teardown.py for tasks to queue
[2024-05-02T23:05:49.636+0000] {logging_mixin.py:188} INFO - [2024-05-02T23:05:49.636+0000] {dagbag.py:540} INFO - Filling up the DagBag from /home/airflow/.local/lib/python3.12/site-packages/airflow/example_dags/example_setup_teardown.py
[2024-05-02T23:05:49.656+0000] {processor.py:840} INFO - DAG(s) 'example_setup_teardown' retrieved from /home/airflow/.local/lib/python3.12/site-packages/airflow/example_dags/example_setup_teardown.py
[2024-05-02T23:05:49.986+0000] {logging_mixin.py:188} INFO - [2024-05-02T23:05:49.985+0000] {dag.py:3096} INFO - Sync 1 DAGs
[2024-05-02T23:05:50.097+0000] {logging_mixin.py:188} INFO - [2024-05-02T23:05:50.095+0000] {dag.py:3954} INFO - Setting next_dagrun for example_setup_teardown to 2024-05-01 00:00:00+00:00, run_after=2024-05-02 00:00:00+00:00
[2024-05-02T23:05:50.154+0000] {processor.py:183} INFO - Processing /home/airflow/.local/lib/python3.12/site-packages/airflow/example_dags/example_setup_teardown.py took 0.537 seconds
[2024-05-02T23:06:20.389+0000] {processor.py:161} INFO - Started process (PID=1074) to work on /home/airflow/.local/lib/python3.12/site-packages/airflow/example_dags/example_setup_teardown.py
[2024-05-02T23:06:20.390+0000] {processor.py:830} INFO - Processing file /home/airflow/.local/lib/python3.12/site-packages/airflow/example_dags/example_setup_teardown.py for tasks to queue
[2024-05-02T23:06:20.395+0000] {logging_mixin.py:188} INFO - [2024-05-02T23:06:20.394+0000] {dagbag.py:540} INFO - Filling up the DagBag from /home/airflow/.local/lib/python3.12/site-packages/airflow/example_dags/example_setup_teardown.py
[2024-05-02T23:06:20.411+0000] {processor.py:840} INFO - DAG(s) 'example_setup_teardown' retrieved from /home/airflow/.local/lib/python3.12/site-packages/airflow/example_dags/example_setup_teardown.py
[2024-05-02T23:06:20.471+0000] {logging_mixin.py:188} INFO - [2024-05-02T23:06:20.471+0000] {dag.py:3096} INFO - Sync 1 DAGs
[2024-05-02T23:06:20.575+0000] {logging_mixin.py:188} INFO - [2024-05-02T23:06:20.574+0000] {dag.py:3954} INFO - Setting next_dagrun for example_setup_teardown to 2024-05-01 00:00:00+00:00, run_after=2024-05-02 00:00:00+00:00
[2024-05-02T23:06:20.654+0000] {processor.py:183} INFO - Processing /home/airflow/.local/lib/python3.12/site-packages/airflow/example_dags/example_setup_teardown.py took 0.278 seconds
[2024-05-02T23:06:51.016+0000] {processor.py:161} INFO - Started process (PID=1133) to work on /home/airflow/.local/lib/python3.12/site-packages/airflow/example_dags/example_setup_teardown.py
[2024-05-02T23:06:51.018+0000] {processor.py:830} INFO - Processing file /home/airflow/.local/lib/python3.12/site-packages/airflow/example_dags/example_setup_teardown.py for tasks to queue
[2024-05-02T23:06:51.022+0000] {logging_mixin.py:188} INFO - [2024-05-02T23:06:51.021+0000] {dagbag.py:540} INFO - Filling up the DagBag from /home/airflow/.local/lib/python3.12/site-packages/airflow/example_dags/example_setup_teardown.py
[2024-05-02T23:06:51.036+0000] {processor.py:840} INFO - DAG(s) 'example_setup_teardown' retrieved from /home/airflow/.local/lib/python3.12/site-packages/airflow/example_dags/example_setup_teardown.py
[2024-05-02T23:06:51.163+0000] {logging_mixin.py:188} INFO - [2024-05-02T23:06:51.162+0000] {dag.py:3096} INFO - Sync 1 DAGs
[2024-05-02T23:06:51.324+0000] {logging_mixin.py:188} INFO - [2024-05-02T23:06:51.323+0000] {dag.py:3954} INFO - Setting next_dagrun for example_setup_teardown to 2024-05-01 00:00:00+00:00, run_after=2024-05-02 00:00:00+00:00
[2024-05-02T23:06:51.458+0000] {processor.py:183} INFO - Processing /home/airflow/.local/lib/python3.12/site-packages/airflow/example_dags/example_setup_teardown.py took 0.459 seconds
