[2024-05-02T22:20:58.189+0000] {processor.py:161} INFO - Started process (PID=78) to work on /home/airflow/.local/lib/python3.12/site-packages/airflow/example_dags/example_task_group_decorator.py
[2024-05-02T22:20:58.190+0000] {processor.py:830} INFO - Processing file /home/airflow/.local/lib/python3.12/site-packages/airflow/example_dags/example_task_group_decorator.py for tasks to queue
[2024-05-02T22:20:58.198+0000] {logging_mixin.py:188} INFO - [2024-05-02T22:20:58.194+0000] {dagbag.py:540} INFO - Filling up the DagBag from /home/airflow/.local/lib/python3.12/site-packages/airflow/example_dags/example_task_group_decorator.py
[2024-05-02T22:20:58.248+0000] {processor.py:840} INFO - DAG(s) 'example_task_group_decorator' retrieved from /home/airflow/.local/lib/python3.12/site-packages/airflow/example_dags/example_task_group_decorator.py
[2024-05-02T22:20:58.817+0000] {logging_mixin.py:188} INFO - [2024-05-02T22:20:58.817+0000] {dag.py:3096} INFO - Sync 1 DAGs
[2024-05-02T22:20:58.888+0000] {logging_mixin.py:188} INFO - [2024-05-02T22:20:58.887+0000] {dag.py:3954} INFO - Setting next_dagrun for example_task_group_decorator to 2024-05-01 00:00:00+00:00, run_after=2024-05-02 00:00:00+00:00
[2024-05-02T22:20:58.990+0000] {processor.py:183} INFO - Processing /home/airflow/.local/lib/python3.12/site-packages/airflow/example_dags/example_task_group_decorator.py took 0.814 seconds
[2024-05-02T22:21:48.612+0000] {processor.py:161} INFO - Started process (PID=146) to work on /home/airflow/.local/lib/python3.12/site-packages/airflow/example_dags/example_task_group_decorator.py
[2024-05-02T22:21:48.635+0000] {processor.py:830} INFO - Processing file /home/airflow/.local/lib/python3.12/site-packages/airflow/example_dags/example_task_group_decorator.py for tasks to queue
[2024-05-02T22:21:48.668+0000] {logging_mixin.py:188} INFO - [2024-05-02T22:21:48.667+0000] {dagbag.py:540} INFO - Filling up the DagBag from /home/airflow/.local/lib/python3.12/site-packages/airflow/example_dags/example_task_group_decorator.py
[2024-05-02T22:21:48.768+0000] {processor.py:840} INFO - DAG(s) 'example_task_group_decorator' retrieved from /home/airflow/.local/lib/python3.12/site-packages/airflow/example_dags/example_task_group_decorator.py
[2024-05-02T22:21:49.057+0000] {logging_mixin.py:188} INFO - [2024-05-02T22:21:49.057+0000] {dag.py:3096} INFO - Sync 1 DAGs
[2024-05-02T22:21:49.260+0000] {logging_mixin.py:188} INFO - [2024-05-02T22:21:49.259+0000] {dag.py:3954} INFO - Setting next_dagrun for example_task_group_decorator to 2024-05-01 00:00:00+00:00, run_after=2024-05-02 00:00:00+00:00
[2024-05-02T22:21:49.379+0000] {processor.py:183} INFO - Processing /home/airflow/.local/lib/python3.12/site-packages/airflow/example_dags/example_task_group_decorator.py took 0.795 seconds
[2024-05-02T22:23:04.631+0000] {processor.py:161} INFO - Started process (PID=217) to work on /home/airflow/.local/lib/python3.12/site-packages/airflow/example_dags/example_task_group_decorator.py
[2024-05-02T22:23:04.647+0000] {processor.py:830} INFO - Processing file /home/airflow/.local/lib/python3.12/site-packages/airflow/example_dags/example_task_group_decorator.py for tasks to queue
[2024-05-02T22:23:04.663+0000] {logging_mixin.py:188} INFO - [2024-05-02T22:23:04.662+0000] {dagbag.py:540} INFO - Filling up the DagBag from /home/airflow/.local/lib/python3.12/site-packages/airflow/example_dags/example_task_group_decorator.py
[2024-05-02T22:23:04.803+0000] {processor.py:840} INFO - DAG(s) 'example_task_group_decorator' retrieved from /home/airflow/.local/lib/python3.12/site-packages/airflow/example_dags/example_task_group_decorator.py
[2024-05-02T22:23:04.992+0000] {logging_mixin.py:188} INFO - [2024-05-02T22:23:04.992+0000] {dag.py:3096} INFO - Sync 1 DAGs
[2024-05-02T22:23:05.180+0000] {logging_mixin.py:188} INFO - [2024-05-02T22:23:05.180+0000] {dag.py:3954} INFO - Setting next_dagrun for example_task_group_decorator to 2024-05-01 00:00:00+00:00, run_after=2024-05-02 00:00:00+00:00
[2024-05-02T22:23:05.242+0000] {processor.py:183} INFO - Processing /home/airflow/.local/lib/python3.12/site-packages/airflow/example_dags/example_task_group_decorator.py took 0.643 seconds
[2024-05-02T22:32:42.943+0000] {processor.py:161} INFO - Started process (PID=78) to work on /home/airflow/.local/lib/python3.12/site-packages/airflow/example_dags/example_task_group_decorator.py
[2024-05-02T22:32:42.945+0000] {processor.py:830} INFO - Processing file /home/airflow/.local/lib/python3.12/site-packages/airflow/example_dags/example_task_group_decorator.py for tasks to queue
[2024-05-02T22:32:42.952+0000] {logging_mixin.py:188} INFO - [2024-05-02T22:32:42.951+0000] {dagbag.py:540} INFO - Filling up the DagBag from /home/airflow/.local/lib/python3.12/site-packages/airflow/example_dags/example_task_group_decorator.py
[2024-05-02T22:32:43.000+0000] {processor.py:840} INFO - DAG(s) 'example_task_group_decorator' retrieved from /home/airflow/.local/lib/python3.12/site-packages/airflow/example_dags/example_task_group_decorator.py
[2024-05-02T22:32:43.327+0000] {logging_mixin.py:188} INFO - [2024-05-02T22:32:43.326+0000] {dag.py:3096} INFO - Sync 1 DAGs
[2024-05-02T22:32:43.390+0000] {logging_mixin.py:188} INFO - [2024-05-02T22:32:43.389+0000] {dag.py:3954} INFO - Setting next_dagrun for example_task_group_decorator to 2024-05-01 00:00:00+00:00, run_after=2024-05-02 00:00:00+00:00
[2024-05-02T22:32:43.436+0000] {processor.py:183} INFO - Processing /home/airflow/.local/lib/python3.12/site-packages/airflow/example_dags/example_task_group_decorator.py took 0.519 seconds
[2024-05-02T22:33:16.370+0000] {processor.py:161} INFO - Started process (PID=137) to work on /home/airflow/.local/lib/python3.12/site-packages/airflow/example_dags/example_task_group_decorator.py
[2024-05-02T22:33:16.378+0000] {processor.py:830} INFO - Processing file /home/airflow/.local/lib/python3.12/site-packages/airflow/example_dags/example_task_group_decorator.py for tasks to queue
[2024-05-02T22:33:16.423+0000] {logging_mixin.py:188} INFO - [2024-05-02T22:33:16.422+0000] {dagbag.py:540} INFO - Filling up the DagBag from /home/airflow/.local/lib/python3.12/site-packages/airflow/example_dags/example_task_group_decorator.py
[2024-05-02T22:33:16.468+0000] {processor.py:840} INFO - DAG(s) 'example_task_group_decorator' retrieved from /home/airflow/.local/lib/python3.12/site-packages/airflow/example_dags/example_task_group_decorator.py
[2024-05-02T22:33:16.555+0000] {logging_mixin.py:188} INFO - [2024-05-02T22:33:16.554+0000] {dag.py:3096} INFO - Sync 1 DAGs
[2024-05-02T22:33:16.669+0000] {logging_mixin.py:188} INFO - [2024-05-02T22:33:16.668+0000] {dag.py:3954} INFO - Setting next_dagrun for example_task_group_decorator to 2024-05-01 00:00:00+00:00, run_after=2024-05-02 00:00:00+00:00
[2024-05-02T22:33:16.814+0000] {processor.py:183} INFO - Processing /home/airflow/.local/lib/python3.12/site-packages/airflow/example_dags/example_task_group_decorator.py took 0.494 seconds
[2024-05-02T22:33:49.415+0000] {processor.py:161} INFO - Started process (PID=196) to work on /home/airflow/.local/lib/python3.12/site-packages/airflow/example_dags/example_task_group_decorator.py
[2024-05-02T22:33:49.417+0000] {processor.py:830} INFO - Processing file /home/airflow/.local/lib/python3.12/site-packages/airflow/example_dags/example_task_group_decorator.py for tasks to queue
[2024-05-02T22:33:49.435+0000] {logging_mixin.py:188} INFO - [2024-05-02T22:33:49.435+0000] {dagbag.py:540} INFO - Filling up the DagBag from /home/airflow/.local/lib/python3.12/site-packages/airflow/example_dags/example_task_group_decorator.py
[2024-05-02T22:33:49.621+0000] {processor.py:840} INFO - DAG(s) 'example_task_group_decorator' retrieved from /home/airflow/.local/lib/python3.12/site-packages/airflow/example_dags/example_task_group_decorator.py
[2024-05-02T22:33:50.059+0000] {logging_mixin.py:188} INFO - [2024-05-02T22:33:50.058+0000] {dag.py:3096} INFO - Sync 1 DAGs
[2024-05-02T22:33:50.318+0000] {logging_mixin.py:188} INFO - [2024-05-02T22:33:50.317+0000] {dag.py:3954} INFO - Setting next_dagrun for example_task_group_decorator to 2024-05-01 00:00:00+00:00, run_after=2024-05-02 00:00:00+00:00
[2024-05-02T22:33:50.499+0000] {processor.py:183} INFO - Processing /home/airflow/.local/lib/python3.12/site-packages/airflow/example_dags/example_task_group_decorator.py took 1.211 seconds
[2024-05-02T22:34:20.801+0000] {processor.py:161} INFO - Started process (PID=255) to work on /home/airflow/.local/lib/python3.12/site-packages/airflow/example_dags/example_task_group_decorator.py
[2024-05-02T22:34:20.804+0000] {processor.py:830} INFO - Processing file /home/airflow/.local/lib/python3.12/site-packages/airflow/example_dags/example_task_group_decorator.py for tasks to queue
[2024-05-02T22:34:20.818+0000] {logging_mixin.py:188} INFO - [2024-05-02T22:34:20.818+0000] {dagbag.py:540} INFO - Filling up the DagBag from /home/airflow/.local/lib/python3.12/site-packages/airflow/example_dags/example_task_group_decorator.py
[2024-05-02T22:34:20.955+0000] {processor.py:840} INFO - DAG(s) 'example_task_group_decorator' retrieved from /home/airflow/.local/lib/python3.12/site-packages/airflow/example_dags/example_task_group_decorator.py
[2024-05-02T22:34:21.138+0000] {logging_mixin.py:188} INFO - [2024-05-02T22:34:21.137+0000] {dag.py:3096} INFO - Sync 1 DAGs
[2024-05-02T22:34:21.230+0000] {logging_mixin.py:188} INFO - [2024-05-02T22:34:21.230+0000] {dag.py:3954} INFO - Setting next_dagrun for example_task_group_decorator to 2024-05-01 00:00:00+00:00, run_after=2024-05-02 00:00:00+00:00
[2024-05-02T22:34:21.301+0000] {processor.py:183} INFO - Processing /home/airflow/.local/lib/python3.12/site-packages/airflow/example_dags/example_task_group_decorator.py took 0.517 seconds
[2024-05-02T22:34:51.830+0000] {processor.py:161} INFO - Started process (PID=315) to work on /home/airflow/.local/lib/python3.12/site-packages/airflow/example_dags/example_task_group_decorator.py
[2024-05-02T22:34:51.834+0000] {processor.py:830} INFO - Processing file /home/airflow/.local/lib/python3.12/site-packages/airflow/example_dags/example_task_group_decorator.py for tasks to queue
[2024-05-02T22:34:51.839+0000] {logging_mixin.py:188} INFO - [2024-05-02T22:34:51.839+0000] {dagbag.py:540} INFO - Filling up the DagBag from /home/airflow/.local/lib/python3.12/site-packages/airflow/example_dags/example_task_group_decorator.py
[2024-05-02T22:34:51.882+0000] {processor.py:840} INFO - DAG(s) 'example_task_group_decorator' retrieved from /home/airflow/.local/lib/python3.12/site-packages/airflow/example_dags/example_task_group_decorator.py
[2024-05-02T22:34:51.908+0000] {logging_mixin.py:188} INFO - [2024-05-02T22:34:51.908+0000] {dag.py:3096} INFO - Sync 1 DAGs
[2024-05-02T22:34:51.988+0000] {logging_mixin.py:188} INFO - [2024-05-02T22:34:51.988+0000] {dag.py:3954} INFO - Setting next_dagrun for example_task_group_decorator to 2024-05-01 00:00:00+00:00, run_after=2024-05-02 00:00:00+00:00
[2024-05-02T22:34:52.103+0000] {processor.py:183} INFO - Processing /home/airflow/.local/lib/python3.12/site-packages/airflow/example_dags/example_task_group_decorator.py took 0.285 seconds
[2024-05-02T22:35:22.384+0000] {processor.py:161} INFO - Started process (PID=373) to work on /home/airflow/.local/lib/python3.12/site-packages/airflow/example_dags/example_task_group_decorator.py
[2024-05-02T22:35:22.387+0000] {processor.py:830} INFO - Processing file /home/airflow/.local/lib/python3.12/site-packages/airflow/example_dags/example_task_group_decorator.py for tasks to queue
[2024-05-02T22:35:22.391+0000] {logging_mixin.py:188} INFO - [2024-05-02T22:35:22.390+0000] {dagbag.py:540} INFO - Filling up the DagBag from /home/airflow/.local/lib/python3.12/site-packages/airflow/example_dags/example_task_group_decorator.py
[2024-05-02T22:35:22.439+0000] {processor.py:840} INFO - DAG(s) 'example_task_group_decorator' retrieved from /home/airflow/.local/lib/python3.12/site-packages/airflow/example_dags/example_task_group_decorator.py
[2024-05-02T22:35:22.711+0000] {logging_mixin.py:188} INFO - [2024-05-02T22:35:22.711+0000] {dag.py:3096} INFO - Sync 1 DAGs
[2024-05-02T22:35:22.761+0000] {logging_mixin.py:188} INFO - [2024-05-02T22:35:22.760+0000] {dag.py:3954} INFO - Setting next_dagrun for example_task_group_decorator to 2024-05-01 00:00:00+00:00, run_after=2024-05-02 00:00:00+00:00
[2024-05-02T22:35:22.816+0000] {processor.py:183} INFO - Processing /home/airflow/.local/lib/python3.12/site-packages/airflow/example_dags/example_task_group_decorator.py took 0.452 seconds
[2024-05-02T22:35:53.498+0000] {processor.py:161} INFO - Started process (PID=431) to work on /home/airflow/.local/lib/python3.12/site-packages/airflow/example_dags/example_task_group_decorator.py
[2024-05-02T22:35:53.500+0000] {processor.py:830} INFO - Processing file /home/airflow/.local/lib/python3.12/site-packages/airflow/example_dags/example_task_group_decorator.py for tasks to queue
[2024-05-02T22:35:53.509+0000] {logging_mixin.py:188} INFO - [2024-05-02T22:35:53.508+0000] {dagbag.py:540} INFO - Filling up the DagBag from /home/airflow/.local/lib/python3.12/site-packages/airflow/example_dags/example_task_group_decorator.py
[2024-05-02T22:35:53.569+0000] {processor.py:840} INFO - DAG(s) 'example_task_group_decorator' retrieved from /home/airflow/.local/lib/python3.12/site-packages/airflow/example_dags/example_task_group_decorator.py
[2024-05-02T22:35:53.669+0000] {logging_mixin.py:188} INFO - [2024-05-02T22:35:53.668+0000] {dag.py:3096} INFO - Sync 1 DAGs
[2024-05-02T22:35:53.760+0000] {logging_mixin.py:188} INFO - [2024-05-02T22:35:53.759+0000] {dag.py:3954} INFO - Setting next_dagrun for example_task_group_decorator to 2024-05-01 00:00:00+00:00, run_after=2024-05-02 00:00:00+00:00
[2024-05-02T22:35:53.850+0000] {processor.py:183} INFO - Processing /home/airflow/.local/lib/python3.12/site-packages/airflow/example_dags/example_task_group_decorator.py took 0.366 seconds
[2024-05-02T22:36:27.593+0000] {processor.py:161} INFO - Started process (PID=489) to work on /home/airflow/.local/lib/python3.12/site-packages/airflow/example_dags/example_task_group_decorator.py
[2024-05-02T22:36:27.595+0000] {processor.py:830} INFO - Processing file /home/airflow/.local/lib/python3.12/site-packages/airflow/example_dags/example_task_group_decorator.py for tasks to queue
[2024-05-02T22:36:27.605+0000] {logging_mixin.py:188} INFO - [2024-05-02T22:36:27.604+0000] {dagbag.py:540} INFO - Filling up the DagBag from /home/airflow/.local/lib/python3.12/site-packages/airflow/example_dags/example_task_group_decorator.py
[2024-05-02T22:36:27.687+0000] {processor.py:840} INFO - DAG(s) 'example_task_group_decorator' retrieved from /home/airflow/.local/lib/python3.12/site-packages/airflow/example_dags/example_task_group_decorator.py
[2024-05-02T22:36:27.869+0000] {logging_mixin.py:188} INFO - [2024-05-02T22:36:27.868+0000] {dag.py:3096} INFO - Sync 1 DAGs
[2024-05-02T22:36:28.124+0000] {logging_mixin.py:188} INFO - [2024-05-02T22:36:28.123+0000] {dag.py:3954} INFO - Setting next_dagrun for example_task_group_decorator to 2024-05-01 00:00:00+00:00, run_after=2024-05-02 00:00:00+00:00
[2024-05-02T22:36:28.313+0000] {processor.py:183} INFO - Processing /home/airflow/.local/lib/python3.12/site-packages/airflow/example_dags/example_task_group_decorator.py took 0.735 seconds
[2024-05-02T22:37:04.637+0000] {processor.py:161} INFO - Started process (PID=556) to work on /home/airflow/.local/lib/python3.12/site-packages/airflow/example_dags/example_task_group_decorator.py
[2024-05-02T22:37:04.663+0000] {processor.py:830} INFO - Processing file /home/airflow/.local/lib/python3.12/site-packages/airflow/example_dags/example_task_group_decorator.py for tasks to queue
[2024-05-02T22:37:04.715+0000] {logging_mixin.py:188} INFO - [2024-05-02T22:37:04.714+0000] {dagbag.py:540} INFO - Filling up the DagBag from /home/airflow/.local/lib/python3.12/site-packages/airflow/example_dags/example_task_group_decorator.py
[2024-05-02T22:37:05.039+0000] {processor.py:840} INFO - DAG(s) 'example_task_group_decorator' retrieved from /home/airflow/.local/lib/python3.12/site-packages/airflow/example_dags/example_task_group_decorator.py
[2024-05-02T22:37:05.506+0000] {logging_mixin.py:188} INFO - [2024-05-02T22:37:05.505+0000] {dag.py:3096} INFO - Sync 1 DAGs
[2024-05-02T22:37:05.868+0000] {logging_mixin.py:188} INFO - [2024-05-02T22:37:05.868+0000] {dag.py:3954} INFO - Setting next_dagrun for example_task_group_decorator to 2024-05-01 00:00:00+00:00, run_after=2024-05-02 00:00:00+00:00
[2024-05-02T22:37:06.315+0000] {processor.py:183} INFO - Processing /home/airflow/.local/lib/python3.12/site-packages/airflow/example_dags/example_task_group_decorator.py took 1.839 seconds
[2024-05-02T22:37:39.342+0000] {processor.py:161} INFO - Started process (PID=616) to work on /home/airflow/.local/lib/python3.12/site-packages/airflow/example_dags/example_task_group_decorator.py
[2024-05-02T22:37:39.352+0000] {processor.py:830} INFO - Processing file /home/airflow/.local/lib/python3.12/site-packages/airflow/example_dags/example_task_group_decorator.py for tasks to queue
[2024-05-02T22:37:39.364+0000] {logging_mixin.py:188} INFO - [2024-05-02T22:37:39.363+0000] {dagbag.py:540} INFO - Filling up the DagBag from /home/airflow/.local/lib/python3.12/site-packages/airflow/example_dags/example_task_group_decorator.py
[2024-05-02T22:37:39.558+0000] {processor.py:840} INFO - DAG(s) 'example_task_group_decorator' retrieved from /home/airflow/.local/lib/python3.12/site-packages/airflow/example_dags/example_task_group_decorator.py
[2024-05-02T22:37:39.859+0000] {logging_mixin.py:188} INFO - [2024-05-02T22:37:39.858+0000] {dag.py:3096} INFO - Sync 1 DAGs
[2024-05-02T22:37:40.195+0000] {logging_mixin.py:188} INFO - [2024-05-02T22:37:40.188+0000] {dag.py:3954} INFO - Setting next_dagrun for example_task_group_decorator to 2024-05-01 00:00:00+00:00, run_after=2024-05-02 00:00:00+00:00
[2024-05-02T22:37:40.480+0000] {processor.py:183} INFO - Processing /home/airflow/.local/lib/python3.12/site-packages/airflow/example_dags/example_task_group_decorator.py took 1.180 seconds
[2024-05-02T22:38:11.125+0000] {processor.py:161} INFO - Started process (PID=675) to work on /home/airflow/.local/lib/python3.12/site-packages/airflow/example_dags/example_task_group_decorator.py
[2024-05-02T22:38:11.135+0000] {processor.py:830} INFO - Processing file /home/airflow/.local/lib/python3.12/site-packages/airflow/example_dags/example_task_group_decorator.py for tasks to queue
[2024-05-02T22:38:11.141+0000] {logging_mixin.py:188} INFO - [2024-05-02T22:38:11.140+0000] {dagbag.py:540} INFO - Filling up the DagBag from /home/airflow/.local/lib/python3.12/site-packages/airflow/example_dags/example_task_group_decorator.py
[2024-05-02T22:38:11.253+0000] {processor.py:840} INFO - DAG(s) 'example_task_group_decorator' retrieved from /home/airflow/.local/lib/python3.12/site-packages/airflow/example_dags/example_task_group_decorator.py
[2024-05-02T22:38:11.443+0000] {logging_mixin.py:188} INFO - [2024-05-02T22:38:11.443+0000] {dag.py:3096} INFO - Sync 1 DAGs
[2024-05-02T22:38:11.569+0000] {logging_mixin.py:188} INFO - [2024-05-02T22:38:11.569+0000] {dag.py:3954} INFO - Setting next_dagrun for example_task_group_decorator to 2024-05-01 00:00:00+00:00, run_after=2024-05-02 00:00:00+00:00
[2024-05-02T22:38:11.632+0000] {processor.py:183} INFO - Processing /home/airflow/.local/lib/python3.12/site-packages/airflow/example_dags/example_task_group_decorator.py took 0.607 seconds
[2024-05-02T22:38:46.059+0000] {processor.py:161} INFO - Started process (PID=734) to work on /home/airflow/.local/lib/python3.12/site-packages/airflow/example_dags/example_task_group_decorator.py
[2024-05-02T22:38:46.060+0000] {processor.py:830} INFO - Processing file /home/airflow/.local/lib/python3.12/site-packages/airflow/example_dags/example_task_group_decorator.py for tasks to queue
[2024-05-02T22:38:46.075+0000] {logging_mixin.py:188} INFO - [2024-05-02T22:38:46.064+0000] {dagbag.py:540} INFO - Filling up the DagBag from /home/airflow/.local/lib/python3.12/site-packages/airflow/example_dags/example_task_group_decorator.py
[2024-05-02T22:38:46.206+0000] {processor.py:840} INFO - DAG(s) 'example_task_group_decorator' retrieved from /home/airflow/.local/lib/python3.12/site-packages/airflow/example_dags/example_task_group_decorator.py
[2024-05-02T22:38:46.390+0000] {logging_mixin.py:188} INFO - [2024-05-02T22:38:46.390+0000] {dag.py:3096} INFO - Sync 1 DAGs
[2024-05-02T22:38:46.714+0000] {logging_mixin.py:188} INFO - [2024-05-02T22:38:46.713+0000] {dag.py:3954} INFO - Setting next_dagrun for example_task_group_decorator to 2024-05-01 00:00:00+00:00, run_after=2024-05-02 00:00:00+00:00
[2024-05-02T22:38:46.824+0000] {processor.py:183} INFO - Processing /home/airflow/.local/lib/python3.12/site-packages/airflow/example_dags/example_task_group_decorator.py took 0.800 seconds
[2024-05-02T22:39:23.883+0000] {processor.py:161} INFO - Started process (PID=798) to work on /home/airflow/.local/lib/python3.12/site-packages/airflow/example_dags/example_task_group_decorator.py
[2024-05-02T22:39:23.885+0000] {processor.py:830} INFO - Processing file /home/airflow/.local/lib/python3.12/site-packages/airflow/example_dags/example_task_group_decorator.py for tasks to queue
[2024-05-02T22:39:23.891+0000] {logging_mixin.py:188} INFO - [2024-05-02T22:39:23.890+0000] {dagbag.py:540} INFO - Filling up the DagBag from /home/airflow/.local/lib/python3.12/site-packages/airflow/example_dags/example_task_group_decorator.py
[2024-05-02T22:39:23.991+0000] {processor.py:840} INFO - DAG(s) 'example_task_group_decorator' retrieved from /home/airflow/.local/lib/python3.12/site-packages/airflow/example_dags/example_task_group_decorator.py
[2024-05-02T22:39:24.049+0000] {logging_mixin.py:188} INFO - [2024-05-02T22:39:24.047+0000] {dag.py:3096} INFO - Sync 1 DAGs
[2024-05-02T22:39:24.130+0000] {logging_mixin.py:188} INFO - [2024-05-02T22:39:24.129+0000] {dag.py:3954} INFO - Setting next_dagrun for example_task_group_decorator to 2024-05-01 00:00:00+00:00, run_after=2024-05-02 00:00:00+00:00
[2024-05-02T22:39:24.199+0000] {processor.py:183} INFO - Processing /home/airflow/.local/lib/python3.12/site-packages/airflow/example_dags/example_task_group_decorator.py took 0.330 seconds
[2024-05-02T22:40:05.890+0000] {processor.py:161} INFO - Started process (PID=859) to work on /home/airflow/.local/lib/python3.12/site-packages/airflow/example_dags/example_task_group_decorator.py
[2024-05-02T22:40:05.892+0000] {processor.py:830} INFO - Processing file /home/airflow/.local/lib/python3.12/site-packages/airflow/example_dags/example_task_group_decorator.py for tasks to queue
[2024-05-02T22:40:05.895+0000] {logging_mixin.py:188} INFO - [2024-05-02T22:40:05.894+0000] {dagbag.py:540} INFO - Filling up the DagBag from /home/airflow/.local/lib/python3.12/site-packages/airflow/example_dags/example_task_group_decorator.py
[2024-05-02T22:40:05.954+0000] {processor.py:840} INFO - DAG(s) 'example_task_group_decorator' retrieved from /home/airflow/.local/lib/python3.12/site-packages/airflow/example_dags/example_task_group_decorator.py
[2024-05-02T22:40:06.542+0000] {logging_mixin.py:188} INFO - [2024-05-02T22:40:06.541+0000] {dag.py:3096} INFO - Sync 1 DAGs
[2024-05-02T22:40:06.593+0000] {logging_mixin.py:188} INFO - [2024-05-02T22:40:06.593+0000] {dag.py:3954} INFO - Setting next_dagrun for example_task_group_decorator to 2024-05-01 00:00:00+00:00, run_after=2024-05-02 00:00:00+00:00
[2024-05-02T22:40:06.699+0000] {processor.py:183} INFO - Processing /home/airflow/.local/lib/python3.12/site-packages/airflow/example_dags/example_task_group_decorator.py took 0.820 seconds
[2024-05-02T22:40:37.068+0000] {processor.py:161} INFO - Started process (PID=918) to work on /home/airflow/.local/lib/python3.12/site-packages/airflow/example_dags/example_task_group_decorator.py
[2024-05-02T22:40:37.070+0000] {processor.py:830} INFO - Processing file /home/airflow/.local/lib/python3.12/site-packages/airflow/example_dags/example_task_group_decorator.py for tasks to queue
[2024-05-02T22:40:37.073+0000] {logging_mixin.py:188} INFO - [2024-05-02T22:40:37.072+0000] {dagbag.py:540} INFO - Filling up the DagBag from /home/airflow/.local/lib/python3.12/site-packages/airflow/example_dags/example_task_group_decorator.py
[2024-05-02T22:40:37.100+0000] {processor.py:840} INFO - DAG(s) 'example_task_group_decorator' retrieved from /home/airflow/.local/lib/python3.12/site-packages/airflow/example_dags/example_task_group_decorator.py
[2024-05-02T22:40:37.145+0000] {logging_mixin.py:188} INFO - [2024-05-02T22:40:37.145+0000] {dag.py:3096} INFO - Sync 1 DAGs
[2024-05-02T22:40:37.184+0000] {logging_mixin.py:188} INFO - [2024-05-02T22:40:37.183+0000] {dag.py:3954} INFO - Setting next_dagrun for example_task_group_decorator to 2024-05-01 00:00:00+00:00, run_after=2024-05-02 00:00:00+00:00
[2024-05-02T22:40:37.219+0000] {processor.py:183} INFO - Processing /home/airflow/.local/lib/python3.12/site-packages/airflow/example_dags/example_task_group_decorator.py took 0.160 seconds
[2024-05-02T22:41:08.552+0000] {processor.py:161} INFO - Started process (PID=977) to work on /home/airflow/.local/lib/python3.12/site-packages/airflow/example_dags/example_task_group_decorator.py
[2024-05-02T22:41:08.554+0000] {processor.py:830} INFO - Processing file /home/airflow/.local/lib/python3.12/site-packages/airflow/example_dags/example_task_group_decorator.py for tasks to queue
[2024-05-02T22:41:08.557+0000] {logging_mixin.py:188} INFO - [2024-05-02T22:41:08.556+0000] {dagbag.py:540} INFO - Filling up the DagBag from /home/airflow/.local/lib/python3.12/site-packages/airflow/example_dags/example_task_group_decorator.py
[2024-05-02T22:41:08.589+0000] {processor.py:840} INFO - DAG(s) 'example_task_group_decorator' retrieved from /home/airflow/.local/lib/python3.12/site-packages/airflow/example_dags/example_task_group_decorator.py
[2024-05-02T22:41:08.678+0000] {logging_mixin.py:188} INFO - [2024-05-02T22:41:08.677+0000] {dag.py:3096} INFO - Sync 1 DAGs
[2024-05-02T22:41:09.036+0000] {logging_mixin.py:188} INFO - [2024-05-02T22:41:09.036+0000] {dag.py:3954} INFO - Setting next_dagrun for example_task_group_decorator to 2024-05-01 00:00:00+00:00, run_after=2024-05-02 00:00:00+00:00
[2024-05-02T22:41:09.074+0000] {processor.py:183} INFO - Processing /home/airflow/.local/lib/python3.12/site-packages/airflow/example_dags/example_task_group_decorator.py took 0.533 seconds
[2024-05-02T22:41:39.848+0000] {processor.py:161} INFO - Started process (PID=1036) to work on /home/airflow/.local/lib/python3.12/site-packages/airflow/example_dags/example_task_group_decorator.py
[2024-05-02T22:41:39.850+0000] {processor.py:830} INFO - Processing file /home/airflow/.local/lib/python3.12/site-packages/airflow/example_dags/example_task_group_decorator.py for tasks to queue
[2024-05-02T22:41:39.856+0000] {logging_mixin.py:188} INFO - [2024-05-02T22:41:39.855+0000] {dagbag.py:540} INFO - Filling up the DagBag from /home/airflow/.local/lib/python3.12/site-packages/airflow/example_dags/example_task_group_decorator.py
[2024-05-02T22:41:39.917+0000] {processor.py:840} INFO - DAG(s) 'example_task_group_decorator' retrieved from /home/airflow/.local/lib/python3.12/site-packages/airflow/example_dags/example_task_group_decorator.py
[2024-05-02T22:41:39.987+0000] {logging_mixin.py:188} INFO - [2024-05-02T22:41:39.986+0000] {dag.py:3096} INFO - Sync 1 DAGs
[2024-05-02T22:41:40.083+0000] {logging_mixin.py:188} INFO - [2024-05-02T22:41:40.082+0000] {dag.py:3954} INFO - Setting next_dagrun for example_task_group_decorator to 2024-05-01 00:00:00+00:00, run_after=2024-05-02 00:00:00+00:00
[2024-05-02T22:41:40.215+0000] {processor.py:183} INFO - Processing /home/airflow/.local/lib/python3.12/site-packages/airflow/example_dags/example_task_group_decorator.py took 0.386 seconds
[2024-05-02T22:42:10.508+0000] {processor.py:161} INFO - Started process (PID=1095) to work on /home/airflow/.local/lib/python3.12/site-packages/airflow/example_dags/example_task_group_decorator.py
[2024-05-02T22:42:10.536+0000] {processor.py:830} INFO - Processing file /home/airflow/.local/lib/python3.12/site-packages/airflow/example_dags/example_task_group_decorator.py for tasks to queue
[2024-05-02T22:42:10.566+0000] {logging_mixin.py:188} INFO - [2024-05-02T22:42:10.559+0000] {dagbag.py:540} INFO - Filling up the DagBag from /home/airflow/.local/lib/python3.12/site-packages/airflow/example_dags/example_task_group_decorator.py
[2024-05-02T22:42:10.664+0000] {processor.py:840} INFO - DAG(s) 'example_task_group_decorator' retrieved from /home/airflow/.local/lib/python3.12/site-packages/airflow/example_dags/example_task_group_decorator.py
[2024-05-02T22:42:10.841+0000] {logging_mixin.py:188} INFO - [2024-05-02T22:42:10.840+0000] {dag.py:3096} INFO - Sync 1 DAGs
[2024-05-02T22:42:10.909+0000] {logging_mixin.py:188} INFO - [2024-05-02T22:42:10.909+0000] {dag.py:3954} INFO - Setting next_dagrun for example_task_group_decorator to 2024-05-01 00:00:00+00:00, run_after=2024-05-02 00:00:00+00:00
[2024-05-02T22:42:11.012+0000] {processor.py:183} INFO - Processing /home/airflow/.local/lib/python3.12/site-packages/airflow/example_dags/example_task_group_decorator.py took 0.529 seconds
[2024-05-02T22:42:41.627+0000] {processor.py:161} INFO - Started process (PID=1154) to work on /home/airflow/.local/lib/python3.12/site-packages/airflow/example_dags/example_task_group_decorator.py
[2024-05-02T22:42:41.631+0000] {processor.py:830} INFO - Processing file /home/airflow/.local/lib/python3.12/site-packages/airflow/example_dags/example_task_group_decorator.py for tasks to queue
[2024-05-02T22:42:41.634+0000] {logging_mixin.py:188} INFO - [2024-05-02T22:42:41.634+0000] {dagbag.py:540} INFO - Filling up the DagBag from /home/airflow/.local/lib/python3.12/site-packages/airflow/example_dags/example_task_group_decorator.py
[2024-05-02T22:42:41.701+0000] {processor.py:840} INFO - DAG(s) 'example_task_group_decorator' retrieved from /home/airflow/.local/lib/python3.12/site-packages/airflow/example_dags/example_task_group_decorator.py
[2024-05-02T22:42:41.762+0000] {logging_mixin.py:188} INFO - [2024-05-02T22:42:41.762+0000] {dag.py:3096} INFO - Sync 1 DAGs
[2024-05-02T22:42:41.813+0000] {logging_mixin.py:188} INFO - [2024-05-02T22:42:41.813+0000] {dag.py:3954} INFO - Setting next_dagrun for example_task_group_decorator to 2024-05-01 00:00:00+00:00, run_after=2024-05-02 00:00:00+00:00
[2024-05-02T22:42:41.864+0000] {processor.py:183} INFO - Processing /home/airflow/.local/lib/python3.12/site-packages/airflow/example_dags/example_task_group_decorator.py took 0.252 seconds
[2024-05-02T22:43:12.087+0000] {processor.py:161} INFO - Started process (PID=1213) to work on /home/airflow/.local/lib/python3.12/site-packages/airflow/example_dags/example_task_group_decorator.py
[2024-05-02T22:43:12.089+0000] {processor.py:830} INFO - Processing file /home/airflow/.local/lib/python3.12/site-packages/airflow/example_dags/example_task_group_decorator.py for tasks to queue
[2024-05-02T22:43:12.095+0000] {logging_mixin.py:188} INFO - [2024-05-02T22:43:12.094+0000] {dagbag.py:540} INFO - Filling up the DagBag from /home/airflow/.local/lib/python3.12/site-packages/airflow/example_dags/example_task_group_decorator.py
[2024-05-02T22:43:12.137+0000] {processor.py:840} INFO - DAG(s) 'example_task_group_decorator' retrieved from /home/airflow/.local/lib/python3.12/site-packages/airflow/example_dags/example_task_group_decorator.py
[2024-05-02T22:43:12.257+0000] {logging_mixin.py:188} INFO - [2024-05-02T22:43:12.256+0000] {dag.py:3096} INFO - Sync 1 DAGs
[2024-05-02T22:43:12.318+0000] {logging_mixin.py:188} INFO - [2024-05-02T22:43:12.317+0000] {dag.py:3954} INFO - Setting next_dagrun for example_task_group_decorator to 2024-05-01 00:00:00+00:00, run_after=2024-05-02 00:00:00+00:00
[2024-05-02T22:43:12.369+0000] {processor.py:183} INFO - Processing /home/airflow/.local/lib/python3.12/site-packages/airflow/example_dags/example_task_group_decorator.py took 0.295 seconds
[2024-05-02T22:43:42.843+0000] {processor.py:161} INFO - Started process (PID=1272) to work on /home/airflow/.local/lib/python3.12/site-packages/airflow/example_dags/example_task_group_decorator.py
[2024-05-02T22:43:42.886+0000] {processor.py:830} INFO - Processing file /home/airflow/.local/lib/python3.12/site-packages/airflow/example_dags/example_task_group_decorator.py for tasks to queue
[2024-05-02T22:43:42.897+0000] {logging_mixin.py:188} INFO - [2024-05-02T22:43:42.896+0000] {dagbag.py:540} INFO - Filling up the DagBag from /home/airflow/.local/lib/python3.12/site-packages/airflow/example_dags/example_task_group_decorator.py
[2024-05-02T22:43:43.040+0000] {processor.py:840} INFO - DAG(s) 'example_task_group_decorator' retrieved from /home/airflow/.local/lib/python3.12/site-packages/airflow/example_dags/example_task_group_decorator.py
[2024-05-02T22:43:43.313+0000] {logging_mixin.py:188} INFO - [2024-05-02T22:43:43.312+0000] {dag.py:3096} INFO - Sync 1 DAGs
[2024-05-02T22:43:43.525+0000] {logging_mixin.py:188} INFO - [2024-05-02T22:43:43.525+0000] {dag.py:3954} INFO - Setting next_dagrun for example_task_group_decorator to 2024-05-01 00:00:00+00:00, run_after=2024-05-02 00:00:00+00:00
[2024-05-02T22:43:43.690+0000] {processor.py:183} INFO - Processing /home/airflow/.local/lib/python3.12/site-packages/airflow/example_dags/example_task_group_decorator.py took 0.887 seconds
[2024-05-02T22:44:14.355+0000] {processor.py:161} INFO - Started process (PID=1331) to work on /home/airflow/.local/lib/python3.12/site-packages/airflow/example_dags/example_task_group_decorator.py
[2024-05-02T22:44:14.366+0000] {processor.py:830} INFO - Processing file /home/airflow/.local/lib/python3.12/site-packages/airflow/example_dags/example_task_group_decorator.py for tasks to queue
[2024-05-02T22:44:14.375+0000] {logging_mixin.py:188} INFO - [2024-05-02T22:44:14.374+0000] {dagbag.py:540} INFO - Filling up the DagBag from /home/airflow/.local/lib/python3.12/site-packages/airflow/example_dags/example_task_group_decorator.py
[2024-05-02T22:44:14.434+0000] {processor.py:840} INFO - DAG(s) 'example_task_group_decorator' retrieved from /home/airflow/.local/lib/python3.12/site-packages/airflow/example_dags/example_task_group_decorator.py
[2024-05-02T22:44:14.586+0000] {logging_mixin.py:188} INFO - [2024-05-02T22:44:14.586+0000] {dag.py:3096} INFO - Sync 1 DAGs
[2024-05-02T22:44:14.660+0000] {logging_mixin.py:188} INFO - [2024-05-02T22:44:14.660+0000] {dag.py:3954} INFO - Setting next_dagrun for example_task_group_decorator to 2024-05-01 00:00:00+00:00, run_after=2024-05-02 00:00:00+00:00
[2024-05-02T22:44:14.729+0000] {processor.py:183} INFO - Processing /home/airflow/.local/lib/python3.12/site-packages/airflow/example_dags/example_task_group_decorator.py took 0.398 seconds
[2024-05-02T22:44:45.253+0000] {processor.py:161} INFO - Started process (PID=1390) to work on /home/airflow/.local/lib/python3.12/site-packages/airflow/example_dags/example_task_group_decorator.py
[2024-05-02T22:44:45.255+0000] {processor.py:830} INFO - Processing file /home/airflow/.local/lib/python3.12/site-packages/airflow/example_dags/example_task_group_decorator.py for tasks to queue
[2024-05-02T22:44:45.283+0000] {logging_mixin.py:188} INFO - [2024-05-02T22:44:45.281+0000] {dagbag.py:540} INFO - Filling up the DagBag from /home/airflow/.local/lib/python3.12/site-packages/airflow/example_dags/example_task_group_decorator.py
[2024-05-02T22:44:45.488+0000] {processor.py:840} INFO - DAG(s) 'example_task_group_decorator' retrieved from /home/airflow/.local/lib/python3.12/site-packages/airflow/example_dags/example_task_group_decorator.py
[2024-05-02T22:44:45.798+0000] {logging_mixin.py:188} INFO - [2024-05-02T22:44:45.796+0000] {dag.py:3096} INFO - Sync 1 DAGs
[2024-05-02T22:44:46.310+0000] {logging_mixin.py:188} INFO - [2024-05-02T22:44:46.309+0000] {dag.py:3954} INFO - Setting next_dagrun for example_task_group_decorator to 2024-05-01 00:00:00+00:00, run_after=2024-05-02 00:00:00+00:00
[2024-05-02T22:44:46.728+0000] {processor.py:183} INFO - Processing /home/airflow/.local/lib/python3.12/site-packages/airflow/example_dags/example_task_group_decorator.py took 1.508 seconds
[2024-05-02T22:45:17.444+0000] {processor.py:161} INFO - Started process (PID=1449) to work on /home/airflow/.local/lib/python3.12/site-packages/airflow/example_dags/example_task_group_decorator.py
[2024-05-02T22:45:17.447+0000] {processor.py:830} INFO - Processing file /home/airflow/.local/lib/python3.12/site-packages/airflow/example_dags/example_task_group_decorator.py for tasks to queue
[2024-05-02T22:45:17.452+0000] {logging_mixin.py:188} INFO - [2024-05-02T22:45:17.451+0000] {dagbag.py:540} INFO - Filling up the DagBag from /home/airflow/.local/lib/python3.12/site-packages/airflow/example_dags/example_task_group_decorator.py
[2024-05-02T22:45:17.498+0000] {processor.py:840} INFO - DAG(s) 'example_task_group_decorator' retrieved from /home/airflow/.local/lib/python3.12/site-packages/airflow/example_dags/example_task_group_decorator.py
[2024-05-02T22:45:17.587+0000] {logging_mixin.py:188} INFO - [2024-05-02T22:45:17.587+0000] {dag.py:3096} INFO - Sync 1 DAGs
[2024-05-02T22:45:17.647+0000] {logging_mixin.py:188} INFO - [2024-05-02T22:45:17.646+0000] {dag.py:3954} INFO - Setting next_dagrun for example_task_group_decorator to 2024-05-01 00:00:00+00:00, run_after=2024-05-02 00:00:00+00:00
[2024-05-02T22:45:17.689+0000] {processor.py:183} INFO - Processing /home/airflow/.local/lib/python3.12/site-packages/airflow/example_dags/example_task_group_decorator.py took 0.269 seconds
[2024-05-02T22:45:48.293+0000] {processor.py:161} INFO - Started process (PID=1509) to work on /home/airflow/.local/lib/python3.12/site-packages/airflow/example_dags/example_task_group_decorator.py
[2024-05-02T22:45:48.295+0000] {processor.py:830} INFO - Processing file /home/airflow/.local/lib/python3.12/site-packages/airflow/example_dags/example_task_group_decorator.py for tasks to queue
[2024-05-02T22:45:48.303+0000] {logging_mixin.py:188} INFO - [2024-05-02T22:45:48.302+0000] {dagbag.py:540} INFO - Filling up the DagBag from /home/airflow/.local/lib/python3.12/site-packages/airflow/example_dags/example_task_group_decorator.py
[2024-05-02T22:45:48.397+0000] {processor.py:840} INFO - DAG(s) 'example_task_group_decorator' retrieved from /home/airflow/.local/lib/python3.12/site-packages/airflow/example_dags/example_task_group_decorator.py
[2024-05-02T22:45:48.491+0000] {logging_mixin.py:188} INFO - [2024-05-02T22:45:48.490+0000] {dag.py:3096} INFO - Sync 1 DAGs
[2024-05-02T22:45:48.572+0000] {logging_mixin.py:188} INFO - [2024-05-02T22:45:48.571+0000] {dag.py:3954} INFO - Setting next_dagrun for example_task_group_decorator to 2024-05-01 00:00:00+00:00, run_after=2024-05-02 00:00:00+00:00
[2024-05-02T22:45:48.632+0000] {processor.py:183} INFO - Processing /home/airflow/.local/lib/python3.12/site-packages/airflow/example_dags/example_task_group_decorator.py took 0.358 seconds
[2024-05-02T22:46:18.813+0000] {processor.py:161} INFO - Started process (PID=1568) to work on /home/airflow/.local/lib/python3.12/site-packages/airflow/example_dags/example_task_group_decorator.py
[2024-05-02T22:46:18.823+0000] {processor.py:830} INFO - Processing file /home/airflow/.local/lib/python3.12/site-packages/airflow/example_dags/example_task_group_decorator.py for tasks to queue
[2024-05-02T22:46:18.834+0000] {logging_mixin.py:188} INFO - [2024-05-02T22:46:18.833+0000] {dagbag.py:540} INFO - Filling up the DagBag from /home/airflow/.local/lib/python3.12/site-packages/airflow/example_dags/example_task_group_decorator.py
[2024-05-02T22:46:18.882+0000] {processor.py:840} INFO - DAG(s) 'example_task_group_decorator' retrieved from /home/airflow/.local/lib/python3.12/site-packages/airflow/example_dags/example_task_group_decorator.py
[2024-05-02T22:46:18.939+0000] {logging_mixin.py:188} INFO - [2024-05-02T22:46:18.939+0000] {dag.py:3096} INFO - Sync 1 DAGs
[2024-05-02T22:46:18.992+0000] {logging_mixin.py:188} INFO - [2024-05-02T22:46:18.992+0000] {dag.py:3954} INFO - Setting next_dagrun for example_task_group_decorator to 2024-05-01 00:00:00+00:00, run_after=2024-05-02 00:00:00+00:00
[2024-05-02T22:46:19.044+0000] {processor.py:183} INFO - Processing /home/airflow/.local/lib/python3.12/site-packages/airflow/example_dags/example_task_group_decorator.py took 0.267 seconds
[2024-05-02T22:46:49.365+0000] {processor.py:161} INFO - Started process (PID=1629) to work on /home/airflow/.local/lib/python3.12/site-packages/airflow/example_dags/example_task_group_decorator.py
[2024-05-02T22:46:49.367+0000] {processor.py:830} INFO - Processing file /home/airflow/.local/lib/python3.12/site-packages/airflow/example_dags/example_task_group_decorator.py for tasks to queue
[2024-05-02T22:46:49.371+0000] {logging_mixin.py:188} INFO - [2024-05-02T22:46:49.370+0000] {dagbag.py:540} INFO - Filling up the DagBag from /home/airflow/.local/lib/python3.12/site-packages/airflow/example_dags/example_task_group_decorator.py
[2024-05-02T22:46:49.402+0000] {processor.py:840} INFO - DAG(s) 'example_task_group_decorator' retrieved from /home/airflow/.local/lib/python3.12/site-packages/airflow/example_dags/example_task_group_decorator.py
[2024-05-02T22:46:49.458+0000] {logging_mixin.py:188} INFO - [2024-05-02T22:46:49.458+0000] {dag.py:3096} INFO - Sync 1 DAGs
[2024-05-02T22:46:49.516+0000] {logging_mixin.py:188} INFO - [2024-05-02T22:46:49.515+0000] {dag.py:3954} INFO - Setting next_dagrun for example_task_group_decorator to 2024-05-01 00:00:00+00:00, run_after=2024-05-02 00:00:00+00:00
[2024-05-02T22:46:49.559+0000] {processor.py:183} INFO - Processing /home/airflow/.local/lib/python3.12/site-packages/airflow/example_dags/example_task_group_decorator.py took 0.205 seconds
[2024-05-02T22:47:20.333+0000] {processor.py:161} INFO - Started process (PID=1687) to work on /home/airflow/.local/lib/python3.12/site-packages/airflow/example_dags/example_task_group_decorator.py
[2024-05-02T22:47:20.336+0000] {processor.py:830} INFO - Processing file /home/airflow/.local/lib/python3.12/site-packages/airflow/example_dags/example_task_group_decorator.py for tasks to queue
[2024-05-02T22:47:20.340+0000] {logging_mixin.py:188} INFO - [2024-05-02T22:47:20.340+0000] {dagbag.py:540} INFO - Filling up the DagBag from /home/airflow/.local/lib/python3.12/site-packages/airflow/example_dags/example_task_group_decorator.py
[2024-05-02T22:47:20.396+0000] {processor.py:840} INFO - DAG(s) 'example_task_group_decorator' retrieved from /home/airflow/.local/lib/python3.12/site-packages/airflow/example_dags/example_task_group_decorator.py
[2024-05-02T22:47:20.455+0000] {logging_mixin.py:188} INFO - [2024-05-02T22:47:20.454+0000] {dag.py:3096} INFO - Sync 1 DAGs
[2024-05-02T22:47:20.517+0000] {logging_mixin.py:188} INFO - [2024-05-02T22:47:20.517+0000] {dag.py:3954} INFO - Setting next_dagrun for example_task_group_decorator to 2024-05-01 00:00:00+00:00, run_after=2024-05-02 00:00:00+00:00
[2024-05-02T22:47:20.568+0000] {processor.py:183} INFO - Processing /home/airflow/.local/lib/python3.12/site-packages/airflow/example_dags/example_task_group_decorator.py took 0.250 seconds
[2024-05-02T22:47:50.654+0000] {processor.py:161} INFO - Started process (PID=1746) to work on /home/airflow/.local/lib/python3.12/site-packages/airflow/example_dags/example_task_group_decorator.py
[2024-05-02T22:47:50.656+0000] {processor.py:830} INFO - Processing file /home/airflow/.local/lib/python3.12/site-packages/airflow/example_dags/example_task_group_decorator.py for tasks to queue
[2024-05-02T22:47:50.665+0000] {logging_mixin.py:188} INFO - [2024-05-02T22:47:50.662+0000] {dagbag.py:540} INFO - Filling up the DagBag from /home/airflow/.local/lib/python3.12/site-packages/airflow/example_dags/example_task_group_decorator.py
[2024-05-02T22:47:50.721+0000] {processor.py:840} INFO - DAG(s) 'example_task_group_decorator' retrieved from /home/airflow/.local/lib/python3.12/site-packages/airflow/example_dags/example_task_group_decorator.py
[2024-05-02T22:47:50.787+0000] {logging_mixin.py:188} INFO - [2024-05-02T22:47:50.787+0000] {dag.py:3096} INFO - Sync 1 DAGs
[2024-05-02T22:47:50.849+0000] {logging_mixin.py:188} INFO - [2024-05-02T22:47:50.848+0000] {dag.py:3954} INFO - Setting next_dagrun for example_task_group_decorator to 2024-05-01 00:00:00+00:00, run_after=2024-05-02 00:00:00+00:00
[2024-05-02T22:47:50.994+0000] {processor.py:183} INFO - Processing /home/airflow/.local/lib/python3.12/site-packages/airflow/example_dags/example_task_group_decorator.py took 0.353 seconds
[2024-05-02T22:48:21.164+0000] {processor.py:161} INFO - Started process (PID=1806) to work on /home/airflow/.local/lib/python3.12/site-packages/airflow/example_dags/example_task_group_decorator.py
[2024-05-02T22:48:21.170+0000] {processor.py:830} INFO - Processing file /home/airflow/.local/lib/python3.12/site-packages/airflow/example_dags/example_task_group_decorator.py for tasks to queue
[2024-05-02T22:48:21.178+0000] {logging_mixin.py:188} INFO - [2024-05-02T22:48:21.177+0000] {dagbag.py:540} INFO - Filling up the DagBag from /home/airflow/.local/lib/python3.12/site-packages/airflow/example_dags/example_task_group_decorator.py
[2024-05-02T22:48:21.247+0000] {processor.py:840} INFO - DAG(s) 'example_task_group_decorator' retrieved from /home/airflow/.local/lib/python3.12/site-packages/airflow/example_dags/example_task_group_decorator.py
[2024-05-02T22:48:21.385+0000] {logging_mixin.py:188} INFO - [2024-05-02T22:48:21.383+0000] {dag.py:3096} INFO - Sync 1 DAGs
[2024-05-02T22:48:21.450+0000] {logging_mixin.py:188} INFO - [2024-05-02T22:48:21.449+0000] {dag.py:3954} INFO - Setting next_dagrun for example_task_group_decorator to 2024-05-01 00:00:00+00:00, run_after=2024-05-02 00:00:00+00:00
[2024-05-02T22:48:21.510+0000] {processor.py:183} INFO - Processing /home/airflow/.local/lib/python3.12/site-packages/airflow/example_dags/example_task_group_decorator.py took 0.367 seconds
[2024-05-02T22:48:51.780+0000] {processor.py:161} INFO - Started process (PID=1865) to work on /home/airflow/.local/lib/python3.12/site-packages/airflow/example_dags/example_task_group_decorator.py
[2024-05-02T22:48:51.783+0000] {processor.py:830} INFO - Processing file /home/airflow/.local/lib/python3.12/site-packages/airflow/example_dags/example_task_group_decorator.py for tasks to queue
[2024-05-02T22:48:51.788+0000] {logging_mixin.py:188} INFO - [2024-05-02T22:48:51.787+0000] {dagbag.py:540} INFO - Filling up the DagBag from /home/airflow/.local/lib/python3.12/site-packages/airflow/example_dags/example_task_group_decorator.py
[2024-05-02T22:48:51.823+0000] {processor.py:840} INFO - DAG(s) 'example_task_group_decorator' retrieved from /home/airflow/.local/lib/python3.12/site-packages/airflow/example_dags/example_task_group_decorator.py
[2024-05-02T22:48:51.884+0000] {logging_mixin.py:188} INFO - [2024-05-02T22:48:51.883+0000] {dag.py:3096} INFO - Sync 1 DAGs
[2024-05-02T22:48:51.989+0000] {logging_mixin.py:188} INFO - [2024-05-02T22:48:51.987+0000] {dag.py:3954} INFO - Setting next_dagrun for example_task_group_decorator to 2024-05-01 00:00:00+00:00, run_after=2024-05-02 00:00:00+00:00
[2024-05-02T22:48:52.042+0000] {processor.py:183} INFO - Processing /home/airflow/.local/lib/python3.12/site-packages/airflow/example_dags/example_task_group_decorator.py took 0.273 seconds
[2024-05-02T22:49:22.578+0000] {processor.py:161} INFO - Started process (PID=1924) to work on /home/airflow/.local/lib/python3.12/site-packages/airflow/example_dags/example_task_group_decorator.py
[2024-05-02T22:49:22.579+0000] {processor.py:830} INFO - Processing file /home/airflow/.local/lib/python3.12/site-packages/airflow/example_dags/example_task_group_decorator.py for tasks to queue
[2024-05-02T22:49:22.583+0000] {logging_mixin.py:188} INFO - [2024-05-02T22:49:22.582+0000] {dagbag.py:540} INFO - Filling up the DagBag from /home/airflow/.local/lib/python3.12/site-packages/airflow/example_dags/example_task_group_decorator.py
[2024-05-02T22:49:22.617+0000] {processor.py:840} INFO - DAG(s) 'example_task_group_decorator' retrieved from /home/airflow/.local/lib/python3.12/site-packages/airflow/example_dags/example_task_group_decorator.py
[2024-05-02T22:49:22.683+0000] {logging_mixin.py:188} INFO - [2024-05-02T22:49:22.682+0000] {dag.py:3096} INFO - Sync 1 DAGs
[2024-05-02T22:49:22.749+0000] {logging_mixin.py:188} INFO - [2024-05-02T22:49:22.749+0000] {dag.py:3954} INFO - Setting next_dagrun for example_task_group_decorator to 2024-05-01 00:00:00+00:00, run_after=2024-05-02 00:00:00+00:00
[2024-05-02T22:49:22.795+0000] {processor.py:183} INFO - Processing /home/airflow/.local/lib/python3.12/site-packages/airflow/example_dags/example_task_group_decorator.py took 0.229 seconds
[2024-05-02T22:49:53.185+0000] {processor.py:161} INFO - Started process (PID=1983) to work on /home/airflow/.local/lib/python3.12/site-packages/airflow/example_dags/example_task_group_decorator.py
[2024-05-02T22:49:53.187+0000] {processor.py:830} INFO - Processing file /home/airflow/.local/lib/python3.12/site-packages/airflow/example_dags/example_task_group_decorator.py for tasks to queue
[2024-05-02T22:49:53.199+0000] {logging_mixin.py:188} INFO - [2024-05-02T22:49:53.198+0000] {dagbag.py:540} INFO - Filling up the DagBag from /home/airflow/.local/lib/python3.12/site-packages/airflow/example_dags/example_task_group_decorator.py
[2024-05-02T22:49:53.261+0000] {processor.py:840} INFO - DAG(s) 'example_task_group_decorator' retrieved from /home/airflow/.local/lib/python3.12/site-packages/airflow/example_dags/example_task_group_decorator.py
[2024-05-02T22:49:53.434+0000] {logging_mixin.py:188} INFO - [2024-05-02T22:49:53.432+0000] {dag.py:3096} INFO - Sync 1 DAGs
[2024-05-02T22:49:53.545+0000] {logging_mixin.py:188} INFO - [2024-05-02T22:49:53.544+0000] {dag.py:3954} INFO - Setting next_dagrun for example_task_group_decorator to 2024-05-01 00:00:00+00:00, run_after=2024-05-02 00:00:00+00:00
[2024-05-02T22:49:53.636+0000] {processor.py:183} INFO - Processing /home/airflow/.local/lib/python3.12/site-packages/airflow/example_dags/example_task_group_decorator.py took 0.478 seconds
[2024-05-02T22:50:24.581+0000] {processor.py:161} INFO - Started process (PID=2042) to work on /home/airflow/.local/lib/python3.12/site-packages/airflow/example_dags/example_task_group_decorator.py
[2024-05-02T22:50:24.583+0000] {processor.py:830} INFO - Processing file /home/airflow/.local/lib/python3.12/site-packages/airflow/example_dags/example_task_group_decorator.py for tasks to queue
[2024-05-02T22:50:24.586+0000] {logging_mixin.py:188} INFO - [2024-05-02T22:50:24.586+0000] {dagbag.py:540} INFO - Filling up the DagBag from /home/airflow/.local/lib/python3.12/site-packages/airflow/example_dags/example_task_group_decorator.py
[2024-05-02T22:50:24.625+0000] {processor.py:840} INFO - DAG(s) 'example_task_group_decorator' retrieved from /home/airflow/.local/lib/python3.12/site-packages/airflow/example_dags/example_task_group_decorator.py
[2024-05-02T22:50:24.681+0000] {logging_mixin.py:188} INFO - [2024-05-02T22:50:24.680+0000] {dag.py:3096} INFO - Sync 1 DAGs
[2024-05-02T22:50:24.733+0000] {logging_mixin.py:188} INFO - [2024-05-02T22:50:24.733+0000] {dag.py:3954} INFO - Setting next_dagrun for example_task_group_decorator to 2024-05-01 00:00:00+00:00, run_after=2024-05-02 00:00:00+00:00
[2024-05-02T22:50:24.779+0000] {processor.py:183} INFO - Processing /home/airflow/.local/lib/python3.12/site-packages/airflow/example_dags/example_task_group_decorator.py took 0.212 seconds
[2024-05-02T22:50:55.152+0000] {processor.py:161} INFO - Started process (PID=2099) to work on /home/airflow/.local/lib/python3.12/site-packages/airflow/example_dags/example_task_group_decorator.py
[2024-05-02T22:50:55.156+0000] {processor.py:830} INFO - Processing file /home/airflow/.local/lib/python3.12/site-packages/airflow/example_dags/example_task_group_decorator.py for tasks to queue
[2024-05-02T22:50:55.160+0000] {logging_mixin.py:188} INFO - [2024-05-02T22:50:55.159+0000] {dagbag.py:540} INFO - Filling up the DagBag from /home/airflow/.local/lib/python3.12/site-packages/airflow/example_dags/example_task_group_decorator.py
[2024-05-02T22:50:55.204+0000] {processor.py:840} INFO - DAG(s) 'example_task_group_decorator' retrieved from /home/airflow/.local/lib/python3.12/site-packages/airflow/example_dags/example_task_group_decorator.py
[2024-05-02T22:50:55.262+0000] {logging_mixin.py:188} INFO - [2024-05-02T22:50:55.262+0000] {dag.py:3096} INFO - Sync 1 DAGs
[2024-05-02T22:50:55.316+0000] {logging_mixin.py:188} INFO - [2024-05-02T22:50:55.315+0000] {dag.py:3954} INFO - Setting next_dagrun for example_task_group_decorator to 2024-05-01 00:00:00+00:00, run_after=2024-05-02 00:00:00+00:00
[2024-05-02T22:50:55.411+0000] {processor.py:183} INFO - Processing /home/airflow/.local/lib/python3.12/site-packages/airflow/example_dags/example_task_group_decorator.py took 0.278 seconds
[2024-05-02T22:51:25.742+0000] {processor.py:161} INFO - Started process (PID=2158) to work on /home/airflow/.local/lib/python3.12/site-packages/airflow/example_dags/example_task_group_decorator.py
[2024-05-02T22:51:25.753+0000] {processor.py:830} INFO - Processing file /home/airflow/.local/lib/python3.12/site-packages/airflow/example_dags/example_task_group_decorator.py for tasks to queue
[2024-05-02T22:51:25.761+0000] {logging_mixin.py:188} INFO - [2024-05-02T22:51:25.757+0000] {dagbag.py:540} INFO - Filling up the DagBag from /home/airflow/.local/lib/python3.12/site-packages/airflow/example_dags/example_task_group_decorator.py
[2024-05-02T22:51:25.816+0000] {processor.py:840} INFO - DAG(s) 'example_task_group_decorator' retrieved from /home/airflow/.local/lib/python3.12/site-packages/airflow/example_dags/example_task_group_decorator.py
[2024-05-02T22:51:25.894+0000] {logging_mixin.py:188} INFO - [2024-05-02T22:51:25.893+0000] {dag.py:3096} INFO - Sync 1 DAGs
[2024-05-02T22:51:25.977+0000] {logging_mixin.py:188} INFO - [2024-05-02T22:51:25.977+0000] {dag.py:3954} INFO - Setting next_dagrun for example_task_group_decorator to 2024-05-01 00:00:00+00:00, run_after=2024-05-02 00:00:00+00:00
[2024-05-02T22:51:26.048+0000] {processor.py:183} INFO - Processing /home/airflow/.local/lib/python3.12/site-packages/airflow/example_dags/example_task_group_decorator.py took 0.324 seconds
[2024-05-02T22:51:56.163+0000] {processor.py:161} INFO - Started process (PID=2217) to work on /home/airflow/.local/lib/python3.12/site-packages/airflow/example_dags/example_task_group_decorator.py
[2024-05-02T22:51:56.165+0000] {processor.py:830} INFO - Processing file /home/airflow/.local/lib/python3.12/site-packages/airflow/example_dags/example_task_group_decorator.py for tasks to queue
[2024-05-02T22:51:56.169+0000] {logging_mixin.py:188} INFO - [2024-05-02T22:51:56.168+0000] {dagbag.py:540} INFO - Filling up the DagBag from /home/airflow/.local/lib/python3.12/site-packages/airflow/example_dags/example_task_group_decorator.py
[2024-05-02T22:51:56.212+0000] {processor.py:840} INFO - DAG(s) 'example_task_group_decorator' retrieved from /home/airflow/.local/lib/python3.12/site-packages/airflow/example_dags/example_task_group_decorator.py
[2024-05-02T22:51:56.279+0000] {logging_mixin.py:188} INFO - [2024-05-02T22:51:56.279+0000] {dag.py:3096} INFO - Sync 1 DAGs
[2024-05-02T22:51:56.337+0000] {logging_mixin.py:188} INFO - [2024-05-02T22:51:56.336+0000] {dag.py:3954} INFO - Setting next_dagrun for example_task_group_decorator to 2024-05-01 00:00:00+00:00, run_after=2024-05-02 00:00:00+00:00
[2024-05-02T22:51:56.396+0000] {processor.py:183} INFO - Processing /home/airflow/.local/lib/python3.12/site-packages/airflow/example_dags/example_task_group_decorator.py took 0.248 seconds
[2024-05-02T22:52:26.819+0000] {processor.py:161} INFO - Started process (PID=2279) to work on /home/airflow/.local/lib/python3.12/site-packages/airflow/example_dags/example_task_group_decorator.py
[2024-05-02T22:52:26.820+0000] {processor.py:830} INFO - Processing file /home/airflow/.local/lib/python3.12/site-packages/airflow/example_dags/example_task_group_decorator.py for tasks to queue
[2024-05-02T22:52:26.825+0000] {logging_mixin.py:188} INFO - [2024-05-02T22:52:26.824+0000] {dagbag.py:540} INFO - Filling up the DagBag from /home/airflow/.local/lib/python3.12/site-packages/airflow/example_dags/example_task_group_decorator.py
[2024-05-02T22:52:26.875+0000] {processor.py:840} INFO - DAG(s) 'example_task_group_decorator' retrieved from /home/airflow/.local/lib/python3.12/site-packages/airflow/example_dags/example_task_group_decorator.py
[2024-05-02T22:52:26.948+0000] {logging_mixin.py:188} INFO - [2024-05-02T22:52:26.947+0000] {dag.py:3096} INFO - Sync 1 DAGs
[2024-05-02T22:52:27.002+0000] {logging_mixin.py:188} INFO - [2024-05-02T22:52:27.002+0000] {dag.py:3954} INFO - Setting next_dagrun for example_task_group_decorator to 2024-05-01 00:00:00+00:00, run_after=2024-05-02 00:00:00+00:00
[2024-05-02T22:52:27.051+0000] {processor.py:183} INFO - Processing /home/airflow/.local/lib/python3.12/site-packages/airflow/example_dags/example_task_group_decorator.py took 0.243 seconds
[2024-05-02T22:52:57.212+0000] {processor.py:161} INFO - Started process (PID=2339) to work on /home/airflow/.local/lib/python3.12/site-packages/airflow/example_dags/example_task_group_decorator.py
[2024-05-02T22:52:57.214+0000] {processor.py:830} INFO - Processing file /home/airflow/.local/lib/python3.12/site-packages/airflow/example_dags/example_task_group_decorator.py for tasks to queue
[2024-05-02T22:52:57.218+0000] {logging_mixin.py:188} INFO - [2024-05-02T22:52:57.217+0000] {dagbag.py:540} INFO - Filling up the DagBag from /home/airflow/.local/lib/python3.12/site-packages/airflow/example_dags/example_task_group_decorator.py
[2024-05-02T22:52:57.258+0000] {processor.py:840} INFO - DAG(s) 'example_task_group_decorator' retrieved from /home/airflow/.local/lib/python3.12/site-packages/airflow/example_dags/example_task_group_decorator.py
[2024-05-02T22:52:57.334+0000] {logging_mixin.py:188} INFO - [2024-05-02T22:52:57.333+0000] {dag.py:3096} INFO - Sync 1 DAGs
[2024-05-02T22:52:57.411+0000] {logging_mixin.py:188} INFO - [2024-05-02T22:52:57.411+0000] {dag.py:3954} INFO - Setting next_dagrun for example_task_group_decorator to 2024-05-01 00:00:00+00:00, run_after=2024-05-02 00:00:00+00:00
[2024-05-02T22:52:57.459+0000] {processor.py:183} INFO - Processing /home/airflow/.local/lib/python3.12/site-packages/airflow/example_dags/example_task_group_decorator.py took 0.257 seconds
[2024-05-02T22:53:27.811+0000] {processor.py:161} INFO - Started process (PID=2397) to work on /home/airflow/.local/lib/python3.12/site-packages/airflow/example_dags/example_task_group_decorator.py
[2024-05-02T22:53:27.813+0000] {processor.py:830} INFO - Processing file /home/airflow/.local/lib/python3.12/site-packages/airflow/example_dags/example_task_group_decorator.py for tasks to queue
[2024-05-02T22:53:27.816+0000] {logging_mixin.py:188} INFO - [2024-05-02T22:53:27.816+0000] {dagbag.py:540} INFO - Filling up the DagBag from /home/airflow/.local/lib/python3.12/site-packages/airflow/example_dags/example_task_group_decorator.py
[2024-05-02T22:53:27.897+0000] {processor.py:840} INFO - DAG(s) 'example_task_group_decorator' retrieved from /home/airflow/.local/lib/python3.12/site-packages/airflow/example_dags/example_task_group_decorator.py
[2024-05-02T22:53:27.974+0000] {logging_mixin.py:188} INFO - [2024-05-02T22:53:27.973+0000] {dag.py:3096} INFO - Sync 1 DAGs
[2024-05-02T22:53:28.035+0000] {logging_mixin.py:188} INFO - [2024-05-02T22:53:28.034+0000] {dag.py:3954} INFO - Setting next_dagrun for example_task_group_decorator to 2024-05-01 00:00:00+00:00, run_after=2024-05-02 00:00:00+00:00
[2024-05-02T22:53:28.146+0000] {processor.py:183} INFO - Processing /home/airflow/.local/lib/python3.12/site-packages/airflow/example_dags/example_task_group_decorator.py took 0.349 seconds
[2024-05-02T22:53:58.558+0000] {processor.py:161} INFO - Started process (PID=2457) to work on /home/airflow/.local/lib/python3.12/site-packages/airflow/example_dags/example_task_group_decorator.py
[2024-05-02T22:53:58.561+0000] {processor.py:830} INFO - Processing file /home/airflow/.local/lib/python3.12/site-packages/airflow/example_dags/example_task_group_decorator.py for tasks to queue
[2024-05-02T22:53:58.567+0000] {logging_mixin.py:188} INFO - [2024-05-02T22:53:58.566+0000] {dagbag.py:540} INFO - Filling up the DagBag from /home/airflow/.local/lib/python3.12/site-packages/airflow/example_dags/example_task_group_decorator.py
[2024-05-02T22:53:58.628+0000] {processor.py:840} INFO - DAG(s) 'example_task_group_decorator' retrieved from /home/airflow/.local/lib/python3.12/site-packages/airflow/example_dags/example_task_group_decorator.py
[2024-05-02T22:53:58.676+0000] {logging_mixin.py:188} INFO - [2024-05-02T22:53:58.676+0000] {dag.py:3096} INFO - Sync 1 DAGs
[2024-05-02T22:53:58.766+0000] {logging_mixin.py:188} INFO - [2024-05-02T22:53:58.765+0000] {dag.py:3954} INFO - Setting next_dagrun for example_task_group_decorator to 2024-05-01 00:00:00+00:00, run_after=2024-05-02 00:00:00+00:00
[2024-05-02T22:53:58.827+0000] {processor.py:183} INFO - Processing /home/airflow/.local/lib/python3.12/site-packages/airflow/example_dags/example_task_group_decorator.py took 0.295 seconds
[2024-05-02T22:54:32.818+0000] {processor.py:161} INFO - Started process (PID=2517) to work on /home/airflow/.local/lib/python3.12/site-packages/airflow/example_dags/example_task_group_decorator.py
[2024-05-02T22:54:32.820+0000] {processor.py:830} INFO - Processing file /home/airflow/.local/lib/python3.12/site-packages/airflow/example_dags/example_task_group_decorator.py for tasks to queue
[2024-05-02T22:54:32.824+0000] {logging_mixin.py:188} INFO - [2024-05-02T22:54:32.824+0000] {dagbag.py:540} INFO - Filling up the DagBag from /home/airflow/.local/lib/python3.12/site-packages/airflow/example_dags/example_task_group_decorator.py
[2024-05-02T22:54:32.873+0000] {processor.py:840} INFO - DAG(s) 'example_task_group_decorator' retrieved from /home/airflow/.local/lib/python3.12/site-packages/airflow/example_dags/example_task_group_decorator.py
[2024-05-02T22:54:33.512+0000] {logging_mixin.py:188} INFO - [2024-05-02T22:54:33.511+0000] {dag.py:3096} INFO - Sync 1 DAGs
[2024-05-02T22:54:33.558+0000] {logging_mixin.py:188} INFO - [2024-05-02T22:54:33.558+0000] {dag.py:3954} INFO - Setting next_dagrun for example_task_group_decorator to 2024-05-01 00:00:00+00:00, run_after=2024-05-02 00:00:00+00:00
[2024-05-02T22:54:33.592+0000] {processor.py:183} INFO - Processing /home/airflow/.local/lib/python3.12/site-packages/airflow/example_dags/example_task_group_decorator.py took 0.786 seconds
[2024-05-02T22:55:03.746+0000] {processor.py:161} INFO - Started process (PID=2578) to work on /home/airflow/.local/lib/python3.12/site-packages/airflow/example_dags/example_task_group_decorator.py
[2024-05-02T22:55:03.748+0000] {processor.py:830} INFO - Processing file /home/airflow/.local/lib/python3.12/site-packages/airflow/example_dags/example_task_group_decorator.py for tasks to queue
[2024-05-02T22:55:03.751+0000] {logging_mixin.py:188} INFO - [2024-05-02T22:55:03.751+0000] {dagbag.py:540} INFO - Filling up the DagBag from /home/airflow/.local/lib/python3.12/site-packages/airflow/example_dags/example_task_group_decorator.py
[2024-05-02T22:55:03.782+0000] {processor.py:840} INFO - DAG(s) 'example_task_group_decorator' retrieved from /home/airflow/.local/lib/python3.12/site-packages/airflow/example_dags/example_task_group_decorator.py
[2024-05-02T22:55:03.834+0000] {logging_mixin.py:188} INFO - [2024-05-02T22:55:03.833+0000] {dag.py:3096} INFO - Sync 1 DAGs
[2024-05-02T22:55:03.877+0000] {logging_mixin.py:188} INFO - [2024-05-02T22:55:03.876+0000] {dag.py:3954} INFO - Setting next_dagrun for example_task_group_decorator to 2024-05-01 00:00:00+00:00, run_after=2024-05-02 00:00:00+00:00
[2024-05-02T22:55:03.916+0000] {processor.py:183} INFO - Processing /home/airflow/.local/lib/python3.12/site-packages/airflow/example_dags/example_task_group_decorator.py took 0.182 seconds
[2024-05-02T22:55:34.942+0000] {processor.py:161} INFO - Started process (PID=2638) to work on /home/airflow/.local/lib/python3.12/site-packages/airflow/example_dags/example_task_group_decorator.py
[2024-05-02T22:55:34.945+0000] {processor.py:830} INFO - Processing file /home/airflow/.local/lib/python3.12/site-packages/airflow/example_dags/example_task_group_decorator.py for tasks to queue
[2024-05-02T22:55:34.951+0000] {logging_mixin.py:188} INFO - [2024-05-02T22:55:34.949+0000] {dagbag.py:540} INFO - Filling up the DagBag from /home/airflow/.local/lib/python3.12/site-packages/airflow/example_dags/example_task_group_decorator.py
[2024-05-02T22:55:35.001+0000] {processor.py:840} INFO - DAG(s) 'example_task_group_decorator' retrieved from /home/airflow/.local/lib/python3.12/site-packages/airflow/example_dags/example_task_group_decorator.py
[2024-05-02T22:55:35.077+0000] {logging_mixin.py:188} INFO - [2024-05-02T22:55:35.077+0000] {dag.py:3096} INFO - Sync 1 DAGs
[2024-05-02T22:55:35.146+0000] {logging_mixin.py:188} INFO - [2024-05-02T22:55:35.145+0000] {dag.py:3954} INFO - Setting next_dagrun for example_task_group_decorator to 2024-05-01 00:00:00+00:00, run_after=2024-05-02 00:00:00+00:00
[2024-05-02T22:55:35.231+0000] {processor.py:183} INFO - Processing /home/airflow/.local/lib/python3.12/site-packages/airflow/example_dags/example_task_group_decorator.py took 0.307 seconds
[2024-05-02T22:56:06.077+0000] {processor.py:161} INFO - Started process (PID=2698) to work on /home/airflow/.local/lib/python3.12/site-packages/airflow/example_dags/example_task_group_decorator.py
[2024-05-02T22:56:06.079+0000] {processor.py:830} INFO - Processing file /home/airflow/.local/lib/python3.12/site-packages/airflow/example_dags/example_task_group_decorator.py for tasks to queue
[2024-05-02T22:56:06.134+0000] {logging_mixin.py:188} INFO - [2024-05-02T22:56:06.116+0000] {dagbag.py:540} INFO - Filling up the DagBag from /home/airflow/.local/lib/python3.12/site-packages/airflow/example_dags/example_task_group_decorator.py
[2024-05-02T22:56:06.350+0000] {processor.py:840} INFO - DAG(s) 'example_task_group_decorator' retrieved from /home/airflow/.local/lib/python3.12/site-packages/airflow/example_dags/example_task_group_decorator.py
[2024-05-02T22:56:06.458+0000] {logging_mixin.py:188} INFO - [2024-05-02T22:56:06.457+0000] {dag.py:3096} INFO - Sync 1 DAGs
[2024-05-02T22:56:06.539+0000] {logging_mixin.py:188} INFO - [2024-05-02T22:56:06.538+0000] {dag.py:3954} INFO - Setting next_dagrun for example_task_group_decorator to 2024-05-01 00:00:00+00:00, run_after=2024-05-02 00:00:00+00:00
[2024-05-02T22:56:06.650+0000] {processor.py:183} INFO - Processing /home/airflow/.local/lib/python3.12/site-packages/airflow/example_dags/example_task_group_decorator.py took 0.602 seconds
[2024-05-02T22:57:11.985+0000] {processor.py:161} INFO - Started process (PID=66) to work on /home/airflow/.local/lib/python3.12/site-packages/airflow/example_dags/example_task_group_decorator.py
[2024-05-02T22:57:11.987+0000] {processor.py:830} INFO - Processing file /home/airflow/.local/lib/python3.12/site-packages/airflow/example_dags/example_task_group_decorator.py for tasks to queue
[2024-05-02T22:57:11.990+0000] {logging_mixin.py:188} INFO - [2024-05-02T22:57:11.989+0000] {dagbag.py:540} INFO - Filling up the DagBag from /home/airflow/.local/lib/python3.12/site-packages/airflow/example_dags/example_task_group_decorator.py
[2024-05-02T22:57:12.020+0000] {processor.py:840} INFO - DAG(s) 'example_task_group_decorator' retrieved from /home/airflow/.local/lib/python3.12/site-packages/airflow/example_dags/example_task_group_decorator.py
[2024-05-02T22:57:12.073+0000] {logging_mixin.py:188} INFO - [2024-05-02T22:57:12.073+0000] {dag.py:3096} INFO - Sync 1 DAGs
[2024-05-02T22:57:12.126+0000] {logging_mixin.py:188} INFO - [2024-05-02T22:57:12.126+0000] {dag.py:3954} INFO - Setting next_dagrun for example_task_group_decorator to 2024-05-01 00:00:00+00:00, run_after=2024-05-02 00:00:00+00:00
[2024-05-02T22:57:12.162+0000] {processor.py:183} INFO - Processing /home/airflow/.local/lib/python3.12/site-packages/airflow/example_dags/example_task_group_decorator.py took 0.184 seconds
[2024-05-02T22:58:02.931+0000] {processor.py:161} INFO - Started process (PID=135) to work on /home/airflow/.local/lib/python3.12/site-packages/airflow/example_dags/example_task_group_decorator.py
[2024-05-02T22:58:02.947+0000] {processor.py:830} INFO - Processing file /home/airflow/.local/lib/python3.12/site-packages/airflow/example_dags/example_task_group_decorator.py for tasks to queue
[2024-05-02T22:58:02.979+0000] {logging_mixin.py:188} INFO - [2024-05-02T22:58:02.976+0000] {dagbag.py:540} INFO - Filling up the DagBag from /home/airflow/.local/lib/python3.12/site-packages/airflow/example_dags/example_task_group_decorator.py
[2024-05-02T22:58:03.023+0000] {processor.py:840} INFO - DAG(s) 'example_task_group_decorator' retrieved from /home/airflow/.local/lib/python3.12/site-packages/airflow/example_dags/example_task_group_decorator.py
[2024-05-02T22:58:03.278+0000] {logging_mixin.py:188} INFO - [2024-05-02T22:58:03.276+0000] {dag.py:3096} INFO - Sync 1 DAGs
[2024-05-02T22:58:03.454+0000] {logging_mixin.py:188} INFO - [2024-05-02T22:58:03.454+0000] {dag.py:3954} INFO - Setting next_dagrun for example_task_group_decorator to 2024-05-01 00:00:00+00:00, run_after=2024-05-02 00:00:00+00:00
[2024-05-02T22:58:03.525+0000] {processor.py:183} INFO - Processing /home/airflow/.local/lib/python3.12/site-packages/airflow/example_dags/example_task_group_decorator.py took 0.603 seconds
[2024-05-02T22:58:38.007+0000] {processor.py:161} INFO - Started process (PID=194) to work on /home/airflow/.local/lib/python3.12/site-packages/airflow/example_dags/example_task_group_decorator.py
[2024-05-02T22:58:38.010+0000] {processor.py:830} INFO - Processing file /home/airflow/.local/lib/python3.12/site-packages/airflow/example_dags/example_task_group_decorator.py for tasks to queue
[2024-05-02T22:58:38.015+0000] {logging_mixin.py:188} INFO - [2024-05-02T22:58:38.014+0000] {dagbag.py:540} INFO - Filling up the DagBag from /home/airflow/.local/lib/python3.12/site-packages/airflow/example_dags/example_task_group_decorator.py
[2024-05-02T22:58:38.098+0000] {processor.py:840} INFO - DAG(s) 'example_task_group_decorator' retrieved from /home/airflow/.local/lib/python3.12/site-packages/airflow/example_dags/example_task_group_decorator.py
[2024-05-02T22:58:38.627+0000] {logging_mixin.py:188} INFO - [2024-05-02T22:58:38.627+0000] {dag.py:3096} INFO - Sync 1 DAGs
[2024-05-02T22:58:38.991+0000] {logging_mixin.py:188} INFO - [2024-05-02T22:58:38.990+0000] {dag.py:3954} INFO - Setting next_dagrun for example_task_group_decorator to 2024-05-01 00:00:00+00:00, run_after=2024-05-02 00:00:00+00:00
[2024-05-02T22:58:39.103+0000] {processor.py:183} INFO - Processing /home/airflow/.local/lib/python3.12/site-packages/airflow/example_dags/example_task_group_decorator.py took 1.126 seconds
[2024-05-02T22:59:10.505+0000] {processor.py:161} INFO - Started process (PID=257) to work on /home/airflow/.local/lib/python3.12/site-packages/airflow/example_dags/example_task_group_decorator.py
[2024-05-02T22:59:10.523+0000] {processor.py:830} INFO - Processing file /home/airflow/.local/lib/python3.12/site-packages/airflow/example_dags/example_task_group_decorator.py for tasks to queue
[2024-05-02T22:59:10.544+0000] {logging_mixin.py:188} INFO - [2024-05-02T22:59:10.543+0000] {dagbag.py:540} INFO - Filling up the DagBag from /home/airflow/.local/lib/python3.12/site-packages/airflow/example_dags/example_task_group_decorator.py
[2024-05-02T22:59:10.732+0000] {processor.py:840} INFO - DAG(s) 'example_task_group_decorator' retrieved from /home/airflow/.local/lib/python3.12/site-packages/airflow/example_dags/example_task_group_decorator.py
[2024-05-02T22:59:11.136+0000] {logging_mixin.py:188} INFO - [2024-05-02T22:59:11.135+0000] {dag.py:3096} INFO - Sync 1 DAGs
[2024-05-02T22:59:11.504+0000] {logging_mixin.py:188} INFO - [2024-05-02T22:59:11.453+0000] {dag.py:3954} INFO - Setting next_dagrun for example_task_group_decorator to 2024-05-01 00:00:00+00:00, run_after=2024-05-02 00:00:00+00:00
[2024-05-02T22:59:12.005+0000] {processor.py:183} INFO - Processing /home/airflow/.local/lib/python3.12/site-packages/airflow/example_dags/example_task_group_decorator.py took 1.566 seconds
[2024-05-02T22:59:43.785+0000] {processor.py:161} INFO - Started process (PID=320) to work on /home/airflow/.local/lib/python3.12/site-packages/airflow/example_dags/example_task_group_decorator.py
[2024-05-02T22:59:43.787+0000] {processor.py:830} INFO - Processing file /home/airflow/.local/lib/python3.12/site-packages/airflow/example_dags/example_task_group_decorator.py for tasks to queue
[2024-05-02T22:59:43.798+0000] {logging_mixin.py:188} INFO - [2024-05-02T22:59:43.797+0000] {dagbag.py:540} INFO - Filling up the DagBag from /home/airflow/.local/lib/python3.12/site-packages/airflow/example_dags/example_task_group_decorator.py
[2024-05-02T22:59:43.932+0000] {processor.py:840} INFO - DAG(s) 'example_task_group_decorator' retrieved from /home/airflow/.local/lib/python3.12/site-packages/airflow/example_dags/example_task_group_decorator.py
[2024-05-02T22:59:44.420+0000] {logging_mixin.py:188} INFO - [2024-05-02T22:59:44.419+0000] {dag.py:3096} INFO - Sync 1 DAGs
[2024-05-02T22:59:44.551+0000] {logging_mixin.py:188} INFO - [2024-05-02T22:59:44.551+0000] {dag.py:3954} INFO - Setting next_dagrun for example_task_group_decorator to 2024-05-01 00:00:00+00:00, run_after=2024-05-02 00:00:00+00:00
[2024-05-02T22:59:44.809+0000] {processor.py:183} INFO - Processing /home/airflow/.local/lib/python3.12/site-packages/airflow/example_dags/example_task_group_decorator.py took 1.076 seconds
[2024-05-02T23:00:16.838+0000] {processor.py:161} INFO - Started process (PID=378) to work on /home/airflow/.local/lib/python3.12/site-packages/airflow/example_dags/example_task_group_decorator.py
[2024-05-02T23:00:16.856+0000] {processor.py:830} INFO - Processing file /home/airflow/.local/lib/python3.12/site-packages/airflow/example_dags/example_task_group_decorator.py for tasks to queue
[2024-05-02T23:00:16.870+0000] {logging_mixin.py:188} INFO - [2024-05-02T23:00:16.861+0000] {dagbag.py:540} INFO - Filling up the DagBag from /home/airflow/.local/lib/python3.12/site-packages/airflow/example_dags/example_task_group_decorator.py
[2024-05-02T23:00:16.981+0000] {processor.py:840} INFO - DAG(s) 'example_task_group_decorator' retrieved from /home/airflow/.local/lib/python3.12/site-packages/airflow/example_dags/example_task_group_decorator.py
[2024-05-02T23:00:17.139+0000] {logging_mixin.py:188} INFO - [2024-05-02T23:00:17.139+0000] {dag.py:3096} INFO - Sync 1 DAGs
[2024-05-02T23:00:17.273+0000] {logging_mixin.py:188} INFO - [2024-05-02T23:00:17.272+0000] {dag.py:3954} INFO - Setting next_dagrun for example_task_group_decorator to 2024-05-01 00:00:00+00:00, run_after=2024-05-02 00:00:00+00:00
[2024-05-02T23:00:17.435+0000] {processor.py:183} INFO - Processing /home/airflow/.local/lib/python3.12/site-packages/airflow/example_dags/example_task_group_decorator.py took 0.655 seconds
[2024-05-02T23:00:48.082+0000] {processor.py:161} INFO - Started process (PID=435) to work on /home/airflow/.local/lib/python3.12/site-packages/airflow/example_dags/example_task_group_decorator.py
[2024-05-02T23:00:48.084+0000] {processor.py:830} INFO - Processing file /home/airflow/.local/lib/python3.12/site-packages/airflow/example_dags/example_task_group_decorator.py for tasks to queue
[2024-05-02T23:00:48.090+0000] {logging_mixin.py:188} INFO - [2024-05-02T23:00:48.089+0000] {dagbag.py:540} INFO - Filling up the DagBag from /home/airflow/.local/lib/python3.12/site-packages/airflow/example_dags/example_task_group_decorator.py
[2024-05-02T23:00:48.126+0000] {processor.py:840} INFO - DAG(s) 'example_task_group_decorator' retrieved from /home/airflow/.local/lib/python3.12/site-packages/airflow/example_dags/example_task_group_decorator.py
[2024-05-02T23:00:48.183+0000] {logging_mixin.py:188} INFO - [2024-05-02T23:00:48.182+0000] {dag.py:3096} INFO - Sync 1 DAGs
[2024-05-02T23:00:48.256+0000] {logging_mixin.py:188} INFO - [2024-05-02T23:00:48.255+0000] {dag.py:3954} INFO - Setting next_dagrun for example_task_group_decorator to 2024-05-01 00:00:00+00:00, run_after=2024-05-02 00:00:00+00:00
[2024-05-02T23:00:48.316+0000] {processor.py:183} INFO - Processing /home/airflow/.local/lib/python3.12/site-packages/airflow/example_dags/example_task_group_decorator.py took 0.247 seconds
[2024-05-02T23:01:18.564+0000] {processor.py:161} INFO - Started process (PID=495) to work on /home/airflow/.local/lib/python3.12/site-packages/airflow/example_dags/example_task_group_decorator.py
[2024-05-02T23:01:18.566+0000] {processor.py:830} INFO - Processing file /home/airflow/.local/lib/python3.12/site-packages/airflow/example_dags/example_task_group_decorator.py for tasks to queue
[2024-05-02T23:01:18.572+0000] {logging_mixin.py:188} INFO - [2024-05-02T23:01:18.571+0000] {dagbag.py:540} INFO - Filling up the DagBag from /home/airflow/.local/lib/python3.12/site-packages/airflow/example_dags/example_task_group_decorator.py
[2024-05-02T23:01:18.623+0000] {processor.py:840} INFO - DAG(s) 'example_task_group_decorator' retrieved from /home/airflow/.local/lib/python3.12/site-packages/airflow/example_dags/example_task_group_decorator.py
[2024-05-02T23:01:18.687+0000] {logging_mixin.py:188} INFO - [2024-05-02T23:01:18.686+0000] {dag.py:3096} INFO - Sync 1 DAGs
[2024-05-02T23:01:18.750+0000] {logging_mixin.py:188} INFO - [2024-05-02T23:01:18.749+0000] {dag.py:3954} INFO - Setting next_dagrun for example_task_group_decorator to 2024-05-01 00:00:00+00:00, run_after=2024-05-02 00:00:00+00:00
[2024-05-02T23:01:18.790+0000] {processor.py:183} INFO - Processing /home/airflow/.local/lib/python3.12/site-packages/airflow/example_dags/example_task_group_decorator.py took 0.238 seconds
[2024-05-02T23:01:49.087+0000] {processor.py:161} INFO - Started process (PID=554) to work on /home/airflow/.local/lib/python3.12/site-packages/airflow/example_dags/example_task_group_decorator.py
[2024-05-02T23:01:49.089+0000] {processor.py:830} INFO - Processing file /home/airflow/.local/lib/python3.12/site-packages/airflow/example_dags/example_task_group_decorator.py for tasks to queue
[2024-05-02T23:01:49.092+0000] {logging_mixin.py:188} INFO - [2024-05-02T23:01:49.091+0000] {dagbag.py:540} INFO - Filling up the DagBag from /home/airflow/.local/lib/python3.12/site-packages/airflow/example_dags/example_task_group_decorator.py
[2024-05-02T23:01:49.131+0000] {processor.py:840} INFO - DAG(s) 'example_task_group_decorator' retrieved from /home/airflow/.local/lib/python3.12/site-packages/airflow/example_dags/example_task_group_decorator.py
[2024-05-02T23:01:49.202+0000] {logging_mixin.py:188} INFO - [2024-05-02T23:01:49.201+0000] {dag.py:3096} INFO - Sync 1 DAGs
[2024-05-02T23:01:49.263+0000] {logging_mixin.py:188} INFO - [2024-05-02T23:01:49.263+0000] {dag.py:3954} INFO - Setting next_dagrun for example_task_group_decorator to 2024-05-01 00:00:00+00:00, run_after=2024-05-02 00:00:00+00:00
[2024-05-02T23:01:49.312+0000] {processor.py:183} INFO - Processing /home/airflow/.local/lib/python3.12/site-packages/airflow/example_dags/example_task_group_decorator.py took 0.238 seconds
[2024-05-02T23:02:19.635+0000] {processor.py:161} INFO - Started process (PID=614) to work on /home/airflow/.local/lib/python3.12/site-packages/airflow/example_dags/example_task_group_decorator.py
[2024-05-02T23:02:19.638+0000] {processor.py:830} INFO - Processing file /home/airflow/.local/lib/python3.12/site-packages/airflow/example_dags/example_task_group_decorator.py for tasks to queue
[2024-05-02T23:02:19.645+0000] {logging_mixin.py:188} INFO - [2024-05-02T23:02:19.644+0000] {dagbag.py:540} INFO - Filling up the DagBag from /home/airflow/.local/lib/python3.12/site-packages/airflow/example_dags/example_task_group_decorator.py
[2024-05-02T23:02:19.719+0000] {processor.py:840} INFO - DAG(s) 'example_task_group_decorator' retrieved from /home/airflow/.local/lib/python3.12/site-packages/airflow/example_dags/example_task_group_decorator.py
[2024-05-02T23:02:19.776+0000] {logging_mixin.py:188} INFO - [2024-05-02T23:02:19.776+0000] {dag.py:3096} INFO - Sync 1 DAGs
[2024-05-02T23:02:19.822+0000] {logging_mixin.py:188} INFO - [2024-05-02T23:02:19.822+0000] {dag.py:3954} INFO - Setting next_dagrun for example_task_group_decorator to 2024-05-01 00:00:00+00:00, run_after=2024-05-02 00:00:00+00:00
[2024-05-02T23:02:19.860+0000] {processor.py:183} INFO - Processing /home/airflow/.local/lib/python3.12/site-packages/airflow/example_dags/example_task_group_decorator.py took 0.246 seconds
[2024-05-02T23:02:50.156+0000] {processor.py:161} INFO - Started process (PID=673) to work on /home/airflow/.local/lib/python3.12/site-packages/airflow/example_dags/example_task_group_decorator.py
[2024-05-02T23:02:50.159+0000] {processor.py:830} INFO - Processing file /home/airflow/.local/lib/python3.12/site-packages/airflow/example_dags/example_task_group_decorator.py for tasks to queue
[2024-05-02T23:02:50.163+0000] {logging_mixin.py:188} INFO - [2024-05-02T23:02:50.162+0000] {dagbag.py:540} INFO - Filling up the DagBag from /home/airflow/.local/lib/python3.12/site-packages/airflow/example_dags/example_task_group_decorator.py
[2024-05-02T23:02:50.223+0000] {processor.py:840} INFO - DAG(s) 'example_task_group_decorator' retrieved from /home/airflow/.local/lib/python3.12/site-packages/airflow/example_dags/example_task_group_decorator.py
[2024-05-02T23:02:50.300+0000] {logging_mixin.py:188} INFO - [2024-05-02T23:02:50.299+0000] {dag.py:3096} INFO - Sync 1 DAGs
[2024-05-02T23:02:50.383+0000] {logging_mixin.py:188} INFO - [2024-05-02T23:02:50.382+0000] {dag.py:3954} INFO - Setting next_dagrun for example_task_group_decorator to 2024-05-01 00:00:00+00:00, run_after=2024-05-02 00:00:00+00:00
[2024-05-02T23:02:50.439+0000] {processor.py:183} INFO - Processing /home/airflow/.local/lib/python3.12/site-packages/airflow/example_dags/example_task_group_decorator.py took 0.304 seconds
[2024-05-02T23:03:20.677+0000] {processor.py:161} INFO - Started process (PID=732) to work on /home/airflow/.local/lib/python3.12/site-packages/airflow/example_dags/example_task_group_decorator.py
[2024-05-02T23:03:20.680+0000] {processor.py:830} INFO - Processing file /home/airflow/.local/lib/python3.12/site-packages/airflow/example_dags/example_task_group_decorator.py for tasks to queue
[2024-05-02T23:03:20.683+0000] {logging_mixin.py:188} INFO - [2024-05-02T23:03:20.683+0000] {dagbag.py:540} INFO - Filling up the DagBag from /home/airflow/.local/lib/python3.12/site-packages/airflow/example_dags/example_task_group_decorator.py
[2024-05-02T23:03:20.722+0000] {processor.py:840} INFO - DAG(s) 'example_task_group_decorator' retrieved from /home/airflow/.local/lib/python3.12/site-packages/airflow/example_dags/example_task_group_decorator.py
[2024-05-02T23:03:20.785+0000] {logging_mixin.py:188} INFO - [2024-05-02T23:03:20.784+0000] {dag.py:3096} INFO - Sync 1 DAGs
[2024-05-02T23:03:20.877+0000] {logging_mixin.py:188} INFO - [2024-05-02T23:03:20.876+0000] {dag.py:3954} INFO - Setting next_dagrun for example_task_group_decorator to 2024-05-01 00:00:00+00:00, run_after=2024-05-02 00:00:00+00:00
[2024-05-02T23:03:20.968+0000] {processor.py:183} INFO - Processing /home/airflow/.local/lib/python3.12/site-packages/airflow/example_dags/example_task_group_decorator.py took 0.303 seconds
[2024-05-02T23:03:51.685+0000] {processor.py:161} INFO - Started process (PID=791) to work on /home/airflow/.local/lib/python3.12/site-packages/airflow/example_dags/example_task_group_decorator.py
[2024-05-02T23:03:51.687+0000] {processor.py:830} INFO - Processing file /home/airflow/.local/lib/python3.12/site-packages/airflow/example_dags/example_task_group_decorator.py for tasks to queue
[2024-05-02T23:03:51.692+0000] {logging_mixin.py:188} INFO - [2024-05-02T23:03:51.691+0000] {dagbag.py:540} INFO - Filling up the DagBag from /home/airflow/.local/lib/python3.12/site-packages/airflow/example_dags/example_task_group_decorator.py
[2024-05-02T23:03:51.788+0000] {processor.py:840} INFO - DAG(s) 'example_task_group_decorator' retrieved from /home/airflow/.local/lib/python3.12/site-packages/airflow/example_dags/example_task_group_decorator.py
[2024-05-02T23:03:52.014+0000] {logging_mixin.py:188} INFO - [2024-05-02T23:03:52.013+0000] {dag.py:3096} INFO - Sync 1 DAGs
[2024-05-02T23:03:52.267+0000] {logging_mixin.py:188} INFO - [2024-05-02T23:03:52.266+0000] {dag.py:3954} INFO - Setting next_dagrun for example_task_group_decorator to 2024-05-01 00:00:00+00:00, run_after=2024-05-02 00:00:00+00:00
[2024-05-02T23:03:52.349+0000] {processor.py:183} INFO - Processing /home/airflow/.local/lib/python3.12/site-packages/airflow/example_dags/example_task_group_decorator.py took 0.685 seconds
[2024-05-02T23:04:22.743+0000] {processor.py:161} INFO - Started process (PID=850) to work on /home/airflow/.local/lib/python3.12/site-packages/airflow/example_dags/example_task_group_decorator.py
[2024-05-02T23:04:22.745+0000] {processor.py:830} INFO - Processing file /home/airflow/.local/lib/python3.12/site-packages/airflow/example_dags/example_task_group_decorator.py for tasks to queue
[2024-05-02T23:04:22.751+0000] {logging_mixin.py:188} INFO - [2024-05-02T23:04:22.751+0000] {dagbag.py:540} INFO - Filling up the DagBag from /home/airflow/.local/lib/python3.12/site-packages/airflow/example_dags/example_task_group_decorator.py
[2024-05-02T23:04:22.790+0000] {processor.py:840} INFO - DAG(s) 'example_task_group_decorator' retrieved from /home/airflow/.local/lib/python3.12/site-packages/airflow/example_dags/example_task_group_decorator.py
[2024-05-02T23:04:22.863+0000] {logging_mixin.py:188} INFO - [2024-05-02T23:04:22.862+0000] {dag.py:3096} INFO - Sync 1 DAGs
[2024-05-02T23:04:23.109+0000] {logging_mixin.py:188} INFO - [2024-05-02T23:04:23.109+0000] {dag.py:3954} INFO - Setting next_dagrun for example_task_group_decorator to 2024-05-01 00:00:00+00:00, run_after=2024-05-02 00:00:00+00:00
[2024-05-02T23:04:23.144+0000] {processor.py:183} INFO - Processing /home/airflow/.local/lib/python3.12/site-packages/airflow/example_dags/example_task_group_decorator.py took 0.411 seconds
[2024-05-02T23:04:53.886+0000] {processor.py:161} INFO - Started process (PID=909) to work on /home/airflow/.local/lib/python3.12/site-packages/airflow/example_dags/example_task_group_decorator.py
[2024-05-02T23:04:53.896+0000] {processor.py:830} INFO - Processing file /home/airflow/.local/lib/python3.12/site-packages/airflow/example_dags/example_task_group_decorator.py for tasks to queue
[2024-05-02T23:04:53.908+0000] {logging_mixin.py:188} INFO - [2024-05-02T23:04:53.907+0000] {dagbag.py:540} INFO - Filling up the DagBag from /home/airflow/.local/lib/python3.12/site-packages/airflow/example_dags/example_task_group_decorator.py
[2024-05-02T23:04:54.023+0000] {processor.py:840} INFO - DAG(s) 'example_task_group_decorator' retrieved from /home/airflow/.local/lib/python3.12/site-packages/airflow/example_dags/example_task_group_decorator.py
[2024-05-02T23:04:54.203+0000] {logging_mixin.py:188} INFO - [2024-05-02T23:04:54.202+0000] {dag.py:3096} INFO - Sync 1 DAGs
[2024-05-02T23:04:54.367+0000] {logging_mixin.py:188} INFO - [2024-05-02T23:04:54.366+0000] {dag.py:3954} INFO - Setting next_dagrun for example_task_group_decorator to 2024-05-01 00:00:00+00:00, run_after=2024-05-02 00:00:00+00:00
[2024-05-02T23:04:54.494+0000] {processor.py:183} INFO - Processing /home/airflow/.local/lib/python3.12/site-packages/airflow/example_dags/example_task_group_decorator.py took 0.629 seconds
[2024-05-02T23:05:24.811+0000] {processor.py:161} INFO - Started process (PID=968) to work on /home/airflow/.local/lib/python3.12/site-packages/airflow/example_dags/example_task_group_decorator.py
[2024-05-02T23:05:24.813+0000] {processor.py:830} INFO - Processing file /home/airflow/.local/lib/python3.12/site-packages/airflow/example_dags/example_task_group_decorator.py for tasks to queue
[2024-05-02T23:05:24.817+0000] {logging_mixin.py:188} INFO - [2024-05-02T23:05:24.817+0000] {dagbag.py:540} INFO - Filling up the DagBag from /home/airflow/.local/lib/python3.12/site-packages/airflow/example_dags/example_task_group_decorator.py
[2024-05-02T23:05:24.847+0000] {processor.py:840} INFO - DAG(s) 'example_task_group_decorator' retrieved from /home/airflow/.local/lib/python3.12/site-packages/airflow/example_dags/example_task_group_decorator.py
[2024-05-02T23:05:24.907+0000] {logging_mixin.py:188} INFO - [2024-05-02T23:05:24.906+0000] {dag.py:3096} INFO - Sync 1 DAGs
[2024-05-02T23:05:24.954+0000] {logging_mixin.py:188} INFO - [2024-05-02T23:05:24.954+0000] {dag.py:3954} INFO - Setting next_dagrun for example_task_group_decorator to 2024-05-01 00:00:00+00:00, run_after=2024-05-02 00:00:00+00:00
[2024-05-02T23:05:24.995+0000] {processor.py:183} INFO - Processing /home/airflow/.local/lib/python3.12/site-packages/airflow/example_dags/example_task_group_decorator.py took 0.194 seconds
[2024-05-02T23:05:55.773+0000] {processor.py:161} INFO - Started process (PID=1026) to work on /home/airflow/.local/lib/python3.12/site-packages/airflow/example_dags/example_task_group_decorator.py
[2024-05-02T23:05:55.776+0000] {processor.py:830} INFO - Processing file /home/airflow/.local/lib/python3.12/site-packages/airflow/example_dags/example_task_group_decorator.py for tasks to queue
[2024-05-02T23:05:55.786+0000] {logging_mixin.py:188} INFO - [2024-05-02T23:05:55.785+0000] {dagbag.py:540} INFO - Filling up the DagBag from /home/airflow/.local/lib/python3.12/site-packages/airflow/example_dags/example_task_group_decorator.py
[2024-05-02T23:05:55.847+0000] {processor.py:840} INFO - DAG(s) 'example_task_group_decorator' retrieved from /home/airflow/.local/lib/python3.12/site-packages/airflow/example_dags/example_task_group_decorator.py
[2024-05-02T23:05:56.226+0000] {logging_mixin.py:188} INFO - [2024-05-02T23:05:56.226+0000] {dag.py:3096} INFO - Sync 1 DAGs
[2024-05-02T23:05:56.285+0000] {logging_mixin.py:188} INFO - [2024-05-02T23:05:56.285+0000] {dag.py:3954} INFO - Setting next_dagrun for example_task_group_decorator to 2024-05-01 00:00:00+00:00, run_after=2024-05-02 00:00:00+00:00
[2024-05-02T23:05:56.325+0000] {processor.py:183} INFO - Processing /home/airflow/.local/lib/python3.12/site-packages/airflow/example_dags/example_task_group_decorator.py took 0.563 seconds
[2024-05-02T23:06:26.943+0000] {processor.py:161} INFO - Started process (PID=1085) to work on /home/airflow/.local/lib/python3.12/site-packages/airflow/example_dags/example_task_group_decorator.py
[2024-05-02T23:06:26.946+0000] {processor.py:830} INFO - Processing file /home/airflow/.local/lib/python3.12/site-packages/airflow/example_dags/example_task_group_decorator.py for tasks to queue
[2024-05-02T23:06:26.949+0000] {logging_mixin.py:188} INFO - [2024-05-02T23:06:26.949+0000] {dagbag.py:540} INFO - Filling up the DagBag from /home/airflow/.local/lib/python3.12/site-packages/airflow/example_dags/example_task_group_decorator.py
[2024-05-02T23:06:26.992+0000] {processor.py:840} INFO - DAG(s) 'example_task_group_decorator' retrieved from /home/airflow/.local/lib/python3.12/site-packages/airflow/example_dags/example_task_group_decorator.py
[2024-05-02T23:06:27.069+0000] {logging_mixin.py:188} INFO - [2024-05-02T23:06:27.068+0000] {dag.py:3096} INFO - Sync 1 DAGs
[2024-05-02T23:06:27.169+0000] {logging_mixin.py:188} INFO - [2024-05-02T23:06:27.168+0000] {dag.py:3954} INFO - Setting next_dagrun for example_task_group_decorator to 2024-05-01 00:00:00+00:00, run_after=2024-05-02 00:00:00+00:00
[2024-05-02T23:06:27.244+0000] {processor.py:183} INFO - Processing /home/airflow/.local/lib/python3.12/site-packages/airflow/example_dags/example_task_group_decorator.py took 0.319 seconds
