[2024-05-02T22:20:53.245+0000] {processor.py:161} INFO - Started process (PID=63) to work on /home/airflow/.local/lib/python3.12/site-packages/airflow/example_dags/example_branch_operator.py
[2024-05-02T22:20:53.248+0000] {processor.py:830} INFO - Processing file /home/airflow/.local/lib/python3.12/site-packages/airflow/example_dags/example_branch_operator.py for tasks to queue
[2024-05-02T22:20:53.252+0000] {logging_mixin.py:188} INFO - [2024-05-02T22:20:53.252+0000] {dagbag.py:540} INFO - Filling up the DagBag from /home/airflow/.local/lib/python3.12/site-packages/airflow/example_dags/example_branch_operator.py
[2024-05-02T22:20:53.411+0000] {processor.py:840} INFO - DAG(s) 'example_branch_operator' retrieved from /home/airflow/.local/lib/python3.12/site-packages/airflow/example_dags/example_branch_operator.py
[2024-05-02T22:20:53.981+0000] {logging_mixin.py:188} INFO - [2024-05-02T22:20:53.979+0000] {dag.py:3096} INFO - Sync 1 DAGs
[2024-05-02T22:20:54.246+0000] {logging_mixin.py:188} INFO - [2024-05-02T22:20:54.243+0000] {dag.py:3954} INFO - Setting next_dagrun for example_branch_operator to 2024-05-01 00:00:00+00:00, run_after=2024-05-02 00:00:00+00:00
[2024-05-02T22:20:54.321+0000] {processor.py:183} INFO - Processing /home/airflow/.local/lib/python3.12/site-packages/airflow/example_dags/example_branch_operator.py took 1.104 seconds
[2024-05-02T22:21:32.277+0000] {processor.py:161} INFO - Started process (PID=121) to work on /home/airflow/.local/lib/python3.12/site-packages/airflow/example_dags/example_branch_operator.py
[2024-05-02T22:21:32.293+0000] {processor.py:830} INFO - Processing file /home/airflow/.local/lib/python3.12/site-packages/airflow/example_dags/example_branch_operator.py for tasks to queue
[2024-05-02T22:21:32.342+0000] {logging_mixin.py:188} INFO - [2024-05-02T22:21:32.341+0000] {dagbag.py:540} INFO - Filling up the DagBag from /home/airflow/.local/lib/python3.12/site-packages/airflow/example_dags/example_branch_operator.py
[2024-05-02T22:21:32.620+0000] {processor.py:840} INFO - DAG(s) 'example_branch_operator' retrieved from /home/airflow/.local/lib/python3.12/site-packages/airflow/example_dags/example_branch_operator.py
[2024-05-02T22:21:33.008+0000] {logging_mixin.py:188} INFO - [2024-05-02T22:21:33.007+0000] {dag.py:3096} INFO - Sync 1 DAGs
[2024-05-02T22:21:33.348+0000] {logging_mixin.py:188} INFO - [2024-05-02T22:21:33.347+0000] {dag.py:3954} INFO - Setting next_dagrun for example_branch_operator to 2024-05-01 00:00:00+00:00, run_after=2024-05-02 00:00:00+00:00
[2024-05-02T22:21:33.663+0000] {processor.py:183} INFO - Processing /home/airflow/.local/lib/python3.12/site-packages/airflow/example_dags/example_branch_operator.py took 1.434 seconds
[2024-05-02T22:22:55.257+0000] {processor.py:161} INFO - Started process (PID=202) to work on /home/airflow/.local/lib/python3.12/site-packages/airflow/example_dags/example_branch_operator.py
[2024-05-02T22:22:55.260+0000] {processor.py:830} INFO - Processing file /home/airflow/.local/lib/python3.12/site-packages/airflow/example_dags/example_branch_operator.py for tasks to queue
[2024-05-02T22:22:55.273+0000] {logging_mixin.py:188} INFO - [2024-05-02T22:22:55.272+0000] {dagbag.py:540} INFO - Filling up the DagBag from /home/airflow/.local/lib/python3.12/site-packages/airflow/example_dags/example_branch_operator.py
[2024-05-02T22:22:55.409+0000] {processor.py:840} INFO - DAG(s) 'example_branch_operator' retrieved from /home/airflow/.local/lib/python3.12/site-packages/airflow/example_dags/example_branch_operator.py
[2024-05-02T22:22:55.669+0000] {logging_mixin.py:188} INFO - [2024-05-02T22:22:55.668+0000] {dag.py:3096} INFO - Sync 1 DAGs
[2024-05-02T22:22:56.020+0000] {logging_mixin.py:188} INFO - [2024-05-02T22:22:56.019+0000] {dag.py:3954} INFO - Setting next_dagrun for example_branch_operator to 2024-05-01 00:00:00+00:00, run_after=2024-05-02 00:00:00+00:00
[2024-05-02T22:22:56.185+0000] {processor.py:183} INFO - Processing /home/airflow/.local/lib/python3.12/site-packages/airflow/example_dags/example_branch_operator.py took 0.972 seconds
[2024-05-02T22:32:33.881+0000] {processor.py:161} INFO - Started process (PID=63) to work on /home/airflow/.local/lib/python3.12/site-packages/airflow/example_dags/example_branch_operator.py
[2024-05-02T22:32:33.887+0000] {processor.py:830} INFO - Processing file /home/airflow/.local/lib/python3.12/site-packages/airflow/example_dags/example_branch_operator.py for tasks to queue
[2024-05-02T22:32:33.899+0000] {logging_mixin.py:188} INFO - [2024-05-02T22:32:33.891+0000] {dagbag.py:540} INFO - Filling up the DagBag from /home/airflow/.local/lib/python3.12/site-packages/airflow/example_dags/example_branch_operator.py
[2024-05-02T22:32:33.977+0000] {processor.py:840} INFO - DAG(s) 'example_branch_operator' retrieved from /home/airflow/.local/lib/python3.12/site-packages/airflow/example_dags/example_branch_operator.py
[2024-05-02T22:32:34.942+0000] {logging_mixin.py:188} INFO - [2024-05-02T22:32:34.939+0000] {dag.py:3096} INFO - Sync 1 DAGs
[2024-05-02T22:32:35.178+0000] {logging_mixin.py:188} INFO - [2024-05-02T22:32:35.177+0000] {dag.py:3954} INFO - Setting next_dagrun for example_branch_operator to 2024-05-01 00:00:00+00:00, run_after=2024-05-02 00:00:00+00:00
[2024-05-02T22:32:35.381+0000] {processor.py:183} INFO - Processing /home/airflow/.local/lib/python3.12/site-packages/airflow/example_dags/example_branch_operator.py took 1.534 seconds
[2024-05-02T22:33:06.029+0000] {processor.py:161} INFO - Started process (PID=122) to work on /home/airflow/.local/lib/python3.12/site-packages/airflow/example_dags/example_branch_operator.py
[2024-05-02T22:33:06.049+0000] {processor.py:830} INFO - Processing file /home/airflow/.local/lib/python3.12/site-packages/airflow/example_dags/example_branch_operator.py for tasks to queue
[2024-05-02T22:33:06.054+0000] {logging_mixin.py:188} INFO - [2024-05-02T22:33:06.053+0000] {dagbag.py:540} INFO - Filling up the DagBag from /home/airflow/.local/lib/python3.12/site-packages/airflow/example_dags/example_branch_operator.py
[2024-05-02T22:33:06.418+0000] {processor.py:840} INFO - DAG(s) 'example_branch_operator' retrieved from /home/airflow/.local/lib/python3.12/site-packages/airflow/example_dags/example_branch_operator.py
[2024-05-02T22:33:06.624+0000] {logging_mixin.py:188} INFO - [2024-05-02T22:33:06.623+0000] {dag.py:3096} INFO - Sync 1 DAGs
[2024-05-02T22:33:06.835+0000] {logging_mixin.py:188} INFO - [2024-05-02T22:33:06.834+0000] {dag.py:3954} INFO - Setting next_dagrun for example_branch_operator to 2024-05-01 00:00:00+00:00, run_after=2024-05-02 00:00:00+00:00
[2024-05-02T22:33:07.193+0000] {processor.py:183} INFO - Processing /home/airflow/.local/lib/python3.12/site-packages/airflow/example_dags/example_branch_operator.py took 1.300 seconds
[2024-05-02T22:33:38.385+0000] {processor.py:161} INFO - Started process (PID=181) to work on /home/airflow/.local/lib/python3.12/site-packages/airflow/example_dags/example_branch_operator.py
[2024-05-02T22:33:38.393+0000] {processor.py:830} INFO - Processing file /home/airflow/.local/lib/python3.12/site-packages/airflow/example_dags/example_branch_operator.py for tasks to queue
[2024-05-02T22:33:38.401+0000] {logging_mixin.py:188} INFO - [2024-05-02T22:33:38.400+0000] {dagbag.py:540} INFO - Filling up the DagBag from /home/airflow/.local/lib/python3.12/site-packages/airflow/example_dags/example_branch_operator.py
[2024-05-02T22:33:38.619+0000] {processor.py:840} INFO - DAG(s) 'example_branch_operator' retrieved from /home/airflow/.local/lib/python3.12/site-packages/airflow/example_dags/example_branch_operator.py
[2024-05-02T22:33:38.982+0000] {logging_mixin.py:188} INFO - [2024-05-02T22:33:38.982+0000] {dag.py:3096} INFO - Sync 1 DAGs
[2024-05-02T22:33:39.327+0000] {logging_mixin.py:188} INFO - [2024-05-02T22:33:39.326+0000] {dag.py:3954} INFO - Setting next_dagrun for example_branch_operator to 2024-05-01 00:00:00+00:00, run_after=2024-05-02 00:00:00+00:00
[2024-05-02T22:33:39.509+0000] {processor.py:183} INFO - Processing /home/airflow/.local/lib/python3.12/site-packages/airflow/example_dags/example_branch_operator.py took 1.170 seconds
[2024-05-02T22:34:10.270+0000] {processor.py:161} INFO - Started process (PID=240) to work on /home/airflow/.local/lib/python3.12/site-packages/airflow/example_dags/example_branch_operator.py
[2024-05-02T22:34:10.273+0000] {processor.py:830} INFO - Processing file /home/airflow/.local/lib/python3.12/site-packages/airflow/example_dags/example_branch_operator.py for tasks to queue
[2024-05-02T22:34:10.278+0000] {logging_mixin.py:188} INFO - [2024-05-02T22:34:10.277+0000] {dagbag.py:540} INFO - Filling up the DagBag from /home/airflow/.local/lib/python3.12/site-packages/airflow/example_dags/example_branch_operator.py
[2024-05-02T22:34:10.364+0000] {processor.py:840} INFO - DAG(s) 'example_branch_operator' retrieved from /home/airflow/.local/lib/python3.12/site-packages/airflow/example_dags/example_branch_operator.py
[2024-05-02T22:34:10.470+0000] {logging_mixin.py:188} INFO - [2024-05-02T22:34:10.470+0000] {dag.py:3096} INFO - Sync 1 DAGs
[2024-05-02T22:34:10.535+0000] {logging_mixin.py:188} INFO - [2024-05-02T22:34:10.534+0000] {dag.py:3954} INFO - Setting next_dagrun for example_branch_operator to 2024-05-01 00:00:00+00:00, run_after=2024-05-02 00:00:00+00:00
[2024-05-02T22:34:10.586+0000] {processor.py:183} INFO - Processing /home/airflow/.local/lib/python3.12/site-packages/airflow/example_dags/example_branch_operator.py took 0.330 seconds
[2024-05-02T22:34:40.854+0000] {processor.py:161} INFO - Started process (PID=300) to work on /home/airflow/.local/lib/python3.12/site-packages/airflow/example_dags/example_branch_operator.py
[2024-05-02T22:34:40.856+0000] {processor.py:830} INFO - Processing file /home/airflow/.local/lib/python3.12/site-packages/airflow/example_dags/example_branch_operator.py for tasks to queue
[2024-05-02T22:34:40.860+0000] {logging_mixin.py:188} INFO - [2024-05-02T22:34:40.859+0000] {dagbag.py:540} INFO - Filling up the DagBag from /home/airflow/.local/lib/python3.12/site-packages/airflow/example_dags/example_branch_operator.py
[2024-05-02T22:34:40.905+0000] {processor.py:840} INFO - DAG(s) 'example_branch_operator' retrieved from /home/airflow/.local/lib/python3.12/site-packages/airflow/example_dags/example_branch_operator.py
[2024-05-02T22:34:40.984+0000] {logging_mixin.py:188} INFO - [2024-05-02T22:34:40.983+0000] {dag.py:3096} INFO - Sync 1 DAGs
[2024-05-02T22:34:41.078+0000] {logging_mixin.py:188} INFO - [2024-05-02T22:34:41.078+0000] {dag.py:3954} INFO - Setting next_dagrun for example_branch_operator to 2024-05-01 00:00:00+00:00, run_after=2024-05-02 00:00:00+00:00
[2024-05-02T22:34:41.200+0000] {processor.py:183} INFO - Processing /home/airflow/.local/lib/python3.12/site-packages/airflow/example_dags/example_branch_operator.py took 0.360 seconds
[2024-05-02T22:35:12.064+0000] {processor.py:161} INFO - Started process (PID=358) to work on /home/airflow/.local/lib/python3.12/site-packages/airflow/example_dags/example_branch_operator.py
[2024-05-02T22:35:12.066+0000] {processor.py:830} INFO - Processing file /home/airflow/.local/lib/python3.12/site-packages/airflow/example_dags/example_branch_operator.py for tasks to queue
[2024-05-02T22:35:12.070+0000] {logging_mixin.py:188} INFO - [2024-05-02T22:35:12.069+0000] {dagbag.py:540} INFO - Filling up the DagBag from /home/airflow/.local/lib/python3.12/site-packages/airflow/example_dags/example_branch_operator.py
[2024-05-02T22:35:12.111+0000] {processor.py:840} INFO - DAG(s) 'example_branch_operator' retrieved from /home/airflow/.local/lib/python3.12/site-packages/airflow/example_dags/example_branch_operator.py
[2024-05-02T22:35:12.136+0000] {logging_mixin.py:188} INFO - [2024-05-02T22:35:12.135+0000] {dag.py:3096} INFO - Sync 1 DAGs
[2024-05-02T22:35:12.201+0000] {logging_mixin.py:188} INFO - [2024-05-02T22:35:12.200+0000] {dag.py:3954} INFO - Setting next_dagrun for example_branch_operator to 2024-05-01 00:00:00+00:00, run_after=2024-05-02 00:00:00+00:00
[2024-05-02T22:35:12.248+0000] {processor.py:183} INFO - Processing /home/airflow/.local/lib/python3.12/site-packages/airflow/example_dags/example_branch_operator.py took 0.197 seconds
[2024-05-02T22:35:42.397+0000] {processor.py:161} INFO - Started process (PID=416) to work on /home/airflow/.local/lib/python3.12/site-packages/airflow/example_dags/example_branch_operator.py
[2024-05-02T22:35:42.399+0000] {processor.py:830} INFO - Processing file /home/airflow/.local/lib/python3.12/site-packages/airflow/example_dags/example_branch_operator.py for tasks to queue
[2024-05-02T22:35:42.403+0000] {logging_mixin.py:188} INFO - [2024-05-02T22:35:42.402+0000] {dagbag.py:540} INFO - Filling up the DagBag from /home/airflow/.local/lib/python3.12/site-packages/airflow/example_dags/example_branch_operator.py
[2024-05-02T22:35:42.441+0000] {processor.py:840} INFO - DAG(s) 'example_branch_operator' retrieved from /home/airflow/.local/lib/python3.12/site-packages/airflow/example_dags/example_branch_operator.py
[2024-05-02T22:35:42.912+0000] {logging_mixin.py:188} INFO - [2024-05-02T22:35:42.912+0000] {dag.py:3096} INFO - Sync 1 DAGs
[2024-05-02T22:35:42.949+0000] {logging_mixin.py:188} INFO - [2024-05-02T22:35:42.949+0000] {dag.py:3954} INFO - Setting next_dagrun for example_branch_operator to 2024-05-01 00:00:00+00:00, run_after=2024-05-02 00:00:00+00:00
[2024-05-02T22:35:42.994+0000] {processor.py:183} INFO - Processing /home/airflow/.local/lib/python3.12/site-packages/airflow/example_dags/example_branch_operator.py took 0.611 seconds
[2024-05-02T22:36:17.030+0000] {processor.py:161} INFO - Started process (PID=474) to work on /home/airflow/.local/lib/python3.12/site-packages/airflow/example_dags/example_branch_operator.py
[2024-05-02T22:36:17.058+0000] {processor.py:830} INFO - Processing file /home/airflow/.local/lib/python3.12/site-packages/airflow/example_dags/example_branch_operator.py for tasks to queue
[2024-05-02T22:36:17.125+0000] {logging_mixin.py:188} INFO - [2024-05-02T22:36:17.124+0000] {dagbag.py:540} INFO - Filling up the DagBag from /home/airflow/.local/lib/python3.12/site-packages/airflow/example_dags/example_branch_operator.py
[2024-05-02T22:36:17.414+0000] {processor.py:840} INFO - DAG(s) 'example_branch_operator' retrieved from /home/airflow/.local/lib/python3.12/site-packages/airflow/example_dags/example_branch_operator.py
[2024-05-02T22:36:18.178+0000] {logging_mixin.py:188} INFO - [2024-05-02T22:36:18.177+0000] {dag.py:3096} INFO - Sync 1 DAGs
[2024-05-02T22:36:18.454+0000] {logging_mixin.py:188} INFO - [2024-05-02T22:36:18.454+0000] {dag.py:3954} INFO - Setting next_dagrun for example_branch_operator to 2024-05-01 00:00:00+00:00, run_after=2024-05-02 00:00:00+00:00
[2024-05-02T22:36:18.646+0000] {processor.py:183} INFO - Processing /home/airflow/.local/lib/python3.12/site-packages/airflow/example_dags/example_branch_operator.py took 1.746 seconds
[2024-05-02T22:36:49.576+0000] {processor.py:161} INFO - Started process (PID=531) to work on /home/airflow/.local/lib/python3.12/site-packages/airflow/example_dags/example_branch_operator.py
[2024-05-02T22:36:49.585+0000] {processor.py:830} INFO - Processing file /home/airflow/.local/lib/python3.12/site-packages/airflow/example_dags/example_branch_operator.py for tasks to queue
[2024-05-02T22:36:49.595+0000] {logging_mixin.py:188} INFO - [2024-05-02T22:36:49.594+0000] {dagbag.py:540} INFO - Filling up the DagBag from /home/airflow/.local/lib/python3.12/site-packages/airflow/example_dags/example_branch_operator.py
[2024-05-02T22:36:49.891+0000] {processor.py:840} INFO - DAG(s) 'example_branch_operator' retrieved from /home/airflow/.local/lib/python3.12/site-packages/airflow/example_dags/example_branch_operator.py
[2024-05-02T22:36:50.229+0000] {logging_mixin.py:188} INFO - [2024-05-02T22:36:50.227+0000] {dag.py:3096} INFO - Sync 1 DAGs
[2024-05-02T22:36:50.540+0000] {logging_mixin.py:188} INFO - [2024-05-02T22:36:50.539+0000] {dag.py:3954} INFO - Setting next_dagrun for example_branch_operator to 2024-05-01 00:00:00+00:00, run_after=2024-05-02 00:00:00+00:00
[2024-05-02T22:36:50.858+0000] {processor.py:183} INFO - Processing /home/airflow/.local/lib/python3.12/site-packages/airflow/example_dags/example_branch_operator.py took 1.329 seconds
[2024-05-02T22:37:21.192+0000] {processor.py:161} INFO - Started process (PID=591) to work on /home/airflow/.local/lib/python3.12/site-packages/airflow/example_dags/example_branch_operator.py
[2024-05-02T22:37:21.194+0000] {processor.py:830} INFO - Processing file /home/airflow/.local/lib/python3.12/site-packages/airflow/example_dags/example_branch_operator.py for tasks to queue
[2024-05-02T22:37:21.201+0000] {logging_mixin.py:188} INFO - [2024-05-02T22:37:21.199+0000] {dagbag.py:540} INFO - Filling up the DagBag from /home/airflow/.local/lib/python3.12/site-packages/airflow/example_dags/example_branch_operator.py
[2024-05-02T22:37:21.255+0000] {processor.py:840} INFO - DAG(s) 'example_branch_operator' retrieved from /home/airflow/.local/lib/python3.12/site-packages/airflow/example_dags/example_branch_operator.py
[2024-05-02T22:37:21.320+0000] {logging_mixin.py:188} INFO - [2024-05-02T22:37:21.320+0000] {dag.py:3096} INFO - Sync 1 DAGs
[2024-05-02T22:37:21.368+0000] {logging_mixin.py:188} INFO - [2024-05-02T22:37:21.368+0000] {dag.py:3954} INFO - Setting next_dagrun for example_branch_operator to 2024-05-01 00:00:00+00:00, run_after=2024-05-02 00:00:00+00:00
[2024-05-02T22:37:21.405+0000] {processor.py:183} INFO - Processing /home/airflow/.local/lib/python3.12/site-packages/airflow/example_dags/example_branch_operator.py took 0.233 seconds
[2024-05-02T22:37:52.575+0000] {processor.py:161} INFO - Started process (PID=651) to work on /home/airflow/.local/lib/python3.12/site-packages/airflow/example_dags/example_branch_operator.py
[2024-05-02T22:37:52.577+0000] {processor.py:830} INFO - Processing file /home/airflow/.local/lib/python3.12/site-packages/airflow/example_dags/example_branch_operator.py for tasks to queue
[2024-05-02T22:37:52.580+0000] {logging_mixin.py:188} INFO - [2024-05-02T22:37:52.580+0000] {dagbag.py:540} INFO - Filling up the DagBag from /home/airflow/.local/lib/python3.12/site-packages/airflow/example_dags/example_branch_operator.py
[2024-05-02T22:37:52.611+0000] {processor.py:840} INFO - DAG(s) 'example_branch_operator' retrieved from /home/airflow/.local/lib/python3.12/site-packages/airflow/example_dags/example_branch_operator.py
[2024-05-02T22:37:52.674+0000] {logging_mixin.py:188} INFO - [2024-05-02T22:37:52.674+0000] {dag.py:3096} INFO - Sync 1 DAGs
[2024-05-02T22:37:52.721+0000] {logging_mixin.py:188} INFO - [2024-05-02T22:37:52.721+0000] {dag.py:3954} INFO - Setting next_dagrun for example_branch_operator to 2024-05-01 00:00:00+00:00, run_after=2024-05-02 00:00:00+00:00
[2024-05-02T22:37:52.791+0000] {processor.py:183} INFO - Processing /home/airflow/.local/lib/python3.12/site-packages/airflow/example_dags/example_branch_operator.py took 0.228 seconds
[2024-05-02T22:38:26.628+0000] {processor.py:161} INFO - Started process (PID=704) to work on /home/airflow/.local/lib/python3.12/site-packages/airflow/example_dags/example_branch_operator.py
[2024-05-02T22:38:26.629+0000] {processor.py:830} INFO - Processing file /home/airflow/.local/lib/python3.12/site-packages/airflow/example_dags/example_branch_operator.py for tasks to queue
[2024-05-02T22:38:26.632+0000] {logging_mixin.py:188} INFO - [2024-05-02T22:38:26.631+0000] {dagbag.py:540} INFO - Filling up the DagBag from /home/airflow/.local/lib/python3.12/site-packages/airflow/example_dags/example_branch_operator.py
[2024-05-02T22:38:26.665+0000] {processor.py:840} INFO - DAG(s) 'example_branch_operator' retrieved from /home/airflow/.local/lib/python3.12/site-packages/airflow/example_dags/example_branch_operator.py
[2024-05-02T22:38:26.717+0000] {logging_mixin.py:188} INFO - [2024-05-02T22:38:26.717+0000] {dag.py:3096} INFO - Sync 1 DAGs
[2024-05-02T22:38:26.775+0000] {logging_mixin.py:188} INFO - [2024-05-02T22:38:26.775+0000] {dag.py:3954} INFO - Setting next_dagrun for example_branch_operator to 2024-05-01 00:00:00+00:00, run_after=2024-05-02 00:00:00+00:00
[2024-05-02T22:38:26.811+0000] {processor.py:183} INFO - Processing /home/airflow/.local/lib/python3.12/site-packages/airflow/example_dags/example_branch_operator.py took 0.193 seconds
[2024-05-02T22:39:09.581+0000] {processor.py:161} INFO - Started process (PID=769) to work on /home/airflow/.local/lib/python3.12/site-packages/airflow/example_dags/example_branch_operator.py
[2024-05-02T22:39:09.584+0000] {processor.py:830} INFO - Processing file /home/airflow/.local/lib/python3.12/site-packages/airflow/example_dags/example_branch_operator.py for tasks to queue
[2024-05-02T22:39:09.590+0000] {logging_mixin.py:188} INFO - [2024-05-02T22:39:09.589+0000] {dagbag.py:540} INFO - Filling up the DagBag from /home/airflow/.local/lib/python3.12/site-packages/airflow/example_dags/example_branch_operator.py
[2024-05-02T22:39:09.667+0000] {processor.py:840} INFO - DAG(s) 'example_branch_operator' retrieved from /home/airflow/.local/lib/python3.12/site-packages/airflow/example_dags/example_branch_operator.py
[2024-05-02T22:39:09.842+0000] {logging_mixin.py:188} INFO - [2024-05-02T22:39:09.842+0000] {dag.py:3096} INFO - Sync 1 DAGs
[2024-05-02T22:39:10.147+0000] {logging_mixin.py:188} INFO - [2024-05-02T22:39:10.146+0000] {dag.py:3954} INFO - Setting next_dagrun for example_branch_operator to 2024-05-01 00:00:00+00:00, run_after=2024-05-02 00:00:00+00:00
[2024-05-02T22:39:10.438+0000] {processor.py:183} INFO - Processing /home/airflow/.local/lib/python3.12/site-packages/airflow/example_dags/example_branch_operator.py took 0.870 seconds
[2024-05-02T22:39:46.163+0000] {processor.py:161} INFO - Started process (PID=827) to work on /home/airflow/.local/lib/python3.12/site-packages/airflow/example_dags/example_branch_operator.py
[2024-05-02T22:39:46.169+0000] {processor.py:830} INFO - Processing file /home/airflow/.local/lib/python3.12/site-packages/airflow/example_dags/example_branch_operator.py for tasks to queue
[2024-05-02T22:39:46.290+0000] {logging_mixin.py:188} INFO - [2024-05-02T22:39:46.270+0000] {dagbag.py:540} INFO - Filling up the DagBag from /home/airflow/.local/lib/python3.12/site-packages/airflow/example_dags/example_branch_operator.py
[2024-05-02T22:39:46.815+0000] {processor.py:840} INFO - DAG(s) 'example_branch_operator' retrieved from /home/airflow/.local/lib/python3.12/site-packages/airflow/example_dags/example_branch_operator.py
[2024-05-02T22:39:47.001+0000] {logging_mixin.py:188} INFO - [2024-05-02T22:39:47.000+0000] {dag.py:3096} INFO - Sync 1 DAGs
[2024-05-02T22:39:49.356+0000] {logging_mixin.py:188} INFO - [2024-05-02T22:39:49.355+0000] {dag.py:3954} INFO - Setting next_dagrun for example_branch_operator to 2024-05-01 00:00:00+00:00, run_after=2024-05-02 00:00:00+00:00
[2024-05-02T22:39:49.616+0000] {processor.py:183} INFO - Processing /home/airflow/.local/lib/python3.12/site-packages/airflow/example_dags/example_branch_operator.py took 3.531 seconds
[2024-05-02T22:40:20.434+0000] {processor.py:161} INFO - Started process (PID=887) to work on /home/airflow/.local/lib/python3.12/site-packages/airflow/example_dags/example_branch_operator.py
[2024-05-02T22:40:20.446+0000] {processor.py:830} INFO - Processing file /home/airflow/.local/lib/python3.12/site-packages/airflow/example_dags/example_branch_operator.py for tasks to queue
[2024-05-02T22:40:20.450+0000] {logging_mixin.py:188} INFO - [2024-05-02T22:40:20.449+0000] {dagbag.py:540} INFO - Filling up the DagBag from /home/airflow/.local/lib/python3.12/site-packages/airflow/example_dags/example_branch_operator.py
[2024-05-02T22:40:20.517+0000] {processor.py:840} INFO - DAG(s) 'example_branch_operator' retrieved from /home/airflow/.local/lib/python3.12/site-packages/airflow/example_dags/example_branch_operator.py
[2024-05-02T22:40:21.007+0000] {logging_mixin.py:188} INFO - [2024-05-02T22:40:21.006+0000] {dag.py:3096} INFO - Sync 1 DAGs
[2024-05-02T22:40:21.050+0000] {logging_mixin.py:188} INFO - [2024-05-02T22:40:21.049+0000] {dag.py:3954} INFO - Setting next_dagrun for example_branch_operator to 2024-05-01 00:00:00+00:00, run_after=2024-05-02 00:00:00+00:00
[2024-05-02T22:40:21.115+0000] {processor.py:183} INFO - Processing /home/airflow/.local/lib/python3.12/site-packages/airflow/example_dags/example_branch_operator.py took 0.705 seconds
[2024-05-02T22:40:51.384+0000] {processor.py:161} INFO - Started process (PID=946) to work on /home/airflow/.local/lib/python3.12/site-packages/airflow/example_dags/example_branch_operator.py
[2024-05-02T22:40:51.386+0000] {processor.py:830} INFO - Processing file /home/airflow/.local/lib/python3.12/site-packages/airflow/example_dags/example_branch_operator.py for tasks to queue
[2024-05-02T22:40:51.389+0000] {logging_mixin.py:188} INFO - [2024-05-02T22:40:51.388+0000] {dagbag.py:540} INFO - Filling up the DagBag from /home/airflow/.local/lib/python3.12/site-packages/airflow/example_dags/example_branch_operator.py
[2024-05-02T22:40:51.423+0000] {processor.py:840} INFO - DAG(s) 'example_branch_operator' retrieved from /home/airflow/.local/lib/python3.12/site-packages/airflow/example_dags/example_branch_operator.py
[2024-05-02T22:40:51.491+0000] {logging_mixin.py:188} INFO - [2024-05-02T22:40:51.490+0000] {dag.py:3096} INFO - Sync 1 DAGs
[2024-05-02T22:40:51.561+0000] {logging_mixin.py:188} INFO - [2024-05-02T22:40:51.561+0000] {dag.py:3954} INFO - Setting next_dagrun for example_branch_operator to 2024-05-01 00:00:00+00:00, run_after=2024-05-02 00:00:00+00:00
[2024-05-02T22:40:51.627+0000] {processor.py:183} INFO - Processing /home/airflow/.local/lib/python3.12/site-packages/airflow/example_dags/example_branch_operator.py took 0.254 seconds
[2024-05-02T22:41:22.256+0000] {processor.py:161} INFO - Started process (PID=1005) to work on /home/airflow/.local/lib/python3.12/site-packages/airflow/example_dags/example_branch_operator.py
[2024-05-02T22:41:22.258+0000] {processor.py:830} INFO - Processing file /home/airflow/.local/lib/python3.12/site-packages/airflow/example_dags/example_branch_operator.py for tasks to queue
[2024-05-02T22:41:22.262+0000] {logging_mixin.py:188} INFO - [2024-05-02T22:41:22.261+0000] {dagbag.py:540} INFO - Filling up the DagBag from /home/airflow/.local/lib/python3.12/site-packages/airflow/example_dags/example_branch_operator.py
[2024-05-02T22:41:22.303+0000] {processor.py:840} INFO - DAG(s) 'example_branch_operator' retrieved from /home/airflow/.local/lib/python3.12/site-packages/airflow/example_dags/example_branch_operator.py
[2024-05-02T22:41:22.355+0000] {logging_mixin.py:188} INFO - [2024-05-02T22:41:22.355+0000] {dag.py:3096} INFO - Sync 1 DAGs
[2024-05-02T22:41:22.409+0000] {logging_mixin.py:188} INFO - [2024-05-02T22:41:22.408+0000] {dag.py:3954} INFO - Setting next_dagrun for example_branch_operator to 2024-05-01 00:00:00+00:00, run_after=2024-05-02 00:00:00+00:00
[2024-05-02T22:41:22.442+0000] {processor.py:183} INFO - Processing /home/airflow/.local/lib/python3.12/site-packages/airflow/example_dags/example_branch_operator.py took 0.195 seconds
[2024-05-02T22:41:53.028+0000] {processor.py:161} INFO - Started process (PID=1064) to work on /home/airflow/.local/lib/python3.12/site-packages/airflow/example_dags/example_branch_operator.py
[2024-05-02T22:41:53.032+0000] {processor.py:830} INFO - Processing file /home/airflow/.local/lib/python3.12/site-packages/airflow/example_dags/example_branch_operator.py for tasks to queue
[2024-05-02T22:41:53.039+0000] {logging_mixin.py:188} INFO - [2024-05-02T22:41:53.037+0000] {dagbag.py:540} INFO - Filling up the DagBag from /home/airflow/.local/lib/python3.12/site-packages/airflow/example_dags/example_branch_operator.py
[2024-05-02T22:41:53.152+0000] {processor.py:840} INFO - DAG(s) 'example_branch_operator' retrieved from /home/airflow/.local/lib/python3.12/site-packages/airflow/example_dags/example_branch_operator.py
[2024-05-02T22:41:53.273+0000] {logging_mixin.py:188} INFO - [2024-05-02T22:41:53.272+0000] {dag.py:3096} INFO - Sync 1 DAGs
[2024-05-02T22:41:53.343+0000] {logging_mixin.py:188} INFO - [2024-05-02T22:41:53.342+0000] {dag.py:3954} INFO - Setting next_dagrun for example_branch_operator to 2024-05-01 00:00:00+00:00, run_after=2024-05-02 00:00:00+00:00
[2024-05-02T22:41:53.389+0000] {processor.py:183} INFO - Processing /home/airflow/.local/lib/python3.12/site-packages/airflow/example_dags/example_branch_operator.py took 0.383 seconds
[2024-05-02T22:42:23.709+0000] {processor.py:161} INFO - Started process (PID=1123) to work on /home/airflow/.local/lib/python3.12/site-packages/airflow/example_dags/example_branch_operator.py
[2024-05-02T22:42:23.711+0000] {processor.py:830} INFO - Processing file /home/airflow/.local/lib/python3.12/site-packages/airflow/example_dags/example_branch_operator.py for tasks to queue
[2024-05-02T22:42:23.718+0000] {logging_mixin.py:188} INFO - [2024-05-02T22:42:23.715+0000] {dagbag.py:540} INFO - Filling up the DagBag from /home/airflow/.local/lib/python3.12/site-packages/airflow/example_dags/example_branch_operator.py
[2024-05-02T22:42:23.756+0000] {processor.py:840} INFO - DAG(s) 'example_branch_operator' retrieved from /home/airflow/.local/lib/python3.12/site-packages/airflow/example_dags/example_branch_operator.py
[2024-05-02T22:42:23.819+0000] {logging_mixin.py:188} INFO - [2024-05-02T22:42:23.818+0000] {dag.py:3096} INFO - Sync 1 DAGs
[2024-05-02T22:42:23.867+0000] {logging_mixin.py:188} INFO - [2024-05-02T22:42:23.867+0000] {dag.py:3954} INFO - Setting next_dagrun for example_branch_operator to 2024-05-01 00:00:00+00:00, run_after=2024-05-02 00:00:00+00:00
[2024-05-02T22:42:23.905+0000] {processor.py:183} INFO - Processing /home/airflow/.local/lib/python3.12/site-packages/airflow/example_dags/example_branch_operator.py took 0.208 seconds
[2024-05-02T22:42:54.138+0000] {processor.py:161} INFO - Started process (PID=1182) to work on /home/airflow/.local/lib/python3.12/site-packages/airflow/example_dags/example_branch_operator.py
[2024-05-02T22:42:54.140+0000] {processor.py:830} INFO - Processing file /home/airflow/.local/lib/python3.12/site-packages/airflow/example_dags/example_branch_operator.py for tasks to queue
[2024-05-02T22:42:54.144+0000] {logging_mixin.py:188} INFO - [2024-05-02T22:42:54.143+0000] {dagbag.py:540} INFO - Filling up the DagBag from /home/airflow/.local/lib/python3.12/site-packages/airflow/example_dags/example_branch_operator.py
[2024-05-02T22:42:54.181+0000] {processor.py:840} INFO - DAG(s) 'example_branch_operator' retrieved from /home/airflow/.local/lib/python3.12/site-packages/airflow/example_dags/example_branch_operator.py
[2024-05-02T22:42:54.246+0000] {logging_mixin.py:188} INFO - [2024-05-02T22:42:54.245+0000] {dag.py:3096} INFO - Sync 1 DAGs
[2024-05-02T22:42:54.298+0000] {logging_mixin.py:188} INFO - [2024-05-02T22:42:54.298+0000] {dag.py:3954} INFO - Setting next_dagrun for example_branch_operator to 2024-05-01 00:00:00+00:00, run_after=2024-05-02 00:00:00+00:00
[2024-05-02T22:42:54.332+0000] {processor.py:183} INFO - Processing /home/airflow/.local/lib/python3.12/site-packages/airflow/example_dags/example_branch_operator.py took 0.209 seconds
[2024-05-02T22:43:25.083+0000] {processor.py:161} INFO - Started process (PID=1241) to work on /home/airflow/.local/lib/python3.12/site-packages/airflow/example_dags/example_branch_operator.py
[2024-05-02T22:43:25.132+0000] {processor.py:830} INFO - Processing file /home/airflow/.local/lib/python3.12/site-packages/airflow/example_dags/example_branch_operator.py for tasks to queue
[2024-05-02T22:43:25.139+0000] {logging_mixin.py:188} INFO - [2024-05-02T22:43:25.138+0000] {dagbag.py:540} INFO - Filling up the DagBag from /home/airflow/.local/lib/python3.12/site-packages/airflow/example_dags/example_branch_operator.py
[2024-05-02T22:43:25.295+0000] {processor.py:840} INFO - DAG(s) 'example_branch_operator' retrieved from /home/airflow/.local/lib/python3.12/site-packages/airflow/example_dags/example_branch_operator.py
[2024-05-02T22:43:25.439+0000] {logging_mixin.py:188} INFO - [2024-05-02T22:43:25.438+0000] {dag.py:3096} INFO - Sync 1 DAGs
[2024-05-02T22:43:25.578+0000] {logging_mixin.py:188} INFO - [2024-05-02T22:43:25.578+0000] {dag.py:3954} INFO - Setting next_dagrun for example_branch_operator to 2024-05-01 00:00:00+00:00, run_after=2024-05-02 00:00:00+00:00
[2024-05-02T22:43:25.649+0000] {processor.py:183} INFO - Processing /home/airflow/.local/lib/python3.12/site-packages/airflow/example_dags/example_branch_operator.py took 0.609 seconds
[2024-05-02T22:43:56.071+0000] {processor.py:161} INFO - Started process (PID=1300) to work on /home/airflow/.local/lib/python3.12/site-packages/airflow/example_dags/example_branch_operator.py
[2024-05-02T22:43:56.075+0000] {processor.py:830} INFO - Processing file /home/airflow/.local/lib/python3.12/site-packages/airflow/example_dags/example_branch_operator.py for tasks to queue
[2024-05-02T22:43:56.114+0000] {logging_mixin.py:188} INFO - [2024-05-02T22:43:56.113+0000] {dagbag.py:540} INFO - Filling up the DagBag from /home/airflow/.local/lib/python3.12/site-packages/airflow/example_dags/example_branch_operator.py
[2024-05-02T22:43:56.285+0000] {processor.py:840} INFO - DAG(s) 'example_branch_operator' retrieved from /home/airflow/.local/lib/python3.12/site-packages/airflow/example_dags/example_branch_operator.py
[2024-05-02T22:43:56.555+0000] {logging_mixin.py:188} INFO - [2024-05-02T22:43:56.554+0000] {dag.py:3096} INFO - Sync 1 DAGs
[2024-05-02T22:43:56.811+0000] {logging_mixin.py:188} INFO - [2024-05-02T22:43:56.810+0000] {dag.py:3954} INFO - Setting next_dagrun for example_branch_operator to 2024-05-01 00:00:00+00:00, run_after=2024-05-02 00:00:00+00:00
[2024-05-02T22:43:57.069+0000] {processor.py:183} INFO - Processing /home/airflow/.local/lib/python3.12/site-packages/airflow/example_dags/example_branch_operator.py took 1.046 seconds
[2024-05-02T22:44:27.386+0000] {processor.py:161} INFO - Started process (PID=1359) to work on /home/airflow/.local/lib/python3.12/site-packages/airflow/example_dags/example_branch_operator.py
[2024-05-02T22:44:27.388+0000] {processor.py:830} INFO - Processing file /home/airflow/.local/lib/python3.12/site-packages/airflow/example_dags/example_branch_operator.py for tasks to queue
[2024-05-02T22:44:27.392+0000] {logging_mixin.py:188} INFO - [2024-05-02T22:44:27.391+0000] {dagbag.py:540} INFO - Filling up the DagBag from /home/airflow/.local/lib/python3.12/site-packages/airflow/example_dags/example_branch_operator.py
[2024-05-02T22:44:27.436+0000] {processor.py:840} INFO - DAG(s) 'example_branch_operator' retrieved from /home/airflow/.local/lib/python3.12/site-packages/airflow/example_dags/example_branch_operator.py
[2024-05-02T22:44:27.575+0000] {logging_mixin.py:188} INFO - [2024-05-02T22:44:27.575+0000] {dag.py:3096} INFO - Sync 1 DAGs
[2024-05-02T22:44:27.696+0000] {logging_mixin.py:188} INFO - [2024-05-02T22:44:27.695+0000] {dag.py:3954} INFO - Setting next_dagrun for example_branch_operator to 2024-05-01 00:00:00+00:00, run_after=2024-05-02 00:00:00+00:00
[2024-05-02T22:44:27.848+0000] {processor.py:183} INFO - Processing /home/airflow/.local/lib/python3.12/site-packages/airflow/example_dags/example_branch_operator.py took 0.475 seconds
[2024-05-02T22:44:58.092+0000] {processor.py:161} INFO - Started process (PID=1419) to work on /home/airflow/.local/lib/python3.12/site-packages/airflow/example_dags/example_branch_operator.py
[2024-05-02T22:44:58.095+0000] {processor.py:830} INFO - Processing file /home/airflow/.local/lib/python3.12/site-packages/airflow/example_dags/example_branch_operator.py for tasks to queue
[2024-05-02T22:44:58.102+0000] {logging_mixin.py:188} INFO - [2024-05-02T22:44:58.100+0000] {dagbag.py:540} INFO - Filling up the DagBag from /home/airflow/.local/lib/python3.12/site-packages/airflow/example_dags/example_branch_operator.py
[2024-05-02T22:44:58.169+0000] {processor.py:840} INFO - DAG(s) 'example_branch_operator' retrieved from /home/airflow/.local/lib/python3.12/site-packages/airflow/example_dags/example_branch_operator.py
[2024-05-02T22:44:58.256+0000] {logging_mixin.py:188} INFO - [2024-05-02T22:44:58.255+0000] {dag.py:3096} INFO - Sync 1 DAGs
[2024-05-02T22:44:58.340+0000] {logging_mixin.py:188} INFO - [2024-05-02T22:44:58.340+0000] {dag.py:3954} INFO - Setting next_dagrun for example_branch_operator to 2024-05-01 00:00:00+00:00, run_after=2024-05-02 00:00:00+00:00
[2024-05-02T22:44:58.431+0000] {processor.py:183} INFO - Processing /home/airflow/.local/lib/python3.12/site-packages/airflow/example_dags/example_branch_operator.py took 0.356 seconds
[2024-05-02T22:45:29.167+0000] {processor.py:161} INFO - Started process (PID=1478) to work on /home/airflow/.local/lib/python3.12/site-packages/airflow/example_dags/example_branch_operator.py
[2024-05-02T22:45:29.169+0000] {processor.py:830} INFO - Processing file /home/airflow/.local/lib/python3.12/site-packages/airflow/example_dags/example_branch_operator.py for tasks to queue
[2024-05-02T22:45:29.172+0000] {logging_mixin.py:188} INFO - [2024-05-02T22:45:29.172+0000] {dagbag.py:540} INFO - Filling up the DagBag from /home/airflow/.local/lib/python3.12/site-packages/airflow/example_dags/example_branch_operator.py
[2024-05-02T22:45:29.215+0000] {processor.py:840} INFO - DAG(s) 'example_branch_operator' retrieved from /home/airflow/.local/lib/python3.12/site-packages/airflow/example_dags/example_branch_operator.py
[2024-05-02T22:45:29.279+0000] {logging_mixin.py:188} INFO - [2024-05-02T22:45:29.278+0000] {dag.py:3096} INFO - Sync 1 DAGs
[2024-05-02T22:45:29.342+0000] {logging_mixin.py:188} INFO - [2024-05-02T22:45:29.340+0000] {dag.py:3954} INFO - Setting next_dagrun for example_branch_operator to 2024-05-01 00:00:00+00:00, run_after=2024-05-02 00:00:00+00:00
[2024-05-02T22:45:29.388+0000] {processor.py:183} INFO - Processing /home/airflow/.local/lib/python3.12/site-packages/airflow/example_dags/example_branch_operator.py took 0.236 seconds
[2024-05-02T22:46:00.043+0000] {processor.py:161} INFO - Started process (PID=1537) to work on /home/airflow/.local/lib/python3.12/site-packages/airflow/example_dags/example_branch_operator.py
[2024-05-02T22:46:00.045+0000] {processor.py:830} INFO - Processing file /home/airflow/.local/lib/python3.12/site-packages/airflow/example_dags/example_branch_operator.py for tasks to queue
[2024-05-02T22:46:00.050+0000] {logging_mixin.py:188} INFO - [2024-05-02T22:46:00.049+0000] {dagbag.py:540} INFO - Filling up the DagBag from /home/airflow/.local/lib/python3.12/site-packages/airflow/example_dags/example_branch_operator.py
[2024-05-02T22:46:00.099+0000] {processor.py:840} INFO - DAG(s) 'example_branch_operator' retrieved from /home/airflow/.local/lib/python3.12/site-packages/airflow/example_dags/example_branch_operator.py
[2024-05-02T22:46:00.172+0000] {logging_mixin.py:188} INFO - [2024-05-02T22:46:00.172+0000] {dag.py:3096} INFO - Sync 1 DAGs
[2024-05-02T22:46:00.241+0000] {logging_mixin.py:188} INFO - [2024-05-02T22:46:00.240+0000] {dag.py:3954} INFO - Setting next_dagrun for example_branch_operator to 2024-05-01 00:00:00+00:00, run_after=2024-05-02 00:00:00+00:00
[2024-05-02T22:46:00.284+0000] {processor.py:183} INFO - Processing /home/airflow/.local/lib/python3.12/site-packages/airflow/example_dags/example_branch_operator.py took 0.261 seconds
[2024-05-02T22:46:30.488+0000] {processor.py:161} INFO - Started process (PID=1596) to work on /home/airflow/.local/lib/python3.12/site-packages/airflow/example_dags/example_branch_operator.py
[2024-05-02T22:46:30.489+0000] {processor.py:830} INFO - Processing file /home/airflow/.local/lib/python3.12/site-packages/airflow/example_dags/example_branch_operator.py for tasks to queue
[2024-05-02T22:46:30.492+0000] {logging_mixin.py:188} INFO - [2024-05-02T22:46:30.492+0000] {dagbag.py:540} INFO - Filling up the DagBag from /home/airflow/.local/lib/python3.12/site-packages/airflow/example_dags/example_branch_operator.py
[2024-05-02T22:46:30.520+0000] {processor.py:840} INFO - DAG(s) 'example_branch_operator' retrieved from /home/airflow/.local/lib/python3.12/site-packages/airflow/example_dags/example_branch_operator.py
[2024-05-02T22:46:30.581+0000] {logging_mixin.py:188} INFO - [2024-05-02T22:46:30.581+0000] {dag.py:3096} INFO - Sync 1 DAGs
[2024-05-02T22:46:30.649+0000] {logging_mixin.py:188} INFO - [2024-05-02T22:46:30.648+0000] {dag.py:3954} INFO - Setting next_dagrun for example_branch_operator to 2024-05-01 00:00:00+00:00, run_after=2024-05-02 00:00:00+00:00
[2024-05-02T22:46:30.699+0000] {processor.py:183} INFO - Processing /home/airflow/.local/lib/python3.12/site-packages/airflow/example_dags/example_branch_operator.py took 0.224 seconds
[2024-05-02T22:47:01.415+0000] {processor.py:161} INFO - Started process (PID=1656) to work on /home/airflow/.local/lib/python3.12/site-packages/airflow/example_dags/example_branch_operator.py
[2024-05-02T22:47:01.417+0000] {processor.py:830} INFO - Processing file /home/airflow/.local/lib/python3.12/site-packages/airflow/example_dags/example_branch_operator.py for tasks to queue
[2024-05-02T22:47:01.424+0000] {logging_mixin.py:188} INFO - [2024-05-02T22:47:01.423+0000] {dagbag.py:540} INFO - Filling up the DagBag from /home/airflow/.local/lib/python3.12/site-packages/airflow/example_dags/example_branch_operator.py
[2024-05-02T22:47:01.464+0000] {processor.py:840} INFO - DAG(s) 'example_branch_operator' retrieved from /home/airflow/.local/lib/python3.12/site-packages/airflow/example_dags/example_branch_operator.py
[2024-05-02T22:47:01.519+0000] {logging_mixin.py:188} INFO - [2024-05-02T22:47:01.519+0000] {dag.py:3096} INFO - Sync 1 DAGs
[2024-05-02T22:47:01.561+0000] {logging_mixin.py:188} INFO - [2024-05-02T22:47:01.560+0000] {dag.py:3954} INFO - Setting next_dagrun for example_branch_operator to 2024-05-01 00:00:00+00:00, run_after=2024-05-02 00:00:00+00:00
[2024-05-02T22:47:01.597+0000] {processor.py:183} INFO - Processing /home/airflow/.local/lib/python3.12/site-packages/airflow/example_dags/example_branch_operator.py took 0.198 seconds
[2024-05-02T22:47:32.283+0000] {processor.py:161} INFO - Started process (PID=1715) to work on /home/airflow/.local/lib/python3.12/site-packages/airflow/example_dags/example_branch_operator.py
[2024-05-02T22:47:32.285+0000] {processor.py:830} INFO - Processing file /home/airflow/.local/lib/python3.12/site-packages/airflow/example_dags/example_branch_operator.py for tasks to queue
[2024-05-02T22:47:32.290+0000] {logging_mixin.py:188} INFO - [2024-05-02T22:47:32.289+0000] {dagbag.py:540} INFO - Filling up the DagBag from /home/airflow/.local/lib/python3.12/site-packages/airflow/example_dags/example_branch_operator.py
[2024-05-02T22:47:32.348+0000] {processor.py:840} INFO - DAG(s) 'example_branch_operator' retrieved from /home/airflow/.local/lib/python3.12/site-packages/airflow/example_dags/example_branch_operator.py
[2024-05-02T22:47:32.427+0000] {logging_mixin.py:188} INFO - [2024-05-02T22:47:32.426+0000] {dag.py:3096} INFO - Sync 1 DAGs
[2024-05-02T22:47:32.484+0000] {logging_mixin.py:188} INFO - [2024-05-02T22:47:32.483+0000] {dag.py:3954} INFO - Setting next_dagrun for example_branch_operator to 2024-05-01 00:00:00+00:00, run_after=2024-05-02 00:00:00+00:00
[2024-05-02T22:47:32.523+0000] {processor.py:183} INFO - Processing /home/airflow/.local/lib/python3.12/site-packages/airflow/example_dags/example_branch_operator.py took 0.254 seconds
[2024-05-02T22:48:03.085+0000] {processor.py:161} INFO - Started process (PID=1774) to work on /home/airflow/.local/lib/python3.12/site-packages/airflow/example_dags/example_branch_operator.py
[2024-05-02T22:48:03.087+0000] {processor.py:830} INFO - Processing file /home/airflow/.local/lib/python3.12/site-packages/airflow/example_dags/example_branch_operator.py for tasks to queue
[2024-05-02T22:48:03.093+0000] {logging_mixin.py:188} INFO - [2024-05-02T22:48:03.091+0000] {dagbag.py:540} INFO - Filling up the DagBag from /home/airflow/.local/lib/python3.12/site-packages/airflow/example_dags/example_branch_operator.py
[2024-05-02T22:48:03.146+0000] {processor.py:840} INFO - DAG(s) 'example_branch_operator' retrieved from /home/airflow/.local/lib/python3.12/site-packages/airflow/example_dags/example_branch_operator.py
[2024-05-02T22:48:03.232+0000] {logging_mixin.py:188} INFO - [2024-05-02T22:48:03.231+0000] {dag.py:3096} INFO - Sync 1 DAGs
[2024-05-02T22:48:03.328+0000] {logging_mixin.py:188} INFO - [2024-05-02T22:48:03.328+0000] {dag.py:3954} INFO - Setting next_dagrun for example_branch_operator to 2024-05-01 00:00:00+00:00, run_after=2024-05-02 00:00:00+00:00
[2024-05-02T22:48:03.363+0000] {processor.py:183} INFO - Processing /home/airflow/.local/lib/python3.12/site-packages/airflow/example_dags/example_branch_operator.py took 0.288 seconds
[2024-05-02T22:48:33.589+0000] {processor.py:161} INFO - Started process (PID=1834) to work on /home/airflow/.local/lib/python3.12/site-packages/airflow/example_dags/example_branch_operator.py
[2024-05-02T22:48:33.591+0000] {processor.py:830} INFO - Processing file /home/airflow/.local/lib/python3.12/site-packages/airflow/example_dags/example_branch_operator.py for tasks to queue
[2024-05-02T22:48:33.595+0000] {logging_mixin.py:188} INFO - [2024-05-02T22:48:33.594+0000] {dagbag.py:540} INFO - Filling up the DagBag from /home/airflow/.local/lib/python3.12/site-packages/airflow/example_dags/example_branch_operator.py
[2024-05-02T22:48:33.637+0000] {processor.py:840} INFO - DAG(s) 'example_branch_operator' retrieved from /home/airflow/.local/lib/python3.12/site-packages/airflow/example_dags/example_branch_operator.py
[2024-05-02T22:48:33.702+0000] {logging_mixin.py:188} INFO - [2024-05-02T22:48:33.701+0000] {dag.py:3096} INFO - Sync 1 DAGs
[2024-05-02T22:48:33.749+0000] {logging_mixin.py:188} INFO - [2024-05-02T22:48:33.749+0000] {dag.py:3954} INFO - Setting next_dagrun for example_branch_operator to 2024-05-01 00:00:00+00:00, run_after=2024-05-02 00:00:00+00:00
[2024-05-02T22:48:33.793+0000] {processor.py:183} INFO - Processing /home/airflow/.local/lib/python3.12/site-packages/airflow/example_dags/example_branch_operator.py took 0.216 seconds
[2024-05-02T22:49:04.094+0000] {processor.py:161} INFO - Started process (PID=1893) to work on /home/airflow/.local/lib/python3.12/site-packages/airflow/example_dags/example_branch_operator.py
[2024-05-02T22:49:04.119+0000] {processor.py:830} INFO - Processing file /home/airflow/.local/lib/python3.12/site-packages/airflow/example_dags/example_branch_operator.py for tasks to queue
[2024-05-02T22:49:04.127+0000] {logging_mixin.py:188} INFO - [2024-05-02T22:49:04.127+0000] {dagbag.py:540} INFO - Filling up the DagBag from /home/airflow/.local/lib/python3.12/site-packages/airflow/example_dags/example_branch_operator.py
[2024-05-02T22:49:04.176+0000] {processor.py:840} INFO - DAG(s) 'example_branch_operator' retrieved from /home/airflow/.local/lib/python3.12/site-packages/airflow/example_dags/example_branch_operator.py
[2024-05-02T22:49:04.266+0000] {logging_mixin.py:188} INFO - [2024-05-02T22:49:04.265+0000] {dag.py:3096} INFO - Sync 1 DAGs
[2024-05-02T22:49:04.330+0000] {logging_mixin.py:188} INFO - [2024-05-02T22:49:04.330+0000] {dag.py:3954} INFO - Setting next_dagrun for example_branch_operator to 2024-05-01 00:00:00+00:00, run_after=2024-05-02 00:00:00+00:00
[2024-05-02T22:49:04.377+0000] {processor.py:183} INFO - Processing /home/airflow/.local/lib/python3.12/site-packages/airflow/example_dags/example_branch_operator.py took 0.303 seconds
[2024-05-02T22:49:34.560+0000] {processor.py:161} INFO - Started process (PID=1950) to work on /home/airflow/.local/lib/python3.12/site-packages/airflow/example_dags/example_branch_operator.py
[2024-05-02T22:49:34.563+0000] {processor.py:830} INFO - Processing file /home/airflow/.local/lib/python3.12/site-packages/airflow/example_dags/example_branch_operator.py for tasks to queue
[2024-05-02T22:49:34.569+0000] {logging_mixin.py:188} INFO - [2024-05-02T22:49:34.568+0000] {dagbag.py:540} INFO - Filling up the DagBag from /home/airflow/.local/lib/python3.12/site-packages/airflow/example_dags/example_branch_operator.py
[2024-05-02T22:49:34.628+0000] {processor.py:840} INFO - DAG(s) 'example_branch_operator' retrieved from /home/airflow/.local/lib/python3.12/site-packages/airflow/example_dags/example_branch_operator.py
[2024-05-02T22:49:34.699+0000] {logging_mixin.py:188} INFO - [2024-05-02T22:49:34.699+0000] {dag.py:3096} INFO - Sync 1 DAGs
[2024-05-02T22:49:34.765+0000] {logging_mixin.py:188} INFO - [2024-05-02T22:49:34.764+0000] {dag.py:3954} INFO - Setting next_dagrun for example_branch_operator to 2024-05-01 00:00:00+00:00, run_after=2024-05-02 00:00:00+00:00
[2024-05-02T22:49:34.815+0000] {processor.py:183} INFO - Processing /home/airflow/.local/lib/python3.12/site-packages/airflow/example_dags/example_branch_operator.py took 0.277 seconds
[2024-05-02T22:50:05.051+0000] {processor.py:161} INFO - Started process (PID=2009) to work on /home/airflow/.local/lib/python3.12/site-packages/airflow/example_dags/example_branch_operator.py
[2024-05-02T22:50:05.056+0000] {processor.py:830} INFO - Processing file /home/airflow/.local/lib/python3.12/site-packages/airflow/example_dags/example_branch_operator.py for tasks to queue
[2024-05-02T22:50:05.065+0000] {logging_mixin.py:188} INFO - [2024-05-02T22:50:05.064+0000] {dagbag.py:540} INFO - Filling up the DagBag from /home/airflow/.local/lib/python3.12/site-packages/airflow/example_dags/example_branch_operator.py
[2024-05-02T22:50:05.134+0000] {processor.py:840} INFO - DAG(s) 'example_branch_operator' retrieved from /home/airflow/.local/lib/python3.12/site-packages/airflow/example_dags/example_branch_operator.py
[2024-05-02T22:50:05.245+0000] {logging_mixin.py:188} INFO - [2024-05-02T22:50:05.244+0000] {dag.py:3096} INFO - Sync 1 DAGs
[2024-05-02T22:50:05.302+0000] {logging_mixin.py:188} INFO - [2024-05-02T22:50:05.301+0000] {dag.py:3954} INFO - Setting next_dagrun for example_branch_operator to 2024-05-01 00:00:00+00:00, run_after=2024-05-02 00:00:00+00:00
[2024-05-02T22:50:05.372+0000] {processor.py:183} INFO - Processing /home/airflow/.local/lib/python3.12/site-packages/airflow/example_dags/example_branch_operator.py took 0.339 seconds
[2024-05-02T22:50:35.744+0000] {processor.py:161} INFO - Started process (PID=2068) to work on /home/airflow/.local/lib/python3.12/site-packages/airflow/example_dags/example_branch_operator.py
[2024-05-02T22:50:35.746+0000] {processor.py:830} INFO - Processing file /home/airflow/.local/lib/python3.12/site-packages/airflow/example_dags/example_branch_operator.py for tasks to queue
[2024-05-02T22:50:35.756+0000] {logging_mixin.py:188} INFO - [2024-05-02T22:50:35.751+0000] {dagbag.py:540} INFO - Filling up the DagBag from /home/airflow/.local/lib/python3.12/site-packages/airflow/example_dags/example_branch_operator.py
[2024-05-02T22:50:35.830+0000] {processor.py:840} INFO - DAG(s) 'example_branch_operator' retrieved from /home/airflow/.local/lib/python3.12/site-packages/airflow/example_dags/example_branch_operator.py
[2024-05-02T22:50:35.956+0000] {logging_mixin.py:188} INFO - [2024-05-02T22:50:35.949+0000] {dag.py:3096} INFO - Sync 1 DAGs
[2024-05-02T22:50:36.021+0000] {logging_mixin.py:188} INFO - [2024-05-02T22:50:36.020+0000] {dag.py:3954} INFO - Setting next_dagrun for example_branch_operator to 2024-05-01 00:00:00+00:00, run_after=2024-05-02 00:00:00+00:00
[2024-05-02T22:50:36.070+0000] {processor.py:183} INFO - Processing /home/airflow/.local/lib/python3.12/site-packages/airflow/example_dags/example_branch_operator.py took 0.350 seconds
[2024-05-02T22:51:06.876+0000] {processor.py:161} INFO - Started process (PID=2132) to work on /home/airflow/.local/lib/python3.12/site-packages/airflow/example_dags/example_branch_operator.py
[2024-05-02T22:51:06.878+0000] {processor.py:830} INFO - Processing file /home/airflow/.local/lib/python3.12/site-packages/airflow/example_dags/example_branch_operator.py for tasks to queue
[2024-05-02T22:51:06.883+0000] {logging_mixin.py:188} INFO - [2024-05-02T22:51:06.882+0000] {dagbag.py:540} INFO - Filling up the DagBag from /home/airflow/.local/lib/python3.12/site-packages/airflow/example_dags/example_branch_operator.py
[2024-05-02T22:51:06.928+0000] {processor.py:840} INFO - DAG(s) 'example_branch_operator' retrieved from /home/airflow/.local/lib/python3.12/site-packages/airflow/example_dags/example_branch_operator.py
[2024-05-02T22:51:07.012+0000] {logging_mixin.py:188} INFO - [2024-05-02T22:51:07.011+0000] {dag.py:3096} INFO - Sync 1 DAGs
[2024-05-02T22:51:07.076+0000] {logging_mixin.py:188} INFO - [2024-05-02T22:51:07.076+0000] {dag.py:3954} INFO - Setting next_dagrun for example_branch_operator to 2024-05-01 00:00:00+00:00, run_after=2024-05-02 00:00:00+00:00
[2024-05-02T22:51:07.125+0000] {processor.py:183} INFO - Processing /home/airflow/.local/lib/python3.12/site-packages/airflow/example_dags/example_branch_operator.py took 0.262 seconds
[2024-05-02T22:51:37.430+0000] {processor.py:161} INFO - Started process (PID=2191) to work on /home/airflow/.local/lib/python3.12/site-packages/airflow/example_dags/example_branch_operator.py
[2024-05-02T22:51:37.433+0000] {processor.py:830} INFO - Processing file /home/airflow/.local/lib/python3.12/site-packages/airflow/example_dags/example_branch_operator.py for tasks to queue
[2024-05-02T22:51:37.437+0000] {logging_mixin.py:188} INFO - [2024-05-02T22:51:37.437+0000] {dagbag.py:540} INFO - Filling up the DagBag from /home/airflow/.local/lib/python3.12/site-packages/airflow/example_dags/example_branch_operator.py
[2024-05-02T22:51:37.482+0000] {processor.py:840} INFO - DAG(s) 'example_branch_operator' retrieved from /home/airflow/.local/lib/python3.12/site-packages/airflow/example_dags/example_branch_operator.py
[2024-05-02T22:51:37.555+0000] {logging_mixin.py:188} INFO - [2024-05-02T22:51:37.554+0000] {dag.py:3096} INFO - Sync 1 DAGs
[2024-05-02T22:51:37.629+0000] {logging_mixin.py:188} INFO - [2024-05-02T22:51:37.629+0000] {dag.py:3954} INFO - Setting next_dagrun for example_branch_operator to 2024-05-01 00:00:00+00:00, run_after=2024-05-02 00:00:00+00:00
[2024-05-02T22:51:37.682+0000] {processor.py:183} INFO - Processing /home/airflow/.local/lib/python3.12/site-packages/airflow/example_dags/example_branch_operator.py took 0.261 seconds
[2024-05-02T22:52:08.374+0000] {processor.py:161} INFO - Started process (PID=2252) to work on /home/airflow/.local/lib/python3.12/site-packages/airflow/example_dags/example_branch_operator.py
[2024-05-02T22:52:08.375+0000] {processor.py:830} INFO - Processing file /home/airflow/.local/lib/python3.12/site-packages/airflow/example_dags/example_branch_operator.py for tasks to queue
[2024-05-02T22:52:08.379+0000] {logging_mixin.py:188} INFO - [2024-05-02T22:52:08.379+0000] {dagbag.py:540} INFO - Filling up the DagBag from /home/airflow/.local/lib/python3.12/site-packages/airflow/example_dags/example_branch_operator.py
[2024-05-02T22:52:08.429+0000] {processor.py:840} INFO - DAG(s) 'example_branch_operator' retrieved from /home/airflow/.local/lib/python3.12/site-packages/airflow/example_dags/example_branch_operator.py
[2024-05-02T22:52:08.520+0000] {logging_mixin.py:188} INFO - [2024-05-02T22:52:08.519+0000] {dag.py:3096} INFO - Sync 1 DAGs
[2024-05-02T22:52:08.600+0000] {logging_mixin.py:188} INFO - [2024-05-02T22:52:08.599+0000] {dag.py:3954} INFO - Setting next_dagrun for example_branch_operator to 2024-05-01 00:00:00+00:00, run_after=2024-05-02 00:00:00+00:00
[2024-05-02T22:52:08.676+0000] {processor.py:183} INFO - Processing /home/airflow/.local/lib/python3.12/site-packages/airflow/example_dags/example_branch_operator.py took 0.320 seconds
[2024-05-02T22:52:39.443+0000] {processor.py:161} INFO - Started process (PID=2312) to work on /home/airflow/.local/lib/python3.12/site-packages/airflow/example_dags/example_branch_operator.py
[2024-05-02T22:52:39.459+0000] {processor.py:830} INFO - Processing file /home/airflow/.local/lib/python3.12/site-packages/airflow/example_dags/example_branch_operator.py for tasks to queue
[2024-05-02T22:52:39.482+0000] {logging_mixin.py:188} INFO - [2024-05-02T22:52:39.481+0000] {dagbag.py:540} INFO - Filling up the DagBag from /home/airflow/.local/lib/python3.12/site-packages/airflow/example_dags/example_branch_operator.py
[2024-05-02T22:52:39.608+0000] {processor.py:840} INFO - DAG(s) 'example_branch_operator' retrieved from /home/airflow/.local/lib/python3.12/site-packages/airflow/example_dags/example_branch_operator.py
[2024-05-02T22:52:39.939+0000] {logging_mixin.py:188} INFO - [2024-05-02T22:52:39.938+0000] {dag.py:3096} INFO - Sync 1 DAGs
[2024-05-02T22:52:40.173+0000] {logging_mixin.py:188} INFO - [2024-05-02T22:52:40.172+0000] {dag.py:3954} INFO - Setting next_dagrun for example_branch_operator to 2024-05-01 00:00:00+00:00, run_after=2024-05-02 00:00:00+00:00
[2024-05-02T22:52:40.369+0000] {processor.py:183} INFO - Processing /home/airflow/.local/lib/python3.12/site-packages/airflow/example_dags/example_branch_operator.py took 0.981 seconds
[2024-05-02T22:53:10.663+0000] {processor.py:161} INFO - Started process (PID=2370) to work on /home/airflow/.local/lib/python3.12/site-packages/airflow/example_dags/example_branch_operator.py
[2024-05-02T22:53:10.667+0000] {processor.py:830} INFO - Processing file /home/airflow/.local/lib/python3.12/site-packages/airflow/example_dags/example_branch_operator.py for tasks to queue
[2024-05-02T22:53:10.678+0000] {logging_mixin.py:188} INFO - [2024-05-02T22:53:10.677+0000] {dagbag.py:540} INFO - Filling up the DagBag from /home/airflow/.local/lib/python3.12/site-packages/airflow/example_dags/example_branch_operator.py
[2024-05-02T22:53:10.748+0000] {processor.py:840} INFO - DAG(s) 'example_branch_operator' retrieved from /home/airflow/.local/lib/python3.12/site-packages/airflow/example_dags/example_branch_operator.py
[2024-05-02T22:53:10.880+0000] {logging_mixin.py:188} INFO - [2024-05-02T22:53:10.879+0000] {dag.py:3096} INFO - Sync 1 DAGs
[2024-05-02T22:53:10.948+0000] {logging_mixin.py:188} INFO - [2024-05-02T22:53:10.947+0000] {dag.py:3954} INFO - Setting next_dagrun for example_branch_operator to 2024-05-01 00:00:00+00:00, run_after=2024-05-02 00:00:00+00:00
[2024-05-02T22:53:10.989+0000] {processor.py:183} INFO - Processing /home/airflow/.local/lib/python3.12/site-packages/airflow/example_dags/example_branch_operator.py took 0.348 seconds
[2024-05-02T22:53:41.910+0000] {processor.py:161} INFO - Started process (PID=2429) to work on /home/airflow/.local/lib/python3.12/site-packages/airflow/example_dags/example_branch_operator.py
[2024-05-02T22:53:41.912+0000] {processor.py:830} INFO - Processing file /home/airflow/.local/lib/python3.12/site-packages/airflow/example_dags/example_branch_operator.py for tasks to queue
[2024-05-02T22:53:41.916+0000] {logging_mixin.py:188} INFO - [2024-05-02T22:53:41.915+0000] {dagbag.py:540} INFO - Filling up the DagBag from /home/airflow/.local/lib/python3.12/site-packages/airflow/example_dags/example_branch_operator.py
[2024-05-02T22:53:41.993+0000] {processor.py:840} INFO - DAG(s) 'example_branch_operator' retrieved from /home/airflow/.local/lib/python3.12/site-packages/airflow/example_dags/example_branch_operator.py
[2024-05-02T22:53:42.090+0000] {logging_mixin.py:188} INFO - [2024-05-02T22:53:42.085+0000] {dag.py:3096} INFO - Sync 1 DAGs
[2024-05-02T22:53:42.157+0000] {logging_mixin.py:188} INFO - [2024-05-02T22:53:42.157+0000] {dag.py:3954} INFO - Setting next_dagrun for example_branch_operator to 2024-05-01 00:00:00+00:00, run_after=2024-05-02 00:00:00+00:00
[2024-05-02T22:53:42.211+0000] {processor.py:183} INFO - Processing /home/airflow/.local/lib/python3.12/site-packages/airflow/example_dags/example_branch_operator.py took 0.316 seconds
[2024-05-02T22:54:12.527+0000] {processor.py:161} INFO - Started process (PID=2488) to work on /home/airflow/.local/lib/python3.12/site-packages/airflow/example_dags/example_branch_operator.py
[2024-05-02T22:54:12.528+0000] {processor.py:830} INFO - Processing file /home/airflow/.local/lib/python3.12/site-packages/airflow/example_dags/example_branch_operator.py for tasks to queue
[2024-05-02T22:54:12.533+0000] {logging_mixin.py:188} INFO - [2024-05-02T22:54:12.532+0000] {dagbag.py:540} INFO - Filling up the DagBag from /home/airflow/.local/lib/python3.12/site-packages/airflow/example_dags/example_branch_operator.py
[2024-05-02T22:54:12.595+0000] {processor.py:840} INFO - DAG(s) 'example_branch_operator' retrieved from /home/airflow/.local/lib/python3.12/site-packages/airflow/example_dags/example_branch_operator.py
[2024-05-02T22:54:12.624+0000] {logging_mixin.py:188} INFO - [2024-05-02T22:54:12.623+0000] {dag.py:3096} INFO - Sync 1 DAGs
[2024-05-02T22:54:12.687+0000] {logging_mixin.py:188} INFO - [2024-05-02T22:54:12.687+0000] {dag.py:3954} INFO - Setting next_dagrun for example_branch_operator to 2024-05-01 00:00:00+00:00, run_after=2024-05-02 00:00:00+00:00
[2024-05-02T22:54:12.772+0000] {processor.py:183} INFO - Processing /home/airflow/.local/lib/python3.12/site-packages/airflow/example_dags/example_branch_operator.py took 0.260 seconds
[2024-05-02T22:54:43.335+0000] {processor.py:161} INFO - Started process (PID=2547) to work on /home/airflow/.local/lib/python3.12/site-packages/airflow/example_dags/example_branch_operator.py
[2024-05-02T22:54:43.337+0000] {processor.py:830} INFO - Processing file /home/airflow/.local/lib/python3.12/site-packages/airflow/example_dags/example_branch_operator.py for tasks to queue
[2024-05-02T22:54:43.340+0000] {logging_mixin.py:188} INFO - [2024-05-02T22:54:43.339+0000] {dagbag.py:540} INFO - Filling up the DagBag from /home/airflow/.local/lib/python3.12/site-packages/airflow/example_dags/example_branch_operator.py
[2024-05-02T22:54:43.382+0000] {processor.py:840} INFO - DAG(s) 'example_branch_operator' retrieved from /home/airflow/.local/lib/python3.12/site-packages/airflow/example_dags/example_branch_operator.py
[2024-05-02T22:54:43.713+0000] {logging_mixin.py:188} INFO - [2024-05-02T22:54:43.712+0000] {dag.py:3096} INFO - Sync 1 DAGs
[2024-05-02T22:54:43.778+0000] {logging_mixin.py:188} INFO - [2024-05-02T22:54:43.777+0000] {dag.py:3954} INFO - Setting next_dagrun for example_branch_operator to 2024-05-01 00:00:00+00:00, run_after=2024-05-02 00:00:00+00:00
[2024-05-02T22:54:43.838+0000] {processor.py:183} INFO - Processing /home/airflow/.local/lib/python3.12/site-packages/airflow/example_dags/example_branch_operator.py took 0.525 seconds
[2024-05-02T22:55:14.107+0000] {processor.py:161} INFO - Started process (PID=2604) to work on /home/airflow/.local/lib/python3.12/site-packages/airflow/example_dags/example_branch_operator.py
[2024-05-02T22:55:14.113+0000] {processor.py:830} INFO - Processing file /home/airflow/.local/lib/python3.12/site-packages/airflow/example_dags/example_branch_operator.py for tasks to queue
[2024-05-02T22:55:14.118+0000] {logging_mixin.py:188} INFO - [2024-05-02T22:55:14.117+0000] {dagbag.py:540} INFO - Filling up the DagBag from /home/airflow/.local/lib/python3.12/site-packages/airflow/example_dags/example_branch_operator.py
[2024-05-02T22:55:14.194+0000] {processor.py:840} INFO - DAG(s) 'example_branch_operator' retrieved from /home/airflow/.local/lib/python3.12/site-packages/airflow/example_dags/example_branch_operator.py
[2024-05-02T22:55:14.337+0000] {logging_mixin.py:188} INFO - [2024-05-02T22:55:14.336+0000] {dag.py:3096} INFO - Sync 1 DAGs
[2024-05-02T22:55:14.504+0000] {logging_mixin.py:188} INFO - [2024-05-02T22:55:14.503+0000] {dag.py:3954} INFO - Setting next_dagrun for example_branch_operator to 2024-05-01 00:00:00+00:00, run_after=2024-05-02 00:00:00+00:00
[2024-05-02T22:55:14.631+0000] {processor.py:183} INFO - Processing /home/airflow/.local/lib/python3.12/site-packages/airflow/example_dags/example_branch_operator.py took 0.534 seconds
[2024-05-02T22:55:46.207+0000] {processor.py:161} INFO - Started process (PID=2664) to work on /home/airflow/.local/lib/python3.12/site-packages/airflow/example_dags/example_branch_operator.py
[2024-05-02T22:55:46.237+0000] {processor.py:830} INFO - Processing file /home/airflow/.local/lib/python3.12/site-packages/airflow/example_dags/example_branch_operator.py for tasks to queue
[2024-05-02T22:55:46.248+0000] {logging_mixin.py:188} INFO - [2024-05-02T22:55:46.247+0000] {dagbag.py:540} INFO - Filling up the DagBag from /home/airflow/.local/lib/python3.12/site-packages/airflow/example_dags/example_branch_operator.py
[2024-05-02T22:55:46.423+0000] {processor.py:840} INFO - DAG(s) 'example_branch_operator' retrieved from /home/airflow/.local/lib/python3.12/site-packages/airflow/example_dags/example_branch_operator.py
[2024-05-02T22:55:46.669+0000] {logging_mixin.py:188} INFO - [2024-05-02T22:55:46.668+0000] {dag.py:3096} INFO - Sync 1 DAGs
[2024-05-02T22:55:46.914+0000] {logging_mixin.py:188} INFO - [2024-05-02T22:55:46.914+0000] {dag.py:3954} INFO - Setting next_dagrun for example_branch_operator to 2024-05-01 00:00:00+00:00, run_after=2024-05-02 00:00:00+00:00
[2024-05-02T22:55:47.082+0000] {processor.py:183} INFO - Processing /home/airflow/.local/lib/python3.12/site-packages/airflow/example_dags/example_branch_operator.py took 0.917 seconds
[2024-05-02T22:57:10.029+0000] {processor.py:161} INFO - Started process (PID=51) to work on /home/airflow/.local/lib/python3.12/site-packages/airflow/example_dags/example_branch_operator.py
[2024-05-02T22:57:10.031+0000] {processor.py:830} INFO - Processing file /home/airflow/.local/lib/python3.12/site-packages/airflow/example_dags/example_branch_operator.py for tasks to queue
[2024-05-02T22:57:10.035+0000] {logging_mixin.py:188} INFO - [2024-05-02T22:57:10.034+0000] {dagbag.py:540} INFO - Filling up the DagBag from /home/airflow/.local/lib/python3.12/site-packages/airflow/example_dags/example_branch_operator.py
[2024-05-02T22:57:10.069+0000] {processor.py:840} INFO - DAG(s) 'example_branch_operator' retrieved from /home/airflow/.local/lib/python3.12/site-packages/airflow/example_dags/example_branch_operator.py
[2024-05-02T22:57:10.402+0000] {logging_mixin.py:188} INFO - [2024-05-02T22:57:10.401+0000] {dag.py:3096} INFO - Sync 1 DAGs
[2024-05-02T22:57:10.439+0000] {logging_mixin.py:188} INFO - [2024-05-02T22:57:10.439+0000] {dag.py:3954} INFO - Setting next_dagrun for example_branch_operator to 2024-05-01 00:00:00+00:00, run_after=2024-05-02 00:00:00+00:00
[2024-05-02T22:57:10.472+0000] {processor.py:183} INFO - Processing /home/airflow/.local/lib/python3.12/site-packages/airflow/example_dags/example_branch_operator.py took 0.453 seconds
[2024-05-02T22:57:53.149+0000] {processor.py:161} INFO - Started process (PID=114) to work on /home/airflow/.local/lib/python3.12/site-packages/airflow/example_dags/example_branch_operator.py
[2024-05-02T22:57:53.152+0000] {processor.py:830} INFO - Processing file /home/airflow/.local/lib/python3.12/site-packages/airflow/example_dags/example_branch_operator.py for tasks to queue
[2024-05-02T22:57:53.159+0000] {logging_mixin.py:188} INFO - [2024-05-02T22:57:53.158+0000] {dagbag.py:540} INFO - Filling up the DagBag from /home/airflow/.local/lib/python3.12/site-packages/airflow/example_dags/example_branch_operator.py
[2024-05-02T22:57:53.235+0000] {processor.py:840} INFO - DAG(s) 'example_branch_operator' retrieved from /home/airflow/.local/lib/python3.12/site-packages/airflow/example_dags/example_branch_operator.py
[2024-05-02T22:57:53.353+0000] {logging_mixin.py:188} INFO - [2024-05-02T22:57:53.352+0000] {dag.py:3096} INFO - Sync 1 DAGs
[2024-05-02T22:57:53.676+0000] {logging_mixin.py:188} INFO - [2024-05-02T22:57:53.675+0000] {dag.py:3954} INFO - Setting next_dagrun for example_branch_operator to 2024-05-01 00:00:00+00:00, run_after=2024-05-02 00:00:00+00:00
[2024-05-02T22:57:53.844+0000] {processor.py:183} INFO - Processing /home/airflow/.local/lib/python3.12/site-packages/airflow/example_dags/example_branch_operator.py took 0.713 seconds
[2024-05-02T22:58:24.539+0000] {processor.py:161} INFO - Started process (PID=172) to work on /home/airflow/.local/lib/python3.12/site-packages/airflow/example_dags/example_branch_operator.py
[2024-05-02T22:58:24.553+0000] {processor.py:830} INFO - Processing file /home/airflow/.local/lib/python3.12/site-packages/airflow/example_dags/example_branch_operator.py for tasks to queue
[2024-05-02T22:58:24.664+0000] {logging_mixin.py:188} INFO - [2024-05-02T22:58:24.661+0000] {dagbag.py:540} INFO - Filling up the DagBag from /home/airflow/.local/lib/python3.12/site-packages/airflow/example_dags/example_branch_operator.py
[2024-05-02T22:58:24.857+0000] {processor.py:840} INFO - DAG(s) 'example_branch_operator' retrieved from /home/airflow/.local/lib/python3.12/site-packages/airflow/example_dags/example_branch_operator.py
[2024-05-02T22:58:25.224+0000] {logging_mixin.py:188} INFO - [2024-05-02T22:58:25.224+0000] {dag.py:3096} INFO - Sync 1 DAGs
[2024-05-02T22:58:25.502+0000] {logging_mixin.py:188} INFO - [2024-05-02T22:58:25.496+0000] {dag.py:3954} INFO - Setting next_dagrun for example_branch_operator to 2024-05-01 00:00:00+00:00, run_after=2024-05-02 00:00:00+00:00
[2024-05-02T22:58:25.723+0000] {processor.py:183} INFO - Processing /home/airflow/.local/lib/python3.12/site-packages/airflow/example_dags/example_branch_operator.py took 1.271 seconds
[2024-05-02T22:59:02.909+0000] {processor.py:161} INFO - Started process (PID=242) to work on /home/airflow/.local/lib/python3.12/site-packages/airflow/example_dags/example_branch_operator.py
[2024-05-02T22:59:02.944+0000] {processor.py:830} INFO - Processing file /home/airflow/.local/lib/python3.12/site-packages/airflow/example_dags/example_branch_operator.py for tasks to queue
[2024-05-02T22:59:02.958+0000] {logging_mixin.py:188} INFO - [2024-05-02T22:59:02.955+0000] {dagbag.py:540} INFO - Filling up the DagBag from /home/airflow/.local/lib/python3.12/site-packages/airflow/example_dags/example_branch_operator.py
[2024-05-02T22:59:03.160+0000] {processor.py:840} INFO - DAG(s) 'example_branch_operator' retrieved from /home/airflow/.local/lib/python3.12/site-packages/airflow/example_dags/example_branch_operator.py
[2024-05-02T22:59:03.459+0000] {logging_mixin.py:188} INFO - [2024-05-02T22:59:03.458+0000] {dag.py:3096} INFO - Sync 1 DAGs
[2024-05-02T22:59:03.560+0000] {logging_mixin.py:188} INFO - [2024-05-02T22:59:03.558+0000] {dag.py:3954} INFO - Setting next_dagrun for example_branch_operator to 2024-05-01 00:00:00+00:00, run_after=2024-05-02 00:00:00+00:00
[2024-05-02T22:59:03.628+0000] {processor.py:183} INFO - Processing /home/airflow/.local/lib/python3.12/site-packages/airflow/example_dags/example_branch_operator.py took 0.779 seconds
[2024-05-02T22:59:35.206+0000] {processor.py:161} INFO - Started process (PID=303) to work on /home/airflow/.local/lib/python3.12/site-packages/airflow/example_dags/example_branch_operator.py
[2024-05-02T22:59:35.216+0000] {processor.py:830} INFO - Processing file /home/airflow/.local/lib/python3.12/site-packages/airflow/example_dags/example_branch_operator.py for tasks to queue
[2024-05-02T22:59:35.231+0000] {logging_mixin.py:188} INFO - [2024-05-02T22:59:35.230+0000] {dagbag.py:540} INFO - Filling up the DagBag from /home/airflow/.local/lib/python3.12/site-packages/airflow/example_dags/example_branch_operator.py
[2024-05-02T22:59:35.328+0000] {processor.py:840} INFO - DAG(s) 'example_branch_operator' retrieved from /home/airflow/.local/lib/python3.12/site-packages/airflow/example_dags/example_branch_operator.py
[2024-05-02T22:59:35.457+0000] {logging_mixin.py:188} INFO - [2024-05-02T22:59:35.456+0000] {dag.py:3096} INFO - Sync 1 DAGs
[2024-05-02T22:59:35.565+0000] {logging_mixin.py:188} INFO - [2024-05-02T22:59:35.564+0000] {dag.py:3954} INFO - Setting next_dagrun for example_branch_operator to 2024-05-01 00:00:00+00:00, run_after=2024-05-02 00:00:00+00:00
[2024-05-02T22:59:35.690+0000] {processor.py:183} INFO - Processing /home/airflow/.local/lib/python3.12/site-packages/airflow/example_dags/example_branch_operator.py took 0.535 seconds
[2024-05-02T23:00:07.632+0000] {processor.py:161} INFO - Started process (PID=361) to work on /home/airflow/.local/lib/python3.12/site-packages/airflow/example_dags/example_branch_operator.py
[2024-05-02T23:00:07.636+0000] {processor.py:830} INFO - Processing file /home/airflow/.local/lib/python3.12/site-packages/airflow/example_dags/example_branch_operator.py for tasks to queue
[2024-05-02T23:00:07.659+0000] {logging_mixin.py:188} INFO - [2024-05-02T23:00:07.658+0000] {dagbag.py:540} INFO - Filling up the DagBag from /home/airflow/.local/lib/python3.12/site-packages/airflow/example_dags/example_branch_operator.py
[2024-05-02T23:00:07.763+0000] {processor.py:840} INFO - DAG(s) 'example_branch_operator' retrieved from /home/airflow/.local/lib/python3.12/site-packages/airflow/example_dags/example_branch_operator.py
[2024-05-02T23:00:08.006+0000] {logging_mixin.py:188} INFO - [2024-05-02T23:00:08.005+0000] {dag.py:3096} INFO - Sync 1 DAGs
[2024-05-02T23:00:08.323+0000] {logging_mixin.py:188} INFO - [2024-05-02T23:00:08.296+0000] {dag.py:3954} INFO - Setting next_dagrun for example_branch_operator to 2024-05-01 00:00:00+00:00, run_after=2024-05-02 00:00:00+00:00
[2024-05-02T23:00:08.454+0000] {processor.py:183} INFO - Processing /home/airflow/.local/lib/python3.12/site-packages/airflow/example_dags/example_branch_operator.py took 0.845 seconds
[2024-05-02T23:00:38.894+0000] {processor.py:161} INFO - Started process (PID=420) to work on /home/airflow/.local/lib/python3.12/site-packages/airflow/example_dags/example_branch_operator.py
[2024-05-02T23:00:38.895+0000] {processor.py:830} INFO - Processing file /home/airflow/.local/lib/python3.12/site-packages/airflow/example_dags/example_branch_operator.py for tasks to queue
[2024-05-02T23:00:38.898+0000] {logging_mixin.py:188} INFO - [2024-05-02T23:00:38.898+0000] {dagbag.py:540} INFO - Filling up the DagBag from /home/airflow/.local/lib/python3.12/site-packages/airflow/example_dags/example_branch_operator.py
[2024-05-02T23:00:38.943+0000] {processor.py:840} INFO - DAG(s) 'example_branch_operator' retrieved from /home/airflow/.local/lib/python3.12/site-packages/airflow/example_dags/example_branch_operator.py
[2024-05-02T23:00:39.058+0000] {logging_mixin.py:188} INFO - [2024-05-02T23:00:39.058+0000] {dag.py:3096} INFO - Sync 1 DAGs
[2024-05-02T23:00:39.148+0000] {logging_mixin.py:188} INFO - [2024-05-02T23:00:39.147+0000] {dag.py:3954} INFO - Setting next_dagrun for example_branch_operator to 2024-05-01 00:00:00+00:00, run_after=2024-05-02 00:00:00+00:00
[2024-05-02T23:00:39.209+0000] {processor.py:183} INFO - Processing /home/airflow/.local/lib/python3.12/site-packages/airflow/example_dags/example_branch_operator.py took 0.325 seconds
[2024-05-02T23:01:10.041+0000] {processor.py:161} INFO - Started process (PID=480) to work on /home/airflow/.local/lib/python3.12/site-packages/airflow/example_dags/example_branch_operator.py
[2024-05-02T23:01:10.043+0000] {processor.py:830} INFO - Processing file /home/airflow/.local/lib/python3.12/site-packages/airflow/example_dags/example_branch_operator.py for tasks to queue
[2024-05-02T23:01:10.048+0000] {logging_mixin.py:188} INFO - [2024-05-02T23:01:10.047+0000] {dagbag.py:540} INFO - Filling up the DagBag from /home/airflow/.local/lib/python3.12/site-packages/airflow/example_dags/example_branch_operator.py
[2024-05-02T23:01:10.095+0000] {processor.py:840} INFO - DAG(s) 'example_branch_operator' retrieved from /home/airflow/.local/lib/python3.12/site-packages/airflow/example_dags/example_branch_operator.py
[2024-05-02T23:01:10.176+0000] {logging_mixin.py:188} INFO - [2024-05-02T23:01:10.175+0000] {dag.py:3096} INFO - Sync 1 DAGs
[2024-05-02T23:01:10.235+0000] {logging_mixin.py:188} INFO - [2024-05-02T23:01:10.235+0000] {dag.py:3954} INFO - Setting next_dagrun for example_branch_operator to 2024-05-01 00:00:00+00:00, run_after=2024-05-02 00:00:00+00:00
[2024-05-02T23:01:10.284+0000] {processor.py:183} INFO - Processing /home/airflow/.local/lib/python3.12/site-packages/airflow/example_dags/example_branch_operator.py took 0.254 seconds
[2024-05-02T23:01:40.494+0000] {processor.py:161} INFO - Started process (PID=539) to work on /home/airflow/.local/lib/python3.12/site-packages/airflow/example_dags/example_branch_operator.py
[2024-05-02T23:01:40.496+0000] {processor.py:830} INFO - Processing file /home/airflow/.local/lib/python3.12/site-packages/airflow/example_dags/example_branch_operator.py for tasks to queue
[2024-05-02T23:01:40.500+0000] {logging_mixin.py:188} INFO - [2024-05-02T23:01:40.499+0000] {dagbag.py:540} INFO - Filling up the DagBag from /home/airflow/.local/lib/python3.12/site-packages/airflow/example_dags/example_branch_operator.py
[2024-05-02T23:01:40.538+0000] {processor.py:840} INFO - DAG(s) 'example_branch_operator' retrieved from /home/airflow/.local/lib/python3.12/site-packages/airflow/example_dags/example_branch_operator.py
[2024-05-02T23:01:40.600+0000] {logging_mixin.py:188} INFO - [2024-05-02T23:01:40.599+0000] {dag.py:3096} INFO - Sync 1 DAGs
[2024-05-02T23:01:40.677+0000] {logging_mixin.py:188} INFO - [2024-05-02T23:01:40.676+0000] {dag.py:3954} INFO - Setting next_dagrun for example_branch_operator to 2024-05-01 00:00:00+00:00, run_after=2024-05-02 00:00:00+00:00
[2024-05-02T23:01:40.736+0000] {processor.py:183} INFO - Processing /home/airflow/.local/lib/python3.12/site-packages/airflow/example_dags/example_branch_operator.py took 0.251 seconds
[2024-05-02T23:02:10.873+0000] {processor.py:161} INFO - Started process (PID=599) to work on /home/airflow/.local/lib/python3.12/site-packages/airflow/example_dags/example_branch_operator.py
[2024-05-02T23:02:10.893+0000] {processor.py:830} INFO - Processing file /home/airflow/.local/lib/python3.12/site-packages/airflow/example_dags/example_branch_operator.py for tasks to queue
[2024-05-02T23:02:10.904+0000] {logging_mixin.py:188} INFO - [2024-05-02T23:02:10.903+0000] {dagbag.py:540} INFO - Filling up the DagBag from /home/airflow/.local/lib/python3.12/site-packages/airflow/example_dags/example_branch_operator.py
[2024-05-02T23:02:10.987+0000] {processor.py:840} INFO - DAG(s) 'example_branch_operator' retrieved from /home/airflow/.local/lib/python3.12/site-packages/airflow/example_dags/example_branch_operator.py
[2024-05-02T23:02:11.186+0000] {logging_mixin.py:188} INFO - [2024-05-02T23:02:11.185+0000] {dag.py:3096} INFO - Sync 1 DAGs
[2024-05-02T23:02:11.350+0000] {logging_mixin.py:188} INFO - [2024-05-02T23:02:11.349+0000] {dag.py:3954} INFO - Setting next_dagrun for example_branch_operator to 2024-05-01 00:00:00+00:00, run_after=2024-05-02 00:00:00+00:00
[2024-05-02T23:02:11.454+0000] {processor.py:183} INFO - Processing /home/airflow/.local/lib/python3.12/site-packages/airflow/example_dags/example_branch_operator.py took 0.603 seconds
[2024-05-02T23:02:41.750+0000] {processor.py:161} INFO - Started process (PID=657) to work on /home/airflow/.local/lib/python3.12/site-packages/airflow/example_dags/example_branch_operator.py
[2024-05-02T23:02:41.752+0000] {processor.py:830} INFO - Processing file /home/airflow/.local/lib/python3.12/site-packages/airflow/example_dags/example_branch_operator.py for tasks to queue
[2024-05-02T23:02:41.757+0000] {logging_mixin.py:188} INFO - [2024-05-02T23:02:41.757+0000] {dagbag.py:540} INFO - Filling up the DagBag from /home/airflow/.local/lib/python3.12/site-packages/airflow/example_dags/example_branch_operator.py
[2024-05-02T23:02:41.805+0000] {processor.py:840} INFO - DAG(s) 'example_branch_operator' retrieved from /home/airflow/.local/lib/python3.12/site-packages/airflow/example_dags/example_branch_operator.py
[2024-05-02T23:02:41.928+0000] {logging_mixin.py:188} INFO - [2024-05-02T23:02:41.925+0000] {dag.py:3096} INFO - Sync 1 DAGs
[2024-05-02T23:02:42.045+0000] {logging_mixin.py:188} INFO - [2024-05-02T23:02:42.045+0000] {dag.py:3954} INFO - Setting next_dagrun for example_branch_operator to 2024-05-01 00:00:00+00:00, run_after=2024-05-02 00:00:00+00:00
[2024-05-02T23:02:42.113+0000] {processor.py:183} INFO - Processing /home/airflow/.local/lib/python3.12/site-packages/airflow/example_dags/example_branch_operator.py took 0.377 seconds
[2024-05-02T23:03:12.417+0000] {processor.py:161} INFO - Started process (PID=716) to work on /home/airflow/.local/lib/python3.12/site-packages/airflow/example_dags/example_branch_operator.py
[2024-05-02T23:03:12.438+0000] {processor.py:830} INFO - Processing file /home/airflow/.local/lib/python3.12/site-packages/airflow/example_dags/example_branch_operator.py for tasks to queue
[2024-05-02T23:03:12.457+0000] {logging_mixin.py:188} INFO - [2024-05-02T23:03:12.456+0000] {dagbag.py:540} INFO - Filling up the DagBag from /home/airflow/.local/lib/python3.12/site-packages/airflow/example_dags/example_branch_operator.py
[2024-05-02T23:03:12.621+0000] {processor.py:840} INFO - DAG(s) 'example_branch_operator' retrieved from /home/airflow/.local/lib/python3.12/site-packages/airflow/example_dags/example_branch_operator.py
[2024-05-02T23:03:12.779+0000] {logging_mixin.py:188} INFO - [2024-05-02T23:03:12.779+0000] {dag.py:3096} INFO - Sync 1 DAGs
[2024-05-02T23:03:12.857+0000] {logging_mixin.py:188} INFO - [2024-05-02T23:03:12.857+0000] {dag.py:3954} INFO - Setting next_dagrun for example_branch_operator to 2024-05-01 00:00:00+00:00, run_after=2024-05-02 00:00:00+00:00
[2024-05-02T23:03:12.912+0000] {processor.py:183} INFO - Processing /home/airflow/.local/lib/python3.12/site-packages/airflow/example_dags/example_branch_operator.py took 0.533 seconds
[2024-05-02T23:03:43.654+0000] {processor.py:161} INFO - Started process (PID=775) to work on /home/airflow/.local/lib/python3.12/site-packages/airflow/example_dags/example_branch_operator.py
[2024-05-02T23:03:43.656+0000] {processor.py:830} INFO - Processing file /home/airflow/.local/lib/python3.12/site-packages/airflow/example_dags/example_branch_operator.py for tasks to queue
[2024-05-02T23:03:43.659+0000] {logging_mixin.py:188} INFO - [2024-05-02T23:03:43.659+0000] {dagbag.py:540} INFO - Filling up the DagBag from /home/airflow/.local/lib/python3.12/site-packages/airflow/example_dags/example_branch_operator.py
[2024-05-02T23:03:43.706+0000] {processor.py:840} INFO - DAG(s) 'example_branch_operator' retrieved from /home/airflow/.local/lib/python3.12/site-packages/airflow/example_dags/example_branch_operator.py
[2024-05-02T23:03:43.771+0000] {logging_mixin.py:188} INFO - [2024-05-02T23:03:43.771+0000] {dag.py:3096} INFO - Sync 1 DAGs
[2024-05-02T23:03:44.239+0000] {logging_mixin.py:188} INFO - [2024-05-02T23:03:44.238+0000] {dag.py:3954} INFO - Setting next_dagrun for example_branch_operator to 2024-05-01 00:00:00+00:00, run_after=2024-05-02 00:00:00+00:00
[2024-05-02T23:03:44.331+0000] {processor.py:183} INFO - Processing /home/airflow/.local/lib/python3.12/site-packages/airflow/example_dags/example_branch_operator.py took 0.688 seconds
[2024-05-02T23:04:14.516+0000] {processor.py:161} INFO - Started process (PID=835) to work on /home/airflow/.local/lib/python3.12/site-packages/airflow/example_dags/example_branch_operator.py
[2024-05-02T23:04:14.519+0000] {processor.py:830} INFO - Processing file /home/airflow/.local/lib/python3.12/site-packages/airflow/example_dags/example_branch_operator.py for tasks to queue
[2024-05-02T23:04:14.522+0000] {logging_mixin.py:188} INFO - [2024-05-02T23:04:14.522+0000] {dagbag.py:540} INFO - Filling up the DagBag from /home/airflow/.local/lib/python3.12/site-packages/airflow/example_dags/example_branch_operator.py
[2024-05-02T23:04:14.561+0000] {processor.py:840} INFO - DAG(s) 'example_branch_operator' retrieved from /home/airflow/.local/lib/python3.12/site-packages/airflow/example_dags/example_branch_operator.py
[2024-05-02T23:04:14.628+0000] {logging_mixin.py:188} INFO - [2024-05-02T23:04:14.627+0000] {dag.py:3096} INFO - Sync 1 DAGs
[2024-05-02T23:04:14.674+0000] {logging_mixin.py:188} INFO - [2024-05-02T23:04:14.674+0000] {dag.py:3954} INFO - Setting next_dagrun for example_branch_operator to 2024-05-01 00:00:00+00:00, run_after=2024-05-02 00:00:00+00:00
[2024-05-02T23:04:14.963+0000] {processor.py:183} INFO - Processing /home/airflow/.local/lib/python3.12/site-packages/airflow/example_dags/example_branch_operator.py took 0.458 seconds
[2024-05-02T23:04:45.660+0000] {processor.py:161} INFO - Started process (PID=893) to work on /home/airflow/.local/lib/python3.12/site-packages/airflow/example_dags/example_branch_operator.py
[2024-05-02T23:04:45.665+0000] {processor.py:830} INFO - Processing file /home/airflow/.local/lib/python3.12/site-packages/airflow/example_dags/example_branch_operator.py for tasks to queue
[2024-05-02T23:04:45.670+0000] {logging_mixin.py:188} INFO - [2024-05-02T23:04:45.669+0000] {dagbag.py:540} INFO - Filling up the DagBag from /home/airflow/.local/lib/python3.12/site-packages/airflow/example_dags/example_branch_operator.py
[2024-05-02T23:04:45.800+0000] {processor.py:840} INFO - DAG(s) 'example_branch_operator' retrieved from /home/airflow/.local/lib/python3.12/site-packages/airflow/example_dags/example_branch_operator.py
[2024-05-02T23:04:46.042+0000] {logging_mixin.py:188} INFO - [2024-05-02T23:04:46.042+0000] {dag.py:3096} INFO - Sync 1 DAGs
[2024-05-02T23:04:46.250+0000] {logging_mixin.py:188} INFO - [2024-05-02T23:04:46.249+0000] {dag.py:3954} INFO - Setting next_dagrun for example_branch_operator to 2024-05-01 00:00:00+00:00, run_after=2024-05-02 00:00:00+00:00
[2024-05-02T23:04:46.453+0000] {processor.py:183} INFO - Processing /home/airflow/.local/lib/python3.12/site-packages/airflow/example_dags/example_branch_operator.py took 0.828 seconds
[2024-05-02T23:05:17.168+0000] {processor.py:161} INFO - Started process (PID=952) to work on /home/airflow/.local/lib/python3.12/site-packages/airflow/example_dags/example_branch_operator.py
[2024-05-02T23:05:17.169+0000] {processor.py:830} INFO - Processing file /home/airflow/.local/lib/python3.12/site-packages/airflow/example_dags/example_branch_operator.py for tasks to queue
[2024-05-02T23:05:17.174+0000] {logging_mixin.py:188} INFO - [2024-05-02T23:05:17.173+0000] {dagbag.py:540} INFO - Filling up the DagBag from /home/airflow/.local/lib/python3.12/site-packages/airflow/example_dags/example_branch_operator.py
[2024-05-02T23:05:17.217+0000] {processor.py:840} INFO - DAG(s) 'example_branch_operator' retrieved from /home/airflow/.local/lib/python3.12/site-packages/airflow/example_dags/example_branch_operator.py
[2024-05-02T23:05:17.295+0000] {logging_mixin.py:188} INFO - [2024-05-02T23:05:17.294+0000] {dag.py:3096} INFO - Sync 1 DAGs
[2024-05-02T23:05:17.372+0000] {logging_mixin.py:188} INFO - [2024-05-02T23:05:17.371+0000] {dag.py:3954} INFO - Setting next_dagrun for example_branch_operator to 2024-05-01 00:00:00+00:00, run_after=2024-05-02 00:00:00+00:00
[2024-05-02T23:05:17.423+0000] {processor.py:183} INFO - Processing /home/airflow/.local/lib/python3.12/site-packages/airflow/example_dags/example_branch_operator.py took 0.272 seconds
[2024-05-02T23:05:47.507+0000] {processor.py:161} INFO - Started process (PID=1010) to work on /home/airflow/.local/lib/python3.12/site-packages/airflow/example_dags/example_branch_operator.py
[2024-05-02T23:05:47.509+0000] {processor.py:830} INFO - Processing file /home/airflow/.local/lib/python3.12/site-packages/airflow/example_dags/example_branch_operator.py for tasks to queue
[2024-05-02T23:05:47.513+0000] {logging_mixin.py:188} INFO - [2024-05-02T23:05:47.512+0000] {dagbag.py:540} INFO - Filling up the DagBag from /home/airflow/.local/lib/python3.12/site-packages/airflow/example_dags/example_branch_operator.py
[2024-05-02T23:05:47.556+0000] {processor.py:840} INFO - DAG(s) 'example_branch_operator' retrieved from /home/airflow/.local/lib/python3.12/site-packages/airflow/example_dags/example_branch_operator.py
[2024-05-02T23:05:47.984+0000] {logging_mixin.py:188} INFO - [2024-05-02T23:05:47.984+0000] {dag.py:3096} INFO - Sync 1 DAGs
[2024-05-02T23:05:48.088+0000] {logging_mixin.py:188} INFO - [2024-05-02T23:05:48.087+0000] {dag.py:3954} INFO - Setting next_dagrun for example_branch_operator to 2024-05-01 00:00:00+00:00, run_after=2024-05-02 00:00:00+00:00
[2024-05-02T23:05:48.154+0000] {processor.py:183} INFO - Processing /home/airflow/.local/lib/python3.12/site-packages/airflow/example_dags/example_branch_operator.py took 0.660 seconds
[2024-05-02T23:06:18.770+0000] {processor.py:161} INFO - Started process (PID=1069) to work on /home/airflow/.local/lib/python3.12/site-packages/airflow/example_dags/example_branch_operator.py
[2024-05-02T23:06:18.773+0000] {processor.py:830} INFO - Processing file /home/airflow/.local/lib/python3.12/site-packages/airflow/example_dags/example_branch_operator.py for tasks to queue
[2024-05-02T23:06:18.779+0000] {logging_mixin.py:188} INFO - [2024-05-02T23:06:18.778+0000] {dagbag.py:540} INFO - Filling up the DagBag from /home/airflow/.local/lib/python3.12/site-packages/airflow/example_dags/example_branch_operator.py
[2024-05-02T23:06:18.826+0000] {processor.py:840} INFO - DAG(s) 'example_branch_operator' retrieved from /home/airflow/.local/lib/python3.12/site-packages/airflow/example_dags/example_branch_operator.py
[2024-05-02T23:06:18.901+0000] {logging_mixin.py:188} INFO - [2024-05-02T23:06:18.900+0000] {dag.py:3096} INFO - Sync 1 DAGs
[2024-05-02T23:06:18.970+0000] {logging_mixin.py:188} INFO - [2024-05-02T23:06:18.969+0000] {dag.py:3954} INFO - Setting next_dagrun for example_branch_operator to 2024-05-01 00:00:00+00:00, run_after=2024-05-02 00:00:00+00:00
[2024-05-02T23:06:19.040+0000] {processor.py:183} INFO - Processing /home/airflow/.local/lib/python3.12/site-packages/airflow/example_dags/example_branch_operator.py took 0.289 seconds
[2024-05-02T23:06:49.360+0000] {processor.py:161} INFO - Started process (PID=1128) to work on /home/airflow/.local/lib/python3.12/site-packages/airflow/example_dags/example_branch_operator.py
[2024-05-02T23:06:49.367+0000] {processor.py:830} INFO - Processing file /home/airflow/.local/lib/python3.12/site-packages/airflow/example_dags/example_branch_operator.py for tasks to queue
[2024-05-02T23:06:49.377+0000] {logging_mixin.py:188} INFO - [2024-05-02T23:06:49.376+0000] {dagbag.py:540} INFO - Filling up the DagBag from /home/airflow/.local/lib/python3.12/site-packages/airflow/example_dags/example_branch_operator.py
[2024-05-02T23:06:49.480+0000] {processor.py:840} INFO - DAG(s) 'example_branch_operator' retrieved from /home/airflow/.local/lib/python3.12/site-packages/airflow/example_dags/example_branch_operator.py
[2024-05-02T23:06:49.585+0000] {logging_mixin.py:188} INFO - [2024-05-02T23:06:49.584+0000] {dag.py:3096} INFO - Sync 1 DAGs
[2024-05-02T23:06:49.690+0000] {logging_mixin.py:188} INFO - [2024-05-02T23:06:49.690+0000] {dag.py:3954} INFO - Setting next_dagrun for example_branch_operator to 2024-05-01 00:00:00+00:00, run_after=2024-05-02 00:00:00+00:00
[2024-05-02T23:06:49.747+0000] {processor.py:183} INFO - Processing /home/airflow/.local/lib/python3.12/site-packages/airflow/example_dags/example_branch_operator.py took 0.409 seconds
