[2024-05-02T22:21:00.651+0000] {processor.py:161} INFO - Started process (PID=84) to work on /home/airflow/.local/lib/python3.12/site-packages/airflow/example_dags/example_task_group.py
[2024-05-02T22:21:00.655+0000] {processor.py:830} INFO - Processing file /home/airflow/.local/lib/python3.12/site-packages/airflow/example_dags/example_task_group.py for tasks to queue
[2024-05-02T22:21:00.661+0000] {logging_mixin.py:188} INFO - [2024-05-02T22:21:00.660+0000] {dagbag.py:540} INFO - Filling up the DagBag from /home/airflow/.local/lib/python3.12/site-packages/airflow/example_dags/example_task_group.py
[2024-05-02T22:21:00.704+0000] {processor.py:840} INFO - DAG(s) 'example_task_group' retrieved from /home/airflow/.local/lib/python3.12/site-packages/airflow/example_dags/example_task_group.py
[2024-05-02T22:21:01.179+0000] {logging_mixin.py:188} INFO - [2024-05-02T22:21:01.178+0000] {dag.py:3096} INFO - Sync 1 DAGs
[2024-05-02T22:21:01.231+0000] {logging_mixin.py:188} INFO - [2024-05-02T22:21:01.230+0000] {dag.py:3954} INFO - Setting next_dagrun for example_task_group to 2024-05-01 00:00:00+00:00, run_after=2024-05-02 00:00:00+00:00
[2024-05-02T22:21:01.297+0000] {processor.py:183} INFO - Processing /home/airflow/.local/lib/python3.12/site-packages/airflow/example_dags/example_task_group.py took 0.655 seconds
[2024-05-02T22:21:51.299+0000] {processor.py:161} INFO - Started process (PID=152) to work on /home/airflow/.local/lib/python3.12/site-packages/airflow/example_dags/example_task_group.py
[2024-05-02T22:21:51.305+0000] {processor.py:830} INFO - Processing file /home/airflow/.local/lib/python3.12/site-packages/airflow/example_dags/example_task_group.py for tasks to queue
[2024-05-02T22:21:51.309+0000] {logging_mixin.py:188} INFO - [2024-05-02T22:21:51.308+0000] {dagbag.py:540} INFO - Filling up the DagBag from /home/airflow/.local/lib/python3.12/site-packages/airflow/example_dags/example_task_group.py
[2024-05-02T22:21:51.372+0000] {processor.py:840} INFO - DAG(s) 'example_task_group' retrieved from /home/airflow/.local/lib/python3.12/site-packages/airflow/example_dags/example_task_group.py
[2024-05-02T22:21:51.599+0000] {logging_mixin.py:188} INFO - [2024-05-02T22:21:51.599+0000] {dag.py:3096} INFO - Sync 1 DAGs
[2024-05-02T22:21:51.872+0000] {logging_mixin.py:188} INFO - [2024-05-02T22:21:51.871+0000] {dag.py:3954} INFO - Setting next_dagrun for example_task_group to 2024-05-01 00:00:00+00:00, run_after=2024-05-02 00:00:00+00:00
[2024-05-02T22:21:52.067+0000] {processor.py:183} INFO - Processing /home/airflow/.local/lib/python3.12/site-packages/airflow/example_dags/example_task_group.py took 0.791 seconds
[2024-05-02T22:23:08.022+0000] {processor.py:161} INFO - Started process (PID=223) to work on /home/airflow/.local/lib/python3.12/site-packages/airflow/example_dags/example_task_group.py
[2024-05-02T22:23:08.039+0000] {processor.py:830} INFO - Processing file /home/airflow/.local/lib/python3.12/site-packages/airflow/example_dags/example_task_group.py for tasks to queue
[2024-05-02T22:23:08.085+0000] {logging_mixin.py:188} INFO - [2024-05-02T22:23:08.080+0000] {dagbag.py:540} INFO - Filling up the DagBag from /home/airflow/.local/lib/python3.12/site-packages/airflow/example_dags/example_task_group.py
[2024-05-02T22:23:08.191+0000] {processor.py:840} INFO - DAG(s) 'example_task_group' retrieved from /home/airflow/.local/lib/python3.12/site-packages/airflow/example_dags/example_task_group.py
[2024-05-02T22:23:08.526+0000] {logging_mixin.py:188} INFO - [2024-05-02T22:23:08.525+0000] {dag.py:3096} INFO - Sync 1 DAGs
[2024-05-02T22:23:08.923+0000] {logging_mixin.py:188} INFO - [2024-05-02T22:23:08.895+0000] {dag.py:3954} INFO - Setting next_dagrun for example_task_group to 2024-05-01 00:00:00+00:00, run_after=2024-05-02 00:00:00+00:00
[2024-05-02T22:23:09.331+0000] {processor.py:183} INFO - Processing /home/airflow/.local/lib/python3.12/site-packages/airflow/example_dags/example_task_group.py took 1.361 seconds
[2024-05-02T22:32:45.984+0000] {processor.py:161} INFO - Started process (PID=84) to work on /home/airflow/.local/lib/python3.12/site-packages/airflow/example_dags/example_task_group.py
[2024-05-02T22:32:45.985+0000] {processor.py:830} INFO - Processing file /home/airflow/.local/lib/python3.12/site-packages/airflow/example_dags/example_task_group.py for tasks to queue
[2024-05-02T22:32:45.989+0000] {logging_mixin.py:188} INFO - [2024-05-02T22:32:45.988+0000] {dagbag.py:540} INFO - Filling up the DagBag from /home/airflow/.local/lib/python3.12/site-packages/airflow/example_dags/example_task_group.py
[2024-05-02T22:32:46.008+0000] {processor.py:840} INFO - DAG(s) 'example_task_group' retrieved from /home/airflow/.local/lib/python3.12/site-packages/airflow/example_dags/example_task_group.py
[2024-05-02T22:32:46.351+0000] {logging_mixin.py:188} INFO - [2024-05-02T22:32:46.350+0000] {dag.py:3096} INFO - Sync 1 DAGs
[2024-05-02T22:32:46.398+0000] {logging_mixin.py:188} INFO - [2024-05-02T22:32:46.397+0000] {dag.py:3954} INFO - Setting next_dagrun for example_task_group to 2024-05-01 00:00:00+00:00, run_after=2024-05-02 00:00:00+00:00
[2024-05-02T22:32:46.454+0000] {processor.py:183} INFO - Processing /home/airflow/.local/lib/python3.12/site-packages/airflow/example_dags/example_task_group.py took 0.487 seconds
[2024-05-02T22:33:18.496+0000] {processor.py:161} INFO - Started process (PID=143) to work on /home/airflow/.local/lib/python3.12/site-packages/airflow/example_dags/example_task_group.py
[2024-05-02T22:33:18.498+0000] {processor.py:830} INFO - Processing file /home/airflow/.local/lib/python3.12/site-packages/airflow/example_dags/example_task_group.py for tasks to queue
[2024-05-02T22:33:18.502+0000] {logging_mixin.py:188} INFO - [2024-05-02T22:33:18.501+0000] {dagbag.py:540} INFO - Filling up the DagBag from /home/airflow/.local/lib/python3.12/site-packages/airflow/example_dags/example_task_group.py
[2024-05-02T22:33:18.539+0000] {processor.py:840} INFO - DAG(s) 'example_task_group' retrieved from /home/airflow/.local/lib/python3.12/site-packages/airflow/example_dags/example_task_group.py
[2024-05-02T22:33:18.613+0000] {logging_mixin.py:188} INFO - [2024-05-02T22:33:18.612+0000] {dag.py:3096} INFO - Sync 1 DAGs
[2024-05-02T22:33:18.675+0000] {logging_mixin.py:188} INFO - [2024-05-02T22:33:18.675+0000] {dag.py:3954} INFO - Setting next_dagrun for example_task_group to 2024-05-01 00:00:00+00:00, run_after=2024-05-02 00:00:00+00:00
[2024-05-02T22:33:18.716+0000] {processor.py:183} INFO - Processing /home/airflow/.local/lib/python3.12/site-packages/airflow/example_dags/example_task_group.py took 0.257 seconds
[2024-05-02T22:33:53.410+0000] {processor.py:161} INFO - Started process (PID=202) to work on /home/airflow/.local/lib/python3.12/site-packages/airflow/example_dags/example_task_group.py
[2024-05-02T22:33:53.417+0000] {processor.py:830} INFO - Processing file /home/airflow/.local/lib/python3.12/site-packages/airflow/example_dags/example_task_group.py for tasks to queue
[2024-05-02T22:33:53.427+0000] {logging_mixin.py:188} INFO - [2024-05-02T22:33:53.424+0000] {dagbag.py:540} INFO - Filling up the DagBag from /home/airflow/.local/lib/python3.12/site-packages/airflow/example_dags/example_task_group.py
[2024-05-02T22:33:53.453+0000] {processor.py:840} INFO - DAG(s) 'example_task_group' retrieved from /home/airflow/.local/lib/python3.12/site-packages/airflow/example_dags/example_task_group.py
[2024-05-02T22:33:53.601+0000] {logging_mixin.py:188} INFO - [2024-05-02T22:33:53.597+0000] {dag.py:3096} INFO - Sync 1 DAGs
[2024-05-02T22:33:53.702+0000] {logging_mixin.py:188} INFO - [2024-05-02T22:33:53.702+0000] {dag.py:3954} INFO - Setting next_dagrun for example_task_group to 2024-05-01 00:00:00+00:00, run_after=2024-05-02 00:00:00+00:00
[2024-05-02T22:33:53.850+0000] {processor.py:183} INFO - Processing /home/airflow/.local/lib/python3.12/site-packages/airflow/example_dags/example_task_group.py took 0.462 seconds
[2024-05-02T22:34:24.102+0000] {processor.py:161} INFO - Started process (PID=261) to work on /home/airflow/.local/lib/python3.12/site-packages/airflow/example_dags/example_task_group.py
[2024-05-02T22:34:24.105+0000] {processor.py:830} INFO - Processing file /home/airflow/.local/lib/python3.12/site-packages/airflow/example_dags/example_task_group.py for tasks to queue
[2024-05-02T22:34:24.109+0000] {logging_mixin.py:188} INFO - [2024-05-02T22:34:24.108+0000] {dagbag.py:540} INFO - Filling up the DagBag from /home/airflow/.local/lib/python3.12/site-packages/airflow/example_dags/example_task_group.py
[2024-05-02T22:34:24.132+0000] {processor.py:840} INFO - DAG(s) 'example_task_group' retrieved from /home/airflow/.local/lib/python3.12/site-packages/airflow/example_dags/example_task_group.py
[2024-05-02T22:34:24.265+0000] {logging_mixin.py:188} INFO - [2024-05-02T22:34:24.262+0000] {dag.py:3096} INFO - Sync 1 DAGs
[2024-05-02T22:34:24.382+0000] {logging_mixin.py:188} INFO - [2024-05-02T22:34:24.379+0000] {dag.py:3954} INFO - Setting next_dagrun for example_task_group to 2024-05-01 00:00:00+00:00, run_after=2024-05-02 00:00:00+00:00
[2024-05-02T22:34:24.469+0000] {processor.py:183} INFO - Processing /home/airflow/.local/lib/python3.12/site-packages/airflow/example_dags/example_task_group.py took 0.378 seconds
[2024-05-02T22:34:55.688+0000] {processor.py:161} INFO - Started process (PID=321) to work on /home/airflow/.local/lib/python3.12/site-packages/airflow/example_dags/example_task_group.py
[2024-05-02T22:34:55.690+0000] {processor.py:830} INFO - Processing file /home/airflow/.local/lib/python3.12/site-packages/airflow/example_dags/example_task_group.py for tasks to queue
[2024-05-02T22:34:55.699+0000] {logging_mixin.py:188} INFO - [2024-05-02T22:34:55.698+0000] {dagbag.py:540} INFO - Filling up the DagBag from /home/airflow/.local/lib/python3.12/site-packages/airflow/example_dags/example_task_group.py
[2024-05-02T22:34:55.747+0000] {processor.py:840} INFO - DAG(s) 'example_task_group' retrieved from /home/airflow/.local/lib/python3.12/site-packages/airflow/example_dags/example_task_group.py
[2024-05-02T22:34:55.823+0000] {logging_mixin.py:188} INFO - [2024-05-02T22:34:55.823+0000] {dag.py:3096} INFO - Sync 1 DAGs
[2024-05-02T22:34:55.965+0000] {logging_mixin.py:188} INFO - [2024-05-02T22:34:55.964+0000] {dag.py:3954} INFO - Setting next_dagrun for example_task_group to 2024-05-01 00:00:00+00:00, run_after=2024-05-02 00:00:00+00:00
[2024-05-02T22:34:56.078+0000] {processor.py:183} INFO - Processing /home/airflow/.local/lib/python3.12/site-packages/airflow/example_dags/example_task_group.py took 0.415 seconds
[2024-05-02T22:35:26.701+0000] {processor.py:161} INFO - Started process (PID=379) to work on /home/airflow/.local/lib/python3.12/site-packages/airflow/example_dags/example_task_group.py
[2024-05-02T22:35:26.702+0000] {processor.py:830} INFO - Processing file /home/airflow/.local/lib/python3.12/site-packages/airflow/example_dags/example_task_group.py for tasks to queue
[2024-05-02T22:35:26.705+0000] {logging_mixin.py:188} INFO - [2024-05-02T22:35:26.705+0000] {dagbag.py:540} INFO - Filling up the DagBag from /home/airflow/.local/lib/python3.12/site-packages/airflow/example_dags/example_task_group.py
[2024-05-02T22:35:26.718+0000] {processor.py:840} INFO - DAG(s) 'example_task_group' retrieved from /home/airflow/.local/lib/python3.12/site-packages/airflow/example_dags/example_task_group.py
[2024-05-02T22:35:27.004+0000] {logging_mixin.py:188} INFO - [2024-05-02T22:35:27.003+0000] {dag.py:3096} INFO - Sync 1 DAGs
[2024-05-02T22:35:27.069+0000] {logging_mixin.py:188} INFO - [2024-05-02T22:35:27.069+0000] {dag.py:3954} INFO - Setting next_dagrun for example_task_group to 2024-05-01 00:00:00+00:00, run_after=2024-05-02 00:00:00+00:00
[2024-05-02T22:35:27.122+0000] {processor.py:183} INFO - Processing /home/airflow/.local/lib/python3.12/site-packages/airflow/example_dags/example_task_group.py took 0.434 seconds
[2024-05-02T22:35:57.358+0000] {processor.py:161} INFO - Started process (PID=437) to work on /home/airflow/.local/lib/python3.12/site-packages/airflow/example_dags/example_task_group.py
[2024-05-02T22:35:57.364+0000] {processor.py:830} INFO - Processing file /home/airflow/.local/lib/python3.12/site-packages/airflow/example_dags/example_task_group.py for tasks to queue
[2024-05-02T22:35:57.369+0000] {logging_mixin.py:188} INFO - [2024-05-02T22:35:57.368+0000] {dagbag.py:540} INFO - Filling up the DagBag from /home/airflow/.local/lib/python3.12/site-packages/airflow/example_dags/example_task_group.py
[2024-05-02T22:35:57.393+0000] {processor.py:840} INFO - DAG(s) 'example_task_group' retrieved from /home/airflow/.local/lib/python3.12/site-packages/airflow/example_dags/example_task_group.py
[2024-05-02T22:35:57.474+0000] {logging_mixin.py:188} INFO - [2024-05-02T22:35:57.462+0000] {dag.py:3096} INFO - Sync 1 DAGs
[2024-05-02T22:35:57.640+0000] {logging_mixin.py:188} INFO - [2024-05-02T22:35:57.639+0000] {dag.py:3954} INFO - Setting next_dagrun for example_task_group to 2024-05-01 00:00:00+00:00, run_after=2024-05-02 00:00:00+00:00
[2024-05-02T22:35:57.762+0000] {processor.py:183} INFO - Processing /home/airflow/.local/lib/python3.12/site-packages/airflow/example_dags/example_task_group.py took 0.422 seconds
[2024-05-02T22:36:31.443+0000] {processor.py:161} INFO - Started process (PID=501) to work on /home/airflow/.local/lib/python3.12/site-packages/airflow/example_dags/example_task_group.py
[2024-05-02T22:36:31.467+0000] {processor.py:830} INFO - Processing file /home/airflow/.local/lib/python3.12/site-packages/airflow/example_dags/example_task_group.py for tasks to queue
[2024-05-02T22:36:31.486+0000] {logging_mixin.py:188} INFO - [2024-05-02T22:36:31.485+0000] {dagbag.py:540} INFO - Filling up the DagBag from /home/airflow/.local/lib/python3.12/site-packages/airflow/example_dags/example_task_group.py
[2024-05-02T22:36:31.530+0000] {processor.py:840} INFO - DAG(s) 'example_task_group' retrieved from /home/airflow/.local/lib/python3.12/site-packages/airflow/example_dags/example_task_group.py
[2024-05-02T22:36:31.644+0000] {logging_mixin.py:188} INFO - [2024-05-02T22:36:31.639+0000] {dag.py:3096} INFO - Sync 1 DAGs
[2024-05-02T22:36:31.773+0000] {logging_mixin.py:188} INFO - [2024-05-02T22:36:31.773+0000] {dag.py:3954} INFO - Setting next_dagrun for example_task_group to 2024-05-01 00:00:00+00:00, run_after=2024-05-02 00:00:00+00:00
[2024-05-02T22:36:31.862+0000] {processor.py:183} INFO - Processing /home/airflow/.local/lib/python3.12/site-packages/airflow/example_dags/example_task_group.py took 0.484 seconds
[2024-05-02T22:37:09.372+0000] {processor.py:161} INFO - Started process (PID=562) to work on /home/airflow/.local/lib/python3.12/site-packages/airflow/example_dags/example_task_group.py
[2024-05-02T22:37:09.375+0000] {processor.py:830} INFO - Processing file /home/airflow/.local/lib/python3.12/site-packages/airflow/example_dags/example_task_group.py for tasks to queue
[2024-05-02T22:37:09.383+0000] {logging_mixin.py:188} INFO - [2024-05-02T22:37:09.382+0000] {dagbag.py:540} INFO - Filling up the DagBag from /home/airflow/.local/lib/python3.12/site-packages/airflow/example_dags/example_task_group.py
[2024-05-02T22:37:09.422+0000] {processor.py:840} INFO - DAG(s) 'example_task_group' retrieved from /home/airflow/.local/lib/python3.12/site-packages/airflow/example_dags/example_task_group.py
[2024-05-02T22:37:09.508+0000] {logging_mixin.py:188} INFO - [2024-05-02T22:37:09.508+0000] {dag.py:3096} INFO - Sync 1 DAGs
[2024-05-02T22:37:09.575+0000] {logging_mixin.py:188} INFO - [2024-05-02T22:37:09.574+0000] {dag.py:3954} INFO - Setting next_dagrun for example_task_group to 2024-05-01 00:00:00+00:00, run_after=2024-05-02 00:00:00+00:00
[2024-05-02T22:37:09.642+0000] {processor.py:183} INFO - Processing /home/airflow/.local/lib/python3.12/site-packages/airflow/example_dags/example_task_group.py took 0.284 seconds
[2024-05-02T22:37:47.368+0000] {processor.py:161} INFO - Started process (PID=628) to work on /home/airflow/.local/lib/python3.12/site-packages/airflow/example_dags/example_task_group.py
[2024-05-02T22:37:47.383+0000] {processor.py:830} INFO - Processing file /home/airflow/.local/lib/python3.12/site-packages/airflow/example_dags/example_task_group.py for tasks to queue
[2024-05-02T22:37:47.396+0000] {logging_mixin.py:188} INFO - [2024-05-02T22:37:47.386+0000] {dagbag.py:540} INFO - Filling up the DagBag from /home/airflow/.local/lib/python3.12/site-packages/airflow/example_dags/example_task_group.py
[2024-05-02T22:37:47.485+0000] {processor.py:840} INFO - DAG(s) 'example_task_group' retrieved from /home/airflow/.local/lib/python3.12/site-packages/airflow/example_dags/example_task_group.py
[2024-05-02T22:37:47.884+0000] {logging_mixin.py:188} INFO - [2024-05-02T22:37:47.883+0000] {dag.py:3096} INFO - Sync 1 DAGs
[2024-05-02T22:37:48.070+0000] {logging_mixin.py:188} INFO - [2024-05-02T22:37:48.069+0000] {dag.py:3954} INFO - Setting next_dagrun for example_task_group to 2024-05-01 00:00:00+00:00, run_after=2024-05-02 00:00:00+00:00
[2024-05-02T22:37:48.148+0000] {processor.py:183} INFO - Processing /home/airflow/.local/lib/python3.12/site-packages/airflow/example_dags/example_task_group.py took 0.815 seconds
[2024-05-02T22:38:18.499+0000] {processor.py:161} INFO - Started process (PID=687) to work on /home/airflow/.local/lib/python3.12/site-packages/airflow/example_dags/example_task_group.py
[2024-05-02T22:38:18.509+0000] {processor.py:830} INFO - Processing file /home/airflow/.local/lib/python3.12/site-packages/airflow/example_dags/example_task_group.py for tasks to queue
[2024-05-02T22:38:18.529+0000] {logging_mixin.py:188} INFO - [2024-05-02T22:38:18.519+0000] {dagbag.py:540} INFO - Filling up the DagBag from /home/airflow/.local/lib/python3.12/site-packages/airflow/example_dags/example_task_group.py
[2024-05-02T22:38:18.616+0000] {processor.py:840} INFO - DAG(s) 'example_task_group' retrieved from /home/airflow/.local/lib/python3.12/site-packages/airflow/example_dags/example_task_group.py
[2024-05-02T22:38:18.762+0000] {logging_mixin.py:188} INFO - [2024-05-02T22:38:18.757+0000] {dag.py:3096} INFO - Sync 1 DAGs
[2024-05-02T22:38:18.907+0000] {logging_mixin.py:188} INFO - [2024-05-02T22:38:18.906+0000] {dag.py:3954} INFO - Setting next_dagrun for example_task_group to 2024-05-01 00:00:00+00:00, run_after=2024-05-02 00:00:00+00:00
[2024-05-02T22:38:19.053+0000] {processor.py:183} INFO - Processing /home/airflow/.local/lib/python3.12/site-packages/airflow/example_dags/example_task_group.py took 0.641 seconds
[2024-05-02T22:38:51.604+0000] {processor.py:161} INFO - Started process (PID=746) to work on /home/airflow/.local/lib/python3.12/site-packages/airflow/example_dags/example_task_group.py
[2024-05-02T22:38:51.622+0000] {processor.py:830} INFO - Processing file /home/airflow/.local/lib/python3.12/site-packages/airflow/example_dags/example_task_group.py for tasks to queue
[2024-05-02T22:38:51.639+0000] {logging_mixin.py:188} INFO - [2024-05-02T22:38:51.638+0000] {dagbag.py:540} INFO - Filling up the DagBag from /home/airflow/.local/lib/python3.12/site-packages/airflow/example_dags/example_task_group.py
[2024-05-02T22:38:51.689+0000] {processor.py:840} INFO - DAG(s) 'example_task_group' retrieved from /home/airflow/.local/lib/python3.12/site-packages/airflow/example_dags/example_task_group.py
[2024-05-02T22:38:51.889+0000] {logging_mixin.py:188} INFO - [2024-05-02T22:38:51.889+0000] {dag.py:3096} INFO - Sync 1 DAGs
[2024-05-02T22:38:52.043+0000] {logging_mixin.py:188} INFO - [2024-05-02T22:38:52.042+0000] {dag.py:3954} INFO - Setting next_dagrun for example_task_group to 2024-05-01 00:00:00+00:00, run_after=2024-05-02 00:00:00+00:00
[2024-05-02T22:38:52.281+0000] {processor.py:183} INFO - Processing /home/airflow/.local/lib/python3.12/site-packages/airflow/example_dags/example_task_group.py took 0.712 seconds
[2024-05-02T22:39:26.402+0000] {processor.py:161} INFO - Started process (PID=806) to work on /home/airflow/.local/lib/python3.12/site-packages/airflow/example_dags/example_task_group.py
[2024-05-02T22:39:26.407+0000] {processor.py:830} INFO - Processing file /home/airflow/.local/lib/python3.12/site-packages/airflow/example_dags/example_task_group.py for tasks to queue
[2024-05-02T22:39:26.420+0000] {logging_mixin.py:188} INFO - [2024-05-02T22:39:26.411+0000] {dagbag.py:540} INFO - Filling up the DagBag from /home/airflow/.local/lib/python3.12/site-packages/airflow/example_dags/example_task_group.py
[2024-05-02T22:39:26.470+0000] {processor.py:840} INFO - DAG(s) 'example_task_group' retrieved from /home/airflow/.local/lib/python3.12/site-packages/airflow/example_dags/example_task_group.py
[2024-05-02T22:39:26.517+0000] {logging_mixin.py:188} INFO - [2024-05-02T22:39:26.516+0000] {dag.py:3096} INFO - Sync 1 DAGs
[2024-05-02T22:39:26.597+0000] {logging_mixin.py:188} INFO - [2024-05-02T22:39:26.590+0000] {dag.py:3954} INFO - Setting next_dagrun for example_task_group to 2024-05-01 00:00:00+00:00, run_after=2024-05-02 00:00:00+00:00
[2024-05-02T22:39:26.681+0000] {processor.py:183} INFO - Processing /home/airflow/.local/lib/python3.12/site-packages/airflow/example_dags/example_task_group.py took 0.295 seconds
[2024-05-02T22:40:12.270+0000] {processor.py:161} INFO - Started process (PID=876) to work on /home/airflow/.local/lib/python3.12/site-packages/airflow/example_dags/example_task_group.py
[2024-05-02T22:40:12.276+0000] {processor.py:830} INFO - Processing file /home/airflow/.local/lib/python3.12/site-packages/airflow/example_dags/example_task_group.py for tasks to queue
[2024-05-02T22:40:12.280+0000] {logging_mixin.py:188} INFO - [2024-05-02T22:40:12.279+0000] {dagbag.py:540} INFO - Filling up the DagBag from /home/airflow/.local/lib/python3.12/site-packages/airflow/example_dags/example_task_group.py
[2024-05-02T22:40:12.297+0000] {processor.py:840} INFO - DAG(s) 'example_task_group' retrieved from /home/airflow/.local/lib/python3.12/site-packages/airflow/example_dags/example_task_group.py
[2024-05-02T22:40:12.947+0000] {logging_mixin.py:188} INFO - [2024-05-02T22:40:12.946+0000] {dag.py:3096} INFO - Sync 1 DAGs
[2024-05-02T22:40:13.096+0000] {logging_mixin.py:188} INFO - [2024-05-02T22:40:13.096+0000] {dag.py:3954} INFO - Setting next_dagrun for example_task_group to 2024-05-01 00:00:00+00:00, run_after=2024-05-02 00:00:00+00:00
[2024-05-02T22:40:13.227+0000] {processor.py:183} INFO - Processing /home/airflow/.local/lib/python3.12/site-packages/airflow/example_dags/example_task_group.py took 0.988 seconds
[2024-05-02T22:40:43.723+0000] {processor.py:161} INFO - Started process (PID=935) to work on /home/airflow/.local/lib/python3.12/site-packages/airflow/example_dags/example_task_group.py
[2024-05-02T22:40:43.725+0000] {processor.py:830} INFO - Processing file /home/airflow/.local/lib/python3.12/site-packages/airflow/example_dags/example_task_group.py for tasks to queue
[2024-05-02T22:40:43.728+0000] {logging_mixin.py:188} INFO - [2024-05-02T22:40:43.728+0000] {dagbag.py:540} INFO - Filling up the DagBag from /home/airflow/.local/lib/python3.12/site-packages/airflow/example_dags/example_task_group.py
[2024-05-02T22:40:43.745+0000] {processor.py:840} INFO - DAG(s) 'example_task_group' retrieved from /home/airflow/.local/lib/python3.12/site-packages/airflow/example_dags/example_task_group.py
[2024-05-02T22:40:43.791+0000] {logging_mixin.py:188} INFO - [2024-05-02T22:40:43.790+0000] {dag.py:3096} INFO - Sync 1 DAGs
[2024-05-02T22:40:43.837+0000] {logging_mixin.py:188} INFO - [2024-05-02T22:40:43.836+0000] {dag.py:3954} INFO - Setting next_dagrun for example_task_group to 2024-05-01 00:00:00+00:00, run_after=2024-05-02 00:00:00+00:00
[2024-05-02T22:40:43.878+0000] {processor.py:183} INFO - Processing /home/airflow/.local/lib/python3.12/site-packages/airflow/example_dags/example_task_group.py took 0.167 seconds
[2024-05-02T22:41:14.567+0000] {processor.py:161} INFO - Started process (PID=994) to work on /home/airflow/.local/lib/python3.12/site-packages/airflow/example_dags/example_task_group.py
[2024-05-02T22:41:14.569+0000] {processor.py:830} INFO - Processing file /home/airflow/.local/lib/python3.12/site-packages/airflow/example_dags/example_task_group.py for tasks to queue
[2024-05-02T22:41:14.572+0000] {logging_mixin.py:188} INFO - [2024-05-02T22:41:14.572+0000] {dagbag.py:540} INFO - Filling up the DagBag from /home/airflow/.local/lib/python3.12/site-packages/airflow/example_dags/example_task_group.py
[2024-05-02T22:41:14.587+0000] {processor.py:840} INFO - DAG(s) 'example_task_group' retrieved from /home/airflow/.local/lib/python3.12/site-packages/airflow/example_dags/example_task_group.py
[2024-05-02T22:41:14.855+0000] {logging_mixin.py:188} INFO - [2024-05-02T22:41:14.854+0000] {dag.py:3096} INFO - Sync 1 DAGs
[2024-05-02T22:41:14.904+0000] {logging_mixin.py:188} INFO - [2024-05-02T22:41:14.903+0000] {dag.py:3954} INFO - Setting next_dagrun for example_task_group to 2024-05-01 00:00:00+00:00, run_after=2024-05-02 00:00:00+00:00
[2024-05-02T22:41:14.951+0000] {processor.py:183} INFO - Processing /home/airflow/.local/lib/python3.12/site-packages/airflow/example_dags/example_task_group.py took 0.400 seconds
[2024-05-02T22:41:45.422+0000] {processor.py:161} INFO - Started process (PID=1053) to work on /home/airflow/.local/lib/python3.12/site-packages/airflow/example_dags/example_task_group.py
[2024-05-02T22:41:45.426+0000] {processor.py:830} INFO - Processing file /home/airflow/.local/lib/python3.12/site-packages/airflow/example_dags/example_task_group.py for tasks to queue
[2024-05-02T22:41:45.431+0000] {logging_mixin.py:188} INFO - [2024-05-02T22:41:45.430+0000] {dagbag.py:540} INFO - Filling up the DagBag from /home/airflow/.local/lib/python3.12/site-packages/airflow/example_dags/example_task_group.py
[2024-05-02T22:41:45.452+0000] {processor.py:840} INFO - DAG(s) 'example_task_group' retrieved from /home/airflow/.local/lib/python3.12/site-packages/airflow/example_dags/example_task_group.py
[2024-05-02T22:41:45.516+0000] {logging_mixin.py:188} INFO - [2024-05-02T22:41:45.515+0000] {dag.py:3096} INFO - Sync 1 DAGs
[2024-05-02T22:41:45.657+0000] {logging_mixin.py:188} INFO - [2024-05-02T22:41:45.656+0000] {dag.py:3954} INFO - Setting next_dagrun for example_task_group to 2024-05-01 00:00:00+00:00, run_after=2024-05-02 00:00:00+00:00
[2024-05-02T22:41:45.802+0000] {processor.py:183} INFO - Processing /home/airflow/.local/lib/python3.12/site-packages/airflow/example_dags/example_task_group.py took 0.395 seconds
[2024-05-02T22:42:16.101+0000] {processor.py:161} INFO - Started process (PID=1112) to work on /home/airflow/.local/lib/python3.12/site-packages/airflow/example_dags/example_task_group.py
[2024-05-02T22:42:16.103+0000] {processor.py:830} INFO - Processing file /home/airflow/.local/lib/python3.12/site-packages/airflow/example_dags/example_task_group.py for tasks to queue
[2024-05-02T22:42:16.107+0000] {logging_mixin.py:188} INFO - [2024-05-02T22:42:16.107+0000] {dagbag.py:540} INFO - Filling up the DagBag from /home/airflow/.local/lib/python3.12/site-packages/airflow/example_dags/example_task_group.py
[2024-05-02T22:42:16.125+0000] {processor.py:840} INFO - DAG(s) 'example_task_group' retrieved from /home/airflow/.local/lib/python3.12/site-packages/airflow/example_dags/example_task_group.py
[2024-05-02T22:42:16.191+0000] {logging_mixin.py:188} INFO - [2024-05-02T22:42:16.191+0000] {dag.py:3096} INFO - Sync 1 DAGs
[2024-05-02T22:42:16.256+0000] {logging_mixin.py:188} INFO - [2024-05-02T22:42:16.255+0000] {dag.py:3954} INFO - Setting next_dagrun for example_task_group to 2024-05-01 00:00:00+00:00, run_after=2024-05-02 00:00:00+00:00
[2024-05-02T22:42:16.328+0000] {processor.py:183} INFO - Processing /home/airflow/.local/lib/python3.12/site-packages/airflow/example_dags/example_task_group.py took 0.244 seconds
[2024-05-02T22:42:47.129+0000] {processor.py:161} INFO - Started process (PID=1171) to work on /home/airflow/.local/lib/python3.12/site-packages/airflow/example_dags/example_task_group.py
[2024-05-02T22:42:47.130+0000] {processor.py:830} INFO - Processing file /home/airflow/.local/lib/python3.12/site-packages/airflow/example_dags/example_task_group.py for tasks to queue
[2024-05-02T22:42:47.135+0000] {logging_mixin.py:188} INFO - [2024-05-02T22:42:47.135+0000] {dagbag.py:540} INFO - Filling up the DagBag from /home/airflow/.local/lib/python3.12/site-packages/airflow/example_dags/example_task_group.py
[2024-05-02T22:42:47.154+0000] {processor.py:840} INFO - DAG(s) 'example_task_group' retrieved from /home/airflow/.local/lib/python3.12/site-packages/airflow/example_dags/example_task_group.py
[2024-05-02T22:42:47.213+0000] {logging_mixin.py:188} INFO - [2024-05-02T22:42:47.213+0000] {dag.py:3096} INFO - Sync 1 DAGs
[2024-05-02T22:42:47.306+0000] {logging_mixin.py:188} INFO - [2024-05-02T22:42:47.305+0000] {dag.py:3954} INFO - Setting next_dagrun for example_task_group to 2024-05-01 00:00:00+00:00, run_after=2024-05-02 00:00:00+00:00
[2024-05-02T22:42:47.374+0000] {processor.py:183} INFO - Processing /home/airflow/.local/lib/python3.12/site-packages/airflow/example_dags/example_task_group.py took 0.269 seconds
[2024-05-02T22:43:17.503+0000] {processor.py:161} INFO - Started process (PID=1228) to work on /home/airflow/.local/lib/python3.12/site-packages/airflow/example_dags/example_task_group.py
[2024-05-02T22:43:17.504+0000] {processor.py:830} INFO - Processing file /home/airflow/.local/lib/python3.12/site-packages/airflow/example_dags/example_task_group.py for tasks to queue
[2024-05-02T22:43:17.508+0000] {logging_mixin.py:188} INFO - [2024-05-02T22:43:17.507+0000] {dagbag.py:540} INFO - Filling up the DagBag from /home/airflow/.local/lib/python3.12/site-packages/airflow/example_dags/example_task_group.py
[2024-05-02T22:43:17.522+0000] {processor.py:840} INFO - DAG(s) 'example_task_group' retrieved from /home/airflow/.local/lib/python3.12/site-packages/airflow/example_dags/example_task_group.py
[2024-05-02T22:43:17.565+0000] {logging_mixin.py:188} INFO - [2024-05-02T22:43:17.565+0000] {dag.py:3096} INFO - Sync 1 DAGs
[2024-05-02T22:43:17.613+0000] {logging_mixin.py:188} INFO - [2024-05-02T22:43:17.612+0000] {dag.py:3954} INFO - Setting next_dagrun for example_task_group to 2024-05-01 00:00:00+00:00, run_after=2024-05-02 00:00:00+00:00
[2024-05-02T22:43:17.666+0000] {processor.py:183} INFO - Processing /home/airflow/.local/lib/python3.12/site-packages/airflow/example_dags/example_task_group.py took 0.172 seconds
[2024-05-02T22:43:48.334+0000] {processor.py:161} INFO - Started process (PID=1287) to work on /home/airflow/.local/lib/python3.12/site-packages/airflow/example_dags/example_task_group.py
[2024-05-02T22:43:48.341+0000] {processor.py:830} INFO - Processing file /home/airflow/.local/lib/python3.12/site-packages/airflow/example_dags/example_task_group.py for tasks to queue
[2024-05-02T22:43:48.344+0000] {logging_mixin.py:188} INFO - [2024-05-02T22:43:48.344+0000] {dagbag.py:540} INFO - Filling up the DagBag from /home/airflow/.local/lib/python3.12/site-packages/airflow/example_dags/example_task_group.py
[2024-05-02T22:43:48.363+0000] {processor.py:840} INFO - DAG(s) 'example_task_group' retrieved from /home/airflow/.local/lib/python3.12/site-packages/airflow/example_dags/example_task_group.py
[2024-05-02T22:43:48.414+0000] {logging_mixin.py:188} INFO - [2024-05-02T22:43:48.414+0000] {dag.py:3096} INFO - Sync 1 DAGs
[2024-05-02T22:43:48.464+0000] {logging_mixin.py:188} INFO - [2024-05-02T22:43:48.464+0000] {dag.py:3954} INFO - Setting next_dagrun for example_task_group to 2024-05-01 00:00:00+00:00, run_after=2024-05-02 00:00:00+00:00
[2024-05-02T22:43:48.523+0000] {processor.py:183} INFO - Processing /home/airflow/.local/lib/python3.12/site-packages/airflow/example_dags/example_task_group.py took 0.211 seconds
[2024-05-02T22:44:19.274+0000] {processor.py:161} INFO - Started process (PID=1346) to work on /home/airflow/.local/lib/python3.12/site-packages/airflow/example_dags/example_task_group.py
[2024-05-02T22:44:19.276+0000] {processor.py:830} INFO - Processing file /home/airflow/.local/lib/python3.12/site-packages/airflow/example_dags/example_task_group.py for tasks to queue
[2024-05-02T22:44:19.283+0000] {logging_mixin.py:188} INFO - [2024-05-02T22:44:19.281+0000] {dagbag.py:540} INFO - Filling up the DagBag from /home/airflow/.local/lib/python3.12/site-packages/airflow/example_dags/example_task_group.py
[2024-05-02T22:44:19.332+0000] {processor.py:840} INFO - DAG(s) 'example_task_group' retrieved from /home/airflow/.local/lib/python3.12/site-packages/airflow/example_dags/example_task_group.py
[2024-05-02T22:44:19.557+0000] {logging_mixin.py:188} INFO - [2024-05-02T22:44:19.557+0000] {dag.py:3096} INFO - Sync 1 DAGs
[2024-05-02T22:44:19.634+0000] {logging_mixin.py:188} INFO - [2024-05-02T22:44:19.633+0000] {dag.py:3954} INFO - Setting next_dagrun for example_task_group to 2024-05-01 00:00:00+00:00, run_after=2024-05-02 00:00:00+00:00
[2024-05-02T22:44:19.698+0000] {processor.py:183} INFO - Processing /home/airflow/.local/lib/python3.12/site-packages/airflow/example_dags/example_task_group.py took 0.449 seconds
[2024-05-02T22:44:51.438+0000] {processor.py:161} INFO - Started process (PID=1405) to work on /home/airflow/.local/lib/python3.12/site-packages/airflow/example_dags/example_task_group.py
[2024-05-02T22:44:51.440+0000] {processor.py:830} INFO - Processing file /home/airflow/.local/lib/python3.12/site-packages/airflow/example_dags/example_task_group.py for tasks to queue
[2024-05-02T22:44:51.455+0000] {logging_mixin.py:188} INFO - [2024-05-02T22:44:51.454+0000] {dagbag.py:540} INFO - Filling up the DagBag from /home/airflow/.local/lib/python3.12/site-packages/airflow/example_dags/example_task_group.py
[2024-05-02T22:44:51.491+0000] {processor.py:840} INFO - DAG(s) 'example_task_group' retrieved from /home/airflow/.local/lib/python3.12/site-packages/airflow/example_dags/example_task_group.py
[2024-05-02T22:44:51.562+0000] {logging_mixin.py:188} INFO - [2024-05-02T22:44:51.562+0000] {dag.py:3096} INFO - Sync 1 DAGs
[2024-05-02T22:44:51.666+0000] {logging_mixin.py:188} INFO - [2024-05-02T22:44:51.665+0000] {dag.py:3954} INFO - Setting next_dagrun for example_task_group to 2024-05-01 00:00:00+00:00, run_after=2024-05-02 00:00:00+00:00
[2024-05-02T22:44:51.802+0000] {processor.py:183} INFO - Processing /home/airflow/.local/lib/python3.12/site-packages/airflow/example_dags/example_task_group.py took 0.386 seconds
[2024-05-02T22:45:21.961+0000] {processor.py:161} INFO - Started process (PID=1464) to work on /home/airflow/.local/lib/python3.12/site-packages/airflow/example_dags/example_task_group.py
[2024-05-02T22:45:21.963+0000] {processor.py:830} INFO - Processing file /home/airflow/.local/lib/python3.12/site-packages/airflow/example_dags/example_task_group.py for tasks to queue
[2024-05-02T22:45:21.968+0000] {logging_mixin.py:188} INFO - [2024-05-02T22:45:21.967+0000] {dagbag.py:540} INFO - Filling up the DagBag from /home/airflow/.local/lib/python3.12/site-packages/airflow/example_dags/example_task_group.py
[2024-05-02T22:45:21.990+0000] {processor.py:840} INFO - DAG(s) 'example_task_group' retrieved from /home/airflow/.local/lib/python3.12/site-packages/airflow/example_dags/example_task_group.py
[2024-05-02T22:45:22.039+0000] {logging_mixin.py:188} INFO - [2024-05-02T22:45:22.038+0000] {dag.py:3096} INFO - Sync 1 DAGs
[2024-05-02T22:45:22.092+0000] {logging_mixin.py:188} INFO - [2024-05-02T22:45:22.091+0000] {dag.py:3954} INFO - Setting next_dagrun for example_task_group to 2024-05-01 00:00:00+00:00, run_after=2024-05-02 00:00:00+00:00
[2024-05-02T22:45:22.142+0000] {processor.py:183} INFO - Processing /home/airflow/.local/lib/python3.12/site-packages/airflow/example_dags/example_task_group.py took 0.196 seconds
[2024-05-02T22:45:52.767+0000] {processor.py:161} INFO - Started process (PID=1523) to work on /home/airflow/.local/lib/python3.12/site-packages/airflow/example_dags/example_task_group.py
[2024-05-02T22:45:52.770+0000] {processor.py:830} INFO - Processing file /home/airflow/.local/lib/python3.12/site-packages/airflow/example_dags/example_task_group.py for tasks to queue
[2024-05-02T22:45:52.809+0000] {logging_mixin.py:188} INFO - [2024-05-02T22:45:52.808+0000] {dagbag.py:540} INFO - Filling up the DagBag from /home/airflow/.local/lib/python3.12/site-packages/airflow/example_dags/example_task_group.py
[2024-05-02T22:45:52.838+0000] {processor.py:840} INFO - DAG(s) 'example_task_group' retrieved from /home/airflow/.local/lib/python3.12/site-packages/airflow/example_dags/example_task_group.py
[2024-05-02T22:45:52.903+0000] {logging_mixin.py:188} INFO - [2024-05-02T22:45:52.903+0000] {dag.py:3096} INFO - Sync 1 DAGs
[2024-05-02T22:45:52.951+0000] {logging_mixin.py:188} INFO - [2024-05-02T22:45:52.950+0000] {dag.py:3954} INFO - Setting next_dagrun for example_task_group to 2024-05-01 00:00:00+00:00, run_after=2024-05-02 00:00:00+00:00
[2024-05-02T22:45:52.989+0000] {processor.py:183} INFO - Processing /home/airflow/.local/lib/python3.12/site-packages/airflow/example_dags/example_task_group.py took 0.244 seconds
[2024-05-02T22:46:23.303+0000] {processor.py:161} INFO - Started process (PID=1582) to work on /home/airflow/.local/lib/python3.12/site-packages/airflow/example_dags/example_task_group.py
[2024-05-02T22:46:23.305+0000] {processor.py:830} INFO - Processing file /home/airflow/.local/lib/python3.12/site-packages/airflow/example_dags/example_task_group.py for tasks to queue
[2024-05-02T22:46:23.308+0000] {logging_mixin.py:188} INFO - [2024-05-02T22:46:23.307+0000] {dagbag.py:540} INFO - Filling up the DagBag from /home/airflow/.local/lib/python3.12/site-packages/airflow/example_dags/example_task_group.py
[2024-05-02T22:46:23.321+0000] {processor.py:840} INFO - DAG(s) 'example_task_group' retrieved from /home/airflow/.local/lib/python3.12/site-packages/airflow/example_dags/example_task_group.py
[2024-05-02T22:46:23.358+0000] {logging_mixin.py:188} INFO - [2024-05-02T22:46:23.357+0000] {dag.py:3096} INFO - Sync 1 DAGs
[2024-05-02T22:46:23.399+0000] {logging_mixin.py:188} INFO - [2024-05-02T22:46:23.398+0000] {dag.py:3954} INFO - Setting next_dagrun for example_task_group to 2024-05-01 00:00:00+00:00, run_after=2024-05-02 00:00:00+00:00
[2024-05-02T22:46:23.433+0000] {processor.py:183} INFO - Processing /home/airflow/.local/lib/python3.12/site-packages/airflow/example_dags/example_task_group.py took 0.141 seconds
[2024-05-02T22:46:53.856+0000] {processor.py:161} INFO - Started process (PID=1642) to work on /home/airflow/.local/lib/python3.12/site-packages/airflow/example_dags/example_task_group.py
[2024-05-02T22:46:53.858+0000] {processor.py:830} INFO - Processing file /home/airflow/.local/lib/python3.12/site-packages/airflow/example_dags/example_task_group.py for tasks to queue
[2024-05-02T22:46:53.862+0000] {logging_mixin.py:188} INFO - [2024-05-02T22:46:53.861+0000] {dagbag.py:540} INFO - Filling up the DagBag from /home/airflow/.local/lib/python3.12/site-packages/airflow/example_dags/example_task_group.py
[2024-05-02T22:46:53.877+0000] {processor.py:840} INFO - DAG(s) 'example_task_group' retrieved from /home/airflow/.local/lib/python3.12/site-packages/airflow/example_dags/example_task_group.py
[2024-05-02T22:46:53.915+0000] {logging_mixin.py:188} INFO - [2024-05-02T22:46:53.915+0000] {dag.py:3096} INFO - Sync 1 DAGs
[2024-05-02T22:46:53.958+0000] {logging_mixin.py:188} INFO - [2024-05-02T22:46:53.957+0000] {dag.py:3954} INFO - Setting next_dagrun for example_task_group to 2024-05-01 00:00:00+00:00, run_after=2024-05-02 00:00:00+00:00
[2024-05-02T22:46:54.000+0000] {processor.py:183} INFO - Processing /home/airflow/.local/lib/python3.12/site-packages/airflow/example_dags/example_task_group.py took 0.158 seconds
[2024-05-02T22:47:24.408+0000] {processor.py:161} INFO - Started process (PID=1701) to work on /home/airflow/.local/lib/python3.12/site-packages/airflow/example_dags/example_task_group.py
[2024-05-02T22:47:24.409+0000] {processor.py:830} INFO - Processing file /home/airflow/.local/lib/python3.12/site-packages/airflow/example_dags/example_task_group.py for tasks to queue
[2024-05-02T22:47:24.412+0000] {logging_mixin.py:188} INFO - [2024-05-02T22:47:24.412+0000] {dagbag.py:540} INFO - Filling up the DagBag from /home/airflow/.local/lib/python3.12/site-packages/airflow/example_dags/example_task_group.py
[2024-05-02T22:47:24.425+0000] {processor.py:840} INFO - DAG(s) 'example_task_group' retrieved from /home/airflow/.local/lib/python3.12/site-packages/airflow/example_dags/example_task_group.py
[2024-05-02T22:47:24.463+0000] {logging_mixin.py:188} INFO - [2024-05-02T22:47:24.462+0000] {dag.py:3096} INFO - Sync 1 DAGs
[2024-05-02T22:47:24.503+0000] {logging_mixin.py:188} INFO - [2024-05-02T22:47:24.503+0000] {dag.py:3954} INFO - Setting next_dagrun for example_task_group to 2024-05-01 00:00:00+00:00, run_after=2024-05-02 00:00:00+00:00
[2024-05-02T22:47:24.550+0000] {processor.py:183} INFO - Processing /home/airflow/.local/lib/python3.12/site-packages/airflow/example_dags/example_task_group.py took 0.154 seconds
[2024-05-02T22:47:55.120+0000] {processor.py:161} INFO - Started process (PID=1760) to work on /home/airflow/.local/lib/python3.12/site-packages/airflow/example_dags/example_task_group.py
[2024-05-02T22:47:55.122+0000] {processor.py:830} INFO - Processing file /home/airflow/.local/lib/python3.12/site-packages/airflow/example_dags/example_task_group.py for tasks to queue
[2024-05-02T22:47:55.126+0000] {logging_mixin.py:188} INFO - [2024-05-02T22:47:55.125+0000] {dagbag.py:540} INFO - Filling up the DagBag from /home/airflow/.local/lib/python3.12/site-packages/airflow/example_dags/example_task_group.py
[2024-05-02T22:47:55.139+0000] {processor.py:840} INFO - DAG(s) 'example_task_group' retrieved from /home/airflow/.local/lib/python3.12/site-packages/airflow/example_dags/example_task_group.py
[2024-05-02T22:47:55.182+0000] {logging_mixin.py:188} INFO - [2024-05-02T22:47:55.182+0000] {dag.py:3096} INFO - Sync 1 DAGs
[2024-05-02T22:47:55.252+0000] {logging_mixin.py:188} INFO - [2024-05-02T22:47:55.252+0000] {dag.py:3954} INFO - Setting next_dagrun for example_task_group to 2024-05-01 00:00:00+00:00, run_after=2024-05-02 00:00:00+00:00
[2024-05-02T22:47:55.310+0000] {processor.py:183} INFO - Processing /home/airflow/.local/lib/python3.12/site-packages/airflow/example_dags/example_task_group.py took 0.199 seconds
[2024-05-02T22:48:26.213+0000] {processor.py:161} INFO - Started process (PID=1819) to work on /home/airflow/.local/lib/python3.12/site-packages/airflow/example_dags/example_task_group.py
[2024-05-02T22:48:26.216+0000] {processor.py:830} INFO - Processing file /home/airflow/.local/lib/python3.12/site-packages/airflow/example_dags/example_task_group.py for tasks to queue
[2024-05-02T22:48:26.223+0000] {logging_mixin.py:188} INFO - [2024-05-02T22:48:26.221+0000] {dagbag.py:540} INFO - Filling up the DagBag from /home/airflow/.local/lib/python3.12/site-packages/airflow/example_dags/example_task_group.py
[2024-05-02T22:48:26.242+0000] {processor.py:840} INFO - DAG(s) 'example_task_group' retrieved from /home/airflow/.local/lib/python3.12/site-packages/airflow/example_dags/example_task_group.py
[2024-05-02T22:48:26.309+0000] {logging_mixin.py:188} INFO - [2024-05-02T22:48:26.308+0000] {dag.py:3096} INFO - Sync 1 DAGs
[2024-05-02T22:48:26.372+0000] {logging_mixin.py:188} INFO - [2024-05-02T22:48:26.371+0000] {dag.py:3954} INFO - Setting next_dagrun for example_task_group to 2024-05-01 00:00:00+00:00, run_after=2024-05-02 00:00:00+00:00
[2024-05-02T22:48:26.424+0000] {processor.py:183} INFO - Processing /home/airflow/.local/lib/python3.12/site-packages/airflow/example_dags/example_task_group.py took 0.230 seconds
[2024-05-02T22:48:56.733+0000] {processor.py:161} INFO - Started process (PID=1878) to work on /home/airflow/.local/lib/python3.12/site-packages/airflow/example_dags/example_task_group.py
[2024-05-02T22:48:56.742+0000] {processor.py:830} INFO - Processing file /home/airflow/.local/lib/python3.12/site-packages/airflow/example_dags/example_task_group.py for tasks to queue
[2024-05-02T22:48:56.765+0000] {logging_mixin.py:188} INFO - [2024-05-02T22:48:56.759+0000] {dagbag.py:540} INFO - Filling up the DagBag from /home/airflow/.local/lib/python3.12/site-packages/airflow/example_dags/example_task_group.py
[2024-05-02T22:48:56.789+0000] {processor.py:840} INFO - DAG(s) 'example_task_group' retrieved from /home/airflow/.local/lib/python3.12/site-packages/airflow/example_dags/example_task_group.py
[2024-05-02T22:48:56.859+0000] {logging_mixin.py:188} INFO - [2024-05-02T22:48:56.858+0000] {dag.py:3096} INFO - Sync 1 DAGs
[2024-05-02T22:48:56.925+0000] {logging_mixin.py:188} INFO - [2024-05-02T22:48:56.924+0000] {dag.py:3954} INFO - Setting next_dagrun for example_task_group to 2024-05-01 00:00:00+00:00, run_after=2024-05-02 00:00:00+00:00
[2024-05-02T22:48:56.979+0000] {processor.py:183} INFO - Processing /home/airflow/.local/lib/python3.12/site-packages/airflow/example_dags/example_task_group.py took 0.270 seconds
[2024-05-02T22:49:27.413+0000] {processor.py:161} INFO - Started process (PID=1938) to work on /home/airflow/.local/lib/python3.12/site-packages/airflow/example_dags/example_task_group.py
[2024-05-02T22:49:27.415+0000] {processor.py:830} INFO - Processing file /home/airflow/.local/lib/python3.12/site-packages/airflow/example_dags/example_task_group.py for tasks to queue
[2024-05-02T22:49:27.418+0000] {logging_mixin.py:188} INFO - [2024-05-02T22:49:27.418+0000] {dagbag.py:540} INFO - Filling up the DagBag from /home/airflow/.local/lib/python3.12/site-packages/airflow/example_dags/example_task_group.py
[2024-05-02T22:49:27.431+0000] {processor.py:840} INFO - DAG(s) 'example_task_group' retrieved from /home/airflow/.local/lib/python3.12/site-packages/airflow/example_dags/example_task_group.py
[2024-05-02T22:49:27.481+0000] {logging_mixin.py:188} INFO - [2024-05-02T22:49:27.481+0000] {dag.py:3096} INFO - Sync 1 DAGs
[2024-05-02T22:49:27.533+0000] {logging_mixin.py:188} INFO - [2024-05-02T22:49:27.532+0000] {dag.py:3954} INFO - Setting next_dagrun for example_task_group to 2024-05-01 00:00:00+00:00, run_after=2024-05-02 00:00:00+00:00
[2024-05-02T22:49:27.578+0000] {processor.py:183} INFO - Processing /home/airflow/.local/lib/python3.12/site-packages/airflow/example_dags/example_task_group.py took 0.176 seconds
[2024-05-02T22:49:58.039+0000] {processor.py:161} INFO - Started process (PID=1997) to work on /home/airflow/.local/lib/python3.12/site-packages/airflow/example_dags/example_task_group.py
[2024-05-02T22:49:58.041+0000] {processor.py:830} INFO - Processing file /home/airflow/.local/lib/python3.12/site-packages/airflow/example_dags/example_task_group.py for tasks to queue
[2024-05-02T22:49:58.046+0000] {logging_mixin.py:188} INFO - [2024-05-02T22:49:58.045+0000] {dagbag.py:540} INFO - Filling up the DagBag from /home/airflow/.local/lib/python3.12/site-packages/airflow/example_dags/example_task_group.py
[2024-05-02T22:49:58.075+0000] {processor.py:840} INFO - DAG(s) 'example_task_group' retrieved from /home/airflow/.local/lib/python3.12/site-packages/airflow/example_dags/example_task_group.py
[2024-05-02T22:49:58.176+0000] {logging_mixin.py:188} INFO - [2024-05-02T22:49:58.175+0000] {dag.py:3096} INFO - Sync 1 DAGs
[2024-05-02T22:49:58.239+0000] {logging_mixin.py:188} INFO - [2024-05-02T22:49:58.239+0000] {dag.py:3954} INFO - Setting next_dagrun for example_task_group to 2024-05-01 00:00:00+00:00, run_after=2024-05-02 00:00:00+00:00
[2024-05-02T22:49:58.282+0000] {processor.py:183} INFO - Processing /home/airflow/.local/lib/python3.12/site-packages/airflow/example_dags/example_task_group.py took 0.263 seconds
[2024-05-02T22:50:29.899+0000] {processor.py:161} INFO - Started process (PID=2057) to work on /home/airflow/.local/lib/python3.12/site-packages/airflow/example_dags/example_task_group.py
[2024-05-02T22:50:29.904+0000] {processor.py:830} INFO - Processing file /home/airflow/.local/lib/python3.12/site-packages/airflow/example_dags/example_task_group.py for tasks to queue
[2024-05-02T22:50:29.908+0000] {logging_mixin.py:188} INFO - [2024-05-02T22:50:29.908+0000] {dagbag.py:540} INFO - Filling up the DagBag from /home/airflow/.local/lib/python3.12/site-packages/airflow/example_dags/example_task_group.py
[2024-05-02T22:50:29.930+0000] {processor.py:840} INFO - DAG(s) 'example_task_group' retrieved from /home/airflow/.local/lib/python3.12/site-packages/airflow/example_dags/example_task_group.py
[2024-05-02T22:50:29.995+0000] {logging_mixin.py:188} INFO - [2024-05-02T22:50:29.995+0000] {dag.py:3096} INFO - Sync 1 DAGs
[2024-05-02T22:50:30.061+0000] {logging_mixin.py:188} INFO - [2024-05-02T22:50:30.060+0000] {dag.py:3954} INFO - Setting next_dagrun for example_task_group to 2024-05-01 00:00:00+00:00, run_after=2024-05-02 00:00:00+00:00
[2024-05-02T22:50:30.128+0000] {processor.py:183} INFO - Processing /home/airflow/.local/lib/python3.12/site-packages/airflow/example_dags/example_task_group.py took 0.244 seconds
[2024-05-02T22:51:00.531+0000] {processor.py:161} INFO - Started process (PID=2114) to work on /home/airflow/.local/lib/python3.12/site-packages/airflow/example_dags/example_task_group.py
[2024-05-02T22:51:00.533+0000] {processor.py:830} INFO - Processing file /home/airflow/.local/lib/python3.12/site-packages/airflow/example_dags/example_task_group.py for tasks to queue
[2024-05-02T22:51:00.536+0000] {logging_mixin.py:188} INFO - [2024-05-02T22:51:00.536+0000] {dagbag.py:540} INFO - Filling up the DagBag from /home/airflow/.local/lib/python3.12/site-packages/airflow/example_dags/example_task_group.py
[2024-05-02T22:51:00.551+0000] {processor.py:840} INFO - DAG(s) 'example_task_group' retrieved from /home/airflow/.local/lib/python3.12/site-packages/airflow/example_dags/example_task_group.py
[2024-05-02T22:51:00.599+0000] {logging_mixin.py:188} INFO - [2024-05-02T22:51:00.598+0000] {dag.py:3096} INFO - Sync 1 DAGs
[2024-05-02T22:51:00.659+0000] {logging_mixin.py:188} INFO - [2024-05-02T22:51:00.659+0000] {dag.py:3954} INFO - Setting next_dagrun for example_task_group to 2024-05-01 00:00:00+00:00, run_after=2024-05-02 00:00:00+00:00
[2024-05-02T22:51:00.720+0000] {processor.py:183} INFO - Processing /home/airflow/.local/lib/python3.12/site-packages/airflow/example_dags/example_task_group.py took 0.201 seconds
[2024-05-02T22:51:31.119+0000] {processor.py:161} INFO - Started process (PID=2173) to work on /home/airflow/.local/lib/python3.12/site-packages/airflow/example_dags/example_task_group.py
[2024-05-02T22:51:31.121+0000] {processor.py:830} INFO - Processing file /home/airflow/.local/lib/python3.12/site-packages/airflow/example_dags/example_task_group.py for tasks to queue
[2024-05-02T22:51:31.126+0000] {logging_mixin.py:188} INFO - [2024-05-02T22:51:31.125+0000] {dagbag.py:540} INFO - Filling up the DagBag from /home/airflow/.local/lib/python3.12/site-packages/airflow/example_dags/example_task_group.py
[2024-05-02T22:51:31.165+0000] {processor.py:840} INFO - DAG(s) 'example_task_group' retrieved from /home/airflow/.local/lib/python3.12/site-packages/airflow/example_dags/example_task_group.py
[2024-05-02T22:51:31.285+0000] {logging_mixin.py:188} INFO - [2024-05-02T22:51:31.284+0000] {dag.py:3096} INFO - Sync 1 DAGs
[2024-05-02T22:51:31.459+0000] {logging_mixin.py:188} INFO - [2024-05-02T22:51:31.458+0000] {dag.py:3954} INFO - Setting next_dagrun for example_task_group to 2024-05-01 00:00:00+00:00, run_after=2024-05-02 00:00:00+00:00
[2024-05-02T22:51:31.703+0000] {processor.py:183} INFO - Processing /home/airflow/.local/lib/python3.12/site-packages/airflow/example_dags/example_task_group.py took 0.604 seconds
[2024-05-02T22:52:02.587+0000] {processor.py:161} INFO - Started process (PID=2232) to work on /home/airflow/.local/lib/python3.12/site-packages/airflow/example_dags/example_task_group.py
[2024-05-02T22:52:02.590+0000] {processor.py:830} INFO - Processing file /home/airflow/.local/lib/python3.12/site-packages/airflow/example_dags/example_task_group.py for tasks to queue
[2024-05-02T22:52:02.594+0000] {logging_mixin.py:188} INFO - [2024-05-02T22:52:02.593+0000] {dagbag.py:540} INFO - Filling up the DagBag from /home/airflow/.local/lib/python3.12/site-packages/airflow/example_dags/example_task_group.py
[2024-05-02T22:52:02.611+0000] {processor.py:840} INFO - DAG(s) 'example_task_group' retrieved from /home/airflow/.local/lib/python3.12/site-packages/airflow/example_dags/example_task_group.py
[2024-05-02T22:52:02.657+0000] {logging_mixin.py:188} INFO - [2024-05-02T22:52:02.656+0000] {dag.py:3096} INFO - Sync 1 DAGs
[2024-05-02T22:52:02.712+0000] {logging_mixin.py:188} INFO - [2024-05-02T22:52:02.712+0000] {dag.py:3954} INFO - Setting next_dagrun for example_task_group to 2024-05-01 00:00:00+00:00, run_after=2024-05-02 00:00:00+00:00
[2024-05-02T22:52:02.772+0000] {processor.py:183} INFO - Processing /home/airflow/.local/lib/python3.12/site-packages/airflow/example_dags/example_task_group.py took 0.200 seconds
[2024-05-02T22:52:34.477+0000] {processor.py:161} INFO - Started process (PID=2293) to work on /home/airflow/.local/lib/python3.12/site-packages/airflow/example_dags/example_task_group.py
[2024-05-02T22:52:34.479+0000] {processor.py:830} INFO - Processing file /home/airflow/.local/lib/python3.12/site-packages/airflow/example_dags/example_task_group.py for tasks to queue
[2024-05-02T22:52:34.485+0000] {logging_mixin.py:188} INFO - [2024-05-02T22:52:34.483+0000] {dagbag.py:540} INFO - Filling up the DagBag from /home/airflow/.local/lib/python3.12/site-packages/airflow/example_dags/example_task_group.py
[2024-05-02T22:52:34.508+0000] {processor.py:840} INFO - DAG(s) 'example_task_group' retrieved from /home/airflow/.local/lib/python3.12/site-packages/airflow/example_dags/example_task_group.py
[2024-05-02T22:52:34.593+0000] {logging_mixin.py:188} INFO - [2024-05-02T22:52:34.592+0000] {dag.py:3096} INFO - Sync 1 DAGs
[2024-05-02T22:52:34.713+0000] {logging_mixin.py:188} INFO - [2024-05-02T22:52:34.712+0000] {dag.py:3954} INFO - Setting next_dagrun for example_task_group to 2024-05-01 00:00:00+00:00, run_after=2024-05-02 00:00:00+00:00
[2024-05-02T22:52:34.850+0000] {processor.py:183} INFO - Processing /home/airflow/.local/lib/python3.12/site-packages/airflow/example_dags/example_task_group.py took 0.392 seconds
[2024-05-02T22:53:05.544+0000] {processor.py:161} INFO - Started process (PID=2353) to work on /home/airflow/.local/lib/python3.12/site-packages/airflow/example_dags/example_task_group.py
[2024-05-02T22:53:05.551+0000] {processor.py:830} INFO - Processing file /home/airflow/.local/lib/python3.12/site-packages/airflow/example_dags/example_task_group.py for tasks to queue
[2024-05-02T22:53:05.570+0000] {logging_mixin.py:188} INFO - [2024-05-02T22:53:05.569+0000] {dagbag.py:540} INFO - Filling up the DagBag from /home/airflow/.local/lib/python3.12/site-packages/airflow/example_dags/example_task_group.py
[2024-05-02T22:53:05.619+0000] {processor.py:840} INFO - DAG(s) 'example_task_group' retrieved from /home/airflow/.local/lib/python3.12/site-packages/airflow/example_dags/example_task_group.py
[2024-05-02T22:53:05.740+0000] {logging_mixin.py:188} INFO - [2024-05-02T22:53:05.739+0000] {dag.py:3096} INFO - Sync 1 DAGs
[2024-05-02T22:53:05.898+0000] {logging_mixin.py:188} INFO - [2024-05-02T22:53:05.897+0000] {dag.py:3954} INFO - Setting next_dagrun for example_task_group to 2024-05-01 00:00:00+00:00, run_after=2024-05-02 00:00:00+00:00
[2024-05-02T22:53:05.985+0000] {processor.py:183} INFO - Processing /home/airflow/.local/lib/python3.12/site-packages/airflow/example_dags/example_task_group.py took 0.466 seconds
[2024-05-02T22:53:37.087+0000] {processor.py:161} INFO - Started process (PID=2411) to work on /home/airflow/.local/lib/python3.12/site-packages/airflow/example_dags/example_task_group.py
[2024-05-02T22:53:37.093+0000] {processor.py:830} INFO - Processing file /home/airflow/.local/lib/python3.12/site-packages/airflow/example_dags/example_task_group.py for tasks to queue
[2024-05-02T22:53:37.112+0000] {logging_mixin.py:188} INFO - [2024-05-02T22:53:37.110+0000] {dagbag.py:540} INFO - Filling up the DagBag from /home/airflow/.local/lib/python3.12/site-packages/airflow/example_dags/example_task_group.py
[2024-05-02T22:53:37.160+0000] {processor.py:840} INFO - DAG(s) 'example_task_group' retrieved from /home/airflow/.local/lib/python3.12/site-packages/airflow/example_dags/example_task_group.py
[2024-05-02T22:53:37.229+0000] {logging_mixin.py:188} INFO - [2024-05-02T22:53:37.229+0000] {dag.py:3096} INFO - Sync 1 DAGs
[2024-05-02T22:53:37.339+0000] {logging_mixin.py:188} INFO - [2024-05-02T22:53:37.338+0000] {dag.py:3954} INFO - Setting next_dagrun for example_task_group to 2024-05-01 00:00:00+00:00, run_after=2024-05-02 00:00:00+00:00
[2024-05-02T22:53:37.400+0000] {processor.py:183} INFO - Processing /home/airflow/.local/lib/python3.12/site-packages/airflow/example_dags/example_task_group.py took 0.436 seconds
[2024-05-02T22:54:08.059+0000] {processor.py:161} INFO - Started process (PID=2476) to work on /home/airflow/.local/lib/python3.12/site-packages/airflow/example_dags/example_task_group.py
[2024-05-02T22:54:08.061+0000] {processor.py:830} INFO - Processing file /home/airflow/.local/lib/python3.12/site-packages/airflow/example_dags/example_task_group.py for tasks to queue
[2024-05-02T22:54:08.072+0000] {logging_mixin.py:188} INFO - [2024-05-02T22:54:08.070+0000] {dagbag.py:540} INFO - Filling up the DagBag from /home/airflow/.local/lib/python3.12/site-packages/airflow/example_dags/example_task_group.py
[2024-05-02T22:54:08.109+0000] {processor.py:840} INFO - DAG(s) 'example_task_group' retrieved from /home/airflow/.local/lib/python3.12/site-packages/airflow/example_dags/example_task_group.py
[2024-05-02T22:54:08.234+0000] {logging_mixin.py:188} INFO - [2024-05-02T22:54:08.233+0000] {dag.py:3096} INFO - Sync 1 DAGs
[2024-05-02T22:54:08.362+0000] {logging_mixin.py:188} INFO - [2024-05-02T22:54:08.362+0000] {dag.py:3954} INFO - Setting next_dagrun for example_task_group to 2024-05-01 00:00:00+00:00, run_after=2024-05-02 00:00:00+00:00
[2024-05-02T22:54:08.491+0000] {processor.py:183} INFO - Processing /home/airflow/.local/lib/python3.12/site-packages/airflow/example_dags/example_task_group.py took 0.448 seconds
[2024-05-02T22:54:40.478+0000] {processor.py:161} INFO - Started process (PID=2537) to work on /home/airflow/.local/lib/python3.12/site-packages/airflow/example_dags/example_task_group.py
[2024-05-02T22:54:40.479+0000] {processor.py:830} INFO - Processing file /home/airflow/.local/lib/python3.12/site-packages/airflow/example_dags/example_task_group.py for tasks to queue
[2024-05-02T22:54:40.483+0000] {logging_mixin.py:188} INFO - [2024-05-02T22:54:40.482+0000] {dagbag.py:540} INFO - Filling up the DagBag from /home/airflow/.local/lib/python3.12/site-packages/airflow/example_dags/example_task_group.py
[2024-05-02T22:54:40.497+0000] {processor.py:840} INFO - DAG(s) 'example_task_group' retrieved from /home/airflow/.local/lib/python3.12/site-packages/airflow/example_dags/example_task_group.py
[2024-05-02T22:54:40.783+0000] {logging_mixin.py:188} INFO - [2024-05-02T22:54:40.783+0000] {dag.py:3096} INFO - Sync 1 DAGs
[2024-05-02T22:54:40.847+0000] {logging_mixin.py:188} INFO - [2024-05-02T22:54:40.846+0000] {dag.py:3954} INFO - Setting next_dagrun for example_task_group to 2024-05-01 00:00:00+00:00, run_after=2024-05-02 00:00:00+00:00
[2024-05-02T22:54:40.900+0000] {processor.py:183} INFO - Processing /home/airflow/.local/lib/python3.12/site-packages/airflow/example_dags/example_task_group.py took 0.435 seconds
[2024-05-02T22:55:11.414+0000] {processor.py:161} INFO - Started process (PID=2596) to work on /home/airflow/.local/lib/python3.12/site-packages/airflow/example_dags/example_task_group.py
[2024-05-02T22:55:11.416+0000] {processor.py:830} INFO - Processing file /home/airflow/.local/lib/python3.12/site-packages/airflow/example_dags/example_task_group.py for tasks to queue
[2024-05-02T22:55:11.424+0000] {logging_mixin.py:188} INFO - [2024-05-02T22:55:11.423+0000] {dagbag.py:540} INFO - Filling up the DagBag from /home/airflow/.local/lib/python3.12/site-packages/airflow/example_dags/example_task_group.py
[2024-05-02T22:55:11.456+0000] {processor.py:840} INFO - DAG(s) 'example_task_group' retrieved from /home/airflow/.local/lib/python3.12/site-packages/airflow/example_dags/example_task_group.py
[2024-05-02T22:55:11.533+0000] {logging_mixin.py:188} INFO - [2024-05-02T22:55:11.532+0000] {dag.py:3096} INFO - Sync 1 DAGs
[2024-05-02T22:55:11.616+0000] {logging_mixin.py:188} INFO - [2024-05-02T22:55:11.614+0000] {dag.py:3954} INFO - Setting next_dagrun for example_task_group to 2024-05-01 00:00:00+00:00, run_after=2024-05-02 00:00:00+00:00
[2024-05-02T22:55:11.657+0000] {processor.py:183} INFO - Processing /home/airflow/.local/lib/python3.12/site-packages/airflow/example_dags/example_task_group.py took 0.254 seconds
[2024-05-02T22:55:41.830+0000] {processor.py:161} INFO - Started process (PID=2656) to work on /home/airflow/.local/lib/python3.12/site-packages/airflow/example_dags/example_task_group.py
[2024-05-02T22:55:41.833+0000] {processor.py:830} INFO - Processing file /home/airflow/.local/lib/python3.12/site-packages/airflow/example_dags/example_task_group.py for tasks to queue
[2024-05-02T22:55:41.838+0000] {logging_mixin.py:188} INFO - [2024-05-02T22:55:41.837+0000] {dagbag.py:540} INFO - Filling up the DagBag from /home/airflow/.local/lib/python3.12/site-packages/airflow/example_dags/example_task_group.py
[2024-05-02T22:55:41.853+0000] {processor.py:840} INFO - DAG(s) 'example_task_group' retrieved from /home/airflow/.local/lib/python3.12/site-packages/airflow/example_dags/example_task_group.py
[2024-05-02T22:55:41.912+0000] {logging_mixin.py:188} INFO - [2024-05-02T22:55:41.911+0000] {dag.py:3096} INFO - Sync 1 DAGs
[2024-05-02T22:55:41.969+0000] {logging_mixin.py:188} INFO - [2024-05-02T22:55:41.969+0000] {dag.py:3954} INFO - Setting next_dagrun for example_task_group to 2024-05-01 00:00:00+00:00, run_after=2024-05-02 00:00:00+00:00
[2024-05-02T22:55:42.020+0000] {processor.py:183} INFO - Processing /home/airflow/.local/lib/python3.12/site-packages/airflow/example_dags/example_task_group.py took 0.203 seconds
[2024-05-02T22:56:12.240+0000] {processor.py:161} INFO - Started process (PID=2715) to work on /home/airflow/.local/lib/python3.12/site-packages/airflow/example_dags/example_task_group.py
[2024-05-02T22:56:12.246+0000] {processor.py:830} INFO - Processing file /home/airflow/.local/lib/python3.12/site-packages/airflow/example_dags/example_task_group.py for tasks to queue
[2024-05-02T22:56:12.251+0000] {logging_mixin.py:188} INFO - [2024-05-02T22:56:12.250+0000] {dagbag.py:540} INFO - Filling up the DagBag from /home/airflow/.local/lib/python3.12/site-packages/airflow/example_dags/example_task_group.py
[2024-05-02T22:56:12.299+0000] {processor.py:840} INFO - DAG(s) 'example_task_group' retrieved from /home/airflow/.local/lib/python3.12/site-packages/airflow/example_dags/example_task_group.py
[2024-05-02T22:56:12.415+0000] {logging_mixin.py:188} INFO - [2024-05-02T22:56:12.415+0000] {dag.py:3096} INFO - Sync 1 DAGs
[2024-05-02T22:56:12.540+0000] {logging_mixin.py:188} INFO - [2024-05-02T22:56:12.539+0000] {dag.py:3954} INFO - Setting next_dagrun for example_task_group to 2024-05-01 00:00:00+00:00, run_after=2024-05-02 00:00:00+00:00
[2024-05-02T22:56:12.692+0000] {processor.py:183} INFO - Processing /home/airflow/.local/lib/python3.12/site-packages/airflow/example_dags/example_task_group.py took 0.478 seconds
[2024-05-02T22:57:12.888+0000] {processor.py:161} INFO - Started process (PID=72) to work on /home/airflow/.local/lib/python3.12/site-packages/airflow/example_dags/example_task_group.py
[2024-05-02T22:57:12.890+0000] {processor.py:830} INFO - Processing file /home/airflow/.local/lib/python3.12/site-packages/airflow/example_dags/example_task_group.py for tasks to queue
[2024-05-02T22:57:12.894+0000] {logging_mixin.py:188} INFO - [2024-05-02T22:57:12.893+0000] {dagbag.py:540} INFO - Filling up the DagBag from /home/airflow/.local/lib/python3.12/site-packages/airflow/example_dags/example_task_group.py
[2024-05-02T22:57:12.921+0000] {processor.py:840} INFO - DAG(s) 'example_task_group' retrieved from /home/airflow/.local/lib/python3.12/site-packages/airflow/example_dags/example_task_group.py
[2024-05-02T22:57:12.973+0000] {logging_mixin.py:188} INFO - [2024-05-02T22:57:12.972+0000] {dag.py:3096} INFO - Sync 1 DAGs
[2024-05-02T22:57:13.018+0000] {logging_mixin.py:188} INFO - [2024-05-02T22:57:13.018+0000] {dag.py:3954} INFO - Setting next_dagrun for example_task_group to 2024-05-01 00:00:00+00:00, run_after=2024-05-02 00:00:00+00:00
[2024-05-02T22:57:13.058+0000] {processor.py:183} INFO - Processing /home/airflow/.local/lib/python3.12/site-packages/airflow/example_dags/example_task_group.py took 0.185 seconds
[2024-05-02T22:58:05.125+0000] {processor.py:161} INFO - Started process (PID=141) to work on /home/airflow/.local/lib/python3.12/site-packages/airflow/example_dags/example_task_group.py
[2024-05-02T22:58:05.127+0000] {processor.py:830} INFO - Processing file /home/airflow/.local/lib/python3.12/site-packages/airflow/example_dags/example_task_group.py for tasks to queue
[2024-05-02T22:58:05.134+0000] {logging_mixin.py:188} INFO - [2024-05-02T22:58:05.131+0000] {dagbag.py:540} INFO - Filling up the DagBag from /home/airflow/.local/lib/python3.12/site-packages/airflow/example_dags/example_task_group.py
[2024-05-02T22:58:05.155+0000] {processor.py:840} INFO - DAG(s) 'example_task_group' retrieved from /home/airflow/.local/lib/python3.12/site-packages/airflow/example_dags/example_task_group.py
[2024-05-02T22:58:05.253+0000] {logging_mixin.py:188} INFO - [2024-05-02T22:58:05.253+0000] {dag.py:3096} INFO - Sync 1 DAGs
[2024-05-02T22:58:05.329+0000] {logging_mixin.py:188} INFO - [2024-05-02T22:58:05.328+0000] {dag.py:3954} INFO - Setting next_dagrun for example_task_group to 2024-05-01 00:00:00+00:00, run_after=2024-05-02 00:00:00+00:00
[2024-05-02T22:58:05.398+0000] {processor.py:183} INFO - Processing /home/airflow/.local/lib/python3.12/site-packages/airflow/example_dags/example_task_group.py took 0.285 seconds
[2024-05-02T22:58:46.626+0000] {processor.py:161} INFO - Started process (PID=200) to work on /home/airflow/.local/lib/python3.12/site-packages/airflow/example_dags/example_task_group.py
[2024-05-02T22:58:46.632+0000] {processor.py:830} INFO - Processing file /home/airflow/.local/lib/python3.12/site-packages/airflow/example_dags/example_task_group.py for tasks to queue
[2024-05-02T22:58:46.661+0000] {logging_mixin.py:188} INFO - [2024-05-02T22:58:46.660+0000] {dagbag.py:540} INFO - Filling up the DagBag from /home/airflow/.local/lib/python3.12/site-packages/airflow/example_dags/example_task_group.py
[2024-05-02T22:58:46.724+0000] {processor.py:840} INFO - DAG(s) 'example_task_group' retrieved from /home/airflow/.local/lib/python3.12/site-packages/airflow/example_dags/example_task_group.py
[2024-05-02T22:58:46.875+0000] {logging_mixin.py:188} INFO - [2024-05-02T22:58:46.874+0000] {dag.py:3096} INFO - Sync 1 DAGs
[2024-05-02T22:58:47.018+0000] {logging_mixin.py:188} INFO - [2024-05-02T22:58:47.017+0000] {dag.py:3954} INFO - Setting next_dagrun for example_task_group to 2024-05-01 00:00:00+00:00, run_after=2024-05-02 00:00:00+00:00
[2024-05-02T22:58:47.120+0000] {processor.py:183} INFO - Processing /home/airflow/.local/lib/python3.12/site-packages/airflow/example_dags/example_task_group.py took 0.536 seconds
[2024-05-02T22:59:17.530+0000] {processor.py:161} INFO - Started process (PID=263) to work on /home/airflow/.local/lib/python3.12/site-packages/airflow/example_dags/example_task_group.py
[2024-05-02T22:59:17.543+0000] {processor.py:830} INFO - Processing file /home/airflow/.local/lib/python3.12/site-packages/airflow/example_dags/example_task_group.py for tasks to queue
[2024-05-02T22:59:17.555+0000] {logging_mixin.py:188} INFO - [2024-05-02T22:59:17.555+0000] {dagbag.py:540} INFO - Filling up the DagBag from /home/airflow/.local/lib/python3.12/site-packages/airflow/example_dags/example_task_group.py
[2024-05-02T22:59:17.595+0000] {processor.py:840} INFO - DAG(s) 'example_task_group' retrieved from /home/airflow/.local/lib/python3.12/site-packages/airflow/example_dags/example_task_group.py
[2024-05-02T22:59:17.686+0000] {logging_mixin.py:188} INFO - [2024-05-02T22:59:17.685+0000] {dag.py:3096} INFO - Sync 1 DAGs
[2024-05-02T22:59:17.841+0000] {logging_mixin.py:188} INFO - [2024-05-02T22:59:17.837+0000] {dag.py:3954} INFO - Setting next_dagrun for example_task_group to 2024-05-01 00:00:00+00:00, run_after=2024-05-02 00:00:00+00:00
[2024-05-02T22:59:17.939+0000] {processor.py:183} INFO - Processing /home/airflow/.local/lib/python3.12/site-packages/airflow/example_dags/example_task_group.py took 0.525 seconds
[2024-05-02T22:59:48.680+0000] {processor.py:161} INFO - Started process (PID=326) to work on /home/airflow/.local/lib/python3.12/site-packages/airflow/example_dags/example_task_group.py
[2024-05-02T22:59:48.682+0000] {processor.py:830} INFO - Processing file /home/airflow/.local/lib/python3.12/site-packages/airflow/example_dags/example_task_group.py for tasks to queue
[2024-05-02T22:59:48.688+0000] {logging_mixin.py:188} INFO - [2024-05-02T22:59:48.687+0000] {dagbag.py:540} INFO - Filling up the DagBag from /home/airflow/.local/lib/python3.12/site-packages/airflow/example_dags/example_task_group.py
[2024-05-02T22:59:48.727+0000] {processor.py:840} INFO - DAG(s) 'example_task_group' retrieved from /home/airflow/.local/lib/python3.12/site-packages/airflow/example_dags/example_task_group.py
[2024-05-02T22:59:48.847+0000] {logging_mixin.py:188} INFO - [2024-05-02T22:59:48.847+0000] {dag.py:3096} INFO - Sync 1 DAGs
[2024-05-02T22:59:49.038+0000] {logging_mixin.py:188} INFO - [2024-05-02T22:59:49.038+0000] {dag.py:3954} INFO - Setting next_dagrun for example_task_group to 2024-05-01 00:00:00+00:00, run_after=2024-05-02 00:00:00+00:00
[2024-05-02T22:59:49.211+0000] {processor.py:183} INFO - Processing /home/airflow/.local/lib/python3.12/site-packages/airflow/example_dags/example_task_group.py took 0.556 seconds
[2024-05-02T23:00:20.501+0000] {processor.py:161} INFO - Started process (PID=384) to work on /home/airflow/.local/lib/python3.12/site-packages/airflow/example_dags/example_task_group.py
[2024-05-02T23:00:20.507+0000] {processor.py:830} INFO - Processing file /home/airflow/.local/lib/python3.12/site-packages/airflow/example_dags/example_task_group.py for tasks to queue
[2024-05-02T23:00:20.516+0000] {logging_mixin.py:188} INFO - [2024-05-02T23:00:20.515+0000] {dagbag.py:540} INFO - Filling up the DagBag from /home/airflow/.local/lib/python3.12/site-packages/airflow/example_dags/example_task_group.py
[2024-05-02T23:00:20.551+0000] {processor.py:840} INFO - DAG(s) 'example_task_group' retrieved from /home/airflow/.local/lib/python3.12/site-packages/airflow/example_dags/example_task_group.py
[2024-05-02T23:00:20.620+0000] {logging_mixin.py:188} INFO - [2024-05-02T23:00:20.619+0000] {dag.py:3096} INFO - Sync 1 DAGs
[2024-05-02T23:00:20.704+0000] {logging_mixin.py:188} INFO - [2024-05-02T23:00:20.704+0000] {dag.py:3954} INFO - Setting next_dagrun for example_task_group to 2024-05-01 00:00:00+00:00, run_after=2024-05-02 00:00:00+00:00
[2024-05-02T23:00:20.834+0000] {processor.py:183} INFO - Processing /home/airflow/.local/lib/python3.12/site-packages/airflow/example_dags/example_task_group.py took 0.359 seconds
[2024-05-02T23:00:51.146+0000] {processor.py:161} INFO - Started process (PID=443) to work on /home/airflow/.local/lib/python3.12/site-packages/airflow/example_dags/example_task_group.py
[2024-05-02T23:00:51.148+0000] {processor.py:830} INFO - Processing file /home/airflow/.local/lib/python3.12/site-packages/airflow/example_dags/example_task_group.py for tasks to queue
[2024-05-02T23:00:51.153+0000] {logging_mixin.py:188} INFO - [2024-05-02T23:00:51.152+0000] {dagbag.py:540} INFO - Filling up the DagBag from /home/airflow/.local/lib/python3.12/site-packages/airflow/example_dags/example_task_group.py
[2024-05-02T23:00:51.218+0000] {processor.py:840} INFO - DAG(s) 'example_task_group' retrieved from /home/airflow/.local/lib/python3.12/site-packages/airflow/example_dags/example_task_group.py
[2024-05-02T23:00:51.316+0000] {logging_mixin.py:188} INFO - [2024-05-02T23:00:51.315+0000] {dag.py:3096} INFO - Sync 1 DAGs
[2024-05-02T23:00:51.509+0000] {logging_mixin.py:188} INFO - [2024-05-02T23:00:51.508+0000] {dag.py:3954} INFO - Setting next_dagrun for example_task_group to 2024-05-01 00:00:00+00:00, run_after=2024-05-02 00:00:00+00:00
[2024-05-02T23:00:51.566+0000] {processor.py:183} INFO - Processing /home/airflow/.local/lib/python3.12/site-packages/airflow/example_dags/example_task_group.py took 0.434 seconds
[2024-05-02T23:01:22.703+0000] {processor.py:161} INFO - Started process (PID=503) to work on /home/airflow/.local/lib/python3.12/site-packages/airflow/example_dags/example_task_group.py
[2024-05-02T23:01:22.705+0000] {processor.py:830} INFO - Processing file /home/airflow/.local/lib/python3.12/site-packages/airflow/example_dags/example_task_group.py for tasks to queue
[2024-05-02T23:01:22.710+0000] {logging_mixin.py:188} INFO - [2024-05-02T23:01:22.709+0000] {dagbag.py:540} INFO - Filling up the DagBag from /home/airflow/.local/lib/python3.12/site-packages/airflow/example_dags/example_task_group.py
[2024-05-02T23:01:22.739+0000] {processor.py:840} INFO - DAG(s) 'example_task_group' retrieved from /home/airflow/.local/lib/python3.12/site-packages/airflow/example_dags/example_task_group.py
[2024-05-02T23:01:22.816+0000] {logging_mixin.py:188} INFO - [2024-05-02T23:01:22.815+0000] {dag.py:3096} INFO - Sync 1 DAGs
[2024-05-02T23:01:22.873+0000] {logging_mixin.py:188} INFO - [2024-05-02T23:01:22.872+0000] {dag.py:3954} INFO - Setting next_dagrun for example_task_group to 2024-05-01 00:00:00+00:00, run_after=2024-05-02 00:00:00+00:00
[2024-05-02T23:01:22.917+0000] {processor.py:183} INFO - Processing /home/airflow/.local/lib/python3.12/site-packages/airflow/example_dags/example_task_group.py took 0.241 seconds
[2024-05-02T23:01:53.247+0000] {processor.py:161} INFO - Started process (PID=560) to work on /home/airflow/.local/lib/python3.12/site-packages/airflow/example_dags/example_task_group.py
[2024-05-02T23:01:53.249+0000] {processor.py:830} INFO - Processing file /home/airflow/.local/lib/python3.12/site-packages/airflow/example_dags/example_task_group.py for tasks to queue
[2024-05-02T23:01:53.254+0000] {logging_mixin.py:188} INFO - [2024-05-02T23:01:53.253+0000] {dagbag.py:540} INFO - Filling up the DagBag from /home/airflow/.local/lib/python3.12/site-packages/airflow/example_dags/example_task_group.py
[2024-05-02T23:01:53.275+0000] {processor.py:840} INFO - DAG(s) 'example_task_group' retrieved from /home/airflow/.local/lib/python3.12/site-packages/airflow/example_dags/example_task_group.py
[2024-05-02T23:01:53.387+0000] {logging_mixin.py:188} INFO - [2024-05-02T23:01:53.386+0000] {dag.py:3096} INFO - Sync 1 DAGs
[2024-05-02T23:01:53.627+0000] {logging_mixin.py:188} INFO - [2024-05-02T23:01:53.627+0000] {dag.py:3954} INFO - Setting next_dagrun for example_task_group to 2024-05-01 00:00:00+00:00, run_after=2024-05-02 00:00:00+00:00
[2024-05-02T23:01:53.800+0000] {processor.py:183} INFO - Processing /home/airflow/.local/lib/python3.12/site-packages/airflow/example_dags/example_task_group.py took 0.571 seconds
[2024-05-02T23:02:24.434+0000] {processor.py:161} INFO - Started process (PID=620) to work on /home/airflow/.local/lib/python3.12/site-packages/airflow/example_dags/example_task_group.py
[2024-05-02T23:02:24.435+0000] {processor.py:830} INFO - Processing file /home/airflow/.local/lib/python3.12/site-packages/airflow/example_dags/example_task_group.py for tasks to queue
[2024-05-02T23:02:24.438+0000] {logging_mixin.py:188} INFO - [2024-05-02T23:02:24.438+0000] {dagbag.py:540} INFO - Filling up the DagBag from /home/airflow/.local/lib/python3.12/site-packages/airflow/example_dags/example_task_group.py
[2024-05-02T23:02:24.453+0000] {processor.py:840} INFO - DAG(s) 'example_task_group' retrieved from /home/airflow/.local/lib/python3.12/site-packages/airflow/example_dags/example_task_group.py
[2024-05-02T23:02:24.496+0000] {logging_mixin.py:188} INFO - [2024-05-02T23:02:24.496+0000] {dag.py:3096} INFO - Sync 1 DAGs
[2024-05-02T23:02:24.542+0000] {logging_mixin.py:188} INFO - [2024-05-02T23:02:24.542+0000] {dag.py:3954} INFO - Setting next_dagrun for example_task_group to 2024-05-01 00:00:00+00:00, run_after=2024-05-02 00:00:00+00:00
[2024-05-02T23:02:24.584+0000] {processor.py:183} INFO - Processing /home/airflow/.local/lib/python3.12/site-packages/airflow/example_dags/example_task_group.py took 0.163 seconds
[2024-05-02T23:02:55.024+0000] {processor.py:161} INFO - Started process (PID=679) to work on /home/airflow/.local/lib/python3.12/site-packages/airflow/example_dags/example_task_group.py
[2024-05-02T23:02:55.025+0000] {processor.py:830} INFO - Processing file /home/airflow/.local/lib/python3.12/site-packages/airflow/example_dags/example_task_group.py for tasks to queue
[2024-05-02T23:02:55.030+0000] {logging_mixin.py:188} INFO - [2024-05-02T23:02:55.028+0000] {dagbag.py:540} INFO - Filling up the DagBag from /home/airflow/.local/lib/python3.12/site-packages/airflow/example_dags/example_task_group.py
[2024-05-02T23:02:55.048+0000] {processor.py:840} INFO - DAG(s) 'example_task_group' retrieved from /home/airflow/.local/lib/python3.12/site-packages/airflow/example_dags/example_task_group.py
[2024-05-02T23:02:55.116+0000] {logging_mixin.py:188} INFO - [2024-05-02T23:02:55.115+0000] {dag.py:3096} INFO - Sync 1 DAGs
[2024-05-02T23:02:55.187+0000] {logging_mixin.py:188} INFO - [2024-05-02T23:02:55.187+0000] {dag.py:3954} INFO - Setting next_dagrun for example_task_group to 2024-05-01 00:00:00+00:00, run_after=2024-05-02 00:00:00+00:00
[2024-05-02T23:02:55.252+0000] {processor.py:183} INFO - Processing /home/airflow/.local/lib/python3.12/site-packages/airflow/example_dags/example_task_group.py took 0.240 seconds
[2024-05-02T23:03:25.693+0000] {processor.py:161} INFO - Started process (PID=738) to work on /home/airflow/.local/lib/python3.12/site-packages/airflow/example_dags/example_task_group.py
[2024-05-02T23:03:25.695+0000] {processor.py:830} INFO - Processing file /home/airflow/.local/lib/python3.12/site-packages/airflow/example_dags/example_task_group.py for tasks to queue
[2024-05-02T23:03:25.699+0000] {logging_mixin.py:188} INFO - [2024-05-02T23:03:25.699+0000] {dagbag.py:540} INFO - Filling up the DagBag from /home/airflow/.local/lib/python3.12/site-packages/airflow/example_dags/example_task_group.py
[2024-05-02T23:03:25.720+0000] {processor.py:840} INFO - DAG(s) 'example_task_group' retrieved from /home/airflow/.local/lib/python3.12/site-packages/airflow/example_dags/example_task_group.py
[2024-05-02T23:03:25.776+0000] {logging_mixin.py:188} INFO - [2024-05-02T23:03:25.775+0000] {dag.py:3096} INFO - Sync 1 DAGs
[2024-05-02T23:03:25.838+0000] {logging_mixin.py:188} INFO - [2024-05-02T23:03:25.837+0000] {dag.py:3954} INFO - Setting next_dagrun for example_task_group to 2024-05-01 00:00:00+00:00, run_after=2024-05-02 00:00:00+00:00
[2024-05-02T23:03:25.902+0000] {processor.py:183} INFO - Processing /home/airflow/.local/lib/python3.12/site-packages/airflow/example_dags/example_task_group.py took 0.220 seconds
[2024-05-02T23:03:56.382+0000] {processor.py:161} INFO - Started process (PID=797) to work on /home/airflow/.local/lib/python3.12/site-packages/airflow/example_dags/example_task_group.py
[2024-05-02T23:03:56.383+0000] {processor.py:830} INFO - Processing file /home/airflow/.local/lib/python3.12/site-packages/airflow/example_dags/example_task_group.py for tasks to queue
[2024-05-02T23:03:56.387+0000] {logging_mixin.py:188} INFO - [2024-05-02T23:03:56.386+0000] {dagbag.py:540} INFO - Filling up the DagBag from /home/airflow/.local/lib/python3.12/site-packages/airflow/example_dags/example_task_group.py
[2024-05-02T23:03:56.398+0000] {processor.py:840} INFO - DAG(s) 'example_task_group' retrieved from /home/airflow/.local/lib/python3.12/site-packages/airflow/example_dags/example_task_group.py
[2024-05-02T23:03:56.441+0000] {logging_mixin.py:188} INFO - [2024-05-02T23:03:56.441+0000] {dag.py:3096} INFO - Sync 1 DAGs
[2024-05-02T23:03:56.503+0000] {logging_mixin.py:188} INFO - [2024-05-02T23:03:56.502+0000] {dag.py:3954} INFO - Setting next_dagrun for example_task_group to 2024-05-01 00:00:00+00:00, run_after=2024-05-02 00:00:00+00:00
[2024-05-02T23:03:56.619+0000] {processor.py:183} INFO - Processing /home/airflow/.local/lib/python3.12/site-packages/airflow/example_dags/example_task_group.py took 0.250 seconds
[2024-05-02T23:04:26.800+0000] {processor.py:161} INFO - Started process (PID=856) to work on /home/airflow/.local/lib/python3.12/site-packages/airflow/example_dags/example_task_group.py
[2024-05-02T23:04:26.802+0000] {processor.py:830} INFO - Processing file /home/airflow/.local/lib/python3.12/site-packages/airflow/example_dags/example_task_group.py for tasks to queue
[2024-05-02T23:04:26.811+0000] {logging_mixin.py:188} INFO - [2024-05-02T23:04:26.809+0000] {dagbag.py:540} INFO - Filling up the DagBag from /home/airflow/.local/lib/python3.12/site-packages/airflow/example_dags/example_task_group.py
[2024-05-02T23:04:26.879+0000] {processor.py:840} INFO - DAG(s) 'example_task_group' retrieved from /home/airflow/.local/lib/python3.12/site-packages/airflow/example_dags/example_task_group.py
[2024-05-02T23:04:26.951+0000] {logging_mixin.py:188} INFO - [2024-05-02T23:04:26.950+0000] {dag.py:3096} INFO - Sync 1 DAGs
[2024-05-02T23:04:27.410+0000] {logging_mixin.py:188} INFO - [2024-05-02T23:04:27.409+0000] {dag.py:3954} INFO - Setting next_dagrun for example_task_group to 2024-05-01 00:00:00+00:00, run_after=2024-05-02 00:00:00+00:00
[2024-05-02T23:04:27.456+0000] {processor.py:183} INFO - Processing /home/airflow/.local/lib/python3.12/site-packages/airflow/example_dags/example_task_group.py took 0.675 seconds
[2024-05-02T23:04:57.963+0000] {processor.py:161} INFO - Started process (PID=921) to work on /home/airflow/.local/lib/python3.12/site-packages/airflow/example_dags/example_task_group.py
[2024-05-02T23:04:57.965+0000] {processor.py:830} INFO - Processing file /home/airflow/.local/lib/python3.12/site-packages/airflow/example_dags/example_task_group.py for tasks to queue
[2024-05-02T23:04:57.969+0000] {logging_mixin.py:188} INFO - [2024-05-02T23:04:57.968+0000] {dagbag.py:540} INFO - Filling up the DagBag from /home/airflow/.local/lib/python3.12/site-packages/airflow/example_dags/example_task_group.py
[2024-05-02T23:04:57.987+0000] {processor.py:840} INFO - DAG(s) 'example_task_group' retrieved from /home/airflow/.local/lib/python3.12/site-packages/airflow/example_dags/example_task_group.py
[2024-05-02T23:04:58.035+0000] {logging_mixin.py:188} INFO - [2024-05-02T23:04:58.034+0000] {dag.py:3096} INFO - Sync 1 DAGs
[2024-05-02T23:04:58.359+0000] {logging_mixin.py:188} INFO - [2024-05-02T23:04:58.358+0000] {dag.py:3954} INFO - Setting next_dagrun for example_task_group to 2024-05-01 00:00:00+00:00, run_after=2024-05-02 00:00:00+00:00
[2024-05-02T23:04:58.401+0000] {processor.py:183} INFO - Processing /home/airflow/.local/lib/python3.12/site-packages/airflow/example_dags/example_task_group.py took 0.450 seconds
[2024-05-02T23:05:28.629+0000] {processor.py:161} INFO - Started process (PID=979) to work on /home/airflow/.local/lib/python3.12/site-packages/airflow/example_dags/example_task_group.py
[2024-05-02T23:05:28.633+0000] {processor.py:830} INFO - Processing file /home/airflow/.local/lib/python3.12/site-packages/airflow/example_dags/example_task_group.py for tasks to queue
[2024-05-02T23:05:28.638+0000] {logging_mixin.py:188} INFO - [2024-05-02T23:05:28.637+0000] {dagbag.py:540} INFO - Filling up the DagBag from /home/airflow/.local/lib/python3.12/site-packages/airflow/example_dags/example_task_group.py
[2024-05-02T23:05:28.660+0000] {processor.py:840} INFO - DAG(s) 'example_task_group' retrieved from /home/airflow/.local/lib/python3.12/site-packages/airflow/example_dags/example_task_group.py
[2024-05-02T23:05:28.711+0000] {logging_mixin.py:188} INFO - [2024-05-02T23:05:28.710+0000] {dag.py:3096} INFO - Sync 1 DAGs
[2024-05-02T23:05:28.759+0000] {logging_mixin.py:188} INFO - [2024-05-02T23:05:28.758+0000] {dag.py:3954} INFO - Setting next_dagrun for example_task_group to 2024-05-01 00:00:00+00:00, run_after=2024-05-02 00:00:00+00:00
[2024-05-02T23:05:28.815+0000] {processor.py:183} INFO - Processing /home/airflow/.local/lib/python3.12/site-packages/airflow/example_dags/example_task_group.py took 0.198 seconds
[2024-05-02T23:05:59.745+0000] {processor.py:161} INFO - Started process (PID=1038) to work on /home/airflow/.local/lib/python3.12/site-packages/airflow/example_dags/example_task_group.py
[2024-05-02T23:05:59.747+0000] {processor.py:830} INFO - Processing file /home/airflow/.local/lib/python3.12/site-packages/airflow/example_dags/example_task_group.py for tasks to queue
[2024-05-02T23:05:59.752+0000] {logging_mixin.py:188} INFO - [2024-05-02T23:05:59.751+0000] {dagbag.py:540} INFO - Filling up the DagBag from /home/airflow/.local/lib/python3.12/site-packages/airflow/example_dags/example_task_group.py
[2024-05-02T23:05:59.768+0000] {processor.py:840} INFO - DAG(s) 'example_task_group' retrieved from /home/airflow/.local/lib/python3.12/site-packages/airflow/example_dags/example_task_group.py
[2024-05-02T23:05:59.816+0000] {logging_mixin.py:188} INFO - [2024-05-02T23:05:59.816+0000] {dag.py:3096} INFO - Sync 1 DAGs
[2024-05-02T23:05:59.874+0000] {logging_mixin.py:188} INFO - [2024-05-02T23:05:59.873+0000] {dag.py:3954} INFO - Setting next_dagrun for example_task_group to 2024-05-01 00:00:00+00:00, run_after=2024-05-02 00:00:00+00:00
[2024-05-02T23:05:59.922+0000] {processor.py:183} INFO - Processing /home/airflow/.local/lib/python3.12/site-packages/airflow/example_dags/example_task_group.py took 0.192 seconds
[2024-05-02T23:06:30.751+0000] {processor.py:161} INFO - Started process (PID=1097) to work on /home/airflow/.local/lib/python3.12/site-packages/airflow/example_dags/example_task_group.py
[2024-05-02T23:06:30.753+0000] {processor.py:830} INFO - Processing file /home/airflow/.local/lib/python3.12/site-packages/airflow/example_dags/example_task_group.py for tasks to queue
[2024-05-02T23:06:30.758+0000] {logging_mixin.py:188} INFO - [2024-05-02T23:06:30.757+0000] {dagbag.py:540} INFO - Filling up the DagBag from /home/airflow/.local/lib/python3.12/site-packages/airflow/example_dags/example_task_group.py
[2024-05-02T23:06:30.776+0000] {processor.py:840} INFO - DAG(s) 'example_task_group' retrieved from /home/airflow/.local/lib/python3.12/site-packages/airflow/example_dags/example_task_group.py
[2024-05-02T23:06:30.828+0000] {logging_mixin.py:188} INFO - [2024-05-02T23:06:30.827+0000] {dag.py:3096} INFO - Sync 1 DAGs
[2024-05-02T23:06:30.896+0000] {logging_mixin.py:188} INFO - [2024-05-02T23:06:30.895+0000] {dag.py:3954} INFO - Setting next_dagrun for example_task_group to 2024-05-01 00:00:00+00:00, run_after=2024-05-02 00:00:00+00:00
[2024-05-02T23:06:30.954+0000] {processor.py:183} INFO - Processing /home/airflow/.local/lib/python3.12/site-packages/airflow/example_dags/example_task_group.py took 0.213 seconds
