[2024-05-02T22:20:51.403+0000] {processor.py:161} INFO - Started process (PID=59) to work on /home/airflow/.local/lib/python3.12/site-packages/airflow/example_dags/example_local_kubernetes_executor.py
[2024-05-02T22:20:51.412+0000] {processor.py:830} INFO - Processing file /home/airflow/.local/lib/python3.12/site-packages/airflow/example_dags/example_local_kubernetes_executor.py for tasks to queue
[2024-05-02T22:20:51.444+0000] {logging_mixin.py:188} INFO - [2024-05-02T22:20:51.417+0000] {dagbag.py:540} INFO - Filling up the DagBag from /home/airflow/.local/lib/python3.12/site-packages/airflow/example_dags/example_local_kubernetes_executor.py
[2024-05-02T22:20:51.618+0000] {processor.py:840} INFO - DAG(s) 'example_local_kubernetes_executor' retrieved from /home/airflow/.local/lib/python3.12/site-packages/airflow/example_dags/example_local_kubernetes_executor.py
[2024-05-02T22:20:52.518+0000] {logging_mixin.py:188} INFO - [2024-05-02T22:20:52.518+0000] {dag.py:3096} INFO - Sync 1 DAGs
[2024-05-02T22:20:52.543+0000] {logging_mixin.py:188} INFO - [2024-05-02T22:20:52.543+0000] {dag.py:3954} INFO - Setting next_dagrun for example_local_kubernetes_executor to None, run_after=None
[2024-05-02T22:20:52.580+0000] {processor.py:183} INFO - Processing /home/airflow/.local/lib/python3.12/site-packages/airflow/example_dags/example_local_kubernetes_executor.py took 1.290 seconds
[2024-05-02T22:21:28.444+0000] {processor.py:161} INFO - Started process (PID=117) to work on /home/airflow/.local/lib/python3.12/site-packages/airflow/example_dags/example_local_kubernetes_executor.py
[2024-05-02T22:21:28.497+0000] {processor.py:830} INFO - Processing file /home/airflow/.local/lib/python3.12/site-packages/airflow/example_dags/example_local_kubernetes_executor.py for tasks to queue
[2024-05-02T22:21:28.517+0000] {logging_mixin.py:188} INFO - [2024-05-02T22:21:28.514+0000] {dagbag.py:540} INFO - Filling up the DagBag from /home/airflow/.local/lib/python3.12/site-packages/airflow/example_dags/example_local_kubernetes_executor.py
[2024-05-02T22:21:28.743+0000] {processor.py:840} INFO - DAG(s) 'example_local_kubernetes_executor' retrieved from /home/airflow/.local/lib/python3.12/site-packages/airflow/example_dags/example_local_kubernetes_executor.py
[2024-05-02T22:21:30.186+0000] {logging_mixin.py:188} INFO - [2024-05-02T22:21:30.186+0000] {dag.py:3096} INFO - Sync 1 DAGs
[2024-05-02T22:21:30.621+0000] {logging_mixin.py:188} INFO - [2024-05-02T22:21:30.594+0000] {dag.py:3954} INFO - Setting next_dagrun for example_local_kubernetes_executor to None, run_after=None
[2024-05-02T22:21:31.053+0000] {processor.py:183} INFO - Processing /home/airflow/.local/lib/python3.12/site-packages/airflow/example_dags/example_local_kubernetes_executor.py took 2.657 seconds
[2024-05-02T22:22:45.064+0000] {processor.py:161} INFO - Started process (PID=186) to work on /home/airflow/.local/lib/python3.12/site-packages/airflow/example_dags/example_local_kubernetes_executor.py
[2024-05-02T22:22:45.070+0000] {processor.py:830} INFO - Processing file /home/airflow/.local/lib/python3.12/site-packages/airflow/example_dags/example_local_kubernetes_executor.py for tasks to queue
[2024-05-02T22:22:45.083+0000] {logging_mixin.py:188} INFO - [2024-05-02T22:22:45.082+0000] {dagbag.py:540} INFO - Filling up the DagBag from /home/airflow/.local/lib/python3.12/site-packages/airflow/example_dags/example_local_kubernetes_executor.py
[2024-05-02T22:22:45.105+0000] {processor.py:840} INFO - DAG(s) 'example_local_kubernetes_executor' retrieved from /home/airflow/.local/lib/python3.12/site-packages/airflow/example_dags/example_local_kubernetes_executor.py
[2024-05-02T22:22:45.640+0000] {logging_mixin.py:188} INFO - [2024-05-02T22:22:45.639+0000] {dag.py:3096} INFO - Sync 1 DAGs
[2024-05-02T22:22:45.868+0000] {logging_mixin.py:188} INFO - [2024-05-02T22:22:45.867+0000] {dag.py:3954} INFO - Setting next_dagrun for example_local_kubernetes_executor to None, run_after=None
[2024-05-02T22:22:46.030+0000] {processor.py:183} INFO - Processing /home/airflow/.local/lib/python3.12/site-packages/airflow/example_dags/example_local_kubernetes_executor.py took 0.992 seconds
[2024-05-02T22:32:31.011+0000] {processor.py:161} INFO - Started process (PID=59) to work on /home/airflow/.local/lib/python3.12/site-packages/airflow/example_dags/example_local_kubernetes_executor.py
[2024-05-02T22:32:31.023+0000] {processor.py:830} INFO - Processing file /home/airflow/.local/lib/python3.12/site-packages/airflow/example_dags/example_local_kubernetes_executor.py for tasks to queue
[2024-05-02T22:32:31.044+0000] {logging_mixin.py:188} INFO - [2024-05-02T22:32:31.043+0000] {dagbag.py:540} INFO - Filling up the DagBag from /home/airflow/.local/lib/python3.12/site-packages/airflow/example_dags/example_local_kubernetes_executor.py
[2024-05-02T22:32:31.088+0000] {processor.py:840} INFO - DAG(s) 'example_local_kubernetes_executor' retrieved from /home/airflow/.local/lib/python3.12/site-packages/airflow/example_dags/example_local_kubernetes_executor.py
[2024-05-02T22:32:32.065+0000] {logging_mixin.py:188} INFO - [2024-05-02T22:32:32.064+0000] {dag.py:3096} INFO - Sync 1 DAGs
[2024-05-02T22:32:32.163+0000] {logging_mixin.py:188} INFO - [2024-05-02T22:32:32.146+0000] {dag.py:3954} INFO - Setting next_dagrun for example_local_kubernetes_executor to None, run_after=None
[2024-05-02T22:32:32.286+0000] {processor.py:183} INFO - Processing /home/airflow/.local/lib/python3.12/site-packages/airflow/example_dags/example_local_kubernetes_executor.py took 1.287 seconds
[2024-05-02T22:33:02.566+0000] {processor.py:161} INFO - Started process (PID=118) to work on /home/airflow/.local/lib/python3.12/site-packages/airflow/example_dags/example_local_kubernetes_executor.py
[2024-05-02T22:33:02.569+0000] {processor.py:830} INFO - Processing file /home/airflow/.local/lib/python3.12/site-packages/airflow/example_dags/example_local_kubernetes_executor.py for tasks to queue
[2024-05-02T22:33:02.579+0000] {logging_mixin.py:188} INFO - [2024-05-02T22:33:02.576+0000] {dagbag.py:540} INFO - Filling up the DagBag from /home/airflow/.local/lib/python3.12/site-packages/airflow/example_dags/example_local_kubernetes_executor.py
[2024-05-02T22:33:02.604+0000] {processor.py:840} INFO - DAG(s) 'example_local_kubernetes_executor' retrieved from /home/airflow/.local/lib/python3.12/site-packages/airflow/example_dags/example_local_kubernetes_executor.py
[2024-05-02T22:33:02.746+0000] {logging_mixin.py:188} INFO - [2024-05-02T22:33:02.745+0000] {dag.py:3096} INFO - Sync 1 DAGs
[2024-05-02T22:33:02.788+0000] {logging_mixin.py:188} INFO - [2024-05-02T22:33:02.787+0000] {dag.py:3954} INFO - Setting next_dagrun for example_local_kubernetes_executor to None, run_after=None
[2024-05-02T22:33:02.896+0000] {processor.py:183} INFO - Processing /home/airflow/.local/lib/python3.12/site-packages/airflow/example_dags/example_local_kubernetes_executor.py took 0.369 seconds
[2024-05-02T22:33:33.947+0000] {processor.py:161} INFO - Started process (PID=177) to work on /home/airflow/.local/lib/python3.12/site-packages/airflow/example_dags/example_local_kubernetes_executor.py
[2024-05-02T22:33:33.954+0000] {processor.py:830} INFO - Processing file /home/airflow/.local/lib/python3.12/site-packages/airflow/example_dags/example_local_kubernetes_executor.py for tasks to queue
[2024-05-02T22:33:33.971+0000] {logging_mixin.py:188} INFO - [2024-05-02T22:33:33.970+0000] {dagbag.py:540} INFO - Filling up the DagBag from /home/airflow/.local/lib/python3.12/site-packages/airflow/example_dags/example_local_kubernetes_executor.py
[2024-05-02T22:33:34.044+0000] {processor.py:840} INFO - DAG(s) 'example_local_kubernetes_executor' retrieved from /home/airflow/.local/lib/python3.12/site-packages/airflow/example_dags/example_local_kubernetes_executor.py
[2024-05-02T22:33:34.327+0000] {logging_mixin.py:188} INFO - [2024-05-02T22:33:34.326+0000] {dag.py:3096} INFO - Sync 1 DAGs
[2024-05-02T22:33:34.430+0000] {logging_mixin.py:188} INFO - [2024-05-02T22:33:34.429+0000] {dag.py:3954} INFO - Setting next_dagrun for example_local_kubernetes_executor to None, run_after=None
[2024-05-02T22:33:34.682+0000] {processor.py:183} INFO - Processing /home/airflow/.local/lib/python3.12/site-packages/airflow/example_dags/example_local_kubernetes_executor.py took 0.752 seconds
[2024-05-02T22:34:05.651+0000] {processor.py:161} INFO - Started process (PID=236) to work on /home/airflow/.local/lib/python3.12/site-packages/airflow/example_dags/example_local_kubernetes_executor.py
[2024-05-02T22:34:05.652+0000] {processor.py:830} INFO - Processing file /home/airflow/.local/lib/python3.12/site-packages/airflow/example_dags/example_local_kubernetes_executor.py for tasks to queue
[2024-05-02T22:34:05.655+0000] {logging_mixin.py:188} INFO - [2024-05-02T22:34:05.655+0000] {dagbag.py:540} INFO - Filling up the DagBag from /home/airflow/.local/lib/python3.12/site-packages/airflow/example_dags/example_local_kubernetes_executor.py
[2024-05-02T22:34:05.671+0000] {processor.py:840} INFO - DAG(s) 'example_local_kubernetes_executor' retrieved from /home/airflow/.local/lib/python3.12/site-packages/airflow/example_dags/example_local_kubernetes_executor.py
[2024-05-02T22:34:05.743+0000] {logging_mixin.py:188} INFO - [2024-05-02T22:34:05.742+0000] {dag.py:3096} INFO - Sync 1 DAGs
[2024-05-02T22:34:05.775+0000] {logging_mixin.py:188} INFO - [2024-05-02T22:34:05.774+0000] {dag.py:3954} INFO - Setting next_dagrun for example_local_kubernetes_executor to None, run_after=None
[2024-05-02T22:34:05.834+0000] {processor.py:183} INFO - Processing /home/airflow/.local/lib/python3.12/site-packages/airflow/example_dags/example_local_kubernetes_executor.py took 0.193 seconds
[2024-05-02T22:34:36.015+0000] {processor.py:161} INFO - Started process (PID=294) to work on /home/airflow/.local/lib/python3.12/site-packages/airflow/example_dags/example_local_kubernetes_executor.py
[2024-05-02T22:34:36.017+0000] {processor.py:830} INFO - Processing file /home/airflow/.local/lib/python3.12/site-packages/airflow/example_dags/example_local_kubernetes_executor.py for tasks to queue
[2024-05-02T22:34:36.023+0000] {logging_mixin.py:188} INFO - [2024-05-02T22:34:36.021+0000] {dagbag.py:540} INFO - Filling up the DagBag from /home/airflow/.local/lib/python3.12/site-packages/airflow/example_dags/example_local_kubernetes_executor.py
[2024-05-02T22:34:36.059+0000] {processor.py:840} INFO - DAG(s) 'example_local_kubernetes_executor' retrieved from /home/airflow/.local/lib/python3.12/site-packages/airflow/example_dags/example_local_kubernetes_executor.py
[2024-05-02T22:34:36.137+0000] {logging_mixin.py:188} INFO - [2024-05-02T22:34:36.136+0000] {dag.py:3096} INFO - Sync 1 DAGs
[2024-05-02T22:34:36.169+0000] {logging_mixin.py:188} INFO - [2024-05-02T22:34:36.169+0000] {dag.py:3954} INFO - Setting next_dagrun for example_local_kubernetes_executor to None, run_after=None
[2024-05-02T22:34:36.247+0000] {processor.py:183} INFO - Processing /home/airflow/.local/lib/python3.12/site-packages/airflow/example_dags/example_local_kubernetes_executor.py took 0.241 seconds
[2024-05-02T22:35:06.757+0000] {processor.py:161} INFO - Started process (PID=352) to work on /home/airflow/.local/lib/python3.12/site-packages/airflow/example_dags/example_local_kubernetes_executor.py
[2024-05-02T22:35:06.759+0000] {processor.py:830} INFO - Processing file /home/airflow/.local/lib/python3.12/site-packages/airflow/example_dags/example_local_kubernetes_executor.py for tasks to queue
[2024-05-02T22:35:06.762+0000] {logging_mixin.py:188} INFO - [2024-05-02T22:35:06.761+0000] {dagbag.py:540} INFO - Filling up the DagBag from /home/airflow/.local/lib/python3.12/site-packages/airflow/example_dags/example_local_kubernetes_executor.py
[2024-05-02T22:35:06.777+0000] {processor.py:840} INFO - DAG(s) 'example_local_kubernetes_executor' retrieved from /home/airflow/.local/lib/python3.12/site-packages/airflow/example_dags/example_local_kubernetes_executor.py
[2024-05-02T22:35:06.804+0000] {logging_mixin.py:188} INFO - [2024-05-02T22:35:06.804+0000] {dag.py:3096} INFO - Sync 1 DAGs
[2024-05-02T22:35:06.841+0000] {logging_mixin.py:188} INFO - [2024-05-02T22:35:06.841+0000] {dag.py:3954} INFO - Setting next_dagrun for example_local_kubernetes_executor to None, run_after=None
[2024-05-02T22:35:06.893+0000] {processor.py:183} INFO - Processing /home/airflow/.local/lib/python3.12/site-packages/airflow/example_dags/example_local_kubernetes_executor.py took 0.149 seconds
[2024-05-02T22:35:40.279+0000] {processor.py:161} INFO - Started process (PID=410) to work on /home/airflow/.local/lib/python3.12/site-packages/airflow/example_dags/example_local_kubernetes_executor.py
[2024-05-02T22:35:40.281+0000] {processor.py:830} INFO - Processing file /home/airflow/.local/lib/python3.12/site-packages/airflow/example_dags/example_local_kubernetes_executor.py for tasks to queue
[2024-05-02T22:35:40.285+0000] {logging_mixin.py:188} INFO - [2024-05-02T22:35:40.284+0000] {dagbag.py:540} INFO - Filling up the DagBag from /home/airflow/.local/lib/python3.12/site-packages/airflow/example_dags/example_local_kubernetes_executor.py
[2024-05-02T22:35:40.298+0000] {processor.py:840} INFO - DAG(s) 'example_local_kubernetes_executor' retrieved from /home/airflow/.local/lib/python3.12/site-packages/airflow/example_dags/example_local_kubernetes_executor.py
[2024-05-02T22:35:40.623+0000] {logging_mixin.py:188} INFO - [2024-05-02T22:35:40.622+0000] {dag.py:3096} INFO - Sync 1 DAGs
[2024-05-02T22:35:41.009+0000] {logging_mixin.py:188} INFO - [2024-05-02T22:35:41.008+0000] {dag.py:3954} INFO - Setting next_dagrun for example_local_kubernetes_executor to None, run_after=None
[2024-05-02T22:35:41.156+0000] {processor.py:183} INFO - Processing /home/airflow/.local/lib/python3.12/site-packages/airflow/example_dags/example_local_kubernetes_executor.py took 0.888 seconds
[2024-05-02T22:36:12.674+0000] {processor.py:161} INFO - Started process (PID=468) to work on /home/airflow/.local/lib/python3.12/site-packages/airflow/example_dags/example_local_kubernetes_executor.py
[2024-05-02T22:36:12.680+0000] {processor.py:830} INFO - Processing file /home/airflow/.local/lib/python3.12/site-packages/airflow/example_dags/example_local_kubernetes_executor.py for tasks to queue
[2024-05-02T22:36:12.712+0000] {logging_mixin.py:188} INFO - [2024-05-02T22:36:12.711+0000] {dagbag.py:540} INFO - Filling up the DagBag from /home/airflow/.local/lib/python3.12/site-packages/airflow/example_dags/example_local_kubernetes_executor.py
[2024-05-02T22:36:12.868+0000] {processor.py:840} INFO - DAG(s) 'example_local_kubernetes_executor' retrieved from /home/airflow/.local/lib/python3.12/site-packages/airflow/example_dags/example_local_kubernetes_executor.py
[2024-05-02T22:36:13.289+0000] {logging_mixin.py:188} INFO - [2024-05-02T22:36:13.288+0000] {dag.py:3096} INFO - Sync 1 DAGs
[2024-05-02T22:36:13.468+0000] {logging_mixin.py:188} INFO - [2024-05-02T22:36:13.468+0000] {dag.py:3954} INFO - Setting next_dagrun for example_local_kubernetes_executor to None, run_after=None
[2024-05-02T22:36:13.575+0000] {processor.py:183} INFO - Processing /home/airflow/.local/lib/python3.12/site-packages/airflow/example_dags/example_local_kubernetes_executor.py took 0.954 seconds
[2024-05-02T22:36:44.173+0000] {processor.py:161} INFO - Started process (PID=527) to work on /home/airflow/.local/lib/python3.12/site-packages/airflow/example_dags/example_local_kubernetes_executor.py
[2024-05-02T22:36:44.178+0000] {processor.py:830} INFO - Processing file /home/airflow/.local/lib/python3.12/site-packages/airflow/example_dags/example_local_kubernetes_executor.py for tasks to queue
[2024-05-02T22:36:44.195+0000] {logging_mixin.py:188} INFO - [2024-05-02T22:36:44.194+0000] {dagbag.py:540} INFO - Filling up the DagBag from /home/airflow/.local/lib/python3.12/site-packages/airflow/example_dags/example_local_kubernetes_executor.py
[2024-05-02T22:36:44.238+0000] {processor.py:840} INFO - DAG(s) 'example_local_kubernetes_executor' retrieved from /home/airflow/.local/lib/python3.12/site-packages/airflow/example_dags/example_local_kubernetes_executor.py
[2024-05-02T22:36:44.522+0000] {logging_mixin.py:188} INFO - [2024-05-02T22:36:44.521+0000] {dag.py:3096} INFO - Sync 1 DAGs
[2024-05-02T22:36:44.657+0000] {logging_mixin.py:188} INFO - [2024-05-02T22:36:44.657+0000] {dag.py:3954} INFO - Setting next_dagrun for example_local_kubernetes_executor to None, run_after=None
[2024-05-02T22:36:44.809+0000] {processor.py:183} INFO - Processing /home/airflow/.local/lib/python3.12/site-packages/airflow/example_dags/example_local_kubernetes_executor.py took 0.674 seconds
[2024-05-02T22:37:15.820+0000] {processor.py:161} INFO - Started process (PID=587) to work on /home/airflow/.local/lib/python3.12/site-packages/airflow/example_dags/example_local_kubernetes_executor.py
[2024-05-02T22:37:15.822+0000] {processor.py:830} INFO - Processing file /home/airflow/.local/lib/python3.12/site-packages/airflow/example_dags/example_local_kubernetes_executor.py for tasks to queue
[2024-05-02T22:37:15.826+0000] {logging_mixin.py:188} INFO - [2024-05-02T22:37:15.825+0000] {dagbag.py:540} INFO - Filling up the DagBag from /home/airflow/.local/lib/python3.12/site-packages/airflow/example_dags/example_local_kubernetes_executor.py
[2024-05-02T22:37:15.840+0000] {processor.py:840} INFO - DAG(s) 'example_local_kubernetes_executor' retrieved from /home/airflow/.local/lib/python3.12/site-packages/airflow/example_dags/example_local_kubernetes_executor.py
[2024-05-02T22:37:15.902+0000] {logging_mixin.py:188} INFO - [2024-05-02T22:37:15.902+0000] {dag.py:3096} INFO - Sync 1 DAGs
[2024-05-02T22:37:15.930+0000] {logging_mixin.py:188} INFO - [2024-05-02T22:37:15.930+0000] {dag.py:3954} INFO - Setting next_dagrun for example_local_kubernetes_executor to None, run_after=None
[2024-05-02T22:37:15.970+0000] {processor.py:183} INFO - Processing /home/airflow/.local/lib/python3.12/site-packages/airflow/example_dags/example_local_kubernetes_executor.py took 0.163 seconds
[2024-05-02T22:37:51.212+0000] {processor.py:161} INFO - Started process (PID=641) to work on /home/airflow/.local/lib/python3.12/site-packages/airflow/example_dags/example_local_kubernetes_executor.py
[2024-05-02T22:37:51.214+0000] {processor.py:830} INFO - Processing file /home/airflow/.local/lib/python3.12/site-packages/airflow/example_dags/example_local_kubernetes_executor.py for tasks to queue
[2024-05-02T22:37:51.218+0000] {logging_mixin.py:188} INFO - [2024-05-02T22:37:51.217+0000] {dagbag.py:540} INFO - Filling up the DagBag from /home/airflow/.local/lib/python3.12/site-packages/airflow/example_dags/example_local_kubernetes_executor.py
[2024-05-02T22:37:51.231+0000] {processor.py:840} INFO - DAG(s) 'example_local_kubernetes_executor' retrieved from /home/airflow/.local/lib/python3.12/site-packages/airflow/example_dags/example_local_kubernetes_executor.py
[2024-05-02T22:37:51.377+0000] {logging_mixin.py:188} INFO - [2024-05-02T22:37:51.374+0000] {dag.py:3096} INFO - Sync 1 DAGs
[2024-05-02T22:37:51.423+0000] {logging_mixin.py:188} INFO - [2024-05-02T22:37:51.422+0000] {dag.py:3954} INFO - Setting next_dagrun for example_local_kubernetes_executor to None, run_after=None
[2024-05-02T22:37:51.495+0000] {processor.py:183} INFO - Processing /home/airflow/.local/lib/python3.12/site-packages/airflow/example_dags/example_local_kubernetes_executor.py took 0.294 seconds
[2024-05-02T22:38:26.025+0000] {processor.py:161} INFO - Started process (PID=699) to work on /home/airflow/.local/lib/python3.12/site-packages/airflow/example_dags/example_local_kubernetes_executor.py
[2024-05-02T22:38:26.027+0000] {processor.py:830} INFO - Processing file /home/airflow/.local/lib/python3.12/site-packages/airflow/example_dags/example_local_kubernetes_executor.py for tasks to queue
[2024-05-02T22:38:26.030+0000] {logging_mixin.py:188} INFO - [2024-05-02T22:38:26.030+0000] {dagbag.py:540} INFO - Filling up the DagBag from /home/airflow/.local/lib/python3.12/site-packages/airflow/example_dags/example_local_kubernetes_executor.py
[2024-05-02T22:38:26.049+0000] {processor.py:840} INFO - DAG(s) 'example_local_kubernetes_executor' retrieved from /home/airflow/.local/lib/python3.12/site-packages/airflow/example_dags/example_local_kubernetes_executor.py
[2024-05-02T22:38:26.119+0000] {logging_mixin.py:188} INFO - [2024-05-02T22:38:26.119+0000] {dag.py:3096} INFO - Sync 1 DAGs
[2024-05-02T22:38:26.147+0000] {logging_mixin.py:188} INFO - [2024-05-02T22:38:26.147+0000] {dag.py:3954} INFO - Setting next_dagrun for example_local_kubernetes_executor to None, run_after=None
[2024-05-02T22:38:26.193+0000] {processor.py:183} INFO - Processing /home/airflow/.local/lib/python3.12/site-packages/airflow/example_dags/example_local_kubernetes_executor.py took 0.179 seconds
[2024-05-02T22:39:06.592+0000] {processor.py:161} INFO - Started process (PID=765) to work on /home/airflow/.local/lib/python3.12/site-packages/airflow/example_dags/example_local_kubernetes_executor.py
[2024-05-02T22:39:06.629+0000] {processor.py:830} INFO - Processing file /home/airflow/.local/lib/python3.12/site-packages/airflow/example_dags/example_local_kubernetes_executor.py for tasks to queue
[2024-05-02T22:39:06.646+0000] {logging_mixin.py:188} INFO - [2024-05-02T22:39:06.645+0000] {dagbag.py:540} INFO - Filling up the DagBag from /home/airflow/.local/lib/python3.12/site-packages/airflow/example_dags/example_local_kubernetes_executor.py
[2024-05-02T22:39:06.795+0000] {processor.py:840} INFO - DAG(s) 'example_local_kubernetes_executor' retrieved from /home/airflow/.local/lib/python3.12/site-packages/airflow/example_dags/example_local_kubernetes_executor.py
[2024-05-02T22:39:07.187+0000] {logging_mixin.py:188} INFO - [2024-05-02T22:39:07.186+0000] {dag.py:3096} INFO - Sync 1 DAGs
[2024-05-02T22:39:07.381+0000] {logging_mixin.py:188} INFO - [2024-05-02T22:39:07.380+0000] {dag.py:3954} INFO - Setting next_dagrun for example_local_kubernetes_executor to None, run_after=None
[2024-05-02T22:39:07.594+0000] {processor.py:183} INFO - Processing /home/airflow/.local/lib/python3.12/site-packages/airflow/example_dags/example_local_kubernetes_executor.py took 1.240 seconds
[2024-05-02T22:39:41.315+0000] {processor.py:161} INFO - Started process (PID=823) to work on /home/airflow/.local/lib/python3.12/site-packages/airflow/example_dags/example_local_kubernetes_executor.py
[2024-05-02T22:39:41.345+0000] {processor.py:830} INFO - Processing file /home/airflow/.local/lib/python3.12/site-packages/airflow/example_dags/example_local_kubernetes_executor.py for tasks to queue
[2024-05-02T22:39:41.361+0000] {logging_mixin.py:188} INFO - [2024-05-02T22:39:41.360+0000] {dagbag.py:540} INFO - Filling up the DagBag from /home/airflow/.local/lib/python3.12/site-packages/airflow/example_dags/example_local_kubernetes_executor.py
[2024-05-02T22:39:41.458+0000] {processor.py:840} INFO - DAG(s) 'example_local_kubernetes_executor' retrieved from /home/airflow/.local/lib/python3.12/site-packages/airflow/example_dags/example_local_kubernetes_executor.py
[2024-05-02T22:39:41.627+0000] {logging_mixin.py:188} INFO - [2024-05-02T22:39:41.626+0000] {dag.py:3096} INFO - Sync 1 DAGs
[2024-05-02T22:39:41.771+0000] {logging_mixin.py:188} INFO - [2024-05-02T22:39:41.771+0000] {dag.py:3954} INFO - Setting next_dagrun for example_local_kubernetes_executor to None, run_after=None
[2024-05-02T22:39:42.021+0000] {processor.py:183} INFO - Processing /home/airflow/.local/lib/python3.12/site-packages/airflow/example_dags/example_local_kubernetes_executor.py took 0.743 seconds
[2024-05-02T22:40:16.446+0000] {processor.py:161} INFO - Started process (PID=883) to work on /home/airflow/.local/lib/python3.12/site-packages/airflow/example_dags/example_local_kubernetes_executor.py
[2024-05-02T22:40:16.449+0000] {processor.py:830} INFO - Processing file /home/airflow/.local/lib/python3.12/site-packages/airflow/example_dags/example_local_kubernetes_executor.py for tasks to queue
[2024-05-02T22:40:16.460+0000] {logging_mixin.py:188} INFO - [2024-05-02T22:40:16.454+0000] {dagbag.py:540} INFO - Filling up the DagBag from /home/airflow/.local/lib/python3.12/site-packages/airflow/example_dags/example_local_kubernetes_executor.py
[2024-05-02T22:40:16.482+0000] {processor.py:840} INFO - DAG(s) 'example_local_kubernetes_executor' retrieved from /home/airflow/.local/lib/python3.12/site-packages/airflow/example_dags/example_local_kubernetes_executor.py
[2024-05-02T22:40:17.138+0000] {logging_mixin.py:188} INFO - [2024-05-02T22:40:17.137+0000] {dag.py:3096} INFO - Sync 1 DAGs
[2024-05-02T22:40:17.165+0000] {logging_mixin.py:188} INFO - [2024-05-02T22:40:17.164+0000] {dag.py:3954} INFO - Setting next_dagrun for example_local_kubernetes_executor to None, run_after=None
[2024-05-02T22:40:17.227+0000] {processor.py:183} INFO - Processing /home/airflow/.local/lib/python3.12/site-packages/airflow/example_dags/example_local_kubernetes_executor.py took 0.793 seconds
[2024-05-02T22:40:47.716+0000] {processor.py:161} INFO - Started process (PID=942) to work on /home/airflow/.local/lib/python3.12/site-packages/airflow/example_dags/example_local_kubernetes_executor.py
[2024-05-02T22:40:47.719+0000] {processor.py:830} INFO - Processing file /home/airflow/.local/lib/python3.12/site-packages/airflow/example_dags/example_local_kubernetes_executor.py for tasks to queue
[2024-05-02T22:40:47.722+0000] {logging_mixin.py:188} INFO - [2024-05-02T22:40:47.722+0000] {dagbag.py:540} INFO - Filling up the DagBag from /home/airflow/.local/lib/python3.12/site-packages/airflow/example_dags/example_local_kubernetes_executor.py
[2024-05-02T22:40:47.737+0000] {processor.py:840} INFO - DAG(s) 'example_local_kubernetes_executor' retrieved from /home/airflow/.local/lib/python3.12/site-packages/airflow/example_dags/example_local_kubernetes_executor.py
[2024-05-02T22:40:47.836+0000] {logging_mixin.py:188} INFO - [2024-05-02T22:40:47.835+0000] {dag.py:3096} INFO - Sync 1 DAGs
[2024-05-02T22:40:47.872+0000] {logging_mixin.py:188} INFO - [2024-05-02T22:40:47.871+0000] {dag.py:3954} INFO - Setting next_dagrun for example_local_kubernetes_executor to None, run_after=None
[2024-05-02T22:40:47.920+0000] {processor.py:183} INFO - Processing /home/airflow/.local/lib/python3.12/site-packages/airflow/example_dags/example_local_kubernetes_executor.py took 0.214 seconds
[2024-05-02T22:41:18.462+0000] {processor.py:161} INFO - Started process (PID=1001) to work on /home/airflow/.local/lib/python3.12/site-packages/airflow/example_dags/example_local_kubernetes_executor.py
[2024-05-02T22:41:18.464+0000] {processor.py:830} INFO - Processing file /home/airflow/.local/lib/python3.12/site-packages/airflow/example_dags/example_local_kubernetes_executor.py for tasks to queue
[2024-05-02T22:41:18.467+0000] {logging_mixin.py:188} INFO - [2024-05-02T22:41:18.466+0000] {dagbag.py:540} INFO - Filling up the DagBag from /home/airflow/.local/lib/python3.12/site-packages/airflow/example_dags/example_local_kubernetes_executor.py
[2024-05-02T22:41:18.732+0000] {processor.py:840} INFO - DAG(s) 'example_local_kubernetes_executor' retrieved from /home/airflow/.local/lib/python3.12/site-packages/airflow/example_dags/example_local_kubernetes_executor.py
[2024-05-02T22:41:18.806+0000] {logging_mixin.py:188} INFO - [2024-05-02T22:41:18.805+0000] {dag.py:3096} INFO - Sync 1 DAGs
[2024-05-02T22:41:18.834+0000] {logging_mixin.py:188} INFO - [2024-05-02T22:41:18.833+0000] {dag.py:3954} INFO - Setting next_dagrun for example_local_kubernetes_executor to None, run_after=None
[2024-05-02T22:41:18.876+0000] {processor.py:183} INFO - Processing /home/airflow/.local/lib/python3.12/site-packages/airflow/example_dags/example_local_kubernetes_executor.py took 0.425 seconds
[2024-05-02T22:41:49.352+0000] {processor.py:161} INFO - Started process (PID=1060) to work on /home/airflow/.local/lib/python3.12/site-packages/airflow/example_dags/example_local_kubernetes_executor.py
[2024-05-02T22:41:49.355+0000] {processor.py:830} INFO - Processing file /home/airflow/.local/lib/python3.12/site-packages/airflow/example_dags/example_local_kubernetes_executor.py for tasks to queue
[2024-05-02T22:41:49.361+0000] {logging_mixin.py:188} INFO - [2024-05-02T22:41:49.361+0000] {dagbag.py:540} INFO - Filling up the DagBag from /home/airflow/.local/lib/python3.12/site-packages/airflow/example_dags/example_local_kubernetes_executor.py
[2024-05-02T22:41:49.387+0000] {processor.py:840} INFO - DAG(s) 'example_local_kubernetes_executor' retrieved from /home/airflow/.local/lib/python3.12/site-packages/airflow/example_dags/example_local_kubernetes_executor.py
[2024-05-02T22:41:49.503+0000] {logging_mixin.py:188} INFO - [2024-05-02T22:41:49.502+0000] {dag.py:3096} INFO - Sync 1 DAGs
[2024-05-02T22:41:49.543+0000] {logging_mixin.py:188} INFO - [2024-05-02T22:41:49.542+0000] {dag.py:3954} INFO - Setting next_dagrun for example_local_kubernetes_executor to None, run_after=None
[2024-05-02T22:41:49.587+0000] {processor.py:183} INFO - Processing /home/airflow/.local/lib/python3.12/site-packages/airflow/example_dags/example_local_kubernetes_executor.py took 0.256 seconds
[2024-05-02T22:42:19.996+0000] {processor.py:161} INFO - Started process (PID=1119) to work on /home/airflow/.local/lib/python3.12/site-packages/airflow/example_dags/example_local_kubernetes_executor.py
[2024-05-02T22:42:19.998+0000] {processor.py:830} INFO - Processing file /home/airflow/.local/lib/python3.12/site-packages/airflow/example_dags/example_local_kubernetes_executor.py for tasks to queue
[2024-05-02T22:42:20.002+0000] {logging_mixin.py:188} INFO - [2024-05-02T22:42:20.001+0000] {dagbag.py:540} INFO - Filling up the DagBag from /home/airflow/.local/lib/python3.12/site-packages/airflow/example_dags/example_local_kubernetes_executor.py
[2024-05-02T22:42:20.022+0000] {processor.py:840} INFO - DAG(s) 'example_local_kubernetes_executor' retrieved from /home/airflow/.local/lib/python3.12/site-packages/airflow/example_dags/example_local_kubernetes_executor.py
[2024-05-02T22:42:20.128+0000] {logging_mixin.py:188} INFO - [2024-05-02T22:42:20.127+0000] {dag.py:3096} INFO - Sync 1 DAGs
[2024-05-02T22:42:20.172+0000] {logging_mixin.py:188} INFO - [2024-05-02T22:42:20.171+0000] {dag.py:3954} INFO - Setting next_dagrun for example_local_kubernetes_executor to None, run_after=None
[2024-05-02T22:42:20.272+0000] {processor.py:183} INFO - Processing /home/airflow/.local/lib/python3.12/site-packages/airflow/example_dags/example_local_kubernetes_executor.py took 0.293 seconds
[2024-05-02T22:42:50.516+0000] {processor.py:161} INFO - Started process (PID=1178) to work on /home/airflow/.local/lib/python3.12/site-packages/airflow/example_dags/example_local_kubernetes_executor.py
[2024-05-02T22:42:50.519+0000] {processor.py:830} INFO - Processing file /home/airflow/.local/lib/python3.12/site-packages/airflow/example_dags/example_local_kubernetes_executor.py for tasks to queue
[2024-05-02T22:42:50.523+0000] {logging_mixin.py:188} INFO - [2024-05-02T22:42:50.522+0000] {dagbag.py:540} INFO - Filling up the DagBag from /home/airflow/.local/lib/python3.12/site-packages/airflow/example_dags/example_local_kubernetes_executor.py
[2024-05-02T22:42:50.542+0000] {processor.py:840} INFO - DAG(s) 'example_local_kubernetes_executor' retrieved from /home/airflow/.local/lib/python3.12/site-packages/airflow/example_dags/example_local_kubernetes_executor.py
[2024-05-02T22:42:50.626+0000] {logging_mixin.py:188} INFO - [2024-05-02T22:42:50.626+0000] {dag.py:3096} INFO - Sync 1 DAGs
[2024-05-02T22:42:50.657+0000] {logging_mixin.py:188} INFO - [2024-05-02T22:42:50.657+0000] {dag.py:3954} INFO - Setting next_dagrun for example_local_kubernetes_executor to None, run_after=None
[2024-05-02T22:42:50.698+0000] {processor.py:183} INFO - Processing /home/airflow/.local/lib/python3.12/site-packages/airflow/example_dags/example_local_kubernetes_executor.py took 0.196 seconds
[2024-05-02T22:43:21.132+0000] {processor.py:161} INFO - Started process (PID=1237) to work on /home/airflow/.local/lib/python3.12/site-packages/airflow/example_dags/example_local_kubernetes_executor.py
[2024-05-02T22:43:21.134+0000] {processor.py:830} INFO - Processing file /home/airflow/.local/lib/python3.12/site-packages/airflow/example_dags/example_local_kubernetes_executor.py for tasks to queue
[2024-05-02T22:43:21.138+0000] {logging_mixin.py:188} INFO - [2024-05-02T22:43:21.137+0000] {dagbag.py:540} INFO - Filling up the DagBag from /home/airflow/.local/lib/python3.12/site-packages/airflow/example_dags/example_local_kubernetes_executor.py
[2024-05-02T22:43:21.164+0000] {processor.py:840} INFO - DAG(s) 'example_local_kubernetes_executor' retrieved from /home/airflow/.local/lib/python3.12/site-packages/airflow/example_dags/example_local_kubernetes_executor.py
[2024-05-02T22:43:21.279+0000] {logging_mixin.py:188} INFO - [2024-05-02T22:43:21.279+0000] {dag.py:3096} INFO - Sync 1 DAGs
[2024-05-02T22:43:21.324+0000] {logging_mixin.py:188} INFO - [2024-05-02T22:43:21.323+0000] {dag.py:3954} INFO - Setting next_dagrun for example_local_kubernetes_executor to None, run_after=None
[2024-05-02T22:43:21.449+0000] {processor.py:183} INFO - Processing /home/airflow/.local/lib/python3.12/site-packages/airflow/example_dags/example_local_kubernetes_executor.py took 0.334 seconds
[2024-05-02T22:43:51.797+0000] {processor.py:161} INFO - Started process (PID=1296) to work on /home/airflow/.local/lib/python3.12/site-packages/airflow/example_dags/example_local_kubernetes_executor.py
[2024-05-02T22:43:51.799+0000] {processor.py:830} INFO - Processing file /home/airflow/.local/lib/python3.12/site-packages/airflow/example_dags/example_local_kubernetes_executor.py for tasks to queue
[2024-05-02T22:43:51.802+0000] {logging_mixin.py:188} INFO - [2024-05-02T22:43:51.801+0000] {dagbag.py:540} INFO - Filling up the DagBag from /home/airflow/.local/lib/python3.12/site-packages/airflow/example_dags/example_local_kubernetes_executor.py
[2024-05-02T22:43:51.815+0000] {processor.py:840} INFO - DAG(s) 'example_local_kubernetes_executor' retrieved from /home/airflow/.local/lib/python3.12/site-packages/airflow/example_dags/example_local_kubernetes_executor.py
[2024-05-02T22:43:51.884+0000] {logging_mixin.py:188} INFO - [2024-05-02T22:43:51.884+0000] {dag.py:3096} INFO - Sync 1 DAGs
[2024-05-02T22:43:51.923+0000] {logging_mixin.py:188} INFO - [2024-05-02T22:43:51.923+0000] {dag.py:3954} INFO - Setting next_dagrun for example_local_kubernetes_executor to None, run_after=None
[2024-05-02T22:43:51.963+0000] {processor.py:183} INFO - Processing /home/airflow/.local/lib/python3.12/site-packages/airflow/example_dags/example_local_kubernetes_executor.py took 0.180 seconds
[2024-05-02T22:44:22.131+0000] {processor.py:161} INFO - Started process (PID=1353) to work on /home/airflow/.local/lib/python3.12/site-packages/airflow/example_dags/example_local_kubernetes_executor.py
[2024-05-02T22:44:22.133+0000] {processor.py:830} INFO - Processing file /home/airflow/.local/lib/python3.12/site-packages/airflow/example_dags/example_local_kubernetes_executor.py for tasks to queue
[2024-05-02T22:44:22.136+0000] {logging_mixin.py:188} INFO - [2024-05-02T22:44:22.136+0000] {dagbag.py:540} INFO - Filling up the DagBag from /home/airflow/.local/lib/python3.12/site-packages/airflow/example_dags/example_local_kubernetes_executor.py
[2024-05-02T22:44:22.151+0000] {processor.py:840} INFO - DAG(s) 'example_local_kubernetes_executor' retrieved from /home/airflow/.local/lib/python3.12/site-packages/airflow/example_dags/example_local_kubernetes_executor.py
[2024-05-02T22:44:22.225+0000] {logging_mixin.py:188} INFO - [2024-05-02T22:44:22.224+0000] {dag.py:3096} INFO - Sync 1 DAGs
[2024-05-02T22:44:22.257+0000] {logging_mixin.py:188} INFO - [2024-05-02T22:44:22.257+0000] {dag.py:3954} INFO - Setting next_dagrun for example_local_kubernetes_executor to None, run_after=None
[2024-05-02T22:44:22.297+0000] {processor.py:183} INFO - Processing /home/airflow/.local/lib/python3.12/site-packages/airflow/example_dags/example_local_kubernetes_executor.py took 0.177 seconds
[2024-05-02T22:44:53.056+0000] {processor.py:161} INFO - Started process (PID=1411) to work on /home/airflow/.local/lib/python3.12/site-packages/airflow/example_dags/example_local_kubernetes_executor.py
[2024-05-02T22:44:53.058+0000] {processor.py:830} INFO - Processing file /home/airflow/.local/lib/python3.12/site-packages/airflow/example_dags/example_local_kubernetes_executor.py for tasks to queue
[2024-05-02T22:44:53.069+0000] {logging_mixin.py:188} INFO - [2024-05-02T22:44:53.061+0000] {dagbag.py:540} INFO - Filling up the DagBag from /home/airflow/.local/lib/python3.12/site-packages/airflow/example_dags/example_local_kubernetes_executor.py
[2024-05-02T22:44:53.093+0000] {processor.py:840} INFO - DAG(s) 'example_local_kubernetes_executor' retrieved from /home/airflow/.local/lib/python3.12/site-packages/airflow/example_dags/example_local_kubernetes_executor.py
[2024-05-02T22:44:53.247+0000] {logging_mixin.py:188} INFO - [2024-05-02T22:44:53.246+0000] {dag.py:3096} INFO - Sync 1 DAGs
[2024-05-02T22:44:53.298+0000] {logging_mixin.py:188} INFO - [2024-05-02T22:44:53.298+0000] {dag.py:3954} INFO - Setting next_dagrun for example_local_kubernetes_executor to None, run_after=None
[2024-05-02T22:44:53.370+0000] {processor.py:183} INFO - Processing /home/airflow/.local/lib/python3.12/site-packages/airflow/example_dags/example_local_kubernetes_executor.py took 0.330 seconds
[2024-05-02T22:45:23.912+0000] {processor.py:161} INFO - Started process (PID=1470) to work on /home/airflow/.local/lib/python3.12/site-packages/airflow/example_dags/example_local_kubernetes_executor.py
[2024-05-02T22:45:23.914+0000] {processor.py:830} INFO - Processing file /home/airflow/.local/lib/python3.12/site-packages/airflow/example_dags/example_local_kubernetes_executor.py for tasks to queue
[2024-05-02T22:45:23.930+0000] {logging_mixin.py:188} INFO - [2024-05-02T22:45:23.929+0000] {dagbag.py:540} INFO - Filling up the DagBag from /home/airflow/.local/lib/python3.12/site-packages/airflow/example_dags/example_local_kubernetes_executor.py
[2024-05-02T22:45:23.948+0000] {processor.py:840} INFO - DAG(s) 'example_local_kubernetes_executor' retrieved from /home/airflow/.local/lib/python3.12/site-packages/airflow/example_dags/example_local_kubernetes_executor.py
[2024-05-02T22:45:24.051+0000] {logging_mixin.py:188} INFO - [2024-05-02T22:45:24.050+0000] {dag.py:3096} INFO - Sync 1 DAGs
[2024-05-02T22:45:24.088+0000] {logging_mixin.py:188} INFO - [2024-05-02T22:45:24.088+0000] {dag.py:3954} INFO - Setting next_dagrun for example_local_kubernetes_executor to None, run_after=None
[2024-05-02T22:45:24.148+0000] {processor.py:183} INFO - Processing /home/airflow/.local/lib/python3.12/site-packages/airflow/example_dags/example_local_kubernetes_executor.py took 0.261 seconds
[2024-05-02T22:45:54.720+0000] {processor.py:161} INFO - Started process (PID=1527) to work on /home/airflow/.local/lib/python3.12/site-packages/airflow/example_dags/example_local_kubernetes_executor.py
[2024-05-02T22:45:54.722+0000] {processor.py:830} INFO - Processing file /home/airflow/.local/lib/python3.12/site-packages/airflow/example_dags/example_local_kubernetes_executor.py for tasks to queue
[2024-05-02T22:45:54.727+0000] {logging_mixin.py:188} INFO - [2024-05-02T22:45:54.725+0000] {dagbag.py:540} INFO - Filling up the DagBag from /home/airflow/.local/lib/python3.12/site-packages/airflow/example_dags/example_local_kubernetes_executor.py
[2024-05-02T22:45:54.743+0000] {processor.py:840} INFO - DAG(s) 'example_local_kubernetes_executor' retrieved from /home/airflow/.local/lib/python3.12/site-packages/airflow/example_dags/example_local_kubernetes_executor.py
[2024-05-02T22:45:54.818+0000] {logging_mixin.py:188} INFO - [2024-05-02T22:45:54.818+0000] {dag.py:3096} INFO - Sync 1 DAGs
[2024-05-02T22:45:54.844+0000] {logging_mixin.py:188} INFO - [2024-05-02T22:45:54.844+0000] {dag.py:3954} INFO - Setting next_dagrun for example_local_kubernetes_executor to None, run_after=None
[2024-05-02T22:45:54.883+0000] {processor.py:183} INFO - Processing /home/airflow/.local/lib/python3.12/site-packages/airflow/example_dags/example_local_kubernetes_executor.py took 0.179 seconds
[2024-05-02T22:46:25.688+0000] {processor.py:161} INFO - Started process (PID=1586) to work on /home/airflow/.local/lib/python3.12/site-packages/airflow/example_dags/example_local_kubernetes_executor.py
[2024-05-02T22:46:25.701+0000] {processor.py:830} INFO - Processing file /home/airflow/.local/lib/python3.12/site-packages/airflow/example_dags/example_local_kubernetes_executor.py for tasks to queue
[2024-05-02T22:46:25.708+0000] {logging_mixin.py:188} INFO - [2024-05-02T22:46:25.707+0000] {dagbag.py:540} INFO - Filling up the DagBag from /home/airflow/.local/lib/python3.12/site-packages/airflow/example_dags/example_local_kubernetes_executor.py
[2024-05-02T22:46:25.733+0000] {processor.py:840} INFO - DAG(s) 'example_local_kubernetes_executor' retrieved from /home/airflow/.local/lib/python3.12/site-packages/airflow/example_dags/example_local_kubernetes_executor.py
[2024-05-02T22:46:25.908+0000] {logging_mixin.py:188} INFO - [2024-05-02T22:46:25.907+0000] {dag.py:3096} INFO - Sync 1 DAGs
[2024-05-02T22:46:25.946+0000] {logging_mixin.py:188} INFO - [2024-05-02T22:46:25.945+0000] {dag.py:3954} INFO - Setting next_dagrun for example_local_kubernetes_executor to None, run_after=None
[2024-05-02T22:46:26.031+0000] {processor.py:183} INFO - Processing /home/airflow/.local/lib/python3.12/site-packages/airflow/example_dags/example_local_kubernetes_executor.py took 0.366 seconds
[2024-05-02T22:46:56.287+0000] {processor.py:161} INFO - Started process (PID=1646) to work on /home/airflow/.local/lib/python3.12/site-packages/airflow/example_dags/example_local_kubernetes_executor.py
[2024-05-02T22:46:56.289+0000] {processor.py:830} INFO - Processing file /home/airflow/.local/lib/python3.12/site-packages/airflow/example_dags/example_local_kubernetes_executor.py for tasks to queue
[2024-05-02T22:46:56.293+0000] {logging_mixin.py:188} INFO - [2024-05-02T22:46:56.292+0000] {dagbag.py:540} INFO - Filling up the DagBag from /home/airflow/.local/lib/python3.12/site-packages/airflow/example_dags/example_local_kubernetes_executor.py
[2024-05-02T22:46:56.313+0000] {processor.py:840} INFO - DAG(s) 'example_local_kubernetes_executor' retrieved from /home/airflow/.local/lib/python3.12/site-packages/airflow/example_dags/example_local_kubernetes_executor.py
[2024-05-02T22:46:56.421+0000] {logging_mixin.py:188} INFO - [2024-05-02T22:46:56.421+0000] {dag.py:3096} INFO - Sync 1 DAGs
[2024-05-02T22:46:56.447+0000] {logging_mixin.py:188} INFO - [2024-05-02T22:46:56.447+0000] {dag.py:3954} INFO - Setting next_dagrun for example_local_kubernetes_executor to None, run_after=None
[2024-05-02T22:46:56.517+0000] {processor.py:183} INFO - Processing /home/airflow/.local/lib/python3.12/site-packages/airflow/example_dags/example_local_kubernetes_executor.py took 0.243 seconds
[2024-05-02T22:47:26.684+0000] {processor.py:161} INFO - Started process (PID=1705) to work on /home/airflow/.local/lib/python3.12/site-packages/airflow/example_dags/example_local_kubernetes_executor.py
[2024-05-02T22:47:26.687+0000] {processor.py:830} INFO - Processing file /home/airflow/.local/lib/python3.12/site-packages/airflow/example_dags/example_local_kubernetes_executor.py for tasks to queue
[2024-05-02T22:47:26.692+0000] {logging_mixin.py:188} INFO - [2024-05-02T22:47:26.691+0000] {dagbag.py:540} INFO - Filling up the DagBag from /home/airflow/.local/lib/python3.12/site-packages/airflow/example_dags/example_local_kubernetes_executor.py
[2024-05-02T22:47:26.714+0000] {processor.py:840} INFO - DAG(s) 'example_local_kubernetes_executor' retrieved from /home/airflow/.local/lib/python3.12/site-packages/airflow/example_dags/example_local_kubernetes_executor.py
[2024-05-02T22:47:26.907+0000] {logging_mixin.py:188} INFO - [2024-05-02T22:47:26.906+0000] {dag.py:3096} INFO - Sync 1 DAGs
[2024-05-02T22:47:26.948+0000] {logging_mixin.py:188} INFO - [2024-05-02T22:47:26.947+0000] {dag.py:3954} INFO - Setting next_dagrun for example_local_kubernetes_executor to None, run_after=None
[2024-05-02T22:47:27.021+0000] {processor.py:183} INFO - Processing /home/airflow/.local/lib/python3.12/site-packages/airflow/example_dags/example_local_kubernetes_executor.py took 0.355 seconds
[2024-05-02T22:47:57.458+0000] {processor.py:161} INFO - Started process (PID=1764) to work on /home/airflow/.local/lib/python3.12/site-packages/airflow/example_dags/example_local_kubernetes_executor.py
[2024-05-02T22:47:57.460+0000] {processor.py:830} INFO - Processing file /home/airflow/.local/lib/python3.12/site-packages/airflow/example_dags/example_local_kubernetes_executor.py for tasks to queue
[2024-05-02T22:47:57.465+0000] {logging_mixin.py:188} INFO - [2024-05-02T22:47:57.464+0000] {dagbag.py:540} INFO - Filling up the DagBag from /home/airflow/.local/lib/python3.12/site-packages/airflow/example_dags/example_local_kubernetes_executor.py
[2024-05-02T22:47:57.483+0000] {processor.py:840} INFO - DAG(s) 'example_local_kubernetes_executor' retrieved from /home/airflow/.local/lib/python3.12/site-packages/airflow/example_dags/example_local_kubernetes_executor.py
[2024-05-02T22:47:57.596+0000] {logging_mixin.py:188} INFO - [2024-05-02T22:47:57.595+0000] {dag.py:3096} INFO - Sync 1 DAGs
[2024-05-02T22:47:57.631+0000] {logging_mixin.py:188} INFO - [2024-05-02T22:47:57.630+0000] {dag.py:3954} INFO - Setting next_dagrun for example_local_kubernetes_executor to None, run_after=None
[2024-05-02T22:47:57.685+0000] {processor.py:183} INFO - Processing /home/airflow/.local/lib/python3.12/site-packages/airflow/example_dags/example_local_kubernetes_executor.py took 0.240 seconds
[2024-05-02T22:48:27.835+0000] {processor.py:161} INFO - Started process (PID=1824) to work on /home/airflow/.local/lib/python3.12/site-packages/airflow/example_dags/example_local_kubernetes_executor.py
[2024-05-02T22:48:27.838+0000] {processor.py:830} INFO - Processing file /home/airflow/.local/lib/python3.12/site-packages/airflow/example_dags/example_local_kubernetes_executor.py for tasks to queue
[2024-05-02T22:48:27.842+0000] {logging_mixin.py:188} INFO - [2024-05-02T22:48:27.841+0000] {dagbag.py:540} INFO - Filling up the DagBag from /home/airflow/.local/lib/python3.12/site-packages/airflow/example_dags/example_local_kubernetes_executor.py
[2024-05-02T22:48:27.859+0000] {processor.py:840} INFO - DAG(s) 'example_local_kubernetes_executor' retrieved from /home/airflow/.local/lib/python3.12/site-packages/airflow/example_dags/example_local_kubernetes_executor.py
[2024-05-02T22:48:27.979+0000] {logging_mixin.py:188} INFO - [2024-05-02T22:48:27.978+0000] {dag.py:3096} INFO - Sync 1 DAGs
[2024-05-02T22:48:28.039+0000] {logging_mixin.py:188} INFO - [2024-05-02T22:48:28.037+0000] {dag.py:3954} INFO - Setting next_dagrun for example_local_kubernetes_executor to None, run_after=None
[2024-05-02T22:48:28.164+0000] {processor.py:183} INFO - Processing /home/airflow/.local/lib/python3.12/site-packages/airflow/example_dags/example_local_kubernetes_executor.py took 0.342 seconds
[2024-05-02T22:48:58.475+0000] {processor.py:161} INFO - Started process (PID=1883) to work on /home/airflow/.local/lib/python3.12/site-packages/airflow/example_dags/example_local_kubernetes_executor.py
[2024-05-02T22:48:58.480+0000] {processor.py:830} INFO - Processing file /home/airflow/.local/lib/python3.12/site-packages/airflow/example_dags/example_local_kubernetes_executor.py for tasks to queue
[2024-05-02T22:48:58.488+0000] {logging_mixin.py:188} INFO - [2024-05-02T22:48:58.486+0000] {dagbag.py:540} INFO - Filling up the DagBag from /home/airflow/.local/lib/python3.12/site-packages/airflow/example_dags/example_local_kubernetes_executor.py
[2024-05-02T22:48:58.523+0000] {processor.py:840} INFO - DAG(s) 'example_local_kubernetes_executor' retrieved from /home/airflow/.local/lib/python3.12/site-packages/airflow/example_dags/example_local_kubernetes_executor.py
[2024-05-02T22:48:58.732+0000] {logging_mixin.py:188} INFO - [2024-05-02T22:48:58.732+0000] {dag.py:3096} INFO - Sync 1 DAGs
[2024-05-02T22:48:58.838+0000] {logging_mixin.py:188} INFO - [2024-05-02T22:48:58.838+0000] {dag.py:3954} INFO - Setting next_dagrun for example_local_kubernetes_executor to None, run_after=None
[2024-05-02T22:48:58.951+0000] {processor.py:183} INFO - Processing /home/airflow/.local/lib/python3.12/site-packages/airflow/example_dags/example_local_kubernetes_executor.py took 0.497 seconds
[2024-05-02T22:49:29.838+0000] {processor.py:161} INFO - Started process (PID=1942) to work on /home/airflow/.local/lib/python3.12/site-packages/airflow/example_dags/example_local_kubernetes_executor.py
[2024-05-02T22:49:29.839+0000] {processor.py:830} INFO - Processing file /home/airflow/.local/lib/python3.12/site-packages/airflow/example_dags/example_local_kubernetes_executor.py for tasks to queue
[2024-05-02T22:49:29.842+0000] {logging_mixin.py:188} INFO - [2024-05-02T22:49:29.841+0000] {dagbag.py:540} INFO - Filling up the DagBag from /home/airflow/.local/lib/python3.12/site-packages/airflow/example_dags/example_local_kubernetes_executor.py
[2024-05-02T22:49:29.856+0000] {processor.py:840} INFO - DAG(s) 'example_local_kubernetes_executor' retrieved from /home/airflow/.local/lib/python3.12/site-packages/airflow/example_dags/example_local_kubernetes_executor.py
[2024-05-02T22:49:29.919+0000] {logging_mixin.py:188} INFO - [2024-05-02T22:49:29.919+0000] {dag.py:3096} INFO - Sync 1 DAGs
[2024-05-02T22:49:29.947+0000] {logging_mixin.py:188} INFO - [2024-05-02T22:49:29.946+0000] {dag.py:3954} INFO - Setting next_dagrun for example_local_kubernetes_executor to None, run_after=None
[2024-05-02T22:49:29.992+0000] {processor.py:183} INFO - Processing /home/airflow/.local/lib/python3.12/site-packages/airflow/example_dags/example_local_kubernetes_executor.py took 0.166 seconds
[2024-05-02T22:50:00.486+0000] {processor.py:161} INFO - Started process (PID=2001) to work on /home/airflow/.local/lib/python3.12/site-packages/airflow/example_dags/example_local_kubernetes_executor.py
[2024-05-02T22:50:00.488+0000] {processor.py:830} INFO - Processing file /home/airflow/.local/lib/python3.12/site-packages/airflow/example_dags/example_local_kubernetes_executor.py for tasks to queue
[2024-05-02T22:50:00.492+0000] {logging_mixin.py:188} INFO - [2024-05-02T22:50:00.492+0000] {dagbag.py:540} INFO - Filling up the DagBag from /home/airflow/.local/lib/python3.12/site-packages/airflow/example_dags/example_local_kubernetes_executor.py
[2024-05-02T22:50:00.509+0000] {processor.py:840} INFO - DAG(s) 'example_local_kubernetes_executor' retrieved from /home/airflow/.local/lib/python3.12/site-packages/airflow/example_dags/example_local_kubernetes_executor.py
[2024-05-02T22:50:00.580+0000] {logging_mixin.py:188} INFO - [2024-05-02T22:50:00.579+0000] {dag.py:3096} INFO - Sync 1 DAGs
[2024-05-02T22:50:00.612+0000] {logging_mixin.py:188} INFO - [2024-05-02T22:50:00.611+0000] {dag.py:3954} INFO - Setting next_dagrun for example_local_kubernetes_executor to None, run_after=None
[2024-05-02T22:50:00.654+0000] {processor.py:183} INFO - Processing /home/airflow/.local/lib/python3.12/site-packages/airflow/example_dags/example_local_kubernetes_executor.py took 0.176 seconds
[2024-05-02T22:50:31.257+0000] {processor.py:161} INFO - Started process (PID=2060) to work on /home/airflow/.local/lib/python3.12/site-packages/airflow/example_dags/example_local_kubernetes_executor.py
[2024-05-02T22:50:31.262+0000] {processor.py:830} INFO - Processing file /home/airflow/.local/lib/python3.12/site-packages/airflow/example_dags/example_local_kubernetes_executor.py for tasks to queue
[2024-05-02T22:50:31.268+0000] {logging_mixin.py:188} INFO - [2024-05-02T22:50:31.267+0000] {dagbag.py:540} INFO - Filling up the DagBag from /home/airflow/.local/lib/python3.12/site-packages/airflow/example_dags/example_local_kubernetes_executor.py
[2024-05-02T22:50:31.301+0000] {processor.py:840} INFO - DAG(s) 'example_local_kubernetes_executor' retrieved from /home/airflow/.local/lib/python3.12/site-packages/airflow/example_dags/example_local_kubernetes_executor.py
[2024-05-02T22:50:31.637+0000] {logging_mixin.py:188} INFO - [2024-05-02T22:50:31.635+0000] {dag.py:3096} INFO - Sync 1 DAGs
[2024-05-02T22:50:31.697+0000] {logging_mixin.py:188} INFO - [2024-05-02T22:50:31.696+0000] {dag.py:3954} INFO - Setting next_dagrun for example_local_kubernetes_executor to None, run_after=None
[2024-05-02T22:50:31.814+0000] {processor.py:183} INFO - Processing /home/airflow/.local/lib/python3.12/site-packages/airflow/example_dags/example_local_kubernetes_executor.py took 0.587 seconds
[2024-05-02T22:51:01.977+0000] {processor.py:161} INFO - Started process (PID=2118) to work on /home/airflow/.local/lib/python3.12/site-packages/airflow/example_dags/example_local_kubernetes_executor.py
[2024-05-02T22:51:01.980+0000] {processor.py:830} INFO - Processing file /home/airflow/.local/lib/python3.12/site-packages/airflow/example_dags/example_local_kubernetes_executor.py for tasks to queue
[2024-05-02T22:51:01.984+0000] {logging_mixin.py:188} INFO - [2024-05-02T22:51:01.983+0000] {dagbag.py:540} INFO - Filling up the DagBag from /home/airflow/.local/lib/python3.12/site-packages/airflow/example_dags/example_local_kubernetes_executor.py
[2024-05-02T22:51:02.000+0000] {processor.py:840} INFO - DAG(s) 'example_local_kubernetes_executor' retrieved from /home/airflow/.local/lib/python3.12/site-packages/airflow/example_dags/example_local_kubernetes_executor.py
[2024-05-02T22:51:02.070+0000] {logging_mixin.py:188} INFO - [2024-05-02T22:51:02.069+0000] {dag.py:3096} INFO - Sync 1 DAGs
[2024-05-02T22:51:02.098+0000] {logging_mixin.py:188} INFO - [2024-05-02T22:51:02.097+0000] {dag.py:3954} INFO - Setting next_dagrun for example_local_kubernetes_executor to None, run_after=None
[2024-05-02T22:51:02.140+0000] {processor.py:183} INFO - Processing /home/airflow/.local/lib/python3.12/site-packages/airflow/example_dags/example_local_kubernetes_executor.py took 0.178 seconds
[2024-05-02T22:51:32.863+0000] {processor.py:161} INFO - Started process (PID=2177) to work on /home/airflow/.local/lib/python3.12/site-packages/airflow/example_dags/example_local_kubernetes_executor.py
[2024-05-02T22:51:32.865+0000] {processor.py:830} INFO - Processing file /home/airflow/.local/lib/python3.12/site-packages/airflow/example_dags/example_local_kubernetes_executor.py for tasks to queue
[2024-05-02T22:51:32.868+0000] {logging_mixin.py:188} INFO - [2024-05-02T22:51:32.867+0000] {dagbag.py:540} INFO - Filling up the DagBag from /home/airflow/.local/lib/python3.12/site-packages/airflow/example_dags/example_local_kubernetes_executor.py
[2024-05-02T22:51:32.885+0000] {processor.py:840} INFO - DAG(s) 'example_local_kubernetes_executor' retrieved from /home/airflow/.local/lib/python3.12/site-packages/airflow/example_dags/example_local_kubernetes_executor.py
[2024-05-02T22:51:32.959+0000] {logging_mixin.py:188} INFO - [2024-05-02T22:51:32.958+0000] {dag.py:3096} INFO - Sync 1 DAGs
[2024-05-02T22:51:32.994+0000] {logging_mixin.py:188} INFO - [2024-05-02T22:51:32.994+0000] {dag.py:3954} INFO - Setting next_dagrun for example_local_kubernetes_executor to None, run_after=None
[2024-05-02T22:51:33.043+0000] {processor.py:183} INFO - Processing /home/airflow/.local/lib/python3.12/site-packages/airflow/example_dags/example_local_kubernetes_executor.py took 0.196 seconds
[2024-05-02T22:52:03.909+0000] {processor.py:161} INFO - Started process (PID=2236) to work on /home/airflow/.local/lib/python3.12/site-packages/airflow/example_dags/example_local_kubernetes_executor.py
[2024-05-02T22:52:03.912+0000] {processor.py:830} INFO - Processing file /home/airflow/.local/lib/python3.12/site-packages/airflow/example_dags/example_local_kubernetes_executor.py for tasks to queue
[2024-05-02T22:52:03.919+0000] {logging_mixin.py:188} INFO - [2024-05-02T22:52:03.918+0000] {dagbag.py:540} INFO - Filling up the DagBag from /home/airflow/.local/lib/python3.12/site-packages/airflow/example_dags/example_local_kubernetes_executor.py
[2024-05-02T22:52:03.946+0000] {processor.py:840} INFO - DAG(s) 'example_local_kubernetes_executor' retrieved from /home/airflow/.local/lib/python3.12/site-packages/airflow/example_dags/example_local_kubernetes_executor.py
[2024-05-02T22:52:04.058+0000] {logging_mixin.py:188} INFO - [2024-05-02T22:52:04.057+0000] {dag.py:3096} INFO - Sync 1 DAGs
[2024-05-02T22:52:04.087+0000] {logging_mixin.py:188} INFO - [2024-05-02T22:52:04.087+0000] {dag.py:3954} INFO - Setting next_dagrun for example_local_kubernetes_executor to None, run_after=None
[2024-05-02T22:52:04.136+0000] {processor.py:183} INFO - Processing /home/airflow/.local/lib/python3.12/site-packages/airflow/example_dags/example_local_kubernetes_executor.py took 0.245 seconds
[2024-05-02T22:52:35.002+0000] {processor.py:161} INFO - Started process (PID=2295) to work on /home/airflow/.local/lib/python3.12/site-packages/airflow/example_dags/example_local_kubernetes_executor.py
[2024-05-02T22:52:35.006+0000] {processor.py:830} INFO - Processing file /home/airflow/.local/lib/python3.12/site-packages/airflow/example_dags/example_local_kubernetes_executor.py for tasks to queue
[2024-05-02T22:52:35.024+0000] {logging_mixin.py:188} INFO - [2024-05-02T22:52:35.023+0000] {dagbag.py:540} INFO - Filling up the DagBag from /home/airflow/.local/lib/python3.12/site-packages/airflow/example_dags/example_local_kubernetes_executor.py
[2024-05-02T22:52:35.053+0000] {processor.py:840} INFO - DAG(s) 'example_local_kubernetes_executor' retrieved from /home/airflow/.local/lib/python3.12/site-packages/airflow/example_dags/example_local_kubernetes_executor.py
[2024-05-02T22:52:35.245+0000] {logging_mixin.py:188} INFO - [2024-05-02T22:52:35.245+0000] {dag.py:3096} INFO - Sync 1 DAGs
[2024-05-02T22:52:35.295+0000] {logging_mixin.py:188} INFO - [2024-05-02T22:52:35.294+0000] {dag.py:3954} INFO - Setting next_dagrun for example_local_kubernetes_executor to None, run_after=None
[2024-05-02T22:52:35.390+0000] {processor.py:183} INFO - Processing /home/airflow/.local/lib/python3.12/site-packages/airflow/example_dags/example_local_kubernetes_executor.py took 0.418 seconds
[2024-05-02T22:53:06.566+0000] {processor.py:161} INFO - Started process (PID=2355) to work on /home/airflow/.local/lib/python3.12/site-packages/airflow/example_dags/example_local_kubernetes_executor.py
[2024-05-02T22:53:06.568+0000] {processor.py:830} INFO - Processing file /home/airflow/.local/lib/python3.12/site-packages/airflow/example_dags/example_local_kubernetes_executor.py for tasks to queue
[2024-05-02T22:53:06.574+0000] {logging_mixin.py:188} INFO - [2024-05-02T22:53:06.571+0000] {dagbag.py:540} INFO - Filling up the DagBag from /home/airflow/.local/lib/python3.12/site-packages/airflow/example_dags/example_local_kubernetes_executor.py
[2024-05-02T22:53:06.603+0000] {processor.py:840} INFO - DAG(s) 'example_local_kubernetes_executor' retrieved from /home/airflow/.local/lib/python3.12/site-packages/airflow/example_dags/example_local_kubernetes_executor.py
[2024-05-02T22:53:06.783+0000] {logging_mixin.py:188} INFO - [2024-05-02T22:53:06.783+0000] {dag.py:3096} INFO - Sync 1 DAGs
[2024-05-02T22:53:06.817+0000] {logging_mixin.py:188} INFO - [2024-05-02T22:53:06.817+0000] {dag.py:3954} INFO - Setting next_dagrun for example_local_kubernetes_executor to None, run_after=None
[2024-05-02T22:53:06.869+0000] {processor.py:183} INFO - Processing /home/airflow/.local/lib/python3.12/site-packages/airflow/example_dags/example_local_kubernetes_executor.py took 0.326 seconds
[2024-05-02T22:53:37.511+0000] {processor.py:161} INFO - Started process (PID=2419) to work on /home/airflow/.local/lib/python3.12/site-packages/airflow/example_dags/example_local_kubernetes_executor.py
[2024-05-02T22:53:37.514+0000] {processor.py:830} INFO - Processing file /home/airflow/.local/lib/python3.12/site-packages/airflow/example_dags/example_local_kubernetes_executor.py for tasks to queue
[2024-05-02T22:53:37.518+0000] {logging_mixin.py:188} INFO - [2024-05-02T22:53:37.517+0000] {dagbag.py:540} INFO - Filling up the DagBag from /home/airflow/.local/lib/python3.12/site-packages/airflow/example_dags/example_local_kubernetes_executor.py
[2024-05-02T22:53:37.542+0000] {processor.py:840} INFO - DAG(s) 'example_local_kubernetes_executor' retrieved from /home/airflow/.local/lib/python3.12/site-packages/airflow/example_dags/example_local_kubernetes_executor.py
[2024-05-02T22:53:37.672+0000] {logging_mixin.py:188} INFO - [2024-05-02T22:53:37.671+0000] {dag.py:3096} INFO - Sync 1 DAGs
[2024-05-02T22:53:37.733+0000] {logging_mixin.py:188} INFO - [2024-05-02T22:53:37.732+0000] {dag.py:3954} INFO - Setting next_dagrun for example_local_kubernetes_executor to None, run_after=None
[2024-05-02T22:53:37.806+0000] {processor.py:183} INFO - Processing /home/airflow/.local/lib/python3.12/site-packages/airflow/example_dags/example_local_kubernetes_executor.py took 0.311 seconds
[2024-05-02T22:54:08.615+0000] {processor.py:161} INFO - Started process (PID=2478) to work on /home/airflow/.local/lib/python3.12/site-packages/airflow/example_dags/example_local_kubernetes_executor.py
[2024-05-02T22:54:08.620+0000] {processor.py:830} INFO - Processing file /home/airflow/.local/lib/python3.12/site-packages/airflow/example_dags/example_local_kubernetes_executor.py for tasks to queue
[2024-05-02T22:54:08.626+0000] {logging_mixin.py:188} INFO - [2024-05-02T22:54:08.626+0000] {dagbag.py:540} INFO - Filling up the DagBag from /home/airflow/.local/lib/python3.12/site-packages/airflow/example_dags/example_local_kubernetes_executor.py
[2024-05-02T22:54:08.655+0000] {processor.py:840} INFO - DAG(s) 'example_local_kubernetes_executor' retrieved from /home/airflow/.local/lib/python3.12/site-packages/airflow/example_dags/example_local_kubernetes_executor.py
[2024-05-02T22:54:08.706+0000] {logging_mixin.py:188} INFO - [2024-05-02T22:54:08.703+0000] {dag.py:3096} INFO - Sync 1 DAGs
[2024-05-02T22:54:08.746+0000] {logging_mixin.py:188} INFO - [2024-05-02T22:54:08.746+0000] {dag.py:3954} INFO - Setting next_dagrun for example_local_kubernetes_executor to None, run_after=None
[2024-05-02T22:54:08.831+0000] {processor.py:183} INFO - Processing /home/airflow/.local/lib/python3.12/site-packages/airflow/example_dags/example_local_kubernetes_executor.py took 0.244 seconds
[2024-05-02T22:54:39.180+0000] {processor.py:161} INFO - Started process (PID=2534) to work on /home/airflow/.local/lib/python3.12/site-packages/airflow/example_dags/example_local_kubernetes_executor.py
[2024-05-02T22:54:39.183+0000] {processor.py:830} INFO - Processing file /home/airflow/.local/lib/python3.12/site-packages/airflow/example_dags/example_local_kubernetes_executor.py for tasks to queue
[2024-05-02T22:54:39.198+0000] {logging_mixin.py:188} INFO - [2024-05-02T22:54:39.197+0000] {dagbag.py:540} INFO - Filling up the DagBag from /home/airflow/.local/lib/python3.12/site-packages/airflow/example_dags/example_local_kubernetes_executor.py
[2024-05-02T22:54:39.242+0000] {processor.py:840} INFO - DAG(s) 'example_local_kubernetes_executor' retrieved from /home/airflow/.local/lib/python3.12/site-packages/airflow/example_dags/example_local_kubernetes_executor.py
[2024-05-02T22:54:39.780+0000] {logging_mixin.py:188} INFO - [2024-05-02T22:54:39.779+0000] {dag.py:3096} INFO - Sync 1 DAGs
[2024-05-02T22:54:39.812+0000] {logging_mixin.py:188} INFO - [2024-05-02T22:54:39.811+0000] {dag.py:3954} INFO - Setting next_dagrun for example_local_kubernetes_executor to None, run_after=None
[2024-05-02T22:54:39.874+0000] {processor.py:183} INFO - Processing /home/airflow/.local/lib/python3.12/site-packages/airflow/example_dags/example_local_kubernetes_executor.py took 0.728 seconds
[2024-05-02T22:55:10.508+0000] {processor.py:161} INFO - Started process (PID=2593) to work on /home/airflow/.local/lib/python3.12/site-packages/airflow/example_dags/example_local_kubernetes_executor.py
[2024-05-02T22:55:10.510+0000] {processor.py:830} INFO - Processing file /home/airflow/.local/lib/python3.12/site-packages/airflow/example_dags/example_local_kubernetes_executor.py for tasks to queue
[2024-05-02T22:55:10.514+0000] {logging_mixin.py:188} INFO - [2024-05-02T22:55:10.513+0000] {dagbag.py:540} INFO - Filling up the DagBag from /home/airflow/.local/lib/python3.12/site-packages/airflow/example_dags/example_local_kubernetes_executor.py
[2024-05-02T22:55:10.529+0000] {processor.py:840} INFO - DAG(s) 'example_local_kubernetes_executor' retrieved from /home/airflow/.local/lib/python3.12/site-packages/airflow/example_dags/example_local_kubernetes_executor.py
[2024-05-02T22:55:10.596+0000] {logging_mixin.py:188} INFO - [2024-05-02T22:55:10.595+0000] {dag.py:3096} INFO - Sync 1 DAGs
[2024-05-02T22:55:10.630+0000] {logging_mixin.py:188} INFO - [2024-05-02T22:55:10.629+0000] {dag.py:3954} INFO - Setting next_dagrun for example_local_kubernetes_executor to None, run_after=None
[2024-05-02T22:55:10.674+0000] {processor.py:183} INFO - Processing /home/airflow/.local/lib/python3.12/site-packages/airflow/example_dags/example_local_kubernetes_executor.py took 0.178 seconds
[2024-05-02T22:55:41.014+0000] {processor.py:161} INFO - Started process (PID=2653) to work on /home/airflow/.local/lib/python3.12/site-packages/airflow/example_dags/example_local_kubernetes_executor.py
[2024-05-02T22:55:41.017+0000] {processor.py:830} INFO - Processing file /home/airflow/.local/lib/python3.12/site-packages/airflow/example_dags/example_local_kubernetes_executor.py for tasks to queue
[2024-05-02T22:55:41.022+0000] {logging_mixin.py:188} INFO - [2024-05-02T22:55:41.021+0000] {dagbag.py:540} INFO - Filling up the DagBag from /home/airflow/.local/lib/python3.12/site-packages/airflow/example_dags/example_local_kubernetes_executor.py
[2024-05-02T22:55:41.037+0000] {processor.py:840} INFO - DAG(s) 'example_local_kubernetes_executor' retrieved from /home/airflow/.local/lib/python3.12/site-packages/airflow/example_dags/example_local_kubernetes_executor.py
[2024-05-02T22:55:41.164+0000] {logging_mixin.py:188} INFO - [2024-05-02T22:55:41.164+0000] {dag.py:3096} INFO - Sync 1 DAGs
[2024-05-02T22:55:41.245+0000] {logging_mixin.py:188} INFO - [2024-05-02T22:55:41.244+0000] {dag.py:3954} INFO - Setting next_dagrun for example_local_kubernetes_executor to None, run_after=None
[2024-05-02T22:55:41.329+0000] {processor.py:183} INFO - Processing /home/airflow/.local/lib/python3.12/site-packages/airflow/example_dags/example_local_kubernetes_executor.py took 0.339 seconds
[2024-05-02T22:56:11.591+0000] {processor.py:161} INFO - Started process (PID=2713) to work on /home/airflow/.local/lib/python3.12/site-packages/airflow/example_dags/example_local_kubernetes_executor.py
[2024-05-02T22:56:11.597+0000] {processor.py:830} INFO - Processing file /home/airflow/.local/lib/python3.12/site-packages/airflow/example_dags/example_local_kubernetes_executor.py for tasks to queue
[2024-05-02T22:56:11.613+0000] {logging_mixin.py:188} INFO - [2024-05-02T22:56:11.603+0000] {dagbag.py:540} INFO - Filling up the DagBag from /home/airflow/.local/lib/python3.12/site-packages/airflow/example_dags/example_local_kubernetes_executor.py
[2024-05-02T22:56:11.703+0000] {processor.py:840} INFO - DAG(s) 'example_local_kubernetes_executor' retrieved from /home/airflow/.local/lib/python3.12/site-packages/airflow/example_dags/example_local_kubernetes_executor.py
[2024-05-02T22:56:11.838+0000] {logging_mixin.py:188} INFO - [2024-05-02T22:56:11.837+0000] {dag.py:3096} INFO - Sync 1 DAGs
[2024-05-02T22:56:11.933+0000] {logging_mixin.py:188} INFO - [2024-05-02T22:56:11.929+0000] {dag.py:3954} INFO - Setting next_dagrun for example_local_kubernetes_executor to None, run_after=None
[2024-05-02T22:56:12.071+0000] {processor.py:183} INFO - Processing /home/airflow/.local/lib/python3.12/site-packages/airflow/example_dags/example_local_kubernetes_executor.py took 0.539 seconds
[2024-05-02T22:57:09.510+0000] {processor.py:161} INFO - Started process (PID=47) to work on /home/airflow/.local/lib/python3.12/site-packages/airflow/example_dags/example_local_kubernetes_executor.py
[2024-05-02T22:57:09.512+0000] {processor.py:830} INFO - Processing file /home/airflow/.local/lib/python3.12/site-packages/airflow/example_dags/example_local_kubernetes_executor.py for tasks to queue
[2024-05-02T22:57:09.516+0000] {logging_mixin.py:188} INFO - [2024-05-02T22:57:09.515+0000] {dagbag.py:540} INFO - Filling up the DagBag from /home/airflow/.local/lib/python3.12/site-packages/airflow/example_dags/example_local_kubernetes_executor.py
[2024-05-02T22:57:09.533+0000] {processor.py:840} INFO - DAG(s) 'example_local_kubernetes_executor' retrieved from /home/airflow/.local/lib/python3.12/site-packages/airflow/example_dags/example_local_kubernetes_executor.py
[2024-05-02T22:57:09.664+0000] {logging_mixin.py:188} INFO - [2024-05-02T22:57:09.663+0000] {dag.py:3096} INFO - Sync 1 DAGs
[2024-05-02T22:57:09.724+0000] {logging_mixin.py:188} INFO - [2024-05-02T22:57:09.723+0000] {dag.py:3954} INFO - Setting next_dagrun for example_local_kubernetes_executor to None, run_after=None
[2024-05-02T22:57:09.775+0000] {processor.py:183} INFO - Processing /home/airflow/.local/lib/python3.12/site-packages/airflow/example_dags/example_local_kubernetes_executor.py took 0.277 seconds
[2024-05-02T22:57:50.327+0000] {processor.py:161} INFO - Started process (PID=110) to work on /home/airflow/.local/lib/python3.12/site-packages/airflow/example_dags/example_local_kubernetes_executor.py
[2024-05-02T22:57:50.334+0000] {processor.py:830} INFO - Processing file /home/airflow/.local/lib/python3.12/site-packages/airflow/example_dags/example_local_kubernetes_executor.py for tasks to queue
[2024-05-02T22:57:50.338+0000] {logging_mixin.py:188} INFO - [2024-05-02T22:57:50.337+0000] {dagbag.py:540} INFO - Filling up the DagBag from /home/airflow/.local/lib/python3.12/site-packages/airflow/example_dags/example_local_kubernetes_executor.py
[2024-05-02T22:57:50.356+0000] {processor.py:840} INFO - DAG(s) 'example_local_kubernetes_executor' retrieved from /home/airflow/.local/lib/python3.12/site-packages/airflow/example_dags/example_local_kubernetes_executor.py
[2024-05-02T22:57:50.465+0000] {logging_mixin.py:188} INFO - [2024-05-02T22:57:50.464+0000] {dag.py:3096} INFO - Sync 1 DAGs
[2024-05-02T22:57:50.517+0000] {logging_mixin.py:188} INFO - [2024-05-02T22:57:50.516+0000] {dag.py:3954} INFO - Setting next_dagrun for example_local_kubernetes_executor to None, run_after=None
[2024-05-02T22:57:50.575+0000] {processor.py:183} INFO - Processing /home/airflow/.local/lib/python3.12/site-packages/airflow/example_dags/example_local_kubernetes_executor.py took 0.263 seconds
[2024-05-02T22:58:21.403+0000] {processor.py:161} INFO - Started process (PID=168) to work on /home/airflow/.local/lib/python3.12/site-packages/airflow/example_dags/example_local_kubernetes_executor.py
[2024-05-02T22:58:21.429+0000] {processor.py:830} INFO - Processing file /home/airflow/.local/lib/python3.12/site-packages/airflow/example_dags/example_local_kubernetes_executor.py for tasks to queue
[2024-05-02T22:58:21.442+0000] {logging_mixin.py:188} INFO - [2024-05-02T22:58:21.441+0000] {dagbag.py:540} INFO - Filling up the DagBag from /home/airflow/.local/lib/python3.12/site-packages/airflow/example_dags/example_local_kubernetes_executor.py
[2024-05-02T22:58:21.509+0000] {processor.py:840} INFO - DAG(s) 'example_local_kubernetes_executor' retrieved from /home/airflow/.local/lib/python3.12/site-packages/airflow/example_dags/example_local_kubernetes_executor.py
[2024-05-02T22:58:21.950+0000] {logging_mixin.py:188} INFO - [2024-05-02T22:58:21.949+0000] {dag.py:3096} INFO - Sync 1 DAGs
[2024-05-02T22:58:22.119+0000] {logging_mixin.py:188} INFO - [2024-05-02T22:58:22.118+0000] {dag.py:3954} INFO - Setting next_dagrun for example_local_kubernetes_executor to None, run_after=None
[2024-05-02T22:58:22.406+0000] {processor.py:183} INFO - Processing /home/airflow/.local/lib/python3.12/site-packages/airflow/example_dags/example_local_kubernetes_executor.py took 1.034 seconds
[2024-05-02T22:58:59.459+0000] {processor.py:161} INFO - Started process (PID=236) to work on /home/airflow/.local/lib/python3.12/site-packages/airflow/example_dags/example_local_kubernetes_executor.py
[2024-05-02T22:58:59.461+0000] {processor.py:830} INFO - Processing file /home/airflow/.local/lib/python3.12/site-packages/airflow/example_dags/example_local_kubernetes_executor.py for tasks to queue
[2024-05-02T22:58:59.485+0000] {logging_mixin.py:188} INFO - [2024-05-02T22:58:59.483+0000] {dagbag.py:540} INFO - Filling up the DagBag from /home/airflow/.local/lib/python3.12/site-packages/airflow/example_dags/example_local_kubernetes_executor.py
[2024-05-02T22:58:59.562+0000] {processor.py:840} INFO - DAG(s) 'example_local_kubernetes_executor' retrieved from /home/airflow/.local/lib/python3.12/site-packages/airflow/example_dags/example_local_kubernetes_executor.py
[2024-05-02T22:58:59.777+0000] {logging_mixin.py:188} INFO - [2024-05-02T22:58:59.777+0000] {dag.py:3096} INFO - Sync 1 DAGs
[2024-05-02T22:58:59.821+0000] {logging_mixin.py:188} INFO - [2024-05-02T22:58:59.818+0000] {dag.py:3954} INFO - Setting next_dagrun for example_local_kubernetes_executor to None, run_after=None
[2024-05-02T22:58:59.891+0000] {processor.py:183} INFO - Processing /home/airflow/.local/lib/python3.12/site-packages/airflow/example_dags/example_local_kubernetes_executor.py took 0.467 seconds
[2024-05-02T22:59:33.141+0000] {processor.py:161} INFO - Started process (PID=299) to work on /home/airflow/.local/lib/python3.12/site-packages/airflow/example_dags/example_local_kubernetes_executor.py
[2024-05-02T22:59:33.143+0000] {processor.py:830} INFO - Processing file /home/airflow/.local/lib/python3.12/site-packages/airflow/example_dags/example_local_kubernetes_executor.py for tasks to queue
[2024-05-02T22:59:33.166+0000] {logging_mixin.py:188} INFO - [2024-05-02T22:59:33.165+0000] {dagbag.py:540} INFO - Filling up the DagBag from /home/airflow/.local/lib/python3.12/site-packages/airflow/example_dags/example_local_kubernetes_executor.py
[2024-05-02T22:59:33.209+0000] {processor.py:840} INFO - DAG(s) 'example_local_kubernetes_executor' retrieved from /home/airflow/.local/lib/python3.12/site-packages/airflow/example_dags/example_local_kubernetes_executor.py
[2024-05-02T22:59:33.676+0000] {logging_mixin.py:188} INFO - [2024-05-02T22:59:33.675+0000] {dag.py:3096} INFO - Sync 1 DAGs
[2024-05-02T22:59:33.891+0000] {logging_mixin.py:188} INFO - [2024-05-02T22:59:33.891+0000] {dag.py:3954} INFO - Setting next_dagrun for example_local_kubernetes_executor to None, run_after=None
[2024-05-02T22:59:34.076+0000] {processor.py:183} INFO - Processing /home/airflow/.local/lib/python3.12/site-packages/airflow/example_dags/example_local_kubernetes_executor.py took 0.969 seconds
[2024-05-02T23:00:04.538+0000] {processor.py:161} INFO - Started process (PID=357) to work on /home/airflow/.local/lib/python3.12/site-packages/airflow/example_dags/example_local_kubernetes_executor.py
[2024-05-02T23:00:04.570+0000] {processor.py:830} INFO - Processing file /home/airflow/.local/lib/python3.12/site-packages/airflow/example_dags/example_local_kubernetes_executor.py for tasks to queue
[2024-05-02T23:00:04.606+0000] {logging_mixin.py:188} INFO - [2024-05-02T23:00:04.605+0000] {dagbag.py:540} INFO - Filling up the DagBag from /home/airflow/.local/lib/python3.12/site-packages/airflow/example_dags/example_local_kubernetes_executor.py
[2024-05-02T23:00:04.660+0000] {processor.py:840} INFO - DAG(s) 'example_local_kubernetes_executor' retrieved from /home/airflow/.local/lib/python3.12/site-packages/airflow/example_dags/example_local_kubernetes_executor.py
[2024-05-02T23:00:05.022+0000] {logging_mixin.py:188} INFO - [2024-05-02T23:00:05.022+0000] {dag.py:3096} INFO - Sync 1 DAGs
[2024-05-02T23:00:05.165+0000] {logging_mixin.py:188} INFO - [2024-05-02T23:00:05.164+0000] {dag.py:3954} INFO - Setting next_dagrun for example_local_kubernetes_executor to None, run_after=None
[2024-05-02T23:00:05.375+0000] {processor.py:183} INFO - Processing /home/airflow/.local/lib/python3.12/site-packages/airflow/example_dags/example_local_kubernetes_executor.py took 0.876 seconds
[2024-05-02T23:00:35.818+0000] {processor.py:161} INFO - Started process (PID=415) to work on /home/airflow/.local/lib/python3.12/site-packages/airflow/example_dags/example_local_kubernetes_executor.py
[2024-05-02T23:00:35.820+0000] {processor.py:830} INFO - Processing file /home/airflow/.local/lib/python3.12/site-packages/airflow/example_dags/example_local_kubernetes_executor.py for tasks to queue
[2024-05-02T23:00:35.828+0000] {logging_mixin.py:188} INFO - [2024-05-02T23:00:35.827+0000] {dagbag.py:540} INFO - Filling up the DagBag from /home/airflow/.local/lib/python3.12/site-packages/airflow/example_dags/example_local_kubernetes_executor.py
[2024-05-02T23:00:35.848+0000] {processor.py:840} INFO - DAG(s) 'example_local_kubernetes_executor' retrieved from /home/airflow/.local/lib/python3.12/site-packages/airflow/example_dags/example_local_kubernetes_executor.py
[2024-05-02T23:00:35.951+0000] {logging_mixin.py:188} INFO - [2024-05-02T23:00:35.950+0000] {dag.py:3096} INFO - Sync 1 DAGs
[2024-05-02T23:00:35.997+0000] {logging_mixin.py:188} INFO - [2024-05-02T23:00:35.996+0000] {dag.py:3954} INFO - Setting next_dagrun for example_local_kubernetes_executor to None, run_after=None
[2024-05-02T23:00:36.077+0000] {processor.py:183} INFO - Processing /home/airflow/.local/lib/python3.12/site-packages/airflow/example_dags/example_local_kubernetes_executor.py took 0.275 seconds
[2024-05-02T23:01:06.647+0000] {processor.py:161} INFO - Started process (PID=475) to work on /home/airflow/.local/lib/python3.12/site-packages/airflow/example_dags/example_local_kubernetes_executor.py
[2024-05-02T23:01:06.651+0000] {processor.py:830} INFO - Processing file /home/airflow/.local/lib/python3.12/site-packages/airflow/example_dags/example_local_kubernetes_executor.py for tasks to queue
[2024-05-02T23:01:06.658+0000] {logging_mixin.py:188} INFO - [2024-05-02T23:01:06.657+0000] {dagbag.py:540} INFO - Filling up the DagBag from /home/airflow/.local/lib/python3.12/site-packages/airflow/example_dags/example_local_kubernetes_executor.py
[2024-05-02T23:01:06.687+0000] {processor.py:840} INFO - DAG(s) 'example_local_kubernetes_executor' retrieved from /home/airflow/.local/lib/python3.12/site-packages/airflow/example_dags/example_local_kubernetes_executor.py
[2024-05-02T23:01:06.760+0000] {logging_mixin.py:188} INFO - [2024-05-02T23:01:06.759+0000] {dag.py:3096} INFO - Sync 1 DAGs
[2024-05-02T23:01:06.794+0000] {logging_mixin.py:188} INFO - [2024-05-02T23:01:06.793+0000] {dag.py:3954} INFO - Setting next_dagrun for example_local_kubernetes_executor to None, run_after=None
[2024-05-02T23:01:06.848+0000] {processor.py:183} INFO - Processing /home/airflow/.local/lib/python3.12/site-packages/airflow/example_dags/example_local_kubernetes_executor.py took 0.218 seconds
[2024-05-02T23:01:37.332+0000] {processor.py:161} INFO - Started process (PID=534) to work on /home/airflow/.local/lib/python3.12/site-packages/airflow/example_dags/example_local_kubernetes_executor.py
[2024-05-02T23:01:37.334+0000] {processor.py:830} INFO - Processing file /home/airflow/.local/lib/python3.12/site-packages/airflow/example_dags/example_local_kubernetes_executor.py for tasks to queue
[2024-05-02T23:01:37.344+0000] {logging_mixin.py:188} INFO - [2024-05-02T23:01:37.343+0000] {dagbag.py:540} INFO - Filling up the DagBag from /home/airflow/.local/lib/python3.12/site-packages/airflow/example_dags/example_local_kubernetes_executor.py
[2024-05-02T23:01:37.364+0000] {processor.py:840} INFO - DAG(s) 'example_local_kubernetes_executor' retrieved from /home/airflow/.local/lib/python3.12/site-packages/airflow/example_dags/example_local_kubernetes_executor.py
[2024-05-02T23:01:37.439+0000] {logging_mixin.py:188} INFO - [2024-05-02T23:01:37.438+0000] {dag.py:3096} INFO - Sync 1 DAGs
[2024-05-02T23:01:37.476+0000] {logging_mixin.py:188} INFO - [2024-05-02T23:01:37.475+0000] {dag.py:3954} INFO - Setting next_dagrun for example_local_kubernetes_executor to None, run_after=None
[2024-05-02T23:01:37.548+0000] {processor.py:183} INFO - Processing /home/airflow/.local/lib/python3.12/site-packages/airflow/example_dags/example_local_kubernetes_executor.py took 0.228 seconds
[2024-05-02T23:02:07.835+0000] {processor.py:161} INFO - Started process (PID=594) to work on /home/airflow/.local/lib/python3.12/site-packages/airflow/example_dags/example_local_kubernetes_executor.py
[2024-05-02T23:02:07.840+0000] {processor.py:830} INFO - Processing file /home/airflow/.local/lib/python3.12/site-packages/airflow/example_dags/example_local_kubernetes_executor.py for tasks to queue
[2024-05-02T23:02:07.844+0000] {logging_mixin.py:188} INFO - [2024-05-02T23:02:07.844+0000] {dagbag.py:540} INFO - Filling up the DagBag from /home/airflow/.local/lib/python3.12/site-packages/airflow/example_dags/example_local_kubernetes_executor.py
[2024-05-02T23:02:07.862+0000] {processor.py:840} INFO - DAG(s) 'example_local_kubernetes_executor' retrieved from /home/airflow/.local/lib/python3.12/site-packages/airflow/example_dags/example_local_kubernetes_executor.py
[2024-05-02T23:02:07.930+0000] {logging_mixin.py:188} INFO - [2024-05-02T23:02:07.930+0000] {dag.py:3096} INFO - Sync 1 DAGs
[2024-05-02T23:02:07.958+0000] {logging_mixin.py:188} INFO - [2024-05-02T23:02:07.957+0000] {dag.py:3954} INFO - Setting next_dagrun for example_local_kubernetes_executor to None, run_after=None
[2024-05-02T23:02:08.003+0000] {processor.py:183} INFO - Processing /home/airflow/.local/lib/python3.12/site-packages/airflow/example_dags/example_local_kubernetes_executor.py took 0.189 seconds
[2024-05-02T23:02:38.168+0000] {processor.py:161} INFO - Started process (PID=653) to work on /home/airflow/.local/lib/python3.12/site-packages/airflow/example_dags/example_local_kubernetes_executor.py
[2024-05-02T23:02:38.170+0000] {processor.py:830} INFO - Processing file /home/airflow/.local/lib/python3.12/site-packages/airflow/example_dags/example_local_kubernetes_executor.py for tasks to queue
[2024-05-02T23:02:38.174+0000] {logging_mixin.py:188} INFO - [2024-05-02T23:02:38.174+0000] {dagbag.py:540} INFO - Filling up the DagBag from /home/airflow/.local/lib/python3.12/site-packages/airflow/example_dags/example_local_kubernetes_executor.py
[2024-05-02T23:02:38.187+0000] {processor.py:840} INFO - DAG(s) 'example_local_kubernetes_executor' retrieved from /home/airflow/.local/lib/python3.12/site-packages/airflow/example_dags/example_local_kubernetes_executor.py
[2024-05-02T23:02:38.257+0000] {logging_mixin.py:188} INFO - [2024-05-02T23:02:38.256+0000] {dag.py:3096} INFO - Sync 1 DAGs
[2024-05-02T23:02:38.291+0000] {logging_mixin.py:188} INFO - [2024-05-02T23:02:38.291+0000] {dag.py:3954} INFO - Setting next_dagrun for example_local_kubernetes_executor to None, run_after=None
[2024-05-02T23:02:38.335+0000] {processor.py:183} INFO - Processing /home/airflow/.local/lib/python3.12/site-packages/airflow/example_dags/example_local_kubernetes_executor.py took 0.179 seconds
[2024-05-02T23:03:08.493+0000] {processor.py:161} INFO - Started process (PID=712) to work on /home/airflow/.local/lib/python3.12/site-packages/airflow/example_dags/example_local_kubernetes_executor.py
[2024-05-02T23:03:08.495+0000] {processor.py:830} INFO - Processing file /home/airflow/.local/lib/python3.12/site-packages/airflow/example_dags/example_local_kubernetes_executor.py for tasks to queue
[2024-05-02T23:03:08.502+0000] {logging_mixin.py:188} INFO - [2024-05-02T23:03:08.501+0000] {dagbag.py:540} INFO - Filling up the DagBag from /home/airflow/.local/lib/python3.12/site-packages/airflow/example_dags/example_local_kubernetes_executor.py
[2024-05-02T23:03:08.525+0000] {processor.py:840} INFO - DAG(s) 'example_local_kubernetes_executor' retrieved from /home/airflow/.local/lib/python3.12/site-packages/airflow/example_dags/example_local_kubernetes_executor.py
[2024-05-02T23:03:08.623+0000] {logging_mixin.py:188} INFO - [2024-05-02T23:03:08.623+0000] {dag.py:3096} INFO - Sync 1 DAGs
[2024-05-02T23:03:08.647+0000] {logging_mixin.py:188} INFO - [2024-05-02T23:03:08.646+0000] {dag.py:3954} INFO - Setting next_dagrun for example_local_kubernetes_executor to None, run_after=None
[2024-05-02T23:03:08.696+0000] {processor.py:183} INFO - Processing /home/airflow/.local/lib/python3.12/site-packages/airflow/example_dags/example_local_kubernetes_executor.py took 0.219 seconds
[2024-05-02T23:03:39.148+0000] {processor.py:161} INFO - Started process (PID=771) to work on /home/airflow/.local/lib/python3.12/site-packages/airflow/example_dags/example_local_kubernetes_executor.py
[2024-05-02T23:03:39.150+0000] {processor.py:830} INFO - Processing file /home/airflow/.local/lib/python3.12/site-packages/airflow/example_dags/example_local_kubernetes_executor.py for tasks to queue
[2024-05-02T23:03:39.156+0000] {logging_mixin.py:188} INFO - [2024-05-02T23:03:39.155+0000] {dagbag.py:540} INFO - Filling up the DagBag from /home/airflow/.local/lib/python3.12/site-packages/airflow/example_dags/example_local_kubernetes_executor.py
[2024-05-02T23:03:39.174+0000] {processor.py:840} INFO - DAG(s) 'example_local_kubernetes_executor' retrieved from /home/airflow/.local/lib/python3.12/site-packages/airflow/example_dags/example_local_kubernetes_executor.py
[2024-05-02T23:03:39.270+0000] {logging_mixin.py:188} INFO - [2024-05-02T23:03:39.269+0000] {dag.py:3096} INFO - Sync 1 DAGs
[2024-05-02T23:03:39.295+0000] {logging_mixin.py:188} INFO - [2024-05-02T23:03:39.294+0000] {dag.py:3954} INFO - Setting next_dagrun for example_local_kubernetes_executor to None, run_after=None
[2024-05-02T23:03:39.565+0000] {processor.py:183} INFO - Processing /home/airflow/.local/lib/python3.12/site-packages/airflow/example_dags/example_local_kubernetes_executor.py took 0.433 seconds
[2024-05-02T23:04:09.673+0000] {processor.py:161} INFO - Started process (PID=830) to work on /home/airflow/.local/lib/python3.12/site-packages/airflow/example_dags/example_local_kubernetes_executor.py
[2024-05-02T23:04:09.676+0000] {processor.py:830} INFO - Processing file /home/airflow/.local/lib/python3.12/site-packages/airflow/example_dags/example_local_kubernetes_executor.py for tasks to queue
[2024-05-02T23:04:09.680+0000] {logging_mixin.py:188} INFO - [2024-05-02T23:04:09.680+0000] {dagbag.py:540} INFO - Filling up the DagBag from /home/airflow/.local/lib/python3.12/site-packages/airflow/example_dags/example_local_kubernetes_executor.py
[2024-05-02T23:04:09.699+0000] {processor.py:840} INFO - DAG(s) 'example_local_kubernetes_executor' retrieved from /home/airflow/.local/lib/python3.12/site-packages/airflow/example_dags/example_local_kubernetes_executor.py
[2024-05-02T23:04:09.793+0000] {logging_mixin.py:188} INFO - [2024-05-02T23:04:09.792+0000] {dag.py:3096} INFO - Sync 1 DAGs
[2024-05-02T23:04:09.830+0000] {logging_mixin.py:188} INFO - [2024-05-02T23:04:09.829+0000] {dag.py:3954} INFO - Setting next_dagrun for example_local_kubernetes_executor to None, run_after=None
[2024-05-02T23:04:09.887+0000] {processor.py:183} INFO - Processing /home/airflow/.local/lib/python3.12/site-packages/airflow/example_dags/example_local_kubernetes_executor.py took 0.228 seconds
[2024-05-02T23:04:40.712+0000] {processor.py:161} INFO - Started process (PID=889) to work on /home/airflow/.local/lib/python3.12/site-packages/airflow/example_dags/example_local_kubernetes_executor.py
[2024-05-02T23:04:40.713+0000] {processor.py:830} INFO - Processing file /home/airflow/.local/lib/python3.12/site-packages/airflow/example_dags/example_local_kubernetes_executor.py for tasks to queue
[2024-05-02T23:04:40.717+0000] {logging_mixin.py:188} INFO - [2024-05-02T23:04:40.716+0000] {dagbag.py:540} INFO - Filling up the DagBag from /home/airflow/.local/lib/python3.12/site-packages/airflow/example_dags/example_local_kubernetes_executor.py
[2024-05-02T23:04:40.733+0000] {processor.py:840} INFO - DAG(s) 'example_local_kubernetes_executor' retrieved from /home/airflow/.local/lib/python3.12/site-packages/airflow/example_dags/example_local_kubernetes_executor.py
[2024-05-02T23:04:40.799+0000] {logging_mixin.py:188} INFO - [2024-05-02T23:04:40.798+0000] {dag.py:3096} INFO - Sync 1 DAGs
[2024-05-02T23:04:40.827+0000] {logging_mixin.py:188} INFO - [2024-05-02T23:04:40.826+0000] {dag.py:3954} INFO - Setting next_dagrun for example_local_kubernetes_executor to None, run_after=None
[2024-05-02T23:04:40.872+0000] {processor.py:183} INFO - Processing /home/airflow/.local/lib/python3.12/site-packages/airflow/example_dags/example_local_kubernetes_executor.py took 0.171 seconds
[2024-05-02T23:05:11.528+0000] {processor.py:161} INFO - Started process (PID=948) to work on /home/airflow/.local/lib/python3.12/site-packages/airflow/example_dags/example_local_kubernetes_executor.py
[2024-05-02T23:05:11.529+0000] {processor.py:830} INFO - Processing file /home/airflow/.local/lib/python3.12/site-packages/airflow/example_dags/example_local_kubernetes_executor.py for tasks to queue
[2024-05-02T23:05:11.533+0000] {logging_mixin.py:188} INFO - [2024-05-02T23:05:11.532+0000] {dagbag.py:540} INFO - Filling up the DagBag from /home/airflow/.local/lib/python3.12/site-packages/airflow/example_dags/example_local_kubernetes_executor.py
[2024-05-02T23:05:11.546+0000] {processor.py:840} INFO - DAG(s) 'example_local_kubernetes_executor' retrieved from /home/airflow/.local/lib/python3.12/site-packages/airflow/example_dags/example_local_kubernetes_executor.py
[2024-05-02T23:05:11.609+0000] {logging_mixin.py:188} INFO - [2024-05-02T23:05:11.609+0000] {dag.py:3096} INFO - Sync 1 DAGs
[2024-05-02T23:05:11.653+0000] {logging_mixin.py:188} INFO - [2024-05-02T23:05:11.652+0000] {dag.py:3954} INFO - Setting next_dagrun for example_local_kubernetes_executor to None, run_after=None
[2024-05-02T23:05:11.720+0000] {processor.py:183} INFO - Processing /home/airflow/.local/lib/python3.12/site-packages/airflow/example_dags/example_local_kubernetes_executor.py took 0.203 seconds
[2024-05-02T23:05:43.095+0000] {processor.py:161} INFO - Started process (PID=1006) to work on /home/airflow/.local/lib/python3.12/site-packages/airflow/example_dags/example_local_kubernetes_executor.py
[2024-05-02T23:05:43.096+0000] {processor.py:830} INFO - Processing file /home/airflow/.local/lib/python3.12/site-packages/airflow/example_dags/example_local_kubernetes_executor.py for tasks to queue
[2024-05-02T23:05:43.100+0000] {logging_mixin.py:188} INFO - [2024-05-02T23:05:43.099+0000] {dagbag.py:540} INFO - Filling up the DagBag from /home/airflow/.local/lib/python3.12/site-packages/airflow/example_dags/example_local_kubernetes_executor.py
[2024-05-02T23:05:43.115+0000] {processor.py:840} INFO - DAG(s) 'example_local_kubernetes_executor' retrieved from /home/airflow/.local/lib/python3.12/site-packages/airflow/example_dags/example_local_kubernetes_executor.py
[2024-05-02T23:05:43.488+0000] {logging_mixin.py:188} INFO - [2024-05-02T23:05:43.476+0000] {dag.py:3096} INFO - Sync 1 DAGs
[2024-05-02T23:05:43.535+0000] {logging_mixin.py:188} INFO - [2024-05-02T23:05:43.534+0000] {dag.py:3954} INFO - Setting next_dagrun for example_local_kubernetes_executor to None, run_after=None
[2024-05-02T23:05:43.579+0000] {processor.py:183} INFO - Processing /home/airflow/.local/lib/python3.12/site-packages/airflow/example_dags/example_local_kubernetes_executor.py took 0.495 seconds
[2024-05-02T23:06:14.091+0000] {processor.py:161} INFO - Started process (PID=1065) to work on /home/airflow/.local/lib/python3.12/site-packages/airflow/example_dags/example_local_kubernetes_executor.py
[2024-05-02T23:06:14.094+0000] {processor.py:830} INFO - Processing file /home/airflow/.local/lib/python3.12/site-packages/airflow/example_dags/example_local_kubernetes_executor.py for tasks to queue
[2024-05-02T23:06:14.100+0000] {logging_mixin.py:188} INFO - [2024-05-02T23:06:14.099+0000] {dagbag.py:540} INFO - Filling up the DagBag from /home/airflow/.local/lib/python3.12/site-packages/airflow/example_dags/example_local_kubernetes_executor.py
[2024-05-02T23:06:14.119+0000] {processor.py:840} INFO - DAG(s) 'example_local_kubernetes_executor' retrieved from /home/airflow/.local/lib/python3.12/site-packages/airflow/example_dags/example_local_kubernetes_executor.py
[2024-05-02T23:06:14.191+0000] {logging_mixin.py:188} INFO - [2024-05-02T23:06:14.190+0000] {dag.py:3096} INFO - Sync 1 DAGs
[2024-05-02T23:06:14.221+0000] {logging_mixin.py:188} INFO - [2024-05-02T23:06:14.221+0000] {dag.py:3954} INFO - Setting next_dagrun for example_local_kubernetes_executor to None, run_after=None
[2024-05-02T23:06:14.276+0000] {processor.py:183} INFO - Processing /home/airflow/.local/lib/python3.12/site-packages/airflow/example_dags/example_local_kubernetes_executor.py took 0.199 seconds
[2024-05-02T23:06:45.560+0000] {processor.py:161} INFO - Started process (PID=1124) to work on /home/airflow/.local/lib/python3.12/site-packages/airflow/example_dags/example_local_kubernetes_executor.py
[2024-05-02T23:06:45.561+0000] {processor.py:830} INFO - Processing file /home/airflow/.local/lib/python3.12/site-packages/airflow/example_dags/example_local_kubernetes_executor.py for tasks to queue
[2024-05-02T23:06:45.567+0000] {logging_mixin.py:188} INFO - [2024-05-02T23:06:45.567+0000] {dagbag.py:540} INFO - Filling up the DagBag from /home/airflow/.local/lib/python3.12/site-packages/airflow/example_dags/example_local_kubernetes_executor.py
[2024-05-02T23:06:45.591+0000] {processor.py:840} INFO - DAG(s) 'example_local_kubernetes_executor' retrieved from /home/airflow/.local/lib/python3.12/site-packages/airflow/example_dags/example_local_kubernetes_executor.py
[2024-05-02T23:06:45.728+0000] {logging_mixin.py:188} INFO - [2024-05-02T23:06:45.728+0000] {dag.py:3096} INFO - Sync 1 DAGs
[2024-05-02T23:06:45.752+0000] {logging_mixin.py:188} INFO - [2024-05-02T23:06:45.751+0000] {dag.py:3954} INFO - Setting next_dagrun for example_local_kubernetes_executor to None, run_after=None
[2024-05-02T23:06:45.799+0000] {processor.py:183} INFO - Processing /home/airflow/.local/lib/python3.12/site-packages/airflow/example_dags/example_local_kubernetes_executor.py took 0.253 seconds
