[2024-05-02T20:42:02.674+0000] {processor.py:161} INFO - Started process (PID=111) to work on /home/airflow/.local/lib/python3.12/site-packages/airflow/example_dags/example_python_decorator.py
[2024-05-02T20:42:02.717+0000] {processor.py:830} INFO - Processing file /home/airflow/.local/lib/python3.12/site-packages/airflow/example_dags/example_python_decorator.py for tasks to queue
[2024-05-02T20:42:02.764+0000] {logging_mixin.py:188} INFO - [2024-05-02T20:42:02.749+0000] {dagbag.py:540} INFO - Filling up the DagBag from /home/airflow/.local/lib/python3.12/site-packages/airflow/example_dags/example_python_decorator.py
[2024-05-02T20:42:03.432+0000] {processor.py:840} INFO - DAG(s) 'example_python_decorator' retrieved from /home/airflow/.local/lib/python3.12/site-packages/airflow/example_dags/example_python_decorator.py
[2024-05-02T20:42:18.961+0000] {logging_mixin.py:188} INFO - [2024-05-02T20:42:18.929+0000] {dag.py:3096} INFO - Sync 1 DAGs
[2024-05-02T20:42:19.200+0000] {logging_mixin.py:188} INFO - [2024-05-02T20:42:19.200+0000] {dag.py:3954} INFO - Setting next_dagrun for example_python_decorator to None, run_after=None
[2024-05-02T20:42:20.522+0000] {processor.py:183} INFO - Processing /home/airflow/.local/lib/python3.12/site-packages/airflow/example_dags/example_python_decorator.py took 17.991 seconds
[2024-05-02T22:20:40.213+0000] {processor.py:161} INFO - Started process (PID=50) to work on /home/airflow/.local/lib/python3.12/site-packages/airflow/example_dags/example_python_decorator.py
[2024-05-02T22:20:40.217+0000] {processor.py:830} INFO - Processing file /home/airflow/.local/lib/python3.12/site-packages/airflow/example_dags/example_python_decorator.py for tasks to queue
[2024-05-02T22:20:40.225+0000] {logging_mixin.py:188} INFO - [2024-05-02T22:20:40.224+0000] {dagbag.py:540} INFO - Filling up the DagBag from /home/airflow/.local/lib/python3.12/site-packages/airflow/example_dags/example_python_decorator.py
[2024-05-02T22:20:40.302+0000] {processor.py:840} INFO - DAG(s) 'example_python_decorator' retrieved from /home/airflow/.local/lib/python3.12/site-packages/airflow/example_dags/example_python_decorator.py
[2024-05-02T22:20:40.976+0000] {logging_mixin.py:188} INFO - [2024-05-02T22:20:40.975+0000] {dag.py:3096} INFO - Sync 1 DAGs
[2024-05-02T22:20:41.028+0000] {logging_mixin.py:188} INFO - [2024-05-02T22:20:41.028+0000] {dag.py:3954} INFO - Setting next_dagrun for example_python_decorator to None, run_after=None
[2024-05-02T22:20:41.158+0000] {processor.py:183} INFO - Processing /home/airflow/.local/lib/python3.12/site-packages/airflow/example_dags/example_python_decorator.py took 0.962 seconds
[2024-05-02T22:21:12.024+0000] {processor.py:161} INFO - Started process (PID=107) to work on /home/airflow/.local/lib/python3.12/site-packages/airflow/example_dags/example_python_decorator.py
[2024-05-02T22:21:12.036+0000] {processor.py:830} INFO - Processing file /home/airflow/.local/lib/python3.12/site-packages/airflow/example_dags/example_python_decorator.py for tasks to queue
[2024-05-02T22:21:12.056+0000] {logging_mixin.py:188} INFO - [2024-05-02T22:21:12.044+0000] {dagbag.py:540} INFO - Filling up the DagBag from /home/airflow/.local/lib/python3.12/site-packages/airflow/example_dags/example_python_decorator.py
[2024-05-02T22:21:12.141+0000] {processor.py:840} INFO - DAG(s) 'example_python_decorator' retrieved from /home/airflow/.local/lib/python3.12/site-packages/airflow/example_dags/example_python_decorator.py
[2024-05-02T22:21:12.340+0000] {logging_mixin.py:188} INFO - [2024-05-02T22:21:12.328+0000] {dag.py:3096} INFO - Sync 1 DAGs
[2024-05-02T22:21:12.414+0000] {logging_mixin.py:188} INFO - [2024-05-02T22:21:12.412+0000] {dag.py:3954} INFO - Setting next_dagrun for example_python_decorator to None, run_after=None
[2024-05-02T22:21:12.552+0000] {processor.py:183} INFO - Processing /home/airflow/.local/lib/python3.12/site-packages/airflow/example_dags/example_python_decorator.py took 0.558 seconds
[2024-05-02T22:21:57.950+0000] {processor.py:161} INFO - Started process (PID=163) to work on /home/airflow/.local/lib/python3.12/site-packages/airflow/example_dags/example_python_decorator.py
[2024-05-02T22:21:57.966+0000] {processor.py:830} INFO - Processing file /home/airflow/.local/lib/python3.12/site-packages/airflow/example_dags/example_python_decorator.py for tasks to queue
[2024-05-02T22:21:57.999+0000] {logging_mixin.py:188} INFO - [2024-05-02T22:21:57.999+0000] {dagbag.py:540} INFO - Filling up the DagBag from /home/airflow/.local/lib/python3.12/site-packages/airflow/example_dags/example_python_decorator.py
[2024-05-02T22:21:58.371+0000] {processor.py:840} INFO - DAG(s) 'example_python_decorator' retrieved from /home/airflow/.local/lib/python3.12/site-packages/airflow/example_dags/example_python_decorator.py
[2024-05-02T22:21:58.848+0000] {logging_mixin.py:188} INFO - [2024-05-02T22:21:58.844+0000] {dag.py:3096} INFO - Sync 1 DAGs
[2024-05-02T22:21:59.197+0000] {logging_mixin.py:188} INFO - [2024-05-02T22:21:59.190+0000] {dag.py:3954} INFO - Setting next_dagrun for example_python_decorator to None, run_after=None
[2024-05-02T22:21:59.544+0000] {processor.py:183} INFO - Processing /home/airflow/.local/lib/python3.12/site-packages/airflow/example_dags/example_python_decorator.py took 1.658 seconds
[2024-05-02T22:22:50.998+0000] {processor.py:161} INFO - Started process (PID=194) to work on /home/airflow/.local/lib/python3.12/site-packages/airflow/example_dags/example_python_decorator.py
[2024-05-02T22:22:51.026+0000] {processor.py:830} INFO - Processing file /home/airflow/.local/lib/python3.12/site-packages/airflow/example_dags/example_python_decorator.py for tasks to queue
[2024-05-02T22:22:51.030+0000] {logging_mixin.py:188} INFO - [2024-05-02T22:22:51.029+0000] {dagbag.py:540} INFO - Filling up the DagBag from /home/airflow/.local/lib/python3.12/site-packages/airflow/example_dags/example_python_decorator.py
[2024-05-02T22:22:51.167+0000] {processor.py:840} INFO - DAG(s) 'example_python_decorator' retrieved from /home/airflow/.local/lib/python3.12/site-packages/airflow/example_dags/example_python_decorator.py
[2024-05-02T22:22:51.588+0000] {logging_mixin.py:188} INFO - [2024-05-02T22:22:51.587+0000] {dag.py:3096} INFO - Sync 1 DAGs
[2024-05-02T22:22:51.635+0000] {logging_mixin.py:188} INFO - [2024-05-02T22:22:51.634+0000] {dag.py:3954} INFO - Setting next_dagrun for example_python_decorator to None, run_after=None
[2024-05-02T22:22:51.752+0000] {processor.py:183} INFO - Processing /home/airflow/.local/lib/python3.12/site-packages/airflow/example_dags/example_python_decorator.py took 0.836 seconds
[2024-05-02T22:32:22.232+0000] {processor.py:161} INFO - Started process (PID=44) to work on /home/airflow/.local/lib/python3.12/site-packages/airflow/example_dags/example_python_decorator.py
[2024-05-02T22:32:22.234+0000] {processor.py:830} INFO - Processing file /home/airflow/.local/lib/python3.12/site-packages/airflow/example_dags/example_python_decorator.py for tasks to queue
[2024-05-02T22:32:22.242+0000] {logging_mixin.py:188} INFO - [2024-05-02T22:32:22.241+0000] {dagbag.py:540} INFO - Filling up the DagBag from /home/airflow/.local/lib/python3.12/site-packages/airflow/example_dags/example_python_decorator.py
[2024-05-02T22:32:22.340+0000] {processor.py:840} INFO - DAG(s) 'example_python_decorator' retrieved from /home/airflow/.local/lib/python3.12/site-packages/airflow/example_dags/example_python_decorator.py
[2024-05-02T22:32:22.910+0000] {logging_mixin.py:188} INFO - [2024-05-02T22:32:22.910+0000] {dag.py:3096} INFO - Sync 1 DAGs
[2024-05-02T22:32:22.978+0000] {logging_mixin.py:188} INFO - [2024-05-02T22:32:22.977+0000] {dag.py:3954} INFO - Setting next_dagrun for example_python_decorator to None, run_after=None
[2024-05-02T22:32:23.075+0000] {processor.py:183} INFO - Processing /home/airflow/.local/lib/python3.12/site-packages/airflow/example_dags/example_python_decorator.py took 0.868 seconds
[2024-05-02T22:32:53.838+0000] {processor.py:161} INFO - Started process (PID=102) to work on /home/airflow/.local/lib/python3.12/site-packages/airflow/example_dags/example_python_decorator.py
[2024-05-02T22:32:53.841+0000] {processor.py:830} INFO - Processing file /home/airflow/.local/lib/python3.12/site-packages/airflow/example_dags/example_python_decorator.py for tasks to queue
[2024-05-02T22:32:53.846+0000] {logging_mixin.py:188} INFO - [2024-05-02T22:32:53.845+0000] {dagbag.py:540} INFO - Filling up the DagBag from /home/airflow/.local/lib/python3.12/site-packages/airflow/example_dags/example_python_decorator.py
[2024-05-02T22:32:53.924+0000] {processor.py:840} INFO - DAG(s) 'example_python_decorator' retrieved from /home/airflow/.local/lib/python3.12/site-packages/airflow/example_dags/example_python_decorator.py
[2024-05-02T22:32:54.146+0000] {logging_mixin.py:188} INFO - [2024-05-02T22:32:54.145+0000] {dag.py:3096} INFO - Sync 1 DAGs
[2024-05-02T22:32:54.352+0000] {logging_mixin.py:188} INFO - [2024-05-02T22:32:54.351+0000] {dag.py:3954} INFO - Setting next_dagrun for example_python_decorator to None, run_after=None
[2024-05-02T22:32:54.571+0000] {processor.py:183} INFO - Processing /home/airflow/.local/lib/python3.12/site-packages/airflow/example_dags/example_python_decorator.py took 0.753 seconds
[2024-05-02T22:33:25.541+0000] {processor.py:161} INFO - Started process (PID=159) to work on /home/airflow/.local/lib/python3.12/site-packages/airflow/example_dags/example_python_decorator.py
[2024-05-02T22:33:25.543+0000] {processor.py:830} INFO - Processing file /home/airflow/.local/lib/python3.12/site-packages/airflow/example_dags/example_python_decorator.py for tasks to queue
[2024-05-02T22:33:25.547+0000] {logging_mixin.py:188} INFO - [2024-05-02T22:33:25.546+0000] {dagbag.py:540} INFO - Filling up the DagBag from /home/airflow/.local/lib/python3.12/site-packages/airflow/example_dags/example_python_decorator.py
[2024-05-02T22:33:25.580+0000] {processor.py:840} INFO - DAG(s) 'example_python_decorator' retrieved from /home/airflow/.local/lib/python3.12/site-packages/airflow/example_dags/example_python_decorator.py
[2024-05-02T22:33:25.634+0000] {logging_mixin.py:188} INFO - [2024-05-02T22:33:25.634+0000] {dag.py:3096} INFO - Sync 1 DAGs
[2024-05-02T22:33:25.672+0000] {logging_mixin.py:188} INFO - [2024-05-02T22:33:25.671+0000] {dag.py:3954} INFO - Setting next_dagrun for example_python_decorator to None, run_after=None
[2024-05-02T22:33:25.730+0000] {processor.py:183} INFO - Processing /home/airflow/.local/lib/python3.12/site-packages/airflow/example_dags/example_python_decorator.py took 0.201 seconds
[2024-05-02T22:33:58.573+0000] {processor.py:161} INFO - Started process (PID=218) to work on /home/airflow/.local/lib/python3.12/site-packages/airflow/example_dags/example_python_decorator.py
[2024-05-02T22:33:58.577+0000] {processor.py:830} INFO - Processing file /home/airflow/.local/lib/python3.12/site-packages/airflow/example_dags/example_python_decorator.py for tasks to queue
[2024-05-02T22:33:58.586+0000] {logging_mixin.py:188} INFO - [2024-05-02T22:33:58.583+0000] {dagbag.py:540} INFO - Filling up the DagBag from /home/airflow/.local/lib/python3.12/site-packages/airflow/example_dags/example_python_decorator.py
[2024-05-02T22:33:58.647+0000] {processor.py:840} INFO - DAG(s) 'example_python_decorator' retrieved from /home/airflow/.local/lib/python3.12/site-packages/airflow/example_dags/example_python_decorator.py
[2024-05-02T22:33:58.722+0000] {logging_mixin.py:188} INFO - [2024-05-02T22:33:58.721+0000] {dag.py:3096} INFO - Sync 1 DAGs
[2024-05-02T22:33:58.764+0000] {logging_mixin.py:188} INFO - [2024-05-02T22:33:58.764+0000] {dag.py:3954} INFO - Setting next_dagrun for example_python_decorator to None, run_after=None
[2024-05-02T22:33:58.810+0000] {processor.py:183} INFO - Processing /home/airflow/.local/lib/python3.12/site-packages/airflow/example_dags/example_python_decorator.py took 0.255 seconds
[2024-05-02T22:34:29.018+0000] {processor.py:161} INFO - Started process (PID=277) to work on /home/airflow/.local/lib/python3.12/site-packages/airflow/example_dags/example_python_decorator.py
[2024-05-02T22:34:29.020+0000] {processor.py:830} INFO - Processing file /home/airflow/.local/lib/python3.12/site-packages/airflow/example_dags/example_python_decorator.py for tasks to queue
[2024-05-02T22:34:29.024+0000] {logging_mixin.py:188} INFO - [2024-05-02T22:34:29.023+0000] {dagbag.py:540} INFO - Filling up the DagBag from /home/airflow/.local/lib/python3.12/site-packages/airflow/example_dags/example_python_decorator.py
[2024-05-02T22:34:29.052+0000] {processor.py:840} INFO - DAG(s) 'example_python_decorator' retrieved from /home/airflow/.local/lib/python3.12/site-packages/airflow/example_dags/example_python_decorator.py
[2024-05-02T22:34:29.110+0000] {logging_mixin.py:188} INFO - [2024-05-02T22:34:29.109+0000] {dag.py:3096} INFO - Sync 1 DAGs
[2024-05-02T22:34:29.140+0000] {logging_mixin.py:188} INFO - [2024-05-02T22:34:29.140+0000] {dag.py:3954} INFO - Setting next_dagrun for example_python_decorator to None, run_after=None
[2024-05-02T22:34:29.196+0000] {processor.py:183} INFO - Processing /home/airflow/.local/lib/python3.12/site-packages/airflow/example_dags/example_python_decorator.py took 0.191 seconds
[2024-05-02T22:34:59.881+0000] {processor.py:161} INFO - Started process (PID=335) to work on /home/airflow/.local/lib/python3.12/site-packages/airflow/example_dags/example_python_decorator.py
[2024-05-02T22:34:59.883+0000] {processor.py:830} INFO - Processing file /home/airflow/.local/lib/python3.12/site-packages/airflow/example_dags/example_python_decorator.py for tasks to queue
[2024-05-02T22:34:59.888+0000] {logging_mixin.py:188} INFO - [2024-05-02T22:34:59.887+0000] {dagbag.py:540} INFO - Filling up the DagBag from /home/airflow/.local/lib/python3.12/site-packages/airflow/example_dags/example_python_decorator.py
[2024-05-02T22:34:59.997+0000] {processor.py:840} INFO - DAG(s) 'example_python_decorator' retrieved from /home/airflow/.local/lib/python3.12/site-packages/airflow/example_dags/example_python_decorator.py
[2024-05-02T22:35:00.107+0000] {logging_mixin.py:188} INFO - [2024-05-02T22:35:00.106+0000] {dag.py:3096} INFO - Sync 1 DAGs
[2024-05-02T22:35:00.215+0000] {logging_mixin.py:188} INFO - [2024-05-02T22:35:00.214+0000] {dag.py:3954} INFO - Setting next_dagrun for example_python_decorator to None, run_after=None
[2024-05-02T22:35:00.372+0000] {processor.py:183} INFO - Processing /home/airflow/.local/lib/python3.12/site-packages/airflow/example_dags/example_python_decorator.py took 0.504 seconds
[2024-05-02T22:35:32.088+0000] {processor.py:161} INFO - Started process (PID=394) to work on /home/airflow/.local/lib/python3.12/site-packages/airflow/example_dags/example_python_decorator.py
[2024-05-02T22:35:32.104+0000] {processor.py:830} INFO - Processing file /home/airflow/.local/lib/python3.12/site-packages/airflow/example_dags/example_python_decorator.py for tasks to queue
[2024-05-02T22:35:32.109+0000] {logging_mixin.py:188} INFO - [2024-05-02T22:35:32.108+0000] {dagbag.py:540} INFO - Filling up the DagBag from /home/airflow/.local/lib/python3.12/site-packages/airflow/example_dags/example_python_decorator.py
[2024-05-02T22:35:32.222+0000] {processor.py:840} INFO - DAG(s) 'example_python_decorator' retrieved from /home/airflow/.local/lib/python3.12/site-packages/airflow/example_dags/example_python_decorator.py
[2024-05-02T22:35:32.588+0000] {logging_mixin.py:188} INFO - [2024-05-02T22:35:32.588+0000] {dag.py:3096} INFO - Sync 1 DAGs
[2024-05-02T22:35:32.632+0000] {logging_mixin.py:188} INFO - [2024-05-02T22:35:32.631+0000] {dag.py:3954} INFO - Setting next_dagrun for example_python_decorator to None, run_after=None
[2024-05-02T22:35:33.251+0000] {processor.py:183} INFO - Processing /home/airflow/.local/lib/python3.12/site-packages/airflow/example_dags/example_python_decorator.py took 1.205 seconds
[2024-05-02T22:36:03.874+0000] {processor.py:161} INFO - Started process (PID=452) to work on /home/airflow/.local/lib/python3.12/site-packages/airflow/example_dags/example_python_decorator.py
[2024-05-02T22:36:03.875+0000] {processor.py:830} INFO - Processing file /home/airflow/.local/lib/python3.12/site-packages/airflow/example_dags/example_python_decorator.py for tasks to queue
[2024-05-02T22:36:03.880+0000] {logging_mixin.py:188} INFO - [2024-05-02T22:36:03.879+0000] {dagbag.py:540} INFO - Filling up the DagBag from /home/airflow/.local/lib/python3.12/site-packages/airflow/example_dags/example_python_decorator.py
[2024-05-02T22:36:03.912+0000] {processor.py:840} INFO - DAG(s) 'example_python_decorator' retrieved from /home/airflow/.local/lib/python3.12/site-packages/airflow/example_dags/example_python_decorator.py
[2024-05-02T22:36:03.965+0000] {logging_mixin.py:188} INFO - [2024-05-02T22:36:03.965+0000] {dag.py:3096} INFO - Sync 1 DAGs
[2024-05-02T22:36:04.000+0000] {logging_mixin.py:188} INFO - [2024-05-02T22:36:03.999+0000] {dag.py:3954} INFO - Setting next_dagrun for example_python_decorator to None, run_after=None
[2024-05-02T22:36:04.050+0000] {processor.py:183} INFO - Processing /home/airflow/.local/lib/python3.12/site-packages/airflow/example_dags/example_python_decorator.py took 0.187 seconds
[2024-05-02T22:36:34.470+0000] {processor.py:161} INFO - Started process (PID=511) to work on /home/airflow/.local/lib/python3.12/site-packages/airflow/example_dags/example_python_decorator.py
[2024-05-02T22:36:34.475+0000] {processor.py:830} INFO - Processing file /home/airflow/.local/lib/python3.12/site-packages/airflow/example_dags/example_python_decorator.py for tasks to queue
[2024-05-02T22:36:34.480+0000] {logging_mixin.py:188} INFO - [2024-05-02T22:36:34.479+0000] {dagbag.py:540} INFO - Filling up the DagBag from /home/airflow/.local/lib/python3.12/site-packages/airflow/example_dags/example_python_decorator.py
[2024-05-02T22:36:34.532+0000] {processor.py:840} INFO - DAG(s) 'example_python_decorator' retrieved from /home/airflow/.local/lib/python3.12/site-packages/airflow/example_dags/example_python_decorator.py
[2024-05-02T22:36:34.646+0000] {logging_mixin.py:188} INFO - [2024-05-02T22:36:34.645+0000] {dag.py:3096} INFO - Sync 1 DAGs
[2024-05-02T22:36:34.716+0000] {logging_mixin.py:188} INFO - [2024-05-02T22:36:34.715+0000] {dag.py:3954} INFO - Setting next_dagrun for example_python_decorator to None, run_after=None
[2024-05-02T22:36:34.892+0000] {processor.py:183} INFO - Processing /home/airflow/.local/lib/python3.12/site-packages/airflow/example_dags/example_python_decorator.py took 0.436 seconds
[2024-05-02T22:37:11.292+0000] {processor.py:161} INFO - Started process (PID=572) to work on /home/airflow/.local/lib/python3.12/site-packages/airflow/example_dags/example_python_decorator.py
[2024-05-02T22:37:11.296+0000] {processor.py:830} INFO - Processing file /home/airflow/.local/lib/python3.12/site-packages/airflow/example_dags/example_python_decorator.py for tasks to queue
[2024-05-02T22:37:11.302+0000] {logging_mixin.py:188} INFO - [2024-05-02T22:37:11.301+0000] {dagbag.py:540} INFO - Filling up the DagBag from /home/airflow/.local/lib/python3.12/site-packages/airflow/example_dags/example_python_decorator.py
[2024-05-02T22:37:11.343+0000] {processor.py:840} INFO - DAG(s) 'example_python_decorator' retrieved from /home/airflow/.local/lib/python3.12/site-packages/airflow/example_dags/example_python_decorator.py
[2024-05-02T22:37:11.428+0000] {logging_mixin.py:188} INFO - [2024-05-02T22:37:11.427+0000] {dag.py:3096} INFO - Sync 1 DAGs
[2024-05-02T22:37:11.479+0000] {logging_mixin.py:188} INFO - [2024-05-02T22:37:11.479+0000] {dag.py:3954} INFO - Setting next_dagrun for example_python_decorator to None, run_after=None
[2024-05-02T22:37:11.569+0000] {processor.py:183} INFO - Processing /home/airflow/.local/lib/python3.12/site-packages/airflow/example_dags/example_python_decorator.py took 0.290 seconds
[2024-05-02T22:37:45.050+0000] {processor.py:161} INFO - Started process (PID=625) to work on /home/airflow/.local/lib/python3.12/site-packages/airflow/example_dags/example_python_decorator.py
[2024-05-02T22:37:45.103+0000] {processor.py:830} INFO - Processing file /home/airflow/.local/lib/python3.12/site-packages/airflow/example_dags/example_python_decorator.py for tasks to queue
[2024-05-02T22:37:45.199+0000] {logging_mixin.py:188} INFO - [2024-05-02T22:37:45.156+0000] {dagbag.py:540} INFO - Filling up the DagBag from /home/airflow/.local/lib/python3.12/site-packages/airflow/example_dags/example_python_decorator.py
[2024-05-02T22:37:45.421+0000] {processor.py:840} INFO - DAG(s) 'example_python_decorator' retrieved from /home/airflow/.local/lib/python3.12/site-packages/airflow/example_dags/example_python_decorator.py
[2024-05-02T22:37:45.663+0000] {logging_mixin.py:188} INFO - [2024-05-02T22:37:45.663+0000] {dag.py:3096} INFO - Sync 1 DAGs
[2024-05-02T22:37:45.845+0000] {logging_mixin.py:188} INFO - [2024-05-02T22:37:45.844+0000] {dag.py:3954} INFO - Setting next_dagrun for example_python_decorator to None, run_after=None
[2024-05-02T22:37:46.181+0000] {processor.py:183} INFO - Processing /home/airflow/.local/lib/python3.12/site-packages/airflow/example_dags/example_python_decorator.py took 1.334 seconds
[2024-05-02T22:38:16.772+0000] {processor.py:161} INFO - Started process (PID=684) to work on /home/airflow/.local/lib/python3.12/site-packages/airflow/example_dags/example_python_decorator.py
[2024-05-02T22:38:16.775+0000] {processor.py:830} INFO - Processing file /home/airflow/.local/lib/python3.12/site-packages/airflow/example_dags/example_python_decorator.py for tasks to queue
[2024-05-02T22:38:16.783+0000] {logging_mixin.py:188} INFO - [2024-05-02T22:38:16.781+0000] {dagbag.py:540} INFO - Filling up the DagBag from /home/airflow/.local/lib/python3.12/site-packages/airflow/example_dags/example_python_decorator.py
[2024-05-02T22:38:16.826+0000] {processor.py:840} INFO - DAG(s) 'example_python_decorator' retrieved from /home/airflow/.local/lib/python3.12/site-packages/airflow/example_dags/example_python_decorator.py
[2024-05-02T22:38:16.889+0000] {logging_mixin.py:188} INFO - [2024-05-02T22:38:16.889+0000] {dag.py:3096} INFO - Sync 1 DAGs
[2024-05-02T22:38:16.931+0000] {logging_mixin.py:188} INFO - [2024-05-02T22:38:16.931+0000] {dag.py:3954} INFO - Setting next_dagrun for example_python_decorator to None, run_after=None
[2024-05-02T22:38:16.976+0000] {processor.py:183} INFO - Processing /home/airflow/.local/lib/python3.12/site-packages/airflow/example_dags/example_python_decorator.py took 0.220 seconds
[2024-05-02T22:38:50.134+0000] {processor.py:161} INFO - Started process (PID=743) to work on /home/airflow/.local/lib/python3.12/site-packages/airflow/example_dags/example_python_decorator.py
[2024-05-02T22:38:50.150+0000] {processor.py:830} INFO - Processing file /home/airflow/.local/lib/python3.12/site-packages/airflow/example_dags/example_python_decorator.py for tasks to queue
[2024-05-02T22:38:50.164+0000] {logging_mixin.py:188} INFO - [2024-05-02T22:38:50.164+0000] {dagbag.py:540} INFO - Filling up the DagBag from /home/airflow/.local/lib/python3.12/site-packages/airflow/example_dags/example_python_decorator.py
[2024-05-02T22:38:50.270+0000] {processor.py:840} INFO - DAG(s) 'example_python_decorator' retrieved from /home/airflow/.local/lib/python3.12/site-packages/airflow/example_dags/example_python_decorator.py
[2024-05-02T22:38:50.481+0000] {logging_mixin.py:188} INFO - [2024-05-02T22:38:50.480+0000] {dag.py:3096} INFO - Sync 1 DAGs
[2024-05-02T22:38:50.660+0000] {logging_mixin.py:188} INFO - [2024-05-02T22:38:50.648+0000] {dag.py:3954} INFO - Setting next_dagrun for example_python_decorator to None, run_after=None
[2024-05-02T22:38:50.915+0000] {processor.py:183} INFO - Processing /home/airflow/.local/lib/python3.12/site-packages/airflow/example_dags/example_python_decorator.py took 0.826 seconds
[2024-05-02T22:39:24.764+0000] {processor.py:161} INFO - Started process (PID=801) to work on /home/airflow/.local/lib/python3.12/site-packages/airflow/example_dags/example_python_decorator.py
[2024-05-02T22:39:24.766+0000] {processor.py:830} INFO - Processing file /home/airflow/.local/lib/python3.12/site-packages/airflow/example_dags/example_python_decorator.py for tasks to queue
[2024-05-02T22:39:24.775+0000] {logging_mixin.py:188} INFO - [2024-05-02T22:39:24.774+0000] {dagbag.py:540} INFO - Filling up the DagBag from /home/airflow/.local/lib/python3.12/site-packages/airflow/example_dags/example_python_decorator.py
[2024-05-02T22:39:24.828+0000] {processor.py:840} INFO - DAG(s) 'example_python_decorator' retrieved from /home/airflow/.local/lib/python3.12/site-packages/airflow/example_dags/example_python_decorator.py
[2024-05-02T22:39:24.891+0000] {logging_mixin.py:188} INFO - [2024-05-02T22:39:24.891+0000] {dag.py:3096} INFO - Sync 1 DAGs
[2024-05-02T22:39:24.970+0000] {logging_mixin.py:188} INFO - [2024-05-02T22:39:24.970+0000] {dag.py:3954} INFO - Setting next_dagrun for example_python_decorator to None, run_after=None
[2024-05-02T22:39:25.096+0000] {processor.py:183} INFO - Processing /home/airflow/.local/lib/python3.12/site-packages/airflow/example_dags/example_python_decorator.py took 0.360 seconds
[2024-05-02T22:40:01.992+0000] {processor.py:161} INFO - Started process (PID=842) to work on /home/airflow/.local/lib/python3.12/site-packages/airflow/example_dags/example_python_decorator.py
[2024-05-02T22:40:01.994+0000] {processor.py:830} INFO - Processing file /home/airflow/.local/lib/python3.12/site-packages/airflow/example_dags/example_python_decorator.py for tasks to queue
[2024-05-02T22:40:01.999+0000] {logging_mixin.py:188} INFO - [2024-05-02T22:40:01.998+0000] {dagbag.py:540} INFO - Filling up the DagBag from /home/airflow/.local/lib/python3.12/site-packages/airflow/example_dags/example_python_decorator.py
[2024-05-02T22:40:02.032+0000] {processor.py:840} INFO - DAG(s) 'example_python_decorator' retrieved from /home/airflow/.local/lib/python3.12/site-packages/airflow/example_dags/example_python_decorator.py
[2024-05-02T22:40:02.567+0000] {logging_mixin.py:188} INFO - [2024-05-02T22:40:02.567+0000] {dag.py:3096} INFO - Sync 1 DAGs
[2024-05-02T22:40:02.620+0000] {logging_mixin.py:188} INFO - [2024-05-02T22:40:02.618+0000] {dag.py:3954} INFO - Setting next_dagrun for example_python_decorator to None, run_after=None
[2024-05-02T22:40:02.680+0000] {processor.py:183} INFO - Processing /home/airflow/.local/lib/python3.12/site-packages/airflow/example_dags/example_python_decorator.py took 0.705 seconds
[2024-05-02T22:40:33.062+0000] {processor.py:161} INFO - Started process (PID=902) to work on /home/airflow/.local/lib/python3.12/site-packages/airflow/example_dags/example_python_decorator.py
[2024-05-02T22:40:33.063+0000] {processor.py:830} INFO - Processing file /home/airflow/.local/lib/python3.12/site-packages/airflow/example_dags/example_python_decorator.py for tasks to queue
[2024-05-02T22:40:33.069+0000] {logging_mixin.py:188} INFO - [2024-05-02T22:40:33.067+0000] {dagbag.py:540} INFO - Filling up the DagBag from /home/airflow/.local/lib/python3.12/site-packages/airflow/example_dags/example_python_decorator.py
[2024-05-02T22:40:33.107+0000] {processor.py:840} INFO - DAG(s) 'example_python_decorator' retrieved from /home/airflow/.local/lib/python3.12/site-packages/airflow/example_dags/example_python_decorator.py
[2024-05-02T22:40:33.441+0000] {logging_mixin.py:188} INFO - [2024-05-02T22:40:33.441+0000] {dag.py:3096} INFO - Sync 1 DAGs
[2024-05-02T22:40:33.464+0000] {logging_mixin.py:188} INFO - [2024-05-02T22:40:33.463+0000] {dag.py:3954} INFO - Setting next_dagrun for example_python_decorator to None, run_after=None
[2024-05-02T22:40:33.552+0000] {processor.py:183} INFO - Processing /home/airflow/.local/lib/python3.12/site-packages/airflow/example_dags/example_python_decorator.py took 0.506 seconds
[2024-05-02T22:41:04.149+0000] {processor.py:161} INFO - Started process (PID=967) to work on /home/airflow/.local/lib/python3.12/site-packages/airflow/example_dags/example_python_decorator.py
[2024-05-02T22:41:04.152+0000] {processor.py:830} INFO - Processing file /home/airflow/.local/lib/python3.12/site-packages/airflow/example_dags/example_python_decorator.py for tasks to queue
[2024-05-02T22:41:04.156+0000] {logging_mixin.py:188} INFO - [2024-05-02T22:41:04.155+0000] {dagbag.py:540} INFO - Filling up the DagBag from /home/airflow/.local/lib/python3.12/site-packages/airflow/example_dags/example_python_decorator.py
[2024-05-02T22:41:04.197+0000] {processor.py:840} INFO - DAG(s) 'example_python_decorator' retrieved from /home/airflow/.local/lib/python3.12/site-packages/airflow/example_dags/example_python_decorator.py
[2024-05-02T22:41:04.269+0000] {logging_mixin.py:188} INFO - [2024-05-02T22:41:04.269+0000] {dag.py:3096} INFO - Sync 1 DAGs
[2024-05-02T22:41:04.312+0000] {logging_mixin.py:188} INFO - [2024-05-02T22:41:04.312+0000] {dag.py:3954} INFO - Setting next_dagrun for example_python_decorator to None, run_after=None
[2024-05-02T22:41:04.585+0000] {processor.py:183} INFO - Processing /home/airflow/.local/lib/python3.12/site-packages/airflow/example_dags/example_python_decorator.py took 0.448 seconds
[2024-05-02T22:41:34.955+0000] {processor.py:161} INFO - Started process (PID=1026) to work on /home/airflow/.local/lib/python3.12/site-packages/airflow/example_dags/example_python_decorator.py
[2024-05-02T22:41:34.957+0000] {processor.py:830} INFO - Processing file /home/airflow/.local/lib/python3.12/site-packages/airflow/example_dags/example_python_decorator.py for tasks to queue
[2024-05-02T22:41:34.962+0000] {logging_mixin.py:188} INFO - [2024-05-02T22:41:34.961+0000] {dagbag.py:540} INFO - Filling up the DagBag from /home/airflow/.local/lib/python3.12/site-packages/airflow/example_dags/example_python_decorator.py
[2024-05-02T22:41:34.997+0000] {processor.py:840} INFO - DAG(s) 'example_python_decorator' retrieved from /home/airflow/.local/lib/python3.12/site-packages/airflow/example_dags/example_python_decorator.py
[2024-05-02T22:41:35.055+0000] {logging_mixin.py:188} INFO - [2024-05-02T22:41:35.055+0000] {dag.py:3096} INFO - Sync 1 DAGs
[2024-05-02T22:41:35.084+0000] {logging_mixin.py:188} INFO - [2024-05-02T22:41:35.084+0000] {dag.py:3954} INFO - Setting next_dagrun for example_python_decorator to None, run_after=None
[2024-05-02T22:41:35.133+0000] {processor.py:183} INFO - Processing /home/airflow/.local/lib/python3.12/site-packages/airflow/example_dags/example_python_decorator.py took 0.191 seconds
[2024-05-02T22:42:05.234+0000] {processor.py:161} INFO - Started process (PID=1085) to work on /home/airflow/.local/lib/python3.12/site-packages/airflow/example_dags/example_python_decorator.py
[2024-05-02T22:42:05.236+0000] {processor.py:830} INFO - Processing file /home/airflow/.local/lib/python3.12/site-packages/airflow/example_dags/example_python_decorator.py for tasks to queue
[2024-05-02T22:42:05.240+0000] {logging_mixin.py:188} INFO - [2024-05-02T22:42:05.239+0000] {dagbag.py:540} INFO - Filling up the DagBag from /home/airflow/.local/lib/python3.12/site-packages/airflow/example_dags/example_python_decorator.py
[2024-05-02T22:42:05.271+0000] {processor.py:840} INFO - DAG(s) 'example_python_decorator' retrieved from /home/airflow/.local/lib/python3.12/site-packages/airflow/example_dags/example_python_decorator.py
[2024-05-02T22:42:05.324+0000] {logging_mixin.py:188} INFO - [2024-05-02T22:42:05.324+0000] {dag.py:3096} INFO - Sync 1 DAGs
[2024-05-02T22:42:05.377+0000] {logging_mixin.py:188} INFO - [2024-05-02T22:42:05.377+0000] {dag.py:3954} INFO - Setting next_dagrun for example_python_decorator to None, run_after=None
[2024-05-02T22:42:05.460+0000] {processor.py:183} INFO - Processing /home/airflow/.local/lib/python3.12/site-packages/airflow/example_dags/example_python_decorator.py took 0.239 seconds
[2024-05-02T22:42:35.768+0000] {processor.py:161} INFO - Started process (PID=1143) to work on /home/airflow/.local/lib/python3.12/site-packages/airflow/example_dags/example_python_decorator.py
[2024-05-02T22:42:35.772+0000] {processor.py:830} INFO - Processing file /home/airflow/.local/lib/python3.12/site-packages/airflow/example_dags/example_python_decorator.py for tasks to queue
[2024-05-02T22:42:35.786+0000] {logging_mixin.py:188} INFO - [2024-05-02T22:42:35.785+0000] {dagbag.py:540} INFO - Filling up the DagBag from /home/airflow/.local/lib/python3.12/site-packages/airflow/example_dags/example_python_decorator.py
[2024-05-02T22:42:35.872+0000] {processor.py:840} INFO - DAG(s) 'example_python_decorator' retrieved from /home/airflow/.local/lib/python3.12/site-packages/airflow/example_dags/example_python_decorator.py
[2024-05-02T22:42:35.975+0000] {logging_mixin.py:188} INFO - [2024-05-02T22:42:35.974+0000] {dag.py:3096} INFO - Sync 1 DAGs
[2024-05-02T22:42:36.003+0000] {logging_mixin.py:188} INFO - [2024-05-02T22:42:36.003+0000] {dag.py:3954} INFO - Setting next_dagrun for example_python_decorator to None, run_after=None
[2024-05-02T22:42:36.045+0000] {processor.py:183} INFO - Processing /home/airflow/.local/lib/python3.12/site-packages/airflow/example_dags/example_python_decorator.py took 0.317 seconds
[2024-05-02T22:43:06.212+0000] {processor.py:161} INFO - Started process (PID=1202) to work on /home/airflow/.local/lib/python3.12/site-packages/airflow/example_dags/example_python_decorator.py
[2024-05-02T22:43:06.214+0000] {processor.py:830} INFO - Processing file /home/airflow/.local/lib/python3.12/site-packages/airflow/example_dags/example_python_decorator.py for tasks to queue
[2024-05-02T22:43:06.217+0000] {logging_mixin.py:188} INFO - [2024-05-02T22:43:06.217+0000] {dagbag.py:540} INFO - Filling up the DagBag from /home/airflow/.local/lib/python3.12/site-packages/airflow/example_dags/example_python_decorator.py
[2024-05-02T22:43:06.244+0000] {processor.py:840} INFO - DAG(s) 'example_python_decorator' retrieved from /home/airflow/.local/lib/python3.12/site-packages/airflow/example_dags/example_python_decorator.py
[2024-05-02T22:43:06.292+0000] {logging_mixin.py:188} INFO - [2024-05-02T22:43:06.291+0000] {dag.py:3096} INFO - Sync 1 DAGs
[2024-05-02T22:43:06.320+0000] {logging_mixin.py:188} INFO - [2024-05-02T22:43:06.320+0000] {dag.py:3954} INFO - Setting next_dagrun for example_python_decorator to None, run_after=None
[2024-05-02T22:43:06.364+0000] {processor.py:183} INFO - Processing /home/airflow/.local/lib/python3.12/site-packages/airflow/example_dags/example_python_decorator.py took 0.166 seconds
[2024-05-02T22:43:36.550+0000] {processor.py:161} INFO - Started process (PID=1261) to work on /home/airflow/.local/lib/python3.12/site-packages/airflow/example_dags/example_python_decorator.py
[2024-05-02T22:43:36.552+0000] {processor.py:830} INFO - Processing file /home/airflow/.local/lib/python3.12/site-packages/airflow/example_dags/example_python_decorator.py for tasks to queue
[2024-05-02T22:43:36.558+0000] {logging_mixin.py:188} INFO - [2024-05-02T22:43:36.557+0000] {dagbag.py:540} INFO - Filling up the DagBag from /home/airflow/.local/lib/python3.12/site-packages/airflow/example_dags/example_python_decorator.py
[2024-05-02T22:43:36.597+0000] {processor.py:840} INFO - DAG(s) 'example_python_decorator' retrieved from /home/airflow/.local/lib/python3.12/site-packages/airflow/example_dags/example_python_decorator.py
[2024-05-02T22:43:36.690+0000] {logging_mixin.py:188} INFO - [2024-05-02T22:43:36.689+0000] {dag.py:3096} INFO - Sync 1 DAGs
[2024-05-02T22:43:36.812+0000] {logging_mixin.py:188} INFO - [2024-05-02T22:43:36.812+0000] {dag.py:3954} INFO - Setting next_dagrun for example_python_decorator to None, run_after=None
[2024-05-02T22:43:37.010+0000] {processor.py:183} INFO - Processing /home/airflow/.local/lib/python3.12/site-packages/airflow/example_dags/example_python_decorator.py took 0.473 seconds
[2024-05-02T22:44:08.517+0000] {processor.py:161} INFO - Started process (PID=1320) to work on /home/airflow/.local/lib/python3.12/site-packages/airflow/example_dags/example_python_decorator.py
[2024-05-02T22:44:08.556+0000] {processor.py:830} INFO - Processing file /home/airflow/.local/lib/python3.12/site-packages/airflow/example_dags/example_python_decorator.py for tasks to queue
[2024-05-02T22:44:08.588+0000] {logging_mixin.py:188} INFO - [2024-05-02T22:44:08.587+0000] {dagbag.py:540} INFO - Filling up the DagBag from /home/airflow/.local/lib/python3.12/site-packages/airflow/example_dags/example_python_decorator.py
[2024-05-02T22:44:08.705+0000] {processor.py:840} INFO - DAG(s) 'example_python_decorator' retrieved from /home/airflow/.local/lib/python3.12/site-packages/airflow/example_dags/example_python_decorator.py
[2024-05-02T22:44:08.913+0000] {logging_mixin.py:188} INFO - [2024-05-02T22:44:08.901+0000] {dag.py:3096} INFO - Sync 1 DAGs
[2024-05-02T22:44:09.025+0000] {logging_mixin.py:188} INFO - [2024-05-02T22:44:09.025+0000] {dag.py:3954} INFO - Setting next_dagrun for example_python_decorator to None, run_after=None
[2024-05-02T22:44:09.303+0000] {processor.py:183} INFO - Processing /home/airflow/.local/lib/python3.12/site-packages/airflow/example_dags/example_python_decorator.py took 0.844 seconds
[2024-05-02T22:44:39.618+0000] {processor.py:161} INFO - Started process (PID=1379) to work on /home/airflow/.local/lib/python3.12/site-packages/airflow/example_dags/example_python_decorator.py
[2024-05-02T22:44:39.632+0000] {processor.py:830} INFO - Processing file /home/airflow/.local/lib/python3.12/site-packages/airflow/example_dags/example_python_decorator.py for tasks to queue
[2024-05-02T22:44:39.659+0000] {logging_mixin.py:188} INFO - [2024-05-02T22:44:39.655+0000] {dagbag.py:540} INFO - Filling up the DagBag from /home/airflow/.local/lib/python3.12/site-packages/airflow/example_dags/example_python_decorator.py
[2024-05-02T22:44:39.749+0000] {processor.py:840} INFO - DAG(s) 'example_python_decorator' retrieved from /home/airflow/.local/lib/python3.12/site-packages/airflow/example_dags/example_python_decorator.py
[2024-05-02T22:44:39.828+0000] {logging_mixin.py:188} INFO - [2024-05-02T22:44:39.828+0000] {dag.py:3096} INFO - Sync 1 DAGs
[2024-05-02T22:44:39.869+0000] {logging_mixin.py:188} INFO - [2024-05-02T22:44:39.869+0000] {dag.py:3954} INFO - Setting next_dagrun for example_python_decorator to None, run_after=None
[2024-05-02T22:44:39.922+0000] {processor.py:183} INFO - Processing /home/airflow/.local/lib/python3.12/site-packages/airflow/example_dags/example_python_decorator.py took 0.339 seconds
[2024-05-02T22:45:10.887+0000] {processor.py:161} INFO - Started process (PID=1438) to work on /home/airflow/.local/lib/python3.12/site-packages/airflow/example_dags/example_python_decorator.py
[2024-05-02T22:45:10.888+0000] {processor.py:830} INFO - Processing file /home/airflow/.local/lib/python3.12/site-packages/airflow/example_dags/example_python_decorator.py for tasks to queue
[2024-05-02T22:45:10.892+0000] {logging_mixin.py:188} INFO - [2024-05-02T22:45:10.891+0000] {dagbag.py:540} INFO - Filling up the DagBag from /home/airflow/.local/lib/python3.12/site-packages/airflow/example_dags/example_python_decorator.py
[2024-05-02T22:45:10.929+0000] {processor.py:840} INFO - DAG(s) 'example_python_decorator' retrieved from /home/airflow/.local/lib/python3.12/site-packages/airflow/example_dags/example_python_decorator.py
[2024-05-02T22:45:11.008+0000] {logging_mixin.py:188} INFO - [2024-05-02T22:45:11.007+0000] {dag.py:3096} INFO - Sync 1 DAGs
[2024-05-02T22:45:11.062+0000] {logging_mixin.py:188} INFO - [2024-05-02T22:45:11.061+0000] {dag.py:3954} INFO - Setting next_dagrun for example_python_decorator to None, run_after=None
[2024-05-02T22:45:11.190+0000] {processor.py:183} INFO - Processing /home/airflow/.local/lib/python3.12/site-packages/airflow/example_dags/example_python_decorator.py took 0.317 seconds
[2024-05-02T22:45:41.300+0000] {processor.py:161} INFO - Started process (PID=1497) to work on /home/airflow/.local/lib/python3.12/site-packages/airflow/example_dags/example_python_decorator.py
[2024-05-02T22:45:41.302+0000] {processor.py:830} INFO - Processing file /home/airflow/.local/lib/python3.12/site-packages/airflow/example_dags/example_python_decorator.py for tasks to queue
[2024-05-02T22:45:41.306+0000] {logging_mixin.py:188} INFO - [2024-05-02T22:45:41.305+0000] {dagbag.py:540} INFO - Filling up the DagBag from /home/airflow/.local/lib/python3.12/site-packages/airflow/example_dags/example_python_decorator.py
[2024-05-02T22:45:41.334+0000] {processor.py:840} INFO - DAG(s) 'example_python_decorator' retrieved from /home/airflow/.local/lib/python3.12/site-packages/airflow/example_dags/example_python_decorator.py
[2024-05-02T22:45:41.380+0000] {logging_mixin.py:188} INFO - [2024-05-02T22:45:41.380+0000] {dag.py:3096} INFO - Sync 1 DAGs
[2024-05-02T22:45:41.411+0000] {logging_mixin.py:188} INFO - [2024-05-02T22:45:41.411+0000] {dag.py:3954} INFO - Setting next_dagrun for example_python_decorator to None, run_after=None
[2024-05-02T22:45:41.449+0000] {processor.py:183} INFO - Processing /home/airflow/.local/lib/python3.12/site-packages/airflow/example_dags/example_python_decorator.py took 0.160 seconds
[2024-05-02T22:46:12.387+0000] {processor.py:161} INFO - Started process (PID=1556) to work on /home/airflow/.local/lib/python3.12/site-packages/airflow/example_dags/example_python_decorator.py
[2024-05-02T22:46:12.390+0000] {processor.py:830} INFO - Processing file /home/airflow/.local/lib/python3.12/site-packages/airflow/example_dags/example_python_decorator.py for tasks to queue
[2024-05-02T22:46:12.396+0000] {logging_mixin.py:188} INFO - [2024-05-02T22:46:12.395+0000] {dagbag.py:540} INFO - Filling up the DagBag from /home/airflow/.local/lib/python3.12/site-packages/airflow/example_dags/example_python_decorator.py
[2024-05-02T22:46:12.440+0000] {processor.py:840} INFO - DAG(s) 'example_python_decorator' retrieved from /home/airflow/.local/lib/python3.12/site-packages/airflow/example_dags/example_python_decorator.py
[2024-05-02T22:46:12.520+0000] {logging_mixin.py:188} INFO - [2024-05-02T22:46:12.519+0000] {dag.py:3096} INFO - Sync 1 DAGs
[2024-05-02T22:46:12.552+0000] {logging_mixin.py:188} INFO - [2024-05-02T22:46:12.551+0000] {dag.py:3954} INFO - Setting next_dagrun for example_python_decorator to None, run_after=None
[2024-05-02T22:46:12.609+0000] {processor.py:183} INFO - Processing /home/airflow/.local/lib/python3.12/site-packages/airflow/example_dags/example_python_decorator.py took 0.239 seconds
[2024-05-02T22:46:42.712+0000] {processor.py:161} INFO - Started process (PID=1616) to work on /home/airflow/.local/lib/python3.12/site-packages/airflow/example_dags/example_python_decorator.py
[2024-05-02T22:46:42.714+0000] {processor.py:830} INFO - Processing file /home/airflow/.local/lib/python3.12/site-packages/airflow/example_dags/example_python_decorator.py for tasks to queue
[2024-05-02T22:46:42.718+0000] {logging_mixin.py:188} INFO - [2024-05-02T22:46:42.717+0000] {dagbag.py:540} INFO - Filling up the DagBag from /home/airflow/.local/lib/python3.12/site-packages/airflow/example_dags/example_python_decorator.py
[2024-05-02T22:46:42.751+0000] {processor.py:840} INFO - DAG(s) 'example_python_decorator' retrieved from /home/airflow/.local/lib/python3.12/site-packages/airflow/example_dags/example_python_decorator.py
[2024-05-02T22:46:42.812+0000] {logging_mixin.py:188} INFO - [2024-05-02T22:46:42.812+0000] {dag.py:3096} INFO - Sync 1 DAGs
[2024-05-02T22:46:42.845+0000] {logging_mixin.py:188} INFO - [2024-05-02T22:46:42.845+0000] {dag.py:3954} INFO - Setting next_dagrun for example_python_decorator to None, run_after=None
[2024-05-02T22:46:42.899+0000] {processor.py:183} INFO - Processing /home/airflow/.local/lib/python3.12/site-packages/airflow/example_dags/example_python_decorator.py took 0.202 seconds
[2024-05-02T22:47:13.058+0000] {processor.py:161} INFO - Started process (PID=1675) to work on /home/airflow/.local/lib/python3.12/site-packages/airflow/example_dags/example_python_decorator.py
[2024-05-02T22:47:13.060+0000] {processor.py:830} INFO - Processing file /home/airflow/.local/lib/python3.12/site-packages/airflow/example_dags/example_python_decorator.py for tasks to queue
[2024-05-02T22:47:13.064+0000] {logging_mixin.py:188} INFO - [2024-05-02T22:47:13.063+0000] {dagbag.py:540} INFO - Filling up the DagBag from /home/airflow/.local/lib/python3.12/site-packages/airflow/example_dags/example_python_decorator.py
[2024-05-02T22:47:13.096+0000] {processor.py:840} INFO - DAG(s) 'example_python_decorator' retrieved from /home/airflow/.local/lib/python3.12/site-packages/airflow/example_dags/example_python_decorator.py
[2024-05-02T22:47:13.147+0000] {logging_mixin.py:188} INFO - [2024-05-02T22:47:13.147+0000] {dag.py:3096} INFO - Sync 1 DAGs
[2024-05-02T22:47:13.173+0000] {logging_mixin.py:188} INFO - [2024-05-02T22:47:13.172+0000] {dag.py:3954} INFO - Setting next_dagrun for example_python_decorator to None, run_after=None
[2024-05-02T22:47:13.227+0000] {processor.py:183} INFO - Processing /home/airflow/.local/lib/python3.12/site-packages/airflow/example_dags/example_python_decorator.py took 0.181 seconds
[2024-05-02T22:47:43.501+0000] {processor.py:161} INFO - Started process (PID=1734) to work on /home/airflow/.local/lib/python3.12/site-packages/airflow/example_dags/example_python_decorator.py
[2024-05-02T22:47:43.504+0000] {processor.py:830} INFO - Processing file /home/airflow/.local/lib/python3.12/site-packages/airflow/example_dags/example_python_decorator.py for tasks to queue
[2024-05-02T22:47:43.511+0000] {logging_mixin.py:188} INFO - [2024-05-02T22:47:43.510+0000] {dagbag.py:540} INFO - Filling up the DagBag from /home/airflow/.local/lib/python3.12/site-packages/airflow/example_dags/example_python_decorator.py
[2024-05-02T22:47:43.557+0000] {processor.py:840} INFO - DAG(s) 'example_python_decorator' retrieved from /home/airflow/.local/lib/python3.12/site-packages/airflow/example_dags/example_python_decorator.py
[2024-05-02T22:47:43.603+0000] {logging_mixin.py:188} INFO - [2024-05-02T22:47:43.602+0000] {dag.py:3096} INFO - Sync 1 DAGs
[2024-05-02T22:47:43.637+0000] {logging_mixin.py:188} INFO - [2024-05-02T22:47:43.637+0000] {dag.py:3954} INFO - Setting next_dagrun for example_python_decorator to None, run_after=None
[2024-05-02T22:47:43.677+0000] {processor.py:183} INFO - Processing /home/airflow/.local/lib/python3.12/site-packages/airflow/example_dags/example_python_decorator.py took 0.197 seconds
[2024-05-02T22:48:14.298+0000] {processor.py:161} INFO - Started process (PID=1794) to work on /home/airflow/.local/lib/python3.12/site-packages/airflow/example_dags/example_python_decorator.py
[2024-05-02T22:48:14.300+0000] {processor.py:830} INFO - Processing file /home/airflow/.local/lib/python3.12/site-packages/airflow/example_dags/example_python_decorator.py for tasks to queue
[2024-05-02T22:48:14.304+0000] {logging_mixin.py:188} INFO - [2024-05-02T22:48:14.303+0000] {dagbag.py:540} INFO - Filling up the DagBag from /home/airflow/.local/lib/python3.12/site-packages/airflow/example_dags/example_python_decorator.py
[2024-05-02T22:48:14.339+0000] {processor.py:840} INFO - DAG(s) 'example_python_decorator' retrieved from /home/airflow/.local/lib/python3.12/site-packages/airflow/example_dags/example_python_decorator.py
[2024-05-02T22:48:14.410+0000] {logging_mixin.py:188} INFO - [2024-05-02T22:48:14.410+0000] {dag.py:3096} INFO - Sync 1 DAGs
[2024-05-02T22:48:14.446+0000] {logging_mixin.py:188} INFO - [2024-05-02T22:48:14.446+0000] {dag.py:3954} INFO - Setting next_dagrun for example_python_decorator to None, run_after=None
[2024-05-02T22:48:14.489+0000] {processor.py:183} INFO - Processing /home/airflow/.local/lib/python3.12/site-packages/airflow/example_dags/example_python_decorator.py took 0.204 seconds
[2024-05-02T22:48:44.745+0000] {processor.py:161} INFO - Started process (PID=1854) to work on /home/airflow/.local/lib/python3.12/site-packages/airflow/example_dags/example_python_decorator.py
[2024-05-02T22:48:44.747+0000] {processor.py:830} INFO - Processing file /home/airflow/.local/lib/python3.12/site-packages/airflow/example_dags/example_python_decorator.py for tasks to queue
[2024-05-02T22:48:44.751+0000] {logging_mixin.py:188} INFO - [2024-05-02T22:48:44.750+0000] {dagbag.py:540} INFO - Filling up the DagBag from /home/airflow/.local/lib/python3.12/site-packages/airflow/example_dags/example_python_decorator.py
[2024-05-02T22:48:44.785+0000] {processor.py:840} INFO - DAG(s) 'example_python_decorator' retrieved from /home/airflow/.local/lib/python3.12/site-packages/airflow/example_dags/example_python_decorator.py
[2024-05-02T22:48:44.833+0000] {logging_mixin.py:188} INFO - [2024-05-02T22:48:44.832+0000] {dag.py:3096} INFO - Sync 1 DAGs
[2024-05-02T22:48:44.857+0000] {logging_mixin.py:188} INFO - [2024-05-02T22:48:44.857+0000] {dag.py:3954} INFO - Setting next_dagrun for example_python_decorator to None, run_after=None
[2024-05-02T22:48:44.893+0000] {processor.py:183} INFO - Processing /home/airflow/.local/lib/python3.12/site-packages/airflow/example_dags/example_python_decorator.py took 0.160 seconds
[2024-05-02T22:49:15.228+0000] {processor.py:161} INFO - Started process (PID=1913) to work on /home/airflow/.local/lib/python3.12/site-packages/airflow/example_dags/example_python_decorator.py
[2024-05-02T22:49:15.231+0000] {processor.py:830} INFO - Processing file /home/airflow/.local/lib/python3.12/site-packages/airflow/example_dags/example_python_decorator.py for tasks to queue
[2024-05-02T22:49:15.247+0000] {logging_mixin.py:188} INFO - [2024-05-02T22:49:15.243+0000] {dagbag.py:540} INFO - Filling up the DagBag from /home/airflow/.local/lib/python3.12/site-packages/airflow/example_dags/example_python_decorator.py
[2024-05-02T22:49:15.309+0000] {processor.py:840} INFO - DAG(s) 'example_python_decorator' retrieved from /home/airflow/.local/lib/python3.12/site-packages/airflow/example_dags/example_python_decorator.py
[2024-05-02T22:49:15.411+0000] {logging_mixin.py:188} INFO - [2024-05-02T22:49:15.409+0000] {dag.py:3096} INFO - Sync 1 DAGs
[2024-05-02T22:49:15.473+0000] {logging_mixin.py:188} INFO - [2024-05-02T22:49:15.472+0000] {dag.py:3954} INFO - Setting next_dagrun for example_python_decorator to None, run_after=None
[2024-05-02T22:49:15.619+0000] {processor.py:183} INFO - Processing /home/airflow/.local/lib/python3.12/site-packages/airflow/example_dags/example_python_decorator.py took 0.402 seconds
[2024-05-02T22:49:45.895+0000] {processor.py:161} INFO - Started process (PID=1972) to work on /home/airflow/.local/lib/python3.12/site-packages/airflow/example_dags/example_python_decorator.py
[2024-05-02T22:49:45.897+0000] {processor.py:830} INFO - Processing file /home/airflow/.local/lib/python3.12/site-packages/airflow/example_dags/example_python_decorator.py for tasks to queue
[2024-05-02T22:49:45.900+0000] {logging_mixin.py:188} INFO - [2024-05-02T22:49:45.899+0000] {dagbag.py:540} INFO - Filling up the DagBag from /home/airflow/.local/lib/python3.12/site-packages/airflow/example_dags/example_python_decorator.py
[2024-05-02T22:49:45.927+0000] {processor.py:840} INFO - DAG(s) 'example_python_decorator' retrieved from /home/airflow/.local/lib/python3.12/site-packages/airflow/example_dags/example_python_decorator.py
[2024-05-02T22:49:45.978+0000] {logging_mixin.py:188} INFO - [2024-05-02T22:49:45.977+0000] {dag.py:3096} INFO - Sync 1 DAGs
[2024-05-02T22:49:46.031+0000] {logging_mixin.py:188} INFO - [2024-05-02T22:49:46.031+0000] {dag.py:3954} INFO - Setting next_dagrun for example_python_decorator to None, run_after=None
[2024-05-02T22:49:46.154+0000] {processor.py:183} INFO - Processing /home/airflow/.local/lib/python3.12/site-packages/airflow/example_dags/example_python_decorator.py took 0.270 seconds
[2024-05-02T22:50:17.028+0000] {processor.py:161} INFO - Started process (PID=2031) to work on /home/airflow/.local/lib/python3.12/site-packages/airflow/example_dags/example_python_decorator.py
[2024-05-02T22:50:17.029+0000] {processor.py:830} INFO - Processing file /home/airflow/.local/lib/python3.12/site-packages/airflow/example_dags/example_python_decorator.py for tasks to queue
[2024-05-02T22:50:17.033+0000] {logging_mixin.py:188} INFO - [2024-05-02T22:50:17.032+0000] {dagbag.py:540} INFO - Filling up the DagBag from /home/airflow/.local/lib/python3.12/site-packages/airflow/example_dags/example_python_decorator.py
[2024-05-02T22:50:17.059+0000] {processor.py:840} INFO - DAG(s) 'example_python_decorator' retrieved from /home/airflow/.local/lib/python3.12/site-packages/airflow/example_dags/example_python_decorator.py
[2024-05-02T22:50:17.114+0000] {logging_mixin.py:188} INFO - [2024-05-02T22:50:17.113+0000] {dag.py:3096} INFO - Sync 1 DAGs
[2024-05-02T22:50:17.144+0000] {logging_mixin.py:188} INFO - [2024-05-02T22:50:17.144+0000] {dag.py:3954} INFO - Setting next_dagrun for example_python_decorator to None, run_after=None
[2024-05-02T22:50:17.209+0000] {processor.py:183} INFO - Processing /home/airflow/.local/lib/python3.12/site-packages/airflow/example_dags/example_python_decorator.py took 0.192 seconds
[2024-05-02T22:50:47.923+0000] {processor.py:161} INFO - Started process (PID=2089) to work on /home/airflow/.local/lib/python3.12/site-packages/airflow/example_dags/example_python_decorator.py
[2024-05-02T22:50:47.926+0000] {processor.py:830} INFO - Processing file /home/airflow/.local/lib/python3.12/site-packages/airflow/example_dags/example_python_decorator.py for tasks to queue
[2024-05-02T22:50:47.931+0000] {logging_mixin.py:188} INFO - [2024-05-02T22:50:47.931+0000] {dagbag.py:540} INFO - Filling up the DagBag from /home/airflow/.local/lib/python3.12/site-packages/airflow/example_dags/example_python_decorator.py
[2024-05-02T22:50:47.960+0000] {processor.py:840} INFO - DAG(s) 'example_python_decorator' retrieved from /home/airflow/.local/lib/python3.12/site-packages/airflow/example_dags/example_python_decorator.py
[2024-05-02T22:50:48.007+0000] {logging_mixin.py:188} INFO - [2024-05-02T22:50:48.007+0000] {dag.py:3096} INFO - Sync 1 DAGs
[2024-05-02T22:50:48.040+0000] {logging_mixin.py:188} INFO - [2024-05-02T22:50:48.040+0000] {dag.py:3954} INFO - Setting next_dagrun for example_python_decorator to None, run_after=None
[2024-05-02T22:50:48.084+0000] {processor.py:183} INFO - Processing /home/airflow/.local/lib/python3.12/site-packages/airflow/example_dags/example_python_decorator.py took 0.184 seconds
[2024-05-02T22:51:18.369+0000] {processor.py:161} INFO - Started process (PID=2148) to work on /home/airflow/.local/lib/python3.12/site-packages/airflow/example_dags/example_python_decorator.py
[2024-05-02T22:51:18.371+0000] {processor.py:830} INFO - Processing file /home/airflow/.local/lib/python3.12/site-packages/airflow/example_dags/example_python_decorator.py for tasks to queue
[2024-05-02T22:51:18.381+0000] {logging_mixin.py:188} INFO - [2024-05-02T22:51:18.380+0000] {dagbag.py:540} INFO - Filling up the DagBag from /home/airflow/.local/lib/python3.12/site-packages/airflow/example_dags/example_python_decorator.py
[2024-05-02T22:51:18.418+0000] {processor.py:840} INFO - DAG(s) 'example_python_decorator' retrieved from /home/airflow/.local/lib/python3.12/site-packages/airflow/example_dags/example_python_decorator.py
[2024-05-02T22:51:18.488+0000] {logging_mixin.py:188} INFO - [2024-05-02T22:51:18.487+0000] {dag.py:3096} INFO - Sync 1 DAGs
[2024-05-02T22:51:18.527+0000] {logging_mixin.py:188} INFO - [2024-05-02T22:51:18.527+0000] {dag.py:3954} INFO - Setting next_dagrun for example_python_decorator to None, run_after=None
[2024-05-02T22:51:18.590+0000] {processor.py:183} INFO - Processing /home/airflow/.local/lib/python3.12/site-packages/airflow/example_dags/example_python_decorator.py took 0.238 seconds
[2024-05-02T22:51:48.774+0000] {processor.py:161} INFO - Started process (PID=2207) to work on /home/airflow/.local/lib/python3.12/site-packages/airflow/example_dags/example_python_decorator.py
[2024-05-02T22:51:48.776+0000] {processor.py:830} INFO - Processing file /home/airflow/.local/lib/python3.12/site-packages/airflow/example_dags/example_python_decorator.py for tasks to queue
[2024-05-02T22:51:48.780+0000] {logging_mixin.py:188} INFO - [2024-05-02T22:51:48.779+0000] {dagbag.py:540} INFO - Filling up the DagBag from /home/airflow/.local/lib/python3.12/site-packages/airflow/example_dags/example_python_decorator.py
[2024-05-02T22:51:48.808+0000] {processor.py:840} INFO - DAG(s) 'example_python_decorator' retrieved from /home/airflow/.local/lib/python3.12/site-packages/airflow/example_dags/example_python_decorator.py
[2024-05-02T22:51:48.855+0000] {logging_mixin.py:188} INFO - [2024-05-02T22:51:48.854+0000] {dag.py:3096} INFO - Sync 1 DAGs
[2024-05-02T22:51:48.883+0000] {logging_mixin.py:188} INFO - [2024-05-02T22:51:48.883+0000] {dag.py:3954} INFO - Setting next_dagrun for example_python_decorator to None, run_after=None
[2024-05-02T22:51:48.924+0000] {processor.py:183} INFO - Processing /home/airflow/.local/lib/python3.12/site-packages/airflow/example_dags/example_python_decorator.py took 0.163 seconds
[2024-05-02T22:52:19.168+0000] {processor.py:161} INFO - Started process (PID=2268) to work on /home/airflow/.local/lib/python3.12/site-packages/airflow/example_dags/example_python_decorator.py
[2024-05-02T22:52:19.170+0000] {processor.py:830} INFO - Processing file /home/airflow/.local/lib/python3.12/site-packages/airflow/example_dags/example_python_decorator.py for tasks to queue
[2024-05-02T22:52:19.175+0000] {logging_mixin.py:188} INFO - [2024-05-02T22:52:19.174+0000] {dagbag.py:540} INFO - Filling up the DagBag from /home/airflow/.local/lib/python3.12/site-packages/airflow/example_dags/example_python_decorator.py
[2024-05-02T22:52:19.209+0000] {processor.py:840} INFO - DAG(s) 'example_python_decorator' retrieved from /home/airflow/.local/lib/python3.12/site-packages/airflow/example_dags/example_python_decorator.py
[2024-05-02T22:52:19.263+0000] {logging_mixin.py:188} INFO - [2024-05-02T22:52:19.262+0000] {dag.py:3096} INFO - Sync 1 DAGs
[2024-05-02T22:52:19.296+0000] {logging_mixin.py:188} INFO - [2024-05-02T22:52:19.296+0000] {dag.py:3954} INFO - Setting next_dagrun for example_python_decorator to None, run_after=None
[2024-05-02T22:52:19.355+0000] {processor.py:183} INFO - Processing /home/airflow/.local/lib/python3.12/site-packages/airflow/example_dags/example_python_decorator.py took 0.200 seconds
[2024-05-02T22:52:50.028+0000] {processor.py:161} INFO - Started process (PID=2328) to work on /home/airflow/.local/lib/python3.12/site-packages/airflow/example_dags/example_python_decorator.py
[2024-05-02T22:52:50.036+0000] {processor.py:830} INFO - Processing file /home/airflow/.local/lib/python3.12/site-packages/airflow/example_dags/example_python_decorator.py for tasks to queue
[2024-05-02T22:52:50.061+0000] {logging_mixin.py:188} INFO - [2024-05-02T22:52:50.054+0000] {dagbag.py:540} INFO - Filling up the DagBag from /home/airflow/.local/lib/python3.12/site-packages/airflow/example_dags/example_python_decorator.py
[2024-05-02T22:52:50.147+0000] {processor.py:840} INFO - DAG(s) 'example_python_decorator' retrieved from /home/airflow/.local/lib/python3.12/site-packages/airflow/example_dags/example_python_decorator.py
[2024-05-02T22:52:50.247+0000] {logging_mixin.py:188} INFO - [2024-05-02T22:52:50.246+0000] {dag.py:3096} INFO - Sync 1 DAGs
[2024-05-02T22:52:50.293+0000] {logging_mixin.py:188} INFO - [2024-05-02T22:52:50.292+0000] {dag.py:3954} INFO - Setting next_dagrun for example_python_decorator to None, run_after=None
[2024-05-02T22:52:50.345+0000] {processor.py:183} INFO - Processing /home/airflow/.local/lib/python3.12/site-packages/airflow/example_dags/example_python_decorator.py took 0.358 seconds
[2024-05-02T22:53:21.245+0000] {processor.py:161} INFO - Started process (PID=2385) to work on /home/airflow/.local/lib/python3.12/site-packages/airflow/example_dags/example_python_decorator.py
[2024-05-02T22:53:21.248+0000] {processor.py:830} INFO - Processing file /home/airflow/.local/lib/python3.12/site-packages/airflow/example_dags/example_python_decorator.py for tasks to queue
[2024-05-02T22:53:21.252+0000] {logging_mixin.py:188} INFO - [2024-05-02T22:53:21.251+0000] {dagbag.py:540} INFO - Filling up the DagBag from /home/airflow/.local/lib/python3.12/site-packages/airflow/example_dags/example_python_decorator.py
[2024-05-02T22:53:21.297+0000] {processor.py:840} INFO - DAG(s) 'example_python_decorator' retrieved from /home/airflow/.local/lib/python3.12/site-packages/airflow/example_dags/example_python_decorator.py
[2024-05-02T22:53:21.378+0000] {logging_mixin.py:188} INFO - [2024-05-02T22:53:21.377+0000] {dag.py:3096} INFO - Sync 1 DAGs
[2024-05-02T22:53:21.415+0000] {logging_mixin.py:188} INFO - [2024-05-02T22:53:21.415+0000] {dag.py:3954} INFO - Setting next_dagrun for example_python_decorator to None, run_after=None
[2024-05-02T22:53:21.507+0000] {processor.py:183} INFO - Processing /home/airflow/.local/lib/python3.12/site-packages/airflow/example_dags/example_python_decorator.py took 0.279 seconds
[2024-05-02T22:53:52.122+0000] {processor.py:161} INFO - Started process (PID=2444) to work on /home/airflow/.local/lib/python3.12/site-packages/airflow/example_dags/example_python_decorator.py
[2024-05-02T22:53:52.126+0000] {processor.py:830} INFO - Processing file /home/airflow/.local/lib/python3.12/site-packages/airflow/example_dags/example_python_decorator.py for tasks to queue
[2024-05-02T22:53:52.154+0000] {logging_mixin.py:188} INFO - [2024-05-02T22:53:52.153+0000] {dagbag.py:540} INFO - Filling up the DagBag from /home/airflow/.local/lib/python3.12/site-packages/airflow/example_dags/example_python_decorator.py
[2024-05-02T22:53:52.307+0000] {processor.py:840} INFO - DAG(s) 'example_python_decorator' retrieved from /home/airflow/.local/lib/python3.12/site-packages/airflow/example_dags/example_python_decorator.py
[2024-05-02T22:53:52.576+0000] {logging_mixin.py:188} INFO - [2024-05-02T22:53:52.575+0000] {dag.py:3096} INFO - Sync 1 DAGs
[2024-05-02T22:53:52.709+0000] {logging_mixin.py:188} INFO - [2024-05-02T22:53:52.709+0000] {dag.py:3954} INFO - Setting next_dagrun for example_python_decorator to None, run_after=None
[2024-05-02T22:53:52.827+0000] {processor.py:183} INFO - Processing /home/airflow/.local/lib/python3.12/site-packages/airflow/example_dags/example_python_decorator.py took 0.870 seconds
[2024-05-02T22:54:23.178+0000] {processor.py:161} INFO - Started process (PID=2501) to work on /home/airflow/.local/lib/python3.12/site-packages/airflow/example_dags/example_python_decorator.py
[2024-05-02T22:54:23.179+0000] {processor.py:830} INFO - Processing file /home/airflow/.local/lib/python3.12/site-packages/airflow/example_dags/example_python_decorator.py for tasks to queue
[2024-05-02T22:54:23.184+0000] {logging_mixin.py:188} INFO - [2024-05-02T22:54:23.183+0000] {dagbag.py:540} INFO - Filling up the DagBag from /home/airflow/.local/lib/python3.12/site-packages/airflow/example_dags/example_python_decorator.py
[2024-05-02T22:54:23.232+0000] {processor.py:840} INFO - DAG(s) 'example_python_decorator' retrieved from /home/airflow/.local/lib/python3.12/site-packages/airflow/example_dags/example_python_decorator.py
[2024-05-02T22:54:23.648+0000] {logging_mixin.py:188} INFO - [2024-05-02T22:54:23.647+0000] {dag.py:3096} INFO - Sync 1 DAGs
[2024-05-02T22:54:23.683+0000] {logging_mixin.py:188} INFO - [2024-05-02T22:54:23.683+0000] {dag.py:3954} INFO - Setting next_dagrun for example_python_decorator to None, run_after=None
[2024-05-02T22:54:23.736+0000] {processor.py:183} INFO - Processing /home/airflow/.local/lib/python3.12/site-packages/airflow/example_dags/example_python_decorator.py took 0.573 seconds
[2024-05-02T22:54:54.286+0000] {processor.py:161} INFO - Started process (PID=2560) to work on /home/airflow/.local/lib/python3.12/site-packages/airflow/example_dags/example_python_decorator.py
[2024-05-02T22:54:54.289+0000] {processor.py:830} INFO - Processing file /home/airflow/.local/lib/python3.12/site-packages/airflow/example_dags/example_python_decorator.py for tasks to queue
[2024-05-02T22:54:54.294+0000] {logging_mixin.py:188} INFO - [2024-05-02T22:54:54.293+0000] {dagbag.py:540} INFO - Filling up the DagBag from /home/airflow/.local/lib/python3.12/site-packages/airflow/example_dags/example_python_decorator.py
[2024-05-02T22:54:54.332+0000] {processor.py:840} INFO - DAG(s) 'example_python_decorator' retrieved from /home/airflow/.local/lib/python3.12/site-packages/airflow/example_dags/example_python_decorator.py
[2024-05-02T22:54:54.407+0000] {logging_mixin.py:188} INFO - [2024-05-02T22:54:54.407+0000] {dag.py:3096} INFO - Sync 1 DAGs
[2024-05-02T22:54:54.441+0000] {logging_mixin.py:188} INFO - [2024-05-02T22:54:54.440+0000] {dag.py:3954} INFO - Setting next_dagrun for example_python_decorator to None, run_after=None
[2024-05-02T22:54:54.497+0000] {processor.py:183} INFO - Processing /home/airflow/.local/lib/python3.12/site-packages/airflow/example_dags/example_python_decorator.py took 0.226 seconds
[2024-05-02T22:55:24.687+0000] {processor.py:161} INFO - Started process (PID=2619) to work on /home/airflow/.local/lib/python3.12/site-packages/airflow/example_dags/example_python_decorator.py
[2024-05-02T22:55:24.689+0000] {processor.py:830} INFO - Processing file /home/airflow/.local/lib/python3.12/site-packages/airflow/example_dags/example_python_decorator.py for tasks to queue
[2024-05-02T22:55:24.693+0000] {logging_mixin.py:188} INFO - [2024-05-02T22:55:24.692+0000] {dagbag.py:540} INFO - Filling up the DagBag from /home/airflow/.local/lib/python3.12/site-packages/airflow/example_dags/example_python_decorator.py
[2024-05-02T22:55:24.729+0000] {processor.py:840} INFO - DAG(s) 'example_python_decorator' retrieved from /home/airflow/.local/lib/python3.12/site-packages/airflow/example_dags/example_python_decorator.py
[2024-05-02T22:55:24.784+0000] {logging_mixin.py:188} INFO - [2024-05-02T22:55:24.783+0000] {dag.py:3096} INFO - Sync 1 DAGs
[2024-05-02T22:55:24.821+0000] {logging_mixin.py:188} INFO - [2024-05-02T22:55:24.821+0000] {dag.py:3954} INFO - Setting next_dagrun for example_python_decorator to None, run_after=None
[2024-05-02T22:55:24.891+0000] {processor.py:183} INFO - Processing /home/airflow/.local/lib/python3.12/site-packages/airflow/example_dags/example_python_decorator.py took 0.218 seconds
[2024-05-02T22:55:55.065+0000] {processor.py:161} INFO - Started process (PID=2679) to work on /home/airflow/.local/lib/python3.12/site-packages/airflow/example_dags/example_python_decorator.py
[2024-05-02T22:55:55.069+0000] {processor.py:830} INFO - Processing file /home/airflow/.local/lib/python3.12/site-packages/airflow/example_dags/example_python_decorator.py for tasks to queue
[2024-05-02T22:55:55.074+0000] {logging_mixin.py:188} INFO - [2024-05-02T22:55:55.073+0000] {dagbag.py:540} INFO - Filling up the DagBag from /home/airflow/.local/lib/python3.12/site-packages/airflow/example_dags/example_python_decorator.py
[2024-05-02T22:55:55.128+0000] {processor.py:840} INFO - DAG(s) 'example_python_decorator' retrieved from /home/airflow/.local/lib/python3.12/site-packages/airflow/example_dags/example_python_decorator.py
[2024-05-02T22:55:55.186+0000] {logging_mixin.py:188} INFO - [2024-05-02T22:55:55.185+0000] {dag.py:3096} INFO - Sync 1 DAGs
[2024-05-02T22:55:55.221+0000] {logging_mixin.py:188} INFO - [2024-05-02T22:55:55.220+0000] {dag.py:3954} INFO - Setting next_dagrun for example_python_decorator to None, run_after=None
[2024-05-02T22:55:55.265+0000] {processor.py:183} INFO - Processing /home/airflow/.local/lib/python3.12/site-packages/airflow/example_dags/example_python_decorator.py took 0.221 seconds
[2024-05-02T22:57:07.894+0000] {processor.py:161} INFO - Started process (PID=38) to work on /home/airflow/.local/lib/python3.12/site-packages/airflow/example_dags/example_python_decorator.py
[2024-05-02T22:57:07.896+0000] {processor.py:830} INFO - Processing file /home/airflow/.local/lib/python3.12/site-packages/airflow/example_dags/example_python_decorator.py for tasks to queue
[2024-05-02T22:57:07.900+0000] {logging_mixin.py:188} INFO - [2024-05-02T22:57:07.900+0000] {dagbag.py:540} INFO - Filling up the DagBag from /home/airflow/.local/lib/python3.12/site-packages/airflow/example_dags/example_python_decorator.py
[2024-05-02T22:57:07.960+0000] {processor.py:840} INFO - DAG(s) 'example_python_decorator' retrieved from /home/airflow/.local/lib/python3.12/site-packages/airflow/example_dags/example_python_decorator.py
[2024-05-02T22:57:08.361+0000] {logging_mixin.py:188} INFO - [2024-05-02T22:57:08.360+0000] {dag.py:3096} INFO - Sync 1 DAGs
[2024-05-02T22:57:08.393+0000] {logging_mixin.py:188} INFO - [2024-05-02T22:57:08.392+0000] {dag.py:3954} INFO - Setting next_dagrun for example_python_decorator to None, run_after=None
[2024-05-02T22:57:08.461+0000] {processor.py:183} INFO - Processing /home/airflow/.local/lib/python3.12/site-packages/airflow/example_dags/example_python_decorator.py took 0.586 seconds
[2024-05-02T22:57:45.926+0000] {processor.py:161} INFO - Started process (PID=101) to work on /home/airflow/.local/lib/python3.12/site-packages/airflow/example_dags/example_python_decorator.py
[2024-05-02T22:57:45.930+0000] {processor.py:830} INFO - Processing file /home/airflow/.local/lib/python3.12/site-packages/airflow/example_dags/example_python_decorator.py for tasks to queue
[2024-05-02T22:57:45.946+0000] {logging_mixin.py:188} INFO - [2024-05-02T22:57:45.941+0000] {dagbag.py:540} INFO - Filling up the DagBag from /home/airflow/.local/lib/python3.12/site-packages/airflow/example_dags/example_python_decorator.py
[2024-05-02T22:57:46.144+0000] {processor.py:840} INFO - DAG(s) 'example_python_decorator' retrieved from /home/airflow/.local/lib/python3.12/site-packages/airflow/example_dags/example_python_decorator.py
[2024-05-02T22:57:46.418+0000] {logging_mixin.py:188} INFO - [2024-05-02T22:57:46.417+0000] {dag.py:3096} INFO - Sync 1 DAGs
[2024-05-02T22:57:46.800+0000] {logging_mixin.py:188} INFO - [2024-05-02T22:57:46.800+0000] {dag.py:3954} INFO - Setting next_dagrun for example_python_decorator to None, run_after=None
[2024-05-02T22:57:47.000+0000] {processor.py:183} INFO - Processing /home/airflow/.local/lib/python3.12/site-packages/airflow/example_dags/example_python_decorator.py took 1.097 seconds
[2024-05-02T22:58:17.820+0000] {processor.py:161} INFO - Started process (PID=159) to work on /home/airflow/.local/lib/python3.12/site-packages/airflow/example_dags/example_python_decorator.py
[2024-05-02T22:58:17.833+0000] {processor.py:830} INFO - Processing file /home/airflow/.local/lib/python3.12/site-packages/airflow/example_dags/example_python_decorator.py for tasks to queue
[2024-05-02T22:58:17.846+0000] {logging_mixin.py:188} INFO - [2024-05-02T22:58:17.845+0000] {dagbag.py:540} INFO - Filling up the DagBag from /home/airflow/.local/lib/python3.12/site-packages/airflow/example_dags/example_python_decorator.py
[2024-05-02T22:58:18.373+0000] {processor.py:840} INFO - DAG(s) 'example_python_decorator' retrieved from /home/airflow/.local/lib/python3.12/site-packages/airflow/example_dags/example_python_decorator.py
[2024-05-02T22:58:18.555+0000] {logging_mixin.py:188} INFO - [2024-05-02T22:58:18.555+0000] {dag.py:3096} INFO - Sync 1 DAGs
[2024-05-02T22:58:18.638+0000] {logging_mixin.py:188} INFO - [2024-05-02T22:58:18.637+0000] {dag.py:3954} INFO - Setting next_dagrun for example_python_decorator to None, run_after=None
[2024-05-02T22:58:18.721+0000] {processor.py:183} INFO - Processing /home/airflow/.local/lib/python3.12/site-packages/airflow/example_dags/example_python_decorator.py took 0.937 seconds
[2024-05-02T22:58:55.964+0000] {processor.py:161} INFO - Started process (PID=227) to work on /home/airflow/.local/lib/python3.12/site-packages/airflow/example_dags/example_python_decorator.py
[2024-05-02T22:58:55.968+0000] {processor.py:830} INFO - Processing file /home/airflow/.local/lib/python3.12/site-packages/airflow/example_dags/example_python_decorator.py for tasks to queue
[2024-05-02T22:58:55.977+0000] {logging_mixin.py:188} INFO - [2024-05-02T22:58:55.976+0000] {dagbag.py:540} INFO - Filling up the DagBag from /home/airflow/.local/lib/python3.12/site-packages/airflow/example_dags/example_python_decorator.py
[2024-05-02T22:58:56.050+0000] {processor.py:840} INFO - DAG(s) 'example_python_decorator' retrieved from /home/airflow/.local/lib/python3.12/site-packages/airflow/example_dags/example_python_decorator.py
[2024-05-02T22:58:56.188+0000] {logging_mixin.py:188} INFO - [2024-05-02T22:58:56.187+0000] {dag.py:3096} INFO - Sync 1 DAGs
[2024-05-02T22:58:56.278+0000] {logging_mixin.py:188} INFO - [2024-05-02T22:58:56.278+0000] {dag.py:3954} INFO - Setting next_dagrun for example_python_decorator to None, run_after=None
[2024-05-02T22:58:56.502+0000] {processor.py:183} INFO - Processing /home/airflow/.local/lib/python3.12/site-packages/airflow/example_dags/example_python_decorator.py took 0.567 seconds
[2024-05-02T22:59:27.481+0000] {processor.py:161} INFO - Started process (PID=289) to work on /home/airflow/.local/lib/python3.12/site-packages/airflow/example_dags/example_python_decorator.py
[2024-05-02T22:59:27.495+0000] {processor.py:830} INFO - Processing file /home/airflow/.local/lib/python3.12/site-packages/airflow/example_dags/example_python_decorator.py for tasks to queue
[2024-05-02T22:59:27.507+0000] {logging_mixin.py:188} INFO - [2024-05-02T22:59:27.502+0000] {dagbag.py:540} INFO - Filling up the DagBag from /home/airflow/.local/lib/python3.12/site-packages/airflow/example_dags/example_python_decorator.py
[2024-05-02T22:59:27.663+0000] {processor.py:840} INFO - DAG(s) 'example_python_decorator' retrieved from /home/airflow/.local/lib/python3.12/site-packages/airflow/example_dags/example_python_decorator.py
[2024-05-02T22:59:27.832+0000] {logging_mixin.py:188} INFO - [2024-05-02T22:59:27.831+0000] {dag.py:3096} INFO - Sync 1 DAGs
[2024-05-02T22:59:27.898+0000] {logging_mixin.py:188} INFO - [2024-05-02T22:59:27.897+0000] {dag.py:3954} INFO - Setting next_dagrun for example_python_decorator to None, run_after=None
[2024-05-02T22:59:27.984+0000] {processor.py:183} INFO - Processing /home/airflow/.local/lib/python3.12/site-packages/airflow/example_dags/example_python_decorator.py took 0.541 seconds
[2024-05-02T22:59:58.340+0000] {processor.py:161} INFO - Started process (PID=347) to work on /home/airflow/.local/lib/python3.12/site-packages/airflow/example_dags/example_python_decorator.py
[2024-05-02T22:59:58.350+0000] {processor.py:830} INFO - Processing file /home/airflow/.local/lib/python3.12/site-packages/airflow/example_dags/example_python_decorator.py for tasks to queue
[2024-05-02T22:59:58.355+0000] {logging_mixin.py:188} INFO - [2024-05-02T22:59:58.353+0000] {dagbag.py:540} INFO - Filling up the DagBag from /home/airflow/.local/lib/python3.12/site-packages/airflow/example_dags/example_python_decorator.py
[2024-05-02T22:59:58.419+0000] {processor.py:840} INFO - DAG(s) 'example_python_decorator' retrieved from /home/airflow/.local/lib/python3.12/site-packages/airflow/example_dags/example_python_decorator.py
[2024-05-02T22:59:58.624+0000] {logging_mixin.py:188} INFO - [2024-05-02T22:59:58.623+0000] {dag.py:3096} INFO - Sync 1 DAGs
[2024-05-02T22:59:58.744+0000] {logging_mixin.py:188} INFO - [2024-05-02T22:59:58.743+0000] {dag.py:3954} INFO - Setting next_dagrun for example_python_decorator to None, run_after=None
[2024-05-02T22:59:58.824+0000] {processor.py:183} INFO - Processing /home/airflow/.local/lib/python3.12/site-packages/airflow/example_dags/example_python_decorator.py took 0.497 seconds
[2024-05-02T23:00:29.299+0000] {processor.py:161} INFO - Started process (PID=406) to work on /home/airflow/.local/lib/python3.12/site-packages/airflow/example_dags/example_python_decorator.py
[2024-05-02T23:00:29.304+0000] {processor.py:830} INFO - Processing file /home/airflow/.local/lib/python3.12/site-packages/airflow/example_dags/example_python_decorator.py for tasks to queue
[2024-05-02T23:00:29.313+0000] {logging_mixin.py:188} INFO - [2024-05-02T23:00:29.311+0000] {dagbag.py:540} INFO - Filling up the DagBag from /home/airflow/.local/lib/python3.12/site-packages/airflow/example_dags/example_python_decorator.py
[2024-05-02T23:00:29.384+0000] {processor.py:840} INFO - DAG(s) 'example_python_decorator' retrieved from /home/airflow/.local/lib/python3.12/site-packages/airflow/example_dags/example_python_decorator.py
[2024-05-02T23:00:29.448+0000] {logging_mixin.py:188} INFO - [2024-05-02T23:00:29.447+0000] {dag.py:3096} INFO - Sync 1 DAGs
[2024-05-02T23:00:29.502+0000] {logging_mixin.py:188} INFO - [2024-05-02T23:00:29.502+0000] {dag.py:3954} INFO - Setting next_dagrun for example_python_decorator to None, run_after=None
[2024-05-02T23:00:29.610+0000] {processor.py:183} INFO - Processing /home/airflow/.local/lib/python3.12/site-packages/airflow/example_dags/example_python_decorator.py took 0.335 seconds
[2024-05-02T23:00:59.765+0000] {processor.py:161} INFO - Started process (PID=466) to work on /home/airflow/.local/lib/python3.12/site-packages/airflow/example_dags/example_python_decorator.py
[2024-05-02T23:00:59.767+0000] {processor.py:830} INFO - Processing file /home/airflow/.local/lib/python3.12/site-packages/airflow/example_dags/example_python_decorator.py for tasks to queue
[2024-05-02T23:00:59.770+0000] {logging_mixin.py:188} INFO - [2024-05-02T23:00:59.770+0000] {dagbag.py:540} INFO - Filling up the DagBag from /home/airflow/.local/lib/python3.12/site-packages/airflow/example_dags/example_python_decorator.py
[2024-05-02T23:00:59.794+0000] {processor.py:840} INFO - DAG(s) 'example_python_decorator' retrieved from /home/airflow/.local/lib/python3.12/site-packages/airflow/example_dags/example_python_decorator.py
[2024-05-02T23:00:59.838+0000] {logging_mixin.py:188} INFO - [2024-05-02T23:00:59.837+0000] {dag.py:3096} INFO - Sync 1 DAGs
[2024-05-02T23:00:59.889+0000] {logging_mixin.py:188} INFO - [2024-05-02T23:00:59.888+0000] {dag.py:3954} INFO - Setting next_dagrun for example_python_decorator to None, run_after=None
[2024-05-02T23:00:59.944+0000] {processor.py:183} INFO - Processing /home/airflow/.local/lib/python3.12/site-packages/airflow/example_dags/example_python_decorator.py took 0.189 seconds
[2024-05-02T23:01:30.500+0000] {processor.py:161} INFO - Started process (PID=525) to work on /home/airflow/.local/lib/python3.12/site-packages/airflow/example_dags/example_python_decorator.py
[2024-05-02T23:01:30.504+0000] {processor.py:830} INFO - Processing file /home/airflow/.local/lib/python3.12/site-packages/airflow/example_dags/example_python_decorator.py for tasks to queue
[2024-05-02T23:01:30.509+0000] {logging_mixin.py:188} INFO - [2024-05-02T23:01:30.508+0000] {dagbag.py:540} INFO - Filling up the DagBag from /home/airflow/.local/lib/python3.12/site-packages/airflow/example_dags/example_python_decorator.py
[2024-05-02T23:01:30.559+0000] {processor.py:840} INFO - DAG(s) 'example_python_decorator' retrieved from /home/airflow/.local/lib/python3.12/site-packages/airflow/example_dags/example_python_decorator.py
[2024-05-02T23:01:30.629+0000] {logging_mixin.py:188} INFO - [2024-05-02T23:01:30.628+0000] {dag.py:3096} INFO - Sync 1 DAGs
[2024-05-02T23:01:30.661+0000] {logging_mixin.py:188} INFO - [2024-05-02T23:01:30.661+0000] {dag.py:3954} INFO - Setting next_dagrun for example_python_decorator to None, run_after=None
[2024-05-02T23:01:30.741+0000] {processor.py:183} INFO - Processing /home/airflow/.local/lib/python3.12/site-packages/airflow/example_dags/example_python_decorator.py took 0.256 seconds
[2024-05-02T23:02:00.981+0000] {processor.py:161} INFO - Started process (PID=585) to work on /home/airflow/.local/lib/python3.12/site-packages/airflow/example_dags/example_python_decorator.py
[2024-05-02T23:02:00.984+0000] {processor.py:830} INFO - Processing file /home/airflow/.local/lib/python3.12/site-packages/airflow/example_dags/example_python_decorator.py for tasks to queue
[2024-05-02T23:02:00.997+0000] {logging_mixin.py:188} INFO - [2024-05-02T23:02:00.996+0000] {dagbag.py:540} INFO - Filling up the DagBag from /home/airflow/.local/lib/python3.12/site-packages/airflow/example_dags/example_python_decorator.py
[2024-05-02T23:02:01.051+0000] {processor.py:840} INFO - DAG(s) 'example_python_decorator' retrieved from /home/airflow/.local/lib/python3.12/site-packages/airflow/example_dags/example_python_decorator.py
[2024-05-02T23:02:01.260+0000] {logging_mixin.py:188} INFO - [2024-05-02T23:02:01.250+0000] {dag.py:3096} INFO - Sync 1 DAGs
[2024-05-02T23:02:01.346+0000] {logging_mixin.py:188} INFO - [2024-05-02T23:02:01.346+0000] {dag.py:3954} INFO - Setting next_dagrun for example_python_decorator to None, run_after=None
[2024-05-02T23:02:01.651+0000] {processor.py:183} INFO - Processing /home/airflow/.local/lib/python3.12/site-packages/airflow/example_dags/example_python_decorator.py took 0.693 seconds
[2024-05-02T23:02:31.877+0000] {processor.py:161} INFO - Started process (PID=644) to work on /home/airflow/.local/lib/python3.12/site-packages/airflow/example_dags/example_python_decorator.py
[2024-05-02T23:02:31.888+0000] {processor.py:830} INFO - Processing file /home/airflow/.local/lib/python3.12/site-packages/airflow/example_dags/example_python_decorator.py for tasks to queue
[2024-05-02T23:02:31.893+0000] {logging_mixin.py:188} INFO - [2024-05-02T23:02:31.892+0000] {dagbag.py:540} INFO - Filling up the DagBag from /home/airflow/.local/lib/python3.12/site-packages/airflow/example_dags/example_python_decorator.py
[2024-05-02T23:02:31.950+0000] {processor.py:840} INFO - DAG(s) 'example_python_decorator' retrieved from /home/airflow/.local/lib/python3.12/site-packages/airflow/example_dags/example_python_decorator.py
[2024-05-02T23:02:32.066+0000] {logging_mixin.py:188} INFO - [2024-05-02T23:02:32.065+0000] {dag.py:3096} INFO - Sync 1 DAGs
[2024-05-02T23:02:32.099+0000] {logging_mixin.py:188} INFO - [2024-05-02T23:02:32.099+0000] {dag.py:3954} INFO - Setting next_dagrun for example_python_decorator to None, run_after=None
[2024-05-02T23:02:32.139+0000] {processor.py:183} INFO - Processing /home/airflow/.local/lib/python3.12/site-packages/airflow/example_dags/example_python_decorator.py took 0.279 seconds
[2024-05-02T23:03:03.246+0000] {processor.py:161} INFO - Started process (PID=703) to work on /home/airflow/.local/lib/python3.12/site-packages/airflow/example_dags/example_python_decorator.py
[2024-05-02T23:03:03.249+0000] {processor.py:830} INFO - Processing file /home/airflow/.local/lib/python3.12/site-packages/airflow/example_dags/example_python_decorator.py for tasks to queue
[2024-05-02T23:03:03.253+0000] {logging_mixin.py:188} INFO - [2024-05-02T23:03:03.252+0000] {dagbag.py:540} INFO - Filling up the DagBag from /home/airflow/.local/lib/python3.12/site-packages/airflow/example_dags/example_python_decorator.py
[2024-05-02T23:03:03.282+0000] {processor.py:840} INFO - DAG(s) 'example_python_decorator' retrieved from /home/airflow/.local/lib/python3.12/site-packages/airflow/example_dags/example_python_decorator.py
[2024-05-02T23:03:03.332+0000] {logging_mixin.py:188} INFO - [2024-05-02T23:03:03.332+0000] {dag.py:3096} INFO - Sync 1 DAGs
[2024-05-02T23:03:03.365+0000] {logging_mixin.py:188} INFO - [2024-05-02T23:03:03.365+0000] {dag.py:3954} INFO - Setting next_dagrun for example_python_decorator to None, run_after=None
[2024-05-02T23:03:03.411+0000] {processor.py:183} INFO - Processing /home/airflow/.local/lib/python3.12/site-packages/airflow/example_dags/example_python_decorator.py took 0.177 seconds
[2024-05-02T23:03:33.921+0000] {processor.py:161} INFO - Started process (PID=762) to work on /home/airflow/.local/lib/python3.12/site-packages/airflow/example_dags/example_python_decorator.py
[2024-05-02T23:03:33.923+0000] {processor.py:830} INFO - Processing file /home/airflow/.local/lib/python3.12/site-packages/airflow/example_dags/example_python_decorator.py for tasks to queue
[2024-05-02T23:03:33.929+0000] {logging_mixin.py:188} INFO - [2024-05-02T23:03:33.928+0000] {dagbag.py:540} INFO - Filling up the DagBag from /home/airflow/.local/lib/python3.12/site-packages/airflow/example_dags/example_python_decorator.py
[2024-05-02T23:03:33.983+0000] {processor.py:840} INFO - DAG(s) 'example_python_decorator' retrieved from /home/airflow/.local/lib/python3.12/site-packages/airflow/example_dags/example_python_decorator.py
[2024-05-02T23:03:34.079+0000] {logging_mixin.py:188} INFO - [2024-05-02T23:03:34.078+0000] {dag.py:3096} INFO - Sync 1 DAGs
[2024-05-02T23:03:34.130+0000] {logging_mixin.py:188} INFO - [2024-05-02T23:03:34.130+0000] {dag.py:3954} INFO - Setting next_dagrun for example_python_decorator to None, run_after=None
[2024-05-02T23:03:34.208+0000] {processor.py:183} INFO - Processing /home/airflow/.local/lib/python3.12/site-packages/airflow/example_dags/example_python_decorator.py took 0.301 seconds
[2024-05-02T23:04:04.885+0000] {processor.py:161} INFO - Started process (PID=821) to work on /home/airflow/.local/lib/python3.12/site-packages/airflow/example_dags/example_python_decorator.py
[2024-05-02T23:04:04.887+0000] {processor.py:830} INFO - Processing file /home/airflow/.local/lib/python3.12/site-packages/airflow/example_dags/example_python_decorator.py for tasks to queue
[2024-05-02T23:04:04.891+0000] {logging_mixin.py:188} INFO - [2024-05-02T23:04:04.890+0000] {dagbag.py:540} INFO - Filling up the DagBag from /home/airflow/.local/lib/python3.12/site-packages/airflow/example_dags/example_python_decorator.py
[2024-05-02T23:04:04.920+0000] {processor.py:840} INFO - DAG(s) 'example_python_decorator' retrieved from /home/airflow/.local/lib/python3.12/site-packages/airflow/example_dags/example_python_decorator.py
[2024-05-02T23:04:04.970+0000] {logging_mixin.py:188} INFO - [2024-05-02T23:04:04.969+0000] {dag.py:3096} INFO - Sync 1 DAGs
[2024-05-02T23:04:04.998+0000] {logging_mixin.py:188} INFO - [2024-05-02T23:04:04.998+0000] {dag.py:3954} INFO - Setting next_dagrun for example_python_decorator to None, run_after=None
[2024-05-02T23:04:05.038+0000] {processor.py:183} INFO - Processing /home/airflow/.local/lib/python3.12/site-packages/airflow/example_dags/example_python_decorator.py took 0.166 seconds
[2024-05-02T23:04:35.506+0000] {processor.py:161} INFO - Started process (PID=880) to work on /home/airflow/.local/lib/python3.12/site-packages/airflow/example_dags/example_python_decorator.py
[2024-05-02T23:04:35.508+0000] {processor.py:830} INFO - Processing file /home/airflow/.local/lib/python3.12/site-packages/airflow/example_dags/example_python_decorator.py for tasks to queue
[2024-05-02T23:04:35.512+0000] {logging_mixin.py:188} INFO - [2024-05-02T23:04:35.511+0000] {dagbag.py:540} INFO - Filling up the DagBag from /home/airflow/.local/lib/python3.12/site-packages/airflow/example_dags/example_python_decorator.py
[2024-05-02T23:04:35.545+0000] {processor.py:840} INFO - DAG(s) 'example_python_decorator' retrieved from /home/airflow/.local/lib/python3.12/site-packages/airflow/example_dags/example_python_decorator.py
[2024-05-02T23:04:35.646+0000] {logging_mixin.py:188} INFO - [2024-05-02T23:04:35.646+0000] {dag.py:3096} INFO - Sync 1 DAGs
[2024-05-02T23:04:35.734+0000] {logging_mixin.py:188} INFO - [2024-05-02T23:04:35.726+0000] {dag.py:3954} INFO - Setting next_dagrun for example_python_decorator to None, run_after=None
[2024-05-02T23:04:35.867+0000] {processor.py:183} INFO - Processing /home/airflow/.local/lib/python3.12/site-packages/airflow/example_dags/example_python_decorator.py took 0.378 seconds
[2024-05-02T23:05:08.745+0000] {processor.py:161} INFO - Started process (PID=939) to work on /home/airflow/.local/lib/python3.12/site-packages/airflow/example_dags/example_python_decorator.py
[2024-05-02T23:05:08.752+0000] {processor.py:830} INFO - Processing file /home/airflow/.local/lib/python3.12/site-packages/airflow/example_dags/example_python_decorator.py for tasks to queue
[2024-05-02T23:05:08.757+0000] {logging_mixin.py:188} INFO - [2024-05-02T23:05:08.756+0000] {dagbag.py:540} INFO - Filling up the DagBag from /home/airflow/.local/lib/python3.12/site-packages/airflow/example_dags/example_python_decorator.py
[2024-05-02T23:05:08.850+0000] {processor.py:840} INFO - DAG(s) 'example_python_decorator' retrieved from /home/airflow/.local/lib/python3.12/site-packages/airflow/example_dags/example_python_decorator.py
[2024-05-02T23:05:08.966+0000] {logging_mixin.py:188} INFO - [2024-05-02T23:05:08.965+0000] {dag.py:3096} INFO - Sync 1 DAGs
[2024-05-02T23:05:09.041+0000] {logging_mixin.py:188} INFO - [2024-05-02T23:05:09.040+0000] {dag.py:3954} INFO - Setting next_dagrun for example_python_decorator to None, run_after=None
[2024-05-02T23:05:09.174+0000] {processor.py:183} INFO - Processing /home/airflow/.local/lib/python3.12/site-packages/airflow/example_dags/example_python_decorator.py took 0.453 seconds
[2024-05-02T23:05:39.989+0000] {processor.py:161} INFO - Started process (PID=997) to work on /home/airflow/.local/lib/python3.12/site-packages/airflow/example_dags/example_python_decorator.py
[2024-05-02T23:05:39.991+0000] {processor.py:830} INFO - Processing file /home/airflow/.local/lib/python3.12/site-packages/airflow/example_dags/example_python_decorator.py for tasks to queue
[2024-05-02T23:05:39.996+0000] {logging_mixin.py:188} INFO - [2024-05-02T23:05:39.995+0000] {dagbag.py:540} INFO - Filling up the DagBag from /home/airflow/.local/lib/python3.12/site-packages/airflow/example_dags/example_python_decorator.py
[2024-05-02T23:05:40.055+0000] {processor.py:840} INFO - DAG(s) 'example_python_decorator' retrieved from /home/airflow/.local/lib/python3.12/site-packages/airflow/example_dags/example_python_decorator.py
[2024-05-02T23:05:40.115+0000] {logging_mixin.py:188} INFO - [2024-05-02T23:05:40.114+0000] {dag.py:3096} INFO - Sync 1 DAGs
[2024-05-02T23:05:40.453+0000] {logging_mixin.py:188} INFO - [2024-05-02T23:05:40.452+0000] {dag.py:3954} INFO - Setting next_dagrun for example_python_decorator to None, run_after=None
[2024-05-02T23:05:40.503+0000] {processor.py:183} INFO - Processing /home/airflow/.local/lib/python3.12/site-packages/airflow/example_dags/example_python_decorator.py took 0.533 seconds
[2024-05-02T23:06:10.608+0000] {processor.py:161} INFO - Started process (PID=1056) to work on /home/airflow/.local/lib/python3.12/site-packages/airflow/example_dags/example_python_decorator.py
[2024-05-02T23:06:10.609+0000] {processor.py:830} INFO - Processing file /home/airflow/.local/lib/python3.12/site-packages/airflow/example_dags/example_python_decorator.py for tasks to queue
[2024-05-02T23:06:10.613+0000] {logging_mixin.py:188} INFO - [2024-05-02T23:06:10.612+0000] {dagbag.py:540} INFO - Filling up the DagBag from /home/airflow/.local/lib/python3.12/site-packages/airflow/example_dags/example_python_decorator.py
[2024-05-02T23:06:10.636+0000] {processor.py:840} INFO - DAG(s) 'example_python_decorator' retrieved from /home/airflow/.local/lib/python3.12/site-packages/airflow/example_dags/example_python_decorator.py
[2024-05-02T23:06:10.676+0000] {logging_mixin.py:188} INFO - [2024-05-02T23:06:10.675+0000] {dag.py:3096} INFO - Sync 1 DAGs
[2024-05-02T23:06:10.699+0000] {logging_mixin.py:188} INFO - [2024-05-02T23:06:10.698+0000] {dag.py:3954} INFO - Setting next_dagrun for example_python_decorator to None, run_after=None
[2024-05-02T23:06:10.736+0000] {processor.py:183} INFO - Processing /home/airflow/.local/lib/python3.12/site-packages/airflow/example_dags/example_python_decorator.py took 0.143 seconds
[2024-05-02T23:06:42.498+0000] {processor.py:161} INFO - Started process (PID=1115) to work on /home/airflow/.local/lib/python3.12/site-packages/airflow/example_dags/example_python_decorator.py
[2024-05-02T23:06:42.500+0000] {processor.py:830} INFO - Processing file /home/airflow/.local/lib/python3.12/site-packages/airflow/example_dags/example_python_decorator.py for tasks to queue
[2024-05-02T23:06:42.505+0000] {logging_mixin.py:188} INFO - [2024-05-02T23:06:42.504+0000] {dagbag.py:540} INFO - Filling up the DagBag from /home/airflow/.local/lib/python3.12/site-packages/airflow/example_dags/example_python_decorator.py
[2024-05-02T23:06:42.569+0000] {processor.py:840} INFO - DAG(s) 'example_python_decorator' retrieved from /home/airflow/.local/lib/python3.12/site-packages/airflow/example_dags/example_python_decorator.py
[2024-05-02T23:06:42.633+0000] {logging_mixin.py:188} INFO - [2024-05-02T23:06:42.633+0000] {dag.py:3096} INFO - Sync 1 DAGs
[2024-05-02T23:06:42.683+0000] {logging_mixin.py:188} INFO - [2024-05-02T23:06:42.682+0000] {dag.py:3954} INFO - Setting next_dagrun for example_python_decorator to None, run_after=None
[2024-05-02T23:06:42.814+0000] {processor.py:183} INFO - Processing /home/airflow/.local/lib/python3.12/site-packages/airflow/example_dags/example_python_decorator.py took 0.339 seconds
