[2024-05-02T20:41:49.283+0000] {processor.py:161} INFO - Started process (PID=109) to work on /home/airflow/.local/lib/python3.12/site-packages/airflow/example_dags/example_dag_decorator.py
[2024-05-02T20:41:49.360+0000] {processor.py:830} INFO - Processing file /home/airflow/.local/lib/python3.12/site-packages/airflow/example_dags/example_dag_decorator.py for tasks to queue
[2024-05-02T20:41:49.408+0000] {logging_mixin.py:188} INFO - [2024-05-02T20:41:49.407+0000] {dagbag.py:540} INFO - Filling up the DagBag from /home/airflow/.local/lib/python3.12/site-packages/airflow/example_dags/example_dag_decorator.py
[2024-05-02T20:42:03.518+0000] {processor.py:840} INFO - DAG(s) 'example_dag_decorator' retrieved from /home/airflow/.local/lib/python3.12/site-packages/airflow/example_dags/example_dag_decorator.py
[2024-05-02T20:42:18.998+0000] {logging_mixin.py:188} INFO - [2024-05-02T20:42:18.997+0000] {dag.py:3096} INFO - Sync 1 DAGs
[2024-05-02T20:42:19.197+0000] {logging_mixin.py:188} INFO - [2024-05-02T20:42:19.196+0000] {dag.py:3954} INFO - Setting next_dagrun for example_dag_decorator to None, run_after=None
[2024-05-02T20:42:20.330+0000] {processor.py:183} INFO - Processing /home/airflow/.local/lib/python3.12/site-packages/airflow/example_dags/example_dag_decorator.py took 31.408 seconds
[2024-05-02T22:20:39.428+0000] {processor.py:161} INFO - Started process (PID=48) to work on /home/airflow/.local/lib/python3.12/site-packages/airflow/example_dags/example_dag_decorator.py
[2024-05-02T22:20:39.432+0000] {processor.py:830} INFO - Processing file /home/airflow/.local/lib/python3.12/site-packages/airflow/example_dags/example_dag_decorator.py for tasks to queue
[2024-05-02T22:20:39.446+0000] {logging_mixin.py:188} INFO - [2024-05-02T22:20:39.446+0000] {dagbag.py:540} INFO - Filling up the DagBag from /home/airflow/.local/lib/python3.12/site-packages/airflow/example_dags/example_dag_decorator.py
[2024-05-02T22:20:42.030+0000] {processor.py:840} INFO - DAG(s) 'example_dag_decorator' retrieved from /home/airflow/.local/lib/python3.12/site-packages/airflow/example_dags/example_dag_decorator.py
[2024-05-02T22:20:42.972+0000] {logging_mixin.py:188} INFO - [2024-05-02T22:20:42.972+0000] {dag.py:3096} INFO - Sync 1 DAGs
[2024-05-02T22:20:43.078+0000] {logging_mixin.py:188} INFO - [2024-05-02T22:20:43.078+0000] {dag.py:3954} INFO - Setting next_dagrun for example_dag_decorator to None, run_after=None
[2024-05-02T22:20:43.248+0000] {processor.py:183} INFO - Processing /home/airflow/.local/lib/python3.12/site-packages/airflow/example_dags/example_dag_decorator.py took 3.832 seconds
[2024-05-02T22:21:14.117+0000] {processor.py:161} INFO - Started process (PID=108) to work on /home/airflow/.local/lib/python3.12/site-packages/airflow/example_dags/example_dag_decorator.py
[2024-05-02T22:21:14.124+0000] {processor.py:830} INFO - Processing file /home/airflow/.local/lib/python3.12/site-packages/airflow/example_dags/example_dag_decorator.py for tasks to queue
[2024-05-02T22:21:14.133+0000] {logging_mixin.py:188} INFO - [2024-05-02T22:21:14.133+0000] {dagbag.py:540} INFO - Filling up the DagBag from /home/airflow/.local/lib/python3.12/site-packages/airflow/example_dags/example_dag_decorator.py
[2024-05-02T22:21:19.720+0000] {processor.py:840} INFO - DAG(s) 'example_dag_decorator' retrieved from /home/airflow/.local/lib/python3.12/site-packages/airflow/example_dags/example_dag_decorator.py
[2024-05-02T22:21:27.275+0000] {logging_mixin.py:188} INFO - [2024-05-02T22:21:27.274+0000] {dag.py:3096} INFO - Sync 1 DAGs
[2024-05-02T22:21:27.401+0000] {logging_mixin.py:188} INFO - [2024-05-02T22:21:27.401+0000] {dag.py:3954} INFO - Setting next_dagrun for example_dag_decorator to None, run_after=None
[2024-05-02T22:21:27.657+0000] {processor.py:183} INFO - Processing /home/airflow/.local/lib/python3.12/site-packages/airflow/example_dags/example_dag_decorator.py took 13.583 seconds
[2024-05-02T22:22:03.268+0000] {processor.py:161} INFO - Started process (PID=171) to work on /home/airflow/.local/lib/python3.12/site-packages/airflow/example_dags/example_dag_decorator.py
[2024-05-02T22:22:03.289+0000] {processor.py:830} INFO - Processing file /home/airflow/.local/lib/python3.12/site-packages/airflow/example_dags/example_dag_decorator.py for tasks to queue
[2024-05-02T22:22:03.306+0000] {logging_mixin.py:188} INFO - [2024-05-02T22:22:03.305+0000] {dagbag.py:540} INFO - Filling up the DagBag from /home/airflow/.local/lib/python3.12/site-packages/airflow/example_dags/example_dag_decorator.py
[2024-05-02T22:22:06.438+0000] {processor.py:840} INFO - DAG(s) 'example_dag_decorator' retrieved from /home/airflow/.local/lib/python3.12/site-packages/airflow/example_dags/example_dag_decorator.py
[2024-05-02T22:22:12.058+0000] {logging_mixin.py:188} INFO - [2024-05-02T22:22:12.057+0000] {dag.py:3096} INFO - Sync 1 DAGs
[2024-05-02T22:22:40.995+0000] {logging_mixin.py:188} INFO - [2024-05-02T22:22:40.990+0000] {dag.py:3954} INFO - Setting next_dagrun for example_dag_decorator to None, run_after=None
[2024-05-02T22:22:41.292+0000] {processor.py:183} INFO - Processing /home/airflow/.local/lib/python3.12/site-packages/airflow/example_dags/example_dag_decorator.py took 38.109 seconds
[2024-05-02T22:23:19.182+0000] {processor.py:161} INFO - Started process (PID=241) to work on /home/airflow/.local/lib/python3.12/site-packages/airflow/example_dags/example_dag_decorator.py
[2024-05-02T22:23:19.199+0000] {processor.py:830} INFO - Processing file /home/airflow/.local/lib/python3.12/site-packages/airflow/example_dags/example_dag_decorator.py for tasks to queue
[2024-05-02T22:23:19.216+0000] {logging_mixin.py:188} INFO - [2024-05-02T22:23:19.215+0000] {dagbag.py:540} INFO - Filling up the DagBag from /home/airflow/.local/lib/python3.12/site-packages/airflow/example_dags/example_dag_decorator.py
[2024-05-02T22:32:20.299+0000] {processor.py:161} INFO - Started process (PID=42) to work on /home/airflow/.local/lib/python3.12/site-packages/airflow/example_dags/example_dag_decorator.py
[2024-05-02T22:32:20.323+0000] {processor.py:830} INFO - Processing file /home/airflow/.local/lib/python3.12/site-packages/airflow/example_dags/example_dag_decorator.py for tasks to queue
[2024-05-02T22:32:20.326+0000] {logging_mixin.py:188} INFO - [2024-05-02T22:32:20.326+0000] {dagbag.py:540} INFO - Filling up the DagBag from /home/airflow/.local/lib/python3.12/site-packages/airflow/example_dags/example_dag_decorator.py
[2024-05-02T22:32:22.707+0000] {processor.py:840} INFO - DAG(s) 'example_dag_decorator' retrieved from /home/airflow/.local/lib/python3.12/site-packages/airflow/example_dags/example_dag_decorator.py
[2024-05-02T22:32:23.562+0000] {logging_mixin.py:188} INFO - [2024-05-02T22:32:23.561+0000] {dag.py:3096} INFO - Sync 1 DAGs
[2024-05-02T22:32:23.620+0000] {logging_mixin.py:188} INFO - [2024-05-02T22:32:23.620+0000] {dag.py:3954} INFO - Setting next_dagrun for example_dag_decorator to None, run_after=None
[2024-05-02T22:32:23.817+0000] {processor.py:183} INFO - Processing /home/airflow/.local/lib/python3.12/site-packages/airflow/example_dags/example_dag_decorator.py took 3.539 seconds
[2024-05-02T22:32:54.873+0000] {processor.py:161} INFO - Started process (PID=103) to work on /home/airflow/.local/lib/python3.12/site-packages/airflow/example_dags/example_dag_decorator.py
[2024-05-02T22:32:54.878+0000] {processor.py:830} INFO - Processing file /home/airflow/.local/lib/python3.12/site-packages/airflow/example_dags/example_dag_decorator.py for tasks to queue
[2024-05-02T22:32:54.883+0000] {logging_mixin.py:188} INFO - [2024-05-02T22:32:54.882+0000] {dagbag.py:540} INFO - Filling up the DagBag from /home/airflow/.local/lib/python3.12/site-packages/airflow/example_dags/example_dag_decorator.py
[2024-05-02T22:32:56.055+0000] {processor.py:840} INFO - DAG(s) 'example_dag_decorator' retrieved from /home/airflow/.local/lib/python3.12/site-packages/airflow/example_dags/example_dag_decorator.py
[2024-05-02T22:32:56.943+0000] {logging_mixin.py:188} INFO - [2024-05-02T22:32:56.942+0000] {dag.py:3096} INFO - Sync 1 DAGs
[2024-05-02T22:32:57.032+0000] {logging_mixin.py:188} INFO - [2024-05-02T22:32:57.031+0000] {dag.py:3954} INFO - Setting next_dagrun for example_dag_decorator to None, run_after=None
[2024-05-02T22:32:57.335+0000] {processor.py:183} INFO - Processing /home/airflow/.local/lib/python3.12/site-packages/airflow/example_dags/example_dag_decorator.py took 2.508 seconds
[2024-05-02T22:33:27.609+0000] {processor.py:161} INFO - Started process (PID=160) to work on /home/airflow/.local/lib/python3.12/site-packages/airflow/example_dags/example_dag_decorator.py
[2024-05-02T22:33:27.611+0000] {processor.py:830} INFO - Processing file /home/airflow/.local/lib/python3.12/site-packages/airflow/example_dags/example_dag_decorator.py for tasks to queue
[2024-05-02T22:33:27.615+0000] {logging_mixin.py:188} INFO - [2024-05-02T22:33:27.614+0000] {dagbag.py:540} INFO - Filling up the DagBag from /home/airflow/.local/lib/python3.12/site-packages/airflow/example_dags/example_dag_decorator.py
[2024-05-02T22:33:28.057+0000] {processor.py:840} INFO - DAG(s) 'example_dag_decorator' retrieved from /home/airflow/.local/lib/python3.12/site-packages/airflow/example_dags/example_dag_decorator.py
[2024-05-02T22:33:28.308+0000] {logging_mixin.py:188} INFO - [2024-05-02T22:33:28.307+0000] {dag.py:3096} INFO - Sync 1 DAGs
[2024-05-02T22:33:28.335+0000] {logging_mixin.py:188} INFO - [2024-05-02T22:33:28.334+0000] {dag.py:3954} INFO - Setting next_dagrun for example_dag_decorator to None, run_after=None
[2024-05-02T22:33:28.714+0000] {processor.py:183} INFO - Processing /home/airflow/.local/lib/python3.12/site-packages/airflow/example_dags/example_dag_decorator.py took 1.118 seconds
[2024-05-02T22:33:58.876+0000] {processor.py:161} INFO - Started process (PID=219) to work on /home/airflow/.local/lib/python3.12/site-packages/airflow/example_dags/example_dag_decorator.py
[2024-05-02T22:33:58.878+0000] {processor.py:830} INFO - Processing file /home/airflow/.local/lib/python3.12/site-packages/airflow/example_dags/example_dag_decorator.py for tasks to queue
[2024-05-02T22:33:58.880+0000] {logging_mixin.py:188} INFO - [2024-05-02T22:33:58.880+0000] {dagbag.py:540} INFO - Filling up the DagBag from /home/airflow/.local/lib/python3.12/site-packages/airflow/example_dags/example_dag_decorator.py
[2024-05-02T22:33:59.095+0000] {processor.py:840} INFO - DAG(s) 'example_dag_decorator' retrieved from /home/airflow/.local/lib/python3.12/site-packages/airflow/example_dags/example_dag_decorator.py
[2024-05-02T22:34:00.013+0000] {logging_mixin.py:188} INFO - [2024-05-02T22:34:00.012+0000] {dag.py:3096} INFO - Sync 1 DAGs
[2024-05-02T22:34:00.105+0000] {logging_mixin.py:188} INFO - [2024-05-02T22:34:00.104+0000] {dag.py:3954} INFO - Setting next_dagrun for example_dag_decorator to None, run_after=None
[2024-05-02T22:34:00.197+0000] {processor.py:183} INFO - Processing /home/airflow/.local/lib/python3.12/site-packages/airflow/example_dags/example_dag_decorator.py took 1.331 seconds
[2024-05-02T22:34:30.339+0000] {processor.py:161} INFO - Started process (PID=285) to work on /home/airflow/.local/lib/python3.12/site-packages/airflow/example_dags/example_dag_decorator.py
[2024-05-02T22:34:30.344+0000] {processor.py:830} INFO - Processing file /home/airflow/.local/lib/python3.12/site-packages/airflow/example_dags/example_dag_decorator.py for tasks to queue
[2024-05-02T22:34:30.349+0000] {logging_mixin.py:188} INFO - [2024-05-02T22:34:30.348+0000] {dagbag.py:540} INFO - Filling up the DagBag from /home/airflow/.local/lib/python3.12/site-packages/airflow/example_dags/example_dag_decorator.py
[2024-05-02T22:34:30.678+0000] {processor.py:840} INFO - DAG(s) 'example_dag_decorator' retrieved from /home/airflow/.local/lib/python3.12/site-packages/airflow/example_dags/example_dag_decorator.py
[2024-05-02T22:34:31.997+0000] {logging_mixin.py:188} INFO - [2024-05-02T22:34:31.997+0000] {dag.py:3096} INFO - Sync 1 DAGs
[2024-05-02T22:34:32.031+0000] {logging_mixin.py:188} INFO - [2024-05-02T22:34:32.031+0000] {dag.py:3954} INFO - Setting next_dagrun for example_dag_decorator to None, run_after=None
[2024-05-02T22:34:32.080+0000] {processor.py:183} INFO - Processing /home/airflow/.local/lib/python3.12/site-packages/airflow/example_dags/example_dag_decorator.py took 1.756 seconds
[2024-05-02T22:35:02.253+0000] {processor.py:161} INFO - Started process (PID=345) to work on /home/airflow/.local/lib/python3.12/site-packages/airflow/example_dags/example_dag_decorator.py
[2024-05-02T22:35:02.256+0000] {processor.py:830} INFO - Processing file /home/airflow/.local/lib/python3.12/site-packages/airflow/example_dags/example_dag_decorator.py for tasks to queue
[2024-05-02T22:35:02.260+0000] {logging_mixin.py:188} INFO - [2024-05-02T22:35:02.260+0000] {dagbag.py:540} INFO - Filling up the DagBag from /home/airflow/.local/lib/python3.12/site-packages/airflow/example_dags/example_dag_decorator.py
[2024-05-02T22:35:02.567+0000] {processor.py:840} INFO - DAG(s) 'example_dag_decorator' retrieved from /home/airflow/.local/lib/python3.12/site-packages/airflow/example_dags/example_dag_decorator.py
[2024-05-02T22:35:02.595+0000] {logging_mixin.py:188} INFO - [2024-05-02T22:35:02.595+0000] {dag.py:3096} INFO - Sync 1 DAGs
[2024-05-02T22:35:02.635+0000] {logging_mixin.py:188} INFO - [2024-05-02T22:35:02.635+0000] {dag.py:3954} INFO - Setting next_dagrun for example_dag_decorator to None, run_after=None
[2024-05-02T22:35:02.677+0000] {processor.py:183} INFO - Processing /home/airflow/.local/lib/python3.12/site-packages/airflow/example_dags/example_dag_decorator.py took 0.457 seconds
[2024-05-02T22:35:34.366+0000] {processor.py:161} INFO - Started process (PID=401) to work on /home/airflow/.local/lib/python3.12/site-packages/airflow/example_dags/example_dag_decorator.py
[2024-05-02T22:35:34.382+0000] {processor.py:830} INFO - Processing file /home/airflow/.local/lib/python3.12/site-packages/airflow/example_dags/example_dag_decorator.py for tasks to queue
[2024-05-02T22:35:34.392+0000] {logging_mixin.py:188} INFO - [2024-05-02T22:35:34.392+0000] {dagbag.py:540} INFO - Filling up the DagBag from /home/airflow/.local/lib/python3.12/site-packages/airflow/example_dags/example_dag_decorator.py
[2024-05-02T22:35:34.999+0000] {processor.py:840} INFO - DAG(s) 'example_dag_decorator' retrieved from /home/airflow/.local/lib/python3.12/site-packages/airflow/example_dags/example_dag_decorator.py
[2024-05-02T22:35:36.510+0000] {logging_mixin.py:188} INFO - [2024-05-02T22:35:36.509+0000] {dag.py:3096} INFO - Sync 1 DAGs
[2024-05-02T22:35:36.539+0000] {logging_mixin.py:188} INFO - [2024-05-02T22:35:36.539+0000] {dag.py:3954} INFO - Setting next_dagrun for example_dag_decorator to None, run_after=None
[2024-05-02T22:35:36.646+0000] {processor.py:183} INFO - Processing /home/airflow/.local/lib/python3.12/site-packages/airflow/example_dags/example_dag_decorator.py took 2.303 seconds
[2024-05-02T22:36:07.387+0000] {processor.py:161} INFO - Started process (PID=460) to work on /home/airflow/.local/lib/python3.12/site-packages/airflow/example_dags/example_dag_decorator.py
[2024-05-02T22:36:07.388+0000] {processor.py:830} INFO - Processing file /home/airflow/.local/lib/python3.12/site-packages/airflow/example_dags/example_dag_decorator.py for tasks to queue
[2024-05-02T22:36:07.393+0000] {logging_mixin.py:188} INFO - [2024-05-02T22:36:07.392+0000] {dagbag.py:540} INFO - Filling up the DagBag from /home/airflow/.local/lib/python3.12/site-packages/airflow/example_dags/example_dag_decorator.py
[2024-05-02T22:36:07.715+0000] {processor.py:840} INFO - DAG(s) 'example_dag_decorator' retrieved from /home/airflow/.local/lib/python3.12/site-packages/airflow/example_dags/example_dag_decorator.py
[2024-05-02T22:36:08.459+0000] {logging_mixin.py:188} INFO - [2024-05-02T22:36:08.459+0000] {dag.py:3096} INFO - Sync 1 DAGs
[2024-05-02T22:36:08.516+0000] {logging_mixin.py:188} INFO - [2024-05-02T22:36:08.515+0000] {dag.py:3954} INFO - Setting next_dagrun for example_dag_decorator to None, run_after=None
[2024-05-02T22:36:08.622+0000] {processor.py:183} INFO - Processing /home/airflow/.local/lib/python3.12/site-packages/airflow/example_dags/example_dag_decorator.py took 1.246 seconds
[2024-05-02T22:36:38.970+0000] {processor.py:161} INFO - Started process (PID=519) to work on /home/airflow/.local/lib/python3.12/site-packages/airflow/example_dags/example_dag_decorator.py
[2024-05-02T22:36:38.972+0000] {processor.py:830} INFO - Processing file /home/airflow/.local/lib/python3.12/site-packages/airflow/example_dags/example_dag_decorator.py for tasks to queue
[2024-05-02T22:36:38.976+0000] {logging_mixin.py:188} INFO - [2024-05-02T22:36:38.975+0000] {dagbag.py:540} INFO - Filling up the DagBag from /home/airflow/.local/lib/python3.12/site-packages/airflow/example_dags/example_dag_decorator.py
[2024-05-02T22:36:39.248+0000] {processor.py:840} INFO - DAG(s) 'example_dag_decorator' retrieved from /home/airflow/.local/lib/python3.12/site-packages/airflow/example_dags/example_dag_decorator.py
[2024-05-02T22:36:39.896+0000] {logging_mixin.py:188} INFO - [2024-05-02T22:36:39.895+0000] {dag.py:3096} INFO - Sync 1 DAGs
[2024-05-02T22:36:39.920+0000] {logging_mixin.py:188} INFO - [2024-05-02T22:36:39.919+0000] {dag.py:3954} INFO - Setting next_dagrun for example_dag_decorator to None, run_after=None
[2024-05-02T22:36:39.969+0000] {processor.py:183} INFO - Processing /home/airflow/.local/lib/python3.12/site-packages/airflow/example_dags/example_dag_decorator.py took 1.012 seconds
[2024-05-02T22:37:11.009+0000] {processor.py:161} INFO - Started process (PID=570) to work on /home/airflow/.local/lib/python3.12/site-packages/airflow/example_dags/example_dag_decorator.py
[2024-05-02T22:37:11.011+0000] {processor.py:830} INFO - Processing file /home/airflow/.local/lib/python3.12/site-packages/airflow/example_dags/example_dag_decorator.py for tasks to queue
[2024-05-02T22:37:11.015+0000] {logging_mixin.py:188} INFO - [2024-05-02T22:37:11.014+0000] {dagbag.py:540} INFO - Filling up the DagBag from /home/airflow/.local/lib/python3.12/site-packages/airflow/example_dags/example_dag_decorator.py
[2024-05-02T22:37:11.277+0000] {processor.py:840} INFO - DAG(s) 'example_dag_decorator' retrieved from /home/airflow/.local/lib/python3.12/site-packages/airflow/example_dags/example_dag_decorator.py
[2024-05-02T22:37:12.009+0000] {logging_mixin.py:188} INFO - [2024-05-02T22:37:12.007+0000] {dag.py:3096} INFO - Sync 1 DAGs
[2024-05-02T22:37:12.067+0000] {logging_mixin.py:188} INFO - [2024-05-02T22:37:12.067+0000] {dag.py:3954} INFO - Setting next_dagrun for example_dag_decorator to None, run_after=None
[2024-05-02T22:37:12.152+0000] {processor.py:183} INFO - Processing /home/airflow/.local/lib/python3.12/site-packages/airflow/example_dags/example_dag_decorator.py took 1.157 seconds
[2024-05-02T22:37:49.357+0000] {processor.py:161} INFO - Started process (PID=633) to work on /home/airflow/.local/lib/python3.12/site-packages/airflow/example_dags/example_dag_decorator.py
[2024-05-02T22:37:49.362+0000] {processor.py:830} INFO - Processing file /home/airflow/.local/lib/python3.12/site-packages/airflow/example_dags/example_dag_decorator.py for tasks to queue
[2024-05-02T22:37:49.366+0000] {logging_mixin.py:188} INFO - [2024-05-02T22:37:49.365+0000] {dagbag.py:540} INFO - Filling up the DagBag from /home/airflow/.local/lib/python3.12/site-packages/airflow/example_dags/example_dag_decorator.py
[2024-05-02T22:37:49.768+0000] {processor.py:840} INFO - DAG(s) 'example_dag_decorator' retrieved from /home/airflow/.local/lib/python3.12/site-packages/airflow/example_dags/example_dag_decorator.py
[2024-05-02T22:37:50.803+0000] {logging_mixin.py:188} INFO - [2024-05-02T22:37:50.803+0000] {dag.py:3096} INFO - Sync 1 DAGs
[2024-05-02T22:37:50.824+0000] {logging_mixin.py:188} INFO - [2024-05-02T22:37:50.823+0000] {dag.py:3954} INFO - Setting next_dagrun for example_dag_decorator to None, run_after=None
[2024-05-02T22:37:50.861+0000] {processor.py:183} INFO - Processing /home/airflow/.local/lib/python3.12/site-packages/airflow/example_dags/example_dag_decorator.py took 1.518 seconds
[2024-05-02T22:38:22.144+0000] {processor.py:161} INFO - Started process (PID=691) to work on /home/airflow/.local/lib/python3.12/site-packages/airflow/example_dags/example_dag_decorator.py
[2024-05-02T22:38:22.146+0000] {processor.py:830} INFO - Processing file /home/airflow/.local/lib/python3.12/site-packages/airflow/example_dags/example_dag_decorator.py for tasks to queue
[2024-05-02T22:38:22.240+0000] {logging_mixin.py:188} INFO - [2024-05-02T22:38:22.177+0000] {dagbag.py:540} INFO - Filling up the DagBag from /home/airflow/.local/lib/python3.12/site-packages/airflow/example_dags/example_dag_decorator.py
[2024-05-02T22:38:23.409+0000] {processor.py:840} INFO - DAG(s) 'example_dag_decorator' retrieved from /home/airflow/.local/lib/python3.12/site-packages/airflow/example_dags/example_dag_decorator.py
[2024-05-02T22:38:25.298+0000] {logging_mixin.py:188} INFO - [2024-05-02T22:38:25.288+0000] {dag.py:3096} INFO - Sync 1 DAGs
[2024-05-02T22:38:25.374+0000] {logging_mixin.py:188} INFO - [2024-05-02T22:38:25.374+0000] {dag.py:3954} INFO - Setting next_dagrun for example_dag_decorator to None, run_after=None
[2024-05-02T22:38:25.528+0000] {processor.py:183} INFO - Processing /home/airflow/.local/lib/python3.12/site-packages/airflow/example_dags/example_dag_decorator.py took 3.466 seconds
[2024-05-02T22:38:56.876+0000] {processor.py:161} INFO - Started process (PID=752) to work on /home/airflow/.local/lib/python3.12/site-packages/airflow/example_dags/example_dag_decorator.py
[2024-05-02T22:38:56.881+0000] {processor.py:830} INFO - Processing file /home/airflow/.local/lib/python3.12/site-packages/airflow/example_dags/example_dag_decorator.py for tasks to queue
[2024-05-02T22:38:56.891+0000] {logging_mixin.py:188} INFO - [2024-05-02T22:38:56.890+0000] {dagbag.py:540} INFO - Filling up the DagBag from /home/airflow/.local/lib/python3.12/site-packages/airflow/example_dags/example_dag_decorator.py
[2024-05-02T22:38:58.013+0000] {processor.py:840} INFO - DAG(s) 'example_dag_decorator' retrieved from /home/airflow/.local/lib/python3.12/site-packages/airflow/example_dags/example_dag_decorator.py
[2024-05-02T22:39:02.527+0000] {logging_mixin.py:188} INFO - [2024-05-02T22:39:02.520+0000] {dag.py:3096} INFO - Sync 1 DAGs
[2024-05-02T22:39:02.875+0000] {logging_mixin.py:188} INFO - [2024-05-02T22:39:02.874+0000] {dag.py:3954} INFO - Setting next_dagrun for example_dag_decorator to None, run_after=None
[2024-05-02T22:39:16.815+0000] {processor.py:183} INFO - Processing /home/airflow/.local/lib/python3.12/site-packages/airflow/example_dags/example_dag_decorator.py took 19.961 seconds
[2024-05-02T22:39:59.696+0000] {processor.py:161} INFO - Started process (PID=840) to work on /home/airflow/.local/lib/python3.12/site-packages/airflow/example_dags/example_dag_decorator.py
[2024-05-02T22:39:59.707+0000] {processor.py:830} INFO - Processing file /home/airflow/.local/lib/python3.12/site-packages/airflow/example_dags/example_dag_decorator.py for tasks to queue
[2024-05-02T22:39:59.715+0000] {logging_mixin.py:188} INFO - [2024-05-02T22:39:59.714+0000] {dagbag.py:540} INFO - Filling up the DagBag from /home/airflow/.local/lib/python3.12/site-packages/airflow/example_dags/example_dag_decorator.py
[2024-05-02T22:40:00.782+0000] {processor.py:840} INFO - DAG(s) 'example_dag_decorator' retrieved from /home/airflow/.local/lib/python3.12/site-packages/airflow/example_dags/example_dag_decorator.py
[2024-05-02T22:40:01.740+0000] {logging_mixin.py:188} INFO - [2024-05-02T22:40:01.739+0000] {dag.py:3096} INFO - Sync 1 DAGs
[2024-05-02T22:40:01.797+0000] {logging_mixin.py:188} INFO - [2024-05-02T22:40:01.797+0000] {dag.py:3954} INFO - Setting next_dagrun for example_dag_decorator to None, run_after=None
[2024-05-02T22:40:01.876+0000] {processor.py:183} INFO - Processing /home/airflow/.local/lib/python3.12/site-packages/airflow/example_dags/example_dag_decorator.py took 2.220 seconds
[2024-05-02T22:40:32.126+0000] {processor.py:161} INFO - Started process (PID=900) to work on /home/airflow/.local/lib/python3.12/site-packages/airflow/example_dags/example_dag_decorator.py
[2024-05-02T22:40:32.128+0000] {processor.py:830} INFO - Processing file /home/airflow/.local/lib/python3.12/site-packages/airflow/example_dags/example_dag_decorator.py for tasks to queue
[2024-05-02T22:40:32.131+0000] {logging_mixin.py:188} INFO - [2024-05-02T22:40:32.131+0000] {dagbag.py:540} INFO - Filling up the DagBag from /home/airflow/.local/lib/python3.12/site-packages/airflow/example_dags/example_dag_decorator.py
[2024-05-02T22:40:32.499+0000] {processor.py:840} INFO - DAG(s) 'example_dag_decorator' retrieved from /home/airflow/.local/lib/python3.12/site-packages/airflow/example_dags/example_dag_decorator.py
[2024-05-02T22:40:32.822+0000] {logging_mixin.py:188} INFO - [2024-05-02T22:40:32.821+0000] {dag.py:3096} INFO - Sync 1 DAGs
[2024-05-02T22:40:32.862+0000] {logging_mixin.py:188} INFO - [2024-05-02T22:40:32.861+0000] {dag.py:3954} INFO - Setting next_dagrun for example_dag_decorator to None, run_after=None
[2024-05-02T22:40:32.958+0000] {processor.py:183} INFO - Processing /home/airflow/.local/lib/python3.12/site-packages/airflow/example_dags/example_dag_decorator.py took 0.853 seconds
[2024-05-02T22:41:03.323+0000] {processor.py:161} INFO - Started process (PID=959) to work on /home/airflow/.local/lib/python3.12/site-packages/airflow/example_dags/example_dag_decorator.py
[2024-05-02T22:41:03.325+0000] {processor.py:830} INFO - Processing file /home/airflow/.local/lib/python3.12/site-packages/airflow/example_dags/example_dag_decorator.py for tasks to queue
[2024-05-02T22:41:03.329+0000] {logging_mixin.py:188} INFO - [2024-05-02T22:41:03.328+0000] {dagbag.py:540} INFO - Filling up the DagBag from /home/airflow/.local/lib/python3.12/site-packages/airflow/example_dags/example_dag_decorator.py
[2024-05-02T22:41:03.793+0000] {processor.py:840} INFO - DAG(s) 'example_dag_decorator' retrieved from /home/airflow/.local/lib/python3.12/site-packages/airflow/example_dags/example_dag_decorator.py
[2024-05-02T22:41:03.977+0000] {logging_mixin.py:188} INFO - [2024-05-02T22:41:03.976+0000] {dag.py:3096} INFO - Sync 1 DAGs
[2024-05-02T22:41:03.995+0000] {logging_mixin.py:188} INFO - [2024-05-02T22:41:03.994+0000] {dag.py:3954} INFO - Setting next_dagrun for example_dag_decorator to None, run_after=None
[2024-05-02T22:41:04.046+0000] {processor.py:183} INFO - Processing /home/airflow/.local/lib/python3.12/site-packages/airflow/example_dags/example_dag_decorator.py took 0.739 seconds
[2024-05-02T22:41:34.248+0000] {processor.py:161} INFO - Started process (PID=1025) to work on /home/airflow/.local/lib/python3.12/site-packages/airflow/example_dags/example_dag_decorator.py
[2024-05-02T22:41:34.250+0000] {processor.py:830} INFO - Processing file /home/airflow/.local/lib/python3.12/site-packages/airflow/example_dags/example_dag_decorator.py for tasks to queue
[2024-05-02T22:41:34.255+0000] {logging_mixin.py:188} INFO - [2024-05-02T22:41:34.254+0000] {dagbag.py:540} INFO - Filling up the DagBag from /home/airflow/.local/lib/python3.12/site-packages/airflow/example_dags/example_dag_decorator.py
[2024-05-02T22:41:34.550+0000] {processor.py:840} INFO - DAG(s) 'example_dag_decorator' retrieved from /home/airflow/.local/lib/python3.12/site-packages/airflow/example_dags/example_dag_decorator.py
[2024-05-02T22:41:34.805+0000] {logging_mixin.py:188} INFO - [2024-05-02T22:41:34.805+0000] {dag.py:3096} INFO - Sync 1 DAGs
[2024-05-02T22:41:34.833+0000] {logging_mixin.py:188} INFO - [2024-05-02T22:41:34.832+0000] {dag.py:3954} INFO - Setting next_dagrun for example_dag_decorator to None, run_after=None
[2024-05-02T22:41:34.875+0000] {processor.py:183} INFO - Processing /home/airflow/.local/lib/python3.12/site-packages/airflow/example_dags/example_dag_decorator.py took 0.641 seconds
[2024-05-02T22:42:05.012+0000] {processor.py:161} INFO - Started process (PID=1083) to work on /home/airflow/.local/lib/python3.12/site-packages/airflow/example_dags/example_dag_decorator.py
[2024-05-02T22:42:05.014+0000] {processor.py:830} INFO - Processing file /home/airflow/.local/lib/python3.12/site-packages/airflow/example_dags/example_dag_decorator.py for tasks to queue
[2024-05-02T22:42:05.018+0000] {logging_mixin.py:188} INFO - [2024-05-02T22:42:05.017+0000] {dagbag.py:540} INFO - Filling up the DagBag from /home/airflow/.local/lib/python3.12/site-packages/airflow/example_dags/example_dag_decorator.py
[2024-05-02T22:42:05.263+0000] {processor.py:840} INFO - DAG(s) 'example_dag_decorator' retrieved from /home/airflow/.local/lib/python3.12/site-packages/airflow/example_dags/example_dag_decorator.py
[2024-05-02T22:42:05.732+0000] {logging_mixin.py:188} INFO - [2024-05-02T22:42:05.731+0000] {dag.py:3096} INFO - Sync 1 DAGs
[2024-05-02T22:42:05.862+0000] {logging_mixin.py:188} INFO - [2024-05-02T22:42:05.860+0000] {dag.py:3954} INFO - Setting next_dagrun for example_dag_decorator to None, run_after=None
[2024-05-02T22:42:05.932+0000] {processor.py:183} INFO - Processing /home/airflow/.local/lib/python3.12/site-packages/airflow/example_dags/example_dag_decorator.py took 0.932 seconds
[2024-05-02T22:42:36.128+0000] {processor.py:161} INFO - Started process (PID=1144) to work on /home/airflow/.local/lib/python3.12/site-packages/airflow/example_dags/example_dag_decorator.py
[2024-05-02T22:42:36.130+0000] {processor.py:830} INFO - Processing file /home/airflow/.local/lib/python3.12/site-packages/airflow/example_dags/example_dag_decorator.py for tasks to queue
[2024-05-02T22:42:36.133+0000] {logging_mixin.py:188} INFO - [2024-05-02T22:42:36.133+0000] {dagbag.py:540} INFO - Filling up the DagBag from /home/airflow/.local/lib/python3.12/site-packages/airflow/example_dags/example_dag_decorator.py
[2024-05-02T22:42:36.347+0000] {processor.py:840} INFO - DAG(s) 'example_dag_decorator' retrieved from /home/airflow/.local/lib/python3.12/site-packages/airflow/example_dags/example_dag_decorator.py
[2024-05-02T22:42:36.586+0000] {logging_mixin.py:188} INFO - [2024-05-02T22:42:36.585+0000] {dag.py:3096} INFO - Sync 1 DAGs
[2024-05-02T22:42:36.611+0000] {logging_mixin.py:188} INFO - [2024-05-02T22:42:36.610+0000] {dag.py:3954} INFO - Setting next_dagrun for example_dag_decorator to None, run_after=None
[2024-05-02T22:42:36.655+0000] {processor.py:183} INFO - Processing /home/airflow/.local/lib/python3.12/site-packages/airflow/example_dags/example_dag_decorator.py took 0.540 seconds
[2024-05-02T22:43:06.799+0000] {processor.py:161} INFO - Started process (PID=1205) to work on /home/airflow/.local/lib/python3.12/site-packages/airflow/example_dags/example_dag_decorator.py
[2024-05-02T22:43:06.801+0000] {processor.py:830} INFO - Processing file /home/airflow/.local/lib/python3.12/site-packages/airflow/example_dags/example_dag_decorator.py for tasks to queue
[2024-05-02T22:43:06.804+0000] {logging_mixin.py:188} INFO - [2024-05-02T22:43:06.803+0000] {dagbag.py:540} INFO - Filling up the DagBag from /home/airflow/.local/lib/python3.12/site-packages/airflow/example_dags/example_dag_decorator.py
[2024-05-02T22:43:07.049+0000] {processor.py:840} INFO - DAG(s) 'example_dag_decorator' retrieved from /home/airflow/.local/lib/python3.12/site-packages/airflow/example_dags/example_dag_decorator.py
[2024-05-02T22:43:07.098+0000] {logging_mixin.py:188} INFO - [2024-05-02T22:43:07.098+0000] {dag.py:3096} INFO - Sync 1 DAGs
[2024-05-02T22:43:07.127+0000] {logging_mixin.py:188} INFO - [2024-05-02T22:43:07.126+0000] {dag.py:3954} INFO - Setting next_dagrun for example_dag_decorator to None, run_after=None
[2024-05-02T22:43:07.168+0000] {processor.py:183} INFO - Processing /home/airflow/.local/lib/python3.12/site-packages/airflow/example_dags/example_dag_decorator.py took 0.380 seconds
[2024-05-02T22:43:38.121+0000] {processor.py:161} INFO - Started process (PID=1265) to work on /home/airflow/.local/lib/python3.12/site-packages/airflow/example_dags/example_dag_decorator.py
[2024-05-02T22:43:38.124+0000] {processor.py:830} INFO - Processing file /home/airflow/.local/lib/python3.12/site-packages/airflow/example_dags/example_dag_decorator.py for tasks to queue
[2024-05-02T22:43:38.130+0000] {logging_mixin.py:188} INFO - [2024-05-02T22:43:38.129+0000] {dagbag.py:540} INFO - Filling up the DagBag from /home/airflow/.local/lib/python3.12/site-packages/airflow/example_dags/example_dag_decorator.py
[2024-05-02T22:43:38.517+0000] {processor.py:840} INFO - DAG(s) 'example_dag_decorator' retrieved from /home/airflow/.local/lib/python3.12/site-packages/airflow/example_dags/example_dag_decorator.py
[2024-05-02T22:43:38.593+0000] {logging_mixin.py:188} INFO - [2024-05-02T22:43:38.592+0000] {dag.py:3096} INFO - Sync 1 DAGs
[2024-05-02T22:43:38.632+0000] {logging_mixin.py:188} INFO - [2024-05-02T22:43:38.631+0000] {dag.py:3954} INFO - Setting next_dagrun for example_dag_decorator to None, run_after=None
[2024-05-02T22:43:38.811+0000] {processor.py:183} INFO - Processing /home/airflow/.local/lib/python3.12/site-packages/airflow/example_dags/example_dag_decorator.py took 0.722 seconds
[2024-05-02T22:44:09.602+0000] {processor.py:161} INFO - Started process (PID=1321) to work on /home/airflow/.local/lib/python3.12/site-packages/airflow/example_dags/example_dag_decorator.py
[2024-05-02T22:44:09.608+0000] {processor.py:830} INFO - Processing file /home/airflow/.local/lib/python3.12/site-packages/airflow/example_dags/example_dag_decorator.py for tasks to queue
[2024-05-02T22:44:09.625+0000] {logging_mixin.py:188} INFO - [2024-05-02T22:44:09.624+0000] {dagbag.py:540} INFO - Filling up the DagBag from /home/airflow/.local/lib/python3.12/site-packages/airflow/example_dags/example_dag_decorator.py
[2024-05-02T22:44:10.433+0000] {processor.py:840} INFO - DAG(s) 'example_dag_decorator' retrieved from /home/airflow/.local/lib/python3.12/site-packages/airflow/example_dags/example_dag_decorator.py
[2024-05-02T22:44:11.565+0000] {logging_mixin.py:188} INFO - [2024-05-02T22:44:11.565+0000] {dag.py:3096} INFO - Sync 1 DAGs
[2024-05-02T22:44:11.651+0000] {logging_mixin.py:188} INFO - [2024-05-02T22:44:11.651+0000] {dag.py:3954} INFO - Setting next_dagrun for example_dag_decorator to None, run_after=None
[2024-05-02T22:44:11.798+0000] {processor.py:183} INFO - Processing /home/airflow/.local/lib/python3.12/site-packages/airflow/example_dags/example_dag_decorator.py took 2.231 seconds
[2024-05-02T22:44:42.653+0000] {processor.py:161} INFO - Started process (PID=1382) to work on /home/airflow/.local/lib/python3.12/site-packages/airflow/example_dags/example_dag_decorator.py
[2024-05-02T22:44:42.655+0000] {processor.py:830} INFO - Processing file /home/airflow/.local/lib/python3.12/site-packages/airflow/example_dags/example_dag_decorator.py for tasks to queue
[2024-05-02T22:44:42.658+0000] {logging_mixin.py:188} INFO - [2024-05-02T22:44:42.658+0000] {dagbag.py:540} INFO - Filling up the DagBag from /home/airflow/.local/lib/python3.12/site-packages/airflow/example_dags/example_dag_decorator.py
[2024-05-02T22:44:42.922+0000] {processor.py:840} INFO - DAG(s) 'example_dag_decorator' retrieved from /home/airflow/.local/lib/python3.12/site-packages/airflow/example_dags/example_dag_decorator.py
[2024-05-02T22:44:43.283+0000] {logging_mixin.py:188} INFO - [2024-05-02T22:44:43.282+0000] {dag.py:3096} INFO - Sync 1 DAGs
[2024-05-02T22:44:43.318+0000] {logging_mixin.py:188} INFO - [2024-05-02T22:44:43.317+0000] {dag.py:3954} INFO - Setting next_dagrun for example_dag_decorator to None, run_after=None
[2024-05-02T22:44:43.383+0000] {processor.py:183} INFO - Processing /home/airflow/.local/lib/python3.12/site-packages/airflow/example_dags/example_dag_decorator.py took 0.744 seconds
[2024-05-02T22:45:13.620+0000] {processor.py:161} INFO - Started process (PID=1443) to work on /home/airflow/.local/lib/python3.12/site-packages/airflow/example_dags/example_dag_decorator.py
[2024-05-02T22:45:13.623+0000] {processor.py:830} INFO - Processing file /home/airflow/.local/lib/python3.12/site-packages/airflow/example_dags/example_dag_decorator.py for tasks to queue
[2024-05-02T22:45:13.627+0000] {logging_mixin.py:188} INFO - [2024-05-02T22:45:13.626+0000] {dagbag.py:540} INFO - Filling up the DagBag from /home/airflow/.local/lib/python3.12/site-packages/airflow/example_dags/example_dag_decorator.py
[2024-05-02T22:45:13.881+0000] {processor.py:840} INFO - DAG(s) 'example_dag_decorator' retrieved from /home/airflow/.local/lib/python3.12/site-packages/airflow/example_dags/example_dag_decorator.py
[2024-05-02T22:45:14.148+0000] {logging_mixin.py:188} INFO - [2024-05-02T22:45:14.148+0000] {dag.py:3096} INFO - Sync 1 DAGs
[2024-05-02T22:45:14.177+0000] {logging_mixin.py:188} INFO - [2024-05-02T22:45:14.177+0000] {dag.py:3954} INFO - Setting next_dagrun for example_dag_decorator to None, run_after=None
[2024-05-02T22:45:14.222+0000] {processor.py:183} INFO - Processing /home/airflow/.local/lib/python3.12/site-packages/airflow/example_dags/example_dag_decorator.py took 0.613 seconds
[2024-05-02T22:45:44.436+0000] {processor.py:161} INFO - Started process (PID=1504) to work on /home/airflow/.local/lib/python3.12/site-packages/airflow/example_dags/example_dag_decorator.py
[2024-05-02T22:45:44.438+0000] {processor.py:830} INFO - Processing file /home/airflow/.local/lib/python3.12/site-packages/airflow/example_dags/example_dag_decorator.py for tasks to queue
[2024-05-02T22:45:44.441+0000] {logging_mixin.py:188} INFO - [2024-05-02T22:45:44.441+0000] {dagbag.py:540} INFO - Filling up the DagBag from /home/airflow/.local/lib/python3.12/site-packages/airflow/example_dags/example_dag_decorator.py
[2024-05-02T22:45:44.673+0000] {processor.py:840} INFO - DAG(s) 'example_dag_decorator' retrieved from /home/airflow/.local/lib/python3.12/site-packages/airflow/example_dags/example_dag_decorator.py
[2024-05-02T22:45:45.008+0000] {logging_mixin.py:188} INFO - [2024-05-02T22:45:45.007+0000] {dag.py:3096} INFO - Sync 1 DAGs
[2024-05-02T22:45:45.033+0000] {logging_mixin.py:188} INFO - [2024-05-02T22:45:45.033+0000] {dag.py:3954} INFO - Setting next_dagrun for example_dag_decorator to None, run_after=None
[2024-05-02T22:45:45.089+0000] {processor.py:183} INFO - Processing /home/airflow/.local/lib/python3.12/site-packages/airflow/example_dags/example_dag_decorator.py took 0.665 seconds
[2024-05-02T22:46:15.571+0000] {processor.py:161} INFO - Started process (PID=1564) to work on /home/airflow/.local/lib/python3.12/site-packages/airflow/example_dags/example_dag_decorator.py
[2024-05-02T22:46:15.575+0000] {processor.py:830} INFO - Processing file /home/airflow/.local/lib/python3.12/site-packages/airflow/example_dags/example_dag_decorator.py for tasks to queue
[2024-05-02T22:46:15.584+0000] {logging_mixin.py:188} INFO - [2024-05-02T22:46:15.583+0000] {dagbag.py:540} INFO - Filling up the DagBag from /home/airflow/.local/lib/python3.12/site-packages/airflow/example_dags/example_dag_decorator.py
[2024-05-02T22:46:15.905+0000] {processor.py:840} INFO - DAG(s) 'example_dag_decorator' retrieved from /home/airflow/.local/lib/python3.12/site-packages/airflow/example_dags/example_dag_decorator.py
[2024-05-02T22:46:16.162+0000] {logging_mixin.py:188} INFO - [2024-05-02T22:46:16.161+0000] {dag.py:3096} INFO - Sync 1 DAGs
[2024-05-02T22:46:16.181+0000] {logging_mixin.py:188} INFO - [2024-05-02T22:46:16.181+0000] {dag.py:3954} INFO - Setting next_dagrun for example_dag_decorator to None, run_after=None
[2024-05-02T22:46:16.218+0000] {processor.py:183} INFO - Processing /home/airflow/.local/lib/python3.12/site-packages/airflow/example_dags/example_dag_decorator.py took 0.665 seconds
[2024-05-02T22:46:46.418+0000] {processor.py:161} INFO - Started process (PID=1625) to work on /home/airflow/.local/lib/python3.12/site-packages/airflow/example_dags/example_dag_decorator.py
[2024-05-02T22:46:46.421+0000] {processor.py:830} INFO - Processing file /home/airflow/.local/lib/python3.12/site-packages/airflow/example_dags/example_dag_decorator.py for tasks to queue
[2024-05-02T22:46:46.434+0000] {logging_mixin.py:188} INFO - [2024-05-02T22:46:46.424+0000] {dagbag.py:540} INFO - Filling up the DagBag from /home/airflow/.local/lib/python3.12/site-packages/airflow/example_dags/example_dag_decorator.py
[2024-05-02T22:46:46.707+0000] {processor.py:840} INFO - DAG(s) 'example_dag_decorator' retrieved from /home/airflow/.local/lib/python3.12/site-packages/airflow/example_dags/example_dag_decorator.py
[2024-05-02T22:46:46.916+0000] {logging_mixin.py:188} INFO - [2024-05-02T22:46:46.916+0000] {dag.py:3096} INFO - Sync 1 DAGs
[2024-05-02T22:46:46.939+0000] {logging_mixin.py:188} INFO - [2024-05-02T22:46:46.938+0000] {dag.py:3954} INFO - Setting next_dagrun for example_dag_decorator to None, run_after=None
[2024-05-02T22:46:46.982+0000] {processor.py:183} INFO - Processing /home/airflow/.local/lib/python3.12/site-packages/airflow/example_dags/example_dag_decorator.py took 0.626 seconds
[2024-05-02T22:47:17.307+0000] {processor.py:161} INFO - Started process (PID=1684) to work on /home/airflow/.local/lib/python3.12/site-packages/airflow/example_dags/example_dag_decorator.py
[2024-05-02T22:47:17.310+0000] {processor.py:830} INFO - Processing file /home/airflow/.local/lib/python3.12/site-packages/airflow/example_dags/example_dag_decorator.py for tasks to queue
[2024-05-02T22:47:17.314+0000] {logging_mixin.py:188} INFO - [2024-05-02T22:47:17.313+0000] {dagbag.py:540} INFO - Filling up the DagBag from /home/airflow/.local/lib/python3.12/site-packages/airflow/example_dags/example_dag_decorator.py
[2024-05-02T22:47:17.581+0000] {processor.py:840} INFO - DAG(s) 'example_dag_decorator' retrieved from /home/airflow/.local/lib/python3.12/site-packages/airflow/example_dags/example_dag_decorator.py
[2024-05-02T22:47:17.935+0000] {logging_mixin.py:188} INFO - [2024-05-02T22:47:17.934+0000] {dag.py:3096} INFO - Sync 1 DAGs
[2024-05-02T22:47:17.973+0000] {logging_mixin.py:188} INFO - [2024-05-02T22:47:17.973+0000] {dag.py:3954} INFO - Setting next_dagrun for example_dag_decorator to None, run_after=None
[2024-05-02T22:47:18.020+0000] {processor.py:183} INFO - Processing /home/airflow/.local/lib/python3.12/site-packages/airflow/example_dags/example_dag_decorator.py took 0.727 seconds
[2024-05-02T22:47:48.626+0000] {processor.py:161} INFO - Started process (PID=1743) to work on /home/airflow/.local/lib/python3.12/site-packages/airflow/example_dags/example_dag_decorator.py
[2024-05-02T22:47:48.628+0000] {processor.py:830} INFO - Processing file /home/airflow/.local/lib/python3.12/site-packages/airflow/example_dags/example_dag_decorator.py for tasks to queue
[2024-05-02T22:47:48.634+0000] {logging_mixin.py:188} INFO - [2024-05-02T22:47:48.633+0000] {dagbag.py:540} INFO - Filling up the DagBag from /home/airflow/.local/lib/python3.12/site-packages/airflow/example_dags/example_dag_decorator.py
[2024-05-02T22:47:49.000+0000] {processor.py:840} INFO - DAG(s) 'example_dag_decorator' retrieved from /home/airflow/.local/lib/python3.12/site-packages/airflow/example_dags/example_dag_decorator.py
[2024-05-02T22:47:49.247+0000] {logging_mixin.py:188} INFO - [2024-05-02T22:47:49.246+0000] {dag.py:3096} INFO - Sync 1 DAGs
[2024-05-02T22:47:49.274+0000] {logging_mixin.py:188} INFO - [2024-05-02T22:47:49.274+0000] {dag.py:3954} INFO - Setting next_dagrun for example_dag_decorator to None, run_after=None
[2024-05-02T22:47:49.323+0000] {processor.py:183} INFO - Processing /home/airflow/.local/lib/python3.12/site-packages/airflow/example_dags/example_dag_decorator.py took 0.716 seconds
[2024-05-02T22:48:19.468+0000] {processor.py:161} INFO - Started process (PID=1803) to work on /home/airflow/.local/lib/python3.12/site-packages/airflow/example_dags/example_dag_decorator.py
[2024-05-02T22:48:19.471+0000] {processor.py:830} INFO - Processing file /home/airflow/.local/lib/python3.12/site-packages/airflow/example_dags/example_dag_decorator.py for tasks to queue
[2024-05-02T22:48:19.479+0000] {logging_mixin.py:188} INFO - [2024-05-02T22:48:19.477+0000] {dagbag.py:540} INFO - Filling up the DagBag from /home/airflow/.local/lib/python3.12/site-packages/airflow/example_dags/example_dag_decorator.py
[2024-05-02T22:48:19.791+0000] {processor.py:840} INFO - DAG(s) 'example_dag_decorator' retrieved from /home/airflow/.local/lib/python3.12/site-packages/airflow/example_dags/example_dag_decorator.py
[2024-05-02T22:48:20.155+0000] {logging_mixin.py:188} INFO - [2024-05-02T22:48:20.155+0000] {dag.py:3096} INFO - Sync 1 DAGs
[2024-05-02T22:48:20.176+0000] {logging_mixin.py:188} INFO - [2024-05-02T22:48:20.176+0000] {dag.py:3954} INFO - Setting next_dagrun for example_dag_decorator to None, run_after=None
[2024-05-02T22:48:20.224+0000] {processor.py:183} INFO - Processing /home/airflow/.local/lib/python3.12/site-packages/airflow/example_dags/example_dag_decorator.py took 0.774 seconds
[2024-05-02T22:48:51.027+0000] {processor.py:161} INFO - Started process (PID=1862) to work on /home/airflow/.local/lib/python3.12/site-packages/airflow/example_dags/example_dag_decorator.py
[2024-05-02T22:48:51.029+0000] {processor.py:830} INFO - Processing file /home/airflow/.local/lib/python3.12/site-packages/airflow/example_dags/example_dag_decorator.py for tasks to queue
[2024-05-02T22:48:51.038+0000] {logging_mixin.py:188} INFO - [2024-05-02T22:48:51.037+0000] {dagbag.py:540} INFO - Filling up the DagBag from /home/airflow/.local/lib/python3.12/site-packages/airflow/example_dags/example_dag_decorator.py
[2024-05-02T22:48:51.400+0000] {processor.py:840} INFO - DAG(s) 'example_dag_decorator' retrieved from /home/airflow/.local/lib/python3.12/site-packages/airflow/example_dags/example_dag_decorator.py
[2024-05-02T22:48:51.685+0000] {logging_mixin.py:188} INFO - [2024-05-02T22:48:51.685+0000] {dag.py:3096} INFO - Sync 1 DAGs
[2024-05-02T22:48:51.711+0000] {logging_mixin.py:188} INFO - [2024-05-02T22:48:51.710+0000] {dag.py:3954} INFO - Setting next_dagrun for example_dag_decorator to None, run_after=None
[2024-05-02T22:48:51.761+0000] {processor.py:183} INFO - Processing /home/airflow/.local/lib/python3.12/site-packages/airflow/example_dags/example_dag_decorator.py took 0.755 seconds
[2024-05-02T22:49:21.996+0000] {processor.py:161} INFO - Started process (PID=1921) to work on /home/airflow/.local/lib/python3.12/site-packages/airflow/example_dags/example_dag_decorator.py
[2024-05-02T22:49:21.999+0000] {processor.py:830} INFO - Processing file /home/airflow/.local/lib/python3.12/site-packages/airflow/example_dags/example_dag_decorator.py for tasks to queue
[2024-05-02T22:49:22.007+0000] {logging_mixin.py:188} INFO - [2024-05-02T22:49:22.006+0000] {dagbag.py:540} INFO - Filling up the DagBag from /home/airflow/.local/lib/python3.12/site-packages/airflow/example_dags/example_dag_decorator.py
[2024-05-02T22:49:22.312+0000] {processor.py:840} INFO - DAG(s) 'example_dag_decorator' retrieved from /home/airflow/.local/lib/python3.12/site-packages/airflow/example_dags/example_dag_decorator.py
[2024-05-02T22:49:22.586+0000] {logging_mixin.py:188} INFO - [2024-05-02T22:49:22.585+0000] {dag.py:3096} INFO - Sync 1 DAGs
[2024-05-02T22:49:22.616+0000] {logging_mixin.py:188} INFO - [2024-05-02T22:49:22.615+0000] {dag.py:3954} INFO - Setting next_dagrun for example_dag_decorator to None, run_after=None
[2024-05-02T22:49:22.660+0000] {processor.py:183} INFO - Processing /home/airflow/.local/lib/python3.12/site-packages/airflow/example_dags/example_dag_decorator.py took 0.686 seconds
[2024-05-02T22:49:53.042+0000] {processor.py:161} INFO - Started process (PID=1982) to work on /home/airflow/.local/lib/python3.12/site-packages/airflow/example_dags/example_dag_decorator.py
[2024-05-02T22:49:53.044+0000] {processor.py:830} INFO - Processing file /home/airflow/.local/lib/python3.12/site-packages/airflow/example_dags/example_dag_decorator.py for tasks to queue
[2024-05-02T22:49:53.050+0000] {logging_mixin.py:188} INFO - [2024-05-02T22:49:53.049+0000] {dagbag.py:540} INFO - Filling up the DagBag from /home/airflow/.local/lib/python3.12/site-packages/airflow/example_dags/example_dag_decorator.py
[2024-05-02T22:49:53.545+0000] {processor.py:840} INFO - DAG(s) 'example_dag_decorator' retrieved from /home/airflow/.local/lib/python3.12/site-packages/airflow/example_dags/example_dag_decorator.py
[2024-05-02T22:49:54.064+0000] {logging_mixin.py:188} INFO - [2024-05-02T22:49:54.063+0000] {dag.py:3096} INFO - Sync 1 DAGs
[2024-05-02T22:49:54.101+0000] {logging_mixin.py:188} INFO - [2024-05-02T22:49:54.101+0000] {dag.py:3954} INFO - Setting next_dagrun for example_dag_decorator to None, run_after=None
[2024-05-02T22:49:54.209+0000] {processor.py:183} INFO - Processing /home/airflow/.local/lib/python3.12/site-packages/airflow/example_dags/example_dag_decorator.py took 1.191 seconds
[2024-05-02T22:50:24.579+0000] {processor.py:161} INFO - Started process (PID=2041) to work on /home/airflow/.local/lib/python3.12/site-packages/airflow/example_dags/example_dag_decorator.py
[2024-05-02T22:50:24.581+0000] {processor.py:830} INFO - Processing file /home/airflow/.local/lib/python3.12/site-packages/airflow/example_dags/example_dag_decorator.py for tasks to queue
[2024-05-02T22:50:24.586+0000] {logging_mixin.py:188} INFO - [2024-05-02T22:50:24.585+0000] {dagbag.py:540} INFO - Filling up the DagBag from /home/airflow/.local/lib/python3.12/site-packages/airflow/example_dags/example_dag_decorator.py
[2024-05-02T22:50:24.823+0000] {processor.py:840} INFO - DAG(s) 'example_dag_decorator' retrieved from /home/airflow/.local/lib/python3.12/site-packages/airflow/example_dags/example_dag_decorator.py
[2024-05-02T22:50:25.115+0000] {logging_mixin.py:188} INFO - [2024-05-02T22:50:25.114+0000] {dag.py:3096} INFO - Sync 1 DAGs
[2024-05-02T22:50:25.146+0000] {logging_mixin.py:188} INFO - [2024-05-02T22:50:25.144+0000] {dag.py:3954} INFO - Setting next_dagrun for example_dag_decorator to None, run_after=None
[2024-05-02T22:50:25.198+0000] {processor.py:183} INFO - Processing /home/airflow/.local/lib/python3.12/site-packages/airflow/example_dags/example_dag_decorator.py took 0.640 seconds
[2024-05-02T22:50:55.522+0000] {processor.py:161} INFO - Started process (PID=2102) to work on /home/airflow/.local/lib/python3.12/site-packages/airflow/example_dags/example_dag_decorator.py
[2024-05-02T22:50:55.524+0000] {processor.py:830} INFO - Processing file /home/airflow/.local/lib/python3.12/site-packages/airflow/example_dags/example_dag_decorator.py for tasks to queue
[2024-05-02T22:50:55.528+0000] {logging_mixin.py:188} INFO - [2024-05-02T22:50:55.527+0000] {dagbag.py:540} INFO - Filling up the DagBag from /home/airflow/.local/lib/python3.12/site-packages/airflow/example_dags/example_dag_decorator.py
[2024-05-02T22:50:55.975+0000] {processor.py:840} INFO - DAG(s) 'example_dag_decorator' retrieved from /home/airflow/.local/lib/python3.12/site-packages/airflow/example_dags/example_dag_decorator.py
[2024-05-02T22:50:56.364+0000] {logging_mixin.py:188} INFO - [2024-05-02T22:50:56.363+0000] {dag.py:3096} INFO - Sync 1 DAGs
[2024-05-02T22:50:56.389+0000] {logging_mixin.py:188} INFO - [2024-05-02T22:50:56.389+0000] {dag.py:3954} INFO - Setting next_dagrun for example_dag_decorator to None, run_after=None
[2024-05-02T22:50:56.433+0000] {processor.py:183} INFO - Processing /home/airflow/.local/lib/python3.12/site-packages/airflow/example_dags/example_dag_decorator.py took 0.928 seconds
[2024-05-02T22:51:27.386+0000] {processor.py:161} INFO - Started process (PID=2163) to work on /home/airflow/.local/lib/python3.12/site-packages/airflow/example_dags/example_dag_decorator.py
[2024-05-02T22:51:27.388+0000] {processor.py:830} INFO - Processing file /home/airflow/.local/lib/python3.12/site-packages/airflow/example_dags/example_dag_decorator.py for tasks to queue
[2024-05-02T22:51:27.391+0000] {logging_mixin.py:188} INFO - [2024-05-02T22:51:27.391+0000] {dagbag.py:540} INFO - Filling up the DagBag from /home/airflow/.local/lib/python3.12/site-packages/airflow/example_dags/example_dag_decorator.py
[2024-05-02T22:51:27.606+0000] {processor.py:840} INFO - DAG(s) 'example_dag_decorator' retrieved from /home/airflow/.local/lib/python3.12/site-packages/airflow/example_dags/example_dag_decorator.py
[2024-05-02T22:51:27.848+0000] {logging_mixin.py:188} INFO - [2024-05-02T22:51:27.848+0000] {dag.py:3096} INFO - Sync 1 DAGs
[2024-05-02T22:51:27.868+0000] {logging_mixin.py:188} INFO - [2024-05-02T22:51:27.868+0000] {dag.py:3954} INFO - Setting next_dagrun for example_dag_decorator to None, run_after=None
[2024-05-02T22:51:27.903+0000] {processor.py:183} INFO - Processing /home/airflow/.local/lib/python3.12/site-packages/airflow/example_dags/example_dag_decorator.py took 0.533 seconds
[2024-05-02T22:51:58.737+0000] {processor.py:161} INFO - Started process (PID=2223) to work on /home/airflow/.local/lib/python3.12/site-packages/airflow/example_dags/example_dag_decorator.py
[2024-05-02T22:51:58.739+0000] {processor.py:830} INFO - Processing file /home/airflow/.local/lib/python3.12/site-packages/airflow/example_dags/example_dag_decorator.py for tasks to queue
[2024-05-02T22:51:58.744+0000] {logging_mixin.py:188} INFO - [2024-05-02T22:51:58.743+0000] {dagbag.py:540} INFO - Filling up the DagBag from /home/airflow/.local/lib/python3.12/site-packages/airflow/example_dags/example_dag_decorator.py
[2024-05-02T22:51:59.000+0000] {processor.py:840} INFO - DAG(s) 'example_dag_decorator' retrieved from /home/airflow/.local/lib/python3.12/site-packages/airflow/example_dags/example_dag_decorator.py
[2024-05-02T22:51:59.261+0000] {logging_mixin.py:188} INFO - [2024-05-02T22:51:59.260+0000] {dag.py:3096} INFO - Sync 1 DAGs
[2024-05-02T22:51:59.284+0000] {logging_mixin.py:188} INFO - [2024-05-02T22:51:59.283+0000] {dag.py:3954} INFO - Setting next_dagrun for example_dag_decorator to None, run_after=None
[2024-05-02T22:51:59.321+0000] {processor.py:183} INFO - Processing /home/airflow/.local/lib/python3.12/site-packages/airflow/example_dags/example_dag_decorator.py took 0.597 seconds
[2024-05-02T22:52:29.450+0000] {processor.py:161} INFO - Started process (PID=2285) to work on /home/airflow/.local/lib/python3.12/site-packages/airflow/example_dags/example_dag_decorator.py
[2024-05-02T22:52:29.452+0000] {processor.py:830} INFO - Processing file /home/airflow/.local/lib/python3.12/site-packages/airflow/example_dags/example_dag_decorator.py for tasks to queue
[2024-05-02T22:52:29.456+0000] {logging_mixin.py:188} INFO - [2024-05-02T22:52:29.455+0000] {dagbag.py:540} INFO - Filling up the DagBag from /home/airflow/.local/lib/python3.12/site-packages/airflow/example_dags/example_dag_decorator.py
[2024-05-02T22:52:29.710+0000] {processor.py:840} INFO - DAG(s) 'example_dag_decorator' retrieved from /home/airflow/.local/lib/python3.12/site-packages/airflow/example_dags/example_dag_decorator.py
[2024-05-02T22:52:29.951+0000] {logging_mixin.py:188} INFO - [2024-05-02T22:52:29.951+0000] {dag.py:3096} INFO - Sync 1 DAGs
[2024-05-02T22:52:29.974+0000] {logging_mixin.py:188} INFO - [2024-05-02T22:52:29.974+0000] {dag.py:3954} INFO - Setting next_dagrun for example_dag_decorator to None, run_after=None
[2024-05-02T22:52:30.028+0000] {processor.py:183} INFO - Processing /home/airflow/.local/lib/python3.12/site-packages/airflow/example_dags/example_dag_decorator.py took 0.589 seconds
[2024-05-02T22:53:00.213+0000] {processor.py:161} INFO - Started process (PID=2347) to work on /home/airflow/.local/lib/python3.12/site-packages/airflow/example_dags/example_dag_decorator.py
[2024-05-02T22:53:00.217+0000] {processor.py:830} INFO - Processing file /home/airflow/.local/lib/python3.12/site-packages/airflow/example_dags/example_dag_decorator.py for tasks to queue
[2024-05-02T22:53:00.222+0000] {logging_mixin.py:188} INFO - [2024-05-02T22:53:00.221+0000] {dagbag.py:540} INFO - Filling up the DagBag from /home/airflow/.local/lib/python3.12/site-packages/airflow/example_dags/example_dag_decorator.py
[2024-05-02T22:53:00.455+0000] {processor.py:840} INFO - DAG(s) 'example_dag_decorator' retrieved from /home/airflow/.local/lib/python3.12/site-packages/airflow/example_dags/example_dag_decorator.py
[2024-05-02T22:53:00.685+0000] {logging_mixin.py:188} INFO - [2024-05-02T22:53:00.684+0000] {dag.py:3096} INFO - Sync 1 DAGs
[2024-05-02T22:53:00.711+0000] {logging_mixin.py:188} INFO - [2024-05-02T22:53:00.711+0000] {dag.py:3954} INFO - Setting next_dagrun for example_dag_decorator to None, run_after=None
[2024-05-02T22:53:00.755+0000] {processor.py:183} INFO - Processing /home/airflow/.local/lib/python3.12/site-packages/airflow/example_dags/example_dag_decorator.py took 0.564 seconds
[2024-05-02T22:53:31.496+0000] {processor.py:161} INFO - Started process (PID=2405) to work on /home/airflow/.local/lib/python3.12/site-packages/airflow/example_dags/example_dag_decorator.py
[2024-05-02T22:53:31.498+0000] {processor.py:830} INFO - Processing file /home/airflow/.local/lib/python3.12/site-packages/airflow/example_dags/example_dag_decorator.py for tasks to queue
[2024-05-02T22:53:31.509+0000] {logging_mixin.py:188} INFO - [2024-05-02T22:53:31.501+0000] {dagbag.py:540} INFO - Filling up the DagBag from /home/airflow/.local/lib/python3.12/site-packages/airflow/example_dags/example_dag_decorator.py
[2024-05-02T22:53:32.035+0000] {processor.py:840} INFO - DAG(s) 'example_dag_decorator' retrieved from /home/airflow/.local/lib/python3.12/site-packages/airflow/example_dags/example_dag_decorator.py
[2024-05-02T22:53:32.480+0000] {logging_mixin.py:188} INFO - [2024-05-02T22:53:32.480+0000] {dag.py:3096} INFO - Sync 1 DAGs
[2024-05-02T22:53:32.541+0000] {logging_mixin.py:188} INFO - [2024-05-02T22:53:32.538+0000] {dag.py:3954} INFO - Setting next_dagrun for example_dag_decorator to None, run_after=None
[2024-05-02T22:53:32.630+0000] {processor.py:183} INFO - Processing /home/airflow/.local/lib/python3.12/site-packages/airflow/example_dags/example_dag_decorator.py took 1.170 seconds
[2024-05-02T22:54:02.895+0000] {processor.py:161} INFO - Started process (PID=2464) to work on /home/airflow/.local/lib/python3.12/site-packages/airflow/example_dags/example_dag_decorator.py
[2024-05-02T22:54:02.897+0000] {processor.py:830} INFO - Processing file /home/airflow/.local/lib/python3.12/site-packages/airflow/example_dags/example_dag_decorator.py for tasks to queue
[2024-05-02T22:54:02.902+0000] {logging_mixin.py:188} INFO - [2024-05-02T22:54:02.901+0000] {dagbag.py:540} INFO - Filling up the DagBag from /home/airflow/.local/lib/python3.12/site-packages/airflow/example_dags/example_dag_decorator.py
[2024-05-02T22:54:03.327+0000] {processor.py:840} INFO - DAG(s) 'example_dag_decorator' retrieved from /home/airflow/.local/lib/python3.12/site-packages/airflow/example_dags/example_dag_decorator.py
[2024-05-02T22:54:03.367+0000] {logging_mixin.py:188} INFO - [2024-05-02T22:54:03.366+0000] {dag.py:3096} INFO - Sync 1 DAGs
[2024-05-02T22:54:03.429+0000] {logging_mixin.py:188} INFO - [2024-05-02T22:54:03.428+0000] {dag.py:3954} INFO - Setting next_dagrun for example_dag_decorator to None, run_after=None
[2024-05-02T22:54:03.497+0000] {processor.py:183} INFO - Processing /home/airflow/.local/lib/python3.12/site-packages/airflow/example_dags/example_dag_decorator.py took 0.619 seconds
[2024-05-02T22:54:33.873+0000] {processor.py:161} INFO - Started process (PID=2523) to work on /home/airflow/.local/lib/python3.12/site-packages/airflow/example_dags/example_dag_decorator.py
[2024-05-02T22:54:33.874+0000] {processor.py:830} INFO - Processing file /home/airflow/.local/lib/python3.12/site-packages/airflow/example_dags/example_dag_decorator.py for tasks to queue
[2024-05-02T22:54:33.877+0000] {logging_mixin.py:188} INFO - [2024-05-02T22:54:33.876+0000] {dagbag.py:540} INFO - Filling up the DagBag from /home/airflow/.local/lib/python3.12/site-packages/airflow/example_dags/example_dag_decorator.py
[2024-05-02T22:54:34.021+0000] {processor.py:840} INFO - DAG(s) 'example_dag_decorator' retrieved from /home/airflow/.local/lib/python3.12/site-packages/airflow/example_dags/example_dag_decorator.py
[2024-05-02T22:54:34.171+0000] {logging_mixin.py:188} INFO - [2024-05-02T22:54:34.171+0000] {dag.py:3096} INFO - Sync 1 DAGs
[2024-05-02T22:54:34.188+0000] {logging_mixin.py:188} INFO - [2024-05-02T22:54:34.188+0000] {dag.py:3954} INFO - Setting next_dagrun for example_dag_decorator to None, run_after=None
[2024-05-02T22:54:34.233+0000] {processor.py:183} INFO - Processing /home/airflow/.local/lib/python3.12/site-packages/airflow/example_dags/example_dag_decorator.py took 0.368 seconds
[2024-05-02T22:55:04.313+0000] {processor.py:161} INFO - Started process (PID=2582) to work on /home/airflow/.local/lib/python3.12/site-packages/airflow/example_dags/example_dag_decorator.py
[2024-05-02T22:55:04.314+0000] {processor.py:830} INFO - Processing file /home/airflow/.local/lib/python3.12/site-packages/airflow/example_dags/example_dag_decorator.py for tasks to queue
[2024-05-02T22:55:04.317+0000] {logging_mixin.py:188} INFO - [2024-05-02T22:55:04.317+0000] {dagbag.py:540} INFO - Filling up the DagBag from /home/airflow/.local/lib/python3.12/site-packages/airflow/example_dags/example_dag_decorator.py
[2024-05-02T22:55:04.528+0000] {processor.py:840} INFO - DAG(s) 'example_dag_decorator' retrieved from /home/airflow/.local/lib/python3.12/site-packages/airflow/example_dags/example_dag_decorator.py
[2024-05-02T22:55:04.571+0000] {logging_mixin.py:188} INFO - [2024-05-02T22:55:04.571+0000] {dag.py:3096} INFO - Sync 1 DAGs
[2024-05-02T22:55:04.596+0000] {logging_mixin.py:188} INFO - [2024-05-02T22:55:04.595+0000] {dag.py:3954} INFO - Setting next_dagrun for example_dag_decorator to None, run_after=None
[2024-05-02T22:55:04.639+0000] {processor.py:183} INFO - Processing /home/airflow/.local/lib/python3.12/site-packages/airflow/example_dags/example_dag_decorator.py took 0.337 seconds
[2024-05-02T22:55:35.352+0000] {processor.py:161} INFO - Started process (PID=2641) to work on /home/airflow/.local/lib/python3.12/site-packages/airflow/example_dags/example_dag_decorator.py
[2024-05-02T22:55:35.354+0000] {processor.py:830} INFO - Processing file /home/airflow/.local/lib/python3.12/site-packages/airflow/example_dags/example_dag_decorator.py for tasks to queue
[2024-05-02T22:55:35.360+0000] {logging_mixin.py:188} INFO - [2024-05-02T22:55:35.358+0000] {dagbag.py:540} INFO - Filling up the DagBag from /home/airflow/.local/lib/python3.12/site-packages/airflow/example_dags/example_dag_decorator.py
[2024-05-02T22:55:35.632+0000] {processor.py:840} INFO - DAG(s) 'example_dag_decorator' retrieved from /home/airflow/.local/lib/python3.12/site-packages/airflow/example_dags/example_dag_decorator.py
[2024-05-02T22:55:36.132+0000] {logging_mixin.py:188} INFO - [2024-05-02T22:55:36.131+0000] {dag.py:3096} INFO - Sync 1 DAGs
[2024-05-02T22:55:36.165+0000] {logging_mixin.py:188} INFO - [2024-05-02T22:55:36.164+0000] {dag.py:3954} INFO - Setting next_dagrun for example_dag_decorator to None, run_after=None
[2024-05-02T22:55:36.212+0000] {processor.py:183} INFO - Processing /home/airflow/.local/lib/python3.12/site-packages/airflow/example_dags/example_dag_decorator.py took 0.890 seconds
[2024-05-02T22:56:06.795+0000] {processor.py:161} INFO - Started process (PID=2701) to work on /home/airflow/.local/lib/python3.12/site-packages/airflow/example_dags/example_dag_decorator.py
[2024-05-02T22:56:06.798+0000] {processor.py:830} INFO - Processing file /home/airflow/.local/lib/python3.12/site-packages/airflow/example_dags/example_dag_decorator.py for tasks to queue
[2024-05-02T22:56:06.810+0000] {logging_mixin.py:188} INFO - [2024-05-02T22:56:06.809+0000] {dagbag.py:540} INFO - Filling up the DagBag from /home/airflow/.local/lib/python3.12/site-packages/airflow/example_dags/example_dag_decorator.py
[2024-05-02T22:56:07.319+0000] {processor.py:840} INFO - DAG(s) 'example_dag_decorator' retrieved from /home/airflow/.local/lib/python3.12/site-packages/airflow/example_dags/example_dag_decorator.py
[2024-05-02T22:56:08.073+0000] {logging_mixin.py:188} INFO - [2024-05-02T22:56:08.073+0000] {dag.py:3096} INFO - Sync 1 DAGs
[2024-05-02T22:56:08.115+0000] {logging_mixin.py:188} INFO - [2024-05-02T22:56:08.115+0000] {dag.py:3954} INFO - Setting next_dagrun for example_dag_decorator to None, run_after=None
[2024-05-02T22:56:08.227+0000] {processor.py:183} INFO - Processing /home/airflow/.local/lib/python3.12/site-packages/airflow/example_dags/example_dag_decorator.py took 1.455 seconds
[2024-05-02T22:57:07.379+0000] {processor.py:161} INFO - Started process (PID=36) to work on /home/airflow/.local/lib/python3.12/site-packages/airflow/example_dags/example_dag_decorator.py
[2024-05-02T22:57:07.380+0000] {processor.py:830} INFO - Processing file /home/airflow/.local/lib/python3.12/site-packages/airflow/example_dags/example_dag_decorator.py for tasks to queue
[2024-05-02T22:57:07.383+0000] {logging_mixin.py:188} INFO - [2024-05-02T22:57:07.382+0000] {dagbag.py:540} INFO - Filling up the DagBag from /home/airflow/.local/lib/python3.12/site-packages/airflow/example_dags/example_dag_decorator.py
[2024-05-02T22:57:07.602+0000] {processor.py:840} INFO - DAG(s) 'example_dag_decorator' retrieved from /home/airflow/.local/lib/python3.12/site-packages/airflow/example_dags/example_dag_decorator.py
[2024-05-02T22:57:07.909+0000] {logging_mixin.py:188} INFO - [2024-05-02T22:57:07.909+0000] {dag.py:3096} INFO - Sync 1 DAGs
[2024-05-02T22:57:07.953+0000] {logging_mixin.py:188} INFO - [2024-05-02T22:57:07.953+0000] {dag.py:3954} INFO - Setting next_dagrun for example_dag_decorator to None, run_after=None
[2024-05-02T22:57:08.100+0000] {processor.py:183} INFO - Processing /home/airflow/.local/lib/python3.12/site-packages/airflow/example_dags/example_dag_decorator.py took 0.729 seconds
[2024-05-02T22:57:43.864+0000] {processor.py:161} INFO - Started process (PID=99) to work on /home/airflow/.local/lib/python3.12/site-packages/airflow/example_dags/example_dag_decorator.py
[2024-05-02T22:57:43.873+0000] {processor.py:830} INFO - Processing file /home/airflow/.local/lib/python3.12/site-packages/airflow/example_dags/example_dag_decorator.py for tasks to queue
[2024-05-02T22:57:43.881+0000] {logging_mixin.py:188} INFO - [2024-05-02T22:57:43.880+0000] {dagbag.py:540} INFO - Filling up the DagBag from /home/airflow/.local/lib/python3.12/site-packages/airflow/example_dags/example_dag_decorator.py
[2024-05-02T22:57:45.526+0000] {processor.py:840} INFO - DAG(s) 'example_dag_decorator' retrieved from /home/airflow/.local/lib/python3.12/site-packages/airflow/example_dags/example_dag_decorator.py
[2024-05-02T22:57:47.926+0000] {logging_mixin.py:188} INFO - [2024-05-02T22:57:47.925+0000] {dag.py:3096} INFO - Sync 1 DAGs
[2024-05-02T22:57:47.984+0000] {logging_mixin.py:188} INFO - [2024-05-02T22:57:47.983+0000] {dag.py:3954} INFO - Setting next_dagrun for example_dag_decorator to None, run_after=None
[2024-05-02T22:58:01.379+0000] {processor.py:183} INFO - Processing /home/airflow/.local/lib/python3.12/site-packages/airflow/example_dags/example_dag_decorator.py took 17.554 seconds
[2024-05-02T22:58:32.507+0000] {processor.py:161} INFO - Started process (PID=187) to work on /home/airflow/.local/lib/python3.12/site-packages/airflow/example_dags/example_dag_decorator.py
[2024-05-02T22:58:32.523+0000] {processor.py:830} INFO - Processing file /home/airflow/.local/lib/python3.12/site-packages/airflow/example_dags/example_dag_decorator.py for tasks to queue
[2024-05-02T22:58:32.538+0000] {logging_mixin.py:188} INFO - [2024-05-02T22:58:32.533+0000] {dagbag.py:540} INFO - Filling up the DagBag from /home/airflow/.local/lib/python3.12/site-packages/airflow/example_dags/example_dag_decorator.py
[2024-05-02T22:58:35.028+0000] {processor.py:840} INFO - DAG(s) 'example_dag_decorator' retrieved from /home/airflow/.local/lib/python3.12/site-packages/airflow/example_dags/example_dag_decorator.py
[2024-05-02T22:58:58.590+0000] {logging_mixin.py:188} INFO - [2024-05-02T22:58:58.589+0000] {dag.py:3096} INFO - Sync 1 DAGs
[2024-05-02T22:58:58.625+0000] {logging_mixin.py:188} INFO - [2024-05-02T22:58:58.624+0000] {dag.py:3954} INFO - Setting next_dagrun for example_dag_decorator to None, run_after=None
[2024-05-02T22:58:58.754+0000] {processor.py:183} INFO - Processing /home/airflow/.local/lib/python3.12/site-packages/airflow/example_dags/example_dag_decorator.py took 26.370 seconds
[2024-05-02T22:59:29.071+0000] {processor.py:161} INFO - Started process (PID=294) to work on /home/airflow/.local/lib/python3.12/site-packages/airflow/example_dags/example_dag_decorator.py
[2024-05-02T22:59:29.077+0000] {processor.py:830} INFO - Processing file /home/airflow/.local/lib/python3.12/site-packages/airflow/example_dags/example_dag_decorator.py for tasks to queue
[2024-05-02T22:59:29.081+0000] {logging_mixin.py:188} INFO - [2024-05-02T22:59:29.081+0000] {dagbag.py:540} INFO - Filling up the DagBag from /home/airflow/.local/lib/python3.12/site-packages/airflow/example_dags/example_dag_decorator.py
[2024-05-02T22:59:29.663+0000] {processor.py:840} INFO - DAG(s) 'example_dag_decorator' retrieved from /home/airflow/.local/lib/python3.12/site-packages/airflow/example_dags/example_dag_decorator.py
[2024-05-02T22:59:32.664+0000] {logging_mixin.py:188} INFO - [2024-05-02T22:59:32.663+0000] {dag.py:3096} INFO - Sync 1 DAGs
[2024-05-02T22:59:32.767+0000] {logging_mixin.py:188} INFO - [2024-05-02T22:59:32.766+0000] {dag.py:3954} INFO - Setting next_dagrun for example_dag_decorator to None, run_after=None
[2024-05-02T22:59:32.940+0000] {processor.py:183} INFO - Processing /home/airflow/.local/lib/python3.12/site-packages/airflow/example_dags/example_dag_decorator.py took 3.907 seconds
[2024-05-02T23:00:03.224+0000] {processor.py:161} INFO - Started process (PID=355) to work on /home/airflow/.local/lib/python3.12/site-packages/airflow/example_dags/example_dag_decorator.py
[2024-05-02T23:00:03.231+0000] {processor.py:830} INFO - Processing file /home/airflow/.local/lib/python3.12/site-packages/airflow/example_dags/example_dag_decorator.py for tasks to queue
[2024-05-02T23:00:03.250+0000] {logging_mixin.py:188} INFO - [2024-05-02T23:00:03.249+0000] {dagbag.py:540} INFO - Filling up the DagBag from /home/airflow/.local/lib/python3.12/site-packages/airflow/example_dags/example_dag_decorator.py
[2024-05-02T23:00:04.297+0000] {processor.py:840} INFO - DAG(s) 'example_dag_decorator' retrieved from /home/airflow/.local/lib/python3.12/site-packages/airflow/example_dags/example_dag_decorator.py
[2024-05-02T23:00:06.495+0000] {logging_mixin.py:188} INFO - [2024-05-02T23:00:06.494+0000] {dag.py:3096} INFO - Sync 1 DAGs
[2024-05-02T23:00:06.545+0000] {logging_mixin.py:188} INFO - [2024-05-02T23:00:06.544+0000] {dag.py:3954} INFO - Setting next_dagrun for example_dag_decorator to None, run_after=None
[2024-05-02T23:00:06.647+0000] {processor.py:183} INFO - Processing /home/airflow/.local/lib/python3.12/site-packages/airflow/example_dags/example_dag_decorator.py took 3.453 seconds
[2024-05-02T23:00:37.151+0000] {processor.py:161} INFO - Started process (PID=416) to work on /home/airflow/.local/lib/python3.12/site-packages/airflow/example_dags/example_dag_decorator.py
[2024-05-02T23:00:37.153+0000] {processor.py:830} INFO - Processing file /home/airflow/.local/lib/python3.12/site-packages/airflow/example_dags/example_dag_decorator.py for tasks to queue
[2024-05-02T23:00:37.158+0000] {logging_mixin.py:188} INFO - [2024-05-02T23:00:37.157+0000] {dagbag.py:540} INFO - Filling up the DagBag from /home/airflow/.local/lib/python3.12/site-packages/airflow/example_dags/example_dag_decorator.py
[2024-05-02T23:00:37.388+0000] {processor.py:840} INFO - DAG(s) 'example_dag_decorator' retrieved from /home/airflow/.local/lib/python3.12/site-packages/airflow/example_dags/example_dag_decorator.py
[2024-05-02T23:00:37.868+0000] {logging_mixin.py:188} INFO - [2024-05-02T23:00:37.868+0000] {dag.py:3096} INFO - Sync 1 DAGs
[2024-05-02T23:00:37.891+0000] {logging_mixin.py:188} INFO - [2024-05-02T23:00:37.890+0000] {dag.py:3954} INFO - Setting next_dagrun for example_dag_decorator to None, run_after=None
[2024-05-02T23:00:37.932+0000] {processor.py:183} INFO - Processing /home/airflow/.local/lib/python3.12/site-packages/airflow/example_dags/example_dag_decorator.py took 0.798 seconds
[2024-05-02T23:01:08.228+0000] {processor.py:161} INFO - Started process (PID=479) to work on /home/airflow/.local/lib/python3.12/site-packages/airflow/example_dags/example_dag_decorator.py
[2024-05-02T23:01:08.230+0000] {processor.py:830} INFO - Processing file /home/airflow/.local/lib/python3.12/site-packages/airflow/example_dags/example_dag_decorator.py for tasks to queue
[2024-05-02T23:01:08.233+0000] {logging_mixin.py:188} INFO - [2024-05-02T23:01:08.232+0000] {dagbag.py:540} INFO - Filling up the DagBag from /home/airflow/.local/lib/python3.12/site-packages/airflow/example_dags/example_dag_decorator.py
[2024-05-02T23:01:08.473+0000] {processor.py:840} INFO - DAG(s) 'example_dag_decorator' retrieved from /home/airflow/.local/lib/python3.12/site-packages/airflow/example_dags/example_dag_decorator.py
[2024-05-02T23:01:08.925+0000] {logging_mixin.py:188} INFO - [2024-05-02T23:01:08.922+0000] {dag.py:3096} INFO - Sync 1 DAGs
[2024-05-02T23:01:08.973+0000] {logging_mixin.py:188} INFO - [2024-05-02T23:01:08.973+0000] {dag.py:3954} INFO - Setting next_dagrun for example_dag_decorator to None, run_after=None
[2024-05-02T23:01:09.025+0000] {processor.py:183} INFO - Processing /home/airflow/.local/lib/python3.12/site-packages/airflow/example_dags/example_dag_decorator.py took 0.805 seconds
[2024-05-02T23:01:39.744+0000] {processor.py:161} INFO - Started process (PID=538) to work on /home/airflow/.local/lib/python3.12/site-packages/airflow/example_dags/example_dag_decorator.py
[2024-05-02T23:01:39.746+0000] {processor.py:830} INFO - Processing file /home/airflow/.local/lib/python3.12/site-packages/airflow/example_dags/example_dag_decorator.py for tasks to queue
[2024-05-02T23:01:39.751+0000] {logging_mixin.py:188} INFO - [2024-05-02T23:01:39.750+0000] {dagbag.py:540} INFO - Filling up the DagBag from /home/airflow/.local/lib/python3.12/site-packages/airflow/example_dags/example_dag_decorator.py
[2024-05-02T23:01:39.962+0000] {processor.py:840} INFO - DAG(s) 'example_dag_decorator' retrieved from /home/airflow/.local/lib/python3.12/site-packages/airflow/example_dags/example_dag_decorator.py
[2024-05-02T23:01:40.366+0000] {logging_mixin.py:188} INFO - [2024-05-02T23:01:40.365+0000] {dag.py:3096} INFO - Sync 1 DAGs
[2024-05-02T23:01:40.386+0000] {logging_mixin.py:188} INFO - [2024-05-02T23:01:40.385+0000] {dag.py:3954} INFO - Setting next_dagrun for example_dag_decorator to None, run_after=None
[2024-05-02T23:01:40.421+0000] {processor.py:183} INFO - Processing /home/airflow/.local/lib/python3.12/site-packages/airflow/example_dags/example_dag_decorator.py took 0.689 seconds
[2024-05-02T23:02:10.876+0000] {processor.py:161} INFO - Started process (PID=598) to work on /home/airflow/.local/lib/python3.12/site-packages/airflow/example_dags/example_dag_decorator.py
[2024-05-02T23:02:10.880+0000] {processor.py:830} INFO - Processing file /home/airflow/.local/lib/python3.12/site-packages/airflow/example_dags/example_dag_decorator.py for tasks to queue
[2024-05-02T23:02:10.889+0000] {logging_mixin.py:188} INFO - [2024-05-02T23:02:10.888+0000] {dagbag.py:540} INFO - Filling up the DagBag from /home/airflow/.local/lib/python3.12/site-packages/airflow/example_dags/example_dag_decorator.py
[2024-05-02T23:02:11.488+0000] {processor.py:840} INFO - DAG(s) 'example_dag_decorator' retrieved from /home/airflow/.local/lib/python3.12/site-packages/airflow/example_dags/example_dag_decorator.py
[2024-05-02T23:02:12.678+0000] {logging_mixin.py:188} INFO - [2024-05-02T23:02:12.678+0000] {dag.py:3096} INFO - Sync 1 DAGs
[2024-05-02T23:02:12.735+0000] {logging_mixin.py:188} INFO - [2024-05-02T23:02:12.734+0000] {dag.py:3954} INFO - Setting next_dagrun for example_dag_decorator to None, run_after=None
[2024-05-02T23:02:12.868+0000] {processor.py:183} INFO - Processing /home/airflow/.local/lib/python3.12/site-packages/airflow/example_dags/example_dag_decorator.py took 2.022 seconds
[2024-05-02T23:02:43.093+0000] {processor.py:161} INFO - Started process (PID=660) to work on /home/airflow/.local/lib/python3.12/site-packages/airflow/example_dags/example_dag_decorator.py
[2024-05-02T23:02:43.095+0000] {processor.py:830} INFO - Processing file /home/airflow/.local/lib/python3.12/site-packages/airflow/example_dags/example_dag_decorator.py for tasks to queue
[2024-05-02T23:02:43.099+0000] {logging_mixin.py:188} INFO - [2024-05-02T23:02:43.098+0000] {dagbag.py:540} INFO - Filling up the DagBag from /home/airflow/.local/lib/python3.12/site-packages/airflow/example_dags/example_dag_decorator.py
[2024-05-02T23:02:43.380+0000] {processor.py:840} INFO - DAG(s) 'example_dag_decorator' retrieved from /home/airflow/.local/lib/python3.12/site-packages/airflow/example_dags/example_dag_decorator.py
[2024-05-02T23:02:43.799+0000] {logging_mixin.py:188} INFO - [2024-05-02T23:02:43.798+0000] {dag.py:3096} INFO - Sync 1 DAGs
[2024-05-02T23:02:43.836+0000] {logging_mixin.py:188} INFO - [2024-05-02T23:02:43.836+0000] {dag.py:3954} INFO - Setting next_dagrun for example_dag_decorator to None, run_after=None
[2024-05-02T23:02:43.875+0000] {processor.py:183} INFO - Processing /home/airflow/.local/lib/python3.12/site-packages/airflow/example_dags/example_dag_decorator.py took 0.794 seconds
[2024-05-02T23:03:14.702+0000] {processor.py:161} INFO - Started process (PID=719) to work on /home/airflow/.local/lib/python3.12/site-packages/airflow/example_dags/example_dag_decorator.py
[2024-05-02T23:03:14.704+0000] {processor.py:830} INFO - Processing file /home/airflow/.local/lib/python3.12/site-packages/airflow/example_dags/example_dag_decorator.py for tasks to queue
[2024-05-02T23:03:14.708+0000] {logging_mixin.py:188} INFO - [2024-05-02T23:03:14.707+0000] {dagbag.py:540} INFO - Filling up the DagBag from /home/airflow/.local/lib/python3.12/site-packages/airflow/example_dags/example_dag_decorator.py
[2024-05-02T23:03:14.981+0000] {processor.py:840} INFO - DAG(s) 'example_dag_decorator' retrieved from /home/airflow/.local/lib/python3.12/site-packages/airflow/example_dags/example_dag_decorator.py
[2024-05-02T23:03:15.671+0000] {logging_mixin.py:188} INFO - [2024-05-02T23:03:15.671+0000] {dag.py:3096} INFO - Sync 1 DAGs
[2024-05-02T23:03:15.702+0000] {logging_mixin.py:188} INFO - [2024-05-02T23:03:15.701+0000] {dag.py:3954} INFO - Setting next_dagrun for example_dag_decorator to None, run_after=None
[2024-05-02T23:03:15.751+0000] {processor.py:183} INFO - Processing /home/airflow/.local/lib/python3.12/site-packages/airflow/example_dags/example_dag_decorator.py took 1.063 seconds
[2024-05-02T23:03:45.885+0000] {processor.py:161} INFO - Started process (PID=780) to work on /home/airflow/.local/lib/python3.12/site-packages/airflow/example_dags/example_dag_decorator.py
[2024-05-02T23:03:45.888+0000] {processor.py:830} INFO - Processing file /home/airflow/.local/lib/python3.12/site-packages/airflow/example_dags/example_dag_decorator.py for tasks to queue
[2024-05-02T23:03:45.893+0000] {logging_mixin.py:188} INFO - [2024-05-02T23:03:45.892+0000] {dagbag.py:540} INFO - Filling up the DagBag from /home/airflow/.local/lib/python3.12/site-packages/airflow/example_dags/example_dag_decorator.py
[2024-05-02T23:03:46.315+0000] {processor.py:840} INFO - DAG(s) 'example_dag_decorator' retrieved from /home/airflow/.local/lib/python3.12/site-packages/airflow/example_dags/example_dag_decorator.py
[2024-05-02T23:03:46.931+0000] {logging_mixin.py:188} INFO - [2024-05-02T23:03:46.931+0000] {dag.py:3096} INFO - Sync 1 DAGs
[2024-05-02T23:03:46.964+0000] {logging_mixin.py:188} INFO - [2024-05-02T23:03:46.964+0000] {dag.py:3954} INFO - Setting next_dagrun for example_dag_decorator to None, run_after=None
[2024-05-02T23:03:47.012+0000] {processor.py:183} INFO - Processing /home/airflow/.local/lib/python3.12/site-packages/airflow/example_dags/example_dag_decorator.py took 1.142 seconds
[2024-05-02T23:04:17.213+0000] {processor.py:161} INFO - Started process (PID=840) to work on /home/airflow/.local/lib/python3.12/site-packages/airflow/example_dags/example_dag_decorator.py
[2024-05-02T23:04:17.215+0000] {processor.py:830} INFO - Processing file /home/airflow/.local/lib/python3.12/site-packages/airflow/example_dags/example_dag_decorator.py for tasks to queue
[2024-05-02T23:04:17.220+0000] {logging_mixin.py:188} INFO - [2024-05-02T23:04:17.219+0000] {dagbag.py:540} INFO - Filling up the DagBag from /home/airflow/.local/lib/python3.12/site-packages/airflow/example_dags/example_dag_decorator.py
[2024-05-02T23:04:17.793+0000] {processor.py:840} INFO - DAG(s) 'example_dag_decorator' retrieved from /home/airflow/.local/lib/python3.12/site-packages/airflow/example_dags/example_dag_decorator.py
[2024-05-02T23:04:18.057+0000] {logging_mixin.py:188} INFO - [2024-05-02T23:04:18.056+0000] {dag.py:3096} INFO - Sync 1 DAGs
[2024-05-02T23:04:18.082+0000] {logging_mixin.py:188} INFO - [2024-05-02T23:04:18.081+0000] {dag.py:3954} INFO - Setting next_dagrun for example_dag_decorator to None, run_after=None
[2024-05-02T23:04:18.129+0000] {processor.py:183} INFO - Processing /home/airflow/.local/lib/python3.12/site-packages/airflow/example_dags/example_dag_decorator.py took 0.929 seconds
[2024-05-02T23:04:48.301+0000] {processor.py:161} INFO - Started process (PID=900) to work on /home/airflow/.local/lib/python3.12/site-packages/airflow/example_dags/example_dag_decorator.py
[2024-05-02T23:04:48.303+0000] {processor.py:830} INFO - Processing file /home/airflow/.local/lib/python3.12/site-packages/airflow/example_dags/example_dag_decorator.py for tasks to queue
[2024-05-02T23:04:48.311+0000] {logging_mixin.py:188} INFO - [2024-05-02T23:04:48.310+0000] {dagbag.py:540} INFO - Filling up the DagBag from /home/airflow/.local/lib/python3.12/site-packages/airflow/example_dags/example_dag_decorator.py
[2024-05-02T23:04:49.709+0000] {processor.py:840} INFO - DAG(s) 'example_dag_decorator' retrieved from /home/airflow/.local/lib/python3.12/site-packages/airflow/example_dags/example_dag_decorator.py
[2024-05-02T23:04:50.375+0000] {logging_mixin.py:188} INFO - [2024-05-02T23:04:50.374+0000] {dag.py:3096} INFO - Sync 1 DAGs
[2024-05-02T23:04:50.438+0000] {logging_mixin.py:188} INFO - [2024-05-02T23:04:50.438+0000] {dag.py:3954} INFO - Setting next_dagrun for example_dag_decorator to None, run_after=None
[2024-05-02T23:04:50.529+0000] {processor.py:183} INFO - Processing /home/airflow/.local/lib/python3.12/site-packages/airflow/example_dags/example_dag_decorator.py took 2.246 seconds
[2024-05-02T23:05:21.345+0000] {processor.py:161} INFO - Started process (PID=960) to work on /home/airflow/.local/lib/python3.12/site-packages/airflow/example_dags/example_dag_decorator.py
[2024-05-02T23:05:21.352+0000] {processor.py:830} INFO - Processing file /home/airflow/.local/lib/python3.12/site-packages/airflow/example_dags/example_dag_decorator.py for tasks to queue
[2024-05-02T23:05:21.357+0000] {logging_mixin.py:188} INFO - [2024-05-02T23:05:21.356+0000] {dagbag.py:540} INFO - Filling up the DagBag from /home/airflow/.local/lib/python3.12/site-packages/airflow/example_dags/example_dag_decorator.py
[2024-05-02T23:05:22.366+0000] {processor.py:840} INFO - DAG(s) 'example_dag_decorator' retrieved from /home/airflow/.local/lib/python3.12/site-packages/airflow/example_dags/example_dag_decorator.py
[2024-05-02T23:05:23.011+0000] {logging_mixin.py:188} INFO - [2024-05-02T23:05:23.011+0000] {dag.py:3096} INFO - Sync 1 DAGs
[2024-05-02T23:05:23.038+0000] {logging_mixin.py:188} INFO - [2024-05-02T23:05:23.038+0000] {dag.py:3954} INFO - Setting next_dagrun for example_dag_decorator to None, run_after=None
[2024-05-02T23:05:23.090+0000] {processor.py:183} INFO - Processing /home/airflow/.local/lib/python3.12/site-packages/airflow/example_dags/example_dag_decorator.py took 1.782 seconds
[2024-05-02T23:05:53.209+0000] {processor.py:161} INFO - Started process (PID=1020) to work on /home/airflow/.local/lib/python3.12/site-packages/airflow/example_dags/example_dag_decorator.py
[2024-05-02T23:05:53.216+0000] {processor.py:830} INFO - Processing file /home/airflow/.local/lib/python3.12/site-packages/airflow/example_dags/example_dag_decorator.py for tasks to queue
[2024-05-02T23:05:53.220+0000] {logging_mixin.py:188} INFO - [2024-05-02T23:05:53.219+0000] {dagbag.py:540} INFO - Filling up the DagBag from /home/airflow/.local/lib/python3.12/site-packages/airflow/example_dags/example_dag_decorator.py
[2024-05-02T23:05:53.964+0000] {processor.py:840} INFO - DAG(s) 'example_dag_decorator' retrieved from /home/airflow/.local/lib/python3.12/site-packages/airflow/example_dags/example_dag_decorator.py
[2024-05-02T23:05:54.471+0000] {logging_mixin.py:188} INFO - [2024-05-02T23:05:54.469+0000] {dag.py:3096} INFO - Sync 1 DAGs
[2024-05-02T23:05:54.520+0000] {logging_mixin.py:188} INFO - [2024-05-02T23:05:54.519+0000] {dag.py:3954} INFO - Setting next_dagrun for example_dag_decorator to None, run_after=None
[2024-05-02T23:05:54.584+0000] {processor.py:183} INFO - Processing /home/airflow/.local/lib/python3.12/site-packages/airflow/example_dags/example_dag_decorator.py took 1.392 seconds
[2024-05-02T23:06:25.012+0000] {processor.py:161} INFO - Started process (PID=1080) to work on /home/airflow/.local/lib/python3.12/site-packages/airflow/example_dags/example_dag_decorator.py
[2024-05-02T23:06:25.015+0000] {processor.py:830} INFO - Processing file /home/airflow/.local/lib/python3.12/site-packages/airflow/example_dags/example_dag_decorator.py for tasks to queue
[2024-05-02T23:06:25.021+0000] {logging_mixin.py:188} INFO - [2024-05-02T23:06:25.020+0000] {dagbag.py:540} INFO - Filling up the DagBag from /home/airflow/.local/lib/python3.12/site-packages/airflow/example_dags/example_dag_decorator.py
[2024-05-02T23:06:25.438+0000] {processor.py:840} INFO - DAG(s) 'example_dag_decorator' retrieved from /home/airflow/.local/lib/python3.12/site-packages/airflow/example_dags/example_dag_decorator.py
[2024-05-02T23:06:25.727+0000] {logging_mixin.py:188} INFO - [2024-05-02T23:06:25.726+0000] {dag.py:3096} INFO - Sync 1 DAGs
[2024-05-02T23:06:25.751+0000] {logging_mixin.py:188} INFO - [2024-05-02T23:06:25.750+0000] {dag.py:3954} INFO - Setting next_dagrun for example_dag_decorator to None, run_after=None
[2024-05-02T23:06:25.793+0000] {processor.py:183} INFO - Processing /home/airflow/.local/lib/python3.12/site-packages/airflow/example_dags/example_dag_decorator.py took 0.798 seconds
