[2024-05-02T22:21:01.934+0000] {processor.py:161} INFO - Started process (PID=87) to work on /home/airflow/.local/lib/python3.12/site-packages/airflow/example_dags/example_python_operator.py
[2024-05-02T22:21:01.946+0000] {processor.py:830} INFO - Processing file /home/airflow/.local/lib/python3.12/site-packages/airflow/example_dags/example_python_operator.py for tasks to queue
[2024-05-02T22:21:01.951+0000] {logging_mixin.py:188} INFO - [2024-05-02T22:21:01.950+0000] {dagbag.py:540} INFO - Filling up the DagBag from /home/airflow/.local/lib/python3.12/site-packages/airflow/example_dags/example_python_operator.py
[2024-05-02T22:21:01.993+0000] {processor.py:840} INFO - DAG(s) 'example_python_operator' retrieved from /home/airflow/.local/lib/python3.12/site-packages/airflow/example_dags/example_python_operator.py
[2024-05-02T22:21:02.543+0000] {logging_mixin.py:188} INFO - [2024-05-02T22:21:02.542+0000] {dag.py:3096} INFO - Sync 1 DAGs
[2024-05-02T22:21:02.592+0000] {logging_mixin.py:188} INFO - [2024-05-02T22:21:02.592+0000] {dag.py:3954} INFO - Setting next_dagrun for example_python_operator to None, run_after=None
[2024-05-02T22:21:02.666+0000] {processor.py:183} INFO - Processing /home/airflow/.local/lib/python3.12/site-packages/airflow/example_dags/example_python_operator.py took 0.751 seconds
[2024-05-02T22:21:52.536+0000] {processor.py:161} INFO - Started process (PID=155) to work on /home/airflow/.local/lib/python3.12/site-packages/airflow/example_dags/example_python_operator.py
[2024-05-02T22:21:52.540+0000] {processor.py:830} INFO - Processing file /home/airflow/.local/lib/python3.12/site-packages/airflow/example_dags/example_python_operator.py for tasks to queue
[2024-05-02T22:21:52.544+0000] {logging_mixin.py:188} INFO - [2024-05-02T22:21:52.543+0000] {dagbag.py:540} INFO - Filling up the DagBag from /home/airflow/.local/lib/python3.12/site-packages/airflow/example_dags/example_python_operator.py
[2024-05-02T22:21:52.611+0000] {processor.py:840} INFO - DAG(s) 'example_python_operator' retrieved from /home/airflow/.local/lib/python3.12/site-packages/airflow/example_dags/example_python_operator.py
[2024-05-02T22:21:52.722+0000] {logging_mixin.py:188} INFO - [2024-05-02T22:21:52.721+0000] {dag.py:3096} INFO - Sync 1 DAGs
[2024-05-02T22:21:52.946+0000] {logging_mixin.py:188} INFO - [2024-05-02T22:21:52.945+0000] {dag.py:3954} INFO - Setting next_dagrun for example_python_operator to None, run_after=None
[2024-05-02T22:21:53.305+0000] {processor.py:183} INFO - Processing /home/airflow/.local/lib/python3.12/site-packages/airflow/example_dags/example_python_operator.py took 0.784 seconds
[2024-05-02T22:23:13.790+0000] {processor.py:161} INFO - Started process (PID=232) to work on /home/airflow/.local/lib/python3.12/site-packages/airflow/example_dags/example_python_operator.py
[2024-05-02T22:23:13.834+0000] {processor.py:830} INFO - Processing file /home/airflow/.local/lib/python3.12/site-packages/airflow/example_dags/example_python_operator.py for tasks to queue
[2024-05-02T22:23:13.868+0000] {logging_mixin.py:188} INFO - [2024-05-02T22:23:13.868+0000] {dagbag.py:540} INFO - Filling up the DagBag from /home/airflow/.local/lib/python3.12/site-packages/airflow/example_dags/example_python_operator.py
[2024-05-02T22:23:14.405+0000] {processor.py:840} INFO - DAG(s) 'example_python_operator' retrieved from /home/airflow/.local/lib/python3.12/site-packages/airflow/example_dags/example_python_operator.py
[2024-05-02T22:23:14.958+0000] {logging_mixin.py:188} INFO - [2024-05-02T22:23:14.947+0000] {dag.py:3096} INFO - Sync 1 DAGs
[2024-05-02T22:23:15.346+0000] {logging_mixin.py:188} INFO - [2024-05-02T22:23:15.327+0000] {dag.py:3954} INFO - Setting next_dagrun for example_python_operator to None, run_after=None
[2024-05-02T22:23:15.537+0000] {processor.py:183} INFO - Processing /home/airflow/.local/lib/python3.12/site-packages/airflow/example_dags/example_python_operator.py took 1.900 seconds
[2024-05-02T22:32:46.960+0000] {processor.py:161} INFO - Started process (PID=87) to work on /home/airflow/.local/lib/python3.12/site-packages/airflow/example_dags/example_python_operator.py
[2024-05-02T22:32:46.961+0000] {processor.py:830} INFO - Processing file /home/airflow/.local/lib/python3.12/site-packages/airflow/example_dags/example_python_operator.py for tasks to queue
[2024-05-02T22:32:46.965+0000] {logging_mixin.py:188} INFO - [2024-05-02T22:32:46.964+0000] {dagbag.py:540} INFO - Filling up the DagBag from /home/airflow/.local/lib/python3.12/site-packages/airflow/example_dags/example_python_operator.py
[2024-05-02T22:32:46.995+0000] {processor.py:840} INFO - DAG(s) 'example_python_operator' retrieved from /home/airflow/.local/lib/python3.12/site-packages/airflow/example_dags/example_python_operator.py
[2024-05-02T22:32:47.316+0000] {logging_mixin.py:188} INFO - [2024-05-02T22:32:47.315+0000] {dag.py:3096} INFO - Sync 1 DAGs
[2024-05-02T22:32:47.371+0000] {logging_mixin.py:188} INFO - [2024-05-02T22:32:47.370+0000] {dag.py:3954} INFO - Setting next_dagrun for example_python_operator to None, run_after=None
[2024-05-02T22:32:47.530+0000] {processor.py:183} INFO - Processing /home/airflow/.local/lib/python3.12/site-packages/airflow/example_dags/example_python_operator.py took 0.567 seconds
[2024-05-02T22:33:18.992+0000] {processor.py:161} INFO - Started process (PID=146) to work on /home/airflow/.local/lib/python3.12/site-packages/airflow/example_dags/example_python_operator.py
[2024-05-02T22:33:18.994+0000] {processor.py:830} INFO - Processing file /home/airflow/.local/lib/python3.12/site-packages/airflow/example_dags/example_python_operator.py for tasks to queue
[2024-05-02T22:33:18.998+0000] {logging_mixin.py:188} INFO - [2024-05-02T22:33:18.998+0000] {dagbag.py:540} INFO - Filling up the DagBag from /home/airflow/.local/lib/python3.12/site-packages/airflow/example_dags/example_python_operator.py
[2024-05-02T22:33:19.026+0000] {processor.py:840} INFO - DAG(s) 'example_python_operator' retrieved from /home/airflow/.local/lib/python3.12/site-packages/airflow/example_dags/example_python_operator.py
[2024-05-02T22:33:19.085+0000] {logging_mixin.py:188} INFO - [2024-05-02T22:33:19.084+0000] {dag.py:3096} INFO - Sync 1 DAGs
[2024-05-02T22:33:19.120+0000] {logging_mixin.py:188} INFO - [2024-05-02T22:33:19.119+0000] {dag.py:3954} INFO - Setting next_dagrun for example_python_operator to None, run_after=None
[2024-05-02T22:33:19.174+0000] {processor.py:183} INFO - Processing /home/airflow/.local/lib/python3.12/site-packages/airflow/example_dags/example_python_operator.py took 0.194 seconds
[2024-05-02T22:33:54.124+0000] {processor.py:161} INFO - Started process (PID=205) to work on /home/airflow/.local/lib/python3.12/site-packages/airflow/example_dags/example_python_operator.py
[2024-05-02T22:33:54.127+0000] {processor.py:830} INFO - Processing file /home/airflow/.local/lib/python3.12/site-packages/airflow/example_dags/example_python_operator.py for tasks to queue
[2024-05-02T22:33:54.131+0000] {logging_mixin.py:188} INFO - [2024-05-02T22:33:54.130+0000] {dagbag.py:540} INFO - Filling up the DagBag from /home/airflow/.local/lib/python3.12/site-packages/airflow/example_dags/example_python_operator.py
[2024-05-02T22:33:54.164+0000] {processor.py:840} INFO - DAG(s) 'example_python_operator' retrieved from /home/airflow/.local/lib/python3.12/site-packages/airflow/example_dags/example_python_operator.py
[2024-05-02T22:33:54.304+0000] {logging_mixin.py:188} INFO - [2024-05-02T22:33:54.304+0000] {dag.py:3096} INFO - Sync 1 DAGs
[2024-05-02T22:33:54.368+0000] {logging_mixin.py:188} INFO - [2024-05-02T22:33:54.367+0000] {dag.py:3954} INFO - Setting next_dagrun for example_python_operator to None, run_after=None
[2024-05-02T22:33:54.576+0000] {processor.py:183} INFO - Processing /home/airflow/.local/lib/python3.12/site-packages/airflow/example_dags/example_python_operator.py took 0.472 seconds
[2024-05-02T22:34:25.010+0000] {processor.py:161} INFO - Started process (PID=264) to work on /home/airflow/.local/lib/python3.12/site-packages/airflow/example_dags/example_python_operator.py
[2024-05-02T22:34:25.031+0000] {processor.py:830} INFO - Processing file /home/airflow/.local/lib/python3.12/site-packages/airflow/example_dags/example_python_operator.py for tasks to queue
[2024-05-02T22:34:25.036+0000] {logging_mixin.py:188} INFO - [2024-05-02T22:34:25.035+0000] {dagbag.py:540} INFO - Filling up the DagBag from /home/airflow/.local/lib/python3.12/site-packages/airflow/example_dags/example_python_operator.py
[2024-05-02T22:34:25.124+0000] {processor.py:840} INFO - DAG(s) 'example_python_operator' retrieved from /home/airflow/.local/lib/python3.12/site-packages/airflow/example_dags/example_python_operator.py
[2024-05-02T22:34:25.286+0000] {logging_mixin.py:188} INFO - [2024-05-02T22:34:25.285+0000] {dag.py:3096} INFO - Sync 1 DAGs
[2024-05-02T22:34:25.361+0000] {logging_mixin.py:188} INFO - [2024-05-02T22:34:25.360+0000] {dag.py:3954} INFO - Setting next_dagrun for example_python_operator to None, run_after=None
[2024-05-02T22:34:25.449+0000] {processor.py:183} INFO - Processing /home/airflow/.local/lib/python3.12/site-packages/airflow/example_dags/example_python_operator.py took 0.473 seconds
[2024-05-02T22:34:56.514+0000] {processor.py:161} INFO - Started process (PID=324) to work on /home/airflow/.local/lib/python3.12/site-packages/airflow/example_dags/example_python_operator.py
[2024-05-02T22:34:56.516+0000] {processor.py:830} INFO - Processing file /home/airflow/.local/lib/python3.12/site-packages/airflow/example_dags/example_python_operator.py for tasks to queue
[2024-05-02T22:34:56.523+0000] {logging_mixin.py:188} INFO - [2024-05-02T22:34:56.522+0000] {dagbag.py:540} INFO - Filling up the DagBag from /home/airflow/.local/lib/python3.12/site-packages/airflow/example_dags/example_python_operator.py
[2024-05-02T22:34:56.571+0000] {processor.py:840} INFO - DAG(s) 'example_python_operator' retrieved from /home/airflow/.local/lib/python3.12/site-packages/airflow/example_dags/example_python_operator.py
[2024-05-02T22:34:56.608+0000] {logging_mixin.py:188} INFO - [2024-05-02T22:34:56.607+0000] {dag.py:3096} INFO - Sync 1 DAGs
[2024-05-02T22:34:56.701+0000] {logging_mixin.py:188} INFO - [2024-05-02T22:34:56.700+0000] {dag.py:3954} INFO - Setting next_dagrun for example_python_operator to None, run_after=None
[2024-05-02T22:34:56.933+0000] {processor.py:183} INFO - Processing /home/airflow/.local/lib/python3.12/site-packages/airflow/example_dags/example_python_operator.py took 0.448 seconds
[2024-05-02T22:35:28.191+0000] {processor.py:161} INFO - Started process (PID=382) to work on /home/airflow/.local/lib/python3.12/site-packages/airflow/example_dags/example_python_operator.py
[2024-05-02T22:35:28.193+0000] {processor.py:830} INFO - Processing file /home/airflow/.local/lib/python3.12/site-packages/airflow/example_dags/example_python_operator.py for tasks to queue
[2024-05-02T22:35:28.197+0000] {logging_mixin.py:188} INFO - [2024-05-02T22:35:28.197+0000] {dagbag.py:540} INFO - Filling up the DagBag from /home/airflow/.local/lib/python3.12/site-packages/airflow/example_dags/example_python_operator.py
[2024-05-02T22:35:28.222+0000] {processor.py:840} INFO - DAG(s) 'example_python_operator' retrieved from /home/airflow/.local/lib/python3.12/site-packages/airflow/example_dags/example_python_operator.py
[2024-05-02T22:35:28.513+0000] {logging_mixin.py:188} INFO - [2024-05-02T22:35:28.513+0000] {dag.py:3096} INFO - Sync 1 DAGs
[2024-05-02T22:35:28.545+0000] {logging_mixin.py:188} INFO - [2024-05-02T22:35:28.544+0000] {dag.py:3954} INFO - Setting next_dagrun for example_python_operator to None, run_after=None
[2024-05-02T22:35:28.593+0000] {processor.py:183} INFO - Processing /home/airflow/.local/lib/python3.12/site-packages/airflow/example_dags/example_python_operator.py took 0.414 seconds
[2024-05-02T22:35:58.743+0000] {processor.py:161} INFO - Started process (PID=440) to work on /home/airflow/.local/lib/python3.12/site-packages/airflow/example_dags/example_python_operator.py
[2024-05-02T22:35:58.746+0000] {processor.py:830} INFO - Processing file /home/airflow/.local/lib/python3.12/site-packages/airflow/example_dags/example_python_operator.py for tasks to queue
[2024-05-02T22:35:58.762+0000] {logging_mixin.py:188} INFO - [2024-05-02T22:35:58.761+0000] {dagbag.py:540} INFO - Filling up the DagBag from /home/airflow/.local/lib/python3.12/site-packages/airflow/example_dags/example_python_operator.py
[2024-05-02T22:35:58.806+0000] {processor.py:840} INFO - DAG(s) 'example_python_operator' retrieved from /home/airflow/.local/lib/python3.12/site-packages/airflow/example_dags/example_python_operator.py
[2024-05-02T22:35:58.889+0000] {logging_mixin.py:188} INFO - [2024-05-02T22:35:58.888+0000] {dag.py:3096} INFO - Sync 1 DAGs
[2024-05-02T22:35:58.918+0000] {logging_mixin.py:188} INFO - [2024-05-02T22:35:58.917+0000] {dag.py:3954} INFO - Setting next_dagrun for example_python_operator to None, run_after=None
[2024-05-02T22:35:58.960+0000] {processor.py:183} INFO - Processing /home/airflow/.local/lib/python3.12/site-packages/airflow/example_dags/example_python_operator.py took 0.241 seconds
[2024-05-02T22:36:32.463+0000] {processor.py:161} INFO - Started process (PID=505) to work on /home/airflow/.local/lib/python3.12/site-packages/airflow/example_dags/example_python_operator.py
[2024-05-02T22:36:32.464+0000] {processor.py:830} INFO - Processing file /home/airflow/.local/lib/python3.12/site-packages/airflow/example_dags/example_python_operator.py for tasks to queue
[2024-05-02T22:36:32.467+0000] {logging_mixin.py:188} INFO - [2024-05-02T22:36:32.467+0000] {dagbag.py:540} INFO - Filling up the DagBag from /home/airflow/.local/lib/python3.12/site-packages/airflow/example_dags/example_python_operator.py
[2024-05-02T22:36:32.488+0000] {processor.py:840} INFO - DAG(s) 'example_python_operator' retrieved from /home/airflow/.local/lib/python3.12/site-packages/airflow/example_dags/example_python_operator.py
[2024-05-02T22:36:32.562+0000] {logging_mixin.py:188} INFO - [2024-05-02T22:36:32.561+0000] {dag.py:3096} INFO - Sync 1 DAGs
[2024-05-02T22:36:32.599+0000] {logging_mixin.py:188} INFO - [2024-05-02T22:36:32.599+0000] {dag.py:3954} INFO - Setting next_dagrun for example_python_operator to None, run_after=None
[2024-05-02T22:36:32.656+0000] {processor.py:183} INFO - Processing /home/airflow/.local/lib/python3.12/site-packages/airflow/example_dags/example_python_operator.py took 0.202 seconds
[2024-05-02T22:37:09.912+0000] {processor.py:161} INFO - Started process (PID=565) to work on /home/airflow/.local/lib/python3.12/site-packages/airflow/example_dags/example_python_operator.py
[2024-05-02T22:37:09.932+0000] {processor.py:830} INFO - Processing file /home/airflow/.local/lib/python3.12/site-packages/airflow/example_dags/example_python_operator.py for tasks to queue
[2024-05-02T22:37:09.947+0000] {logging_mixin.py:188} INFO - [2024-05-02T22:37:09.946+0000] {dagbag.py:540} INFO - Filling up the DagBag from /home/airflow/.local/lib/python3.12/site-packages/airflow/example_dags/example_python_operator.py
[2024-05-02T22:37:10.013+0000] {processor.py:840} INFO - DAG(s) 'example_python_operator' retrieved from /home/airflow/.local/lib/python3.12/site-packages/airflow/example_dags/example_python_operator.py
[2024-05-02T22:37:10.191+0000] {logging_mixin.py:188} INFO - [2024-05-02T22:37:10.191+0000] {dag.py:3096} INFO - Sync 1 DAGs
[2024-05-02T22:37:10.263+0000] {logging_mixin.py:188} INFO - [2024-05-02T22:37:10.263+0000] {dag.py:3954} INFO - Setting next_dagrun for example_python_operator to None, run_after=None
[2024-05-02T22:37:10.342+0000] {processor.py:183} INFO - Processing /home/airflow/.local/lib/python3.12/site-packages/airflow/example_dags/example_python_operator.py took 0.444 seconds
[2024-05-02T22:37:48.918+0000] {processor.py:161} INFO - Started process (PID=631) to work on /home/airflow/.local/lib/python3.12/site-packages/airflow/example_dags/example_python_operator.py
[2024-05-02T22:37:48.942+0000] {processor.py:830} INFO - Processing file /home/airflow/.local/lib/python3.12/site-packages/airflow/example_dags/example_python_operator.py for tasks to queue
[2024-05-02T22:37:48.968+0000] {logging_mixin.py:188} INFO - [2024-05-02T22:37:48.968+0000] {dagbag.py:540} INFO - Filling up the DagBag from /home/airflow/.local/lib/python3.12/site-packages/airflow/example_dags/example_python_operator.py
[2024-05-02T22:37:49.014+0000] {processor.py:840} INFO - DAG(s) 'example_python_operator' retrieved from /home/airflow/.local/lib/python3.12/site-packages/airflow/example_dags/example_python_operator.py
[2024-05-02T22:37:49.086+0000] {logging_mixin.py:188} INFO - [2024-05-02T22:37:49.085+0000] {dag.py:3096} INFO - Sync 1 DAGs
[2024-05-02T22:37:49.130+0000] {logging_mixin.py:188} INFO - [2024-05-02T22:37:49.129+0000] {dag.py:3954} INFO - Setting next_dagrun for example_python_operator to None, run_after=None
[2024-05-02T22:37:49.187+0000] {processor.py:183} INFO - Processing /home/airflow/.local/lib/python3.12/site-packages/airflow/example_dags/example_python_operator.py took 0.282 seconds
[2024-05-02T22:38:21.879+0000] {processor.py:161} INFO - Started process (PID=690) to work on /home/airflow/.local/lib/python3.12/site-packages/airflow/example_dags/example_python_operator.py
[2024-05-02T22:38:21.893+0000] {processor.py:830} INFO - Processing file /home/airflow/.local/lib/python3.12/site-packages/airflow/example_dags/example_python_operator.py for tasks to queue
[2024-05-02T22:38:21.942+0000] {logging_mixin.py:188} INFO - [2024-05-02T22:38:21.941+0000] {dagbag.py:540} INFO - Filling up the DagBag from /home/airflow/.local/lib/python3.12/site-packages/airflow/example_dags/example_python_operator.py
[2024-05-02T22:38:22.057+0000] {processor.py:840} INFO - DAG(s) 'example_python_operator' retrieved from /home/airflow/.local/lib/python3.12/site-packages/airflow/example_dags/example_python_operator.py
[2024-05-02T22:38:22.515+0000] {logging_mixin.py:188} INFO - [2024-05-02T22:38:22.514+0000] {dag.py:3096} INFO - Sync 1 DAGs
[2024-05-02T22:38:22.783+0000] {logging_mixin.py:188} INFO - [2024-05-02T22:38:22.774+0000] {dag.py:3954} INFO - Setting next_dagrun for example_python_operator to None, run_after=None
[2024-05-02T22:38:22.954+0000] {processor.py:183} INFO - Processing /home/airflow/.local/lib/python3.12/site-packages/airflow/example_dags/example_python_operator.py took 1.182 seconds
[2024-05-02T22:38:53.555+0000] {processor.py:161} INFO - Started process (PID=749) to work on /home/airflow/.local/lib/python3.12/site-packages/airflow/example_dags/example_python_operator.py
[2024-05-02T22:38:53.563+0000] {processor.py:830} INFO - Processing file /home/airflow/.local/lib/python3.12/site-packages/airflow/example_dags/example_python_operator.py for tasks to queue
[2024-05-02T22:38:53.568+0000] {logging_mixin.py:188} INFO - [2024-05-02T22:38:53.568+0000] {dagbag.py:540} INFO - Filling up the DagBag from /home/airflow/.local/lib/python3.12/site-packages/airflow/example_dags/example_python_operator.py
[2024-05-02T22:38:53.602+0000] {processor.py:840} INFO - DAG(s) 'example_python_operator' retrieved from /home/airflow/.local/lib/python3.12/site-packages/airflow/example_dags/example_python_operator.py
[2024-05-02T22:38:53.678+0000] {logging_mixin.py:188} INFO - [2024-05-02T22:38:53.677+0000] {dag.py:3096} INFO - Sync 1 DAGs
[2024-05-02T22:38:53.765+0000] {logging_mixin.py:188} INFO - [2024-05-02T22:38:53.765+0000] {dag.py:3954} INFO - Setting next_dagrun for example_python_operator to None, run_after=None
[2024-05-02T22:38:53.864+0000] {processor.py:183} INFO - Processing /home/airflow/.local/lib/python3.12/site-packages/airflow/example_dags/example_python_operator.py took 0.327 seconds
[2024-05-02T22:39:27.078+0000] {processor.py:161} INFO - Started process (PID=809) to work on /home/airflow/.local/lib/python3.12/site-packages/airflow/example_dags/example_python_operator.py
[2024-05-02T22:39:27.080+0000] {processor.py:830} INFO - Processing file /home/airflow/.local/lib/python3.12/site-packages/airflow/example_dags/example_python_operator.py for tasks to queue
[2024-05-02T22:39:27.085+0000] {logging_mixin.py:188} INFO - [2024-05-02T22:39:27.084+0000] {dagbag.py:540} INFO - Filling up the DagBag from /home/airflow/.local/lib/python3.12/site-packages/airflow/example_dags/example_python_operator.py
[2024-05-02T22:39:27.118+0000] {processor.py:840} INFO - DAG(s) 'example_python_operator' retrieved from /home/airflow/.local/lib/python3.12/site-packages/airflow/example_dags/example_python_operator.py
[2024-05-02T22:39:27.147+0000] {logging_mixin.py:188} INFO - [2024-05-02T22:39:27.147+0000] {dag.py:3096} INFO - Sync 1 DAGs
[2024-05-02T22:39:27.215+0000] {logging_mixin.py:188} INFO - [2024-05-02T22:39:27.214+0000] {dag.py:3954} INFO - Setting next_dagrun for example_python_operator to None, run_after=None
[2024-05-02T22:39:27.270+0000] {processor.py:183} INFO - Processing /home/airflow/.local/lib/python3.12/site-packages/airflow/example_dags/example_python_operator.py took 0.205 seconds
[2024-05-02T22:40:14.255+0000] {processor.py:161} INFO - Started process (PID=879) to work on /home/airflow/.local/lib/python3.12/site-packages/airflow/example_dags/example_python_operator.py
[2024-05-02T22:40:14.257+0000] {processor.py:830} INFO - Processing file /home/airflow/.local/lib/python3.12/site-packages/airflow/example_dags/example_python_operator.py for tasks to queue
[2024-05-02T22:40:14.263+0000] {logging_mixin.py:188} INFO - [2024-05-02T22:40:14.262+0000] {dagbag.py:540} INFO - Filling up the DagBag from /home/airflow/.local/lib/python3.12/site-packages/airflow/example_dags/example_python_operator.py
[2024-05-02T22:40:14.292+0000] {processor.py:840} INFO - DAG(s) 'example_python_operator' retrieved from /home/airflow/.local/lib/python3.12/site-packages/airflow/example_dags/example_python_operator.py
[2024-05-02T22:40:14.799+0000] {logging_mixin.py:188} INFO - [2024-05-02T22:40:14.799+0000] {dag.py:3096} INFO - Sync 1 DAGs
[2024-05-02T22:40:14.825+0000] {logging_mixin.py:188} INFO - [2024-05-02T22:40:14.824+0000] {dag.py:3954} INFO - Setting next_dagrun for example_python_operator to None, run_after=None
[2024-05-02T22:40:14.874+0000] {processor.py:183} INFO - Processing /home/airflow/.local/lib/python3.12/site-packages/airflow/example_dags/example_python_operator.py took 0.641 seconds
[2024-05-02T22:40:45.164+0000] {processor.py:161} INFO - Started process (PID=938) to work on /home/airflow/.local/lib/python3.12/site-packages/airflow/example_dags/example_python_operator.py
[2024-05-02T22:40:45.166+0000] {processor.py:830} INFO - Processing file /home/airflow/.local/lib/python3.12/site-packages/airflow/example_dags/example_python_operator.py for tasks to queue
[2024-05-02T22:40:45.170+0000] {logging_mixin.py:188} INFO - [2024-05-02T22:40:45.169+0000] {dagbag.py:540} INFO - Filling up the DagBag from /home/airflow/.local/lib/python3.12/site-packages/airflow/example_dags/example_python_operator.py
[2024-05-02T22:40:45.194+0000] {processor.py:840} INFO - DAG(s) 'example_python_operator' retrieved from /home/airflow/.local/lib/python3.12/site-packages/airflow/example_dags/example_python_operator.py
[2024-05-02T22:40:45.232+0000] {logging_mixin.py:188} INFO - [2024-05-02T22:40:45.231+0000] {dag.py:3096} INFO - Sync 1 DAGs
[2024-05-02T22:40:45.257+0000] {logging_mixin.py:188} INFO - [2024-05-02T22:40:45.256+0000] {dag.py:3954} INFO - Setting next_dagrun for example_python_operator to None, run_after=None
[2024-05-02T22:40:45.312+0000] {processor.py:183} INFO - Processing /home/airflow/.local/lib/python3.12/site-packages/airflow/example_dags/example_python_operator.py took 0.160 seconds
[2024-05-02T22:41:16.456+0000] {processor.py:161} INFO - Started process (PID=997) to work on /home/airflow/.local/lib/python3.12/site-packages/airflow/example_dags/example_python_operator.py
[2024-05-02T22:41:16.458+0000] {processor.py:830} INFO - Processing file /home/airflow/.local/lib/python3.12/site-packages/airflow/example_dags/example_python_operator.py for tasks to queue
[2024-05-02T22:41:16.461+0000] {logging_mixin.py:188} INFO - [2024-05-02T22:41:16.461+0000] {dagbag.py:540} INFO - Filling up the DagBag from /home/airflow/.local/lib/python3.12/site-packages/airflow/example_dags/example_python_operator.py
[2024-05-02T22:41:16.700+0000] {processor.py:840} INFO - DAG(s) 'example_python_operator' retrieved from /home/airflow/.local/lib/python3.12/site-packages/airflow/example_dags/example_python_operator.py
[2024-05-02T22:41:16.752+0000] {logging_mixin.py:188} INFO - [2024-05-02T22:41:16.750+0000] {dag.py:3096} INFO - Sync 1 DAGs
[2024-05-02T22:41:16.783+0000] {logging_mixin.py:188} INFO - [2024-05-02T22:41:16.782+0000] {dag.py:3954} INFO - Setting next_dagrun for example_python_operator to None, run_after=None
[2024-05-02T22:41:16.832+0000] {processor.py:183} INFO - Processing /home/airflow/.local/lib/python3.12/site-packages/airflow/example_dags/example_python_operator.py took 0.389 seconds
[2024-05-02T22:41:47.082+0000] {processor.py:161} INFO - Started process (PID=1056) to work on /home/airflow/.local/lib/python3.12/site-packages/airflow/example_dags/example_python_operator.py
[2024-05-02T22:41:47.084+0000] {processor.py:830} INFO - Processing file /home/airflow/.local/lib/python3.12/site-packages/airflow/example_dags/example_python_operator.py for tasks to queue
[2024-05-02T22:41:47.087+0000] {logging_mixin.py:188} INFO - [2024-05-02T22:41:47.087+0000] {dagbag.py:540} INFO - Filling up the DagBag from /home/airflow/.local/lib/python3.12/site-packages/airflow/example_dags/example_python_operator.py
[2024-05-02T22:41:47.112+0000] {processor.py:840} INFO - DAG(s) 'example_python_operator' retrieved from /home/airflow/.local/lib/python3.12/site-packages/airflow/example_dags/example_python_operator.py
[2024-05-02T22:41:47.162+0000] {logging_mixin.py:188} INFO - [2024-05-02T22:41:47.161+0000] {dag.py:3096} INFO - Sync 1 DAGs
[2024-05-02T22:41:47.186+0000] {logging_mixin.py:188} INFO - [2024-05-02T22:41:47.186+0000] {dag.py:3954} INFO - Setting next_dagrun for example_python_operator to None, run_after=None
[2024-05-02T22:41:47.220+0000] {processor.py:183} INFO - Processing /home/airflow/.local/lib/python3.12/site-packages/airflow/example_dags/example_python_operator.py took 0.148 seconds
[2024-05-02T22:42:17.634+0000] {processor.py:161} INFO - Started process (PID=1115) to work on /home/airflow/.local/lib/python3.12/site-packages/airflow/example_dags/example_python_operator.py
[2024-05-02T22:42:17.635+0000] {processor.py:830} INFO - Processing file /home/airflow/.local/lib/python3.12/site-packages/airflow/example_dags/example_python_operator.py for tasks to queue
[2024-05-02T22:42:17.644+0000] {logging_mixin.py:188} INFO - [2024-05-02T22:42:17.643+0000] {dagbag.py:540} INFO - Filling up the DagBag from /home/airflow/.local/lib/python3.12/site-packages/airflow/example_dags/example_python_operator.py
[2024-05-02T22:42:17.666+0000] {processor.py:840} INFO - DAG(s) 'example_python_operator' retrieved from /home/airflow/.local/lib/python3.12/site-packages/airflow/example_dags/example_python_operator.py
[2024-05-02T22:42:17.720+0000] {logging_mixin.py:188} INFO - [2024-05-02T22:42:17.720+0000] {dag.py:3096} INFO - Sync 1 DAGs
[2024-05-02T22:42:17.760+0000] {logging_mixin.py:188} INFO - [2024-05-02T22:42:17.758+0000] {dag.py:3954} INFO - Setting next_dagrun for example_python_operator to None, run_after=None
[2024-05-02T22:42:17.840+0000] {processor.py:183} INFO - Processing /home/airflow/.local/lib/python3.12/site-packages/airflow/example_dags/example_python_operator.py took 0.216 seconds
[2024-05-02T22:42:48.794+0000] {processor.py:161} INFO - Started process (PID=1174) to work on /home/airflow/.local/lib/python3.12/site-packages/airflow/example_dags/example_python_operator.py
[2024-05-02T22:42:48.796+0000] {processor.py:830} INFO - Processing file /home/airflow/.local/lib/python3.12/site-packages/airflow/example_dags/example_python_operator.py for tasks to queue
[2024-05-02T22:42:48.801+0000] {logging_mixin.py:188} INFO - [2024-05-02T22:42:48.801+0000] {dagbag.py:540} INFO - Filling up the DagBag from /home/airflow/.local/lib/python3.12/site-packages/airflow/example_dags/example_python_operator.py
[2024-05-02T22:42:48.836+0000] {processor.py:840} INFO - DAG(s) 'example_python_operator' retrieved from /home/airflow/.local/lib/python3.12/site-packages/airflow/example_dags/example_python_operator.py
[2024-05-02T22:42:48.963+0000] {logging_mixin.py:188} INFO - [2024-05-02T22:42:48.958+0000] {dag.py:3096} INFO - Sync 1 DAGs
[2024-05-02T22:42:49.024+0000] {logging_mixin.py:188} INFO - [2024-05-02T22:42:49.024+0000] {dag.py:3954} INFO - Setting next_dagrun for example_python_operator to None, run_after=None
[2024-05-02T22:42:49.102+0000] {processor.py:183} INFO - Processing /home/airflow/.local/lib/python3.12/site-packages/airflow/example_dags/example_python_operator.py took 0.323 seconds
[2024-05-02T22:43:19.643+0000] {processor.py:161} INFO - Started process (PID=1233) to work on /home/airflow/.local/lib/python3.12/site-packages/airflow/example_dags/example_python_operator.py
[2024-05-02T22:43:19.645+0000] {processor.py:830} INFO - Processing file /home/airflow/.local/lib/python3.12/site-packages/airflow/example_dags/example_python_operator.py for tasks to queue
[2024-05-02T22:43:19.649+0000] {logging_mixin.py:188} INFO - [2024-05-02T22:43:19.648+0000] {dagbag.py:540} INFO - Filling up the DagBag from /home/airflow/.local/lib/python3.12/site-packages/airflow/example_dags/example_python_operator.py
[2024-05-02T22:43:19.675+0000] {processor.py:840} INFO - DAG(s) 'example_python_operator' retrieved from /home/airflow/.local/lib/python3.12/site-packages/airflow/example_dags/example_python_operator.py
[2024-05-02T22:43:19.734+0000] {logging_mixin.py:188} INFO - [2024-05-02T22:43:19.733+0000] {dag.py:3096} INFO - Sync 1 DAGs
[2024-05-02T22:43:19.768+0000] {logging_mixin.py:188} INFO - [2024-05-02T22:43:19.767+0000] {dag.py:3954} INFO - Setting next_dagrun for example_python_operator to None, run_after=None
[2024-05-02T22:43:19.818+0000] {processor.py:183} INFO - Processing /home/airflow/.local/lib/python3.12/site-packages/airflow/example_dags/example_python_operator.py took 0.186 seconds
[2024-05-02T22:43:51.152+0000] {processor.py:161} INFO - Started process (PID=1294) to work on /home/airflow/.local/lib/python3.12/site-packages/airflow/example_dags/example_python_operator.py
[2024-05-02T22:43:51.154+0000] {processor.py:830} INFO - Processing file /home/airflow/.local/lib/python3.12/site-packages/airflow/example_dags/example_python_operator.py for tasks to queue
[2024-05-02T22:43:51.158+0000] {logging_mixin.py:188} INFO - [2024-05-02T22:43:51.158+0000] {dagbag.py:540} INFO - Filling up the DagBag from /home/airflow/.local/lib/python3.12/site-packages/airflow/example_dags/example_python_operator.py
[2024-05-02T22:43:51.184+0000] {processor.py:840} INFO - DAG(s) 'example_python_operator' retrieved from /home/airflow/.local/lib/python3.12/site-packages/airflow/example_dags/example_python_operator.py
[2024-05-02T22:43:51.318+0000] {logging_mixin.py:188} INFO - [2024-05-02T22:43:51.316+0000] {dag.py:3096} INFO - Sync 1 DAGs
[2024-05-02T22:43:51.381+0000] {logging_mixin.py:188} INFO - [2024-05-02T22:43:51.380+0000] {dag.py:3954} INFO - Setting next_dagrun for example_python_operator to None, run_after=None
[2024-05-02T22:43:51.442+0000] {processor.py:183} INFO - Processing /home/airflow/.local/lib/python3.12/site-packages/airflow/example_dags/example_python_operator.py took 0.304 seconds
[2024-05-02T22:44:22.544+0000] {processor.py:161} INFO - Started process (PID=1355) to work on /home/airflow/.local/lib/python3.12/site-packages/airflow/example_dags/example_python_operator.py
[2024-05-02T22:44:22.546+0000] {processor.py:830} INFO - Processing file /home/airflow/.local/lib/python3.12/site-packages/airflow/example_dags/example_python_operator.py for tasks to queue
[2024-05-02T22:44:22.548+0000] {logging_mixin.py:188} INFO - [2024-05-02T22:44:22.548+0000] {dagbag.py:540} INFO - Filling up the DagBag from /home/airflow/.local/lib/python3.12/site-packages/airflow/example_dags/example_python_operator.py
[2024-05-02T22:44:22.566+0000] {processor.py:840} INFO - DAG(s) 'example_python_operator' retrieved from /home/airflow/.local/lib/python3.12/site-packages/airflow/example_dags/example_python_operator.py
[2024-05-02T22:44:22.607+0000] {logging_mixin.py:188} INFO - [2024-05-02T22:44:22.606+0000] {dag.py:3096} INFO - Sync 1 DAGs
[2024-05-02T22:44:22.631+0000] {logging_mixin.py:188} INFO - [2024-05-02T22:44:22.630+0000] {dag.py:3954} INFO - Setting next_dagrun for example_python_operator to None, run_after=None
[2024-05-02T22:44:22.670+0000] {processor.py:183} INFO - Processing /home/airflow/.local/lib/python3.12/site-packages/airflow/example_dags/example_python_operator.py took 0.136 seconds
[2024-05-02T22:44:53.913+0000] {processor.py:161} INFO - Started process (PID=1414) to work on /home/airflow/.local/lib/python3.12/site-packages/airflow/example_dags/example_python_operator.py
[2024-05-02T22:44:53.915+0000] {processor.py:830} INFO - Processing file /home/airflow/.local/lib/python3.12/site-packages/airflow/example_dags/example_python_operator.py for tasks to queue
[2024-05-02T22:44:53.923+0000] {logging_mixin.py:188} INFO - [2024-05-02T22:44:53.922+0000] {dagbag.py:540} INFO - Filling up the DagBag from /home/airflow/.local/lib/python3.12/site-packages/airflow/example_dags/example_python_operator.py
[2024-05-02T22:44:53.950+0000] {processor.py:840} INFO - DAG(s) 'example_python_operator' retrieved from /home/airflow/.local/lib/python3.12/site-packages/airflow/example_dags/example_python_operator.py
[2024-05-02T22:44:54.011+0000] {logging_mixin.py:188} INFO - [2024-05-02T22:44:54.011+0000] {dag.py:3096} INFO - Sync 1 DAGs
[2024-05-02T22:44:54.040+0000] {logging_mixin.py:188} INFO - [2024-05-02T22:44:54.039+0000] {dag.py:3954} INFO - Setting next_dagrun for example_python_operator to None, run_after=None
[2024-05-02T22:44:54.094+0000] {processor.py:183} INFO - Processing /home/airflow/.local/lib/python3.12/site-packages/airflow/example_dags/example_python_operator.py took 0.202 seconds
[2024-05-02T22:45:24.978+0000] {processor.py:161} INFO - Started process (PID=1473) to work on /home/airflow/.local/lib/python3.12/site-packages/airflow/example_dags/example_python_operator.py
[2024-05-02T22:45:24.980+0000] {processor.py:830} INFO - Processing file /home/airflow/.local/lib/python3.12/site-packages/airflow/example_dags/example_python_operator.py for tasks to queue
[2024-05-02T22:45:24.984+0000] {logging_mixin.py:188} INFO - [2024-05-02T22:45:24.983+0000] {dagbag.py:540} INFO - Filling up the DagBag from /home/airflow/.local/lib/python3.12/site-packages/airflow/example_dags/example_python_operator.py
[2024-05-02T22:45:25.008+0000] {processor.py:840} INFO - DAG(s) 'example_python_operator' retrieved from /home/airflow/.local/lib/python3.12/site-packages/airflow/example_dags/example_python_operator.py
[2024-05-02T22:45:25.075+0000] {logging_mixin.py:188} INFO - [2024-05-02T22:45:25.074+0000] {dag.py:3096} INFO - Sync 1 DAGs
[2024-05-02T22:45:25.136+0000] {logging_mixin.py:188} INFO - [2024-05-02T22:45:25.135+0000] {dag.py:3954} INFO - Setting next_dagrun for example_python_operator to None, run_after=None
[2024-05-02T22:45:25.209+0000] {processor.py:183} INFO - Processing /home/airflow/.local/lib/python3.12/site-packages/airflow/example_dags/example_python_operator.py took 0.245 seconds
[2024-05-02T22:45:56.143+0000] {processor.py:161} INFO - Started process (PID=1532) to work on /home/airflow/.local/lib/python3.12/site-packages/airflow/example_dags/example_python_operator.py
[2024-05-02T22:45:56.145+0000] {processor.py:830} INFO - Processing file /home/airflow/.local/lib/python3.12/site-packages/airflow/example_dags/example_python_operator.py for tasks to queue
[2024-05-02T22:45:56.150+0000] {logging_mixin.py:188} INFO - [2024-05-02T22:45:56.149+0000] {dagbag.py:540} INFO - Filling up the DagBag from /home/airflow/.local/lib/python3.12/site-packages/airflow/example_dags/example_python_operator.py
[2024-05-02T22:45:56.175+0000] {processor.py:840} INFO - DAG(s) 'example_python_operator' retrieved from /home/airflow/.local/lib/python3.12/site-packages/airflow/example_dags/example_python_operator.py
[2024-05-02T22:45:56.221+0000] {logging_mixin.py:188} INFO - [2024-05-02T22:45:56.221+0000] {dag.py:3096} INFO - Sync 1 DAGs
[2024-05-02T22:45:56.252+0000] {logging_mixin.py:188} INFO - [2024-05-02T22:45:56.251+0000] {dag.py:3954} INFO - Setting next_dagrun for example_python_operator to None, run_after=None
[2024-05-02T22:45:56.293+0000] {processor.py:183} INFO - Processing /home/airflow/.local/lib/python3.12/site-packages/airflow/example_dags/example_python_operator.py took 0.165 seconds
[2024-05-02T22:46:26.408+0000] {processor.py:161} INFO - Started process (PID=1589) to work on /home/airflow/.local/lib/python3.12/site-packages/airflow/example_dags/example_python_operator.py
[2024-05-02T22:46:26.412+0000] {processor.py:830} INFO - Processing file /home/airflow/.local/lib/python3.12/site-packages/airflow/example_dags/example_python_operator.py for tasks to queue
[2024-05-02T22:46:26.419+0000] {logging_mixin.py:188} INFO - [2024-05-02T22:46:26.418+0000] {dagbag.py:540} INFO - Filling up the DagBag from /home/airflow/.local/lib/python3.12/site-packages/airflow/example_dags/example_python_operator.py
[2024-05-02T22:46:26.451+0000] {processor.py:840} INFO - DAG(s) 'example_python_operator' retrieved from /home/airflow/.local/lib/python3.12/site-packages/airflow/example_dags/example_python_operator.py
[2024-05-02T22:46:26.515+0000] {logging_mixin.py:188} INFO - [2024-05-02T22:46:26.515+0000] {dag.py:3096} INFO - Sync 1 DAGs
[2024-05-02T22:46:26.544+0000] {logging_mixin.py:188} INFO - [2024-05-02T22:46:26.544+0000] {dag.py:3954} INFO - Setting next_dagrun for example_python_operator to None, run_after=None
[2024-05-02T22:46:26.596+0000] {processor.py:183} INFO - Processing /home/airflow/.local/lib/python3.12/site-packages/airflow/example_dags/example_python_operator.py took 0.206 seconds
[2024-05-02T22:46:56.815+0000] {processor.py:161} INFO - Started process (PID=1649) to work on /home/airflow/.local/lib/python3.12/site-packages/airflow/example_dags/example_python_operator.py
[2024-05-02T22:46:56.817+0000] {processor.py:830} INFO - Processing file /home/airflow/.local/lib/python3.12/site-packages/airflow/example_dags/example_python_operator.py for tasks to queue
[2024-05-02T22:46:56.822+0000] {logging_mixin.py:188} INFO - [2024-05-02T22:46:56.821+0000] {dagbag.py:540} INFO - Filling up the DagBag from /home/airflow/.local/lib/python3.12/site-packages/airflow/example_dags/example_python_operator.py
[2024-05-02T22:46:56.849+0000] {processor.py:840} INFO - DAG(s) 'example_python_operator' retrieved from /home/airflow/.local/lib/python3.12/site-packages/airflow/example_dags/example_python_operator.py
[2024-05-02T22:46:56.896+0000] {logging_mixin.py:188} INFO - [2024-05-02T22:46:56.896+0000] {dag.py:3096} INFO - Sync 1 DAGs
[2024-05-02T22:46:56.926+0000] {logging_mixin.py:188} INFO - [2024-05-02T22:46:56.926+0000] {dag.py:3954} INFO - Setting next_dagrun for example_python_operator to None, run_after=None
[2024-05-02T22:46:56.977+0000] {processor.py:183} INFO - Processing /home/airflow/.local/lib/python3.12/site-packages/airflow/example_dags/example_python_operator.py took 0.178 seconds
[2024-05-02T22:47:27.558+0000] {processor.py:161} INFO - Started process (PID=1710) to work on /home/airflow/.local/lib/python3.12/site-packages/airflow/example_dags/example_python_operator.py
[2024-05-02T22:47:27.559+0000] {processor.py:830} INFO - Processing file /home/airflow/.local/lib/python3.12/site-packages/airflow/example_dags/example_python_operator.py for tasks to queue
[2024-05-02T22:47:27.563+0000] {logging_mixin.py:188} INFO - [2024-05-02T22:47:27.562+0000] {dagbag.py:540} INFO - Filling up the DagBag from /home/airflow/.local/lib/python3.12/site-packages/airflow/example_dags/example_python_operator.py
[2024-05-02T22:47:27.612+0000] {processor.py:840} INFO - DAG(s) 'example_python_operator' retrieved from /home/airflow/.local/lib/python3.12/site-packages/airflow/example_dags/example_python_operator.py
[2024-05-02T22:47:27.681+0000] {logging_mixin.py:188} INFO - [2024-05-02T22:47:27.680+0000] {dag.py:3096} INFO - Sync 1 DAGs
[2024-05-02T22:47:27.709+0000] {logging_mixin.py:188} INFO - [2024-05-02T22:47:27.709+0000] {dag.py:3954} INFO - Setting next_dagrun for example_python_operator to None, run_after=None
[2024-05-02T22:47:27.765+0000] {processor.py:183} INFO - Processing /home/airflow/.local/lib/python3.12/site-packages/airflow/example_dags/example_python_operator.py took 0.218 seconds
[2024-05-02T22:47:58.843+0000] {processor.py:161} INFO - Started process (PID=1769) to work on /home/airflow/.local/lib/python3.12/site-packages/airflow/example_dags/example_python_operator.py
[2024-05-02T22:47:58.845+0000] {processor.py:830} INFO - Processing file /home/airflow/.local/lib/python3.12/site-packages/airflow/example_dags/example_python_operator.py for tasks to queue
[2024-05-02T22:47:58.850+0000] {logging_mixin.py:188} INFO - [2024-05-02T22:47:58.849+0000] {dagbag.py:540} INFO - Filling up the DagBag from /home/airflow/.local/lib/python3.12/site-packages/airflow/example_dags/example_python_operator.py
[2024-05-02T22:47:58.872+0000] {processor.py:840} INFO - DAG(s) 'example_python_operator' retrieved from /home/airflow/.local/lib/python3.12/site-packages/airflow/example_dags/example_python_operator.py
[2024-05-02T22:47:58.917+0000] {logging_mixin.py:188} INFO - [2024-05-02T22:47:58.917+0000] {dag.py:3096} INFO - Sync 1 DAGs
[2024-05-02T22:47:58.950+0000] {logging_mixin.py:188} INFO - [2024-05-02T22:47:58.949+0000] {dag.py:3954} INFO - Setting next_dagrun for example_python_operator to None, run_after=None
[2024-05-02T22:47:58.992+0000] {processor.py:183} INFO - Processing /home/airflow/.local/lib/python3.12/site-packages/airflow/example_dags/example_python_operator.py took 0.163 seconds
[2024-05-02T22:48:29.311+0000] {processor.py:161} INFO - Started process (PID=1829) to work on /home/airflow/.local/lib/python3.12/site-packages/airflow/example_dags/example_python_operator.py
[2024-05-02T22:48:29.312+0000] {processor.py:830} INFO - Processing file /home/airflow/.local/lib/python3.12/site-packages/airflow/example_dags/example_python_operator.py for tasks to queue
[2024-05-02T22:48:29.315+0000] {logging_mixin.py:188} INFO - [2024-05-02T22:48:29.315+0000] {dagbag.py:540} INFO - Filling up the DagBag from /home/airflow/.local/lib/python3.12/site-packages/airflow/example_dags/example_python_operator.py
[2024-05-02T22:48:29.338+0000] {processor.py:840} INFO - DAG(s) 'example_python_operator' retrieved from /home/airflow/.local/lib/python3.12/site-packages/airflow/example_dags/example_python_operator.py
[2024-05-02T22:48:29.408+0000] {logging_mixin.py:188} INFO - [2024-05-02T22:48:29.407+0000] {dag.py:3096} INFO - Sync 1 DAGs
[2024-05-02T22:48:29.439+0000] {logging_mixin.py:188} INFO - [2024-05-02T22:48:29.438+0000] {dag.py:3954} INFO - Setting next_dagrun for example_python_operator to None, run_after=None
[2024-05-02T22:48:29.480+0000] {processor.py:183} INFO - Processing /home/airflow/.local/lib/python3.12/site-packages/airflow/example_dags/example_python_operator.py took 0.181 seconds
[2024-05-02T22:49:00.273+0000] {processor.py:161} INFO - Started process (PID=1888) to work on /home/airflow/.local/lib/python3.12/site-packages/airflow/example_dags/example_python_operator.py
[2024-05-02T22:49:00.311+0000] {processor.py:830} INFO - Processing file /home/airflow/.local/lib/python3.12/site-packages/airflow/example_dags/example_python_operator.py for tasks to queue
[2024-05-02T22:49:00.317+0000] {logging_mixin.py:188} INFO - [2024-05-02T22:49:00.316+0000] {dagbag.py:540} INFO - Filling up the DagBag from /home/airflow/.local/lib/python3.12/site-packages/airflow/example_dags/example_python_operator.py
[2024-05-02T22:49:00.389+0000] {processor.py:840} INFO - DAG(s) 'example_python_operator' retrieved from /home/airflow/.local/lib/python3.12/site-packages/airflow/example_dags/example_python_operator.py
[2024-05-02T22:49:00.473+0000] {logging_mixin.py:188} INFO - [2024-05-02T22:49:00.472+0000] {dag.py:3096} INFO - Sync 1 DAGs
[2024-05-02T22:49:00.510+0000] {logging_mixin.py:188} INFO - [2024-05-02T22:49:00.509+0000] {dag.py:3954} INFO - Setting next_dagrun for example_python_operator to None, run_after=None
[2024-05-02T22:49:00.568+0000] {processor.py:183} INFO - Processing /home/airflow/.local/lib/python3.12/site-packages/airflow/example_dags/example_python_operator.py took 0.317 seconds
[2024-05-02T22:49:31.503+0000] {processor.py:161} INFO - Started process (PID=1947) to work on /home/airflow/.local/lib/python3.12/site-packages/airflow/example_dags/example_python_operator.py
[2024-05-02T22:49:31.505+0000] {processor.py:830} INFO - Processing file /home/airflow/.local/lib/python3.12/site-packages/airflow/example_dags/example_python_operator.py for tasks to queue
[2024-05-02T22:49:31.509+0000] {logging_mixin.py:188} INFO - [2024-05-02T22:49:31.508+0000] {dagbag.py:540} INFO - Filling up the DagBag from /home/airflow/.local/lib/python3.12/site-packages/airflow/example_dags/example_python_operator.py
[2024-05-02T22:49:31.557+0000] {processor.py:840} INFO - DAG(s) 'example_python_operator' retrieved from /home/airflow/.local/lib/python3.12/site-packages/airflow/example_dags/example_python_operator.py
[2024-05-02T22:49:31.685+0000] {logging_mixin.py:188} INFO - [2024-05-02T22:49:31.684+0000] {dag.py:3096} INFO - Sync 1 DAGs
[2024-05-02T22:49:31.720+0000] {logging_mixin.py:188} INFO - [2024-05-02T22:49:31.720+0000] {dag.py:3954} INFO - Setting next_dagrun for example_python_operator to None, run_after=None
[2024-05-02T22:49:31.792+0000] {processor.py:183} INFO - Processing /home/airflow/.local/lib/python3.12/site-packages/airflow/example_dags/example_python_operator.py took 0.309 seconds
[2024-05-02T22:50:02.527+0000] {processor.py:161} INFO - Started process (PID=2006) to work on /home/airflow/.local/lib/python3.12/site-packages/airflow/example_dags/example_python_operator.py
[2024-05-02T22:50:02.530+0000] {processor.py:830} INFO - Processing file /home/airflow/.local/lib/python3.12/site-packages/airflow/example_dags/example_python_operator.py for tasks to queue
[2024-05-02T22:50:02.535+0000] {logging_mixin.py:188} INFO - [2024-05-02T22:50:02.534+0000] {dagbag.py:540} INFO - Filling up the DagBag from /home/airflow/.local/lib/python3.12/site-packages/airflow/example_dags/example_python_operator.py
[2024-05-02T22:50:02.593+0000] {processor.py:840} INFO - DAG(s) 'example_python_operator' retrieved from /home/airflow/.local/lib/python3.12/site-packages/airflow/example_dags/example_python_operator.py
[2024-05-02T22:50:02.653+0000] {logging_mixin.py:188} INFO - [2024-05-02T22:50:02.652+0000] {dag.py:3096} INFO - Sync 1 DAGs
[2024-05-02T22:50:02.683+0000] {logging_mixin.py:188} INFO - [2024-05-02T22:50:02.683+0000] {dag.py:3954} INFO - Setting next_dagrun for example_python_operator to None, run_after=None
[2024-05-02T22:50:02.724+0000] {processor.py:183} INFO - Processing /home/airflow/.local/lib/python3.12/site-packages/airflow/example_dags/example_python_operator.py took 0.232 seconds
[2024-05-02T22:50:33.454+0000] {processor.py:161} INFO - Started process (PID=2065) to work on /home/airflow/.local/lib/python3.12/site-packages/airflow/example_dags/example_python_operator.py
[2024-05-02T22:50:33.455+0000] {processor.py:830} INFO - Processing file /home/airflow/.local/lib/python3.12/site-packages/airflow/example_dags/example_python_operator.py for tasks to queue
[2024-05-02T22:50:33.458+0000] {logging_mixin.py:188} INFO - [2024-05-02T22:50:33.458+0000] {dagbag.py:540} INFO - Filling up the DagBag from /home/airflow/.local/lib/python3.12/site-packages/airflow/example_dags/example_python_operator.py
[2024-05-02T22:50:33.477+0000] {processor.py:840} INFO - DAG(s) 'example_python_operator' retrieved from /home/airflow/.local/lib/python3.12/site-packages/airflow/example_dags/example_python_operator.py
[2024-05-02T22:50:33.526+0000] {logging_mixin.py:188} INFO - [2024-05-02T22:50:33.525+0000] {dag.py:3096} INFO - Sync 1 DAGs
[2024-05-02T22:50:33.559+0000] {logging_mixin.py:188} INFO - [2024-05-02T22:50:33.559+0000] {dag.py:3954} INFO - Setting next_dagrun for example_python_operator to None, run_after=None
[2024-05-02T22:50:33.597+0000] {processor.py:183} INFO - Processing /home/airflow/.local/lib/python3.12/site-packages/airflow/example_dags/example_python_operator.py took 0.155 seconds
[2024-05-02T22:51:03.800+0000] {processor.py:161} INFO - Started process (PID=2123) to work on /home/airflow/.local/lib/python3.12/site-packages/airflow/example_dags/example_python_operator.py
[2024-05-02T22:51:03.802+0000] {processor.py:830} INFO - Processing file /home/airflow/.local/lib/python3.12/site-packages/airflow/example_dags/example_python_operator.py for tasks to queue
[2024-05-02T22:51:03.807+0000] {logging_mixin.py:188} INFO - [2024-05-02T22:51:03.806+0000] {dagbag.py:540} INFO - Filling up the DagBag from /home/airflow/.local/lib/python3.12/site-packages/airflow/example_dags/example_python_operator.py
[2024-05-02T22:51:03.840+0000] {processor.py:840} INFO - DAG(s) 'example_python_operator' retrieved from /home/airflow/.local/lib/python3.12/site-packages/airflow/example_dags/example_python_operator.py
[2024-05-02T22:51:03.904+0000] {logging_mixin.py:188} INFO - [2024-05-02T22:51:03.904+0000] {dag.py:3096} INFO - Sync 1 DAGs
[2024-05-02T22:51:03.931+0000] {logging_mixin.py:188} INFO - [2024-05-02T22:51:03.931+0000] {dag.py:3954} INFO - Setting next_dagrun for example_python_operator to None, run_after=None
[2024-05-02T22:51:03.966+0000] {processor.py:183} INFO - Processing /home/airflow/.local/lib/python3.12/site-packages/airflow/example_dags/example_python_operator.py took 0.180 seconds
[2024-05-02T22:51:34.734+0000] {processor.py:161} INFO - Started process (PID=2182) to work on /home/airflow/.local/lib/python3.12/site-packages/airflow/example_dags/example_python_operator.py
[2024-05-02T22:51:34.737+0000] {processor.py:830} INFO - Processing file /home/airflow/.local/lib/python3.12/site-packages/airflow/example_dags/example_python_operator.py for tasks to queue
[2024-05-02T22:51:34.742+0000] {logging_mixin.py:188} INFO - [2024-05-02T22:51:34.742+0000] {dagbag.py:540} INFO - Filling up the DagBag from /home/airflow/.local/lib/python3.12/site-packages/airflow/example_dags/example_python_operator.py
[2024-05-02T22:51:34.771+0000] {processor.py:840} INFO - DAG(s) 'example_python_operator' retrieved from /home/airflow/.local/lib/python3.12/site-packages/airflow/example_dags/example_python_operator.py
[2024-05-02T22:51:34.882+0000] {logging_mixin.py:188} INFO - [2024-05-02T22:51:34.881+0000] {dag.py:3096} INFO - Sync 1 DAGs
[2024-05-02T22:51:34.926+0000] {logging_mixin.py:188} INFO - [2024-05-02T22:51:34.926+0000] {dag.py:3954} INFO - Setting next_dagrun for example_python_operator to None, run_after=None
[2024-05-02T22:51:34.987+0000] {processor.py:183} INFO - Processing /home/airflow/.local/lib/python3.12/site-packages/airflow/example_dags/example_python_operator.py took 0.267 seconds
[2024-05-02T22:52:05.108+0000] {processor.py:161} INFO - Started process (PID=2241) to work on /home/airflow/.local/lib/python3.12/site-packages/airflow/example_dags/example_python_operator.py
[2024-05-02T22:52:05.109+0000] {processor.py:830} INFO - Processing file /home/airflow/.local/lib/python3.12/site-packages/airflow/example_dags/example_python_operator.py for tasks to queue
[2024-05-02T22:52:05.113+0000] {logging_mixin.py:188} INFO - [2024-05-02T22:52:05.113+0000] {dagbag.py:540} INFO - Filling up the DagBag from /home/airflow/.local/lib/python3.12/site-packages/airflow/example_dags/example_python_operator.py
[2024-05-02T22:52:05.131+0000] {processor.py:840} INFO - DAG(s) 'example_python_operator' retrieved from /home/airflow/.local/lib/python3.12/site-packages/airflow/example_dags/example_python_operator.py
[2024-05-02T22:52:05.171+0000] {logging_mixin.py:188} INFO - [2024-05-02T22:52:05.170+0000] {dag.py:3096} INFO - Sync 1 DAGs
[2024-05-02T22:52:05.196+0000] {logging_mixin.py:188} INFO - [2024-05-02T22:52:05.195+0000] {dag.py:3954} INFO - Setting next_dagrun for example_python_operator to None, run_after=None
[2024-05-02T22:52:05.235+0000] {processor.py:183} INFO - Processing /home/airflow/.local/lib/python3.12/site-packages/airflow/example_dags/example_python_operator.py took 0.138 seconds
[2024-05-02T22:52:38.513+0000] {processor.py:161} INFO - Started process (PID=2310) to work on /home/airflow/.local/lib/python3.12/site-packages/airflow/example_dags/example_python_operator.py
[2024-05-02T22:52:38.517+0000] {processor.py:830} INFO - Processing file /home/airflow/.local/lib/python3.12/site-packages/airflow/example_dags/example_python_operator.py for tasks to queue
[2024-05-02T22:52:38.531+0000] {logging_mixin.py:188} INFO - [2024-05-02T22:52:38.531+0000] {dagbag.py:540} INFO - Filling up the DagBag from /home/airflow/.local/lib/python3.12/site-packages/airflow/example_dags/example_python_operator.py
[2024-05-02T22:52:38.597+0000] {processor.py:840} INFO - DAG(s) 'example_python_operator' retrieved from /home/airflow/.local/lib/python3.12/site-packages/airflow/example_dags/example_python_operator.py
[2024-05-02T22:52:38.865+0000] {logging_mixin.py:188} INFO - [2024-05-02T22:52:38.851+0000] {dag.py:3096} INFO - Sync 1 DAGs
[2024-05-02T22:52:38.981+0000] {logging_mixin.py:188} INFO - [2024-05-02T22:52:38.980+0000] {dag.py:3954} INFO - Setting next_dagrun for example_python_operator to None, run_after=None
[2024-05-02T22:52:39.201+0000] {processor.py:183} INFO - Processing /home/airflow/.local/lib/python3.12/site-packages/airflow/example_dags/example_python_operator.py took 0.775 seconds
[2024-05-02T22:53:09.340+0000] {processor.py:161} INFO - Started process (PID=2368) to work on /home/airflow/.local/lib/python3.12/site-packages/airflow/example_dags/example_python_operator.py
[2024-05-02T22:53:09.342+0000] {processor.py:830} INFO - Processing file /home/airflow/.local/lib/python3.12/site-packages/airflow/example_dags/example_python_operator.py for tasks to queue
[2024-05-02T22:53:09.346+0000] {logging_mixin.py:188} INFO - [2024-05-02T22:53:09.345+0000] {dagbag.py:540} INFO - Filling up the DagBag from /home/airflow/.local/lib/python3.12/site-packages/airflow/example_dags/example_python_operator.py
[2024-05-02T22:53:09.372+0000] {processor.py:840} INFO - DAG(s) 'example_python_operator' retrieved from /home/airflow/.local/lib/python3.12/site-packages/airflow/example_dags/example_python_operator.py
[2024-05-02T22:53:09.440+0000] {logging_mixin.py:188} INFO - [2024-05-02T22:53:09.440+0000] {dag.py:3096} INFO - Sync 1 DAGs
[2024-05-02T22:53:09.477+0000] {logging_mixin.py:188} INFO - [2024-05-02T22:53:09.477+0000] {dag.py:3954} INFO - Setting next_dagrun for example_python_operator to None, run_after=None
[2024-05-02T22:53:09.529+0000] {processor.py:183} INFO - Processing /home/airflow/.local/lib/python3.12/site-packages/airflow/example_dags/example_python_operator.py took 0.203 seconds
[2024-05-02T22:53:39.812+0000] {processor.py:161} INFO - Started process (PID=2427) to work on /home/airflow/.local/lib/python3.12/site-packages/airflow/example_dags/example_python_operator.py
[2024-05-02T22:53:39.814+0000] {processor.py:830} INFO - Processing file /home/airflow/.local/lib/python3.12/site-packages/airflow/example_dags/example_python_operator.py for tasks to queue
[2024-05-02T22:53:39.818+0000] {logging_mixin.py:188} INFO - [2024-05-02T22:53:39.818+0000] {dagbag.py:540} INFO - Filling up the DagBag from /home/airflow/.local/lib/python3.12/site-packages/airflow/example_dags/example_python_operator.py
[2024-05-02T22:53:39.832+0000] {processor.py:840} INFO - DAG(s) 'example_python_operator' retrieved from /home/airflow/.local/lib/python3.12/site-packages/airflow/example_dags/example_python_operator.py
[2024-05-02T22:53:39.873+0000] {logging_mixin.py:188} INFO - [2024-05-02T22:53:39.873+0000] {dag.py:3096} INFO - Sync 1 DAGs
[2024-05-02T22:53:39.909+0000] {logging_mixin.py:188} INFO - [2024-05-02T22:53:39.909+0000] {dag.py:3954} INFO - Setting next_dagrun for example_python_operator to None, run_after=None
[2024-05-02T22:53:39.958+0000] {processor.py:183} INFO - Processing /home/airflow/.local/lib/python3.12/site-packages/airflow/example_dags/example_python_operator.py took 0.161 seconds
[2024-05-02T22:54:10.438+0000] {processor.py:161} INFO - Started process (PID=2486) to work on /home/airflow/.local/lib/python3.12/site-packages/airflow/example_dags/example_python_operator.py
[2024-05-02T22:54:10.443+0000] {processor.py:830} INFO - Processing file /home/airflow/.local/lib/python3.12/site-packages/airflow/example_dags/example_python_operator.py for tasks to queue
[2024-05-02T22:54:10.452+0000] {logging_mixin.py:188} INFO - [2024-05-02T22:54:10.451+0000] {dagbag.py:540} INFO - Filling up the DagBag from /home/airflow/.local/lib/python3.12/site-packages/airflow/example_dags/example_python_operator.py
[2024-05-02T22:54:10.522+0000] {processor.py:840} INFO - DAG(s) 'example_python_operator' retrieved from /home/airflow/.local/lib/python3.12/site-packages/airflow/example_dags/example_python_operator.py
[2024-05-02T22:54:10.570+0000] {logging_mixin.py:188} INFO - [2024-05-02T22:54:10.569+0000] {dag.py:3096} INFO - Sync 1 DAGs
[2024-05-02T22:54:10.643+0000] {logging_mixin.py:188} INFO - [2024-05-02T22:54:10.643+0000] {dag.py:3954} INFO - Setting next_dagrun for example_python_operator to None, run_after=None
[2024-05-02T22:54:10.862+0000] {processor.py:183} INFO - Processing /home/airflow/.local/lib/python3.12/site-packages/airflow/example_dags/example_python_operator.py took 0.443 seconds
[2024-05-02T22:54:43.137+0000] {processor.py:161} INFO - Started process (PID=2546) to work on /home/airflow/.local/lib/python3.12/site-packages/airflow/example_dags/example_python_operator.py
[2024-05-02T22:54:43.139+0000] {processor.py:830} INFO - Processing file /home/airflow/.local/lib/python3.12/site-packages/airflow/example_dags/example_python_operator.py for tasks to queue
[2024-05-02T22:54:43.144+0000] {logging_mixin.py:188} INFO - [2024-05-02T22:54:43.143+0000] {dagbag.py:540} INFO - Filling up the DagBag from /home/airflow/.local/lib/python3.12/site-packages/airflow/example_dags/example_python_operator.py
[2024-05-02T22:54:43.169+0000] {processor.py:840} INFO - DAG(s) 'example_python_operator' retrieved from /home/airflow/.local/lib/python3.12/site-packages/airflow/example_dags/example_python_operator.py
[2024-05-02T22:54:43.529+0000] {logging_mixin.py:188} INFO - [2024-05-02T22:54:43.529+0000] {dag.py:3096} INFO - Sync 1 DAGs
[2024-05-02T22:54:43.558+0000] {logging_mixin.py:188} INFO - [2024-05-02T22:54:43.557+0000] {dag.py:3954} INFO - Setting next_dagrun for example_python_operator to None, run_after=None
[2024-05-02T22:54:43.636+0000] {processor.py:183} INFO - Processing /home/airflow/.local/lib/python3.12/site-packages/airflow/example_dags/example_python_operator.py took 0.513 seconds
[2024-05-02T22:55:14.735+0000] {processor.py:161} INFO - Started process (PID=2606) to work on /home/airflow/.local/lib/python3.12/site-packages/airflow/example_dags/example_python_operator.py
[2024-05-02T22:55:14.736+0000] {processor.py:830} INFO - Processing file /home/airflow/.local/lib/python3.12/site-packages/airflow/example_dags/example_python_operator.py for tasks to queue
[2024-05-02T22:55:14.740+0000] {logging_mixin.py:188} INFO - [2024-05-02T22:55:14.739+0000] {dagbag.py:540} INFO - Filling up the DagBag from /home/airflow/.local/lib/python3.12/site-packages/airflow/example_dags/example_python_operator.py
[2024-05-02T22:55:14.770+0000] {processor.py:840} INFO - DAG(s) 'example_python_operator' retrieved from /home/airflow/.local/lib/python3.12/site-packages/airflow/example_dags/example_python_operator.py
[2024-05-02T22:55:14.835+0000] {logging_mixin.py:188} INFO - [2024-05-02T22:55:14.834+0000] {dag.py:3096} INFO - Sync 1 DAGs
[2024-05-02T22:55:14.867+0000] {logging_mixin.py:188} INFO - [2024-05-02T22:55:14.867+0000] {dag.py:3954} INFO - Setting next_dagrun for example_python_operator to None, run_after=None
[2024-05-02T22:55:14.920+0000] {processor.py:183} INFO - Processing /home/airflow/.local/lib/python3.12/site-packages/airflow/example_dags/example_python_operator.py took 0.198 seconds
[2024-05-02T22:55:48.876+0000] {processor.py:161} INFO - Started process (PID=2668) to work on /home/airflow/.local/lib/python3.12/site-packages/airflow/example_dags/example_python_operator.py
[2024-05-02T22:55:48.879+0000] {processor.py:830} INFO - Processing file /home/airflow/.local/lib/python3.12/site-packages/airflow/example_dags/example_python_operator.py for tasks to queue
[2024-05-02T22:55:48.902+0000] {logging_mixin.py:188} INFO - [2024-05-02T22:55:48.901+0000] {dagbag.py:540} INFO - Filling up the DagBag from /home/airflow/.local/lib/python3.12/site-packages/airflow/example_dags/example_python_operator.py
[2024-05-02T22:55:48.942+0000] {processor.py:840} INFO - DAG(s) 'example_python_operator' retrieved from /home/airflow/.local/lib/python3.12/site-packages/airflow/example_dags/example_python_operator.py
[2024-05-02T22:55:49.037+0000] {logging_mixin.py:188} INFO - [2024-05-02T22:55:49.036+0000] {dag.py:3096} INFO - Sync 1 DAGs
[2024-05-02T22:55:49.083+0000] {logging_mixin.py:188} INFO - [2024-05-02T22:55:49.083+0000] {dag.py:3954} INFO - Setting next_dagrun for example_python_operator to None, run_after=None
[2024-05-02T22:55:49.166+0000] {processor.py:183} INFO - Processing /home/airflow/.local/lib/python3.12/site-packages/airflow/example_dags/example_python_operator.py took 0.318 seconds
[2024-05-02T22:57:13.334+0000] {processor.py:161} INFO - Started process (PID=75) to work on /home/airflow/.local/lib/python3.12/site-packages/airflow/example_dags/example_python_operator.py
[2024-05-02T22:57:13.336+0000] {processor.py:830} INFO - Processing file /home/airflow/.local/lib/python3.12/site-packages/airflow/example_dags/example_python_operator.py for tasks to queue
[2024-05-02T22:57:13.339+0000] {logging_mixin.py:188} INFO - [2024-05-02T22:57:13.338+0000] {dagbag.py:540} INFO - Filling up the DagBag from /home/airflow/.local/lib/python3.12/site-packages/airflow/example_dags/example_python_operator.py
[2024-05-02T22:57:13.357+0000] {processor.py:840} INFO - DAG(s) 'example_python_operator' retrieved from /home/airflow/.local/lib/python3.12/site-packages/airflow/example_dags/example_python_operator.py
[2024-05-02T22:57:13.706+0000] {logging_mixin.py:188} INFO - [2024-05-02T22:57:13.705+0000] {dag.py:3096} INFO - Sync 1 DAGs
[2024-05-02T22:57:13.728+0000] {logging_mixin.py:188} INFO - [2024-05-02T22:57:13.727+0000] {dag.py:3954} INFO - Setting next_dagrun for example_python_operator to None, run_after=None
[2024-05-02T22:57:13.806+0000] {processor.py:183} INFO - Processing /home/airflow/.local/lib/python3.12/site-packages/airflow/example_dags/example_python_operator.py took 0.484 seconds
[2024-05-02T22:58:06.014+0000] {processor.py:161} INFO - Started process (PID=144) to work on /home/airflow/.local/lib/python3.12/site-packages/airflow/example_dags/example_python_operator.py
[2024-05-02T22:58:06.017+0000] {processor.py:830} INFO - Processing file /home/airflow/.local/lib/python3.12/site-packages/airflow/example_dags/example_python_operator.py for tasks to queue
[2024-05-02T22:58:06.021+0000] {logging_mixin.py:188} INFO - [2024-05-02T22:58:06.021+0000] {dagbag.py:540} INFO - Filling up the DagBag from /home/airflow/.local/lib/python3.12/site-packages/airflow/example_dags/example_python_operator.py
[2024-05-02T22:58:06.056+0000] {processor.py:840} INFO - DAG(s) 'example_python_operator' retrieved from /home/airflow/.local/lib/python3.12/site-packages/airflow/example_dags/example_python_operator.py
[2024-05-02T22:58:06.179+0000] {logging_mixin.py:188} INFO - [2024-05-02T22:58:06.178+0000] {dag.py:3096} INFO - Sync 1 DAGs
[2024-05-02T22:58:06.258+0000] {logging_mixin.py:188} INFO - [2024-05-02T22:58:06.257+0000] {dag.py:3954} INFO - Setting next_dagrun for example_python_operator to None, run_after=None
[2024-05-02T22:58:06.331+0000] {processor.py:183} INFO - Processing /home/airflow/.local/lib/python3.12/site-packages/airflow/example_dags/example_python_operator.py took 0.328 seconds
[2024-05-02T22:58:48.784+0000] {processor.py:161} INFO - Started process (PID=208) to work on /home/airflow/.local/lib/python3.12/site-packages/airflow/example_dags/example_python_operator.py
[2024-05-02T22:58:48.790+0000] {processor.py:830} INFO - Processing file /home/airflow/.local/lib/python3.12/site-packages/airflow/example_dags/example_python_operator.py for tasks to queue
[2024-05-02T22:58:48.796+0000] {logging_mixin.py:188} INFO - [2024-05-02T22:58:48.795+0000] {dagbag.py:540} INFO - Filling up the DagBag from /home/airflow/.local/lib/python3.12/site-packages/airflow/example_dags/example_python_operator.py
[2024-05-02T22:58:48.869+0000] {processor.py:840} INFO - DAG(s) 'example_python_operator' retrieved from /home/airflow/.local/lib/python3.12/site-packages/airflow/example_dags/example_python_operator.py
[2024-05-02T22:58:48.994+0000] {logging_mixin.py:188} INFO - [2024-05-02T22:58:48.994+0000] {dag.py:3096} INFO - Sync 1 DAGs
[2024-05-02T22:58:49.066+0000] {logging_mixin.py:188} INFO - [2024-05-02T22:58:49.065+0000] {dag.py:3954} INFO - Setting next_dagrun for example_python_operator to None, run_after=None
[2024-05-02T22:58:49.301+0000] {processor.py:183} INFO - Processing /home/airflow/.local/lib/python3.12/site-packages/airflow/example_dags/example_python_operator.py took 0.538 seconds
[2024-05-02T22:59:19.522+0000] {processor.py:161} INFO - Started process (PID=266) to work on /home/airflow/.local/lib/python3.12/site-packages/airflow/example_dags/example_python_operator.py
[2024-05-02T22:59:19.526+0000] {processor.py:830} INFO - Processing file /home/airflow/.local/lib/python3.12/site-packages/airflow/example_dags/example_python_operator.py for tasks to queue
[2024-05-02T22:59:19.546+0000] {logging_mixin.py:188} INFO - [2024-05-02T22:59:19.545+0000] {dagbag.py:540} INFO - Filling up the DagBag from /home/airflow/.local/lib/python3.12/site-packages/airflow/example_dags/example_python_operator.py
[2024-05-02T22:59:19.630+0000] {processor.py:840} INFO - DAG(s) 'example_python_operator' retrieved from /home/airflow/.local/lib/python3.12/site-packages/airflow/example_dags/example_python_operator.py
[2024-05-02T22:59:19.781+0000] {logging_mixin.py:188} INFO - [2024-05-02T22:59:19.780+0000] {dag.py:3096} INFO - Sync 1 DAGs
[2024-05-02T22:59:20.003+0000] {logging_mixin.py:188} INFO - [2024-05-02T22:59:19.998+0000] {dag.py:3954} INFO - Setting next_dagrun for example_python_operator to None, run_after=None
[2024-05-02T22:59:20.118+0000] {processor.py:183} INFO - Processing /home/airflow/.local/lib/python3.12/site-packages/airflow/example_dags/example_python_operator.py took 0.639 seconds
[2024-05-02T22:59:50.702+0000] {processor.py:161} INFO - Started process (PID=329) to work on /home/airflow/.local/lib/python3.12/site-packages/airflow/example_dags/example_python_operator.py
[2024-05-02T22:59:50.712+0000] {processor.py:830} INFO - Processing file /home/airflow/.local/lib/python3.12/site-packages/airflow/example_dags/example_python_operator.py for tasks to queue
[2024-05-02T22:59:50.721+0000] {logging_mixin.py:188} INFO - [2024-05-02T22:59:50.720+0000] {dagbag.py:540} INFO - Filling up the DagBag from /home/airflow/.local/lib/python3.12/site-packages/airflow/example_dags/example_python_operator.py
[2024-05-02T22:59:50.815+0000] {processor.py:840} INFO - DAG(s) 'example_python_operator' retrieved from /home/airflow/.local/lib/python3.12/site-packages/airflow/example_dags/example_python_operator.py
[2024-05-02T22:59:50.969+0000] {logging_mixin.py:188} INFO - [2024-05-02T22:59:50.968+0000] {dag.py:3096} INFO - Sync 1 DAGs
[2024-05-02T22:59:51.074+0000] {logging_mixin.py:188} INFO - [2024-05-02T22:59:51.073+0000] {dag.py:3954} INFO - Setting next_dagrun for example_python_operator to None, run_after=None
[2024-05-02T22:59:51.290+0000] {processor.py:183} INFO - Processing /home/airflow/.local/lib/python3.12/site-packages/airflow/example_dags/example_python_operator.py took 0.639 seconds
[2024-05-02T23:00:22.674+0000] {processor.py:161} INFO - Started process (PID=387) to work on /home/airflow/.local/lib/python3.12/site-packages/airflow/example_dags/example_python_operator.py
[2024-05-02T23:00:22.738+0000] {processor.py:830} INFO - Processing file /home/airflow/.local/lib/python3.12/site-packages/airflow/example_dags/example_python_operator.py for tasks to queue
[2024-05-02T23:00:22.743+0000] {logging_mixin.py:188} INFO - [2024-05-02T23:00:22.742+0000] {dagbag.py:540} INFO - Filling up the DagBag from /home/airflow/.local/lib/python3.12/site-packages/airflow/example_dags/example_python_operator.py
[2024-05-02T23:00:22.805+0000] {processor.py:840} INFO - DAG(s) 'example_python_operator' retrieved from /home/airflow/.local/lib/python3.12/site-packages/airflow/example_dags/example_python_operator.py
[2024-05-02T23:00:22.940+0000] {logging_mixin.py:188} INFO - [2024-05-02T23:00:22.940+0000] {dag.py:3096} INFO - Sync 1 DAGs
[2024-05-02T23:00:23.054+0000] {logging_mixin.py:188} INFO - [2024-05-02T23:00:23.054+0000] {dag.py:3954} INFO - Setting next_dagrun for example_python_operator to None, run_after=None
[2024-05-02T23:00:23.262+0000] {processor.py:183} INFO - Processing /home/airflow/.local/lib/python3.12/site-packages/airflow/example_dags/example_python_operator.py took 0.643 seconds
[2024-05-02T23:00:53.954+0000] {processor.py:161} INFO - Started process (PID=446) to work on /home/airflow/.local/lib/python3.12/site-packages/airflow/example_dags/example_python_operator.py
[2024-05-02T23:00:53.956+0000] {processor.py:830} INFO - Processing file /home/airflow/.local/lib/python3.12/site-packages/airflow/example_dags/example_python_operator.py for tasks to queue
[2024-05-02T23:00:53.961+0000] {logging_mixin.py:188} INFO - [2024-05-02T23:00:53.960+0000] {dagbag.py:540} INFO - Filling up the DagBag from /home/airflow/.local/lib/python3.12/site-packages/airflow/example_dags/example_python_operator.py
[2024-05-02T23:00:53.994+0000] {processor.py:840} INFO - DAG(s) 'example_python_operator' retrieved from /home/airflow/.local/lib/python3.12/site-packages/airflow/example_dags/example_python_operator.py
[2024-05-02T23:00:54.066+0000] {logging_mixin.py:188} INFO - [2024-05-02T23:00:54.066+0000] {dag.py:3096} INFO - Sync 1 DAGs
[2024-05-02T23:00:54.118+0000] {logging_mixin.py:188} INFO - [2024-05-02T23:00:54.117+0000] {dag.py:3954} INFO - Setting next_dagrun for example_python_operator to None, run_after=None
[2024-05-02T23:00:54.206+0000] {processor.py:183} INFO - Processing /home/airflow/.local/lib/python3.12/site-packages/airflow/example_dags/example_python_operator.py took 0.269 seconds
[2024-05-02T23:01:24.344+0000] {processor.py:161} INFO - Started process (PID=506) to work on /home/airflow/.local/lib/python3.12/site-packages/airflow/example_dags/example_python_operator.py
[2024-05-02T23:01:24.346+0000] {processor.py:830} INFO - Processing file /home/airflow/.local/lib/python3.12/site-packages/airflow/example_dags/example_python_operator.py for tasks to queue
[2024-05-02T23:01:24.350+0000] {logging_mixin.py:188} INFO - [2024-05-02T23:01:24.350+0000] {dagbag.py:540} INFO - Filling up the DagBag from /home/airflow/.local/lib/python3.12/site-packages/airflow/example_dags/example_python_operator.py
[2024-05-02T23:01:24.376+0000] {processor.py:840} INFO - DAG(s) 'example_python_operator' retrieved from /home/airflow/.local/lib/python3.12/site-packages/airflow/example_dags/example_python_operator.py
[2024-05-02T23:01:24.441+0000] {logging_mixin.py:188} INFO - [2024-05-02T23:01:24.440+0000] {dag.py:3096} INFO - Sync 1 DAGs
[2024-05-02T23:01:24.476+0000] {logging_mixin.py:188} INFO - [2024-05-02T23:01:24.476+0000] {dag.py:3954} INFO - Setting next_dagrun for example_python_operator to None, run_after=None
[2024-05-02T23:01:24.530+0000] {processor.py:183} INFO - Processing /home/airflow/.local/lib/python3.12/site-packages/airflow/example_dags/example_python_operator.py took 0.198 seconds
[2024-05-02T23:01:55.385+0000] {processor.py:161} INFO - Started process (PID=565) to work on /home/airflow/.local/lib/python3.12/site-packages/airflow/example_dags/example_python_operator.py
[2024-05-02T23:01:55.387+0000] {processor.py:830} INFO - Processing file /home/airflow/.local/lib/python3.12/site-packages/airflow/example_dags/example_python_operator.py for tasks to queue
[2024-05-02T23:01:55.391+0000] {logging_mixin.py:188} INFO - [2024-05-02T23:01:55.390+0000] {dagbag.py:540} INFO - Filling up the DagBag from /home/airflow/.local/lib/python3.12/site-packages/airflow/example_dags/example_python_operator.py
[2024-05-02T23:01:55.413+0000] {processor.py:840} INFO - DAG(s) 'example_python_operator' retrieved from /home/airflow/.local/lib/python3.12/site-packages/airflow/example_dags/example_python_operator.py
[2024-05-02T23:01:55.458+0000] {logging_mixin.py:188} INFO - [2024-05-02T23:01:55.458+0000] {dag.py:3096} INFO - Sync 1 DAGs
[2024-05-02T23:01:55.487+0000] {logging_mixin.py:188} INFO - [2024-05-02T23:01:55.487+0000] {dag.py:3954} INFO - Setting next_dagrun for example_python_operator to None, run_after=None
[2024-05-02T23:01:55.537+0000] {processor.py:183} INFO - Processing /home/airflow/.local/lib/python3.12/site-packages/airflow/example_dags/example_python_operator.py took 0.164 seconds
[2024-05-02T23:02:25.972+0000] {processor.py:161} INFO - Started process (PID=623) to work on /home/airflow/.local/lib/python3.12/site-packages/airflow/example_dags/example_python_operator.py
[2024-05-02T23:02:25.974+0000] {processor.py:830} INFO - Processing file /home/airflow/.local/lib/python3.12/site-packages/airflow/example_dags/example_python_operator.py for tasks to queue
[2024-05-02T23:02:25.978+0000] {logging_mixin.py:188} INFO - [2024-05-02T23:02:25.978+0000] {dagbag.py:540} INFO - Filling up the DagBag from /home/airflow/.local/lib/python3.12/site-packages/airflow/example_dags/example_python_operator.py
[2024-05-02T23:02:26.004+0000] {processor.py:840} INFO - DAG(s) 'example_python_operator' retrieved from /home/airflow/.local/lib/python3.12/site-packages/airflow/example_dags/example_python_operator.py
[2024-05-02T23:02:26.062+0000] {logging_mixin.py:188} INFO - [2024-05-02T23:02:26.062+0000] {dag.py:3096} INFO - Sync 1 DAGs
[2024-05-02T23:02:26.104+0000] {logging_mixin.py:188} INFO - [2024-05-02T23:02:26.103+0000] {dag.py:3954} INFO - Setting next_dagrun for example_python_operator to None, run_after=None
[2024-05-02T23:02:26.159+0000] {processor.py:183} INFO - Processing /home/airflow/.local/lib/python3.12/site-packages/airflow/example_dags/example_python_operator.py took 0.200 seconds
[2024-05-02T23:02:56.572+0000] {processor.py:161} INFO - Started process (PID=682) to work on /home/airflow/.local/lib/python3.12/site-packages/airflow/example_dags/example_python_operator.py
[2024-05-02T23:02:56.574+0000] {processor.py:830} INFO - Processing file /home/airflow/.local/lib/python3.12/site-packages/airflow/example_dags/example_python_operator.py for tasks to queue
[2024-05-02T23:02:56.578+0000] {logging_mixin.py:188} INFO - [2024-05-02T23:02:56.577+0000] {dagbag.py:540} INFO - Filling up the DagBag from /home/airflow/.local/lib/python3.12/site-packages/airflow/example_dags/example_python_operator.py
[2024-05-02T23:02:56.599+0000] {processor.py:840} INFO - DAG(s) 'example_python_operator' retrieved from /home/airflow/.local/lib/python3.12/site-packages/airflow/example_dags/example_python_operator.py
[2024-05-02T23:02:56.660+0000] {logging_mixin.py:188} INFO - [2024-05-02T23:02:56.659+0000] {dag.py:3096} INFO - Sync 1 DAGs
[2024-05-02T23:02:56.724+0000] {logging_mixin.py:188} INFO - [2024-05-02T23:02:56.723+0000] {dag.py:3954} INFO - Setting next_dagrun for example_python_operator to None, run_after=None
[2024-05-02T23:02:56.792+0000] {processor.py:183} INFO - Processing /home/airflow/.local/lib/python3.12/site-packages/airflow/example_dags/example_python_operator.py took 0.229 seconds
[2024-05-02T23:03:27.275+0000] {processor.py:161} INFO - Started process (PID=747) to work on /home/airflow/.local/lib/python3.12/site-packages/airflow/example_dags/example_python_operator.py
[2024-05-02T23:03:27.277+0000] {processor.py:830} INFO - Processing file /home/airflow/.local/lib/python3.12/site-packages/airflow/example_dags/example_python_operator.py for tasks to queue
[2024-05-02T23:03:27.283+0000] {logging_mixin.py:188} INFO - [2024-05-02T23:03:27.282+0000] {dagbag.py:540} INFO - Filling up the DagBag from /home/airflow/.local/lib/python3.12/site-packages/airflow/example_dags/example_python_operator.py
[2024-05-02T23:03:27.322+0000] {processor.py:840} INFO - DAG(s) 'example_python_operator' retrieved from /home/airflow/.local/lib/python3.12/site-packages/airflow/example_dags/example_python_operator.py
[2024-05-02T23:03:27.395+0000] {logging_mixin.py:188} INFO - [2024-05-02T23:03:27.394+0000] {dag.py:3096} INFO - Sync 1 DAGs
[2024-05-02T23:03:27.453+0000] {logging_mixin.py:188} INFO - [2024-05-02T23:03:27.452+0000] {dag.py:3954} INFO - Setting next_dagrun for example_python_operator to None, run_after=None
[2024-05-02T23:03:27.545+0000] {processor.py:183} INFO - Processing /home/airflow/.local/lib/python3.12/site-packages/airflow/example_dags/example_python_operator.py took 0.287 seconds
[2024-05-02T23:03:57.943+0000] {processor.py:161} INFO - Started process (PID=806) to work on /home/airflow/.local/lib/python3.12/site-packages/airflow/example_dags/example_python_operator.py
[2024-05-02T23:03:57.945+0000] {processor.py:830} INFO - Processing file /home/airflow/.local/lib/python3.12/site-packages/airflow/example_dags/example_python_operator.py for tasks to queue
[2024-05-02T23:03:57.950+0000] {logging_mixin.py:188} INFO - [2024-05-02T23:03:57.949+0000] {dagbag.py:540} INFO - Filling up the DagBag from /home/airflow/.local/lib/python3.12/site-packages/airflow/example_dags/example_python_operator.py
[2024-05-02T23:03:57.978+0000] {processor.py:840} INFO - DAG(s) 'example_python_operator' retrieved from /home/airflow/.local/lib/python3.12/site-packages/airflow/example_dags/example_python_operator.py
[2024-05-02T23:03:58.037+0000] {logging_mixin.py:188} INFO - [2024-05-02T23:03:58.036+0000] {dag.py:3096} INFO - Sync 1 DAGs
[2024-05-02T23:03:58.080+0000] {logging_mixin.py:188} INFO - [2024-05-02T23:03:58.079+0000] {dag.py:3954} INFO - Setting next_dagrun for example_python_operator to None, run_after=None
[2024-05-02T23:03:58.121+0000] {processor.py:183} INFO - Processing /home/airflow/.local/lib/python3.12/site-packages/airflow/example_dags/example_python_operator.py took 0.190 seconds
[2024-05-02T23:04:28.794+0000] {processor.py:161} INFO - Started process (PID=865) to work on /home/airflow/.local/lib/python3.12/site-packages/airflow/example_dags/example_python_operator.py
[2024-05-02T23:04:28.796+0000] {processor.py:830} INFO - Processing file /home/airflow/.local/lib/python3.12/site-packages/airflow/example_dags/example_python_operator.py for tasks to queue
[2024-05-02T23:04:28.799+0000] {logging_mixin.py:188} INFO - [2024-05-02T23:04:28.799+0000] {dagbag.py:540} INFO - Filling up the DagBag from /home/airflow/.local/lib/python3.12/site-packages/airflow/example_dags/example_python_operator.py
[2024-05-02T23:04:28.821+0000] {processor.py:840} INFO - DAG(s) 'example_python_operator' retrieved from /home/airflow/.local/lib/python3.12/site-packages/airflow/example_dags/example_python_operator.py
[2024-05-02T23:04:28.886+0000] {logging_mixin.py:188} INFO - [2024-05-02T23:04:28.885+0000] {dag.py:3096} INFO - Sync 1 DAGs
[2024-05-02T23:04:28.921+0000] {logging_mixin.py:188} INFO - [2024-05-02T23:04:28.921+0000] {dag.py:3954} INFO - Setting next_dagrun for example_python_operator to None, run_after=None
[2024-05-02T23:04:28.971+0000] {processor.py:183} INFO - Processing /home/airflow/.local/lib/python3.12/site-packages/airflow/example_dags/example_python_operator.py took 0.189 seconds
[2024-05-02T23:04:59.914+0000] {processor.py:161} INFO - Started process (PID=924) to work on /home/airflow/.local/lib/python3.12/site-packages/airflow/example_dags/example_python_operator.py
[2024-05-02T23:04:59.916+0000] {processor.py:830} INFO - Processing file /home/airflow/.local/lib/python3.12/site-packages/airflow/example_dags/example_python_operator.py for tasks to queue
[2024-05-02T23:04:59.920+0000] {logging_mixin.py:188} INFO - [2024-05-02T23:04:59.919+0000] {dagbag.py:540} INFO - Filling up the DagBag from /home/airflow/.local/lib/python3.12/site-packages/airflow/example_dags/example_python_operator.py
[2024-05-02T23:04:59.954+0000] {processor.py:840} INFO - DAG(s) 'example_python_operator' retrieved from /home/airflow/.local/lib/python3.12/site-packages/airflow/example_dags/example_python_operator.py
[2024-05-02T23:05:00.115+0000] {logging_mixin.py:188} INFO - [2024-05-02T23:05:00.114+0000] {dag.py:3096} INFO - Sync 1 DAGs
[2024-05-02T23:05:00.611+0000] {logging_mixin.py:188} INFO - [2024-05-02T23:05:00.610+0000] {dag.py:3954} INFO - Setting next_dagrun for example_python_operator to None, run_after=None
[2024-05-02T23:05:00.771+0000] {processor.py:183} INFO - Processing /home/airflow/.local/lib/python3.12/site-packages/airflow/example_dags/example_python_operator.py took 0.870 seconds
[2024-05-02T23:05:31.307+0000] {processor.py:161} INFO - Started process (PID=982) to work on /home/airflow/.local/lib/python3.12/site-packages/airflow/example_dags/example_python_operator.py
[2024-05-02T23:05:31.310+0000] {processor.py:830} INFO - Processing file /home/airflow/.local/lib/python3.12/site-packages/airflow/example_dags/example_python_operator.py for tasks to queue
[2024-05-02T23:05:31.321+0000] {logging_mixin.py:188} INFO - [2024-05-02T23:05:31.320+0000] {dagbag.py:540} INFO - Filling up the DagBag from /home/airflow/.local/lib/python3.12/site-packages/airflow/example_dags/example_python_operator.py
[2024-05-02T23:05:31.374+0000] {processor.py:840} INFO - DAG(s) 'example_python_operator' retrieved from /home/airflow/.local/lib/python3.12/site-packages/airflow/example_dags/example_python_operator.py
[2024-05-02T23:05:31.526+0000] {logging_mixin.py:188} INFO - [2024-05-02T23:05:31.519+0000] {dag.py:3096} INFO - Sync 1 DAGs
[2024-05-02T23:05:31.654+0000] {logging_mixin.py:188} INFO - [2024-05-02T23:05:31.653+0000] {dag.py:3954} INFO - Setting next_dagrun for example_python_operator to None, run_after=None
[2024-05-02T23:05:31.804+0000] {processor.py:183} INFO - Processing /home/airflow/.local/lib/python3.12/site-packages/airflow/example_dags/example_python_operator.py took 0.519 seconds
[2024-05-02T23:06:02.495+0000] {processor.py:161} INFO - Started process (PID=1041) to work on /home/airflow/.local/lib/python3.12/site-packages/airflow/example_dags/example_python_operator.py
[2024-05-02T23:06:02.511+0000] {processor.py:830} INFO - Processing file /home/airflow/.local/lib/python3.12/site-packages/airflow/example_dags/example_python_operator.py for tasks to queue
[2024-05-02T23:06:02.529+0000] {logging_mixin.py:188} INFO - [2024-05-02T23:06:02.528+0000] {dagbag.py:540} INFO - Filling up the DagBag from /home/airflow/.local/lib/python3.12/site-packages/airflow/example_dags/example_python_operator.py
[2024-05-02T23:06:02.661+0000] {processor.py:840} INFO - DAG(s) 'example_python_operator' retrieved from /home/airflow/.local/lib/python3.12/site-packages/airflow/example_dags/example_python_operator.py
[2024-05-02T23:06:02.956+0000] {logging_mixin.py:188} INFO - [2024-05-02T23:06:02.955+0000] {dag.py:3096} INFO - Sync 1 DAGs
[2024-05-02T23:06:03.120+0000] {logging_mixin.py:188} INFO - [2024-05-02T23:06:03.119+0000] {dag.py:3954} INFO - Setting next_dagrun for example_python_operator to None, run_after=None
[2024-05-02T23:06:03.280+0000] {processor.py:183} INFO - Processing /home/airflow/.local/lib/python3.12/site-packages/airflow/example_dags/example_python_operator.py took 0.860 seconds
[2024-05-02T23:06:33.617+0000] {processor.py:161} INFO - Started process (PID=1100) to work on /home/airflow/.local/lib/python3.12/site-packages/airflow/example_dags/example_python_operator.py
[2024-05-02T23:06:33.621+0000] {processor.py:830} INFO - Processing file /home/airflow/.local/lib/python3.12/site-packages/airflow/example_dags/example_python_operator.py for tasks to queue
[2024-05-02T23:06:33.630+0000] {logging_mixin.py:188} INFO - [2024-05-02T23:06:33.629+0000] {dagbag.py:540} INFO - Filling up the DagBag from /home/airflow/.local/lib/python3.12/site-packages/airflow/example_dags/example_python_operator.py
[2024-05-02T23:06:33.676+0000] {processor.py:840} INFO - DAG(s) 'example_python_operator' retrieved from /home/airflow/.local/lib/python3.12/site-packages/airflow/example_dags/example_python_operator.py
[2024-05-02T23:06:33.776+0000] {logging_mixin.py:188} INFO - [2024-05-02T23:06:33.775+0000] {dag.py:3096} INFO - Sync 1 DAGs
[2024-05-02T23:06:33.829+0000] {logging_mixin.py:188} INFO - [2024-05-02T23:06:33.828+0000] {dag.py:3954} INFO - Setting next_dagrun for example_python_operator to None, run_after=None
[2024-05-02T23:06:33.891+0000] {processor.py:183} INFO - Processing /home/airflow/.local/lib/python3.12/site-packages/airflow/example_dags/example_python_operator.py took 0.300 seconds
