[2024-05-02T22:20:54.645+0000] {processor.py:161} INFO - Started process (PID=66) to work on /home/airflow/.local/lib/python3.12/site-packages/airflow/example_dags/example_bash_operator.py
[2024-05-02T22:20:54.648+0000] {processor.py:830} INFO - Processing file /home/airflow/.local/lib/python3.12/site-packages/airflow/example_dags/example_bash_operator.py for tasks to queue
[2024-05-02T22:20:54.657+0000] {logging_mixin.py:188} INFO - [2024-05-02T22:20:54.657+0000] {dagbag.py:540} INFO - Filling up the DagBag from /home/airflow/.local/lib/python3.12/site-packages/airflow/example_dags/example_bash_operator.py
[2024-05-02T22:20:54.720+0000] {processor.py:840} INFO - DAG(s) 'example_bash_operator' retrieved from /home/airflow/.local/lib/python3.12/site-packages/airflow/example_dags/example_bash_operator.py
[2024-05-02T22:20:55.174+0000] {logging_mixin.py:188} INFO - [2024-05-02T22:20:55.173+0000] {dag.py:3096} INFO - Sync 1 DAGs
[2024-05-02T22:20:55.231+0000] {logging_mixin.py:188} INFO - [2024-05-02T22:20:55.231+0000] {dag.py:3954} INFO - Setting next_dagrun for example_bash_operator to 2024-05-01 00:00:00+00:00, run_after=2024-05-02 00:00:00+00:00
[2024-05-02T22:20:55.282+0000] {processor.py:183} INFO - Processing /home/airflow/.local/lib/python3.12/site-packages/airflow/example_dags/example_bash_operator.py took 0.653 seconds
[2024-05-02T22:21:36.001+0000] {processor.py:161} INFO - Started process (PID=124) to work on /home/airflow/.local/lib/python3.12/site-packages/airflow/example_dags/example_bash_operator.py
[2024-05-02T22:21:36.010+0000] {processor.py:830} INFO - Processing file /home/airflow/.local/lib/python3.12/site-packages/airflow/example_dags/example_bash_operator.py for tasks to queue
[2024-05-02T22:21:36.027+0000] {logging_mixin.py:188} INFO - [2024-05-02T22:21:36.026+0000] {dagbag.py:540} INFO - Filling up the DagBag from /home/airflow/.local/lib/python3.12/site-packages/airflow/example_dags/example_bash_operator.py
[2024-05-02T22:21:36.161+0000] {processor.py:840} INFO - DAG(s) 'example_bash_operator' retrieved from /home/airflow/.local/lib/python3.12/site-packages/airflow/example_dags/example_bash_operator.py
[2024-05-02T22:21:36.439+0000] {logging_mixin.py:188} INFO - [2024-05-02T22:21:36.439+0000] {dag.py:3096} INFO - Sync 1 DAGs
[2024-05-02T22:21:36.637+0000] {logging_mixin.py:188} INFO - [2024-05-02T22:21:36.636+0000] {dag.py:3954} INFO - Setting next_dagrun for example_bash_operator to 2024-05-01 00:00:00+00:00, run_after=2024-05-02 00:00:00+00:00
[2024-05-02T22:21:36.877+0000] {processor.py:183} INFO - Processing /home/airflow/.local/lib/python3.12/site-packages/airflow/example_dags/example_bash_operator.py took 0.947 seconds
[2024-05-02T22:22:56.996+0000] {processor.py:161} INFO - Started process (PID=205) to work on /home/airflow/.local/lib/python3.12/site-packages/airflow/example_dags/example_bash_operator.py
[2024-05-02T22:22:57.002+0000] {processor.py:830} INFO - Processing file /home/airflow/.local/lib/python3.12/site-packages/airflow/example_dags/example_bash_operator.py for tasks to queue
[2024-05-02T22:22:57.021+0000] {logging_mixin.py:188} INFO - [2024-05-02T22:22:57.020+0000] {dagbag.py:540} INFO - Filling up the DagBag from /home/airflow/.local/lib/python3.12/site-packages/airflow/example_dags/example_bash_operator.py
[2024-05-02T22:22:57.117+0000] {processor.py:840} INFO - DAG(s) 'example_bash_operator' retrieved from /home/airflow/.local/lib/python3.12/site-packages/airflow/example_dags/example_bash_operator.py
[2024-05-02T22:22:57.395+0000] {logging_mixin.py:188} INFO - [2024-05-02T22:22:57.395+0000] {dag.py:3096} INFO - Sync 1 DAGs
[2024-05-02T22:22:57.712+0000] {logging_mixin.py:188} INFO - [2024-05-02T22:22:57.703+0000] {dag.py:3954} INFO - Setting next_dagrun for example_bash_operator to 2024-05-01 00:00:00+00:00, run_after=2024-05-02 00:00:00+00:00
[2024-05-02T22:22:57.955+0000] {processor.py:183} INFO - Processing /home/airflow/.local/lib/python3.12/site-packages/airflow/example_dags/example_bash_operator.py took 0.991 seconds
[2024-05-02T22:32:36.249+0000] {processor.py:161} INFO - Started process (PID=66) to work on /home/airflow/.local/lib/python3.12/site-packages/airflow/example_dags/example_bash_operator.py
[2024-05-02T22:32:36.252+0000] {processor.py:830} INFO - Processing file /home/airflow/.local/lib/python3.12/site-packages/airflow/example_dags/example_bash_operator.py for tasks to queue
[2024-05-02T22:32:36.258+0000] {logging_mixin.py:188} INFO - [2024-05-02T22:32:36.257+0000] {dagbag.py:540} INFO - Filling up the DagBag from /home/airflow/.local/lib/python3.12/site-packages/airflow/example_dags/example_bash_operator.py
[2024-05-02T22:32:36.388+0000] {processor.py:840} INFO - DAG(s) 'example_bash_operator' retrieved from /home/airflow/.local/lib/python3.12/site-packages/airflow/example_dags/example_bash_operator.py
[2024-05-02T22:32:36.988+0000] {logging_mixin.py:188} INFO - [2024-05-02T22:32:36.987+0000] {dag.py:3096} INFO - Sync 1 DAGs
[2024-05-02T22:32:37.084+0000] {logging_mixin.py:188} INFO - [2024-05-02T22:32:37.083+0000] {dag.py:3954} INFO - Setting next_dagrun for example_bash_operator to 2024-05-01 00:00:00+00:00, run_after=2024-05-02 00:00:00+00:00
[2024-05-02T22:32:37.321+0000] {processor.py:183} INFO - Processing /home/airflow/.local/lib/python3.12/site-packages/airflow/example_dags/example_bash_operator.py took 1.096 seconds
[2024-05-02T22:33:08.203+0000] {processor.py:161} INFO - Started process (PID=125) to work on /home/airflow/.local/lib/python3.12/site-packages/airflow/example_dags/example_bash_operator.py
[2024-05-02T22:33:08.204+0000] {processor.py:830} INFO - Processing file /home/airflow/.local/lib/python3.12/site-packages/airflow/example_dags/example_bash_operator.py for tasks to queue
[2024-05-02T22:33:08.209+0000] {logging_mixin.py:188} INFO - [2024-05-02T22:33:08.208+0000] {dagbag.py:540} INFO - Filling up the DagBag from /home/airflow/.local/lib/python3.12/site-packages/airflow/example_dags/example_bash_operator.py
[2024-05-02T22:33:08.258+0000] {processor.py:840} INFO - DAG(s) 'example_bash_operator' retrieved from /home/airflow/.local/lib/python3.12/site-packages/airflow/example_dags/example_bash_operator.py
[2024-05-02T22:33:08.365+0000] {logging_mixin.py:188} INFO - [2024-05-02T22:33:08.364+0000] {dag.py:3096} INFO - Sync 1 DAGs
[2024-05-02T22:33:08.510+0000] {logging_mixin.py:188} INFO - [2024-05-02T22:33:08.509+0000] {dag.py:3954} INFO - Setting next_dagrun for example_bash_operator to 2024-05-01 00:00:00+00:00, run_after=2024-05-02 00:00:00+00:00
[2024-05-02T22:33:08.807+0000] {processor.py:183} INFO - Processing /home/airflow/.local/lib/python3.12/site-packages/airflow/example_dags/example_bash_operator.py took 0.619 seconds
[2024-05-02T22:33:40.908+0000] {processor.py:161} INFO - Started process (PID=184) to work on /home/airflow/.local/lib/python3.12/site-packages/airflow/example_dags/example_bash_operator.py
[2024-05-02T22:33:40.920+0000] {processor.py:830} INFO - Processing file /home/airflow/.local/lib/python3.12/site-packages/airflow/example_dags/example_bash_operator.py for tasks to queue
[2024-05-02T22:33:40.944+0000] {logging_mixin.py:188} INFO - [2024-05-02T22:33:40.943+0000] {dagbag.py:540} INFO - Filling up the DagBag from /home/airflow/.local/lib/python3.12/site-packages/airflow/example_dags/example_bash_operator.py
[2024-05-02T22:33:41.012+0000] {processor.py:840} INFO - DAG(s) 'example_bash_operator' retrieved from /home/airflow/.local/lib/python3.12/site-packages/airflow/example_dags/example_bash_operator.py
[2024-05-02T22:33:41.284+0000] {logging_mixin.py:188} INFO - [2024-05-02T22:33:41.283+0000] {dag.py:3096} INFO - Sync 1 DAGs
[2024-05-02T22:33:41.589+0000] {logging_mixin.py:188} INFO - [2024-05-02T22:33:41.589+0000] {dag.py:3954} INFO - Setting next_dagrun for example_bash_operator to 2024-05-01 00:00:00+00:00, run_after=2024-05-02 00:00:00+00:00
[2024-05-02T22:33:41.784+0000] {processor.py:183} INFO - Processing /home/airflow/.local/lib/python3.12/site-packages/airflow/example_dags/example_bash_operator.py took 0.921 seconds
[2024-05-02T22:34:11.985+0000] {processor.py:161} INFO - Started process (PID=243) to work on /home/airflow/.local/lib/python3.12/site-packages/airflow/example_dags/example_bash_operator.py
[2024-05-02T22:34:11.987+0000] {processor.py:830} INFO - Processing file /home/airflow/.local/lib/python3.12/site-packages/airflow/example_dags/example_bash_operator.py for tasks to queue
[2024-05-02T22:34:11.993+0000] {logging_mixin.py:188} INFO - [2024-05-02T22:34:11.991+0000] {dagbag.py:540} INFO - Filling up the DagBag from /home/airflow/.local/lib/python3.12/site-packages/airflow/example_dags/example_bash_operator.py
[2024-05-02T22:34:12.030+0000] {processor.py:840} INFO - DAG(s) 'example_bash_operator' retrieved from /home/airflow/.local/lib/python3.12/site-packages/airflow/example_dags/example_bash_operator.py
[2024-05-02T22:34:12.100+0000] {logging_mixin.py:188} INFO - [2024-05-02T22:34:12.099+0000] {dag.py:3096} INFO - Sync 1 DAGs
[2024-05-02T22:34:12.172+0000] {logging_mixin.py:188} INFO - [2024-05-02T22:34:12.171+0000] {dag.py:3954} INFO - Setting next_dagrun for example_bash_operator to 2024-05-01 00:00:00+00:00, run_after=2024-05-02 00:00:00+00:00
[2024-05-02T22:34:12.255+0000] {processor.py:183} INFO - Processing /home/airflow/.local/lib/python3.12/site-packages/airflow/example_dags/example_bash_operator.py took 0.291 seconds
[2024-05-02T22:34:42.391+0000] {processor.py:161} INFO - Started process (PID=303) to work on /home/airflow/.local/lib/python3.12/site-packages/airflow/example_dags/example_bash_operator.py
[2024-05-02T22:34:42.393+0000] {processor.py:830} INFO - Processing file /home/airflow/.local/lib/python3.12/site-packages/airflow/example_dags/example_bash_operator.py for tasks to queue
[2024-05-02T22:34:42.397+0000] {logging_mixin.py:188} INFO - [2024-05-02T22:34:42.396+0000] {dagbag.py:540} INFO - Filling up the DagBag from /home/airflow/.local/lib/python3.12/site-packages/airflow/example_dags/example_bash_operator.py
[2024-05-02T22:34:42.442+0000] {processor.py:840} INFO - DAG(s) 'example_bash_operator' retrieved from /home/airflow/.local/lib/python3.12/site-packages/airflow/example_dags/example_bash_operator.py
[2024-05-02T22:34:42.535+0000] {logging_mixin.py:188} INFO - [2024-05-02T22:34:42.534+0000] {dag.py:3096} INFO - Sync 1 DAGs
[2024-05-02T22:34:42.712+0000] {logging_mixin.py:188} INFO - [2024-05-02T22:34:42.706+0000] {dag.py:3954} INFO - Setting next_dagrun for example_bash_operator to 2024-05-01 00:00:00+00:00, run_after=2024-05-02 00:00:00+00:00
[2024-05-02T22:34:42.806+0000] {processor.py:183} INFO - Processing /home/airflow/.local/lib/python3.12/site-packages/airflow/example_dags/example_bash_operator.py took 0.432 seconds
[2024-05-02T22:35:13.378+0000] {processor.py:161} INFO - Started process (PID=361) to work on /home/airflow/.local/lib/python3.12/site-packages/airflow/example_dags/example_bash_operator.py
[2024-05-02T22:35:13.380+0000] {processor.py:830} INFO - Processing file /home/airflow/.local/lib/python3.12/site-packages/airflow/example_dags/example_bash_operator.py for tasks to queue
[2024-05-02T22:35:13.384+0000] {logging_mixin.py:188} INFO - [2024-05-02T22:35:13.384+0000] {dagbag.py:540} INFO - Filling up the DagBag from /home/airflow/.local/lib/python3.12/site-packages/airflow/example_dags/example_bash_operator.py
[2024-05-02T22:35:13.411+0000] {processor.py:840} INFO - DAG(s) 'example_bash_operator' retrieved from /home/airflow/.local/lib/python3.12/site-packages/airflow/example_dags/example_bash_operator.py
[2024-05-02T22:35:13.436+0000] {logging_mixin.py:188} INFO - [2024-05-02T22:35:13.436+0000] {dag.py:3096} INFO - Sync 1 DAGs
[2024-05-02T22:35:13.497+0000] {logging_mixin.py:188} INFO - [2024-05-02T22:35:13.497+0000] {dag.py:3954} INFO - Setting next_dagrun for example_bash_operator to 2024-05-01 00:00:00+00:00, run_after=2024-05-02 00:00:00+00:00
[2024-05-02T22:35:13.548+0000] {processor.py:183} INFO - Processing /home/airflow/.local/lib/python3.12/site-packages/airflow/example_dags/example_bash_operator.py took 0.182 seconds
[2024-05-02T22:35:43.678+0000] {processor.py:161} INFO - Started process (PID=419) to work on /home/airflow/.local/lib/python3.12/site-packages/airflow/example_dags/example_bash_operator.py
[2024-05-02T22:35:43.680+0000] {processor.py:830} INFO - Processing file /home/airflow/.local/lib/python3.12/site-packages/airflow/example_dags/example_bash_operator.py for tasks to queue
[2024-05-02T22:35:43.683+0000] {logging_mixin.py:188} INFO - [2024-05-02T22:35:43.682+0000] {dagbag.py:540} INFO - Filling up the DagBag from /home/airflow/.local/lib/python3.12/site-packages/airflow/example_dags/example_bash_operator.py
[2024-05-02T22:35:43.707+0000] {processor.py:840} INFO - DAG(s) 'example_bash_operator' retrieved from /home/airflow/.local/lib/python3.12/site-packages/airflow/example_dags/example_bash_operator.py
[2024-05-02T22:35:44.217+0000] {logging_mixin.py:188} INFO - [2024-05-02T22:35:44.216+0000] {dag.py:3096} INFO - Sync 1 DAGs
[2024-05-02T22:35:44.262+0000] {logging_mixin.py:188} INFO - [2024-05-02T22:35:44.261+0000] {dag.py:3954} INFO - Setting next_dagrun for example_bash_operator to 2024-05-01 00:00:00+00:00, run_after=2024-05-02 00:00:00+00:00
[2024-05-02T22:35:44.349+0000] {processor.py:183} INFO - Processing /home/airflow/.local/lib/python3.12/site-packages/airflow/example_dags/example_bash_operator.py took 0.683 seconds
[2024-05-02T22:36:20.673+0000] {processor.py:161} INFO - Started process (PID=477) to work on /home/airflow/.local/lib/python3.12/site-packages/airflow/example_dags/example_bash_operator.py
[2024-05-02T22:36:20.701+0000] {processor.py:830} INFO - Processing file /home/airflow/.local/lib/python3.12/site-packages/airflow/example_dags/example_bash_operator.py for tasks to queue
[2024-05-02T22:36:20.718+0000] {logging_mixin.py:188} INFO - [2024-05-02T22:36:20.717+0000] {dagbag.py:540} INFO - Filling up the DagBag from /home/airflow/.local/lib/python3.12/site-packages/airflow/example_dags/example_bash_operator.py
[2024-05-02T22:36:20.872+0000] {processor.py:840} INFO - DAG(s) 'example_bash_operator' retrieved from /home/airflow/.local/lib/python3.12/site-packages/airflow/example_dags/example_bash_operator.py
[2024-05-02T22:36:21.299+0000] {logging_mixin.py:188} INFO - [2024-05-02T22:36:21.298+0000] {dag.py:3096} INFO - Sync 1 DAGs
[2024-05-02T22:36:21.550+0000] {logging_mixin.py:188} INFO - [2024-05-02T22:36:21.550+0000] {dag.py:3954} INFO - Setting next_dagrun for example_bash_operator to 2024-05-01 00:00:00+00:00, run_after=2024-05-02 00:00:00+00:00
[2024-05-02T22:36:21.643+0000] {processor.py:183} INFO - Processing /home/airflow/.local/lib/python3.12/site-packages/airflow/example_dags/example_bash_operator.py took 0.992 seconds
[2024-05-02T22:36:53.750+0000] {processor.py:161} INFO - Started process (PID=536) to work on /home/airflow/.local/lib/python3.12/site-packages/airflow/example_dags/example_bash_operator.py
[2024-05-02T22:36:53.781+0000] {processor.py:830} INFO - Processing file /home/airflow/.local/lib/python3.12/site-packages/airflow/example_dags/example_bash_operator.py for tasks to queue
[2024-05-02T22:36:53.788+0000] {logging_mixin.py:188} INFO - [2024-05-02T22:36:53.787+0000] {dagbag.py:540} INFO - Filling up the DagBag from /home/airflow/.local/lib/python3.12/site-packages/airflow/example_dags/example_bash_operator.py
[2024-05-02T22:36:53.923+0000] {processor.py:840} INFO - DAG(s) 'example_bash_operator' retrieved from /home/airflow/.local/lib/python3.12/site-packages/airflow/example_dags/example_bash_operator.py
[2024-05-02T22:36:54.157+0000] {logging_mixin.py:188} INFO - [2024-05-02T22:36:54.156+0000] {dag.py:3096} INFO - Sync 1 DAGs
[2024-05-02T22:36:54.526+0000] {logging_mixin.py:188} INFO - [2024-05-02T22:36:54.514+0000] {dag.py:3954} INFO - Setting next_dagrun for example_bash_operator to 2024-05-01 00:00:00+00:00, run_after=2024-05-02 00:00:00+00:00
[2024-05-02T22:36:54.777+0000] {processor.py:183} INFO - Processing /home/airflow/.local/lib/python3.12/site-packages/airflow/example_dags/example_bash_operator.py took 1.068 seconds
[2024-05-02T22:37:25.361+0000] {processor.py:161} INFO - Started process (PID=595) to work on /home/airflow/.local/lib/python3.12/site-packages/airflow/example_dags/example_bash_operator.py
[2024-05-02T22:37:25.375+0000] {processor.py:830} INFO - Processing file /home/airflow/.local/lib/python3.12/site-packages/airflow/example_dags/example_bash_operator.py for tasks to queue
[2024-05-02T22:37:25.390+0000] {logging_mixin.py:188} INFO - [2024-05-02T22:37:25.389+0000] {dagbag.py:540} INFO - Filling up the DagBag from /home/airflow/.local/lib/python3.12/site-packages/airflow/example_dags/example_bash_operator.py
[2024-05-02T22:37:25.486+0000] {processor.py:840} INFO - DAG(s) 'example_bash_operator' retrieved from /home/airflow/.local/lib/python3.12/site-packages/airflow/example_dags/example_bash_operator.py
[2024-05-02T22:37:25.741+0000] {logging_mixin.py:188} INFO - [2024-05-02T22:37:25.740+0000] {dag.py:3096} INFO - Sync 1 DAGs
[2024-05-02T22:37:26.003+0000] {logging_mixin.py:188} INFO - [2024-05-02T22:37:26.003+0000] {dag.py:3954} INFO - Setting next_dagrun for example_bash_operator to 2024-05-01 00:00:00+00:00, run_after=2024-05-02 00:00:00+00:00
[2024-05-02T22:37:26.426+0000] {processor.py:183} INFO - Processing /home/airflow/.local/lib/python3.12/site-packages/airflow/example_dags/example_bash_operator.py took 1.101 seconds
[2024-05-02T22:37:57.729+0000] {processor.py:161} INFO - Started process (PID=654) to work on /home/airflow/.local/lib/python3.12/site-packages/airflow/example_dags/example_bash_operator.py
[2024-05-02T22:37:57.740+0000] {processor.py:830} INFO - Processing file /home/airflow/.local/lib/python3.12/site-packages/airflow/example_dags/example_bash_operator.py for tasks to queue
[2024-05-02T22:37:57.749+0000] {logging_mixin.py:188} INFO - [2024-05-02T22:37:57.748+0000] {dagbag.py:540} INFO - Filling up the DagBag from /home/airflow/.local/lib/python3.12/site-packages/airflow/example_dags/example_bash_operator.py
[2024-05-02T22:37:57.822+0000] {processor.py:840} INFO - DAG(s) 'example_bash_operator' retrieved from /home/airflow/.local/lib/python3.12/site-packages/airflow/example_dags/example_bash_operator.py
[2024-05-02T22:37:58.006+0000] {logging_mixin.py:188} INFO - [2024-05-02T22:37:58.006+0000] {dag.py:3096} INFO - Sync 1 DAGs
[2024-05-02T22:37:58.186+0000] {logging_mixin.py:188} INFO - [2024-05-02T22:37:58.185+0000] {dag.py:3954} INFO - Setting next_dagrun for example_bash_operator to 2024-05-01 00:00:00+00:00, run_after=2024-05-02 00:00:00+00:00
[2024-05-02T22:38:00.334+0000] {processor.py:183} INFO - Processing /home/airflow/.local/lib/python3.12/site-packages/airflow/example_dags/example_bash_operator.py took 2.629 seconds
[2024-05-02T22:38:30.761+0000] {processor.py:161} INFO - Started process (PID=713) to work on /home/airflow/.local/lib/python3.12/site-packages/airflow/example_dags/example_bash_operator.py
[2024-05-02T22:38:30.770+0000] {processor.py:830} INFO - Processing file /home/airflow/.local/lib/python3.12/site-packages/airflow/example_dags/example_bash_operator.py for tasks to queue
[2024-05-02T22:38:30.809+0000] {logging_mixin.py:188} INFO - [2024-05-02T22:38:30.808+0000] {dagbag.py:540} INFO - Filling up the DagBag from /home/airflow/.local/lib/python3.12/site-packages/airflow/example_dags/example_bash_operator.py
[2024-05-02T22:38:31.019+0000] {processor.py:840} INFO - DAG(s) 'example_bash_operator' retrieved from /home/airflow/.local/lib/python3.12/site-packages/airflow/example_dags/example_bash_operator.py
[2024-05-02T22:38:31.216+0000] {logging_mixin.py:188} INFO - [2024-05-02T22:38:31.215+0000] {dag.py:3096} INFO - Sync 1 DAGs
[2024-05-02T22:38:31.381+0000] {logging_mixin.py:188} INFO - [2024-05-02T22:38:31.381+0000] {dag.py:3954} INFO - Setting next_dagrun for example_bash_operator to 2024-05-01 00:00:00+00:00, run_after=2024-05-02 00:00:00+00:00
[2024-05-02T22:38:31.572+0000] {processor.py:183} INFO - Processing /home/airflow/.local/lib/python3.12/site-packages/airflow/example_dags/example_bash_operator.py took 0.859 seconds
[2024-05-02T22:39:11.886+0000] {processor.py:161} INFO - Started process (PID=772) to work on /home/airflow/.local/lib/python3.12/site-packages/airflow/example_dags/example_bash_operator.py
[2024-05-02T22:39:11.888+0000] {processor.py:830} INFO - Processing file /home/airflow/.local/lib/python3.12/site-packages/airflow/example_dags/example_bash_operator.py for tasks to queue
[2024-05-02T22:39:11.892+0000] {logging_mixin.py:188} INFO - [2024-05-02T22:39:11.891+0000] {dagbag.py:540} INFO - Filling up the DagBag from /home/airflow/.local/lib/python3.12/site-packages/airflow/example_dags/example_bash_operator.py
[2024-05-02T22:39:11.950+0000] {processor.py:840} INFO - DAG(s) 'example_bash_operator' retrieved from /home/airflow/.local/lib/python3.12/site-packages/airflow/example_dags/example_bash_operator.py
[2024-05-02T22:39:12.032+0000] {logging_mixin.py:188} INFO - [2024-05-02T22:39:12.032+0000] {dag.py:3096} INFO - Sync 1 DAGs
[2024-05-02T22:39:12.144+0000] {logging_mixin.py:188} INFO - [2024-05-02T22:39:12.143+0000] {dag.py:3954} INFO - Setting next_dagrun for example_bash_operator to 2024-05-01 00:00:00+00:00, run_after=2024-05-02 00:00:00+00:00
[2024-05-02T22:39:12.236+0000] {processor.py:183} INFO - Processing /home/airflow/.local/lib/python3.12/site-packages/airflow/example_dags/example_bash_operator.py took 0.366 seconds
[2024-05-02T22:39:50.645+0000] {processor.py:161} INFO - Started process (PID=830) to work on /home/airflow/.local/lib/python3.12/site-packages/airflow/example_dags/example_bash_operator.py
[2024-05-02T22:39:50.659+0000] {processor.py:830} INFO - Processing file /home/airflow/.local/lib/python3.12/site-packages/airflow/example_dags/example_bash_operator.py for tasks to queue
[2024-05-02T22:39:50.669+0000] {logging_mixin.py:188} INFO - [2024-05-02T22:39:50.668+0000] {dagbag.py:540} INFO - Filling up the DagBag from /home/airflow/.local/lib/python3.12/site-packages/airflow/example_dags/example_bash_operator.py
[2024-05-02T22:39:50.731+0000] {processor.py:840} INFO - DAG(s) 'example_bash_operator' retrieved from /home/airflow/.local/lib/python3.12/site-packages/airflow/example_dags/example_bash_operator.py
[2024-05-02T22:39:52.475+0000] {logging_mixin.py:188} INFO - [2024-05-02T22:39:52.475+0000] {dag.py:3096} INFO - Sync 1 DAGs
[2024-05-02T22:39:52.606+0000] {logging_mixin.py:188} INFO - [2024-05-02T22:39:52.606+0000] {dag.py:3954} INFO - Setting next_dagrun for example_bash_operator to 2024-05-01 00:00:00+00:00, run_after=2024-05-02 00:00:00+00:00
[2024-05-02T22:39:52.675+0000] {processor.py:183} INFO - Processing /home/airflow/.local/lib/python3.12/site-packages/airflow/example_dags/example_bash_operator.py took 2.064 seconds
[2024-05-02T22:40:23.469+0000] {processor.py:161} INFO - Started process (PID=890) to work on /home/airflow/.local/lib/python3.12/site-packages/airflow/example_dags/example_bash_operator.py
[2024-05-02T22:40:23.473+0000] {processor.py:830} INFO - Processing file /home/airflow/.local/lib/python3.12/site-packages/airflow/example_dags/example_bash_operator.py for tasks to queue
[2024-05-02T22:40:23.480+0000] {logging_mixin.py:188} INFO - [2024-05-02T22:40:23.478+0000] {dagbag.py:540} INFO - Filling up the DagBag from /home/airflow/.local/lib/python3.12/site-packages/airflow/example_dags/example_bash_operator.py
[2024-05-02T22:40:23.517+0000] {processor.py:840} INFO - DAG(s) 'example_bash_operator' retrieved from /home/airflow/.local/lib/python3.12/site-packages/airflow/example_dags/example_bash_operator.py
[2024-05-02T22:40:23.610+0000] {logging_mixin.py:188} INFO - [2024-05-02T22:40:23.610+0000] {dag.py:3096} INFO - Sync 1 DAGs
[2024-05-02T22:40:23.658+0000] {logging_mixin.py:188} INFO - [2024-05-02T22:40:23.657+0000] {dag.py:3954} INFO - Setting next_dagrun for example_bash_operator to 2024-05-01 00:00:00+00:00, run_after=2024-05-02 00:00:00+00:00
[2024-05-02T22:40:23.911+0000] {processor.py:183} INFO - Processing /home/airflow/.local/lib/python3.12/site-packages/airflow/example_dags/example_bash_operator.py took 0.460 seconds
[2024-05-02T22:40:54.198+0000] {processor.py:161} INFO - Started process (PID=949) to work on /home/airflow/.local/lib/python3.12/site-packages/airflow/example_dags/example_bash_operator.py
[2024-05-02T22:40:54.200+0000] {processor.py:830} INFO - Processing file /home/airflow/.local/lib/python3.12/site-packages/airflow/example_dags/example_bash_operator.py for tasks to queue
[2024-05-02T22:40:54.204+0000] {logging_mixin.py:188} INFO - [2024-05-02T22:40:54.203+0000] {dagbag.py:540} INFO - Filling up the DagBag from /home/airflow/.local/lib/python3.12/site-packages/airflow/example_dags/example_bash_operator.py
[2024-05-02T22:40:54.229+0000] {processor.py:840} INFO - DAG(s) 'example_bash_operator' retrieved from /home/airflow/.local/lib/python3.12/site-packages/airflow/example_dags/example_bash_operator.py
[2024-05-02T22:40:54.302+0000] {logging_mixin.py:188} INFO - [2024-05-02T22:40:54.301+0000] {dag.py:3096} INFO - Sync 1 DAGs
[2024-05-02T22:40:54.358+0000] {logging_mixin.py:188} INFO - [2024-05-02T22:40:54.357+0000] {dag.py:3954} INFO - Setting next_dagrun for example_bash_operator to 2024-05-01 00:00:00+00:00, run_after=2024-05-02 00:00:00+00:00
[2024-05-02T22:40:54.398+0000] {processor.py:183} INFO - Processing /home/airflow/.local/lib/python3.12/site-packages/airflow/example_dags/example_bash_operator.py took 0.213 seconds
[2024-05-02T22:41:24.572+0000] {processor.py:161} INFO - Started process (PID=1008) to work on /home/airflow/.local/lib/python3.12/site-packages/airflow/example_dags/example_bash_operator.py
[2024-05-02T22:41:24.574+0000] {processor.py:830} INFO - Processing file /home/airflow/.local/lib/python3.12/site-packages/airflow/example_dags/example_bash_operator.py for tasks to queue
[2024-05-02T22:41:24.579+0000] {logging_mixin.py:188} INFO - [2024-05-02T22:41:24.578+0000] {dagbag.py:540} INFO - Filling up the DagBag from /home/airflow/.local/lib/python3.12/site-packages/airflow/example_dags/example_bash_operator.py
[2024-05-02T22:41:24.608+0000] {processor.py:840} INFO - DAG(s) 'example_bash_operator' retrieved from /home/airflow/.local/lib/python3.12/site-packages/airflow/example_dags/example_bash_operator.py
[2024-05-02T22:41:24.699+0000] {logging_mixin.py:188} INFO - [2024-05-02T22:41:24.698+0000] {dag.py:3096} INFO - Sync 1 DAGs
[2024-05-02T22:41:24.767+0000] {logging_mixin.py:188} INFO - [2024-05-02T22:41:24.767+0000] {dag.py:3954} INFO - Setting next_dagrun for example_bash_operator to 2024-05-01 00:00:00+00:00, run_after=2024-05-02 00:00:00+00:00
[2024-05-02T22:41:24.823+0000] {processor.py:183} INFO - Processing /home/airflow/.local/lib/python3.12/site-packages/airflow/example_dags/example_bash_operator.py took 0.270 seconds
[2024-05-02T22:41:55.497+0000] {processor.py:161} INFO - Started process (PID=1067) to work on /home/airflow/.local/lib/python3.12/site-packages/airflow/example_dags/example_bash_operator.py
[2024-05-02T22:41:55.500+0000] {processor.py:830} INFO - Processing file /home/airflow/.local/lib/python3.12/site-packages/airflow/example_dags/example_bash_operator.py for tasks to queue
[2024-05-02T22:41:55.504+0000] {logging_mixin.py:188} INFO - [2024-05-02T22:41:55.503+0000] {dagbag.py:540} INFO - Filling up the DagBag from /home/airflow/.local/lib/python3.12/site-packages/airflow/example_dags/example_bash_operator.py
[2024-05-02T22:41:55.534+0000] {processor.py:840} INFO - DAG(s) 'example_bash_operator' retrieved from /home/airflow/.local/lib/python3.12/site-packages/airflow/example_dags/example_bash_operator.py
[2024-05-02T22:41:55.620+0000] {logging_mixin.py:188} INFO - [2024-05-02T22:41:55.619+0000] {dag.py:3096} INFO - Sync 1 DAGs
[2024-05-02T22:41:55.747+0000] {logging_mixin.py:188} INFO - [2024-05-02T22:41:55.746+0000] {dag.py:3954} INFO - Setting next_dagrun for example_bash_operator to 2024-05-01 00:00:00+00:00, run_after=2024-05-02 00:00:00+00:00
[2024-05-02T22:41:55.794+0000] {processor.py:183} INFO - Processing /home/airflow/.local/lib/python3.12/site-packages/airflow/example_dags/example_bash_operator.py took 0.313 seconds
[2024-05-02T22:42:26.035+0000] {processor.py:161} INFO - Started process (PID=1126) to work on /home/airflow/.local/lib/python3.12/site-packages/airflow/example_dags/example_bash_operator.py
[2024-05-02T22:42:26.037+0000] {processor.py:830} INFO - Processing file /home/airflow/.local/lib/python3.12/site-packages/airflow/example_dags/example_bash_operator.py for tasks to queue
[2024-05-02T22:42:26.043+0000] {logging_mixin.py:188} INFO - [2024-05-02T22:42:26.042+0000] {dagbag.py:540} INFO - Filling up the DagBag from /home/airflow/.local/lib/python3.12/site-packages/airflow/example_dags/example_bash_operator.py
[2024-05-02T22:42:26.078+0000] {processor.py:840} INFO - DAG(s) 'example_bash_operator' retrieved from /home/airflow/.local/lib/python3.12/site-packages/airflow/example_dags/example_bash_operator.py
[2024-05-02T22:42:26.145+0000] {logging_mixin.py:188} INFO - [2024-05-02T22:42:26.144+0000] {dag.py:3096} INFO - Sync 1 DAGs
[2024-05-02T22:42:26.206+0000] {logging_mixin.py:188} INFO - [2024-05-02T22:42:26.205+0000] {dag.py:3954} INFO - Setting next_dagrun for example_bash_operator to 2024-05-01 00:00:00+00:00, run_after=2024-05-02 00:00:00+00:00
[2024-05-02T22:42:26.289+0000] {processor.py:183} INFO - Processing /home/airflow/.local/lib/python3.12/site-packages/airflow/example_dags/example_bash_operator.py took 0.268 seconds
[2024-05-02T22:42:56.458+0000] {processor.py:161} INFO - Started process (PID=1185) to work on /home/airflow/.local/lib/python3.12/site-packages/airflow/example_dags/example_bash_operator.py
[2024-05-02T22:42:56.461+0000] {processor.py:830} INFO - Processing file /home/airflow/.local/lib/python3.12/site-packages/airflow/example_dags/example_bash_operator.py for tasks to queue
[2024-05-02T22:42:56.465+0000] {logging_mixin.py:188} INFO - [2024-05-02T22:42:56.465+0000] {dagbag.py:540} INFO - Filling up the DagBag from /home/airflow/.local/lib/python3.12/site-packages/airflow/example_dags/example_bash_operator.py
[2024-05-02T22:42:56.492+0000] {processor.py:840} INFO - DAG(s) 'example_bash_operator' retrieved from /home/airflow/.local/lib/python3.12/site-packages/airflow/example_dags/example_bash_operator.py
[2024-05-02T22:42:56.544+0000] {logging_mixin.py:188} INFO - [2024-05-02T22:42:56.543+0000] {dag.py:3096} INFO - Sync 1 DAGs
[2024-05-02T22:42:56.583+0000] {logging_mixin.py:188} INFO - [2024-05-02T22:42:56.582+0000] {dag.py:3954} INFO - Setting next_dagrun for example_bash_operator to 2024-05-01 00:00:00+00:00, run_after=2024-05-02 00:00:00+00:00
[2024-05-02T22:42:56.619+0000] {processor.py:183} INFO - Processing /home/airflow/.local/lib/python3.12/site-packages/airflow/example_dags/example_bash_operator.py took 0.175 seconds
[2024-05-02T22:43:26.891+0000] {processor.py:161} INFO - Started process (PID=1244) to work on /home/airflow/.local/lib/python3.12/site-packages/airflow/example_dags/example_bash_operator.py
[2024-05-02T22:43:26.893+0000] {processor.py:830} INFO - Processing file /home/airflow/.local/lib/python3.12/site-packages/airflow/example_dags/example_bash_operator.py for tasks to queue
[2024-05-02T22:43:26.907+0000] {logging_mixin.py:188} INFO - [2024-05-02T22:43:26.906+0000] {dagbag.py:540} INFO - Filling up the DagBag from /home/airflow/.local/lib/python3.12/site-packages/airflow/example_dags/example_bash_operator.py
[2024-05-02T22:43:26.968+0000] {processor.py:840} INFO - DAG(s) 'example_bash_operator' retrieved from /home/airflow/.local/lib/python3.12/site-packages/airflow/example_dags/example_bash_operator.py
[2024-05-02T22:43:27.125+0000] {logging_mixin.py:188} INFO - [2024-05-02T22:43:27.124+0000] {dag.py:3096} INFO - Sync 1 DAGs
[2024-05-02T22:43:27.222+0000] {logging_mixin.py:188} INFO - [2024-05-02T22:43:27.221+0000] {dag.py:3954} INFO - Setting next_dagrun for example_bash_operator to 2024-05-01 00:00:00+00:00, run_after=2024-05-02 00:00:00+00:00
[2024-05-02T22:43:27.280+0000] {processor.py:183} INFO - Processing /home/airflow/.local/lib/python3.12/site-packages/airflow/example_dags/example_bash_operator.py took 0.413 seconds
[2024-05-02T22:43:58.591+0000] {processor.py:161} INFO - Started process (PID=1303) to work on /home/airflow/.local/lib/python3.12/site-packages/airflow/example_dags/example_bash_operator.py
[2024-05-02T22:43:58.605+0000] {processor.py:830} INFO - Processing file /home/airflow/.local/lib/python3.12/site-packages/airflow/example_dags/example_bash_operator.py for tasks to queue
[2024-05-02T22:43:58.609+0000] {logging_mixin.py:188} INFO - [2024-05-02T22:43:58.608+0000] {dagbag.py:540} INFO - Filling up the DagBag from /home/airflow/.local/lib/python3.12/site-packages/airflow/example_dags/example_bash_operator.py
[2024-05-02T22:43:58.692+0000] {processor.py:840} INFO - DAG(s) 'example_bash_operator' retrieved from /home/airflow/.local/lib/python3.12/site-packages/airflow/example_dags/example_bash_operator.py
[2024-05-02T22:43:58.978+0000] {logging_mixin.py:188} INFO - [2024-05-02T22:43:58.966+0000] {dag.py:3096} INFO - Sync 1 DAGs
[2024-05-02T22:43:59.291+0000] {logging_mixin.py:188} INFO - [2024-05-02T22:43:59.291+0000] {dag.py:3954} INFO - Setting next_dagrun for example_bash_operator to 2024-05-01 00:00:00+00:00, run_after=2024-05-02 00:00:00+00:00
[2024-05-02T22:43:59.502+0000] {processor.py:183} INFO - Processing /home/airflow/.local/lib/python3.12/site-packages/airflow/example_dags/example_bash_operator.py took 0.940 seconds
[2024-05-02T22:44:29.938+0000] {processor.py:161} INFO - Started process (PID=1362) to work on /home/airflow/.local/lib/python3.12/site-packages/airflow/example_dags/example_bash_operator.py
[2024-05-02T22:44:29.942+0000] {processor.py:830} INFO - Processing file /home/airflow/.local/lib/python3.12/site-packages/airflow/example_dags/example_bash_operator.py for tasks to queue
[2024-05-02T22:44:29.949+0000] {logging_mixin.py:188} INFO - [2024-05-02T22:44:29.948+0000] {dagbag.py:540} INFO - Filling up the DagBag from /home/airflow/.local/lib/python3.12/site-packages/airflow/example_dags/example_bash_operator.py
[2024-05-02T22:44:29.993+0000] {processor.py:840} INFO - DAG(s) 'example_bash_operator' retrieved from /home/airflow/.local/lib/python3.12/site-packages/airflow/example_dags/example_bash_operator.py
[2024-05-02T22:44:30.123+0000] {logging_mixin.py:188} INFO - [2024-05-02T22:44:30.121+0000] {dag.py:3096} INFO - Sync 1 DAGs
[2024-05-02T22:44:30.237+0000] {logging_mixin.py:188} INFO - [2024-05-02T22:44:30.236+0000] {dag.py:3954} INFO - Setting next_dagrun for example_bash_operator to 2024-05-01 00:00:00+00:00, run_after=2024-05-02 00:00:00+00:00
[2024-05-02T22:44:30.350+0000] {processor.py:183} INFO - Processing /home/airflow/.local/lib/python3.12/site-packages/airflow/example_dags/example_bash_operator.py took 0.433 seconds
[2024-05-02T22:45:00.599+0000] {processor.py:161} INFO - Started process (PID=1421) to work on /home/airflow/.local/lib/python3.12/site-packages/airflow/example_dags/example_bash_operator.py
[2024-05-02T22:45:00.602+0000] {processor.py:830} INFO - Processing file /home/airflow/.local/lib/python3.12/site-packages/airflow/example_dags/example_bash_operator.py for tasks to queue
[2024-05-02T22:45:00.606+0000] {logging_mixin.py:188} INFO - [2024-05-02T22:45:00.605+0000] {dagbag.py:540} INFO - Filling up the DagBag from /home/airflow/.local/lib/python3.12/site-packages/airflow/example_dags/example_bash_operator.py
[2024-05-02T22:45:00.636+0000] {processor.py:840} INFO - DAG(s) 'example_bash_operator' retrieved from /home/airflow/.local/lib/python3.12/site-packages/airflow/example_dags/example_bash_operator.py
[2024-05-02T22:45:00.790+0000] {logging_mixin.py:188} INFO - [2024-05-02T22:45:00.779+0000] {dag.py:3096} INFO - Sync 1 DAGs
[2024-05-02T22:45:00.868+0000] {logging_mixin.py:188} INFO - [2024-05-02T22:45:00.867+0000] {dag.py:3954} INFO - Setting next_dagrun for example_bash_operator to 2024-05-01 00:00:00+00:00, run_after=2024-05-02 00:00:00+00:00
[2024-05-02T22:45:00.989+0000] {processor.py:183} INFO - Processing /home/airflow/.local/lib/python3.12/site-packages/airflow/example_dags/example_bash_operator.py took 0.405 seconds
[2024-05-02T22:45:31.295+0000] {processor.py:161} INFO - Started process (PID=1480) to work on /home/airflow/.local/lib/python3.12/site-packages/airflow/example_dags/example_bash_operator.py
[2024-05-02T22:45:31.297+0000] {processor.py:830} INFO - Processing file /home/airflow/.local/lib/python3.12/site-packages/airflow/example_dags/example_bash_operator.py for tasks to queue
[2024-05-02T22:45:31.302+0000] {logging_mixin.py:188} INFO - [2024-05-02T22:45:31.301+0000] {dagbag.py:540} INFO - Filling up the DagBag from /home/airflow/.local/lib/python3.12/site-packages/airflow/example_dags/example_bash_operator.py
[2024-05-02T22:45:31.357+0000] {processor.py:840} INFO - DAG(s) 'example_bash_operator' retrieved from /home/airflow/.local/lib/python3.12/site-packages/airflow/example_dags/example_bash_operator.py
[2024-05-02T22:45:31.452+0000] {logging_mixin.py:188} INFO - [2024-05-02T22:45:31.452+0000] {dag.py:3096} INFO - Sync 1 DAGs
[2024-05-02T22:45:31.519+0000] {logging_mixin.py:188} INFO - [2024-05-02T22:45:31.519+0000] {dag.py:3954} INFO - Setting next_dagrun for example_bash_operator to 2024-05-01 00:00:00+00:00, run_after=2024-05-02 00:00:00+00:00
[2024-05-02T22:45:31.586+0000] {processor.py:183} INFO - Processing /home/airflow/.local/lib/python3.12/site-packages/airflow/example_dags/example_bash_operator.py took 0.311 seconds
[2024-05-02T22:46:02.145+0000] {processor.py:161} INFO - Started process (PID=1539) to work on /home/airflow/.local/lib/python3.12/site-packages/airflow/example_dags/example_bash_operator.py
[2024-05-02T22:46:02.154+0000] {processor.py:830} INFO - Processing file /home/airflow/.local/lib/python3.12/site-packages/airflow/example_dags/example_bash_operator.py for tasks to queue
[2024-05-02T22:46:02.163+0000] {logging_mixin.py:188} INFO - [2024-05-02T22:46:02.162+0000] {dagbag.py:540} INFO - Filling up the DagBag from /home/airflow/.local/lib/python3.12/site-packages/airflow/example_dags/example_bash_operator.py
[2024-05-02T22:46:02.200+0000] {processor.py:840} INFO - DAG(s) 'example_bash_operator' retrieved from /home/airflow/.local/lib/python3.12/site-packages/airflow/example_dags/example_bash_operator.py
[2024-05-02T22:46:02.327+0000] {logging_mixin.py:188} INFO - [2024-05-02T22:46:02.326+0000] {dag.py:3096} INFO - Sync 1 DAGs
[2024-05-02T22:46:02.399+0000] {logging_mixin.py:188} INFO - [2024-05-02T22:46:02.398+0000] {dag.py:3954} INFO - Setting next_dagrun for example_bash_operator to 2024-05-01 00:00:00+00:00, run_after=2024-05-02 00:00:00+00:00
[2024-05-02T22:46:02.450+0000] {processor.py:183} INFO - Processing /home/airflow/.local/lib/python3.12/site-packages/airflow/example_dags/example_bash_operator.py took 0.329 seconds
[2024-05-02T22:46:32.647+0000] {processor.py:161} INFO - Started process (PID=1598) to work on /home/airflow/.local/lib/python3.12/site-packages/airflow/example_dags/example_bash_operator.py
[2024-05-02T22:46:32.648+0000] {processor.py:830} INFO - Processing file /home/airflow/.local/lib/python3.12/site-packages/airflow/example_dags/example_bash_operator.py for tasks to queue
[2024-05-02T22:46:32.653+0000] {logging_mixin.py:188} INFO - [2024-05-02T22:46:32.651+0000] {dagbag.py:540} INFO - Filling up the DagBag from /home/airflow/.local/lib/python3.12/site-packages/airflow/example_dags/example_bash_operator.py
[2024-05-02T22:46:32.674+0000] {processor.py:840} INFO - DAG(s) 'example_bash_operator' retrieved from /home/airflow/.local/lib/python3.12/site-packages/airflow/example_dags/example_bash_operator.py
[2024-05-02T22:46:32.747+0000] {logging_mixin.py:188} INFO - [2024-05-02T22:46:32.747+0000] {dag.py:3096} INFO - Sync 1 DAGs
[2024-05-02T22:46:32.819+0000] {logging_mixin.py:188} INFO - [2024-05-02T22:46:32.818+0000] {dag.py:3954} INFO - Setting next_dagrun for example_bash_operator to 2024-05-01 00:00:00+00:00, run_after=2024-05-02 00:00:00+00:00
[2024-05-02T22:46:32.866+0000] {processor.py:183} INFO - Processing /home/airflow/.local/lib/python3.12/site-packages/airflow/example_dags/example_bash_operator.py took 0.237 seconds
[2024-05-02T22:47:03.531+0000] {processor.py:161} INFO - Started process (PID=1658) to work on /home/airflow/.local/lib/python3.12/site-packages/airflow/example_dags/example_bash_operator.py
[2024-05-02T22:47:03.535+0000] {processor.py:830} INFO - Processing file /home/airflow/.local/lib/python3.12/site-packages/airflow/example_dags/example_bash_operator.py for tasks to queue
[2024-05-02T22:47:03.540+0000] {logging_mixin.py:188} INFO - [2024-05-02T22:47:03.539+0000] {dagbag.py:540} INFO - Filling up the DagBag from /home/airflow/.local/lib/python3.12/site-packages/airflow/example_dags/example_bash_operator.py
[2024-05-02T22:47:03.572+0000] {processor.py:840} INFO - DAG(s) 'example_bash_operator' retrieved from /home/airflow/.local/lib/python3.12/site-packages/airflow/example_dags/example_bash_operator.py
[2024-05-02T22:47:03.656+0000] {logging_mixin.py:188} INFO - [2024-05-02T22:47:03.655+0000] {dag.py:3096} INFO - Sync 1 DAGs
[2024-05-02T22:47:03.712+0000] {logging_mixin.py:188} INFO - [2024-05-02T22:47:03.711+0000] {dag.py:3954} INFO - Setting next_dagrun for example_bash_operator to 2024-05-01 00:00:00+00:00, run_after=2024-05-02 00:00:00+00:00
[2024-05-02T22:47:03.764+0000] {processor.py:183} INFO - Processing /home/airflow/.local/lib/python3.12/site-packages/airflow/example_dags/example_bash_operator.py took 0.249 seconds
[2024-05-02T22:47:34.486+0000] {processor.py:161} INFO - Started process (PID=1717) to work on /home/airflow/.local/lib/python3.12/site-packages/airflow/example_dags/example_bash_operator.py
[2024-05-02T22:47:34.488+0000] {processor.py:830} INFO - Processing file /home/airflow/.local/lib/python3.12/site-packages/airflow/example_dags/example_bash_operator.py for tasks to queue
[2024-05-02T22:47:34.492+0000] {logging_mixin.py:188} INFO - [2024-05-02T22:47:34.491+0000] {dagbag.py:540} INFO - Filling up the DagBag from /home/airflow/.local/lib/python3.12/site-packages/airflow/example_dags/example_bash_operator.py
[2024-05-02T22:47:34.518+0000] {processor.py:840} INFO - DAG(s) 'example_bash_operator' retrieved from /home/airflow/.local/lib/python3.12/site-packages/airflow/example_dags/example_bash_operator.py
[2024-05-02T22:47:34.620+0000] {logging_mixin.py:188} INFO - [2024-05-02T22:47:34.619+0000] {dag.py:3096} INFO - Sync 1 DAGs
[2024-05-02T22:47:34.682+0000] {logging_mixin.py:188} INFO - [2024-05-02T22:47:34.682+0000] {dag.py:3954} INFO - Setting next_dagrun for example_bash_operator to 2024-05-01 00:00:00+00:00, run_after=2024-05-02 00:00:00+00:00
[2024-05-02T22:47:34.751+0000] {processor.py:183} INFO - Processing /home/airflow/.local/lib/python3.12/site-packages/airflow/example_dags/example_bash_operator.py took 0.277 seconds
[2024-05-02T22:48:05.185+0000] {processor.py:161} INFO - Started process (PID=1776) to work on /home/airflow/.local/lib/python3.12/site-packages/airflow/example_dags/example_bash_operator.py
[2024-05-02T22:48:05.186+0000] {processor.py:830} INFO - Processing file /home/airflow/.local/lib/python3.12/site-packages/airflow/example_dags/example_bash_operator.py for tasks to queue
[2024-05-02T22:48:05.189+0000] {logging_mixin.py:188} INFO - [2024-05-02T22:48:05.189+0000] {dagbag.py:540} INFO - Filling up the DagBag from /home/airflow/.local/lib/python3.12/site-packages/airflow/example_dags/example_bash_operator.py
[2024-05-02T22:48:05.227+0000] {processor.py:840} INFO - DAG(s) 'example_bash_operator' retrieved from /home/airflow/.local/lib/python3.12/site-packages/airflow/example_dags/example_bash_operator.py
[2024-05-02T22:48:05.400+0000] {logging_mixin.py:188} INFO - [2024-05-02T22:48:05.399+0000] {dag.py:3096} INFO - Sync 1 DAGs
[2024-05-02T22:48:05.476+0000] {logging_mixin.py:188} INFO - [2024-05-02T22:48:05.476+0000] {dag.py:3954} INFO - Setting next_dagrun for example_bash_operator to 2024-05-01 00:00:00+00:00, run_after=2024-05-02 00:00:00+00:00
[2024-05-02T22:48:05.545+0000] {processor.py:183} INFO - Processing /home/airflow/.local/lib/python3.12/site-packages/airflow/example_dags/example_bash_operator.py took 0.370 seconds
[2024-05-02T22:48:35.758+0000] {processor.py:161} INFO - Started process (PID=1842) to work on /home/airflow/.local/lib/python3.12/site-packages/airflow/example_dags/example_bash_operator.py
[2024-05-02T22:48:35.761+0000] {processor.py:830} INFO - Processing file /home/airflow/.local/lib/python3.12/site-packages/airflow/example_dags/example_bash_operator.py for tasks to queue
[2024-05-02T22:48:35.764+0000] {logging_mixin.py:188} INFO - [2024-05-02T22:48:35.764+0000] {dagbag.py:540} INFO - Filling up the DagBag from /home/airflow/.local/lib/python3.12/site-packages/airflow/example_dags/example_bash_operator.py
[2024-05-02T22:48:35.793+0000] {processor.py:840} INFO - DAG(s) 'example_bash_operator' retrieved from /home/airflow/.local/lib/python3.12/site-packages/airflow/example_dags/example_bash_operator.py
[2024-05-02T22:48:35.871+0000] {logging_mixin.py:188} INFO - [2024-05-02T22:48:35.871+0000] {dag.py:3096} INFO - Sync 1 DAGs
[2024-05-02T22:48:35.949+0000] {logging_mixin.py:188} INFO - [2024-05-02T22:48:35.948+0000] {dag.py:3954} INFO - Setting next_dagrun for example_bash_operator to 2024-05-01 00:00:00+00:00, run_after=2024-05-02 00:00:00+00:00
[2024-05-02T22:48:36.026+0000] {processor.py:183} INFO - Processing /home/airflow/.local/lib/python3.12/site-packages/airflow/example_dags/example_bash_operator.py took 0.281 seconds
[2024-05-02T22:49:06.490+0000] {processor.py:161} INFO - Started process (PID=1901) to work on /home/airflow/.local/lib/python3.12/site-packages/airflow/example_dags/example_bash_operator.py
[2024-05-02T22:49:06.492+0000] {processor.py:830} INFO - Processing file /home/airflow/.local/lib/python3.12/site-packages/airflow/example_dags/example_bash_operator.py for tasks to queue
[2024-05-02T22:49:06.496+0000] {logging_mixin.py:188} INFO - [2024-05-02T22:49:06.495+0000] {dagbag.py:540} INFO - Filling up the DagBag from /home/airflow/.local/lib/python3.12/site-packages/airflow/example_dags/example_bash_operator.py
[2024-05-02T22:49:06.525+0000] {processor.py:840} INFO - DAG(s) 'example_bash_operator' retrieved from /home/airflow/.local/lib/python3.12/site-packages/airflow/example_dags/example_bash_operator.py
[2024-05-02T22:49:06.600+0000] {logging_mixin.py:188} INFO - [2024-05-02T22:49:06.599+0000] {dag.py:3096} INFO - Sync 1 DAGs
[2024-05-02T22:49:06.676+0000] {logging_mixin.py:188} INFO - [2024-05-02T22:49:06.675+0000] {dag.py:3954} INFO - Setting next_dagrun for example_bash_operator to 2024-05-01 00:00:00+00:00, run_after=2024-05-02 00:00:00+00:00
[2024-05-02T22:49:06.723+0000] {processor.py:183} INFO - Processing /home/airflow/.local/lib/python3.12/site-packages/airflow/example_dags/example_bash_operator.py took 0.246 seconds
[2024-05-02T22:49:36.983+0000] {processor.py:161} INFO - Started process (PID=1960) to work on /home/airflow/.local/lib/python3.12/site-packages/airflow/example_dags/example_bash_operator.py
[2024-05-02T22:49:36.984+0000] {processor.py:830} INFO - Processing file /home/airflow/.local/lib/python3.12/site-packages/airflow/example_dags/example_bash_operator.py for tasks to queue
[2024-05-02T22:49:36.987+0000] {logging_mixin.py:188} INFO - [2024-05-02T22:49:36.987+0000] {dagbag.py:540} INFO - Filling up the DagBag from /home/airflow/.local/lib/python3.12/site-packages/airflow/example_dags/example_bash_operator.py
[2024-05-02T22:49:37.020+0000] {processor.py:840} INFO - DAG(s) 'example_bash_operator' retrieved from /home/airflow/.local/lib/python3.12/site-packages/airflow/example_dags/example_bash_operator.py
[2024-05-02T22:49:37.101+0000] {logging_mixin.py:188} INFO - [2024-05-02T22:49:37.100+0000] {dag.py:3096} INFO - Sync 1 DAGs
[2024-05-02T22:49:37.147+0000] {logging_mixin.py:188} INFO - [2024-05-02T22:49:37.146+0000] {dag.py:3954} INFO - Setting next_dagrun for example_bash_operator to 2024-05-01 00:00:00+00:00, run_after=2024-05-02 00:00:00+00:00
[2024-05-02T22:49:37.191+0000] {processor.py:183} INFO - Processing /home/airflow/.local/lib/python3.12/site-packages/airflow/example_dags/example_bash_operator.py took 0.220 seconds
[2024-05-02T22:50:07.556+0000] {processor.py:161} INFO - Started process (PID=2019) to work on /home/airflow/.local/lib/python3.12/site-packages/airflow/example_dags/example_bash_operator.py
[2024-05-02T22:50:07.559+0000] {processor.py:830} INFO - Processing file /home/airflow/.local/lib/python3.12/site-packages/airflow/example_dags/example_bash_operator.py for tasks to queue
[2024-05-02T22:50:07.564+0000] {logging_mixin.py:188} INFO - [2024-05-02T22:50:07.563+0000] {dagbag.py:540} INFO - Filling up the DagBag from /home/airflow/.local/lib/python3.12/site-packages/airflow/example_dags/example_bash_operator.py
[2024-05-02T22:50:07.598+0000] {processor.py:840} INFO - DAG(s) 'example_bash_operator' retrieved from /home/airflow/.local/lib/python3.12/site-packages/airflow/example_dags/example_bash_operator.py
[2024-05-02T22:50:07.703+0000] {logging_mixin.py:188} INFO - [2024-05-02T22:50:07.703+0000] {dag.py:3096} INFO - Sync 1 DAGs
[2024-05-02T22:50:07.748+0000] {logging_mixin.py:188} INFO - [2024-05-02T22:50:07.747+0000] {dag.py:3954} INFO - Setting next_dagrun for example_bash_operator to 2024-05-01 00:00:00+00:00, run_after=2024-05-02 00:00:00+00:00
[2024-05-02T22:50:07.783+0000] {processor.py:183} INFO - Processing /home/airflow/.local/lib/python3.12/site-packages/airflow/example_dags/example_bash_operator.py took 0.245 seconds
[2024-05-02T22:50:38.174+0000] {processor.py:161} INFO - Started process (PID=2075) to work on /home/airflow/.local/lib/python3.12/site-packages/airflow/example_dags/example_bash_operator.py
[2024-05-02T22:50:38.176+0000] {processor.py:830} INFO - Processing file /home/airflow/.local/lib/python3.12/site-packages/airflow/example_dags/example_bash_operator.py for tasks to queue
[2024-05-02T22:50:38.179+0000] {logging_mixin.py:188} INFO - [2024-05-02T22:50:38.179+0000] {dagbag.py:540} INFO - Filling up the DagBag from /home/airflow/.local/lib/python3.12/site-packages/airflow/example_dags/example_bash_operator.py
[2024-05-02T22:50:38.202+0000] {processor.py:840} INFO - DAG(s) 'example_bash_operator' retrieved from /home/airflow/.local/lib/python3.12/site-packages/airflow/example_dags/example_bash_operator.py
[2024-05-02T22:50:38.264+0000] {logging_mixin.py:188} INFO - [2024-05-02T22:50:38.263+0000] {dag.py:3096} INFO - Sync 1 DAGs
[2024-05-02T22:50:38.338+0000] {logging_mixin.py:188} INFO - [2024-05-02T22:50:38.337+0000] {dag.py:3954} INFO - Setting next_dagrun for example_bash_operator to 2024-05-01 00:00:00+00:00, run_after=2024-05-02 00:00:00+00:00
[2024-05-02T22:50:38.427+0000] {processor.py:183} INFO - Processing /home/airflow/.local/lib/python3.12/site-packages/airflow/example_dags/example_bash_operator.py took 0.263 seconds
[2024-05-02T22:51:09.097+0000] {processor.py:161} INFO - Started process (PID=2134) to work on /home/airflow/.local/lib/python3.12/site-packages/airflow/example_dags/example_bash_operator.py
[2024-05-02T22:51:09.099+0000] {processor.py:830} INFO - Processing file /home/airflow/.local/lib/python3.12/site-packages/airflow/example_dags/example_bash_operator.py for tasks to queue
[2024-05-02T22:51:09.104+0000] {logging_mixin.py:188} INFO - [2024-05-02T22:51:09.102+0000] {dagbag.py:540} INFO - Filling up the DagBag from /home/airflow/.local/lib/python3.12/site-packages/airflow/example_dags/example_bash_operator.py
[2024-05-02T22:51:09.136+0000] {processor.py:840} INFO - DAG(s) 'example_bash_operator' retrieved from /home/airflow/.local/lib/python3.12/site-packages/airflow/example_dags/example_bash_operator.py
[2024-05-02T22:51:09.214+0000] {logging_mixin.py:188} INFO - [2024-05-02T22:51:09.213+0000] {dag.py:3096} INFO - Sync 1 DAGs
[2024-05-02T22:51:09.282+0000] {logging_mixin.py:188} INFO - [2024-05-02T22:51:09.281+0000] {dag.py:3954} INFO - Setting next_dagrun for example_bash_operator to 2024-05-01 00:00:00+00:00, run_after=2024-05-02 00:00:00+00:00
[2024-05-02T22:51:09.355+0000] {processor.py:183} INFO - Processing /home/airflow/.local/lib/python3.12/site-packages/airflow/example_dags/example_bash_operator.py took 0.272 seconds
[2024-05-02T22:51:39.497+0000] {processor.py:161} INFO - Started process (PID=2193) to work on /home/airflow/.local/lib/python3.12/site-packages/airflow/example_dags/example_bash_operator.py
[2024-05-02T22:51:39.499+0000] {processor.py:830} INFO - Processing file /home/airflow/.local/lib/python3.12/site-packages/airflow/example_dags/example_bash_operator.py for tasks to queue
[2024-05-02T22:51:39.503+0000] {logging_mixin.py:188} INFO - [2024-05-02T22:51:39.502+0000] {dagbag.py:540} INFO - Filling up the DagBag from /home/airflow/.local/lib/python3.12/site-packages/airflow/example_dags/example_bash_operator.py
[2024-05-02T22:51:39.529+0000] {processor.py:840} INFO - DAG(s) 'example_bash_operator' retrieved from /home/airflow/.local/lib/python3.12/site-packages/airflow/example_dags/example_bash_operator.py
[2024-05-02T22:51:39.590+0000] {logging_mixin.py:188} INFO - [2024-05-02T22:51:39.590+0000] {dag.py:3096} INFO - Sync 1 DAGs
[2024-05-02T22:51:39.642+0000] {logging_mixin.py:188} INFO - [2024-05-02T22:51:39.641+0000] {dag.py:3954} INFO - Setting next_dagrun for example_bash_operator to 2024-05-01 00:00:00+00:00, run_after=2024-05-02 00:00:00+00:00
[2024-05-02T22:51:39.688+0000] {processor.py:183} INFO - Processing /home/airflow/.local/lib/python3.12/site-packages/airflow/example_dags/example_bash_operator.py took 0.204 seconds
[2024-05-02T22:52:09.807+0000] {processor.py:161} INFO - Started process (PID=2254) to work on /home/airflow/.local/lib/python3.12/site-packages/airflow/example_dags/example_bash_operator.py
[2024-05-02T22:52:09.809+0000] {processor.py:830} INFO - Processing file /home/airflow/.local/lib/python3.12/site-packages/airflow/example_dags/example_bash_operator.py for tasks to queue
[2024-05-02T22:52:09.813+0000] {logging_mixin.py:188} INFO - [2024-05-02T22:52:09.812+0000] {dagbag.py:540} INFO - Filling up the DagBag from /home/airflow/.local/lib/python3.12/site-packages/airflow/example_dags/example_bash_operator.py
[2024-05-02T22:52:09.842+0000] {processor.py:840} INFO - DAG(s) 'example_bash_operator' retrieved from /home/airflow/.local/lib/python3.12/site-packages/airflow/example_dags/example_bash_operator.py
[2024-05-02T22:52:09.921+0000] {logging_mixin.py:188} INFO - [2024-05-02T22:52:09.921+0000] {dag.py:3096} INFO - Sync 1 DAGs
[2024-05-02T22:52:09.992+0000] {logging_mixin.py:188} INFO - [2024-05-02T22:52:09.992+0000] {dag.py:3954} INFO - Setting next_dagrun for example_bash_operator to 2024-05-01 00:00:00+00:00, run_after=2024-05-02 00:00:00+00:00
[2024-05-02T22:52:10.040+0000] {processor.py:183} INFO - Processing /home/airflow/.local/lib/python3.12/site-packages/airflow/example_dags/example_bash_operator.py took 0.247 seconds
[2024-05-02T22:52:40.471+0000] {processor.py:161} INFO - Started process (PID=2314) to work on /home/airflow/.local/lib/python3.12/site-packages/airflow/example_dags/example_bash_operator.py
[2024-05-02T22:52:40.473+0000] {processor.py:830} INFO - Processing file /home/airflow/.local/lib/python3.12/site-packages/airflow/example_dags/example_bash_operator.py for tasks to queue
[2024-05-02T22:52:40.480+0000] {logging_mixin.py:188} INFO - [2024-05-02T22:52:40.479+0000] {dagbag.py:540} INFO - Filling up the DagBag from /home/airflow/.local/lib/python3.12/site-packages/airflow/example_dags/example_bash_operator.py
[2024-05-02T22:52:40.568+0000] {processor.py:840} INFO - DAG(s) 'example_bash_operator' retrieved from /home/airflow/.local/lib/python3.12/site-packages/airflow/example_dags/example_bash_operator.py
[2024-05-02T22:52:40.934+0000] {logging_mixin.py:188} INFO - [2024-05-02T22:52:40.934+0000] {dag.py:3096} INFO - Sync 1 DAGs
[2024-05-02T22:52:41.215+0000] {logging_mixin.py:188} INFO - [2024-05-02T22:52:41.215+0000] {dag.py:3954} INFO - Setting next_dagrun for example_bash_operator to 2024-05-01 00:00:00+00:00, run_after=2024-05-02 00:00:00+00:00
[2024-05-02T22:52:41.358+0000] {processor.py:183} INFO - Processing /home/airflow/.local/lib/python3.12/site-packages/airflow/example_dags/example_bash_operator.py took 0.909 seconds
[2024-05-02T22:53:11.964+0000] {processor.py:161} INFO - Started process (PID=2372) to work on /home/airflow/.local/lib/python3.12/site-packages/airflow/example_dags/example_bash_operator.py
[2024-05-02T22:53:11.967+0000] {processor.py:830} INFO - Processing file /home/airflow/.local/lib/python3.12/site-packages/airflow/example_dags/example_bash_operator.py for tasks to queue
[2024-05-02T22:53:11.973+0000] {logging_mixin.py:188} INFO - [2024-05-02T22:53:11.972+0000] {dagbag.py:540} INFO - Filling up the DagBag from /home/airflow/.local/lib/python3.12/site-packages/airflow/example_dags/example_bash_operator.py
[2024-05-02T22:53:12.007+0000] {processor.py:840} INFO - DAG(s) 'example_bash_operator' retrieved from /home/airflow/.local/lib/python3.12/site-packages/airflow/example_dags/example_bash_operator.py
[2024-05-02T22:53:12.085+0000] {logging_mixin.py:188} INFO - [2024-05-02T22:53:12.084+0000] {dag.py:3096} INFO - Sync 1 DAGs
[2024-05-02T22:53:12.151+0000] {logging_mixin.py:188} INFO - [2024-05-02T22:53:12.150+0000] {dag.py:3954} INFO - Setting next_dagrun for example_bash_operator to 2024-05-01 00:00:00+00:00, run_after=2024-05-02 00:00:00+00:00
[2024-05-02T22:53:12.233+0000] {processor.py:183} INFO - Processing /home/airflow/.local/lib/python3.12/site-packages/airflow/example_dags/example_bash_operator.py took 0.286 seconds
[2024-05-02T22:53:42.678+0000] {processor.py:161} INFO - Started process (PID=2431) to work on /home/airflow/.local/lib/python3.12/site-packages/airflow/example_dags/example_bash_operator.py
[2024-05-02T22:53:42.683+0000] {processor.py:830} INFO - Processing file /home/airflow/.local/lib/python3.12/site-packages/airflow/example_dags/example_bash_operator.py for tasks to queue
[2024-05-02T22:53:42.686+0000] {logging_mixin.py:188} INFO - [2024-05-02T22:53:42.685+0000] {dagbag.py:540} INFO - Filling up the DagBag from /home/airflow/.local/lib/python3.12/site-packages/airflow/example_dags/example_bash_operator.py
[2024-05-02T22:53:42.713+0000] {processor.py:840} INFO - DAG(s) 'example_bash_operator' retrieved from /home/airflow/.local/lib/python3.12/site-packages/airflow/example_dags/example_bash_operator.py
[2024-05-02T22:53:42.776+0000] {logging_mixin.py:188} INFO - [2024-05-02T22:53:42.775+0000] {dag.py:3096} INFO - Sync 1 DAGs
[2024-05-02T22:53:42.828+0000] {logging_mixin.py:188} INFO - [2024-05-02T22:53:42.827+0000] {dag.py:3954} INFO - Setting next_dagrun for example_bash_operator to 2024-05-01 00:00:00+00:00, run_after=2024-05-02 00:00:00+00:00
[2024-05-02T22:53:42.862+0000] {processor.py:183} INFO - Processing /home/airflow/.local/lib/python3.12/site-packages/airflow/example_dags/example_bash_operator.py took 0.196 seconds
[2024-05-02T22:54:13.273+0000] {processor.py:161} INFO - Started process (PID=2490) to work on /home/airflow/.local/lib/python3.12/site-packages/airflow/example_dags/example_bash_operator.py
[2024-05-02T22:54:13.275+0000] {processor.py:830} INFO - Processing file /home/airflow/.local/lib/python3.12/site-packages/airflow/example_dags/example_bash_operator.py for tasks to queue
[2024-05-02T22:54:13.297+0000] {logging_mixin.py:188} INFO - [2024-05-02T22:54:13.296+0000] {dagbag.py:540} INFO - Filling up the DagBag from /home/airflow/.local/lib/python3.12/site-packages/airflow/example_dags/example_bash_operator.py
[2024-05-02T22:54:13.335+0000] {processor.py:840} INFO - DAG(s) 'example_bash_operator' retrieved from /home/airflow/.local/lib/python3.12/site-packages/airflow/example_dags/example_bash_operator.py
[2024-05-02T22:54:13.362+0000] {logging_mixin.py:188} INFO - [2024-05-02T22:54:13.361+0000] {dag.py:3096} INFO - Sync 1 DAGs
[2024-05-02T22:54:13.441+0000] {logging_mixin.py:188} INFO - [2024-05-02T22:54:13.440+0000] {dag.py:3954} INFO - Setting next_dagrun for example_bash_operator to 2024-05-01 00:00:00+00:00, run_after=2024-05-02 00:00:00+00:00
[2024-05-02T22:54:13.571+0000] {processor.py:183} INFO - Processing /home/airflow/.local/lib/python3.12/site-packages/airflow/example_dags/example_bash_operator.py took 0.326 seconds
[2024-05-02T22:54:43.908+0000] {processor.py:161} INFO - Started process (PID=2549) to work on /home/airflow/.local/lib/python3.12/site-packages/airflow/example_dags/example_bash_operator.py
[2024-05-02T22:54:43.917+0000] {processor.py:830} INFO - Processing file /home/airflow/.local/lib/python3.12/site-packages/airflow/example_dags/example_bash_operator.py for tasks to queue
[2024-05-02T22:54:43.922+0000] {logging_mixin.py:188} INFO - [2024-05-02T22:54:43.921+0000] {dagbag.py:540} INFO - Filling up the DagBag from /home/airflow/.local/lib/python3.12/site-packages/airflow/example_dags/example_bash_operator.py
[2024-05-02T22:54:43.972+0000] {processor.py:840} INFO - DAG(s) 'example_bash_operator' retrieved from /home/airflow/.local/lib/python3.12/site-packages/airflow/example_dags/example_bash_operator.py
[2024-05-02T22:54:44.432+0000] {logging_mixin.py:188} INFO - [2024-05-02T22:54:44.431+0000] {dag.py:3096} INFO - Sync 1 DAGs
[2024-05-02T22:54:44.496+0000] {logging_mixin.py:188} INFO - [2024-05-02T22:54:44.496+0000] {dag.py:3954} INFO - Setting next_dagrun for example_bash_operator to 2024-05-01 00:00:00+00:00, run_after=2024-05-02 00:00:00+00:00
[2024-05-02T22:54:44.560+0000] {processor.py:183} INFO - Processing /home/airflow/.local/lib/python3.12/site-packages/airflow/example_dags/example_bash_operator.py took 0.665 seconds
[2024-05-02T22:55:14.995+0000] {processor.py:161} INFO - Started process (PID=2608) to work on /home/airflow/.local/lib/python3.12/site-packages/airflow/example_dags/example_bash_operator.py
[2024-05-02T22:55:14.998+0000] {processor.py:830} INFO - Processing file /home/airflow/.local/lib/python3.12/site-packages/airflow/example_dags/example_bash_operator.py for tasks to queue
[2024-05-02T22:55:15.002+0000] {logging_mixin.py:188} INFO - [2024-05-02T22:55:15.001+0000] {dagbag.py:540} INFO - Filling up the DagBag from /home/airflow/.local/lib/python3.12/site-packages/airflow/example_dags/example_bash_operator.py
[2024-05-02T22:55:15.039+0000] {processor.py:840} INFO - DAG(s) 'example_bash_operator' retrieved from /home/airflow/.local/lib/python3.12/site-packages/airflow/example_dags/example_bash_operator.py
[2024-05-02T22:55:15.147+0000] {logging_mixin.py:188} INFO - [2024-05-02T22:55:15.146+0000] {dag.py:3096} INFO - Sync 1 DAGs
[2024-05-02T22:55:15.214+0000] {logging_mixin.py:188} INFO - [2024-05-02T22:55:15.214+0000] {dag.py:3954} INFO - Setting next_dagrun for example_bash_operator to 2024-05-01 00:00:00+00:00, run_after=2024-05-02 00:00:00+00:00
[2024-05-02T22:55:15.258+0000] {processor.py:183} INFO - Processing /home/airflow/.local/lib/python3.12/site-packages/airflow/example_dags/example_bash_operator.py took 0.283 seconds
[2024-05-02T22:55:48.153+0000] {processor.py:161} INFO - Started process (PID=2666) to work on /home/airflow/.local/lib/python3.12/site-packages/airflow/example_dags/example_bash_operator.py
[2024-05-02T22:55:48.171+0000] {processor.py:830} INFO - Processing file /home/airflow/.local/lib/python3.12/site-packages/airflow/example_dags/example_bash_operator.py for tasks to queue
[2024-05-02T22:55:48.182+0000] {logging_mixin.py:188} INFO - [2024-05-02T22:55:48.181+0000] {dagbag.py:540} INFO - Filling up the DagBag from /home/airflow/.local/lib/python3.12/site-packages/airflow/example_dags/example_bash_operator.py
[2024-05-02T22:55:48.261+0000] {processor.py:840} INFO - DAG(s) 'example_bash_operator' retrieved from /home/airflow/.local/lib/python3.12/site-packages/airflow/example_dags/example_bash_operator.py
[2024-05-02T22:55:48.485+0000] {logging_mixin.py:188} INFO - [2024-05-02T22:55:48.485+0000] {dag.py:3096} INFO - Sync 1 DAGs
[2024-05-02T22:55:48.695+0000] {logging_mixin.py:188} INFO - [2024-05-02T22:55:48.694+0000] {dag.py:3954} INFO - Setting next_dagrun for example_bash_operator to 2024-05-01 00:00:00+00:00, run_after=2024-05-02 00:00:00+00:00
[2024-05-02T22:55:48.859+0000] {processor.py:183} INFO - Processing /home/airflow/.local/lib/python3.12/site-packages/airflow/example_dags/example_bash_operator.py took 0.740 seconds
[2024-05-02T22:57:10.536+0000] {processor.py:161} INFO - Started process (PID=54) to work on /home/airflow/.local/lib/python3.12/site-packages/airflow/example_dags/example_bash_operator.py
[2024-05-02T22:57:10.538+0000] {processor.py:830} INFO - Processing file /home/airflow/.local/lib/python3.12/site-packages/airflow/example_dags/example_bash_operator.py for tasks to queue
[2024-05-02T22:57:10.542+0000] {logging_mixin.py:188} INFO - [2024-05-02T22:57:10.541+0000] {dagbag.py:540} INFO - Filling up the DagBag from /home/airflow/.local/lib/python3.12/site-packages/airflow/example_dags/example_bash_operator.py
[2024-05-02T22:57:10.575+0000] {processor.py:840} INFO - DAG(s) 'example_bash_operator' retrieved from /home/airflow/.local/lib/python3.12/site-packages/airflow/example_dags/example_bash_operator.py
[2024-05-02T22:57:10.643+0000] {logging_mixin.py:188} INFO - [2024-05-02T22:57:10.642+0000] {dag.py:3096} INFO - Sync 1 DAGs
[2024-05-02T22:57:10.694+0000] {logging_mixin.py:188} INFO - [2024-05-02T22:57:10.694+0000] {dag.py:3954} INFO - Setting next_dagrun for example_bash_operator to 2024-05-01 00:00:00+00:00, run_after=2024-05-02 00:00:00+00:00
[2024-05-02T22:57:10.734+0000] {processor.py:183} INFO - Processing /home/airflow/.local/lib/python3.12/site-packages/airflow/example_dags/example_bash_operator.py took 0.207 seconds
[2024-05-02T22:57:55.354+0000] {processor.py:161} INFO - Started process (PID=123) to work on /home/airflow/.local/lib/python3.12/site-packages/airflow/example_dags/example_bash_operator.py
[2024-05-02T22:57:55.355+0000] {processor.py:830} INFO - Processing file /home/airflow/.local/lib/python3.12/site-packages/airflow/example_dags/example_bash_operator.py for tasks to queue
[2024-05-02T22:57:55.364+0000] {logging_mixin.py:188} INFO - [2024-05-02T22:57:55.360+0000] {dagbag.py:540} INFO - Filling up the DagBag from /home/airflow/.local/lib/python3.12/site-packages/airflow/example_dags/example_bash_operator.py
[2024-05-02T22:57:56.008+0000] {processor.py:840} INFO - DAG(s) 'example_bash_operator' retrieved from /home/airflow/.local/lib/python3.12/site-packages/airflow/example_dags/example_bash_operator.py
[2024-05-02T22:57:56.448+0000] {logging_mixin.py:188} INFO - [2024-05-02T22:57:56.447+0000] {dag.py:3096} INFO - Sync 1 DAGs
[2024-05-02T22:57:56.624+0000] {logging_mixin.py:188} INFO - [2024-05-02T22:57:56.622+0000] {dag.py:3954} INFO - Setting next_dagrun for example_bash_operator to 2024-05-01 00:00:00+00:00, run_after=2024-05-02 00:00:00+00:00
[2024-05-02T22:57:56.742+0000] {processor.py:183} INFO - Processing /home/airflow/.local/lib/python3.12/site-packages/airflow/example_dags/example_bash_operator.py took 1.399 seconds
[2024-05-02T22:58:27.453+0000] {processor.py:161} INFO - Started process (PID=181) to work on /home/airflow/.local/lib/python3.12/site-packages/airflow/example_dags/example_bash_operator.py
[2024-05-02T22:58:27.455+0000] {processor.py:830} INFO - Processing file /home/airflow/.local/lib/python3.12/site-packages/airflow/example_dags/example_bash_operator.py for tasks to queue
[2024-05-02T22:58:27.469+0000] {logging_mixin.py:188} INFO - [2024-05-02T22:58:27.461+0000] {dagbag.py:540} INFO - Filling up the DagBag from /home/airflow/.local/lib/python3.12/site-packages/airflow/example_dags/example_bash_operator.py
[2024-05-02T22:58:27.629+0000] {processor.py:840} INFO - DAG(s) 'example_bash_operator' retrieved from /home/airflow/.local/lib/python3.12/site-packages/airflow/example_dags/example_bash_operator.py
[2024-05-02T22:58:27.875+0000] {logging_mixin.py:188} INFO - [2024-05-02T22:58:27.874+0000] {dag.py:3096} INFO - Sync 1 DAGs
[2024-05-02T22:58:28.046+0000] {logging_mixin.py:188} INFO - [2024-05-02T22:58:28.045+0000] {dag.py:3954} INFO - Setting next_dagrun for example_bash_operator to 2024-05-01 00:00:00+00:00, run_after=2024-05-02 00:00:00+00:00
[2024-05-02T22:58:28.375+0000] {processor.py:183} INFO - Processing /home/airflow/.local/lib/python3.12/site-packages/airflow/example_dags/example_bash_operator.py took 0.982 seconds
[2024-05-02T22:59:05.099+0000] {processor.py:161} INFO - Started process (PID=245) to work on /home/airflow/.local/lib/python3.12/site-packages/airflow/example_dags/example_bash_operator.py
[2024-05-02T22:59:05.101+0000] {processor.py:830} INFO - Processing file /home/airflow/.local/lib/python3.12/site-packages/airflow/example_dags/example_bash_operator.py for tasks to queue
[2024-05-02T22:59:05.115+0000] {logging_mixin.py:188} INFO - [2024-05-02T22:59:05.114+0000] {dagbag.py:540} INFO - Filling up the DagBag from /home/airflow/.local/lib/python3.12/site-packages/airflow/example_dags/example_bash_operator.py
[2024-05-02T22:59:05.179+0000] {processor.py:840} INFO - DAG(s) 'example_bash_operator' retrieved from /home/airflow/.local/lib/python3.12/site-packages/airflow/example_dags/example_bash_operator.py
[2024-05-02T22:59:05.298+0000] {logging_mixin.py:188} INFO - [2024-05-02T22:59:05.298+0000] {dag.py:3096} INFO - Sync 1 DAGs
[2024-05-02T22:59:05.400+0000] {logging_mixin.py:188} INFO - [2024-05-02T22:59:05.399+0000] {dag.py:3954} INFO - Setting next_dagrun for example_bash_operator to 2024-05-01 00:00:00+00:00, run_after=2024-05-02 00:00:00+00:00
[2024-05-02T22:59:05.476+0000] {processor.py:183} INFO - Processing /home/airflow/.local/lib/python3.12/site-packages/airflow/example_dags/example_bash_operator.py took 0.398 seconds
[2024-05-02T22:59:36.394+0000] {processor.py:161} INFO - Started process (PID=306) to work on /home/airflow/.local/lib/python3.12/site-packages/airflow/example_dags/example_bash_operator.py
[2024-05-02T22:59:36.402+0000] {processor.py:830} INFO - Processing file /home/airflow/.local/lib/python3.12/site-packages/airflow/example_dags/example_bash_operator.py for tasks to queue
[2024-05-02T22:59:36.418+0000] {logging_mixin.py:188} INFO - [2024-05-02T22:59:36.417+0000] {dagbag.py:540} INFO - Filling up the DagBag from /home/airflow/.local/lib/python3.12/site-packages/airflow/example_dags/example_bash_operator.py
[2024-05-02T22:59:36.505+0000] {processor.py:840} INFO - DAG(s) 'example_bash_operator' retrieved from /home/airflow/.local/lib/python3.12/site-packages/airflow/example_dags/example_bash_operator.py
[2024-05-02T22:59:36.711+0000] {logging_mixin.py:188} INFO - [2024-05-02T22:59:36.710+0000] {dag.py:3096} INFO - Sync 1 DAGs
[2024-05-02T22:59:37.069+0000] {logging_mixin.py:188} INFO - [2024-05-02T22:59:37.053+0000] {dag.py:3954} INFO - Setting next_dagrun for example_bash_operator to 2024-05-01 00:00:00+00:00, run_after=2024-05-02 00:00:00+00:00
[2024-05-02T22:59:37.257+0000] {processor.py:183} INFO - Processing /home/airflow/.local/lib/python3.12/site-packages/airflow/example_dags/example_bash_operator.py took 0.884 seconds
[2024-05-02T23:00:08.609+0000] {processor.py:161} INFO - Started process (PID=364) to work on /home/airflow/.local/lib/python3.12/site-packages/airflow/example_dags/example_bash_operator.py
[2024-05-02T23:00:08.619+0000] {processor.py:830} INFO - Processing file /home/airflow/.local/lib/python3.12/site-packages/airflow/example_dags/example_bash_operator.py for tasks to queue
[2024-05-02T23:00:08.639+0000] {logging_mixin.py:188} INFO - [2024-05-02T23:00:08.637+0000] {dagbag.py:540} INFO - Filling up the DagBag from /home/airflow/.local/lib/python3.12/site-packages/airflow/example_dags/example_bash_operator.py
[2024-05-02T23:00:08.761+0000] {processor.py:840} INFO - DAG(s) 'example_bash_operator' retrieved from /home/airflow/.local/lib/python3.12/site-packages/airflow/example_dags/example_bash_operator.py
[2024-05-02T23:00:09.052+0000] {logging_mixin.py:188} INFO - [2024-05-02T23:00:09.051+0000] {dag.py:3096} INFO - Sync 1 DAGs
[2024-05-02T23:00:09.323+0000] {logging_mixin.py:188} INFO - [2024-05-02T23:00:09.322+0000] {dag.py:3954} INFO - Setting next_dagrun for example_bash_operator to 2024-05-01 00:00:00+00:00, run_after=2024-05-02 00:00:00+00:00
[2024-05-02T23:00:09.491+0000] {processor.py:183} INFO - Processing /home/airflow/.local/lib/python3.12/site-packages/airflow/example_dags/example_bash_operator.py took 0.919 seconds
[2024-05-02T23:00:40.322+0000] {processor.py:161} INFO - Started process (PID=423) to work on /home/airflow/.local/lib/python3.12/site-packages/airflow/example_dags/example_bash_operator.py
[2024-05-02T23:00:40.325+0000] {processor.py:830} INFO - Processing file /home/airflow/.local/lib/python3.12/site-packages/airflow/example_dags/example_bash_operator.py for tasks to queue
[2024-05-02T23:00:40.333+0000] {logging_mixin.py:188} INFO - [2024-05-02T23:00:40.331+0000] {dagbag.py:540} INFO - Filling up the DagBag from /home/airflow/.local/lib/python3.12/site-packages/airflow/example_dags/example_bash_operator.py
[2024-05-02T23:00:40.358+0000] {processor.py:840} INFO - DAG(s) 'example_bash_operator' retrieved from /home/airflow/.local/lib/python3.12/site-packages/airflow/example_dags/example_bash_operator.py
[2024-05-02T23:00:40.427+0000] {logging_mixin.py:188} INFO - [2024-05-02T23:00:40.426+0000] {dag.py:3096} INFO - Sync 1 DAGs
[2024-05-02T23:00:40.475+0000] {logging_mixin.py:188} INFO - [2024-05-02T23:00:40.474+0000] {dag.py:3954} INFO - Setting next_dagrun for example_bash_operator to 2024-05-01 00:00:00+00:00, run_after=2024-05-02 00:00:00+00:00
[2024-05-02T23:00:40.515+0000] {processor.py:183} INFO - Processing /home/airflow/.local/lib/python3.12/site-packages/airflow/example_dags/example_bash_operator.py took 0.209 seconds
[2024-05-02T23:01:11.474+0000] {processor.py:161} INFO - Started process (PID=483) to work on /home/airflow/.local/lib/python3.12/site-packages/airflow/example_dags/example_bash_operator.py
[2024-05-02T23:01:11.477+0000] {processor.py:830} INFO - Processing file /home/airflow/.local/lib/python3.12/site-packages/airflow/example_dags/example_bash_operator.py for tasks to queue
[2024-05-02T23:01:11.482+0000] {logging_mixin.py:188} INFO - [2024-05-02T23:01:11.481+0000] {dagbag.py:540} INFO - Filling up the DagBag from /home/airflow/.local/lib/python3.12/site-packages/airflow/example_dags/example_bash_operator.py
[2024-05-02T23:01:11.539+0000] {processor.py:840} INFO - DAG(s) 'example_bash_operator' retrieved from /home/airflow/.local/lib/python3.12/site-packages/airflow/example_dags/example_bash_operator.py
[2024-05-02T23:01:11.620+0000] {logging_mixin.py:188} INFO - [2024-05-02T23:01:11.619+0000] {dag.py:3096} INFO - Sync 1 DAGs
[2024-05-02T23:01:11.699+0000] {logging_mixin.py:188} INFO - [2024-05-02T23:01:11.698+0000] {dag.py:3954} INFO - Setting next_dagrun for example_bash_operator to 2024-05-01 00:00:00+00:00, run_after=2024-05-02 00:00:00+00:00
[2024-05-02T23:01:11.761+0000] {processor.py:183} INFO - Processing /home/airflow/.local/lib/python3.12/site-packages/airflow/example_dags/example_bash_operator.py took 0.319 seconds
[2024-05-02T23:01:42.083+0000] {processor.py:161} INFO - Started process (PID=542) to work on /home/airflow/.local/lib/python3.12/site-packages/airflow/example_dags/example_bash_operator.py
[2024-05-02T23:01:42.085+0000] {processor.py:830} INFO - Processing file /home/airflow/.local/lib/python3.12/site-packages/airflow/example_dags/example_bash_operator.py for tasks to queue
[2024-05-02T23:01:42.090+0000] {logging_mixin.py:188} INFO - [2024-05-02T23:01:42.089+0000] {dagbag.py:540} INFO - Filling up the DagBag from /home/airflow/.local/lib/python3.12/site-packages/airflow/example_dags/example_bash_operator.py
[2024-05-02T23:01:42.126+0000] {processor.py:840} INFO - DAG(s) 'example_bash_operator' retrieved from /home/airflow/.local/lib/python3.12/site-packages/airflow/example_dags/example_bash_operator.py
[2024-05-02T23:01:42.207+0000] {logging_mixin.py:188} INFO - [2024-05-02T23:01:42.207+0000] {dag.py:3096} INFO - Sync 1 DAGs
[2024-05-02T23:01:42.258+0000] {logging_mixin.py:188} INFO - [2024-05-02T23:01:42.257+0000] {dag.py:3954} INFO - Setting next_dagrun for example_bash_operator to 2024-05-01 00:00:00+00:00, run_after=2024-05-02 00:00:00+00:00
[2024-05-02T23:01:42.296+0000] {processor.py:183} INFO - Processing /home/airflow/.local/lib/python3.12/site-packages/airflow/example_dags/example_bash_operator.py took 0.229 seconds
[2024-05-02T23:02:12.847+0000] {processor.py:161} INFO - Started process (PID=602) to work on /home/airflow/.local/lib/python3.12/site-packages/airflow/example_dags/example_bash_operator.py
[2024-05-02T23:02:12.855+0000] {processor.py:830} INFO - Processing file /home/airflow/.local/lib/python3.12/site-packages/airflow/example_dags/example_bash_operator.py for tasks to queue
[2024-05-02T23:02:12.865+0000] {logging_mixin.py:188} INFO - [2024-05-02T23:02:12.864+0000] {dagbag.py:540} INFO - Filling up the DagBag from /home/airflow/.local/lib/python3.12/site-packages/airflow/example_dags/example_bash_operator.py
[2024-05-02T23:02:12.927+0000] {processor.py:840} INFO - DAG(s) 'example_bash_operator' retrieved from /home/airflow/.local/lib/python3.12/site-packages/airflow/example_dags/example_bash_operator.py
[2024-05-02T23:02:13.104+0000] {logging_mixin.py:188} INFO - [2024-05-02T23:02:13.103+0000] {dag.py:3096} INFO - Sync 1 DAGs
[2024-05-02T23:02:13.207+0000] {logging_mixin.py:188} INFO - [2024-05-02T23:02:13.206+0000] {dag.py:3954} INFO - Setting next_dagrun for example_bash_operator to 2024-05-01 00:00:00+00:00, run_after=2024-05-02 00:00:00+00:00
[2024-05-02T23:02:13.298+0000] {processor.py:183} INFO - Processing /home/airflow/.local/lib/python3.12/site-packages/airflow/example_dags/example_bash_operator.py took 0.473 seconds
[2024-05-02T23:02:43.961+0000] {processor.py:161} INFO - Started process (PID=661) to work on /home/airflow/.local/lib/python3.12/site-packages/airflow/example_dags/example_bash_operator.py
[2024-05-02T23:02:43.963+0000] {processor.py:830} INFO - Processing file /home/airflow/.local/lib/python3.12/site-packages/airflow/example_dags/example_bash_operator.py for tasks to queue
[2024-05-02T23:02:43.968+0000] {logging_mixin.py:188} INFO - [2024-05-02T23:02:43.967+0000] {dagbag.py:540} INFO - Filling up the DagBag from /home/airflow/.local/lib/python3.12/site-packages/airflow/example_dags/example_bash_operator.py
[2024-05-02T23:02:44.004+0000] {processor.py:840} INFO - DAG(s) 'example_bash_operator' retrieved from /home/airflow/.local/lib/python3.12/site-packages/airflow/example_dags/example_bash_operator.py
[2024-05-02T23:02:44.085+0000] {logging_mixin.py:188} INFO - [2024-05-02T23:02:44.084+0000] {dag.py:3096} INFO - Sync 1 DAGs
[2024-05-02T23:02:44.161+0000] {logging_mixin.py:188} INFO - [2024-05-02T23:02:44.161+0000] {dag.py:3954} INFO - Setting next_dagrun for example_bash_operator to 2024-05-01 00:00:00+00:00, run_after=2024-05-02 00:00:00+00:00
[2024-05-02T23:02:44.253+0000] {processor.py:183} INFO - Processing /home/airflow/.local/lib/python3.12/site-packages/airflow/example_dags/example_bash_operator.py took 0.305 seconds
[2024-05-02T23:03:14.702+0000] {processor.py:161} INFO - Started process (PID=720) to work on /home/airflow/.local/lib/python3.12/site-packages/airflow/example_dags/example_bash_operator.py
[2024-05-02T23:03:14.704+0000] {processor.py:830} INFO - Processing file /home/airflow/.local/lib/python3.12/site-packages/airflow/example_dags/example_bash_operator.py for tasks to queue
[2024-05-02T23:03:14.708+0000] {logging_mixin.py:188} INFO - [2024-05-02T23:03:14.707+0000] {dagbag.py:540} INFO - Filling up the DagBag from /home/airflow/.local/lib/python3.12/site-packages/airflow/example_dags/example_bash_operator.py
[2024-05-02T23:03:14.738+0000] {processor.py:840} INFO - DAG(s) 'example_bash_operator' retrieved from /home/airflow/.local/lib/python3.12/site-packages/airflow/example_dags/example_bash_operator.py
[2024-05-02T23:03:14.815+0000] {logging_mixin.py:188} INFO - [2024-05-02T23:03:14.815+0000] {dag.py:3096} INFO - Sync 1 DAGs
[2024-05-02T23:03:14.888+0000] {logging_mixin.py:188} INFO - [2024-05-02T23:03:14.888+0000] {dag.py:3954} INFO - Setting next_dagrun for example_bash_operator to 2024-05-01 00:00:00+00:00, run_after=2024-05-02 00:00:00+00:00
[2024-05-02T23:03:14.949+0000] {processor.py:183} INFO - Processing /home/airflow/.local/lib/python3.12/site-packages/airflow/example_dags/example_bash_operator.py took 0.259 seconds
[2024-05-02T23:03:45.050+0000] {processor.py:161} INFO - Started process (PID=778) to work on /home/airflow/.local/lib/python3.12/site-packages/airflow/example_dags/example_bash_operator.py
[2024-05-02T23:03:45.052+0000] {processor.py:830} INFO - Processing file /home/airflow/.local/lib/python3.12/site-packages/airflow/example_dags/example_bash_operator.py for tasks to queue
[2024-05-02T23:03:45.059+0000] {logging_mixin.py:188} INFO - [2024-05-02T23:03:45.058+0000] {dagbag.py:540} INFO - Filling up the DagBag from /home/airflow/.local/lib/python3.12/site-packages/airflow/example_dags/example_bash_operator.py
[2024-05-02T23:03:45.124+0000] {processor.py:840} INFO - DAG(s) 'example_bash_operator' retrieved from /home/airflow/.local/lib/python3.12/site-packages/airflow/example_dags/example_bash_operator.py
[2024-05-02T23:03:45.235+0000] {logging_mixin.py:188} INFO - [2024-05-02T23:03:45.234+0000] {dag.py:3096} INFO - Sync 1 DAGs
[2024-05-02T23:03:45.730+0000] {logging_mixin.py:188} INFO - [2024-05-02T23:03:45.729+0000] {dag.py:3954} INFO - Setting next_dagrun for example_bash_operator to 2024-05-01 00:00:00+00:00, run_after=2024-05-02 00:00:00+00:00
[2024-05-02T23:03:45.786+0000] {processor.py:183} INFO - Processing /home/airflow/.local/lib/python3.12/site-packages/airflow/example_dags/example_bash_operator.py took 0.750 seconds
[2024-05-02T23:04:16.107+0000] {processor.py:161} INFO - Started process (PID=837) to work on /home/airflow/.local/lib/python3.12/site-packages/airflow/example_dags/example_bash_operator.py
[2024-05-02T23:04:16.109+0000] {processor.py:830} INFO - Processing file /home/airflow/.local/lib/python3.12/site-packages/airflow/example_dags/example_bash_operator.py for tasks to queue
[2024-05-02T23:04:16.113+0000] {logging_mixin.py:188} INFO - [2024-05-02T23:04:16.113+0000] {dagbag.py:540} INFO - Filling up the DagBag from /home/airflow/.local/lib/python3.12/site-packages/airflow/example_dags/example_bash_operator.py
[2024-05-02T23:04:16.137+0000] {processor.py:840} INFO - DAG(s) 'example_bash_operator' retrieved from /home/airflow/.local/lib/python3.12/site-packages/airflow/example_dags/example_bash_operator.py
[2024-05-02T23:04:16.190+0000] {logging_mixin.py:188} INFO - [2024-05-02T23:04:16.190+0000] {dag.py:3096} INFO - Sync 1 DAGs
[2024-05-02T23:04:16.237+0000] {logging_mixin.py:188} INFO - [2024-05-02T23:04:16.236+0000] {dag.py:3954} INFO - Setting next_dagrun for example_bash_operator to 2024-05-01 00:00:00+00:00, run_after=2024-05-02 00:00:00+00:00
[2024-05-02T23:04:16.286+0000] {processor.py:183} INFO - Processing /home/airflow/.local/lib/python3.12/site-packages/airflow/example_dags/example_bash_operator.py took 0.192 seconds
[2024-05-02T23:04:46.657+0000] {processor.py:161} INFO - Started process (PID=896) to work on /home/airflow/.local/lib/python3.12/site-packages/airflow/example_dags/example_bash_operator.py
[2024-05-02T23:04:46.659+0000] {processor.py:830} INFO - Processing file /home/airflow/.local/lib/python3.12/site-packages/airflow/example_dags/example_bash_operator.py for tasks to queue
[2024-05-02T23:04:46.665+0000] {logging_mixin.py:188} INFO - [2024-05-02T23:04:46.663+0000] {dagbag.py:540} INFO - Filling up the DagBag from /home/airflow/.local/lib/python3.12/site-packages/airflow/example_dags/example_bash_operator.py
[2024-05-02T23:04:46.700+0000] {processor.py:840} INFO - DAG(s) 'example_bash_operator' retrieved from /home/airflow/.local/lib/python3.12/site-packages/airflow/example_dags/example_bash_operator.py
[2024-05-02T23:04:46.768+0000] {logging_mixin.py:188} INFO - [2024-05-02T23:04:46.767+0000] {dag.py:3096} INFO - Sync 1 DAGs
[2024-05-02T23:04:46.839+0000] {logging_mixin.py:188} INFO - [2024-05-02T23:04:46.838+0000] {dag.py:3954} INFO - Setting next_dagrun for example_bash_operator to 2024-05-01 00:00:00+00:00, run_after=2024-05-02 00:00:00+00:00
[2024-05-02T23:04:46.908+0000] {processor.py:183} INFO - Processing /home/airflow/.local/lib/python3.12/site-packages/airflow/example_dags/example_bash_operator.py took 0.269 seconds
[2024-05-02T23:05:17.478+0000] {processor.py:161} INFO - Started process (PID=955) to work on /home/airflow/.local/lib/python3.12/site-packages/airflow/example_dags/example_bash_operator.py
[2024-05-02T23:05:17.480+0000] {processor.py:830} INFO - Processing file /home/airflow/.local/lib/python3.12/site-packages/airflow/example_dags/example_bash_operator.py for tasks to queue
[2024-05-02T23:05:17.483+0000] {logging_mixin.py:188} INFO - [2024-05-02T23:05:17.482+0000] {dagbag.py:540} INFO - Filling up the DagBag from /home/airflow/.local/lib/python3.12/site-packages/airflow/example_dags/example_bash_operator.py
[2024-05-02T23:05:17.507+0000] {processor.py:840} INFO - DAG(s) 'example_bash_operator' retrieved from /home/airflow/.local/lib/python3.12/site-packages/airflow/example_dags/example_bash_operator.py
[2024-05-02T23:05:17.567+0000] {logging_mixin.py:188} INFO - [2024-05-02T23:05:17.567+0000] {dag.py:3096} INFO - Sync 1 DAGs
[2024-05-02T23:05:17.650+0000] {logging_mixin.py:188} INFO - [2024-05-02T23:05:17.649+0000] {dag.py:3954} INFO - Setting next_dagrun for example_bash_operator to 2024-05-01 00:00:00+00:00, run_after=2024-05-02 00:00:00+00:00
[2024-05-02T23:05:17.717+0000] {processor.py:183} INFO - Processing /home/airflow/.local/lib/python3.12/site-packages/airflow/example_dags/example_bash_operator.py took 0.248 seconds
[2024-05-02T23:05:48.242+0000] {processor.py:161} INFO - Started process (PID=1013) to work on /home/airflow/.local/lib/python3.12/site-packages/airflow/example_dags/example_bash_operator.py
[2024-05-02T23:05:48.244+0000] {processor.py:830} INFO - Processing file /home/airflow/.local/lib/python3.12/site-packages/airflow/example_dags/example_bash_operator.py for tasks to queue
[2024-05-02T23:05:48.249+0000] {logging_mixin.py:188} INFO - [2024-05-02T23:05:48.248+0000] {dagbag.py:540} INFO - Filling up the DagBag from /home/airflow/.local/lib/python3.12/site-packages/airflow/example_dags/example_bash_operator.py
[2024-05-02T23:05:48.286+0000] {processor.py:840} INFO - DAG(s) 'example_bash_operator' retrieved from /home/airflow/.local/lib/python3.12/site-packages/airflow/example_dags/example_bash_operator.py
[2024-05-02T23:05:48.431+0000] {logging_mixin.py:188} INFO - [2024-05-02T23:05:48.430+0000] {dag.py:3096} INFO - Sync 1 DAGs
[2024-05-02T23:05:48.877+0000] {logging_mixin.py:188} INFO - [2024-05-02T23:05:48.876+0000] {dag.py:3954} INFO - Setting next_dagrun for example_bash_operator to 2024-05-01 00:00:00+00:00, run_after=2024-05-02 00:00:00+00:00
[2024-05-02T23:05:48.957+0000] {processor.py:183} INFO - Processing /home/airflow/.local/lib/python3.12/site-packages/airflow/example_dags/example_bash_operator.py took 0.730 seconds
[2024-05-02T23:06:19.162+0000] {processor.py:161} INFO - Started process (PID=1072) to work on /home/airflow/.local/lib/python3.12/site-packages/airflow/example_dags/example_bash_operator.py
[2024-05-02T23:06:19.165+0000] {processor.py:830} INFO - Processing file /home/airflow/.local/lib/python3.12/site-packages/airflow/example_dags/example_bash_operator.py for tasks to queue
[2024-05-02T23:06:19.169+0000] {logging_mixin.py:188} INFO - [2024-05-02T23:06:19.168+0000] {dagbag.py:540} INFO - Filling up the DagBag from /home/airflow/.local/lib/python3.12/site-packages/airflow/example_dags/example_bash_operator.py
[2024-05-02T23:06:19.212+0000] {processor.py:840} INFO - DAG(s) 'example_bash_operator' retrieved from /home/airflow/.local/lib/python3.12/site-packages/airflow/example_dags/example_bash_operator.py
[2024-05-02T23:06:19.287+0000] {logging_mixin.py:188} INFO - [2024-05-02T23:06:19.286+0000] {dag.py:3096} INFO - Sync 1 DAGs
[2024-05-02T23:06:19.337+0000] {logging_mixin.py:188} INFO - [2024-05-02T23:06:19.337+0000] {dag.py:3954} INFO - Setting next_dagrun for example_bash_operator to 2024-05-01 00:00:00+00:00, run_after=2024-05-02 00:00:00+00:00
[2024-05-02T23:06:19.375+0000] {processor.py:183} INFO - Processing /home/airflow/.local/lib/python3.12/site-packages/airflow/example_dags/example_bash_operator.py took 0.229 seconds
[2024-05-02T23:06:49.816+0000] {processor.py:161} INFO - Started process (PID=1131) to work on /home/airflow/.local/lib/python3.12/site-packages/airflow/example_dags/example_bash_operator.py
[2024-05-02T23:06:49.817+0000] {processor.py:830} INFO - Processing file /home/airflow/.local/lib/python3.12/site-packages/airflow/example_dags/example_bash_operator.py for tasks to queue
[2024-05-02T23:06:49.821+0000] {logging_mixin.py:188} INFO - [2024-05-02T23:06:49.821+0000] {dagbag.py:540} INFO - Filling up the DagBag from /home/airflow/.local/lib/python3.12/site-packages/airflow/example_dags/example_bash_operator.py
[2024-05-02T23:06:49.851+0000] {processor.py:840} INFO - DAG(s) 'example_bash_operator' retrieved from /home/airflow/.local/lib/python3.12/site-packages/airflow/example_dags/example_bash_operator.py
[2024-05-02T23:06:49.952+0000] {logging_mixin.py:188} INFO - [2024-05-02T23:06:49.951+0000] {dag.py:3096} INFO - Sync 1 DAGs
[2024-05-02T23:06:50.004+0000] {logging_mixin.py:188} INFO - [2024-05-02T23:06:50.004+0000] {dag.py:3954} INFO - Setting next_dagrun for example_bash_operator to 2024-05-01 00:00:00+00:00, run_after=2024-05-02 00:00:00+00:00
[2024-05-02T23:06:50.067+0000] {processor.py:183} INFO - Processing /home/airflow/.local/lib/python3.12/site-packages/airflow/example_dags/example_bash_operator.py took 0.265 seconds
