[2024-05-02T22:20:57.628+0000] {processor.py:161} INFO - Started process (PID=76) to work on /home/airflow/.local/lib/python3.12/site-packages/airflow/example_dags/example_sla_dag.py
[2024-05-02T22:20:57.630+0000] {processor.py:830} INFO - Processing file /home/airflow/.local/lib/python3.12/site-packages/airflow/example_dags/example_sla_dag.py for tasks to queue
[2024-05-02T22:20:57.643+0000] {logging_mixin.py:188} INFO - [2024-05-02T22:20:57.642+0000] {dagbag.py:540} INFO - Filling up the DagBag from /home/airflow/.local/lib/python3.12/site-packages/airflow/example_dags/example_sla_dag.py
[2024-05-02T22:20:57.668+0000] {processor.py:840} INFO - DAG(s) 'example_sla_dag' retrieved from /home/airflow/.local/lib/python3.12/site-packages/airflow/example_dags/example_sla_dag.py
[2024-05-02T22:20:57.962+0000] {logging_mixin.py:188} INFO - [2024-05-02T22:20:57.961+0000] {dag.py:3096} INFO - Sync 1 DAGs
[2024-05-02T22:20:58.018+0000] {logging_mixin.py:188} INFO - [2024-05-02T22:20:58.017+0000] {dag.py:3954} INFO - Setting next_dagrun for example_sla_dag to 2024-05-02 22:18:00+00:00, run_after=2024-05-02 22:20:00+00:00
[2024-05-02T22:20:58.071+0000] {processor.py:183} INFO - Processing /home/airflow/.local/lib/python3.12/site-packages/airflow/example_dags/example_sla_dag.py took 0.459 seconds
[2024-05-02T22:21:48.027+0000] {processor.py:161} INFO - Started process (PID=144) to work on /home/airflow/.local/lib/python3.12/site-packages/airflow/example_dags/example_sla_dag.py
[2024-05-02T22:21:48.029+0000] {processor.py:830} INFO - Processing file /home/airflow/.local/lib/python3.12/site-packages/airflow/example_dags/example_sla_dag.py for tasks to queue
[2024-05-02T22:21:48.035+0000] {logging_mixin.py:188} INFO - [2024-05-02T22:21:48.034+0000] {dagbag.py:540} INFO - Filling up the DagBag from /home/airflow/.local/lib/python3.12/site-packages/airflow/example_dags/example_sla_dag.py
[2024-05-02T22:21:48.055+0000] {processor.py:840} INFO - DAG(s) 'example_sla_dag' retrieved from /home/airflow/.local/lib/python3.12/site-packages/airflow/example_dags/example_sla_dag.py
[2024-05-02T22:21:48.102+0000] {logging_mixin.py:188} INFO - [2024-05-02T22:21:48.101+0000] {dag.py:3096} INFO - Sync 1 DAGs
[2024-05-02T22:21:48.208+0000] {logging_mixin.py:188} INFO - [2024-05-02T22:21:48.207+0000] {dag.py:3954} INFO - Setting next_dagrun for example_sla_dag to 2024-05-02 22:18:00+00:00, run_after=2024-05-02 22:20:00+00:00
[2024-05-02T22:21:48.343+0000] {processor.py:183} INFO - Processing /home/airflow/.local/lib/python3.12/site-packages/airflow/example_dags/example_sla_dag.py took 0.321 seconds
[2024-05-02T22:23:03.859+0000] {processor.py:161} INFO - Started process (PID=215) to work on /home/airflow/.local/lib/python3.12/site-packages/airflow/example_dags/example_sla_dag.py
[2024-05-02T22:23:03.893+0000] {processor.py:830} INFO - Processing file /home/airflow/.local/lib/python3.12/site-packages/airflow/example_dags/example_sla_dag.py for tasks to queue
[2024-05-02T22:23:03.925+0000] {logging_mixin.py:188} INFO - [2024-05-02T22:23:03.924+0000] {dagbag.py:540} INFO - Filling up the DagBag from /home/airflow/.local/lib/python3.12/site-packages/airflow/example_dags/example_sla_dag.py
[2024-05-02T22:23:04.015+0000] {processor.py:840} INFO - DAG(s) 'example_sla_dag' retrieved from /home/airflow/.local/lib/python3.12/site-packages/airflow/example_dags/example_sla_dag.py
[2024-05-02T22:23:04.116+0000] {logging_mixin.py:188} INFO - [2024-05-02T22:23:04.110+0000] {dag.py:3096} INFO - Sync 1 DAGs
[2024-05-02T22:23:04.330+0000] {logging_mixin.py:188} INFO - [2024-05-02T22:23:04.329+0000] {dag.py:3954} INFO - Setting next_dagrun for example_sla_dag to 2024-05-02 22:20:00+00:00, run_after=2024-05-02 22:22:00+00:00
[2024-05-02T22:23:04.446+0000] {processor.py:183} INFO - Processing /home/airflow/.local/lib/python3.12/site-packages/airflow/example_dags/example_sla_dag.py took 0.624 seconds
[2024-05-02T22:32:42.270+0000] {processor.py:161} INFO - Started process (PID=76) to work on /home/airflow/.local/lib/python3.12/site-packages/airflow/example_dags/example_sla_dag.py
[2024-05-02T22:32:42.272+0000] {processor.py:830} INFO - Processing file /home/airflow/.local/lib/python3.12/site-packages/airflow/example_dags/example_sla_dag.py for tasks to queue
[2024-05-02T22:32:42.275+0000] {logging_mixin.py:188} INFO - [2024-05-02T22:32:42.274+0000] {dagbag.py:540} INFO - Filling up the DagBag from /home/airflow/.local/lib/python3.12/site-packages/airflow/example_dags/example_sla_dag.py
[2024-05-02T22:32:42.292+0000] {processor.py:840} INFO - DAG(s) 'example_sla_dag' retrieved from /home/airflow/.local/lib/python3.12/site-packages/airflow/example_dags/example_sla_dag.py
[2024-05-02T22:32:42.518+0000] {logging_mixin.py:188} INFO - [2024-05-02T22:32:42.516+0000] {dag.py:3096} INFO - Sync 1 DAGs
[2024-05-02T22:32:42.615+0000] {logging_mixin.py:188} INFO - [2024-05-02T22:32:42.615+0000] {dag.py:3954} INFO - Setting next_dagrun for example_sla_dag to 2024-05-02 22:30:00+00:00, run_after=2024-05-02 22:32:00+00:00
[2024-05-02T22:32:42.684+0000] {processor.py:183} INFO - Processing /home/airflow/.local/lib/python3.12/site-packages/airflow/example_dags/example_sla_dag.py took 0.424 seconds
[2024-05-02T22:33:15.330+0000] {processor.py:161} INFO - Started process (PID=135) to work on /home/airflow/.local/lib/python3.12/site-packages/airflow/example_dags/example_sla_dag.py
[2024-05-02T22:33:15.336+0000] {processor.py:830} INFO - Processing file /home/airflow/.local/lib/python3.12/site-packages/airflow/example_dags/example_sla_dag.py for tasks to queue
[2024-05-02T22:33:15.340+0000] {logging_mixin.py:188} INFO - [2024-05-02T22:33:15.340+0000] {dagbag.py:540} INFO - Filling up the DagBag from /home/airflow/.local/lib/python3.12/site-packages/airflow/example_dags/example_sla_dag.py
[2024-05-02T22:33:15.438+0000] {processor.py:840} INFO - DAG(s) 'example_sla_dag' retrieved from /home/airflow/.local/lib/python3.12/site-packages/airflow/example_dags/example_sla_dag.py
[2024-05-02T22:33:15.682+0000] {logging_mixin.py:188} INFO - [2024-05-02T22:33:15.681+0000] {dag.py:3096} INFO - Sync 1 DAGs
[2024-05-02T22:33:15.988+0000] {logging_mixin.py:188} INFO - [2024-05-02T22:33:15.988+0000] {dag.py:3954} INFO - Setting next_dagrun for example_sla_dag to 2024-05-02 22:30:00+00:00, run_after=2024-05-02 22:32:00+00:00
[2024-05-02T22:33:16.167+0000] {processor.py:183} INFO - Processing /home/airflow/.local/lib/python3.12/site-packages/airflow/example_dags/example_sla_dag.py took 0.955 seconds
[2024-05-02T22:33:47.300+0000] {processor.py:161} INFO - Started process (PID=194) to work on /home/airflow/.local/lib/python3.12/site-packages/airflow/example_dags/example_sla_dag.py
[2024-05-02T22:33:47.327+0000] {processor.py:830} INFO - Processing file /home/airflow/.local/lib/python3.12/site-packages/airflow/example_dags/example_sla_dag.py for tasks to queue
[2024-05-02T22:33:47.361+0000] {logging_mixin.py:188} INFO - [2024-05-02T22:33:47.360+0000] {dagbag.py:540} INFO - Filling up the DagBag from /home/airflow/.local/lib/python3.12/site-packages/airflow/example_dags/example_sla_dag.py
[2024-05-02T22:33:47.527+0000] {processor.py:840} INFO - DAG(s) 'example_sla_dag' retrieved from /home/airflow/.local/lib/python3.12/site-packages/airflow/example_dags/example_sla_dag.py
[2024-05-02T22:33:47.795+0000] {logging_mixin.py:188} INFO - [2024-05-02T22:33:47.794+0000] {dag.py:3096} INFO - Sync 1 DAGs
[2024-05-02T22:33:48.269+0000] {logging_mixin.py:188} INFO - [2024-05-02T22:33:48.268+0000] {dag.py:3954} INFO - Setting next_dagrun for example_sla_dag to 2024-05-02 22:30:00+00:00, run_after=2024-05-02 22:32:00+00:00
[2024-05-02T22:33:48.676+0000] {processor.py:183} INFO - Processing /home/airflow/.local/lib/python3.12/site-packages/airflow/example_dags/example_sla_dag.py took 1.449 seconds
[2024-05-02T22:34:19.427+0000] {processor.py:161} INFO - Started process (PID=253) to work on /home/airflow/.local/lib/python3.12/site-packages/airflow/example_dags/example_sla_dag.py
[2024-05-02T22:34:19.444+0000] {processor.py:830} INFO - Processing file /home/airflow/.local/lib/python3.12/site-packages/airflow/example_dags/example_sla_dag.py for tasks to queue
[2024-05-02T22:34:19.451+0000] {logging_mixin.py:188} INFO - [2024-05-02T22:34:19.450+0000] {dagbag.py:540} INFO - Filling up the DagBag from /home/airflow/.local/lib/python3.12/site-packages/airflow/example_dags/example_sla_dag.py
[2024-05-02T22:34:19.547+0000] {processor.py:840} INFO - DAG(s) 'example_sla_dag' retrieved from /home/airflow/.local/lib/python3.12/site-packages/airflow/example_dags/example_sla_dag.py
[2024-05-02T22:34:19.680+0000] {logging_mixin.py:188} INFO - [2024-05-02T22:34:19.662+0000] {dag.py:3096} INFO - Sync 1 DAGs
[2024-05-02T22:34:19.995+0000] {logging_mixin.py:188} INFO - [2024-05-02T22:34:19.995+0000] {dag.py:3954} INFO - Setting next_dagrun for example_sla_dag to 2024-05-02 22:32:00+00:00, run_after=2024-05-02 22:34:00+00:00
[2024-05-02T22:34:20.232+0000] {processor.py:183} INFO - Processing /home/airflow/.local/lib/python3.12/site-packages/airflow/example_dags/example_sla_dag.py took 0.827 seconds
[2024-05-02T22:34:51.338+0000] {processor.py:161} INFO - Started process (PID=313) to work on /home/airflow/.local/lib/python3.12/site-packages/airflow/example_dags/example_sla_dag.py
[2024-05-02T22:34:51.342+0000] {processor.py:830} INFO - Processing file /home/airflow/.local/lib/python3.12/site-packages/airflow/example_dags/example_sla_dag.py for tasks to queue
[2024-05-02T22:34:51.364+0000] {logging_mixin.py:188} INFO - [2024-05-02T22:34:51.362+0000] {dagbag.py:540} INFO - Filling up the DagBag from /home/airflow/.local/lib/python3.12/site-packages/airflow/example_dags/example_sla_dag.py
[2024-05-02T22:34:51.425+0000] {processor.py:840} INFO - DAG(s) 'example_sla_dag' retrieved from /home/airflow/.local/lib/python3.12/site-packages/airflow/example_dags/example_sla_dag.py
[2024-05-02T22:34:51.503+0000] {logging_mixin.py:188} INFO - [2024-05-02T22:34:51.502+0000] {dag.py:3096} INFO - Sync 1 DAGs
[2024-05-02T22:34:51.628+0000] {logging_mixin.py:188} INFO - [2024-05-02T22:34:51.627+0000] {dag.py:3954} INFO - Setting next_dagrun for example_sla_dag to 2024-05-02 22:32:00+00:00, run_after=2024-05-02 22:34:00+00:00
[2024-05-02T22:34:51.772+0000] {processor.py:183} INFO - Processing /home/airflow/.local/lib/python3.12/site-packages/airflow/example_dags/example_sla_dag.py took 0.445 seconds
[2024-05-02T22:35:21.874+0000] {processor.py:161} INFO - Started process (PID=371) to work on /home/airflow/.local/lib/python3.12/site-packages/airflow/example_dags/example_sla_dag.py
[2024-05-02T22:35:21.877+0000] {processor.py:830} INFO - Processing file /home/airflow/.local/lib/python3.12/site-packages/airflow/example_dags/example_sla_dag.py for tasks to queue
[2024-05-02T22:35:21.881+0000] {logging_mixin.py:188} INFO - [2024-05-02T22:35:21.881+0000] {dagbag.py:540} INFO - Filling up the DagBag from /home/airflow/.local/lib/python3.12/site-packages/airflow/example_dags/example_sla_dag.py
[2024-05-02T22:35:21.900+0000] {processor.py:840} INFO - DAG(s) 'example_sla_dag' retrieved from /home/airflow/.local/lib/python3.12/site-packages/airflow/example_dags/example_sla_dag.py
[2024-05-02T22:35:22.154+0000] {logging_mixin.py:188} INFO - [2024-05-02T22:35:22.154+0000] {dag.py:3096} INFO - Sync 1 DAGs
[2024-05-02T22:35:22.215+0000] {logging_mixin.py:188} INFO - [2024-05-02T22:35:22.214+0000] {dag.py:3954} INFO - Setting next_dagrun for example_sla_dag to 2024-05-02 22:32:00+00:00, run_after=2024-05-02 22:34:00+00:00
[2024-05-02T22:35:22.280+0000] {processor.py:183} INFO - Processing /home/airflow/.local/lib/python3.12/site-packages/airflow/example_dags/example_sla_dag.py took 0.426 seconds
[2024-05-02T22:35:53.198+0000] {processor.py:161} INFO - Started process (PID=429) to work on /home/airflow/.local/lib/python3.12/site-packages/airflow/example_dags/example_sla_dag.py
[2024-05-02T22:35:53.200+0000] {processor.py:830} INFO - Processing file /home/airflow/.local/lib/python3.12/site-packages/airflow/example_dags/example_sla_dag.py for tasks to queue
[2024-05-02T22:35:53.203+0000] {logging_mixin.py:188} INFO - [2024-05-02T22:35:53.202+0000] {dagbag.py:540} INFO - Filling up the DagBag from /home/airflow/.local/lib/python3.12/site-packages/airflow/example_dags/example_sla_dag.py
[2024-05-02T22:35:53.224+0000] {processor.py:840} INFO - DAG(s) 'example_sla_dag' retrieved from /home/airflow/.local/lib/python3.12/site-packages/airflow/example_dags/example_sla_dag.py
[2024-05-02T22:35:53.266+0000] {logging_mixin.py:188} INFO - [2024-05-02T22:35:53.266+0000] {dag.py:3096} INFO - Sync 1 DAGs
[2024-05-02T22:35:53.329+0000] {logging_mixin.py:188} INFO - [2024-05-02T22:35:53.329+0000] {dag.py:3954} INFO - Setting next_dagrun for example_sla_dag to 2024-05-02 22:32:00+00:00, run_after=2024-05-02 22:34:00+00:00
[2024-05-02T22:35:53.397+0000] {processor.py:183} INFO - Processing /home/airflow/.local/lib/python3.12/site-packages/airflow/example_dags/example_sla_dag.py took 0.214 seconds
[2024-05-02T22:36:26.881+0000] {processor.py:161} INFO - Started process (PID=487) to work on /home/airflow/.local/lib/python3.12/site-packages/airflow/example_dags/example_sla_dag.py
[2024-05-02T22:36:26.883+0000] {processor.py:830} INFO - Processing file /home/airflow/.local/lib/python3.12/site-packages/airflow/example_dags/example_sla_dag.py for tasks to queue
[2024-05-02T22:36:26.897+0000] {logging_mixin.py:188} INFO - [2024-05-02T22:36:26.892+0000] {dagbag.py:540} INFO - Filling up the DagBag from /home/airflow/.local/lib/python3.12/site-packages/airflow/example_dags/example_sla_dag.py
[2024-05-02T22:36:26.937+0000] {processor.py:840} INFO - DAG(s) 'example_sla_dag' retrieved from /home/airflow/.local/lib/python3.12/site-packages/airflow/example_dags/example_sla_dag.py
[2024-05-02T22:36:27.037+0000] {logging_mixin.py:188} INFO - [2024-05-02T22:36:27.036+0000] {dag.py:3096} INFO - Sync 1 DAGs
[2024-05-02T22:36:27.222+0000] {logging_mixin.py:188} INFO - [2024-05-02T22:36:27.221+0000] {dag.py:3954} INFO - Setting next_dagrun for example_sla_dag to 2024-05-02 22:34:00+00:00, run_after=2024-05-02 22:36:00+00:00
[2024-05-02T22:36:27.401+0000] {processor.py:183} INFO - Processing /home/airflow/.local/lib/python3.12/site-packages/airflow/example_dags/example_sla_dag.py took 0.559 seconds
[2024-05-02T22:37:03.469+0000] {processor.py:161} INFO - Started process (PID=554) to work on /home/airflow/.local/lib/python3.12/site-packages/airflow/example_dags/example_sla_dag.py
[2024-05-02T22:37:03.475+0000] {processor.py:830} INFO - Processing file /home/airflow/.local/lib/python3.12/site-packages/airflow/example_dags/example_sla_dag.py for tasks to queue
[2024-05-02T22:37:03.490+0000] {logging_mixin.py:188} INFO - [2024-05-02T22:37:03.488+0000] {dagbag.py:540} INFO - Filling up the DagBag from /home/airflow/.local/lib/python3.12/site-packages/airflow/example_dags/example_sla_dag.py
[2024-05-02T22:37:03.586+0000] {processor.py:840} INFO - DAG(s) 'example_sla_dag' retrieved from /home/airflow/.local/lib/python3.12/site-packages/airflow/example_dags/example_sla_dag.py
[2024-05-02T22:37:03.775+0000] {logging_mixin.py:188} INFO - [2024-05-02T22:37:03.774+0000] {dag.py:3096} INFO - Sync 1 DAGs
[2024-05-02T22:37:03.937+0000] {logging_mixin.py:188} INFO - [2024-05-02T22:37:03.936+0000] {dag.py:3954} INFO - Setting next_dagrun for example_sla_dag to 2024-05-02 22:34:00+00:00, run_after=2024-05-02 22:36:00+00:00
[2024-05-02T22:37:04.085+0000] {processor.py:183} INFO - Processing /home/airflow/.local/lib/python3.12/site-packages/airflow/example_dags/example_sla_dag.py took 0.718 seconds
[2024-05-02T22:37:35.398+0000] {processor.py:161} INFO - Started process (PID=614) to work on /home/airflow/.local/lib/python3.12/site-packages/airflow/example_dags/example_sla_dag.py
[2024-05-02T22:37:35.414+0000] {processor.py:830} INFO - Processing file /home/airflow/.local/lib/python3.12/site-packages/airflow/example_dags/example_sla_dag.py for tasks to queue
[2024-05-02T22:37:35.446+0000] {logging_mixin.py:188} INFO - [2024-05-02T22:37:35.431+0000] {dagbag.py:540} INFO - Filling up the DagBag from /home/airflow/.local/lib/python3.12/site-packages/airflow/example_dags/example_sla_dag.py
[2024-05-02T22:37:35.611+0000] {processor.py:840} INFO - DAG(s) 'example_sla_dag' retrieved from /home/airflow/.local/lib/python3.12/site-packages/airflow/example_dags/example_sla_dag.py
[2024-05-02T22:37:35.760+0000] {logging_mixin.py:188} INFO - [2024-05-02T22:37:35.760+0000] {dag.py:3096} INFO - Sync 1 DAGs
[2024-05-02T22:37:36.865+0000] {logging_mixin.py:188} INFO - [2024-05-02T22:37:36.864+0000] {dag.py:3954} INFO - Setting next_dagrun for example_sla_dag to 2024-05-02 22:34:00+00:00, run_after=2024-05-02 22:36:00+00:00
[2024-05-02T22:37:38.297+0000] {processor.py:183} INFO - Processing /home/airflow/.local/lib/python3.12/site-packages/airflow/example_dags/example_sla_dag.py took 2.970 seconds
[2024-05-02T22:38:08.820+0000] {processor.py:161} INFO - Started process (PID=672) to work on /home/airflow/.local/lib/python3.12/site-packages/airflow/example_dags/example_sla_dag.py
[2024-05-02T22:38:08.824+0000] {processor.py:830} INFO - Processing file /home/airflow/.local/lib/python3.12/site-packages/airflow/example_dags/example_sla_dag.py for tasks to queue
[2024-05-02T22:38:08.827+0000] {logging_mixin.py:188} INFO - [2024-05-02T22:38:08.826+0000] {dagbag.py:540} INFO - Filling up the DagBag from /home/airflow/.local/lib/python3.12/site-packages/airflow/example_dags/example_sla_dag.py
[2024-05-02T22:38:08.841+0000] {processor.py:840} INFO - DAG(s) 'example_sla_dag' retrieved from /home/airflow/.local/lib/python3.12/site-packages/airflow/example_dags/example_sla_dag.py
[2024-05-02T22:38:08.896+0000] {logging_mixin.py:188} INFO - [2024-05-02T22:38:08.896+0000] {dag.py:3096} INFO - Sync 1 DAGs
[2024-05-02T22:38:08.942+0000] {logging_mixin.py:188} INFO - [2024-05-02T22:38:08.942+0000] {dag.py:3954} INFO - Setting next_dagrun for example_sla_dag to 2024-05-02 22:36:00+00:00, run_after=2024-05-02 22:38:00+00:00
[2024-05-02T22:38:08.976+0000] {processor.py:183} INFO - Processing /home/airflow/.local/lib/python3.12/site-packages/airflow/example_dags/example_sla_dag.py took 0.169 seconds
[2024-05-02T22:38:39.701+0000] {processor.py:161} INFO - Started process (PID=731) to work on /home/airflow/.local/lib/python3.12/site-packages/airflow/example_dags/example_sla_dag.py
[2024-05-02T22:38:39.705+0000] {processor.py:830} INFO - Processing file /home/airflow/.local/lib/python3.12/site-packages/airflow/example_dags/example_sla_dag.py for tasks to queue
[2024-05-02T22:38:39.752+0000] {logging_mixin.py:188} INFO - [2024-05-02T22:38:39.751+0000] {dagbag.py:540} INFO - Filling up the DagBag from /home/airflow/.local/lib/python3.12/site-packages/airflow/example_dags/example_sla_dag.py
[2024-05-02T22:38:39.782+0000] {processor.py:840} INFO - DAG(s) 'example_sla_dag' retrieved from /home/airflow/.local/lib/python3.12/site-packages/airflow/example_dags/example_sla_dag.py
[2024-05-02T22:38:39.845+0000] {logging_mixin.py:188} INFO - [2024-05-02T22:38:39.844+0000] {dag.py:3096} INFO - Sync 1 DAGs
[2024-05-02T22:38:39.951+0000] {logging_mixin.py:188} INFO - [2024-05-02T22:38:39.950+0000] {dag.py:3954} INFO - Setting next_dagrun for example_sla_dag to 2024-05-02 22:36:00+00:00, run_after=2024-05-02 22:38:00+00:00
[2024-05-02T22:38:40.059+0000] {processor.py:183} INFO - Processing /home/airflow/.local/lib/python3.12/site-packages/airflow/example_dags/example_sla_dag.py took 0.383 seconds
[2024-05-02T22:39:18.376+0000] {processor.py:161} INFO - Started process (PID=789) to work on /home/airflow/.local/lib/python3.12/site-packages/airflow/example_dags/example_sla_dag.py
[2024-05-02T22:39:18.378+0000] {processor.py:830} INFO - Processing file /home/airflow/.local/lib/python3.12/site-packages/airflow/example_dags/example_sla_dag.py for tasks to queue
[2024-05-02T22:39:18.386+0000] {logging_mixin.py:188} INFO - [2024-05-02T22:39:18.385+0000] {dagbag.py:540} INFO - Filling up the DagBag from /home/airflow/.local/lib/python3.12/site-packages/airflow/example_dags/example_sla_dag.py
[2024-05-02T22:39:18.431+0000] {processor.py:840} INFO - DAG(s) 'example_sla_dag' retrieved from /home/airflow/.local/lib/python3.12/site-packages/airflow/example_dags/example_sla_dag.py
[2024-05-02T22:39:18.561+0000] {logging_mixin.py:188} INFO - [2024-05-02T22:39:18.560+0000] {dag.py:3096} INFO - Sync 1 DAGs
[2024-05-02T22:39:18.789+0000] {logging_mixin.py:188} INFO - [2024-05-02T22:39:18.788+0000] {dag.py:3954} INFO - Setting next_dagrun for example_sla_dag to 2024-05-02 22:36:00+00:00, run_after=2024-05-02 22:38:00+00:00
[2024-05-02T22:39:18.961+0000] {processor.py:183} INFO - Processing /home/airflow/.local/lib/python3.12/site-packages/airflow/example_dags/example_sla_dag.py took 0.602 seconds
[2024-05-02T22:40:05.064+0000] {processor.py:161} INFO - Started process (PID=857) to work on /home/airflow/.local/lib/python3.12/site-packages/airflow/example_dags/example_sla_dag.py
[2024-05-02T22:40:05.066+0000] {processor.py:830} INFO - Processing file /home/airflow/.local/lib/python3.12/site-packages/airflow/example_dags/example_sla_dag.py for tasks to queue
[2024-05-02T22:40:05.069+0000] {logging_mixin.py:188} INFO - [2024-05-02T22:40:05.069+0000] {dagbag.py:540} INFO - Filling up the DagBag from /home/airflow/.local/lib/python3.12/site-packages/airflow/example_dags/example_sla_dag.py
[2024-05-02T22:40:05.082+0000] {processor.py:840} INFO - DAG(s) 'example_sla_dag' retrieved from /home/airflow/.local/lib/python3.12/site-packages/airflow/example_dags/example_sla_dag.py
[2024-05-02T22:40:05.602+0000] {logging_mixin.py:188} INFO - [2024-05-02T22:40:05.599+0000] {dag.py:3096} INFO - Sync 1 DAGs
[2024-05-02T22:40:05.714+0000] {logging_mixin.py:188} INFO - [2024-05-02T22:40:05.713+0000] {dag.py:3954} INFO - Setting next_dagrun for example_sla_dag to 2024-05-02 22:38:00+00:00, run_after=2024-05-02 22:40:00+00:00
[2024-05-02T22:40:05.776+0000] {processor.py:183} INFO - Processing /home/airflow/.local/lib/python3.12/site-packages/airflow/example_dags/example_sla_dag.py took 0.728 seconds
[2024-05-02T22:40:36.109+0000] {processor.py:161} INFO - Started process (PID=916) to work on /home/airflow/.local/lib/python3.12/site-packages/airflow/example_dags/example_sla_dag.py
[2024-05-02T22:40:36.111+0000] {processor.py:830} INFO - Processing file /home/airflow/.local/lib/python3.12/site-packages/airflow/example_dags/example_sla_dag.py for tasks to queue
[2024-05-02T22:40:36.117+0000] {logging_mixin.py:188} INFO - [2024-05-02T22:40:36.116+0000] {dagbag.py:540} INFO - Filling up the DagBag from /home/airflow/.local/lib/python3.12/site-packages/airflow/example_dags/example_sla_dag.py
[2024-05-02T22:40:36.150+0000] {processor.py:840} INFO - DAG(s) 'example_sla_dag' retrieved from /home/airflow/.local/lib/python3.12/site-packages/airflow/example_dags/example_sla_dag.py
[2024-05-02T22:40:36.444+0000] {logging_mixin.py:188} INFO - [2024-05-02T22:40:36.443+0000] {dag.py:3096} INFO - Sync 1 DAGs
[2024-05-02T22:40:36.486+0000] {logging_mixin.py:188} INFO - [2024-05-02T22:40:36.485+0000] {dag.py:3954} INFO - Setting next_dagrun for example_sla_dag to 2024-05-02 22:38:00+00:00, run_after=2024-05-02 22:40:00+00:00
[2024-05-02T22:40:36.518+0000] {processor.py:183} INFO - Processing /home/airflow/.local/lib/python3.12/site-packages/airflow/example_dags/example_sla_dag.py took 0.420 seconds
[2024-05-02T22:41:07.617+0000] {processor.py:161} INFO - Started process (PID=975) to work on /home/airflow/.local/lib/python3.12/site-packages/airflow/example_dags/example_sla_dag.py
[2024-05-02T22:41:07.618+0000] {processor.py:830} INFO - Processing file /home/airflow/.local/lib/python3.12/site-packages/airflow/example_dags/example_sla_dag.py for tasks to queue
[2024-05-02T22:41:07.622+0000] {logging_mixin.py:188} INFO - [2024-05-02T22:41:07.621+0000] {dagbag.py:540} INFO - Filling up the DagBag from /home/airflow/.local/lib/python3.12/site-packages/airflow/example_dags/example_sla_dag.py
[2024-05-02T22:41:07.635+0000] {processor.py:840} INFO - DAG(s) 'example_sla_dag' retrieved from /home/airflow/.local/lib/python3.12/site-packages/airflow/example_dags/example_sla_dag.py
[2024-05-02T22:41:07.672+0000] {logging_mixin.py:188} INFO - [2024-05-02T22:41:07.671+0000] {dag.py:3096} INFO - Sync 1 DAGs
[2024-05-02T22:41:07.736+0000] {logging_mixin.py:188} INFO - [2024-05-02T22:41:07.736+0000] {dag.py:3954} INFO - Setting next_dagrun for example_sla_dag to 2024-05-02 22:38:00+00:00, run_after=2024-05-02 22:40:00+00:00
[2024-05-02T22:41:07.979+0000] {processor.py:183} INFO - Processing /home/airflow/.local/lib/python3.12/site-packages/airflow/example_dags/example_sla_dag.py took 0.371 seconds
[2024-05-02T22:41:38.523+0000] {processor.py:161} INFO - Started process (PID=1034) to work on /home/airflow/.local/lib/python3.12/site-packages/airflow/example_dags/example_sla_dag.py
[2024-05-02T22:41:38.525+0000] {processor.py:830} INFO - Processing file /home/airflow/.local/lib/python3.12/site-packages/airflow/example_dags/example_sla_dag.py for tasks to queue
[2024-05-02T22:41:38.532+0000] {logging_mixin.py:188} INFO - [2024-05-02T22:41:38.529+0000] {dagbag.py:540} INFO - Filling up the DagBag from /home/airflow/.local/lib/python3.12/site-packages/airflow/example_dags/example_sla_dag.py
[2024-05-02T22:41:38.547+0000] {processor.py:840} INFO - DAG(s) 'example_sla_dag' retrieved from /home/airflow/.local/lib/python3.12/site-packages/airflow/example_dags/example_sla_dag.py
[2024-05-02T22:41:38.580+0000] {logging_mixin.py:188} INFO - [2024-05-02T22:41:38.580+0000] {dag.py:3096} INFO - Sync 1 DAGs
[2024-05-02T22:41:38.645+0000] {logging_mixin.py:188} INFO - [2024-05-02T22:41:38.645+0000] {dag.py:3954} INFO - Setting next_dagrun for example_sla_dag to 2024-05-02 22:38:00+00:00, run_after=2024-05-02 22:40:00+00:00
[2024-05-02T22:41:38.684+0000] {processor.py:183} INFO - Processing /home/airflow/.local/lib/python3.12/site-packages/airflow/example_dags/example_sla_dag.py took 0.173 seconds
[2024-05-02T22:42:09.103+0000] {processor.py:161} INFO - Started process (PID=1093) to work on /home/airflow/.local/lib/python3.12/site-packages/airflow/example_dags/example_sla_dag.py
[2024-05-02T22:42:09.105+0000] {processor.py:830} INFO - Processing file /home/airflow/.local/lib/python3.12/site-packages/airflow/example_dags/example_sla_dag.py for tasks to queue
[2024-05-02T22:42:09.110+0000] {logging_mixin.py:188} INFO - [2024-05-02T22:42:09.109+0000] {dagbag.py:540} INFO - Filling up the DagBag from /home/airflow/.local/lib/python3.12/site-packages/airflow/example_dags/example_sla_dag.py
[2024-05-02T22:42:09.150+0000] {processor.py:840} INFO - DAG(s) 'example_sla_dag' retrieved from /home/airflow/.local/lib/python3.12/site-packages/airflow/example_dags/example_sla_dag.py
[2024-05-02T22:42:09.227+0000] {logging_mixin.py:188} INFO - [2024-05-02T22:42:09.226+0000] {dag.py:3096} INFO - Sync 1 DAGs
[2024-05-02T22:42:09.303+0000] {logging_mixin.py:188} INFO - [2024-05-02T22:42:09.302+0000] {dag.py:3954} INFO - Setting next_dagrun for example_sla_dag to 2024-05-02 22:40:00+00:00, run_after=2024-05-02 22:42:00+00:00
[2024-05-02T22:42:09.386+0000] {processor.py:183} INFO - Processing /home/airflow/.local/lib/python3.12/site-packages/airflow/example_dags/example_sla_dag.py took 0.305 seconds
[2024-05-02T22:42:40.369+0000] {processor.py:161} INFO - Started process (PID=1152) to work on /home/airflow/.local/lib/python3.12/site-packages/airflow/example_dags/example_sla_dag.py
[2024-05-02T22:42:40.370+0000] {processor.py:830} INFO - Processing file /home/airflow/.local/lib/python3.12/site-packages/airflow/example_dags/example_sla_dag.py for tasks to queue
[2024-05-02T22:42:40.375+0000] {logging_mixin.py:188} INFO - [2024-05-02T22:42:40.374+0000] {dagbag.py:540} INFO - Filling up the DagBag from /home/airflow/.local/lib/python3.12/site-packages/airflow/example_dags/example_sla_dag.py
[2024-05-02T22:42:40.389+0000] {processor.py:840} INFO - DAG(s) 'example_sla_dag' retrieved from /home/airflow/.local/lib/python3.12/site-packages/airflow/example_dags/example_sla_dag.py
[2024-05-02T22:42:40.424+0000] {logging_mixin.py:188} INFO - [2024-05-02T22:42:40.424+0000] {dag.py:3096} INFO - Sync 1 DAGs
[2024-05-02T22:42:40.476+0000] {logging_mixin.py:188} INFO - [2024-05-02T22:42:40.475+0000] {dag.py:3954} INFO - Setting next_dagrun for example_sla_dag to 2024-05-02 22:40:00+00:00, run_after=2024-05-02 22:42:00+00:00
[2024-05-02T22:42:40.512+0000] {processor.py:183} INFO - Processing /home/airflow/.local/lib/python3.12/site-packages/airflow/example_dags/example_sla_dag.py took 0.157 seconds
[2024-05-02T22:43:10.762+0000] {processor.py:161} INFO - Started process (PID=1211) to work on /home/airflow/.local/lib/python3.12/site-packages/airflow/example_dags/example_sla_dag.py
[2024-05-02T22:43:10.764+0000] {processor.py:830} INFO - Processing file /home/airflow/.local/lib/python3.12/site-packages/airflow/example_dags/example_sla_dag.py for tasks to queue
[2024-05-02T22:43:10.768+0000] {logging_mixin.py:188} INFO - [2024-05-02T22:43:10.768+0000] {dagbag.py:540} INFO - Filling up the DagBag from /home/airflow/.local/lib/python3.12/site-packages/airflow/example_dags/example_sla_dag.py
[2024-05-02T22:43:10.783+0000] {processor.py:840} INFO - DAG(s) 'example_sla_dag' retrieved from /home/airflow/.local/lib/python3.12/site-packages/airflow/example_dags/example_sla_dag.py
[2024-05-02T22:43:10.862+0000] {logging_mixin.py:188} INFO - [2024-05-02T22:43:10.861+0000] {dag.py:3096} INFO - Sync 1 DAGs
[2024-05-02T22:43:10.942+0000] {logging_mixin.py:188} INFO - [2024-05-02T22:43:10.942+0000] {dag.py:3954} INFO - Setting next_dagrun for example_sla_dag to 2024-05-02 22:40:00+00:00, run_after=2024-05-02 22:42:00+00:00
[2024-05-02T22:43:10.986+0000] {processor.py:183} INFO - Processing /home/airflow/.local/lib/python3.12/site-packages/airflow/example_dags/example_sla_dag.py took 0.235 seconds
[2024-05-02T22:43:41.758+0000] {processor.py:161} INFO - Started process (PID=1270) to work on /home/airflow/.local/lib/python3.12/site-packages/airflow/example_dags/example_sla_dag.py
[2024-05-02T22:43:41.760+0000] {processor.py:830} INFO - Processing file /home/airflow/.local/lib/python3.12/site-packages/airflow/example_dags/example_sla_dag.py for tasks to queue
[2024-05-02T22:43:41.766+0000] {logging_mixin.py:188} INFO - [2024-05-02T22:43:41.764+0000] {dagbag.py:540} INFO - Filling up the DagBag from /home/airflow/.local/lib/python3.12/site-packages/airflow/example_dags/example_sla_dag.py
[2024-05-02T22:43:41.801+0000] {processor.py:840} INFO - DAG(s) 'example_sla_dag' retrieved from /home/airflow/.local/lib/python3.12/site-packages/airflow/example_dags/example_sla_dag.py
[2024-05-02T22:43:41.860+0000] {logging_mixin.py:188} INFO - [2024-05-02T22:43:41.860+0000] {dag.py:3096} INFO - Sync 1 DAGs
[2024-05-02T22:43:41.972+0000] {logging_mixin.py:188} INFO - [2024-05-02T22:43:41.972+0000] {dag.py:3954} INFO - Setting next_dagrun for example_sla_dag to 2024-05-02 22:40:00+00:00, run_after=2024-05-02 22:42:00+00:00
[2024-05-02T22:43:42.129+0000] {processor.py:183} INFO - Processing /home/airflow/.local/lib/python3.12/site-packages/airflow/example_dags/example_sla_dag.py took 0.391 seconds
[2024-05-02T22:44:12.741+0000] {processor.py:161} INFO - Started process (PID=1329) to work on /home/airflow/.local/lib/python3.12/site-packages/airflow/example_dags/example_sla_dag.py
[2024-05-02T22:44:12.746+0000] {processor.py:830} INFO - Processing file /home/airflow/.local/lib/python3.12/site-packages/airflow/example_dags/example_sla_dag.py for tasks to queue
[2024-05-02T22:44:12.756+0000] {logging_mixin.py:188} INFO - [2024-05-02T22:44:12.751+0000] {dagbag.py:540} INFO - Filling up the DagBag from /home/airflow/.local/lib/python3.12/site-packages/airflow/example_dags/example_sla_dag.py
[2024-05-02T22:44:12.798+0000] {processor.py:840} INFO - DAG(s) 'example_sla_dag' retrieved from /home/airflow/.local/lib/python3.12/site-packages/airflow/example_dags/example_sla_dag.py
[2024-05-02T22:44:12.912+0000] {logging_mixin.py:188} INFO - [2024-05-02T22:44:12.911+0000] {dag.py:3096} INFO - Sync 1 DAGs
[2024-05-02T22:44:12.996+0000] {logging_mixin.py:188} INFO - [2024-05-02T22:44:12.996+0000] {dag.py:3954} INFO - Setting next_dagrun for example_sla_dag to 2024-05-02 22:42:00+00:00, run_after=2024-05-02 22:44:00+00:00
[2024-05-02T22:44:13.094+0000] {processor.py:183} INFO - Processing /home/airflow/.local/lib/python3.12/site-packages/airflow/example_dags/example_sla_dag.py took 0.372 seconds
[2024-05-02T22:44:43.743+0000] {processor.py:161} INFO - Started process (PID=1388) to work on /home/airflow/.local/lib/python3.12/site-packages/airflow/example_dags/example_sla_dag.py
[2024-05-02T22:44:43.745+0000] {processor.py:830} INFO - Processing file /home/airflow/.local/lib/python3.12/site-packages/airflow/example_dags/example_sla_dag.py for tasks to queue
[2024-05-02T22:44:43.749+0000] {logging_mixin.py:188} INFO - [2024-05-02T22:44:43.748+0000] {dagbag.py:540} INFO - Filling up the DagBag from /home/airflow/.local/lib/python3.12/site-packages/airflow/example_dags/example_sla_dag.py
[2024-05-02T22:44:43.771+0000] {processor.py:840} INFO - DAG(s) 'example_sla_dag' retrieved from /home/airflow/.local/lib/python3.12/site-packages/airflow/example_dags/example_sla_dag.py
[2024-05-02T22:44:43.821+0000] {logging_mixin.py:188} INFO - [2024-05-02T22:44:43.820+0000] {dag.py:3096} INFO - Sync 1 DAGs
[2024-05-02T22:44:43.894+0000] {logging_mixin.py:188} INFO - [2024-05-02T22:44:43.894+0000] {dag.py:3954} INFO - Setting next_dagrun for example_sla_dag to 2024-05-02 22:42:00+00:00, run_after=2024-05-02 22:44:00+00:00
[2024-05-02T22:44:44.009+0000] {processor.py:183} INFO - Processing /home/airflow/.local/lib/python3.12/site-packages/airflow/example_dags/example_sla_dag.py took 0.284 seconds
[2024-05-02T22:45:14.287+0000] {processor.py:161} INFO - Started process (PID=1447) to work on /home/airflow/.local/lib/python3.12/site-packages/airflow/example_dags/example_sla_dag.py
[2024-05-02T22:45:14.289+0000] {processor.py:830} INFO - Processing file /home/airflow/.local/lib/python3.12/site-packages/airflow/example_dags/example_sla_dag.py for tasks to queue
[2024-05-02T22:45:14.293+0000] {logging_mixin.py:188} INFO - [2024-05-02T22:45:14.292+0000] {dagbag.py:540} INFO - Filling up the DagBag from /home/airflow/.local/lib/python3.12/site-packages/airflow/example_dags/example_sla_dag.py
[2024-05-02T22:45:14.316+0000] {processor.py:840} INFO - DAG(s) 'example_sla_dag' retrieved from /home/airflow/.local/lib/python3.12/site-packages/airflow/example_dags/example_sla_dag.py
[2024-05-02T22:45:14.355+0000] {logging_mixin.py:188} INFO - [2024-05-02T22:45:14.355+0000] {dag.py:3096} INFO - Sync 1 DAGs
[2024-05-02T22:45:14.428+0000] {logging_mixin.py:188} INFO - [2024-05-02T22:45:14.427+0000] {dag.py:3954} INFO - Setting next_dagrun for example_sla_dag to 2024-05-02 22:42:00+00:00, run_after=2024-05-02 22:44:00+00:00
[2024-05-02T22:45:14.476+0000] {processor.py:183} INFO - Processing /home/airflow/.local/lib/python3.12/site-packages/airflow/example_dags/example_sla_dag.py took 0.200 seconds
[2024-05-02T22:45:44.655+0000] {processor.py:161} INFO - Started process (PID=1506) to work on /home/airflow/.local/lib/python3.12/site-packages/airflow/example_dags/example_sla_dag.py
[2024-05-02T22:45:44.657+0000] {processor.py:830} INFO - Processing file /home/airflow/.local/lib/python3.12/site-packages/airflow/example_dags/example_sla_dag.py for tasks to queue
[2024-05-02T22:45:44.660+0000] {logging_mixin.py:188} INFO - [2024-05-02T22:45:44.660+0000] {dagbag.py:540} INFO - Filling up the DagBag from /home/airflow/.local/lib/python3.12/site-packages/airflow/example_dags/example_sla_dag.py
[2024-05-02T22:45:44.677+0000] {processor.py:840} INFO - DAG(s) 'example_sla_dag' retrieved from /home/airflow/.local/lib/python3.12/site-packages/airflow/example_dags/example_sla_dag.py
[2024-05-02T22:45:44.720+0000] {logging_mixin.py:188} INFO - [2024-05-02T22:45:44.719+0000] {dag.py:3096} INFO - Sync 1 DAGs
[2024-05-02T22:45:44.797+0000] {logging_mixin.py:188} INFO - [2024-05-02T22:45:44.796+0000] {dag.py:3954} INFO - Setting next_dagrun for example_sla_dag to 2024-05-02 22:42:00+00:00, run_after=2024-05-02 22:44:00+00:00
[2024-05-02T22:45:44.856+0000] {processor.py:183} INFO - Processing /home/airflow/.local/lib/python3.12/site-packages/airflow/example_dags/example_sla_dag.py took 0.213 seconds
[2024-05-02T22:46:15.579+0000] {processor.py:161} INFO - Started process (PID=1565) to work on /home/airflow/.local/lib/python3.12/site-packages/airflow/example_dags/example_sla_dag.py
[2024-05-02T22:46:15.583+0000] {processor.py:830} INFO - Processing file /home/airflow/.local/lib/python3.12/site-packages/airflow/example_dags/example_sla_dag.py for tasks to queue
[2024-05-02T22:46:15.589+0000] {logging_mixin.py:188} INFO - [2024-05-02T22:46:15.586+0000] {dagbag.py:540} INFO - Filling up the DagBag from /home/airflow/.local/lib/python3.12/site-packages/airflow/example_dags/example_sla_dag.py
[2024-05-02T22:46:15.636+0000] {processor.py:840} INFO - DAG(s) 'example_sla_dag' retrieved from /home/airflow/.local/lib/python3.12/site-packages/airflow/example_dags/example_sla_dag.py
[2024-05-02T22:46:15.722+0000] {logging_mixin.py:188} INFO - [2024-05-02T22:46:15.721+0000] {dag.py:3096} INFO - Sync 1 DAGs
[2024-05-02T22:46:15.803+0000] {logging_mixin.py:188} INFO - [2024-05-02T22:46:15.802+0000] {dag.py:3954} INFO - Setting next_dagrun for example_sla_dag to 2024-05-02 22:44:00+00:00, run_after=2024-05-02 22:46:00+00:00
[2024-05-02T22:46:15.846+0000] {processor.py:183} INFO - Processing /home/airflow/.local/lib/python3.12/site-packages/airflow/example_dags/example_sla_dag.py took 0.289 seconds
[2024-05-02T22:46:46.010+0000] {processor.py:161} INFO - Started process (PID=1624) to work on /home/airflow/.local/lib/python3.12/site-packages/airflow/example_dags/example_sla_dag.py
[2024-05-02T22:46:46.012+0000] {processor.py:830} INFO - Processing file /home/airflow/.local/lib/python3.12/site-packages/airflow/example_dags/example_sla_dag.py for tasks to queue
[2024-05-02T22:46:46.015+0000] {logging_mixin.py:188} INFO - [2024-05-02T22:46:46.014+0000] {dagbag.py:540} INFO - Filling up the DagBag from /home/airflow/.local/lib/python3.12/site-packages/airflow/example_dags/example_sla_dag.py
[2024-05-02T22:46:46.032+0000] {processor.py:840} INFO - DAG(s) 'example_sla_dag' retrieved from /home/airflow/.local/lib/python3.12/site-packages/airflow/example_dags/example_sla_dag.py
[2024-05-02T22:46:46.090+0000] {logging_mixin.py:188} INFO - [2024-05-02T22:46:46.089+0000] {dag.py:3096} INFO - Sync 1 DAGs
[2024-05-02T22:46:46.191+0000] {logging_mixin.py:188} INFO - [2024-05-02T22:46:46.190+0000] {dag.py:3954} INFO - Setting next_dagrun for example_sla_dag to 2024-05-02 22:44:00+00:00, run_after=2024-05-02 22:46:00+00:00
[2024-05-02T22:46:46.244+0000] {processor.py:183} INFO - Processing /home/airflow/.local/lib/python3.12/site-packages/airflow/example_dags/example_sla_dag.py took 0.245 seconds
[2024-05-02T22:47:17.028+0000] {processor.py:161} INFO - Started process (PID=1683) to work on /home/airflow/.local/lib/python3.12/site-packages/airflow/example_dags/example_sla_dag.py
[2024-05-02T22:47:17.030+0000] {processor.py:830} INFO - Processing file /home/airflow/.local/lib/python3.12/site-packages/airflow/example_dags/example_sla_dag.py for tasks to queue
[2024-05-02T22:47:17.034+0000] {logging_mixin.py:188} INFO - [2024-05-02T22:47:17.033+0000] {dagbag.py:540} INFO - Filling up the DagBag from /home/airflow/.local/lib/python3.12/site-packages/airflow/example_dags/example_sla_dag.py
[2024-05-02T22:47:17.051+0000] {processor.py:840} INFO - DAG(s) 'example_sla_dag' retrieved from /home/airflow/.local/lib/python3.12/site-packages/airflow/example_dags/example_sla_dag.py
[2024-05-02T22:47:17.091+0000] {logging_mixin.py:188} INFO - [2024-05-02T22:47:17.090+0000] {dag.py:3096} INFO - Sync 1 DAGs
[2024-05-02T22:47:17.166+0000] {logging_mixin.py:188} INFO - [2024-05-02T22:47:17.165+0000] {dag.py:3954} INFO - Setting next_dagrun for example_sla_dag to 2024-05-02 22:44:00+00:00, run_after=2024-05-02 22:46:00+00:00
[2024-05-02T22:47:17.214+0000] {processor.py:183} INFO - Processing /home/airflow/.local/lib/python3.12/site-packages/airflow/example_dags/example_sla_dag.py took 0.197 seconds
[2024-05-02T22:47:47.539+0000] {processor.py:161} INFO - Started process (PID=1742) to work on /home/airflow/.local/lib/python3.12/site-packages/airflow/example_dags/example_sla_dag.py
[2024-05-02T22:47:47.541+0000] {processor.py:830} INFO - Processing file /home/airflow/.local/lib/python3.12/site-packages/airflow/example_dags/example_sla_dag.py for tasks to queue
[2024-05-02T22:47:47.546+0000] {logging_mixin.py:188} INFO - [2024-05-02T22:47:47.544+0000] {dagbag.py:540} INFO - Filling up the DagBag from /home/airflow/.local/lib/python3.12/site-packages/airflow/example_dags/example_sla_dag.py
[2024-05-02T22:47:47.574+0000] {processor.py:840} INFO - DAG(s) 'example_sla_dag' retrieved from /home/airflow/.local/lib/python3.12/site-packages/airflow/example_dags/example_sla_dag.py
[2024-05-02T22:47:47.621+0000] {logging_mixin.py:188} INFO - [2024-05-02T22:47:47.621+0000] {dag.py:3096} INFO - Sync 1 DAGs
[2024-05-02T22:47:47.714+0000] {logging_mixin.py:188} INFO - [2024-05-02T22:47:47.714+0000] {dag.py:3954} INFO - Setting next_dagrun for example_sla_dag to 2024-05-02 22:44:00+00:00, run_after=2024-05-02 22:46:00+00:00
[2024-05-02T22:47:47.756+0000] {processor.py:183} INFO - Processing /home/airflow/.local/lib/python3.12/site-packages/airflow/example_dags/example_sla_dag.py took 0.229 seconds
[2024-05-02T22:48:18.411+0000] {processor.py:161} INFO - Started process (PID=1802) to work on /home/airflow/.local/lib/python3.12/site-packages/airflow/example_dags/example_sla_dag.py
[2024-05-02T22:48:18.422+0000] {processor.py:830} INFO - Processing file /home/airflow/.local/lib/python3.12/site-packages/airflow/example_dags/example_sla_dag.py for tasks to queue
[2024-05-02T22:48:18.427+0000] {logging_mixin.py:188} INFO - [2024-05-02T22:48:18.426+0000] {dagbag.py:540} INFO - Filling up the DagBag from /home/airflow/.local/lib/python3.12/site-packages/airflow/example_dags/example_sla_dag.py
[2024-05-02T22:48:18.467+0000] {processor.py:840} INFO - DAG(s) 'example_sla_dag' retrieved from /home/airflow/.local/lib/python3.12/site-packages/airflow/example_dags/example_sla_dag.py
[2024-05-02T22:48:18.523+0000] {logging_mixin.py:188} INFO - [2024-05-02T22:48:18.522+0000] {dag.py:3096} INFO - Sync 1 DAGs
[2024-05-02T22:48:18.626+0000] {logging_mixin.py:188} INFO - [2024-05-02T22:48:18.625+0000] {dag.py:3954} INFO - Setting next_dagrun for example_sla_dag to 2024-05-02 22:46:00+00:00, run_after=2024-05-02 22:48:00+00:00
[2024-05-02T22:48:18.689+0000] {processor.py:183} INFO - Processing /home/airflow/.local/lib/python3.12/site-packages/airflow/example_dags/example_sla_dag.py took 0.291 seconds
[2024-05-02T22:48:48.978+0000] {processor.py:161} INFO - Started process (PID=1861) to work on /home/airflow/.local/lib/python3.12/site-packages/airflow/example_dags/example_sla_dag.py
[2024-05-02T22:48:48.980+0000] {processor.py:830} INFO - Processing file /home/airflow/.local/lib/python3.12/site-packages/airflow/example_dags/example_sla_dag.py for tasks to queue
[2024-05-02T22:48:48.984+0000] {logging_mixin.py:188} INFO - [2024-05-02T22:48:48.983+0000] {dagbag.py:540} INFO - Filling up the DagBag from /home/airflow/.local/lib/python3.12/site-packages/airflow/example_dags/example_sla_dag.py
[2024-05-02T22:48:48.998+0000] {processor.py:840} INFO - DAG(s) 'example_sla_dag' retrieved from /home/airflow/.local/lib/python3.12/site-packages/airflow/example_dags/example_sla_dag.py
[2024-05-02T22:48:49.030+0000] {logging_mixin.py:188} INFO - [2024-05-02T22:48:49.029+0000] {dag.py:3096} INFO - Sync 1 DAGs
[2024-05-02T22:48:49.077+0000] {logging_mixin.py:188} INFO - [2024-05-02T22:48:49.076+0000] {dag.py:3954} INFO - Setting next_dagrun for example_sla_dag to 2024-05-02 22:46:00+00:00, run_after=2024-05-02 22:48:00+00:00
[2024-05-02T22:48:49.116+0000] {processor.py:183} INFO - Processing /home/airflow/.local/lib/python3.12/site-packages/airflow/example_dags/example_sla_dag.py took 0.152 seconds
[2024-05-02T22:49:19.916+0000] {processor.py:161} INFO - Started process (PID=1920) to work on /home/airflow/.local/lib/python3.12/site-packages/airflow/example_dags/example_sla_dag.py
[2024-05-02T22:49:19.917+0000] {processor.py:830} INFO - Processing file /home/airflow/.local/lib/python3.12/site-packages/airflow/example_dags/example_sla_dag.py for tasks to queue
[2024-05-02T22:49:19.920+0000] {logging_mixin.py:188} INFO - [2024-05-02T22:49:19.920+0000] {dagbag.py:540} INFO - Filling up the DagBag from /home/airflow/.local/lib/python3.12/site-packages/airflow/example_dags/example_sla_dag.py
[2024-05-02T22:49:19.937+0000] {processor.py:840} INFO - DAG(s) 'example_sla_dag' retrieved from /home/airflow/.local/lib/python3.12/site-packages/airflow/example_dags/example_sla_dag.py
[2024-05-02T22:49:19.978+0000] {logging_mixin.py:188} INFO - [2024-05-02T22:49:19.977+0000] {dag.py:3096} INFO - Sync 1 DAGs
[2024-05-02T22:49:20.035+0000] {logging_mixin.py:188} INFO - [2024-05-02T22:49:20.034+0000] {dag.py:3954} INFO - Setting next_dagrun for example_sla_dag to 2024-05-02 22:46:00+00:00, run_after=2024-05-02 22:48:00+00:00
[2024-05-02T22:49:20.075+0000] {processor.py:183} INFO - Processing /home/airflow/.local/lib/python3.12/site-packages/airflow/example_dags/example_sla_dag.py took 0.170 seconds
[2024-05-02T22:49:50.584+0000] {processor.py:161} INFO - Started process (PID=1979) to work on /home/airflow/.local/lib/python3.12/site-packages/airflow/example_dags/example_sla_dag.py
[2024-05-02T22:49:50.586+0000] {processor.py:830} INFO - Processing file /home/airflow/.local/lib/python3.12/site-packages/airflow/example_dags/example_sla_dag.py for tasks to queue
[2024-05-02T22:49:50.590+0000] {logging_mixin.py:188} INFO - [2024-05-02T22:49:50.589+0000] {dagbag.py:540} INFO - Filling up the DagBag from /home/airflow/.local/lib/python3.12/site-packages/airflow/example_dags/example_sla_dag.py
[2024-05-02T22:49:50.625+0000] {processor.py:840} INFO - DAG(s) 'example_sla_dag' retrieved from /home/airflow/.local/lib/python3.12/site-packages/airflow/example_dags/example_sla_dag.py
[2024-05-02T22:49:50.668+0000] {logging_mixin.py:188} INFO - [2024-05-02T22:49:50.667+0000] {dag.py:3096} INFO - Sync 1 DAGs
[2024-05-02T22:49:50.722+0000] {logging_mixin.py:188} INFO - [2024-05-02T22:49:50.721+0000] {dag.py:3954} INFO - Setting next_dagrun for example_sla_dag to 2024-05-02 22:46:00+00:00, run_after=2024-05-02 22:48:00+00:00
[2024-05-02T22:49:50.800+0000] {processor.py:183} INFO - Processing /home/airflow/.local/lib/python3.12/site-packages/airflow/example_dags/example_sla_dag.py took 0.259 seconds
[2024-05-02T22:50:21.110+0000] {processor.py:161} INFO - Started process (PID=2038) to work on /home/airflow/.local/lib/python3.12/site-packages/airflow/example_dags/example_sla_dag.py
[2024-05-02T22:50:21.113+0000] {processor.py:830} INFO - Processing file /home/airflow/.local/lib/python3.12/site-packages/airflow/example_dags/example_sla_dag.py for tasks to queue
[2024-05-02T22:50:21.117+0000] {logging_mixin.py:188} INFO - [2024-05-02T22:50:21.117+0000] {dagbag.py:540} INFO - Filling up the DagBag from /home/airflow/.local/lib/python3.12/site-packages/airflow/example_dags/example_sla_dag.py
[2024-05-02T22:50:21.141+0000] {processor.py:840} INFO - DAG(s) 'example_sla_dag' retrieved from /home/airflow/.local/lib/python3.12/site-packages/airflow/example_dags/example_sla_dag.py
[2024-05-02T22:50:21.211+0000] {logging_mixin.py:188} INFO - [2024-05-02T22:50:21.210+0000] {dag.py:3096} INFO - Sync 1 DAGs
[2024-05-02T22:50:21.298+0000] {logging_mixin.py:188} INFO - [2024-05-02T22:50:21.297+0000] {dag.py:3954} INFO - Setting next_dagrun for example_sla_dag to 2024-05-02 22:48:00+00:00, run_after=2024-05-02 22:50:00+00:00
[2024-05-02T22:50:21.357+0000] {processor.py:183} INFO - Processing /home/airflow/.local/lib/python3.12/site-packages/airflow/example_dags/example_sla_dag.py took 0.264 seconds
[2024-05-02T22:50:51.849+0000] {processor.py:161} INFO - Started process (PID=2096) to work on /home/airflow/.local/lib/python3.12/site-packages/airflow/example_dags/example_sla_dag.py
[2024-05-02T22:50:51.851+0000] {processor.py:830} INFO - Processing file /home/airflow/.local/lib/python3.12/site-packages/airflow/example_dags/example_sla_dag.py for tasks to queue
[2024-05-02T22:50:51.854+0000] {logging_mixin.py:188} INFO - [2024-05-02T22:50:51.853+0000] {dagbag.py:540} INFO - Filling up the DagBag from /home/airflow/.local/lib/python3.12/site-packages/airflow/example_dags/example_sla_dag.py
[2024-05-02T22:50:51.868+0000] {processor.py:840} INFO - DAG(s) 'example_sla_dag' retrieved from /home/airflow/.local/lib/python3.12/site-packages/airflow/example_dags/example_sla_dag.py
[2024-05-02T22:50:51.902+0000] {logging_mixin.py:188} INFO - [2024-05-02T22:50:51.901+0000] {dag.py:3096} INFO - Sync 1 DAGs
[2024-05-02T22:50:51.955+0000] {logging_mixin.py:188} INFO - [2024-05-02T22:50:51.954+0000] {dag.py:3954} INFO - Setting next_dagrun for example_sla_dag to 2024-05-02 22:48:00+00:00, run_after=2024-05-02 22:50:00+00:00
[2024-05-02T22:50:51.998+0000] {processor.py:183} INFO - Processing /home/airflow/.local/lib/python3.12/site-packages/airflow/example_dags/example_sla_dag.py took 0.157 seconds
[2024-05-02T22:51:22.381+0000] {processor.py:161} INFO - Started process (PID=2155) to work on /home/airflow/.local/lib/python3.12/site-packages/airflow/example_dags/example_sla_dag.py
[2024-05-02T22:51:22.384+0000] {processor.py:830} INFO - Processing file /home/airflow/.local/lib/python3.12/site-packages/airflow/example_dags/example_sla_dag.py for tasks to queue
[2024-05-02T22:51:22.389+0000] {logging_mixin.py:188} INFO - [2024-05-02T22:51:22.388+0000] {dagbag.py:540} INFO - Filling up the DagBag from /home/airflow/.local/lib/python3.12/site-packages/airflow/example_dags/example_sla_dag.py
[2024-05-02T22:51:22.407+0000] {processor.py:840} INFO - DAG(s) 'example_sla_dag' retrieved from /home/airflow/.local/lib/python3.12/site-packages/airflow/example_dags/example_sla_dag.py
[2024-05-02T22:51:22.452+0000] {logging_mixin.py:188} INFO - [2024-05-02T22:51:22.451+0000] {dag.py:3096} INFO - Sync 1 DAGs
[2024-05-02T22:51:22.506+0000] {logging_mixin.py:188} INFO - [2024-05-02T22:51:22.506+0000] {dag.py:3954} INFO - Setting next_dagrun for example_sla_dag to 2024-05-02 22:48:00+00:00, run_after=2024-05-02 22:50:00+00:00
[2024-05-02T22:51:22.538+0000] {processor.py:183} INFO - Processing /home/airflow/.local/lib/python3.12/site-packages/airflow/example_dags/example_sla_dag.py took 0.180 seconds
[2024-05-02T22:51:52.877+0000] {processor.py:161} INFO - Started process (PID=2214) to work on /home/airflow/.local/lib/python3.12/site-packages/airflow/example_dags/example_sla_dag.py
[2024-05-02T22:51:52.879+0000] {processor.py:830} INFO - Processing file /home/airflow/.local/lib/python3.12/site-packages/airflow/example_dags/example_sla_dag.py for tasks to queue
[2024-05-02T22:51:52.883+0000] {logging_mixin.py:188} INFO - [2024-05-02T22:51:52.882+0000] {dagbag.py:540} INFO - Filling up the DagBag from /home/airflow/.local/lib/python3.12/site-packages/airflow/example_dags/example_sla_dag.py
[2024-05-02T22:51:52.904+0000] {processor.py:840} INFO - DAG(s) 'example_sla_dag' retrieved from /home/airflow/.local/lib/python3.12/site-packages/airflow/example_dags/example_sla_dag.py
[2024-05-02T22:51:52.950+0000] {logging_mixin.py:188} INFO - [2024-05-02T22:51:52.949+0000] {dag.py:3096} INFO - Sync 1 DAGs
[2024-05-02T22:51:53.014+0000] {logging_mixin.py:188} INFO - [2024-05-02T22:51:53.013+0000] {dag.py:3954} INFO - Setting next_dagrun for example_sla_dag to 2024-05-02 22:48:00+00:00, run_after=2024-05-02 22:50:00+00:00
[2024-05-02T22:51:53.062+0000] {processor.py:183} INFO - Processing /home/airflow/.local/lib/python3.12/site-packages/airflow/example_dags/example_sla_dag.py took 0.196 seconds
[2024-05-02T22:52:23.386+0000] {processor.py:161} INFO - Started process (PID=2275) to work on /home/airflow/.local/lib/python3.12/site-packages/airflow/example_dags/example_sla_dag.py
[2024-05-02T22:52:23.388+0000] {processor.py:830} INFO - Processing file /home/airflow/.local/lib/python3.12/site-packages/airflow/example_dags/example_sla_dag.py for tasks to queue
[2024-05-02T22:52:23.396+0000] {logging_mixin.py:188} INFO - [2024-05-02T22:52:23.395+0000] {dagbag.py:540} INFO - Filling up the DagBag from /home/airflow/.local/lib/python3.12/site-packages/airflow/example_dags/example_sla_dag.py
[2024-05-02T22:52:23.423+0000] {processor.py:840} INFO - DAG(s) 'example_sla_dag' retrieved from /home/airflow/.local/lib/python3.12/site-packages/airflow/example_dags/example_sla_dag.py
[2024-05-02T22:52:23.463+0000] {logging_mixin.py:188} INFO - [2024-05-02T22:52:23.462+0000] {dag.py:3096} INFO - Sync 1 DAGs
[2024-05-02T22:52:23.522+0000] {logging_mixin.py:188} INFO - [2024-05-02T22:52:23.522+0000] {dag.py:3954} INFO - Setting next_dagrun for example_sla_dag to 2024-05-02 22:50:00+00:00, run_after=2024-05-02 22:52:00+00:00
[2024-05-02T22:52:23.562+0000] {processor.py:183} INFO - Processing /home/airflow/.local/lib/python3.12/site-packages/airflow/example_dags/example_sla_dag.py took 0.188 seconds
[2024-05-02T22:52:53.765+0000] {processor.py:161} INFO - Started process (PID=2335) to work on /home/airflow/.local/lib/python3.12/site-packages/airflow/example_dags/example_sla_dag.py
[2024-05-02T22:52:53.767+0000] {processor.py:830} INFO - Processing file /home/airflow/.local/lib/python3.12/site-packages/airflow/example_dags/example_sla_dag.py for tasks to queue
[2024-05-02T22:52:53.770+0000] {logging_mixin.py:188} INFO - [2024-05-02T22:52:53.769+0000] {dagbag.py:540} INFO - Filling up the DagBag from /home/airflow/.local/lib/python3.12/site-packages/airflow/example_dags/example_sla_dag.py
[2024-05-02T22:52:53.785+0000] {processor.py:840} INFO - DAG(s) 'example_sla_dag' retrieved from /home/airflow/.local/lib/python3.12/site-packages/airflow/example_dags/example_sla_dag.py
[2024-05-02T22:52:53.821+0000] {logging_mixin.py:188} INFO - [2024-05-02T22:52:53.820+0000] {dag.py:3096} INFO - Sync 1 DAGs
[2024-05-02T22:52:53.868+0000] {logging_mixin.py:188} INFO - [2024-05-02T22:52:53.868+0000] {dag.py:3954} INFO - Setting next_dagrun for example_sla_dag to 2024-05-02 22:50:00+00:00, run_after=2024-05-02 22:52:00+00:00
[2024-05-02T22:52:53.903+0000] {processor.py:183} INFO - Processing /home/airflow/.local/lib/python3.12/site-packages/airflow/example_dags/example_sla_dag.py took 0.147 seconds
[2024-05-02T22:53:24.529+0000] {processor.py:161} INFO - Started process (PID=2393) to work on /home/airflow/.local/lib/python3.12/site-packages/airflow/example_dags/example_sla_dag.py
[2024-05-02T22:53:24.553+0000] {processor.py:830} INFO - Processing file /home/airflow/.local/lib/python3.12/site-packages/airflow/example_dags/example_sla_dag.py for tasks to queue
[2024-05-02T22:53:24.590+0000] {logging_mixin.py:188} INFO - [2024-05-02T22:53:24.589+0000] {dagbag.py:540} INFO - Filling up the DagBag from /home/airflow/.local/lib/python3.12/site-packages/airflow/example_dags/example_sla_dag.py
[2024-05-02T22:53:24.644+0000] {processor.py:840} INFO - DAG(s) 'example_sla_dag' retrieved from /home/airflow/.local/lib/python3.12/site-packages/airflow/example_dags/example_sla_dag.py
[2024-05-02T22:53:24.738+0000] {logging_mixin.py:188} INFO - [2024-05-02T22:53:24.737+0000] {dag.py:3096} INFO - Sync 1 DAGs
[2024-05-02T22:53:24.815+0000] {logging_mixin.py:188} INFO - [2024-05-02T22:53:24.814+0000] {dag.py:3954} INFO - Setting next_dagrun for example_sla_dag to 2024-05-02 22:50:00+00:00, run_after=2024-05-02 22:52:00+00:00
[2024-05-02T22:53:24.873+0000] {processor.py:183} INFO - Processing /home/airflow/.local/lib/python3.12/site-packages/airflow/example_dags/example_sla_dag.py took 0.378 seconds
[2024-05-02T22:53:55.936+0000] {processor.py:161} INFO - Started process (PID=2452) to work on /home/airflow/.local/lib/python3.12/site-packages/airflow/example_dags/example_sla_dag.py
[2024-05-02T22:53:55.938+0000] {processor.py:830} INFO - Processing file /home/airflow/.local/lib/python3.12/site-packages/airflow/example_dags/example_sla_dag.py for tasks to queue
[2024-05-02T22:53:55.942+0000] {logging_mixin.py:188} INFO - [2024-05-02T22:53:55.941+0000] {dagbag.py:540} INFO - Filling up the DagBag from /home/airflow/.local/lib/python3.12/site-packages/airflow/example_dags/example_sla_dag.py
[2024-05-02T22:53:55.965+0000] {processor.py:840} INFO - DAG(s) 'example_sla_dag' retrieved from /home/airflow/.local/lib/python3.12/site-packages/airflow/example_dags/example_sla_dag.py
[2024-05-02T22:53:55.997+0000] {logging_mixin.py:188} INFO - [2024-05-02T22:53:55.997+0000] {dag.py:3096} INFO - Sync 1 DAGs
[2024-05-02T22:53:56.067+0000] {logging_mixin.py:188} INFO - [2024-05-02T22:53:56.066+0000] {dag.py:3954} INFO - Setting next_dagrun for example_sla_dag to 2024-05-02 22:50:00+00:00, run_after=2024-05-02 22:52:00+00:00
[2024-05-02T22:53:56.125+0000] {processor.py:183} INFO - Processing /home/airflow/.local/lib/python3.12/site-packages/airflow/example_dags/example_sla_dag.py took 0.203 seconds
[2024-05-02T22:54:27.793+0000] {processor.py:161} INFO - Started process (PID=2511) to work on /home/airflow/.local/lib/python3.12/site-packages/airflow/example_dags/example_sla_dag.py
[2024-05-02T22:54:27.795+0000] {processor.py:830} INFO - Processing file /home/airflow/.local/lib/python3.12/site-packages/airflow/example_dags/example_sla_dag.py for tasks to queue
[2024-05-02T22:54:27.803+0000] {logging_mixin.py:188} INFO - [2024-05-02T22:54:27.802+0000] {dagbag.py:540} INFO - Filling up the DagBag from /home/airflow/.local/lib/python3.12/site-packages/airflow/example_dags/example_sla_dag.py
[2024-05-02T22:54:27.851+0000] {processor.py:840} INFO - DAG(s) 'example_sla_dag' retrieved from /home/airflow/.local/lib/python3.12/site-packages/airflow/example_dags/example_sla_dag.py
[2024-05-02T22:54:28.568+0000] {logging_mixin.py:188} INFO - [2024-05-02T22:54:28.567+0000] {dag.py:3096} INFO - Sync 1 DAGs
[2024-05-02T22:54:28.851+0000] {logging_mixin.py:188} INFO - [2024-05-02T22:54:28.851+0000] {dag.py:3954} INFO - Setting next_dagrun for example_sla_dag to 2024-05-02 22:52:00+00:00, run_after=2024-05-02 22:54:00+00:00
[2024-05-02T22:54:29.103+0000] {processor.py:183} INFO - Processing /home/airflow/.local/lib/python3.12/site-packages/airflow/example_dags/example_sla_dag.py took 1.343 seconds
[2024-05-02T22:54:59.496+0000] {processor.py:161} INFO - Started process (PID=2570) to work on /home/airflow/.local/lib/python3.12/site-packages/airflow/example_dags/example_sla_dag.py
[2024-05-02T22:54:59.500+0000] {processor.py:830} INFO - Processing file /home/airflow/.local/lib/python3.12/site-packages/airflow/example_dags/example_sla_dag.py for tasks to queue
[2024-05-02T22:54:59.510+0000] {logging_mixin.py:188} INFO - [2024-05-02T22:54:59.509+0000] {dagbag.py:540} INFO - Filling up the DagBag from /home/airflow/.local/lib/python3.12/site-packages/airflow/example_dags/example_sla_dag.py
[2024-05-02T22:54:59.534+0000] {processor.py:840} INFO - DAG(s) 'example_sla_dag' retrieved from /home/airflow/.local/lib/python3.12/site-packages/airflow/example_dags/example_sla_dag.py
[2024-05-02T22:54:59.572+0000] {logging_mixin.py:188} INFO - [2024-05-02T22:54:59.571+0000] {dag.py:3096} INFO - Sync 1 DAGs
[2024-05-02T22:54:59.637+0000] {logging_mixin.py:188} INFO - [2024-05-02T22:54:59.637+0000] {dag.py:3954} INFO - Setting next_dagrun for example_sla_dag to 2024-05-02 22:52:00+00:00, run_after=2024-05-02 22:54:00+00:00
[2024-05-02T22:54:59.684+0000] {processor.py:183} INFO - Processing /home/airflow/.local/lib/python3.12/site-packages/airflow/example_dags/example_sla_dag.py took 0.208 seconds
[2024-05-02T22:55:30.037+0000] {processor.py:161} INFO - Started process (PID=2629) to work on /home/airflow/.local/lib/python3.12/site-packages/airflow/example_dags/example_sla_dag.py
[2024-05-02T22:55:30.040+0000] {processor.py:830} INFO - Processing file /home/airflow/.local/lib/python3.12/site-packages/airflow/example_dags/example_sla_dag.py for tasks to queue
[2024-05-02T22:55:30.044+0000] {logging_mixin.py:188} INFO - [2024-05-02T22:55:30.043+0000] {dagbag.py:540} INFO - Filling up the DagBag from /home/airflow/.local/lib/python3.12/site-packages/airflow/example_dags/example_sla_dag.py
[2024-05-02T22:55:30.068+0000] {processor.py:840} INFO - DAG(s) 'example_sla_dag' retrieved from /home/airflow/.local/lib/python3.12/site-packages/airflow/example_dags/example_sla_dag.py
[2024-05-02T22:55:30.121+0000] {logging_mixin.py:188} INFO - [2024-05-02T22:55:30.120+0000] {dag.py:3096} INFO - Sync 1 DAGs
[2024-05-02T22:55:30.200+0000] {logging_mixin.py:188} INFO - [2024-05-02T22:55:30.199+0000] {dag.py:3954} INFO - Setting next_dagrun for example_sla_dag to 2024-05-02 22:52:00+00:00, run_after=2024-05-02 22:54:00+00:00
[2024-05-02T22:55:30.258+0000] {processor.py:183} INFO - Processing /home/airflow/.local/lib/python3.12/site-packages/airflow/example_dags/example_sla_dag.py took 0.236 seconds
[2024-05-02T22:56:00.993+0000] {processor.py:161} INFO - Started process (PID=2689) to work on /home/airflow/.local/lib/python3.12/site-packages/airflow/example_dags/example_sla_dag.py
[2024-05-02T22:56:00.996+0000] {processor.py:830} INFO - Processing file /home/airflow/.local/lib/python3.12/site-packages/airflow/example_dags/example_sla_dag.py for tasks to queue
[2024-05-02T22:56:01.009+0000] {logging_mixin.py:188} INFO - [2024-05-02T22:56:01.005+0000] {dagbag.py:540} INFO - Filling up the DagBag from /home/airflow/.local/lib/python3.12/site-packages/airflow/example_dags/example_sla_dag.py
[2024-05-02T22:56:01.036+0000] {processor.py:840} INFO - DAG(s) 'example_sla_dag' retrieved from /home/airflow/.local/lib/python3.12/site-packages/airflow/example_dags/example_sla_dag.py
[2024-05-02T22:56:01.118+0000] {logging_mixin.py:188} INFO - [2024-05-02T22:56:01.117+0000] {dag.py:3096} INFO - Sync 1 DAGs
[2024-05-02T22:56:01.228+0000] {logging_mixin.py:188} INFO - [2024-05-02T22:56:01.226+0000] {dag.py:3954} INFO - Setting next_dagrun for example_sla_dag to 2024-05-02 22:54:00+00:00, run_after=2024-05-02 22:56:00+00:00
[2024-05-02T22:56:01.349+0000] {processor.py:183} INFO - Processing /home/airflow/.local/lib/python3.12/site-packages/airflow/example_dags/example_sla_dag.py took 0.372 seconds
[2024-05-02T22:57:11.796+0000] {processor.py:161} INFO - Started process (PID=64) to work on /home/airflow/.local/lib/python3.12/site-packages/airflow/example_dags/example_sla_dag.py
[2024-05-02T22:57:11.798+0000] {processor.py:830} INFO - Processing file /home/airflow/.local/lib/python3.12/site-packages/airflow/example_dags/example_sla_dag.py for tasks to queue
[2024-05-02T22:57:11.801+0000] {logging_mixin.py:188} INFO - [2024-05-02T22:57:11.801+0000] {dagbag.py:540} INFO - Filling up the DagBag from /home/airflow/.local/lib/python3.12/site-packages/airflow/example_dags/example_sla_dag.py
[2024-05-02T22:57:11.817+0000] {processor.py:840} INFO - DAG(s) 'example_sla_dag' retrieved from /home/airflow/.local/lib/python3.12/site-packages/airflow/example_dags/example_sla_dag.py
[2024-05-02T22:57:11.849+0000] {logging_mixin.py:188} INFO - [2024-05-02T22:57:11.849+0000] {dag.py:3096} INFO - Sync 1 DAGs
[2024-05-02T22:57:11.903+0000] {logging_mixin.py:188} INFO - [2024-05-02T22:57:11.903+0000] {dag.py:3954} INFO - Setting next_dagrun for example_sla_dag to 2024-05-02 22:54:00+00:00, run_after=2024-05-02 22:56:00+00:00
[2024-05-02T22:57:11.936+0000] {processor.py:183} INFO - Processing /home/airflow/.local/lib/python3.12/site-packages/airflow/example_dags/example_sla_dag.py took 0.151 seconds
[2024-05-02T22:58:02.649+0000] {processor.py:161} INFO - Started process (PID=133) to work on /home/airflow/.local/lib/python3.12/site-packages/airflow/example_dags/example_sla_dag.py
[2024-05-02T22:58:02.650+0000] {processor.py:830} INFO - Processing file /home/airflow/.local/lib/python3.12/site-packages/airflow/example_dags/example_sla_dag.py for tasks to queue
[2024-05-02T22:58:02.654+0000] {logging_mixin.py:188} INFO - [2024-05-02T22:58:02.653+0000] {dagbag.py:540} INFO - Filling up the DagBag from /home/airflow/.local/lib/python3.12/site-packages/airflow/example_dags/example_sla_dag.py
[2024-05-02T22:58:02.675+0000] {processor.py:840} INFO - DAG(s) 'example_sla_dag' retrieved from /home/airflow/.local/lib/python3.12/site-packages/airflow/example_dags/example_sla_dag.py
[2024-05-02T22:58:02.734+0000] {logging_mixin.py:188} INFO - [2024-05-02T22:58:02.733+0000] {dag.py:3096} INFO - Sync 1 DAGs
[2024-05-02T22:58:02.801+0000] {logging_mixin.py:188} INFO - [2024-05-02T22:58:02.801+0000] {dag.py:3954} INFO - Setting next_dagrun for example_sla_dag to 2024-05-02 22:56:00+00:00, run_after=2024-05-02 22:58:00+00:00
[2024-05-02T22:58:02.846+0000] {processor.py:183} INFO - Processing /home/airflow/.local/lib/python3.12/site-packages/airflow/example_dags/example_sla_dag.py took 0.214 seconds
[2024-05-02T22:58:35.862+0000] {processor.py:161} INFO - Started process (PID=192) to work on /home/airflow/.local/lib/python3.12/site-packages/airflow/example_dags/example_sla_dag.py
[2024-05-02T22:58:35.865+0000] {processor.py:830} INFO - Processing file /home/airflow/.local/lib/python3.12/site-packages/airflow/example_dags/example_sla_dag.py for tasks to queue
[2024-05-02T22:58:35.876+0000] {logging_mixin.py:188} INFO - [2024-05-02T22:58:35.875+0000] {dagbag.py:540} INFO - Filling up the DagBag from /home/airflow/.local/lib/python3.12/site-packages/airflow/example_dags/example_sla_dag.py
[2024-05-02T22:58:35.947+0000] {processor.py:840} INFO - DAG(s) 'example_sla_dag' retrieved from /home/airflow/.local/lib/python3.12/site-packages/airflow/example_dags/example_sla_dag.py
[2024-05-02T22:58:36.673+0000] {logging_mixin.py:188} INFO - [2024-05-02T22:58:36.659+0000] {dag.py:3096} INFO - Sync 1 DAGs
[2024-05-02T22:58:36.823+0000] {logging_mixin.py:188} INFO - [2024-05-02T22:58:36.822+0000] {dag.py:3954} INFO - Setting next_dagrun for example_sla_dag to 2024-05-02 22:56:00+00:00, run_after=2024-05-02 22:58:00+00:00
[2024-05-02T22:58:37.065+0000] {processor.py:183} INFO - Processing /home/airflow/.local/lib/python3.12/site-packages/airflow/example_dags/example_sla_dag.py took 1.217 seconds
[2024-05-02T22:59:09.201+0000] {processor.py:161} INFO - Started process (PID=255) to work on /home/airflow/.local/lib/python3.12/site-packages/airflow/example_dags/example_sla_dag.py
[2024-05-02T22:59:09.217+0000] {processor.py:830} INFO - Processing file /home/airflow/.local/lib/python3.12/site-packages/airflow/example_dags/example_sla_dag.py for tasks to queue
[2024-05-02T22:59:09.222+0000] {logging_mixin.py:188} INFO - [2024-05-02T22:59:09.221+0000] {dagbag.py:540} INFO - Filling up the DagBag from /home/airflow/.local/lib/python3.12/site-packages/airflow/example_dags/example_sla_dag.py
[2024-05-02T22:59:09.341+0000] {processor.py:840} INFO - DAG(s) 'example_sla_dag' retrieved from /home/airflow/.local/lib/python3.12/site-packages/airflow/example_dags/example_sla_dag.py
[2024-05-02T22:59:09.540+0000] {logging_mixin.py:188} INFO - [2024-05-02T22:59:09.539+0000] {dag.py:3096} INFO - Sync 1 DAGs
[2024-05-02T22:59:09.786+0000] {logging_mixin.py:188} INFO - [2024-05-02T22:59:09.786+0000] {dag.py:3954} INFO - Setting next_dagrun for example_sla_dag to 2024-05-02 22:56:00+00:00, run_after=2024-05-02 22:58:00+00:00
[2024-05-02T22:59:10.073+0000] {processor.py:183} INFO - Processing /home/airflow/.local/lib/python3.12/site-packages/airflow/example_dags/example_sla_dag.py took 0.945 seconds
[2024-05-02T22:59:43.017+0000] {processor.py:161} INFO - Started process (PID=318) to work on /home/airflow/.local/lib/python3.12/site-packages/airflow/example_dags/example_sla_dag.py
[2024-05-02T22:59:43.019+0000] {processor.py:830} INFO - Processing file /home/airflow/.local/lib/python3.12/site-packages/airflow/example_dags/example_sla_dag.py for tasks to queue
[2024-05-02T22:59:43.028+0000] {logging_mixin.py:188} INFO - [2024-05-02T22:59:43.027+0000] {dagbag.py:540} INFO - Filling up the DagBag from /home/airflow/.local/lib/python3.12/site-packages/airflow/example_dags/example_sla_dag.py
[2024-05-02T22:59:43.083+0000] {processor.py:840} INFO - DAG(s) 'example_sla_dag' retrieved from /home/airflow/.local/lib/python3.12/site-packages/airflow/example_dags/example_sla_dag.py
[2024-05-02T22:59:43.239+0000] {logging_mixin.py:188} INFO - [2024-05-02T22:59:43.239+0000] {dag.py:3096} INFO - Sync 1 DAGs
[2024-05-02T22:59:43.512+0000] {logging_mixin.py:188} INFO - [2024-05-02T22:59:43.511+0000] {dag.py:3954} INFO - Setting next_dagrun for example_sla_dag to 2024-05-02 22:56:00+00:00, run_after=2024-05-02 22:58:00+00:00
[2024-05-02T22:59:43.630+0000] {processor.py:183} INFO - Processing /home/airflow/.local/lib/python3.12/site-packages/airflow/example_dags/example_sla_dag.py took 0.647 seconds
[2024-05-02T23:00:15.040+0000] {processor.py:161} INFO - Started process (PID=376) to work on /home/airflow/.local/lib/python3.12/site-packages/airflow/example_dags/example_sla_dag.py
[2024-05-02T23:00:15.042+0000] {processor.py:830} INFO - Processing file /home/airflow/.local/lib/python3.12/site-packages/airflow/example_dags/example_sla_dag.py for tasks to queue
[2024-05-02T23:00:15.069+0000] {logging_mixin.py:188} INFO - [2024-05-02T23:00:15.069+0000] {dagbag.py:540} INFO - Filling up the DagBag from /home/airflow/.local/lib/python3.12/site-packages/airflow/example_dags/example_sla_dag.py
[2024-05-02T23:00:15.132+0000] {processor.py:840} INFO - DAG(s) 'example_sla_dag' retrieved from /home/airflow/.local/lib/python3.12/site-packages/airflow/example_dags/example_sla_dag.py
[2024-05-02T23:00:15.319+0000] {logging_mixin.py:188} INFO - [2024-05-02T23:00:15.319+0000] {dag.py:3096} INFO - Sync 1 DAGs
[2024-05-02T23:00:15.537+0000] {logging_mixin.py:188} INFO - [2024-05-02T23:00:15.536+0000] {dag.py:3954} INFO - Setting next_dagrun for example_sla_dag to 2024-05-02 22:58:00+00:00, run_after=2024-05-02 23:00:00+00:00
[2024-05-02T23:00:15.750+0000] {processor.py:183} INFO - Processing /home/airflow/.local/lib/python3.12/site-packages/airflow/example_dags/example_sla_dag.py took 0.729 seconds
[2024-05-02T23:00:46.031+0000] {processor.py:161} INFO - Started process (PID=433) to work on /home/airflow/.local/lib/python3.12/site-packages/airflow/example_dags/example_sla_dag.py
[2024-05-02T23:00:46.032+0000] {processor.py:830} INFO - Processing file /home/airflow/.local/lib/python3.12/site-packages/airflow/example_dags/example_sla_dag.py for tasks to queue
[2024-05-02T23:00:46.038+0000] {logging_mixin.py:188} INFO - [2024-05-02T23:00:46.037+0000] {dagbag.py:540} INFO - Filling up the DagBag from /home/airflow/.local/lib/python3.12/site-packages/airflow/example_dags/example_sla_dag.py
[2024-05-02T23:00:46.065+0000] {processor.py:840} INFO - DAG(s) 'example_sla_dag' retrieved from /home/airflow/.local/lib/python3.12/site-packages/airflow/example_dags/example_sla_dag.py
[2024-05-02T23:00:46.121+0000] {logging_mixin.py:188} INFO - [2024-05-02T23:00:46.121+0000] {dag.py:3096} INFO - Sync 1 DAGs
[2024-05-02T23:00:46.188+0000] {logging_mixin.py:188} INFO - [2024-05-02T23:00:46.187+0000] {dag.py:3954} INFO - Setting next_dagrun for example_sla_dag to 2024-05-02 22:58:00+00:00, run_after=2024-05-02 23:00:00+00:00
[2024-05-02T23:00:46.229+0000] {processor.py:183} INFO - Processing /home/airflow/.local/lib/python3.12/site-packages/airflow/example_dags/example_sla_dag.py took 0.209 seconds
[2024-05-02T23:01:16.313+0000] {processor.py:161} INFO - Started process (PID=493) to work on /home/airflow/.local/lib/python3.12/site-packages/airflow/example_dags/example_sla_dag.py
[2024-05-02T23:01:16.315+0000] {processor.py:830} INFO - Processing file /home/airflow/.local/lib/python3.12/site-packages/airflow/example_dags/example_sla_dag.py for tasks to queue
[2024-05-02T23:01:16.318+0000] {logging_mixin.py:188} INFO - [2024-05-02T23:01:16.317+0000] {dagbag.py:540} INFO - Filling up the DagBag from /home/airflow/.local/lib/python3.12/site-packages/airflow/example_dags/example_sla_dag.py
[2024-05-02T23:01:16.333+0000] {processor.py:840} INFO - DAG(s) 'example_sla_dag' retrieved from /home/airflow/.local/lib/python3.12/site-packages/airflow/example_dags/example_sla_dag.py
[2024-05-02T23:01:16.366+0000] {logging_mixin.py:188} INFO - [2024-05-02T23:01:16.365+0000] {dag.py:3096} INFO - Sync 1 DAGs
[2024-05-02T23:01:16.414+0000] {logging_mixin.py:188} INFO - [2024-05-02T23:01:16.414+0000] {dag.py:3954} INFO - Setting next_dagrun for example_sla_dag to 2024-05-02 22:58:00+00:00, run_after=2024-05-02 23:00:00+00:00
[2024-05-02T23:01:16.456+0000] {processor.py:183} INFO - Processing /home/airflow/.local/lib/python3.12/site-packages/airflow/example_dags/example_sla_dag.py took 0.154 seconds
[2024-05-02T23:01:46.630+0000] {processor.py:161} INFO - Started process (PID=552) to work on /home/airflow/.local/lib/python3.12/site-packages/airflow/example_dags/example_sla_dag.py
[2024-05-02T23:01:46.637+0000] {processor.py:830} INFO - Processing file /home/airflow/.local/lib/python3.12/site-packages/airflow/example_dags/example_sla_dag.py for tasks to queue
[2024-05-02T23:01:46.643+0000] {logging_mixin.py:188} INFO - [2024-05-02T23:01:46.642+0000] {dagbag.py:540} INFO - Filling up the DagBag from /home/airflow/.local/lib/python3.12/site-packages/airflow/example_dags/example_sla_dag.py
[2024-05-02T23:01:46.689+0000] {processor.py:840} INFO - DAG(s) 'example_sla_dag' retrieved from /home/airflow/.local/lib/python3.12/site-packages/airflow/example_dags/example_sla_dag.py
[2024-05-02T23:01:46.772+0000] {logging_mixin.py:188} INFO - [2024-05-02T23:01:46.772+0000] {dag.py:3096} INFO - Sync 1 DAGs
[2024-05-02T23:01:46.902+0000] {logging_mixin.py:188} INFO - [2024-05-02T23:01:46.901+0000] {dag.py:3954} INFO - Setting next_dagrun for example_sla_dag to 2024-05-02 22:58:00+00:00, run_after=2024-05-02 23:00:00+00:00
[2024-05-02T23:01:46.965+0000] {processor.py:183} INFO - Processing /home/airflow/.local/lib/python3.12/site-packages/airflow/example_dags/example_sla_dag.py took 0.354 seconds
[2024-05-02T23:02:17.772+0000] {processor.py:161} INFO - Started process (PID=612) to work on /home/airflow/.local/lib/python3.12/site-packages/airflow/example_dags/example_sla_dag.py
[2024-05-02T23:02:17.776+0000] {processor.py:830} INFO - Processing file /home/airflow/.local/lib/python3.12/site-packages/airflow/example_dags/example_sla_dag.py for tasks to queue
[2024-05-02T23:02:17.785+0000] {logging_mixin.py:188} INFO - [2024-05-02T23:02:17.784+0000] {dagbag.py:540} INFO - Filling up the DagBag from /home/airflow/.local/lib/python3.12/site-packages/airflow/example_dags/example_sla_dag.py
[2024-05-02T23:02:17.808+0000] {processor.py:840} INFO - DAG(s) 'example_sla_dag' retrieved from /home/airflow/.local/lib/python3.12/site-packages/airflow/example_dags/example_sla_dag.py
[2024-05-02T23:02:17.935+0000] {logging_mixin.py:188} INFO - [2024-05-02T23:02:17.934+0000] {dag.py:3096} INFO - Sync 1 DAGs
[2024-05-02T23:02:18.075+0000] {logging_mixin.py:188} INFO - [2024-05-02T23:02:18.074+0000] {dag.py:3954} INFO - Setting next_dagrun for example_sla_dag to 2024-05-02 23:00:00+00:00, run_after=2024-05-02 23:02:00+00:00
[2024-05-02T23:02:18.145+0000] {processor.py:183} INFO - Processing /home/airflow/.local/lib/python3.12/site-packages/airflow/example_dags/example_sla_dag.py took 0.390 seconds
[2024-05-02T23:02:48.462+0000] {processor.py:161} INFO - Started process (PID=671) to work on /home/airflow/.local/lib/python3.12/site-packages/airflow/example_dags/example_sla_dag.py
[2024-05-02T23:02:48.467+0000] {processor.py:830} INFO - Processing file /home/airflow/.local/lib/python3.12/site-packages/airflow/example_dags/example_sla_dag.py for tasks to queue
[2024-05-02T23:02:48.473+0000] {logging_mixin.py:188} INFO - [2024-05-02T23:02:48.470+0000] {dagbag.py:540} INFO - Filling up the DagBag from /home/airflow/.local/lib/python3.12/site-packages/airflow/example_dags/example_sla_dag.py
[2024-05-02T23:02:48.501+0000] {processor.py:840} INFO - DAG(s) 'example_sla_dag' retrieved from /home/airflow/.local/lib/python3.12/site-packages/airflow/example_dags/example_sla_dag.py
[2024-05-02T23:02:48.553+0000] {logging_mixin.py:188} INFO - [2024-05-02T23:02:48.552+0000] {dag.py:3096} INFO - Sync 1 DAGs
[2024-05-02T23:02:48.638+0000] {logging_mixin.py:188} INFO - [2024-05-02T23:02:48.637+0000] {dag.py:3954} INFO - Setting next_dagrun for example_sla_dag to 2024-05-02 23:00:00+00:00, run_after=2024-05-02 23:02:00+00:00
[2024-05-02T23:02:48.699+0000] {processor.py:183} INFO - Processing /home/airflow/.local/lib/python3.12/site-packages/airflow/example_dags/example_sla_dag.py took 0.262 seconds
[2024-05-02T23:03:19.076+0000] {processor.py:161} INFO - Started process (PID=730) to work on /home/airflow/.local/lib/python3.12/site-packages/airflow/example_dags/example_sla_dag.py
[2024-05-02T23:03:19.096+0000] {processor.py:830} INFO - Processing file /home/airflow/.local/lib/python3.12/site-packages/airflow/example_dags/example_sla_dag.py for tasks to queue
[2024-05-02T23:03:19.105+0000] {logging_mixin.py:188} INFO - [2024-05-02T23:03:19.104+0000] {dagbag.py:540} INFO - Filling up the DagBag from /home/airflow/.local/lib/python3.12/site-packages/airflow/example_dags/example_sla_dag.py
[2024-05-02T23:03:19.193+0000] {processor.py:840} INFO - DAG(s) 'example_sla_dag' retrieved from /home/airflow/.local/lib/python3.12/site-packages/airflow/example_dags/example_sla_dag.py
[2024-05-02T23:03:19.282+0000] {logging_mixin.py:188} INFO - [2024-05-02T23:03:19.282+0000] {dag.py:3096} INFO - Sync 1 DAGs
[2024-05-02T23:03:19.393+0000] {logging_mixin.py:188} INFO - [2024-05-02T23:03:19.392+0000] {dag.py:3954} INFO - Setting next_dagrun for example_sla_dag to 2024-05-02 23:00:00+00:00, run_after=2024-05-02 23:02:00+00:00
[2024-05-02T23:03:19.557+0000] {processor.py:183} INFO - Processing /home/airflow/.local/lib/python3.12/site-packages/airflow/example_dags/example_sla_dag.py took 0.515 seconds
[2024-05-02T23:03:50.361+0000] {processor.py:161} INFO - Started process (PID=789) to work on /home/airflow/.local/lib/python3.12/site-packages/airflow/example_dags/example_sla_dag.py
[2024-05-02T23:03:50.362+0000] {processor.py:830} INFO - Processing file /home/airflow/.local/lib/python3.12/site-packages/airflow/example_dags/example_sla_dag.py for tasks to queue
[2024-05-02T23:03:50.366+0000] {logging_mixin.py:188} INFO - [2024-05-02T23:03:50.365+0000] {dagbag.py:540} INFO - Filling up the DagBag from /home/airflow/.local/lib/python3.12/site-packages/airflow/example_dags/example_sla_dag.py
[2024-05-02T23:03:50.384+0000] {processor.py:840} INFO - DAG(s) 'example_sla_dag' retrieved from /home/airflow/.local/lib/python3.12/site-packages/airflow/example_dags/example_sla_dag.py
[2024-05-02T23:03:50.436+0000] {logging_mixin.py:188} INFO - [2024-05-02T23:03:50.435+0000] {dag.py:3096} INFO - Sync 1 DAGs
[2024-05-02T23:03:50.502+0000] {logging_mixin.py:188} INFO - [2024-05-02T23:03:50.502+0000] {dag.py:3954} INFO - Setting next_dagrun for example_sla_dag to 2024-05-02 23:00:00+00:00, run_after=2024-05-02 23:02:00+00:00
[2024-05-02T23:03:50.568+0000] {processor.py:183} INFO - Processing /home/airflow/.local/lib/python3.12/site-packages/airflow/example_dags/example_sla_dag.py took 0.217 seconds
[2024-05-02T23:04:21.062+0000] {processor.py:161} INFO - Started process (PID=848) to work on /home/airflow/.local/lib/python3.12/site-packages/airflow/example_dags/example_sla_dag.py
[2024-05-02T23:04:21.065+0000] {processor.py:830} INFO - Processing file /home/airflow/.local/lib/python3.12/site-packages/airflow/example_dags/example_sla_dag.py for tasks to queue
[2024-05-02T23:04:21.080+0000] {logging_mixin.py:188} INFO - [2024-05-02T23:04:21.077+0000] {dagbag.py:540} INFO - Filling up the DagBag from /home/airflow/.local/lib/python3.12/site-packages/airflow/example_dags/example_sla_dag.py
[2024-05-02T23:04:21.116+0000] {processor.py:840} INFO - DAG(s) 'example_sla_dag' retrieved from /home/airflow/.local/lib/python3.12/site-packages/airflow/example_dags/example_sla_dag.py
[2024-05-02T23:04:21.173+0000] {logging_mixin.py:188} INFO - [2024-05-02T23:04:21.172+0000] {dag.py:3096} INFO - Sync 1 DAGs
[2024-05-02T23:04:21.251+0000] {logging_mixin.py:188} INFO - [2024-05-02T23:04:21.251+0000] {dag.py:3954} INFO - Setting next_dagrun for example_sla_dag to 2024-05-02 23:02:00+00:00, run_after=2024-05-02 23:04:00+00:00
[2024-05-02T23:04:21.632+0000] {processor.py:183} INFO - Processing /home/airflow/.local/lib/python3.12/site-packages/airflow/example_dags/example_sla_dag.py took 0.589 seconds
[2024-05-02T23:04:52.065+0000] {processor.py:161} INFO - Started process (PID=907) to work on /home/airflow/.local/lib/python3.12/site-packages/airflow/example_dags/example_sla_dag.py
[2024-05-02T23:04:52.072+0000] {processor.py:830} INFO - Processing file /home/airflow/.local/lib/python3.12/site-packages/airflow/example_dags/example_sla_dag.py for tasks to queue
[2024-05-02T23:04:52.079+0000] {logging_mixin.py:188} INFO - [2024-05-02T23:04:52.078+0000] {dagbag.py:540} INFO - Filling up the DagBag from /home/airflow/.local/lib/python3.12/site-packages/airflow/example_dags/example_sla_dag.py
[2024-05-02T23:04:52.123+0000] {processor.py:840} INFO - DAG(s) 'example_sla_dag' retrieved from /home/airflow/.local/lib/python3.12/site-packages/airflow/example_dags/example_sla_dag.py
[2024-05-02T23:04:52.197+0000] {logging_mixin.py:188} INFO - [2024-05-02T23:04:52.196+0000] {dag.py:3096} INFO - Sync 1 DAGs
[2024-05-02T23:04:52.278+0000] {logging_mixin.py:188} INFO - [2024-05-02T23:04:52.278+0000] {dag.py:3954} INFO - Setting next_dagrun for example_sla_dag to 2024-05-02 23:02:00+00:00, run_after=2024-05-02 23:04:00+00:00
[2024-05-02T23:04:52.368+0000] {processor.py:183} INFO - Processing /home/airflow/.local/lib/python3.12/site-packages/airflow/example_dags/example_sla_dag.py took 0.337 seconds
[2024-05-02T23:05:23.289+0000] {processor.py:161} INFO - Started process (PID=966) to work on /home/airflow/.local/lib/python3.12/site-packages/airflow/example_dags/example_sla_dag.py
[2024-05-02T23:05:23.291+0000] {processor.py:830} INFO - Processing file /home/airflow/.local/lib/python3.12/site-packages/airflow/example_dags/example_sla_dag.py for tasks to queue
[2024-05-02T23:05:23.295+0000] {logging_mixin.py:188} INFO - [2024-05-02T23:05:23.294+0000] {dagbag.py:540} INFO - Filling up the DagBag from /home/airflow/.local/lib/python3.12/site-packages/airflow/example_dags/example_sla_dag.py
[2024-05-02T23:05:23.318+0000] {processor.py:840} INFO - DAG(s) 'example_sla_dag' retrieved from /home/airflow/.local/lib/python3.12/site-packages/airflow/example_dags/example_sla_dag.py
[2024-05-02T23:05:23.373+0000] {logging_mixin.py:188} INFO - [2024-05-02T23:05:23.372+0000] {dag.py:3096} INFO - Sync 1 DAGs
[2024-05-02T23:05:23.431+0000] {logging_mixin.py:188} INFO - [2024-05-02T23:05:23.430+0000] {dag.py:3954} INFO - Setting next_dagrun for example_sla_dag to 2024-05-02 23:02:00+00:00, run_after=2024-05-02 23:04:00+00:00
[2024-05-02T23:05:23.475+0000] {processor.py:183} INFO - Processing /home/airflow/.local/lib/python3.12/site-packages/airflow/example_dags/example_sla_dag.py took 0.198 seconds
[2024-05-02T23:05:54.803+0000] {processor.py:161} INFO - Started process (PID=1024) to work on /home/airflow/.local/lib/python3.12/site-packages/airflow/example_dags/example_sla_dag.py
[2024-05-02T23:05:54.818+0000] {processor.py:830} INFO - Processing file /home/airflow/.local/lib/python3.12/site-packages/airflow/example_dags/example_sla_dag.py for tasks to queue
[2024-05-02T23:05:54.834+0000] {logging_mixin.py:188} INFO - [2024-05-02T23:05:54.831+0000] {dagbag.py:540} INFO - Filling up the DagBag from /home/airflow/.local/lib/python3.12/site-packages/airflow/example_dags/example_sla_dag.py
[2024-05-02T23:05:54.893+0000] {processor.py:840} INFO - DAG(s) 'example_sla_dag' retrieved from /home/airflow/.local/lib/python3.12/site-packages/airflow/example_dags/example_sla_dag.py
[2024-05-02T23:05:55.478+0000] {logging_mixin.py:188} INFO - [2024-05-02T23:05:55.477+0000] {dag.py:3096} INFO - Sync 1 DAGs
[2024-05-02T23:05:55.572+0000] {logging_mixin.py:188} INFO - [2024-05-02T23:05:55.571+0000] {dag.py:3954} INFO - Setting next_dagrun for example_sla_dag to 2024-05-02 23:02:00+00:00, run_after=2024-05-02 23:04:00+00:00
[2024-05-02T23:05:55.681+0000] {processor.py:183} INFO - Processing /home/airflow/.local/lib/python3.12/site-packages/airflow/example_dags/example_sla_dag.py took 0.903 seconds
[2024-05-02T23:06:25.893+0000] {processor.py:161} INFO - Started process (PID=1083) to work on /home/airflow/.local/lib/python3.12/site-packages/airflow/example_dags/example_sla_dag.py
[2024-05-02T23:06:25.895+0000] {processor.py:830} INFO - Processing file /home/airflow/.local/lib/python3.12/site-packages/airflow/example_dags/example_sla_dag.py for tasks to queue
[2024-05-02T23:06:25.901+0000] {logging_mixin.py:188} INFO - [2024-05-02T23:06:25.900+0000] {dagbag.py:540} INFO - Filling up the DagBag from /home/airflow/.local/lib/python3.12/site-packages/airflow/example_dags/example_sla_dag.py
[2024-05-02T23:06:25.918+0000] {processor.py:840} INFO - DAG(s) 'example_sla_dag' retrieved from /home/airflow/.local/lib/python3.12/site-packages/airflow/example_dags/example_sla_dag.py
[2024-05-02T23:06:25.963+0000] {logging_mixin.py:188} INFO - [2024-05-02T23:06:25.962+0000] {dag.py:3096} INFO - Sync 1 DAGs
[2024-05-02T23:06:26.034+0000] {logging_mixin.py:188} INFO - [2024-05-02T23:06:26.033+0000] {dag.py:3954} INFO - Setting next_dagrun for example_sla_dag to 2024-05-02 23:04:00+00:00, run_after=2024-05-02 23:06:00+00:00
[2024-05-02T23:06:26.089+0000] {processor.py:183} INFO - Processing /home/airflow/.local/lib/python3.12/site-packages/airflow/example_dags/example_sla_dag.py took 0.214 seconds
