[2024-05-02T22:20:55.662+0000] {processor.py:161} INFO - Started process (PID=69) to work on /home/airflow/.local/lib/python3.12/site-packages/airflow/example_dags/example_latest_only.py
[2024-05-02T22:20:55.664+0000] {processor.py:830} INFO - Processing file /home/airflow/.local/lib/python3.12/site-packages/airflow/example_dags/example_latest_only.py for tasks to queue
[2024-05-02T22:20:55.668+0000] {logging_mixin.py:188} INFO - [2024-05-02T22:20:55.668+0000] {dagbag.py:540} INFO - Filling up the DagBag from /home/airflow/.local/lib/python3.12/site-packages/airflow/example_dags/example_latest_only.py
[2024-05-02T22:20:55.683+0000] {processor.py:840} INFO - DAG(s) 'latest_only' retrieved from /home/airflow/.local/lib/python3.12/site-packages/airflow/example_dags/example_latest_only.py
[2024-05-02T22:20:56.072+0000] {logging_mixin.py:188} INFO - [2024-05-02T22:20:56.071+0000] {dag.py:3096} INFO - Sync 1 DAGs
[2024-05-02T22:20:56.220+0000] {logging_mixin.py:188} INFO - [2024-05-02T22:20:56.218+0000] {dag.py:3954} INFO - Setting next_dagrun for latest_only to 2024-05-02 16:00:00+00:00, run_after=2024-05-02 20:00:00+00:00
[2024-05-02T22:20:56.294+0000] {processor.py:183} INFO - Processing /home/airflow/.local/lib/python3.12/site-packages/airflow/example_dags/example_latest_only.py took 0.645 seconds
[2024-05-02T22:21:37.813+0000] {processor.py:161} INFO - Started process (PID=127) to work on /home/airflow/.local/lib/python3.12/site-packages/airflow/example_dags/example_latest_only.py
[2024-05-02T22:21:37.847+0000] {processor.py:830} INFO - Processing file /home/airflow/.local/lib/python3.12/site-packages/airflow/example_dags/example_latest_only.py for tasks to queue
[2024-05-02T22:21:37.851+0000] {logging_mixin.py:188} INFO - [2024-05-02T22:21:37.850+0000] {dagbag.py:540} INFO - Filling up the DagBag from /home/airflow/.local/lib/python3.12/site-packages/airflow/example_dags/example_latest_only.py
[2024-05-02T22:21:37.883+0000] {processor.py:840} INFO - DAG(s) 'latest_only' retrieved from /home/airflow/.local/lib/python3.12/site-packages/airflow/example_dags/example_latest_only.py
[2024-05-02T22:21:38.035+0000] {logging_mixin.py:188} INFO - [2024-05-02T22:21:38.035+0000] {dag.py:3096} INFO - Sync 1 DAGs
[2024-05-02T22:21:38.406+0000] {logging_mixin.py:188} INFO - [2024-05-02T22:21:38.405+0000] {dag.py:3954} INFO - Setting next_dagrun for latest_only to 2024-05-02 16:00:00+00:00, run_after=2024-05-02 20:00:00+00:00
[2024-05-02T22:21:38.589+0000] {processor.py:183} INFO - Processing /home/airflow/.local/lib/python3.12/site-packages/airflow/example_dags/example_latest_only.py took 0.824 seconds
[2024-05-02T22:22:58.427+0000] {processor.py:161} INFO - Started process (PID=208) to work on /home/airflow/.local/lib/python3.12/site-packages/airflow/example_dags/example_latest_only.py
[2024-05-02T22:22:58.444+0000] {processor.py:830} INFO - Processing file /home/airflow/.local/lib/python3.12/site-packages/airflow/example_dags/example_latest_only.py for tasks to queue
[2024-05-02T22:22:58.460+0000] {logging_mixin.py:188} INFO - [2024-05-02T22:22:58.453+0000] {dagbag.py:540} INFO - Filling up the DagBag from /home/airflow/.local/lib/python3.12/site-packages/airflow/example_dags/example_latest_only.py
[2024-05-02T22:22:58.494+0000] {processor.py:840} INFO - DAG(s) 'latest_only' retrieved from /home/airflow/.local/lib/python3.12/site-packages/airflow/example_dags/example_latest_only.py
[2024-05-02T22:22:58.647+0000] {logging_mixin.py:188} INFO - [2024-05-02T22:22:58.634+0000] {dag.py:3096} INFO - Sync 1 DAGs
[2024-05-02T22:22:58.869+0000] {logging_mixin.py:188} INFO - [2024-05-02T22:22:58.868+0000] {dag.py:3954} INFO - Setting next_dagrun for latest_only to 2024-05-02 16:00:00+00:00, run_after=2024-05-02 20:00:00+00:00
[2024-05-02T22:22:59.469+0000] {processor.py:183} INFO - Processing /home/airflow/.local/lib/python3.12/site-packages/airflow/example_dags/example_latest_only.py took 1.097 seconds
[2024-05-02T22:32:39.549+0000] {processor.py:161} INFO - Started process (PID=69) to work on /home/airflow/.local/lib/python3.12/site-packages/airflow/example_dags/example_latest_only.py
[2024-05-02T22:32:39.557+0000] {processor.py:830} INFO - Processing file /home/airflow/.local/lib/python3.12/site-packages/airflow/example_dags/example_latest_only.py for tasks to queue
[2024-05-02T22:32:39.563+0000] {logging_mixin.py:188} INFO - [2024-05-02T22:32:39.561+0000] {dagbag.py:540} INFO - Filling up the DagBag from /home/airflow/.local/lib/python3.12/site-packages/airflow/example_dags/example_latest_only.py
[2024-05-02T22:32:39.605+0000] {processor.py:840} INFO - DAG(s) 'latest_only' retrieved from /home/airflow/.local/lib/python3.12/site-packages/airflow/example_dags/example_latest_only.py
[2024-05-02T22:32:40.566+0000] {logging_mixin.py:188} INFO - [2024-05-02T22:32:40.566+0000] {dag.py:3096} INFO - Sync 1 DAGs
[2024-05-02T22:32:40.709+0000] {logging_mixin.py:188} INFO - [2024-05-02T22:32:40.709+0000] {dag.py:3954} INFO - Setting next_dagrun for latest_only to 2024-05-02 16:00:00+00:00, run_after=2024-05-02 20:00:00+00:00
[2024-05-02T22:32:40.804+0000] {processor.py:183} INFO - Processing /home/airflow/.local/lib/python3.12/site-packages/airflow/example_dags/example_latest_only.py took 1.292 seconds
[2024-05-02T22:33:11.674+0000] {processor.py:161} INFO - Started process (PID=128) to work on /home/airflow/.local/lib/python3.12/site-packages/airflow/example_dags/example_latest_only.py
[2024-05-02T22:33:11.679+0000] {processor.py:830} INFO - Processing file /home/airflow/.local/lib/python3.12/site-packages/airflow/example_dags/example_latest_only.py for tasks to queue
[2024-05-02T22:33:11.686+0000] {logging_mixin.py:188} INFO - [2024-05-02T22:33:11.686+0000] {dagbag.py:540} INFO - Filling up the DagBag from /home/airflow/.local/lib/python3.12/site-packages/airflow/example_dags/example_latest_only.py
[2024-05-02T22:33:11.724+0000] {processor.py:840} INFO - DAG(s) 'latest_only' retrieved from /home/airflow/.local/lib/python3.12/site-packages/airflow/example_dags/example_latest_only.py
[2024-05-02T22:33:11.829+0000] {logging_mixin.py:188} INFO - [2024-05-02T22:33:11.829+0000] {dag.py:3096} INFO - Sync 1 DAGs
[2024-05-02T22:33:12.038+0000] {logging_mixin.py:188} INFO - [2024-05-02T22:33:12.038+0000] {dag.py:3954} INFO - Setting next_dagrun for latest_only to 2024-05-02 16:00:00+00:00, run_after=2024-05-02 20:00:00+00:00
[2024-05-02T22:33:12.241+0000] {processor.py:183} INFO - Processing /home/airflow/.local/lib/python3.12/site-packages/airflow/example_dags/example_latest_only.py took 0.585 seconds
[2024-05-02T22:33:43.156+0000] {processor.py:161} INFO - Started process (PID=187) to work on /home/airflow/.local/lib/python3.12/site-packages/airflow/example_dags/example_latest_only.py
[2024-05-02T22:33:43.184+0000] {processor.py:830} INFO - Processing file /home/airflow/.local/lib/python3.12/site-packages/airflow/example_dags/example_latest_only.py for tasks to queue
[2024-05-02T22:33:43.188+0000] {logging_mixin.py:188} INFO - [2024-05-02T22:33:43.187+0000] {dagbag.py:540} INFO - Filling up the DagBag from /home/airflow/.local/lib/python3.12/site-packages/airflow/example_dags/example_latest_only.py
[2024-05-02T22:33:43.228+0000] {processor.py:840} INFO - DAG(s) 'latest_only' retrieved from /home/airflow/.local/lib/python3.12/site-packages/airflow/example_dags/example_latest_only.py
[2024-05-02T22:33:43.415+0000] {logging_mixin.py:188} INFO - [2024-05-02T22:33:43.414+0000] {dag.py:3096} INFO - Sync 1 DAGs
[2024-05-02T22:33:43.622+0000] {logging_mixin.py:188} INFO - [2024-05-02T22:33:43.621+0000] {dag.py:3954} INFO - Setting next_dagrun for latest_only to 2024-05-02 16:00:00+00:00, run_after=2024-05-02 20:00:00+00:00
[2024-05-02T22:33:43.874+0000] {processor.py:183} INFO - Processing /home/airflow/.local/lib/python3.12/site-packages/airflow/example_dags/example_latest_only.py took 0.781 seconds
[2024-05-02T22:34:14.422+0000] {processor.py:161} INFO - Started process (PID=246) to work on /home/airflow/.local/lib/python3.12/site-packages/airflow/example_dags/example_latest_only.py
[2024-05-02T22:34:14.426+0000] {processor.py:830} INFO - Processing file /home/airflow/.local/lib/python3.12/site-packages/airflow/example_dags/example_latest_only.py for tasks to queue
[2024-05-02T22:34:14.466+0000] {logging_mixin.py:188} INFO - [2024-05-02T22:34:14.465+0000] {dagbag.py:540} INFO - Filling up the DagBag from /home/airflow/.local/lib/python3.12/site-packages/airflow/example_dags/example_latest_only.py
[2024-05-02T22:34:14.486+0000] {processor.py:840} INFO - DAG(s) 'latest_only' retrieved from /home/airflow/.local/lib/python3.12/site-packages/airflow/example_dags/example_latest_only.py
[2024-05-02T22:34:14.612+0000] {logging_mixin.py:188} INFO - [2024-05-02T22:34:14.611+0000] {dag.py:3096} INFO - Sync 1 DAGs
[2024-05-02T22:34:14.798+0000] {logging_mixin.py:188} INFO - [2024-05-02T22:34:14.789+0000] {dag.py:3954} INFO - Setting next_dagrun for latest_only to 2024-05-02 16:00:00+00:00, run_after=2024-05-02 20:00:00+00:00
[2024-05-02T22:34:15.036+0000] {processor.py:183} INFO - Processing /home/airflow/.local/lib/python3.12/site-packages/airflow/example_dags/example_latest_only.py took 0.681 seconds
[2024-05-02T22:34:46.149+0000] {processor.py:161} INFO - Started process (PID=306) to work on /home/airflow/.local/lib/python3.12/site-packages/airflow/example_dags/example_latest_only.py
[2024-05-02T22:34:46.151+0000] {processor.py:830} INFO - Processing file /home/airflow/.local/lib/python3.12/site-packages/airflow/example_dags/example_latest_only.py for tasks to queue
[2024-05-02T22:34:46.156+0000] {logging_mixin.py:188} INFO - [2024-05-02T22:34:46.155+0000] {dagbag.py:540} INFO - Filling up the DagBag from /home/airflow/.local/lib/python3.12/site-packages/airflow/example_dags/example_latest_only.py
[2024-05-02T22:34:46.174+0000] {processor.py:840} INFO - DAG(s) 'latest_only' retrieved from /home/airflow/.local/lib/python3.12/site-packages/airflow/example_dags/example_latest_only.py
[2024-05-02T22:34:46.270+0000] {logging_mixin.py:188} INFO - [2024-05-02T22:34:46.269+0000] {dag.py:3096} INFO - Sync 1 DAGs
[2024-05-02T22:34:46.417+0000] {logging_mixin.py:188} INFO - [2024-05-02T22:34:46.416+0000] {dag.py:3954} INFO - Setting next_dagrun for latest_only to 2024-05-02 16:00:00+00:00, run_after=2024-05-02 20:00:00+00:00
[2024-05-02T22:34:46.480+0000] {processor.py:183} INFO - Processing /home/airflow/.local/lib/python3.12/site-packages/airflow/example_dags/example_latest_only.py took 0.346 seconds
[2024-05-02T22:35:17.140+0000] {processor.py:161} INFO - Started process (PID=364) to work on /home/airflow/.local/lib/python3.12/site-packages/airflow/example_dags/example_latest_only.py
[2024-05-02T22:35:17.143+0000] {processor.py:830} INFO - Processing file /home/airflow/.local/lib/python3.12/site-packages/airflow/example_dags/example_latest_only.py for tasks to queue
[2024-05-02T22:35:17.148+0000] {logging_mixin.py:188} INFO - [2024-05-02T22:35:17.147+0000] {dagbag.py:540} INFO - Filling up the DagBag from /home/airflow/.local/lib/python3.12/site-packages/airflow/example_dags/example_latest_only.py
[2024-05-02T22:35:17.161+0000] {processor.py:840} INFO - DAG(s) 'latest_only' retrieved from /home/airflow/.local/lib/python3.12/site-packages/airflow/example_dags/example_latest_only.py
[2024-05-02T22:35:17.576+0000] {logging_mixin.py:188} INFO - [2024-05-02T22:35:17.576+0000] {dag.py:3096} INFO - Sync 1 DAGs
[2024-05-02T22:35:17.681+0000] {logging_mixin.py:188} INFO - [2024-05-02T22:35:17.680+0000] {dag.py:3954} INFO - Setting next_dagrun for latest_only to 2024-05-02 16:00:00+00:00, run_after=2024-05-02 20:00:00+00:00
[2024-05-02T22:35:17.801+0000] {processor.py:183} INFO - Processing /home/airflow/.local/lib/python3.12/site-packages/airflow/example_dags/example_latest_only.py took 0.680 seconds
[2024-05-02T22:35:48.232+0000] {processor.py:161} INFO - Started process (PID=422) to work on /home/airflow/.local/lib/python3.12/site-packages/airflow/example_dags/example_latest_only.py
[2024-05-02T22:35:48.237+0000] {processor.py:830} INFO - Processing file /home/airflow/.local/lib/python3.12/site-packages/airflow/example_dags/example_latest_only.py for tasks to queue
[2024-05-02T22:35:48.244+0000] {logging_mixin.py:188} INFO - [2024-05-02T22:35:48.242+0000] {dagbag.py:540} INFO - Filling up the DagBag from /home/airflow/.local/lib/python3.12/site-packages/airflow/example_dags/example_latest_only.py
[2024-05-02T22:35:48.258+0000] {processor.py:840} INFO - DAG(s) 'latest_only' retrieved from /home/airflow/.local/lib/python3.12/site-packages/airflow/example_dags/example_latest_only.py
[2024-05-02T22:35:48.327+0000] {logging_mixin.py:188} INFO - [2024-05-02T22:35:48.326+0000] {dag.py:3096} INFO - Sync 1 DAGs
[2024-05-02T22:35:48.402+0000] {logging_mixin.py:188} INFO - [2024-05-02T22:35:48.400+0000] {dag.py:3954} INFO - Setting next_dagrun for latest_only to 2024-05-02 16:00:00+00:00, run_after=2024-05-02 20:00:00+00:00
[2024-05-02T22:35:48.458+0000] {processor.py:183} INFO - Processing /home/airflow/.local/lib/python3.12/site-packages/airflow/example_dags/example_latest_only.py took 0.256 seconds
[2024-05-02T22:36:22.282+0000] {processor.py:161} INFO - Started process (PID=480) to work on /home/airflow/.local/lib/python3.12/site-packages/airflow/example_dags/example_latest_only.py
[2024-05-02T22:36:22.288+0000] {processor.py:830} INFO - Processing file /home/airflow/.local/lib/python3.12/site-packages/airflow/example_dags/example_latest_only.py for tasks to queue
[2024-05-02T22:36:22.297+0000] {logging_mixin.py:188} INFO - [2024-05-02T22:36:22.293+0000] {dagbag.py:540} INFO - Filling up the DagBag from /home/airflow/.local/lib/python3.12/site-packages/airflow/example_dags/example_latest_only.py
[2024-05-02T22:36:22.309+0000] {processor.py:840} INFO - DAG(s) 'latest_only' retrieved from /home/airflow/.local/lib/python3.12/site-packages/airflow/example_dags/example_latest_only.py
[2024-05-02T22:36:22.394+0000] {logging_mixin.py:188} INFO - [2024-05-02T22:36:22.393+0000] {dag.py:3096} INFO - Sync 1 DAGs
[2024-05-02T22:36:22.604+0000] {logging_mixin.py:188} INFO - [2024-05-02T22:36:22.603+0000] {dag.py:3954} INFO - Setting next_dagrun for latest_only to 2024-05-02 16:00:00+00:00, run_after=2024-05-02 20:00:00+00:00
[2024-05-02T22:36:22.925+0000] {processor.py:183} INFO - Processing /home/airflow/.local/lib/python3.12/site-packages/airflow/example_dags/example_latest_only.py took 0.674 seconds
[2024-05-02T22:36:57.411+0000] {processor.py:161} INFO - Started process (PID=539) to work on /home/airflow/.local/lib/python3.12/site-packages/airflow/example_dags/example_latest_only.py
[2024-05-02T22:36:57.454+0000] {processor.py:830} INFO - Processing file /home/airflow/.local/lib/python3.12/site-packages/airflow/example_dags/example_latest_only.py for tasks to queue
[2024-05-02T22:36:57.503+0000] {logging_mixin.py:188} INFO - [2024-05-02T22:36:57.503+0000] {dagbag.py:540} INFO - Filling up the DagBag from /home/airflow/.local/lib/python3.12/site-packages/airflow/example_dags/example_latest_only.py
[2024-05-02T22:36:57.555+0000] {processor.py:840} INFO - DAG(s) 'latest_only' retrieved from /home/airflow/.local/lib/python3.12/site-packages/airflow/example_dags/example_latest_only.py
[2024-05-02T22:36:57.861+0000] {logging_mixin.py:188} INFO - [2024-05-02T22:36:57.860+0000] {dag.py:3096} INFO - Sync 1 DAGs
[2024-05-02T22:36:58.648+0000] {logging_mixin.py:188} INFO - [2024-05-02T22:36:58.648+0000] {dag.py:3954} INFO - Setting next_dagrun for latest_only to 2024-05-02 16:00:00+00:00, run_after=2024-05-02 20:00:00+00:00
[2024-05-02T22:36:58.980+0000] {processor.py:183} INFO - Processing /home/airflow/.local/lib/python3.12/site-packages/airflow/example_dags/example_latest_only.py took 1.624 seconds
[2024-05-02T22:37:30.039+0000] {processor.py:161} INFO - Started process (PID=599) to work on /home/airflow/.local/lib/python3.12/site-packages/airflow/example_dags/example_latest_only.py
[2024-05-02T22:37:30.072+0000] {processor.py:830} INFO - Processing file /home/airflow/.local/lib/python3.12/site-packages/airflow/example_dags/example_latest_only.py for tasks to queue
[2024-05-02T22:37:30.090+0000] {logging_mixin.py:188} INFO - [2024-05-02T22:37:30.089+0000] {dagbag.py:540} INFO - Filling up the DagBag from /home/airflow/.local/lib/python3.12/site-packages/airflow/example_dags/example_latest_only.py
[2024-05-02T22:37:30.140+0000] {processor.py:840} INFO - DAG(s) 'latest_only' retrieved from /home/airflow/.local/lib/python3.12/site-packages/airflow/example_dags/example_latest_only.py
[2024-05-02T22:37:30.387+0000] {logging_mixin.py:188} INFO - [2024-05-02T22:37:30.387+0000] {dag.py:3096} INFO - Sync 1 DAGs
[2024-05-02T22:37:30.722+0000] {logging_mixin.py:188} INFO - [2024-05-02T22:37:30.721+0000] {dag.py:3954} INFO - Setting next_dagrun for latest_only to 2024-05-02 16:00:00+00:00, run_after=2024-05-02 20:00:00+00:00
[2024-05-02T22:37:30.924+0000] {processor.py:183} INFO - Processing /home/airflow/.local/lib/python3.12/site-packages/airflow/example_dags/example_latest_only.py took 0.916 seconds
[2024-05-02T22:38:01.866+0000] {processor.py:161} INFO - Started process (PID=659) to work on /home/airflow/.local/lib/python3.12/site-packages/airflow/example_dags/example_latest_only.py
[2024-05-02T22:38:01.873+0000] {processor.py:830} INFO - Processing file /home/airflow/.local/lib/python3.12/site-packages/airflow/example_dags/example_latest_only.py for tasks to queue
[2024-05-02T22:38:01.884+0000] {logging_mixin.py:188} INFO - [2024-05-02T22:38:01.883+0000] {dagbag.py:540} INFO - Filling up the DagBag from /home/airflow/.local/lib/python3.12/site-packages/airflow/example_dags/example_latest_only.py
[2024-05-02T22:38:01.914+0000] {processor.py:840} INFO - DAG(s) 'latest_only' retrieved from /home/airflow/.local/lib/python3.12/site-packages/airflow/example_dags/example_latest_only.py
[2024-05-02T22:38:01.971+0000] {logging_mixin.py:188} INFO - [2024-05-02T22:38:01.970+0000] {dag.py:3096} INFO - Sync 1 DAGs
[2024-05-02T22:38:02.044+0000] {logging_mixin.py:188} INFO - [2024-05-02T22:38:02.044+0000] {dag.py:3954} INFO - Setting next_dagrun for latest_only to 2024-05-02 16:00:00+00:00, run_after=2024-05-02 20:00:00+00:00
[2024-05-02T22:38:02.100+0000] {processor.py:183} INFO - Processing /home/airflow/.local/lib/python3.12/site-packages/airflow/example_dags/example_latest_only.py took 0.273 seconds
[2024-05-02T22:38:32.411+0000] {processor.py:161} INFO - Started process (PID=722) to work on /home/airflow/.local/lib/python3.12/site-packages/airflow/example_dags/example_latest_only.py
[2024-05-02T22:38:32.424+0000] {processor.py:830} INFO - Processing file /home/airflow/.local/lib/python3.12/site-packages/airflow/example_dags/example_latest_only.py for tasks to queue
[2024-05-02T22:38:32.443+0000] {logging_mixin.py:188} INFO - [2024-05-02T22:38:32.442+0000] {dagbag.py:540} INFO - Filling up the DagBag from /home/airflow/.local/lib/python3.12/site-packages/airflow/example_dags/example_latest_only.py
[2024-05-02T22:38:32.459+0000] {processor.py:840} INFO - DAG(s) 'latest_only' retrieved from /home/airflow/.local/lib/python3.12/site-packages/airflow/example_dags/example_latest_only.py
[2024-05-02T22:38:32.512+0000] {logging_mixin.py:188} INFO - [2024-05-02T22:38:32.512+0000] {dag.py:3096} INFO - Sync 1 DAGs
[2024-05-02T22:38:32.618+0000] {logging_mixin.py:188} INFO - [2024-05-02T22:38:32.617+0000] {dag.py:3954} INFO - Setting next_dagrun for latest_only to 2024-05-02 16:00:00+00:00, run_after=2024-05-02 20:00:00+00:00
[2024-05-02T22:38:32.745+0000] {processor.py:183} INFO - Processing /home/airflow/.local/lib/python3.12/site-packages/airflow/example_dags/example_latest_only.py took 0.362 seconds
[2024-05-02T22:39:13.604+0000] {processor.py:161} INFO - Started process (PID=775) to work on /home/airflow/.local/lib/python3.12/site-packages/airflow/example_dags/example_latest_only.py
[2024-05-02T22:39:13.608+0000] {processor.py:830} INFO - Processing file /home/airflow/.local/lib/python3.12/site-packages/airflow/example_dags/example_latest_only.py for tasks to queue
[2024-05-02T22:39:13.613+0000] {logging_mixin.py:188} INFO - [2024-05-02T22:39:13.612+0000] {dagbag.py:540} INFO - Filling up the DagBag from /home/airflow/.local/lib/python3.12/site-packages/airflow/example_dags/example_latest_only.py
[2024-05-02T22:39:13.624+0000] {processor.py:840} INFO - DAG(s) 'latest_only' retrieved from /home/airflow/.local/lib/python3.12/site-packages/airflow/example_dags/example_latest_only.py
[2024-05-02T22:39:13.676+0000] {logging_mixin.py:188} INFO - [2024-05-02T22:39:13.675+0000] {dag.py:3096} INFO - Sync 1 DAGs
[2024-05-02T22:39:13.747+0000] {logging_mixin.py:188} INFO - [2024-05-02T22:39:13.747+0000] {dag.py:3954} INFO - Setting next_dagrun for latest_only to 2024-05-02 16:00:00+00:00, run_after=2024-05-02 20:00:00+00:00
[2024-05-02T22:39:13.804+0000] {processor.py:183} INFO - Processing /home/airflow/.local/lib/python3.12/site-packages/airflow/example_dags/example_latest_only.py took 0.215 seconds
[2024-05-02T22:39:54.299+0000] {processor.py:161} INFO - Started process (PID=833) to work on /home/airflow/.local/lib/python3.12/site-packages/airflow/example_dags/example_latest_only.py
[2024-05-02T22:39:54.302+0000] {processor.py:830} INFO - Processing file /home/airflow/.local/lib/python3.12/site-packages/airflow/example_dags/example_latest_only.py for tasks to queue
[2024-05-02T22:39:54.307+0000] {logging_mixin.py:188} INFO - [2024-05-02T22:39:54.306+0000] {dagbag.py:540} INFO - Filling up the DagBag from /home/airflow/.local/lib/python3.12/site-packages/airflow/example_dags/example_latest_only.py
[2024-05-02T22:39:54.325+0000] {processor.py:840} INFO - DAG(s) 'latest_only' retrieved from /home/airflow/.local/lib/python3.12/site-packages/airflow/example_dags/example_latest_only.py
[2024-05-02T22:39:54.756+0000] {logging_mixin.py:188} INFO - [2024-05-02T22:39:54.756+0000] {dag.py:3096} INFO - Sync 1 DAGs
[2024-05-02T22:39:55.233+0000] {logging_mixin.py:188} INFO - [2024-05-02T22:39:55.233+0000] {dag.py:3954} INFO - Setting next_dagrun for latest_only to 2024-05-02 16:00:00+00:00, run_after=2024-05-02 20:00:00+00:00
[2024-05-02T22:39:55.460+0000] {processor.py:183} INFO - Processing /home/airflow/.local/lib/python3.12/site-packages/airflow/example_dags/example_latest_only.py took 1.198 seconds
[2024-05-02T22:40:26.326+0000] {processor.py:161} INFO - Started process (PID=893) to work on /home/airflow/.local/lib/python3.12/site-packages/airflow/example_dags/example_latest_only.py
[2024-05-02T22:40:26.328+0000] {processor.py:830} INFO - Processing file /home/airflow/.local/lib/python3.12/site-packages/airflow/example_dags/example_latest_only.py for tasks to queue
[2024-05-02T22:40:26.333+0000] {logging_mixin.py:188} INFO - [2024-05-02T22:40:26.332+0000] {dagbag.py:540} INFO - Filling up the DagBag from /home/airflow/.local/lib/python3.12/site-packages/airflow/example_dags/example_latest_only.py
[2024-05-02T22:40:26.344+0000] {processor.py:840} INFO - DAG(s) 'latest_only' retrieved from /home/airflow/.local/lib/python3.12/site-packages/airflow/example_dags/example_latest_only.py
[2024-05-02T22:40:26.395+0000] {logging_mixin.py:188} INFO - [2024-05-02T22:40:26.395+0000] {dag.py:3096} INFO - Sync 1 DAGs
[2024-05-02T22:40:26.646+0000] {logging_mixin.py:188} INFO - [2024-05-02T22:40:26.646+0000] {dag.py:3954} INFO - Setting next_dagrun for latest_only to 2024-05-02 16:00:00+00:00, run_after=2024-05-02 20:00:00+00:00
[2024-05-02T22:40:26.681+0000] {processor.py:183} INFO - Processing /home/airflow/.local/lib/python3.12/site-packages/airflow/example_dags/example_latest_only.py took 0.369 seconds
[2024-05-02T22:40:57.137+0000] {processor.py:161} INFO - Started process (PID=952) to work on /home/airflow/.local/lib/python3.12/site-packages/airflow/example_dags/example_latest_only.py
[2024-05-02T22:40:57.142+0000] {processor.py:830} INFO - Processing file /home/airflow/.local/lib/python3.12/site-packages/airflow/example_dags/example_latest_only.py for tasks to queue
[2024-05-02T22:40:57.152+0000] {logging_mixin.py:188} INFO - [2024-05-02T22:40:57.151+0000] {dagbag.py:540} INFO - Filling up the DagBag from /home/airflow/.local/lib/python3.12/site-packages/airflow/example_dags/example_latest_only.py
[2024-05-02T22:40:57.166+0000] {processor.py:840} INFO - DAG(s) 'latest_only' retrieved from /home/airflow/.local/lib/python3.12/site-packages/airflow/example_dags/example_latest_only.py
[2024-05-02T22:40:57.242+0000] {logging_mixin.py:188} INFO - [2024-05-02T22:40:57.241+0000] {dag.py:3096} INFO - Sync 1 DAGs
[2024-05-02T22:40:57.311+0000] {logging_mixin.py:188} INFO - [2024-05-02T22:40:57.311+0000] {dag.py:3954} INFO - Setting next_dagrun for latest_only to 2024-05-02 16:00:00+00:00, run_after=2024-05-02 20:00:00+00:00
[2024-05-02T22:40:57.357+0000] {processor.py:183} INFO - Processing /home/airflow/.local/lib/python3.12/site-packages/airflow/example_dags/example_latest_only.py took 0.256 seconds
[2024-05-02T22:41:27.931+0000] {processor.py:161} INFO - Started process (PID=1011) to work on /home/airflow/.local/lib/python3.12/site-packages/airflow/example_dags/example_latest_only.py
[2024-05-02T22:41:27.933+0000] {processor.py:830} INFO - Processing file /home/airflow/.local/lib/python3.12/site-packages/airflow/example_dags/example_latest_only.py for tasks to queue
[2024-05-02T22:41:27.936+0000] {logging_mixin.py:188} INFO - [2024-05-02T22:41:27.936+0000] {dagbag.py:540} INFO - Filling up the DagBag from /home/airflow/.local/lib/python3.12/site-packages/airflow/example_dags/example_latest_only.py
[2024-05-02T22:41:27.946+0000] {processor.py:840} INFO - DAG(s) 'latest_only' retrieved from /home/airflow/.local/lib/python3.12/site-packages/airflow/example_dags/example_latest_only.py
[2024-05-02T22:41:27.995+0000] {logging_mixin.py:188} INFO - [2024-05-02T22:41:27.995+0000] {dag.py:3096} INFO - Sync 1 DAGs
[2024-05-02T22:41:28.048+0000] {logging_mixin.py:188} INFO - [2024-05-02T22:41:28.047+0000] {dag.py:3954} INFO - Setting next_dagrun for latest_only to 2024-05-02 16:00:00+00:00, run_after=2024-05-02 20:00:00+00:00
[2024-05-02T22:41:28.084+0000] {processor.py:183} INFO - Processing /home/airflow/.local/lib/python3.12/site-packages/airflow/example_dags/example_latest_only.py took 0.168 seconds
[2024-05-02T22:41:59.088+0000] {processor.py:161} INFO - Started process (PID=1070) to work on /home/airflow/.local/lib/python3.12/site-packages/airflow/example_dags/example_latest_only.py
[2024-05-02T22:41:59.091+0000] {processor.py:830} INFO - Processing file /home/airflow/.local/lib/python3.12/site-packages/airflow/example_dags/example_latest_only.py for tasks to queue
[2024-05-02T22:41:59.096+0000] {logging_mixin.py:188} INFO - [2024-05-02T22:41:59.095+0000] {dagbag.py:540} INFO - Filling up the DagBag from /home/airflow/.local/lib/python3.12/site-packages/airflow/example_dags/example_latest_only.py
[2024-05-02T22:41:59.110+0000] {processor.py:840} INFO - DAG(s) 'latest_only' retrieved from /home/airflow/.local/lib/python3.12/site-packages/airflow/example_dags/example_latest_only.py
[2024-05-02T22:41:59.162+0000] {logging_mixin.py:188} INFO - [2024-05-02T22:41:59.162+0000] {dag.py:3096} INFO - Sync 1 DAGs
[2024-05-02T22:41:59.215+0000] {logging_mixin.py:188} INFO - [2024-05-02T22:41:59.214+0000] {dag.py:3954} INFO - Setting next_dagrun for latest_only to 2024-05-02 16:00:00+00:00, run_after=2024-05-02 20:00:00+00:00
[2024-05-02T22:41:59.252+0000] {processor.py:183} INFO - Processing /home/airflow/.local/lib/python3.12/site-packages/airflow/example_dags/example_latest_only.py took 0.178 seconds
[2024-05-02T22:42:29.611+0000] {processor.py:161} INFO - Started process (PID=1129) to work on /home/airflow/.local/lib/python3.12/site-packages/airflow/example_dags/example_latest_only.py
[2024-05-02T22:42:29.614+0000] {processor.py:830} INFO - Processing file /home/airflow/.local/lib/python3.12/site-packages/airflow/example_dags/example_latest_only.py for tasks to queue
[2024-05-02T22:42:29.618+0000] {logging_mixin.py:188} INFO - [2024-05-02T22:42:29.617+0000] {dagbag.py:540} INFO - Filling up the DagBag from /home/airflow/.local/lib/python3.12/site-packages/airflow/example_dags/example_latest_only.py
[2024-05-02T22:42:29.631+0000] {processor.py:840} INFO - DAG(s) 'latest_only' retrieved from /home/airflow/.local/lib/python3.12/site-packages/airflow/example_dags/example_latest_only.py
[2024-05-02T22:42:29.682+0000] {logging_mixin.py:188} INFO - [2024-05-02T22:42:29.681+0000] {dag.py:3096} INFO - Sync 1 DAGs
[2024-05-02T22:42:29.739+0000] {logging_mixin.py:188} INFO - [2024-05-02T22:42:29.738+0000] {dag.py:3954} INFO - Setting next_dagrun for latest_only to 2024-05-02 16:00:00+00:00, run_after=2024-05-02 20:00:00+00:00
[2024-05-02T22:42:29.780+0000] {processor.py:183} INFO - Processing /home/airflow/.local/lib/python3.12/site-packages/airflow/example_dags/example_latest_only.py took 0.183 seconds
[2024-05-02T22:43:00.071+0000] {processor.py:161} INFO - Started process (PID=1188) to work on /home/airflow/.local/lib/python3.12/site-packages/airflow/example_dags/example_latest_only.py
[2024-05-02T22:43:00.073+0000] {processor.py:830} INFO - Processing file /home/airflow/.local/lib/python3.12/site-packages/airflow/example_dags/example_latest_only.py for tasks to queue
[2024-05-02T22:43:00.083+0000] {logging_mixin.py:188} INFO - [2024-05-02T22:43:00.082+0000] {dagbag.py:540} INFO - Filling up the DagBag from /home/airflow/.local/lib/python3.12/site-packages/airflow/example_dags/example_latest_only.py
[2024-05-02T22:43:00.098+0000] {processor.py:840} INFO - DAG(s) 'latest_only' retrieved from /home/airflow/.local/lib/python3.12/site-packages/airflow/example_dags/example_latest_only.py
[2024-05-02T22:43:00.162+0000] {logging_mixin.py:188} INFO - [2024-05-02T22:43:00.161+0000] {dag.py:3096} INFO - Sync 1 DAGs
[2024-05-02T22:43:00.238+0000] {logging_mixin.py:188} INFO - [2024-05-02T22:43:00.238+0000] {dag.py:3954} INFO - Setting next_dagrun for latest_only to 2024-05-02 16:00:00+00:00, run_after=2024-05-02 20:00:00+00:00
[2024-05-02T22:43:00.300+0000] {processor.py:183} INFO - Processing /home/airflow/.local/lib/python3.12/site-packages/airflow/example_dags/example_latest_only.py took 0.248 seconds
[2024-05-02T22:43:31.274+0000] {processor.py:161} INFO - Started process (PID=1247) to work on /home/airflow/.local/lib/python3.12/site-packages/airflow/example_dags/example_latest_only.py
[2024-05-02T22:43:31.276+0000] {processor.py:830} INFO - Processing file /home/airflow/.local/lib/python3.12/site-packages/airflow/example_dags/example_latest_only.py for tasks to queue
[2024-05-02T22:43:31.283+0000] {logging_mixin.py:188} INFO - [2024-05-02T22:43:31.282+0000] {dagbag.py:540} INFO - Filling up the DagBag from /home/airflow/.local/lib/python3.12/site-packages/airflow/example_dags/example_latest_only.py
[2024-05-02T22:43:31.293+0000] {processor.py:840} INFO - DAG(s) 'latest_only' retrieved from /home/airflow/.local/lib/python3.12/site-packages/airflow/example_dags/example_latest_only.py
[2024-05-02T22:43:31.339+0000] {logging_mixin.py:188} INFO - [2024-05-02T22:43:31.339+0000] {dag.py:3096} INFO - Sync 1 DAGs
[2024-05-02T22:43:31.402+0000] {logging_mixin.py:188} INFO - [2024-05-02T22:43:31.401+0000] {dag.py:3954} INFO - Setting next_dagrun for latest_only to 2024-05-02 16:00:00+00:00, run_after=2024-05-02 20:00:00+00:00
[2024-05-02T22:43:31.511+0000] {processor.py:183} INFO - Processing /home/airflow/.local/lib/python3.12/site-packages/airflow/example_dags/example_latest_only.py took 0.249 seconds
[2024-05-02T22:44:02.570+0000] {processor.py:161} INFO - Started process (PID=1306) to work on /home/airflow/.local/lib/python3.12/site-packages/airflow/example_dags/example_latest_only.py
[2024-05-02T22:44:02.590+0000] {processor.py:830} INFO - Processing file /home/airflow/.local/lib/python3.12/site-packages/airflow/example_dags/example_latest_only.py for tasks to queue
[2024-05-02T22:44:02.601+0000] {logging_mixin.py:188} INFO - [2024-05-02T22:44:02.600+0000] {dagbag.py:540} INFO - Filling up the DagBag from /home/airflow/.local/lib/python3.12/site-packages/airflow/example_dags/example_latest_only.py
[2024-05-02T22:44:02.646+0000] {processor.py:840} INFO - DAG(s) 'latest_only' retrieved from /home/airflow/.local/lib/python3.12/site-packages/airflow/example_dags/example_latest_only.py
[2024-05-02T22:44:02.805+0000] {logging_mixin.py:188} INFO - [2024-05-02T22:44:02.790+0000] {dag.py:3096} INFO - Sync 1 DAGs
[2024-05-02T22:44:03.167+0000] {logging_mixin.py:188} INFO - [2024-05-02T22:44:03.166+0000] {dag.py:3954} INFO - Setting next_dagrun for latest_only to 2024-05-02 16:00:00+00:00, run_after=2024-05-02 20:00:00+00:00
[2024-05-02T22:44:03.234+0000] {processor.py:183} INFO - Processing /home/airflow/.local/lib/python3.12/site-packages/airflow/example_dags/example_latest_only.py took 0.682 seconds
[2024-05-02T22:44:33.750+0000] {processor.py:161} INFO - Started process (PID=1366) to work on /home/airflow/.local/lib/python3.12/site-packages/airflow/example_dags/example_latest_only.py
[2024-05-02T22:44:33.755+0000] {processor.py:830} INFO - Processing file /home/airflow/.local/lib/python3.12/site-packages/airflow/example_dags/example_latest_only.py for tasks to queue
[2024-05-02T22:44:33.759+0000] {logging_mixin.py:188} INFO - [2024-05-02T22:44:33.759+0000] {dagbag.py:540} INFO - Filling up the DagBag from /home/airflow/.local/lib/python3.12/site-packages/airflow/example_dags/example_latest_only.py
[2024-05-02T22:44:33.769+0000] {processor.py:840} INFO - DAG(s) 'latest_only' retrieved from /home/airflow/.local/lib/python3.12/site-packages/airflow/example_dags/example_latest_only.py
[2024-05-02T22:44:33.829+0000] {logging_mixin.py:188} INFO - [2024-05-02T22:44:33.828+0000] {dag.py:3096} INFO - Sync 1 DAGs
[2024-05-02T22:44:33.895+0000] {logging_mixin.py:188} INFO - [2024-05-02T22:44:33.894+0000] {dag.py:3954} INFO - Setting next_dagrun for latest_only to 2024-05-02 16:00:00+00:00, run_after=2024-05-02 20:00:00+00:00
[2024-05-02T22:44:33.940+0000] {processor.py:183} INFO - Processing /home/airflow/.local/lib/python3.12/site-packages/airflow/example_dags/example_latest_only.py took 0.206 seconds
[2024-05-02T22:45:04.175+0000] {processor.py:161} INFO - Started process (PID=1425) to work on /home/airflow/.local/lib/python3.12/site-packages/airflow/example_dags/example_latest_only.py
[2024-05-02T22:45:04.177+0000] {processor.py:830} INFO - Processing file /home/airflow/.local/lib/python3.12/site-packages/airflow/example_dags/example_latest_only.py for tasks to queue
[2024-05-02T22:45:04.181+0000] {logging_mixin.py:188} INFO - [2024-05-02T22:45:04.180+0000] {dagbag.py:540} INFO - Filling up the DagBag from /home/airflow/.local/lib/python3.12/site-packages/airflow/example_dags/example_latest_only.py
[2024-05-02T22:45:04.193+0000] {processor.py:840} INFO - DAG(s) 'latest_only' retrieved from /home/airflow/.local/lib/python3.12/site-packages/airflow/example_dags/example_latest_only.py
[2024-05-02T22:45:04.237+0000] {logging_mixin.py:188} INFO - [2024-05-02T22:45:04.237+0000] {dag.py:3096} INFO - Sync 1 DAGs
[2024-05-02T22:45:04.299+0000] {logging_mixin.py:188} INFO - [2024-05-02T22:45:04.299+0000] {dag.py:3954} INFO - Setting next_dagrun for latest_only to 2024-05-02 16:00:00+00:00, run_after=2024-05-02 20:00:00+00:00
[2024-05-02T22:45:04.343+0000] {processor.py:183} INFO - Processing /home/airflow/.local/lib/python3.12/site-packages/airflow/example_dags/example_latest_only.py took 0.181 seconds
[2024-05-02T22:45:35.016+0000] {processor.py:161} INFO - Started process (PID=1490) to work on /home/airflow/.local/lib/python3.12/site-packages/airflow/example_dags/example_latest_only.py
[2024-05-02T22:45:35.018+0000] {processor.py:830} INFO - Processing file /home/airflow/.local/lib/python3.12/site-packages/airflow/example_dags/example_latest_only.py for tasks to queue
[2024-05-02T22:45:35.022+0000] {logging_mixin.py:188} INFO - [2024-05-02T22:45:35.021+0000] {dagbag.py:540} INFO - Filling up the DagBag from /home/airflow/.local/lib/python3.12/site-packages/airflow/example_dags/example_latest_only.py
[2024-05-02T22:45:35.034+0000] {processor.py:840} INFO - DAG(s) 'latest_only' retrieved from /home/airflow/.local/lib/python3.12/site-packages/airflow/example_dags/example_latest_only.py
[2024-05-02T22:45:35.102+0000] {logging_mixin.py:188} INFO - [2024-05-02T22:45:35.099+0000] {dag.py:3096} INFO - Sync 1 DAGs
[2024-05-02T22:45:35.193+0000] {logging_mixin.py:188} INFO - [2024-05-02T22:45:35.193+0000] {dag.py:3954} INFO - Setting next_dagrun for latest_only to 2024-05-02 16:00:00+00:00, run_after=2024-05-02 20:00:00+00:00
[2024-05-02T22:45:35.252+0000] {processor.py:183} INFO - Processing /home/airflow/.local/lib/python3.12/site-packages/airflow/example_dags/example_latest_only.py took 0.250 seconds
[2024-05-02T22:46:05.942+0000] {processor.py:161} INFO - Started process (PID=1549) to work on /home/airflow/.local/lib/python3.12/site-packages/airflow/example_dags/example_latest_only.py
[2024-05-02T22:46:05.945+0000] {processor.py:830} INFO - Processing file /home/airflow/.local/lib/python3.12/site-packages/airflow/example_dags/example_latest_only.py for tasks to queue
[2024-05-02T22:46:05.948+0000] {logging_mixin.py:188} INFO - [2024-05-02T22:46:05.948+0000] {dagbag.py:540} INFO - Filling up the DagBag from /home/airflow/.local/lib/python3.12/site-packages/airflow/example_dags/example_latest_only.py
[2024-05-02T22:46:05.958+0000] {processor.py:840} INFO - DAG(s) 'latest_only' retrieved from /home/airflow/.local/lib/python3.12/site-packages/airflow/example_dags/example_latest_only.py
[2024-05-02T22:46:06.001+0000] {logging_mixin.py:188} INFO - [2024-05-02T22:46:06.000+0000] {dag.py:3096} INFO - Sync 1 DAGs
[2024-05-02T22:46:06.098+0000] {logging_mixin.py:188} INFO - [2024-05-02T22:46:06.097+0000] {dag.py:3954} INFO - Setting next_dagrun for latest_only to 2024-05-02 16:00:00+00:00, run_after=2024-05-02 20:00:00+00:00
[2024-05-02T22:46:06.160+0000] {processor.py:183} INFO - Processing /home/airflow/.local/lib/python3.12/site-packages/airflow/example_dags/example_latest_only.py took 0.236 seconds
[2024-05-02T22:46:36.429+0000] {processor.py:161} INFO - Started process (PID=1609) to work on /home/airflow/.local/lib/python3.12/site-packages/airflow/example_dags/example_latest_only.py
[2024-05-02T22:46:36.431+0000] {processor.py:830} INFO - Processing file /home/airflow/.local/lib/python3.12/site-packages/airflow/example_dags/example_latest_only.py for tasks to queue
[2024-05-02T22:46:36.437+0000] {logging_mixin.py:188} INFO - [2024-05-02T22:46:36.436+0000] {dagbag.py:540} INFO - Filling up the DagBag from /home/airflow/.local/lib/python3.12/site-packages/airflow/example_dags/example_latest_only.py
[2024-05-02T22:46:36.455+0000] {processor.py:840} INFO - DAG(s) 'latest_only' retrieved from /home/airflow/.local/lib/python3.12/site-packages/airflow/example_dags/example_latest_only.py
[2024-05-02T22:46:36.529+0000] {logging_mixin.py:188} INFO - [2024-05-02T22:46:36.528+0000] {dag.py:3096} INFO - Sync 1 DAGs
[2024-05-02T22:46:36.609+0000] {logging_mixin.py:188} INFO - [2024-05-02T22:46:36.609+0000] {dag.py:3954} INFO - Setting next_dagrun for latest_only to 2024-05-02 16:00:00+00:00, run_after=2024-05-02 20:00:00+00:00
[2024-05-02T22:46:36.667+0000] {processor.py:183} INFO - Processing /home/airflow/.local/lib/python3.12/site-packages/airflow/example_dags/example_latest_only.py took 0.255 seconds
[2024-05-02T22:47:07.127+0000] {processor.py:161} INFO - Started process (PID=1668) to work on /home/airflow/.local/lib/python3.12/site-packages/airflow/example_dags/example_latest_only.py
[2024-05-02T22:47:07.130+0000] {processor.py:830} INFO - Processing file /home/airflow/.local/lib/python3.12/site-packages/airflow/example_dags/example_latest_only.py for tasks to queue
[2024-05-02T22:47:07.135+0000] {logging_mixin.py:188} INFO - [2024-05-02T22:47:07.134+0000] {dagbag.py:540} INFO - Filling up the DagBag from /home/airflow/.local/lib/python3.12/site-packages/airflow/example_dags/example_latest_only.py
[2024-05-02T22:47:07.146+0000] {processor.py:840} INFO - DAG(s) 'latest_only' retrieved from /home/airflow/.local/lib/python3.12/site-packages/airflow/example_dags/example_latest_only.py
[2024-05-02T22:47:07.200+0000] {logging_mixin.py:188} INFO - [2024-05-02T22:47:07.200+0000] {dag.py:3096} INFO - Sync 1 DAGs
[2024-05-02T22:47:07.252+0000] {logging_mixin.py:188} INFO - [2024-05-02T22:47:07.252+0000] {dag.py:3954} INFO - Setting next_dagrun for latest_only to 2024-05-02 16:00:00+00:00, run_after=2024-05-02 20:00:00+00:00
[2024-05-02T22:47:07.292+0000] {processor.py:183} INFO - Processing /home/airflow/.local/lib/python3.12/site-packages/airflow/example_dags/example_latest_only.py took 0.177 seconds
[2024-05-02T22:47:38.316+0000] {processor.py:161} INFO - Started process (PID=1727) to work on /home/airflow/.local/lib/python3.12/site-packages/airflow/example_dags/example_latest_only.py
[2024-05-02T22:47:38.318+0000] {processor.py:830} INFO - Processing file /home/airflow/.local/lib/python3.12/site-packages/airflow/example_dags/example_latest_only.py for tasks to queue
[2024-05-02T22:47:38.323+0000] {logging_mixin.py:188} INFO - [2024-05-02T22:47:38.322+0000] {dagbag.py:540} INFO - Filling up the DagBag from /home/airflow/.local/lib/python3.12/site-packages/airflow/example_dags/example_latest_only.py
[2024-05-02T22:47:38.336+0000] {processor.py:840} INFO - DAG(s) 'latest_only' retrieved from /home/airflow/.local/lib/python3.12/site-packages/airflow/example_dags/example_latest_only.py
[2024-05-02T22:47:38.381+0000] {logging_mixin.py:188} INFO - [2024-05-02T22:47:38.381+0000] {dag.py:3096} INFO - Sync 1 DAGs
[2024-05-02T22:47:38.473+0000] {logging_mixin.py:188} INFO - [2024-05-02T22:47:38.472+0000] {dag.py:3954} INFO - Setting next_dagrun for latest_only to 2024-05-02 16:00:00+00:00, run_after=2024-05-02 20:00:00+00:00
[2024-05-02T22:47:38.552+0000] {processor.py:183} INFO - Processing /home/airflow/.local/lib/python3.12/site-packages/airflow/example_dags/example_latest_only.py took 0.249 seconds
[2024-05-02T22:48:08.971+0000] {processor.py:161} INFO - Started process (PID=1787) to work on /home/airflow/.local/lib/python3.12/site-packages/airflow/example_dags/example_latest_only.py
[2024-05-02T22:48:08.973+0000] {processor.py:830} INFO - Processing file /home/airflow/.local/lib/python3.12/site-packages/airflow/example_dags/example_latest_only.py for tasks to queue
[2024-05-02T22:48:08.982+0000] {logging_mixin.py:188} INFO - [2024-05-02T22:48:08.980+0000] {dagbag.py:540} INFO - Filling up the DagBag from /home/airflow/.local/lib/python3.12/site-packages/airflow/example_dags/example_latest_only.py
[2024-05-02T22:48:08.997+0000] {processor.py:840} INFO - DAG(s) 'latest_only' retrieved from /home/airflow/.local/lib/python3.12/site-packages/airflow/example_dags/example_latest_only.py
[2024-05-02T22:48:09.076+0000] {logging_mixin.py:188} INFO - [2024-05-02T22:48:09.076+0000] {dag.py:3096} INFO - Sync 1 DAGs
[2024-05-02T22:48:09.197+0000] {logging_mixin.py:188} INFO - [2024-05-02T22:48:09.193+0000] {dag.py:3954} INFO - Setting next_dagrun for latest_only to 2024-05-02 16:00:00+00:00, run_after=2024-05-02 20:00:00+00:00
[2024-05-02T22:48:09.298+0000] {processor.py:183} INFO - Processing /home/airflow/.local/lib/python3.12/site-packages/airflow/example_dags/example_latest_only.py took 0.344 seconds
[2024-05-02T22:48:39.557+0000] {processor.py:161} INFO - Started process (PID=1846) to work on /home/airflow/.local/lib/python3.12/site-packages/airflow/example_dags/example_latest_only.py
[2024-05-02T22:48:39.560+0000] {processor.py:830} INFO - Processing file /home/airflow/.local/lib/python3.12/site-packages/airflow/example_dags/example_latest_only.py for tasks to queue
[2024-05-02T22:48:39.564+0000] {logging_mixin.py:188} INFO - [2024-05-02T22:48:39.563+0000] {dagbag.py:540} INFO - Filling up the DagBag from /home/airflow/.local/lib/python3.12/site-packages/airflow/example_dags/example_latest_only.py
[2024-05-02T22:48:39.575+0000] {processor.py:840} INFO - DAG(s) 'latest_only' retrieved from /home/airflow/.local/lib/python3.12/site-packages/airflow/example_dags/example_latest_only.py
[2024-05-02T22:48:39.620+0000] {logging_mixin.py:188} INFO - [2024-05-02T22:48:39.620+0000] {dag.py:3096} INFO - Sync 1 DAGs
[2024-05-02T22:48:39.692+0000] {logging_mixin.py:188} INFO - [2024-05-02T22:48:39.691+0000] {dag.py:3954} INFO - Setting next_dagrun for latest_only to 2024-05-02 16:00:00+00:00, run_after=2024-05-02 20:00:00+00:00
[2024-05-02T22:48:39.746+0000] {processor.py:183} INFO - Processing /home/airflow/.local/lib/python3.12/site-packages/airflow/example_dags/example_latest_only.py took 0.205 seconds
[2024-05-02T22:49:10.328+0000] {processor.py:161} INFO - Started process (PID=1905) to work on /home/airflow/.local/lib/python3.12/site-packages/airflow/example_dags/example_latest_only.py
[2024-05-02T22:49:10.330+0000] {processor.py:830} INFO - Processing file /home/airflow/.local/lib/python3.12/site-packages/airflow/example_dags/example_latest_only.py for tasks to queue
[2024-05-02T22:49:10.337+0000] {logging_mixin.py:188} INFO - [2024-05-02T22:49:10.336+0000] {dagbag.py:540} INFO - Filling up the DagBag from /home/airflow/.local/lib/python3.12/site-packages/airflow/example_dags/example_latest_only.py
[2024-05-02T22:49:10.349+0000] {processor.py:840} INFO - DAG(s) 'latest_only' retrieved from /home/airflow/.local/lib/python3.12/site-packages/airflow/example_dags/example_latest_only.py
[2024-05-02T22:49:10.409+0000] {logging_mixin.py:188} INFO - [2024-05-02T22:49:10.409+0000] {dag.py:3096} INFO - Sync 1 DAGs
[2024-05-02T22:49:10.468+0000] {logging_mixin.py:188} INFO - [2024-05-02T22:49:10.468+0000] {dag.py:3954} INFO - Setting next_dagrun for latest_only to 2024-05-02 16:00:00+00:00, run_after=2024-05-02 20:00:00+00:00
[2024-05-02T22:49:10.521+0000] {processor.py:183} INFO - Processing /home/airflow/.local/lib/python3.12/site-packages/airflow/example_dags/example_latest_only.py took 0.217 seconds
[2024-05-02T22:49:40.661+0000] {processor.py:161} INFO - Started process (PID=1964) to work on /home/airflow/.local/lib/python3.12/site-packages/airflow/example_dags/example_latest_only.py
[2024-05-02T22:49:40.665+0000] {processor.py:830} INFO - Processing file /home/airflow/.local/lib/python3.12/site-packages/airflow/example_dags/example_latest_only.py for tasks to queue
[2024-05-02T22:49:40.671+0000] {logging_mixin.py:188} INFO - [2024-05-02T22:49:40.670+0000] {dagbag.py:540} INFO - Filling up the DagBag from /home/airflow/.local/lib/python3.12/site-packages/airflow/example_dags/example_latest_only.py
[2024-05-02T22:49:40.682+0000] {processor.py:840} INFO - DAG(s) 'latest_only' retrieved from /home/airflow/.local/lib/python3.12/site-packages/airflow/example_dags/example_latest_only.py
[2024-05-02T22:49:40.729+0000] {logging_mixin.py:188} INFO - [2024-05-02T22:49:40.728+0000] {dag.py:3096} INFO - Sync 1 DAGs
[2024-05-02T22:49:40.788+0000] {logging_mixin.py:188} INFO - [2024-05-02T22:49:40.788+0000] {dag.py:3954} INFO - Setting next_dagrun for latest_only to 2024-05-02 16:00:00+00:00, run_after=2024-05-02 20:00:00+00:00
[2024-05-02T22:49:40.842+0000] {processor.py:183} INFO - Processing /home/airflow/.local/lib/python3.12/site-packages/airflow/example_dags/example_latest_only.py took 0.195 seconds
[2024-05-02T22:50:11.278+0000] {processor.py:161} INFO - Started process (PID=2023) to work on /home/airflow/.local/lib/python3.12/site-packages/airflow/example_dags/example_latest_only.py
[2024-05-02T22:50:11.281+0000] {processor.py:830} INFO - Processing file /home/airflow/.local/lib/python3.12/site-packages/airflow/example_dags/example_latest_only.py for tasks to queue
[2024-05-02T22:50:11.286+0000] {logging_mixin.py:188} INFO - [2024-05-02T22:50:11.285+0000] {dagbag.py:540} INFO - Filling up the DagBag from /home/airflow/.local/lib/python3.12/site-packages/airflow/example_dags/example_latest_only.py
[2024-05-02T22:50:11.303+0000] {processor.py:840} INFO - DAG(s) 'latest_only' retrieved from /home/airflow/.local/lib/python3.12/site-packages/airflow/example_dags/example_latest_only.py
[2024-05-02T22:50:11.426+0000] {logging_mixin.py:188} INFO - [2024-05-02T22:50:11.425+0000] {dag.py:3096} INFO - Sync 1 DAGs
[2024-05-02T22:50:11.526+0000] {logging_mixin.py:188} INFO - [2024-05-02T22:50:11.526+0000] {dag.py:3954} INFO - Setting next_dagrun for latest_only to 2024-05-02 16:00:00+00:00, run_after=2024-05-02 20:00:00+00:00
[2024-05-02T22:50:11.571+0000] {processor.py:183} INFO - Processing /home/airflow/.local/lib/python3.12/site-packages/airflow/example_dags/example_latest_only.py took 0.311 seconds
[2024-05-02T22:50:41.727+0000] {processor.py:161} INFO - Started process (PID=2081) to work on /home/airflow/.local/lib/python3.12/site-packages/airflow/example_dags/example_latest_only.py
[2024-05-02T22:50:41.729+0000] {processor.py:830} INFO - Processing file /home/airflow/.local/lib/python3.12/site-packages/airflow/example_dags/example_latest_only.py for tasks to queue
[2024-05-02T22:50:41.734+0000] {logging_mixin.py:188} INFO - [2024-05-02T22:50:41.732+0000] {dagbag.py:540} INFO - Filling up the DagBag from /home/airflow/.local/lib/python3.12/site-packages/airflow/example_dags/example_latest_only.py
[2024-05-02T22:50:41.753+0000] {processor.py:840} INFO - DAG(s) 'latest_only' retrieved from /home/airflow/.local/lib/python3.12/site-packages/airflow/example_dags/example_latest_only.py
[2024-05-02T22:50:41.812+0000] {logging_mixin.py:188} INFO - [2024-05-02T22:50:41.811+0000] {dag.py:3096} INFO - Sync 1 DAGs
[2024-05-02T22:50:41.881+0000] {logging_mixin.py:188} INFO - [2024-05-02T22:50:41.880+0000] {dag.py:3954} INFO - Setting next_dagrun for latest_only to 2024-05-02 16:00:00+00:00, run_after=2024-05-02 20:00:00+00:00
[2024-05-02T22:50:41.934+0000] {processor.py:183} INFO - Processing /home/airflow/.local/lib/python3.12/site-packages/airflow/example_dags/example_latest_only.py took 0.221 seconds
[2024-05-02T22:51:12.759+0000] {processor.py:161} INFO - Started process (PID=2140) to work on /home/airflow/.local/lib/python3.12/site-packages/airflow/example_dags/example_latest_only.py
[2024-05-02T22:51:12.763+0000] {processor.py:830} INFO - Processing file /home/airflow/.local/lib/python3.12/site-packages/airflow/example_dags/example_latest_only.py for tasks to queue
[2024-05-02T22:51:12.769+0000] {logging_mixin.py:188} INFO - [2024-05-02T22:51:12.767+0000] {dagbag.py:540} INFO - Filling up the DagBag from /home/airflow/.local/lib/python3.12/site-packages/airflow/example_dags/example_latest_only.py
[2024-05-02T22:51:12.786+0000] {processor.py:840} INFO - DAG(s) 'latest_only' retrieved from /home/airflow/.local/lib/python3.12/site-packages/airflow/example_dags/example_latest_only.py
[2024-05-02T22:51:12.853+0000] {logging_mixin.py:188} INFO - [2024-05-02T22:51:12.852+0000] {dag.py:3096} INFO - Sync 1 DAGs
[2024-05-02T22:51:12.925+0000] {logging_mixin.py:188} INFO - [2024-05-02T22:51:12.924+0000] {dag.py:3954} INFO - Setting next_dagrun for latest_only to 2024-05-02 16:00:00+00:00, run_after=2024-05-02 20:00:00+00:00
[2024-05-02T22:51:12.973+0000] {processor.py:183} INFO - Processing /home/airflow/.local/lib/python3.12/site-packages/airflow/example_dags/example_latest_only.py took 0.236 seconds
[2024-05-02T22:51:43.360+0000] {processor.py:161} INFO - Started process (PID=2199) to work on /home/airflow/.local/lib/python3.12/site-packages/airflow/example_dags/example_latest_only.py
[2024-05-02T22:51:43.377+0000] {processor.py:830} INFO - Processing file /home/airflow/.local/lib/python3.12/site-packages/airflow/example_dags/example_latest_only.py for tasks to queue
[2024-05-02T22:51:43.390+0000] {logging_mixin.py:188} INFO - [2024-05-02T22:51:43.388+0000] {dagbag.py:540} INFO - Filling up the DagBag from /home/airflow/.local/lib/python3.12/site-packages/airflow/example_dags/example_latest_only.py
[2024-05-02T22:51:43.412+0000] {processor.py:840} INFO - DAG(s) 'latest_only' retrieved from /home/airflow/.local/lib/python3.12/site-packages/airflow/example_dags/example_latest_only.py
[2024-05-02T22:51:43.524+0000] {logging_mixin.py:188} INFO - [2024-05-02T22:51:43.523+0000] {dag.py:3096} INFO - Sync 1 DAGs
[2024-05-02T22:51:43.624+0000] {logging_mixin.py:188} INFO - [2024-05-02T22:51:43.623+0000] {dag.py:3954} INFO - Setting next_dagrun for latest_only to 2024-05-02 16:00:00+00:00, run_after=2024-05-02 20:00:00+00:00
[2024-05-02T22:51:43.687+0000] {processor.py:183} INFO - Processing /home/airflow/.local/lib/python3.12/site-packages/airflow/example_dags/example_latest_only.py took 0.380 seconds
[2024-05-02T22:52:14.248+0000] {processor.py:161} INFO - Started process (PID=2260) to work on /home/airflow/.local/lib/python3.12/site-packages/airflow/example_dags/example_latest_only.py
[2024-05-02T22:52:14.250+0000] {processor.py:830} INFO - Processing file /home/airflow/.local/lib/python3.12/site-packages/airflow/example_dags/example_latest_only.py for tasks to queue
[2024-05-02T22:52:14.254+0000] {logging_mixin.py:188} INFO - [2024-05-02T22:52:14.253+0000] {dagbag.py:540} INFO - Filling up the DagBag from /home/airflow/.local/lib/python3.12/site-packages/airflow/example_dags/example_latest_only.py
[2024-05-02T22:52:14.266+0000] {processor.py:840} INFO - DAG(s) 'latest_only' retrieved from /home/airflow/.local/lib/python3.12/site-packages/airflow/example_dags/example_latest_only.py
[2024-05-02T22:52:14.312+0000] {logging_mixin.py:188} INFO - [2024-05-02T22:52:14.312+0000] {dag.py:3096} INFO - Sync 1 DAGs
[2024-05-02T22:52:14.378+0000] {logging_mixin.py:188} INFO - [2024-05-02T22:52:14.377+0000] {dag.py:3954} INFO - Setting next_dagrun for latest_only to 2024-05-02 16:00:00+00:00, run_after=2024-05-02 20:00:00+00:00
[2024-05-02T22:52:14.432+0000] {processor.py:183} INFO - Processing /home/airflow/.local/lib/python3.12/site-packages/airflow/example_dags/example_latest_only.py took 0.200 seconds
[2024-05-02T22:52:44.901+0000] {processor.py:161} INFO - Started process (PID=2320) to work on /home/airflow/.local/lib/python3.12/site-packages/airflow/example_dags/example_latest_only.py
[2024-05-02T22:52:44.905+0000] {processor.py:830} INFO - Processing file /home/airflow/.local/lib/python3.12/site-packages/airflow/example_dags/example_latest_only.py for tasks to queue
[2024-05-02T22:52:44.911+0000] {logging_mixin.py:188} INFO - [2024-05-02T22:52:44.910+0000] {dagbag.py:540} INFO - Filling up the DagBag from /home/airflow/.local/lib/python3.12/site-packages/airflow/example_dags/example_latest_only.py
[2024-05-02T22:52:44.924+0000] {processor.py:840} INFO - DAG(s) 'latest_only' retrieved from /home/airflow/.local/lib/python3.12/site-packages/airflow/example_dags/example_latest_only.py
[2024-05-02T22:52:44.973+0000] {logging_mixin.py:188} INFO - [2024-05-02T22:52:44.973+0000] {dag.py:3096} INFO - Sync 1 DAGs
[2024-05-02T22:52:45.023+0000] {logging_mixin.py:188} INFO - [2024-05-02T22:52:45.022+0000] {dag.py:3954} INFO - Setting next_dagrun for latest_only to 2024-05-02 16:00:00+00:00, run_after=2024-05-02 20:00:00+00:00
[2024-05-02T22:52:45.114+0000] {processor.py:183} INFO - Processing /home/airflow/.local/lib/python3.12/site-packages/airflow/example_dags/example_latest_only.py took 0.229 seconds
[2024-05-02T22:53:15.672+0000] {processor.py:161} INFO - Started process (PID=2376) to work on /home/airflow/.local/lib/python3.12/site-packages/airflow/example_dags/example_latest_only.py
[2024-05-02T22:53:15.674+0000] {processor.py:830} INFO - Processing file /home/airflow/.local/lib/python3.12/site-packages/airflow/example_dags/example_latest_only.py for tasks to queue
[2024-05-02T22:53:15.680+0000] {logging_mixin.py:188} INFO - [2024-05-02T22:53:15.679+0000] {dagbag.py:540} INFO - Filling up the DagBag from /home/airflow/.local/lib/python3.12/site-packages/airflow/example_dags/example_latest_only.py
[2024-05-02T22:53:15.699+0000] {processor.py:840} INFO - DAG(s) 'latest_only' retrieved from /home/airflow/.local/lib/python3.12/site-packages/airflow/example_dags/example_latest_only.py
[2024-05-02T22:53:15.764+0000] {logging_mixin.py:188} INFO - [2024-05-02T22:53:15.763+0000] {dag.py:3096} INFO - Sync 1 DAGs
[2024-05-02T22:53:15.859+0000] {logging_mixin.py:188} INFO - [2024-05-02T22:53:15.858+0000] {dag.py:3954} INFO - Setting next_dagrun for latest_only to 2024-05-02 16:00:00+00:00, run_after=2024-05-02 20:00:00+00:00
[2024-05-02T22:53:15.955+0000] {processor.py:183} INFO - Processing /home/airflow/.local/lib/python3.12/site-packages/airflow/example_dags/example_latest_only.py took 0.305 seconds
[2024-05-02T22:53:46.388+0000] {processor.py:161} INFO - Started process (PID=2435) to work on /home/airflow/.local/lib/python3.12/site-packages/airflow/example_dags/example_latest_only.py
[2024-05-02T22:53:46.390+0000] {processor.py:830} INFO - Processing file /home/airflow/.local/lib/python3.12/site-packages/airflow/example_dags/example_latest_only.py for tasks to queue
[2024-05-02T22:53:46.398+0000] {logging_mixin.py:188} INFO - [2024-05-02T22:53:46.397+0000] {dagbag.py:540} INFO - Filling up the DagBag from /home/airflow/.local/lib/python3.12/site-packages/airflow/example_dags/example_latest_only.py
[2024-05-02T22:53:46.424+0000] {processor.py:840} INFO - DAG(s) 'latest_only' retrieved from /home/airflow/.local/lib/python3.12/site-packages/airflow/example_dags/example_latest_only.py
[2024-05-02T22:53:46.533+0000] {logging_mixin.py:188} INFO - [2024-05-02T22:53:46.532+0000] {dag.py:3096} INFO - Sync 1 DAGs
[2024-05-02T22:53:46.801+0000] {logging_mixin.py:188} INFO - [2024-05-02T22:53:46.800+0000] {dag.py:3954} INFO - Setting next_dagrun for latest_only to 2024-05-02 16:00:00+00:00, run_after=2024-05-02 20:00:00+00:00
[2024-05-02T22:53:47.255+0000] {processor.py:183} INFO - Processing /home/airflow/.local/lib/python3.12/site-packages/airflow/example_dags/example_latest_only.py took 0.919 seconds
[2024-05-02T22:54:17.891+0000] {processor.py:161} INFO - Started process (PID=2494) to work on /home/airflow/.local/lib/python3.12/site-packages/airflow/example_dags/example_latest_only.py
[2024-05-02T22:54:17.893+0000] {processor.py:830} INFO - Processing file /home/airflow/.local/lib/python3.12/site-packages/airflow/example_dags/example_latest_only.py for tasks to queue
[2024-05-02T22:54:17.897+0000] {logging_mixin.py:188} INFO - [2024-05-02T22:54:17.897+0000] {dagbag.py:540} INFO - Filling up the DagBag from /home/airflow/.local/lib/python3.12/site-packages/airflow/example_dags/example_latest_only.py
[2024-05-02T22:54:17.907+0000] {processor.py:840} INFO - DAG(s) 'latest_only' retrieved from /home/airflow/.local/lib/python3.12/site-packages/airflow/example_dags/example_latest_only.py
[2024-05-02T22:54:17.932+0000] {logging_mixin.py:188} INFO - [2024-05-02T22:54:17.932+0000] {dag.py:3096} INFO - Sync 1 DAGs
[2024-05-02T22:54:17.994+0000] {logging_mixin.py:188} INFO - [2024-05-02T22:54:17.993+0000] {dag.py:3954} INFO - Setting next_dagrun for latest_only to 2024-05-02 16:00:00+00:00, run_after=2024-05-02 20:00:00+00:00
[2024-05-02T22:54:18.090+0000] {processor.py:183} INFO - Processing /home/airflow/.local/lib/python3.12/site-packages/airflow/example_dags/example_latest_only.py took 0.217 seconds
[2024-05-02T22:54:49.040+0000] {processor.py:161} INFO - Started process (PID=2553) to work on /home/airflow/.local/lib/python3.12/site-packages/airflow/example_dags/example_latest_only.py
[2024-05-02T22:54:49.042+0000] {processor.py:830} INFO - Processing file /home/airflow/.local/lib/python3.12/site-packages/airflow/example_dags/example_latest_only.py for tasks to queue
[2024-05-02T22:54:49.046+0000] {logging_mixin.py:188} INFO - [2024-05-02T22:54:49.046+0000] {dagbag.py:540} INFO - Filling up the DagBag from /home/airflow/.local/lib/python3.12/site-packages/airflow/example_dags/example_latest_only.py
[2024-05-02T22:54:49.058+0000] {processor.py:840} INFO - DAG(s) 'latest_only' retrieved from /home/airflow/.local/lib/python3.12/site-packages/airflow/example_dags/example_latest_only.py
[2024-05-02T22:54:49.411+0000] {logging_mixin.py:188} INFO - [2024-05-02T22:54:49.410+0000] {dag.py:3096} INFO - Sync 1 DAGs
[2024-05-02T22:54:49.485+0000] {logging_mixin.py:188} INFO - [2024-05-02T22:54:49.485+0000] {dag.py:3954} INFO - Setting next_dagrun for latest_only to 2024-05-02 16:00:00+00:00, run_after=2024-05-02 20:00:00+00:00
[2024-05-02T22:54:49.598+0000] {processor.py:183} INFO - Processing /home/airflow/.local/lib/python3.12/site-packages/airflow/example_dags/example_latest_only.py took 0.574 seconds
[2024-05-02T22:55:19.745+0000] {processor.py:161} INFO - Started process (PID=2612) to work on /home/airflow/.local/lib/python3.12/site-packages/airflow/example_dags/example_latest_only.py
[2024-05-02T22:55:19.747+0000] {processor.py:830} INFO - Processing file /home/airflow/.local/lib/python3.12/site-packages/airflow/example_dags/example_latest_only.py for tasks to queue
[2024-05-02T22:55:19.755+0000] {logging_mixin.py:188} INFO - [2024-05-02T22:55:19.754+0000] {dagbag.py:540} INFO - Filling up the DagBag from /home/airflow/.local/lib/python3.12/site-packages/airflow/example_dags/example_latest_only.py
[2024-05-02T22:55:19.766+0000] {processor.py:840} INFO - DAG(s) 'latest_only' retrieved from /home/airflow/.local/lib/python3.12/site-packages/airflow/example_dags/example_latest_only.py
[2024-05-02T22:55:19.815+0000] {logging_mixin.py:188} INFO - [2024-05-02T22:55:19.814+0000] {dag.py:3096} INFO - Sync 1 DAGs
[2024-05-02T22:55:19.869+0000] {logging_mixin.py:188} INFO - [2024-05-02T22:55:19.869+0000] {dag.py:3954} INFO - Setting next_dagrun for latest_only to 2024-05-02 16:00:00+00:00, run_after=2024-05-02 20:00:00+00:00
[2024-05-02T22:55:19.915+0000] {processor.py:183} INFO - Processing /home/airflow/.local/lib/python3.12/site-packages/airflow/example_dags/example_latest_only.py took 0.185 seconds
[2024-05-02T22:55:50.653+0000] {processor.py:161} INFO - Started process (PID=2672) to work on /home/airflow/.local/lib/python3.12/site-packages/airflow/example_dags/example_latest_only.py
[2024-05-02T22:55:50.656+0000] {processor.py:830} INFO - Processing file /home/airflow/.local/lib/python3.12/site-packages/airflow/example_dags/example_latest_only.py for tasks to queue
[2024-05-02T22:55:50.661+0000] {logging_mixin.py:188} INFO - [2024-05-02T22:55:50.660+0000] {dagbag.py:540} INFO - Filling up the DagBag from /home/airflow/.local/lib/python3.12/site-packages/airflow/example_dags/example_latest_only.py
[2024-05-02T22:55:50.674+0000] {processor.py:840} INFO - DAG(s) 'latest_only' retrieved from /home/airflow/.local/lib/python3.12/site-packages/airflow/example_dags/example_latest_only.py
[2024-05-02T22:55:50.721+0000] {logging_mixin.py:188} INFO - [2024-05-02T22:55:50.720+0000] {dag.py:3096} INFO - Sync 1 DAGs
[2024-05-02T22:55:50.794+0000] {logging_mixin.py:188} INFO - [2024-05-02T22:55:50.794+0000] {dag.py:3954} INFO - Setting next_dagrun for latest_only to 2024-05-02 16:00:00+00:00, run_after=2024-05-02 20:00:00+00:00
[2024-05-02T22:55:50.861+0000] {processor.py:183} INFO - Processing /home/airflow/.local/lib/python3.12/site-packages/airflow/example_dags/example_latest_only.py took 0.228 seconds
[2024-05-02T22:57:10.860+0000] {processor.py:161} INFO - Started process (PID=57) to work on /home/airflow/.local/lib/python3.12/site-packages/airflow/example_dags/example_latest_only.py
[2024-05-02T22:57:10.862+0000] {processor.py:830} INFO - Processing file /home/airflow/.local/lib/python3.12/site-packages/airflow/example_dags/example_latest_only.py for tasks to queue
[2024-05-02T22:57:10.864+0000] {logging_mixin.py:188} INFO - [2024-05-02T22:57:10.864+0000] {dagbag.py:540} INFO - Filling up the DagBag from /home/airflow/.local/lib/python3.12/site-packages/airflow/example_dags/example_latest_only.py
[2024-05-02T22:57:10.872+0000] {processor.py:840} INFO - DAG(s) 'latest_only' retrieved from /home/airflow/.local/lib/python3.12/site-packages/airflow/example_dags/example_latest_only.py
[2024-05-02T22:57:10.916+0000] {logging_mixin.py:188} INFO - [2024-05-02T22:57:10.916+0000] {dag.py:3096} INFO - Sync 1 DAGs
[2024-05-02T22:57:10.965+0000] {logging_mixin.py:188} INFO - [2024-05-02T22:57:10.965+0000] {dag.py:3954} INFO - Setting next_dagrun for latest_only to 2024-05-02 16:00:00+00:00, run_after=2024-05-02 20:00:00+00:00
[2024-05-02T22:57:10.999+0000] {processor.py:183} INFO - Processing /home/airflow/.local/lib/python3.12/site-packages/airflow/example_dags/example_latest_only.py took 0.146 seconds
[2024-05-02T22:57:59.139+0000] {processor.py:161} INFO - Started process (PID=126) to work on /home/airflow/.local/lib/python3.12/site-packages/airflow/example_dags/example_latest_only.py
[2024-05-02T22:57:59.148+0000] {processor.py:830} INFO - Processing file /home/airflow/.local/lib/python3.12/site-packages/airflow/example_dags/example_latest_only.py for tasks to queue
[2024-05-02T22:57:59.156+0000] {logging_mixin.py:188} INFO - [2024-05-02T22:57:59.155+0000] {dagbag.py:540} INFO - Filling up the DagBag from /home/airflow/.local/lib/python3.12/site-packages/airflow/example_dags/example_latest_only.py
[2024-05-02T22:57:59.179+0000] {processor.py:840} INFO - DAG(s) 'latest_only' retrieved from /home/airflow/.local/lib/python3.12/site-packages/airflow/example_dags/example_latest_only.py
[2024-05-02T22:57:59.242+0000] {logging_mixin.py:188} INFO - [2024-05-02T22:57:59.242+0000] {dag.py:3096} INFO - Sync 1 DAGs
[2024-05-02T22:57:59.355+0000] {logging_mixin.py:188} INFO - [2024-05-02T22:57:59.354+0000] {dag.py:3954} INFO - Setting next_dagrun for latest_only to 2024-05-02 16:00:00+00:00, run_after=2024-05-02 20:00:00+00:00
[2024-05-02T22:57:59.428+0000] {processor.py:183} INFO - Processing /home/airflow/.local/lib/python3.12/site-packages/airflow/example_dags/example_latest_only.py took 0.311 seconds
[2024-05-02T22:58:30.102+0000] {processor.py:161} INFO - Started process (PID=184) to work on /home/airflow/.local/lib/python3.12/site-packages/airflow/example_dags/example_latest_only.py
[2024-05-02T22:58:30.108+0000] {processor.py:830} INFO - Processing file /home/airflow/.local/lib/python3.12/site-packages/airflow/example_dags/example_latest_only.py for tasks to queue
[2024-05-02T22:58:30.128+0000] {logging_mixin.py:188} INFO - [2024-05-02T22:58:30.126+0000] {dagbag.py:540} INFO - Filling up the DagBag from /home/airflow/.local/lib/python3.12/site-packages/airflow/example_dags/example_latest_only.py
[2024-05-02T22:58:30.205+0000] {processor.py:840} INFO - DAG(s) 'latest_only' retrieved from /home/airflow/.local/lib/python3.12/site-packages/airflow/example_dags/example_latest_only.py
[2024-05-02T22:58:30.323+0000] {logging_mixin.py:188} INFO - [2024-05-02T22:58:30.323+0000] {dag.py:3096} INFO - Sync 1 DAGs
[2024-05-02T22:58:30.488+0000] {logging_mixin.py:188} INFO - [2024-05-02T22:58:30.484+0000] {dag.py:3954} INFO - Setting next_dagrun for latest_only to 2024-05-02 16:00:00+00:00, run_after=2024-05-02 20:00:00+00:00
[2024-05-02T22:58:30.990+0000] {processor.py:183} INFO - Processing /home/airflow/.local/lib/python3.12/site-packages/airflow/example_dags/example_latest_only.py took 0.944 seconds
[2024-05-02T22:59:06.698+0000] {processor.py:161} INFO - Started process (PID=248) to work on /home/airflow/.local/lib/python3.12/site-packages/airflow/example_dags/example_latest_only.py
[2024-05-02T22:59:06.713+0000] {processor.py:830} INFO - Processing file /home/airflow/.local/lib/python3.12/site-packages/airflow/example_dags/example_latest_only.py for tasks to queue
[2024-05-02T22:59:06.726+0000] {logging_mixin.py:188} INFO - [2024-05-02T22:59:06.722+0000] {dagbag.py:540} INFO - Filling up the DagBag from /home/airflow/.local/lib/python3.12/site-packages/airflow/example_dags/example_latest_only.py
[2024-05-02T22:59:06.749+0000] {processor.py:840} INFO - DAG(s) 'latest_only' retrieved from /home/airflow/.local/lib/python3.12/site-packages/airflow/example_dags/example_latest_only.py
[2024-05-02T22:59:06.874+0000] {logging_mixin.py:188} INFO - [2024-05-02T22:59:06.865+0000] {dag.py:3096} INFO - Sync 1 DAGs
[2024-05-02T22:59:07.040+0000] {logging_mixin.py:188} INFO - [2024-05-02T22:59:07.037+0000] {dag.py:3954} INFO - Setting next_dagrun for latest_only to 2024-05-02 16:00:00+00:00, run_after=2024-05-02 20:00:00+00:00
[2024-05-02T22:59:07.123+0000] {processor.py:183} INFO - Processing /home/airflow/.local/lib/python3.12/site-packages/airflow/example_dags/example_latest_only.py took 0.448 seconds
[2024-05-02T22:59:37.744+0000] {processor.py:161} INFO - Started process (PID=309) to work on /home/airflow/.local/lib/python3.12/site-packages/airflow/example_dags/example_latest_only.py
[2024-05-02T22:59:37.759+0000] {processor.py:830} INFO - Processing file /home/airflow/.local/lib/python3.12/site-packages/airflow/example_dags/example_latest_only.py for tasks to queue
[2024-05-02T22:59:37.774+0000] {logging_mixin.py:188} INFO - [2024-05-02T22:59:37.774+0000] {dagbag.py:540} INFO - Filling up the DagBag from /home/airflow/.local/lib/python3.12/site-packages/airflow/example_dags/example_latest_only.py
[2024-05-02T22:59:37.813+0000] {processor.py:840} INFO - DAG(s) 'latest_only' retrieved from /home/airflow/.local/lib/python3.12/site-packages/airflow/example_dags/example_latest_only.py
[2024-05-02T22:59:37.962+0000] {logging_mixin.py:188} INFO - [2024-05-02T22:59:37.962+0000] {dag.py:3096} INFO - Sync 1 DAGs
[2024-05-02T22:59:38.362+0000] {logging_mixin.py:188} INFO - [2024-05-02T22:59:38.362+0000] {dag.py:3954} INFO - Setting next_dagrun for latest_only to 2024-05-02 16:00:00+00:00, run_after=2024-05-02 20:00:00+00:00
[2024-05-02T22:59:38.509+0000] {processor.py:183} INFO - Processing /home/airflow/.local/lib/python3.12/site-packages/airflow/example_dags/example_latest_only.py took 0.807 seconds
[2024-05-02T23:00:09.982+0000] {processor.py:161} INFO - Started process (PID=367) to work on /home/airflow/.local/lib/python3.12/site-packages/airflow/example_dags/example_latest_only.py
[2024-05-02T23:00:10.030+0000] {processor.py:830} INFO - Processing file /home/airflow/.local/lib/python3.12/site-packages/airflow/example_dags/example_latest_only.py for tasks to queue
[2024-05-02T23:00:10.059+0000] {logging_mixin.py:188} INFO - [2024-05-02T23:00:10.058+0000] {dagbag.py:540} INFO - Filling up the DagBag from /home/airflow/.local/lib/python3.12/site-packages/airflow/example_dags/example_latest_only.py
[2024-05-02T23:00:10.107+0000] {processor.py:840} INFO - DAG(s) 'latest_only' retrieved from /home/airflow/.local/lib/python3.12/site-packages/airflow/example_dags/example_latest_only.py
[2024-05-02T23:00:10.182+0000] {logging_mixin.py:188} INFO - [2024-05-02T23:00:10.181+0000] {dag.py:3096} INFO - Sync 1 DAGs
[2024-05-02T23:00:10.387+0000] {logging_mixin.py:188} INFO - [2024-05-02T23:00:10.387+0000] {dag.py:3954} INFO - Setting next_dagrun for latest_only to 2024-05-02 16:00:00+00:00, run_after=2024-05-02 20:00:00+00:00
[2024-05-02T23:00:10.562+0000] {processor.py:183} INFO - Processing /home/airflow/.local/lib/python3.12/site-packages/airflow/example_dags/example_latest_only.py took 0.665 seconds
[2024-05-02T23:00:40.769+0000] {processor.py:161} INFO - Started process (PID=426) to work on /home/airflow/.local/lib/python3.12/site-packages/airflow/example_dags/example_latest_only.py
[2024-05-02T23:00:40.771+0000] {processor.py:830} INFO - Processing file /home/airflow/.local/lib/python3.12/site-packages/airflow/example_dags/example_latest_only.py for tasks to queue
[2024-05-02T23:00:40.774+0000] {logging_mixin.py:188} INFO - [2024-05-02T23:00:40.773+0000] {dagbag.py:540} INFO - Filling up the DagBag from /home/airflow/.local/lib/python3.12/site-packages/airflow/example_dags/example_latest_only.py
[2024-05-02T23:00:40.785+0000] {processor.py:840} INFO - DAG(s) 'latest_only' retrieved from /home/airflow/.local/lib/python3.12/site-packages/airflow/example_dags/example_latest_only.py
[2024-05-02T23:00:40.838+0000] {logging_mixin.py:188} INFO - [2024-05-02T23:00:40.837+0000] {dag.py:3096} INFO - Sync 1 DAGs
[2024-05-02T23:00:40.902+0000] {logging_mixin.py:188} INFO - [2024-05-02T23:00:40.901+0000] {dag.py:3954} INFO - Setting next_dagrun for latest_only to 2024-05-02 16:00:00+00:00, run_after=2024-05-02 20:00:00+00:00
[2024-05-02T23:00:40.946+0000] {processor.py:183} INFO - Processing /home/airflow/.local/lib/python3.12/site-packages/airflow/example_dags/example_latest_only.py took 0.185 seconds
[2024-05-02T23:01:12.098+0000] {processor.py:161} INFO - Started process (PID=486) to work on /home/airflow/.local/lib/python3.12/site-packages/airflow/example_dags/example_latest_only.py
[2024-05-02T23:01:12.100+0000] {processor.py:830} INFO - Processing file /home/airflow/.local/lib/python3.12/site-packages/airflow/example_dags/example_latest_only.py for tasks to queue
[2024-05-02T23:01:12.103+0000] {logging_mixin.py:188} INFO - [2024-05-02T23:01:12.102+0000] {dagbag.py:540} INFO - Filling up the DagBag from /home/airflow/.local/lib/python3.12/site-packages/airflow/example_dags/example_latest_only.py
[2024-05-02T23:01:12.111+0000] {processor.py:840} INFO - DAG(s) 'latest_only' retrieved from /home/airflow/.local/lib/python3.12/site-packages/airflow/example_dags/example_latest_only.py
[2024-05-02T23:01:12.146+0000] {logging_mixin.py:188} INFO - [2024-05-02T23:01:12.146+0000] {dag.py:3096} INFO - Sync 1 DAGs
[2024-05-02T23:01:12.205+0000] {logging_mixin.py:188} INFO - [2024-05-02T23:01:12.204+0000] {dag.py:3954} INFO - Setting next_dagrun for latest_only to 2024-05-02 16:00:00+00:00, run_after=2024-05-02 20:00:00+00:00
[2024-05-02T23:01:12.254+0000] {processor.py:183} INFO - Processing /home/airflow/.local/lib/python3.12/site-packages/airflow/example_dags/example_latest_only.py took 0.165 seconds
[2024-05-02T23:01:42.367+0000] {processor.py:161} INFO - Started process (PID=545) to work on /home/airflow/.local/lib/python3.12/site-packages/airflow/example_dags/example_latest_only.py
[2024-05-02T23:01:42.369+0000] {processor.py:830} INFO - Processing file /home/airflow/.local/lib/python3.12/site-packages/airflow/example_dags/example_latest_only.py for tasks to queue
[2024-05-02T23:01:42.373+0000] {logging_mixin.py:188} INFO - [2024-05-02T23:01:42.372+0000] {dagbag.py:540} INFO - Filling up the DagBag from /home/airflow/.local/lib/python3.12/site-packages/airflow/example_dags/example_latest_only.py
[2024-05-02T23:01:42.383+0000] {processor.py:840} INFO - DAG(s) 'latest_only' retrieved from /home/airflow/.local/lib/python3.12/site-packages/airflow/example_dags/example_latest_only.py
[2024-05-02T23:01:42.424+0000] {logging_mixin.py:188} INFO - [2024-05-02T23:01:42.423+0000] {dag.py:3096} INFO - Sync 1 DAGs
[2024-05-02T23:01:42.474+0000] {logging_mixin.py:188} INFO - [2024-05-02T23:01:42.474+0000] {dag.py:3954} INFO - Setting next_dagrun for latest_only to 2024-05-02 16:00:00+00:00, run_after=2024-05-02 20:00:00+00:00
[2024-05-02T23:01:42.525+0000] {processor.py:183} INFO - Processing /home/airflow/.local/lib/python3.12/site-packages/airflow/example_dags/example_latest_only.py took 0.169 seconds
[2024-05-02T23:02:13.408+0000] {processor.py:161} INFO - Started process (PID=604) to work on /home/airflow/.local/lib/python3.12/site-packages/airflow/example_dags/example_latest_only.py
[2024-05-02T23:02:13.412+0000] {processor.py:830} INFO - Processing file /home/airflow/.local/lib/python3.12/site-packages/airflow/example_dags/example_latest_only.py for tasks to queue
[2024-05-02T23:02:13.416+0000] {logging_mixin.py:188} INFO - [2024-05-02T23:02:13.415+0000] {dagbag.py:540} INFO - Filling up the DagBag from /home/airflow/.local/lib/python3.12/site-packages/airflow/example_dags/example_latest_only.py
[2024-05-02T23:02:13.433+0000] {processor.py:840} INFO - DAG(s) 'latest_only' retrieved from /home/airflow/.local/lib/python3.12/site-packages/airflow/example_dags/example_latest_only.py
[2024-05-02T23:02:13.533+0000] {logging_mixin.py:188} INFO - [2024-05-02T23:02:13.532+0000] {dag.py:3096} INFO - Sync 1 DAGs
[2024-05-02T23:02:13.612+0000] {logging_mixin.py:188} INFO - [2024-05-02T23:02:13.611+0000] {dag.py:3954} INFO - Setting next_dagrun for latest_only to 2024-05-02 16:00:00+00:00, run_after=2024-05-02 20:00:00+00:00
[2024-05-02T23:02:13.713+0000] {processor.py:183} INFO - Processing /home/airflow/.local/lib/python3.12/site-packages/airflow/example_dags/example_latest_only.py took 0.321 seconds
[2024-05-02T23:02:44.371+0000] {processor.py:161} INFO - Started process (PID=663) to work on /home/airflow/.local/lib/python3.12/site-packages/airflow/example_dags/example_latest_only.py
[2024-05-02T23:02:44.372+0000] {processor.py:830} INFO - Processing file /home/airflow/.local/lib/python3.12/site-packages/airflow/example_dags/example_latest_only.py for tasks to queue
[2024-05-02T23:02:44.375+0000] {logging_mixin.py:188} INFO - [2024-05-02T23:02:44.375+0000] {dagbag.py:540} INFO - Filling up the DagBag from /home/airflow/.local/lib/python3.12/site-packages/airflow/example_dags/example_latest_only.py
[2024-05-02T23:02:44.384+0000] {processor.py:840} INFO - DAG(s) 'latest_only' retrieved from /home/airflow/.local/lib/python3.12/site-packages/airflow/example_dags/example_latest_only.py
[2024-05-02T23:02:44.421+0000] {logging_mixin.py:188} INFO - [2024-05-02T23:02:44.421+0000] {dag.py:3096} INFO - Sync 1 DAGs
[2024-05-02T23:02:44.467+0000] {logging_mixin.py:188} INFO - [2024-05-02T23:02:44.467+0000] {dag.py:3954} INFO - Setting next_dagrun for latest_only to 2024-05-02 16:00:00+00:00, run_after=2024-05-02 20:00:00+00:00
[2024-05-02T23:02:44.504+0000] {processor.py:183} INFO - Processing /home/airflow/.local/lib/python3.12/site-packages/airflow/example_dags/example_latest_only.py took 0.146 seconds
[2024-05-02T23:03:15.451+0000] {processor.py:161} INFO - Started process (PID=722) to work on /home/airflow/.local/lib/python3.12/site-packages/airflow/example_dags/example_latest_only.py
[2024-05-02T23:03:15.454+0000] {processor.py:830} INFO - Processing file /home/airflow/.local/lib/python3.12/site-packages/airflow/example_dags/example_latest_only.py for tasks to queue
[2024-05-02T23:03:15.459+0000] {logging_mixin.py:188} INFO - [2024-05-02T23:03:15.458+0000] {dagbag.py:540} INFO - Filling up the DagBag from /home/airflow/.local/lib/python3.12/site-packages/airflow/example_dags/example_latest_only.py
[2024-05-02T23:03:15.470+0000] {processor.py:840} INFO - DAG(s) 'latest_only' retrieved from /home/airflow/.local/lib/python3.12/site-packages/airflow/example_dags/example_latest_only.py
[2024-05-02T23:03:15.527+0000] {logging_mixin.py:188} INFO - [2024-05-02T23:03:15.526+0000] {dag.py:3096} INFO - Sync 1 DAGs
[2024-05-02T23:03:15.583+0000] {logging_mixin.py:188} INFO - [2024-05-02T23:03:15.582+0000] {dag.py:3954} INFO - Setting next_dagrun for latest_only to 2024-05-02 16:00:00+00:00, run_after=2024-05-02 20:00:00+00:00
[2024-05-02T23:03:15.641+0000] {processor.py:183} INFO - Processing /home/airflow/.local/lib/python3.12/site-packages/airflow/example_dags/example_latest_only.py took 0.212 seconds
[2024-05-02T23:03:46.295+0000] {processor.py:161} INFO - Started process (PID=781) to work on /home/airflow/.local/lib/python3.12/site-packages/airflow/example_dags/example_latest_only.py
[2024-05-02T23:03:46.296+0000] {processor.py:830} INFO - Processing file /home/airflow/.local/lib/python3.12/site-packages/airflow/example_dags/example_latest_only.py for tasks to queue
[2024-05-02T23:03:46.300+0000] {logging_mixin.py:188} INFO - [2024-05-02T23:03:46.300+0000] {dagbag.py:540} INFO - Filling up the DagBag from /home/airflow/.local/lib/python3.12/site-packages/airflow/example_dags/example_latest_only.py
[2024-05-02T23:03:46.313+0000] {processor.py:840} INFO - DAG(s) 'latest_only' retrieved from /home/airflow/.local/lib/python3.12/site-packages/airflow/example_dags/example_latest_only.py
[2024-05-02T23:03:46.361+0000] {logging_mixin.py:188} INFO - [2024-05-02T23:03:46.361+0000] {dag.py:3096} INFO - Sync 1 DAGs
[2024-05-02T23:03:46.419+0000] {logging_mixin.py:188} INFO - [2024-05-02T23:03:46.417+0000] {dag.py:3954} INFO - Setting next_dagrun for latest_only to 2024-05-02 16:00:00+00:00, run_after=2024-05-02 20:00:00+00:00
[2024-05-02T23:03:46.514+0000] {processor.py:183} INFO - Processing /home/airflow/.local/lib/python3.12/site-packages/airflow/example_dags/example_latest_only.py took 0.236 seconds
[2024-05-02T23:04:16.763+0000] {processor.py:161} INFO - Started process (PID=839) to work on /home/airflow/.local/lib/python3.12/site-packages/airflow/example_dags/example_latest_only.py
[2024-05-02T23:04:16.765+0000] {processor.py:830} INFO - Processing file /home/airflow/.local/lib/python3.12/site-packages/airflow/example_dags/example_latest_only.py for tasks to queue
[2024-05-02T23:04:16.768+0000] {logging_mixin.py:188} INFO - [2024-05-02T23:04:16.767+0000] {dagbag.py:540} INFO - Filling up the DagBag from /home/airflow/.local/lib/python3.12/site-packages/airflow/example_dags/example_latest_only.py
[2024-05-02T23:04:16.776+0000] {processor.py:840} INFO - DAG(s) 'latest_only' retrieved from /home/airflow/.local/lib/python3.12/site-packages/airflow/example_dags/example_latest_only.py
[2024-05-02T23:04:16.810+0000] {logging_mixin.py:188} INFO - [2024-05-02T23:04:16.810+0000] {dag.py:3096} INFO - Sync 1 DAGs
[2024-05-02T23:04:16.854+0000] {logging_mixin.py:188} INFO - [2024-05-02T23:04:16.853+0000] {dag.py:3954} INFO - Setting next_dagrun for latest_only to 2024-05-02 16:00:00+00:00, run_after=2024-05-02 20:00:00+00:00
[2024-05-02T23:04:17.139+0000] {processor.py:183} INFO - Processing /home/airflow/.local/lib/python3.12/site-packages/airflow/example_dags/example_latest_only.py took 0.385 seconds
[2024-05-02T23:04:47.606+0000] {processor.py:161} INFO - Started process (PID=898) to work on /home/airflow/.local/lib/python3.12/site-packages/airflow/example_dags/example_latest_only.py
[2024-05-02T23:04:47.610+0000] {processor.py:830} INFO - Processing file /home/airflow/.local/lib/python3.12/site-packages/airflow/example_dags/example_latest_only.py for tasks to queue
[2024-05-02T23:04:47.615+0000] {logging_mixin.py:188} INFO - [2024-05-02T23:04:47.614+0000] {dagbag.py:540} INFO - Filling up the DagBag from /home/airflow/.local/lib/python3.12/site-packages/airflow/example_dags/example_latest_only.py
[2024-05-02T23:04:47.627+0000] {processor.py:840} INFO - DAG(s) 'latest_only' retrieved from /home/airflow/.local/lib/python3.12/site-packages/airflow/example_dags/example_latest_only.py
[2024-05-02T23:04:47.692+0000] {logging_mixin.py:188} INFO - [2024-05-02T23:04:47.692+0000] {dag.py:3096} INFO - Sync 1 DAGs
[2024-05-02T23:04:47.748+0000] {logging_mixin.py:188} INFO - [2024-05-02T23:04:47.747+0000] {dag.py:3954} INFO - Setting next_dagrun for latest_only to 2024-05-02 16:00:00+00:00, run_after=2024-05-02 20:00:00+00:00
[2024-05-02T23:04:47.802+0000] {processor.py:183} INFO - Processing /home/airflow/.local/lib/python3.12/site-packages/airflow/example_dags/example_latest_only.py took 0.215 seconds
[2024-05-02T23:05:17.896+0000] {processor.py:161} INFO - Started process (PID=957) to work on /home/airflow/.local/lib/python3.12/site-packages/airflow/example_dags/example_latest_only.py
[2024-05-02T23:05:17.899+0000] {processor.py:830} INFO - Processing file /home/airflow/.local/lib/python3.12/site-packages/airflow/example_dags/example_latest_only.py for tasks to queue
[2024-05-02T23:05:17.903+0000] {logging_mixin.py:188} INFO - [2024-05-02T23:05:17.902+0000] {dagbag.py:540} INFO - Filling up the DagBag from /home/airflow/.local/lib/python3.12/site-packages/airflow/example_dags/example_latest_only.py
[2024-05-02T23:05:17.909+0000] {processor.py:840} INFO - DAG(s) 'latest_only' retrieved from /home/airflow/.local/lib/python3.12/site-packages/airflow/example_dags/example_latest_only.py
[2024-05-02T23:05:17.944+0000] {logging_mixin.py:188} INFO - [2024-05-02T23:05:17.943+0000] {dag.py:3096} INFO - Sync 1 DAGs
[2024-05-02T23:05:17.983+0000] {logging_mixin.py:188} INFO - [2024-05-02T23:05:17.983+0000] {dag.py:3954} INFO - Setting next_dagrun for latest_only to 2024-05-02 16:00:00+00:00, run_after=2024-05-02 20:00:00+00:00
[2024-05-02T23:05:18.025+0000] {processor.py:183} INFO - Processing /home/airflow/.local/lib/python3.12/site-packages/airflow/example_dags/example_latest_only.py took 0.137 seconds
[2024-05-02T23:05:49.088+0000] {processor.py:161} INFO - Started process (PID=1015) to work on /home/airflow/.local/lib/python3.12/site-packages/airflow/example_dags/example_latest_only.py
[2024-05-02T23:05:49.090+0000] {processor.py:830} INFO - Processing file /home/airflow/.local/lib/python3.12/site-packages/airflow/example_dags/example_latest_only.py for tasks to queue
[2024-05-02T23:05:49.095+0000] {logging_mixin.py:188} INFO - [2024-05-02T23:05:49.094+0000] {dagbag.py:540} INFO - Filling up the DagBag from /home/airflow/.local/lib/python3.12/site-packages/airflow/example_dags/example_latest_only.py
[2024-05-02T23:05:49.107+0000] {processor.py:840} INFO - DAG(s) 'latest_only' retrieved from /home/airflow/.local/lib/python3.12/site-packages/airflow/example_dags/example_latest_only.py
[2024-05-02T23:05:49.554+0000] {logging_mixin.py:188} INFO - [2024-05-02T23:05:49.553+0000] {dag.py:3096} INFO - Sync 1 DAGs
[2024-05-02T23:05:49.625+0000] {logging_mixin.py:188} INFO - [2024-05-02T23:05:49.624+0000] {dag.py:3954} INFO - Setting next_dagrun for latest_only to 2024-05-02 16:00:00+00:00, run_after=2024-05-02 20:00:00+00:00
[2024-05-02T23:05:49.685+0000] {processor.py:183} INFO - Processing /home/airflow/.local/lib/python3.12/site-packages/airflow/example_dags/example_latest_only.py took 0.633 seconds
[2024-05-02T23:06:20.770+0000] {processor.py:161} INFO - Started process (PID=1075) to work on /home/airflow/.local/lib/python3.12/site-packages/airflow/example_dags/example_latest_only.py
[2024-05-02T23:06:20.773+0000] {processor.py:830} INFO - Processing file /home/airflow/.local/lib/python3.12/site-packages/airflow/example_dags/example_latest_only.py for tasks to queue
[2024-05-02T23:06:20.778+0000] {logging_mixin.py:188} INFO - [2024-05-02T23:06:20.777+0000] {dagbag.py:540} INFO - Filling up the DagBag from /home/airflow/.local/lib/python3.12/site-packages/airflow/example_dags/example_latest_only.py
[2024-05-02T23:06:20.788+0000] {processor.py:840} INFO - DAG(s) 'latest_only' retrieved from /home/airflow/.local/lib/python3.12/site-packages/airflow/example_dags/example_latest_only.py
[2024-05-02T23:06:20.828+0000] {logging_mixin.py:188} INFO - [2024-05-02T23:06:20.828+0000] {dag.py:3096} INFO - Sync 1 DAGs
[2024-05-02T23:06:20.887+0000] {logging_mixin.py:188} INFO - [2024-05-02T23:06:20.887+0000] {dag.py:3954} INFO - Setting next_dagrun for latest_only to 2024-05-02 16:00:00+00:00, run_after=2024-05-02 20:00:00+00:00
[2024-05-02T23:06:20.934+0000] {processor.py:183} INFO - Processing /home/airflow/.local/lib/python3.12/site-packages/airflow/example_dags/example_latest_only.py took 0.176 seconds
[2024-05-02T23:06:51.820+0000] {processor.py:161} INFO - Started process (PID=1134) to work on /home/airflow/.local/lib/python3.12/site-packages/airflow/example_dags/example_latest_only.py
[2024-05-02T23:06:51.832+0000] {processor.py:830} INFO - Processing file /home/airflow/.local/lib/python3.12/site-packages/airflow/example_dags/example_latest_only.py for tasks to queue
[2024-05-02T23:06:51.849+0000] {logging_mixin.py:188} INFO - [2024-05-02T23:06:51.848+0000] {dagbag.py:540} INFO - Filling up the DagBag from /home/airflow/.local/lib/python3.12/site-packages/airflow/example_dags/example_latest_only.py
[2024-05-02T23:06:51.882+0000] {processor.py:840} INFO - DAG(s) 'latest_only' retrieved from /home/airflow/.local/lib/python3.12/site-packages/airflow/example_dags/example_latest_only.py
[2024-05-02T23:06:52.040+0000] {logging_mixin.py:188} INFO - [2024-05-02T23:06:52.040+0000] {dag.py:3096} INFO - Sync 1 DAGs
[2024-05-02T23:06:52.244+0000] {logging_mixin.py:188} INFO - [2024-05-02T23:06:52.243+0000] {dag.py:3954} INFO - Setting next_dagrun for latest_only to 2024-05-02 16:00:00+00:00, run_after=2024-05-02 20:00:00+00:00
[2024-05-02T23:06:52.383+0000] {processor.py:183} INFO - Processing /home/airflow/.local/lib/python3.12/site-packages/airflow/example_dags/example_latest_only.py took 0.588 seconds
