[2024-05-02T22:20:57.072+0000] {processor.py:161} INFO - Started process (PID=74) to work on /home/airflow/.local/lib/python3.12/site-packages/airflow/example_dags/example_xcomargs.py
[2024-05-02T22:20:57.074+0000] {processor.py:830} INFO - Processing file /home/airflow/.local/lib/python3.12/site-packages/airflow/example_dags/example_xcomargs.py for tasks to queue
[2024-05-02T22:20:57.078+0000] {logging_mixin.py:188} INFO - [2024-05-02T22:20:57.077+0000] {dagbag.py:540} INFO - Filling up the DagBag from /home/airflow/.local/lib/python3.12/site-packages/airflow/example_dags/example_xcomargs.py
[2024-05-02T22:20:57.100+0000] {processor.py:840} INFO - DAG(s) 'example_xcom_args_with_operators', 'example_xcom_args' retrieved from /home/airflow/.local/lib/python3.12/site-packages/airflow/example_dags/example_xcomargs.py
[2024-05-02T22:20:57.372+0000] {logging_mixin.py:188} INFO - [2024-05-02T22:20:57.372+0000] {dag.py:3096} INFO - Sync 2 DAGs
[2024-05-02T22:20:57.401+0000] {logging_mixin.py:188} INFO - [2024-05-02T22:20:57.401+0000] {dag.py:3954} INFO - Setting next_dagrun for example_xcom_args to None, run_after=None
[2024-05-02T22:20:57.411+0000] {logging_mixin.py:188} INFO - [2024-05-02T22:20:57.411+0000] {dag.py:3954} INFO - Setting next_dagrun for example_xcom_args_with_operators to None, run_after=None
[2024-05-02T22:20:57.486+0000] {processor.py:183} INFO - Processing /home/airflow/.local/lib/python3.12/site-packages/airflow/example_dags/example_xcomargs.py took 0.422 seconds
[2024-05-02T22:21:41.584+0000] {processor.py:161} INFO - Started process (PID=137) to work on /home/airflow/.local/lib/python3.12/site-packages/airflow/example_dags/example_xcomargs.py
[2024-05-02T22:21:41.612+0000] {processor.py:830} INFO - Processing file /home/airflow/.local/lib/python3.12/site-packages/airflow/example_dags/example_xcomargs.py for tasks to queue
[2024-05-02T22:21:41.644+0000] {logging_mixin.py:188} INFO - [2024-05-02T22:21:41.644+0000] {dagbag.py:540} INFO - Filling up the DagBag from /home/airflow/.local/lib/python3.12/site-packages/airflow/example_dags/example_xcomargs.py
[2024-05-02T22:21:41.738+0000] {processor.py:840} INFO - DAG(s) 'example_xcom_args_with_operators', 'example_xcom_args' retrieved from /home/airflow/.local/lib/python3.12/site-packages/airflow/example_dags/example_xcomargs.py
[2024-05-02T22:21:42.145+0000] {logging_mixin.py:188} INFO - [2024-05-02T22:21:42.144+0000] {dag.py:3096} INFO - Sync 2 DAGs
[2024-05-02T22:21:42.324+0000] {logging_mixin.py:188} INFO - [2024-05-02T22:21:42.323+0000] {dag.py:3954} INFO - Setting next_dagrun for example_xcom_args to None, run_after=None
[2024-05-02T22:21:42.356+0000] {logging_mixin.py:188} INFO - [2024-05-02T22:21:42.355+0000] {dag.py:3954} INFO - Setting next_dagrun for example_xcom_args_with_operators to None, run_after=None
[2024-05-02T22:21:43.997+0000] {processor.py:183} INFO - Processing /home/airflow/.local/lib/python3.12/site-packages/airflow/example_dags/example_xcomargs.py took 2.449 seconds
[2024-05-02T22:23:02.996+0000] {processor.py:161} INFO - Started process (PID=213) to work on /home/airflow/.local/lib/python3.12/site-packages/airflow/example_dags/example_xcomargs.py
[2024-05-02T22:23:03.020+0000] {processor.py:830} INFO - Processing file /home/airflow/.local/lib/python3.12/site-packages/airflow/example_dags/example_xcomargs.py for tasks to queue
[2024-05-02T22:23:03.031+0000] {logging_mixin.py:188} INFO - [2024-05-02T22:23:03.029+0000] {dagbag.py:540} INFO - Filling up the DagBag from /home/airflow/.local/lib/python3.12/site-packages/airflow/example_dags/example_xcomargs.py
[2024-05-02T22:23:03.109+0000] {processor.py:840} INFO - DAG(s) 'example_xcom_args_with_operators', 'example_xcom_args' retrieved from /home/airflow/.local/lib/python3.12/site-packages/airflow/example_dags/example_xcomargs.py
[2024-05-02T22:23:03.359+0000] {logging_mixin.py:188} INFO - [2024-05-02T22:23:03.358+0000] {dag.py:3096} INFO - Sync 2 DAGs
[2024-05-02T22:23:03.547+0000] {logging_mixin.py:188} INFO - [2024-05-02T22:23:03.547+0000] {dag.py:3954} INFO - Setting next_dagrun for example_xcom_args to None, run_after=None
[2024-05-02T22:23:03.710+0000] {logging_mixin.py:188} INFO - [2024-05-02T22:23:03.702+0000] {dag.py:3954} INFO - Setting next_dagrun for example_xcom_args_with_operators to None, run_after=None
[2024-05-02T22:23:03.996+0000] {processor.py:183} INFO - Processing /home/airflow/.local/lib/python3.12/site-packages/airflow/example_dags/example_xcomargs.py took 1.042 seconds
[2024-05-02T22:32:41.827+0000] {processor.py:161} INFO - Started process (PID=74) to work on /home/airflow/.local/lib/python3.12/site-packages/airflow/example_dags/example_xcomargs.py
[2024-05-02T22:32:41.828+0000] {processor.py:830} INFO - Processing file /home/airflow/.local/lib/python3.12/site-packages/airflow/example_dags/example_xcomargs.py for tasks to queue
[2024-05-02T22:32:41.832+0000] {logging_mixin.py:188} INFO - [2024-05-02T22:32:41.832+0000] {dagbag.py:540} INFO - Filling up the DagBag from /home/airflow/.local/lib/python3.12/site-packages/airflow/example_dags/example_xcomargs.py
[2024-05-02T22:32:41.850+0000] {processor.py:840} INFO - DAG(s) 'example_xcom_args_with_operators', 'example_xcom_args' retrieved from /home/airflow/.local/lib/python3.12/site-packages/airflow/example_dags/example_xcomargs.py
[2024-05-02T22:32:42.131+0000] {logging_mixin.py:188} INFO - [2024-05-02T22:32:42.130+0000] {dag.py:3096} INFO - Sync 2 DAGs
[2024-05-02T22:32:42.159+0000] {logging_mixin.py:188} INFO - [2024-05-02T22:32:42.158+0000] {dag.py:3954} INFO - Setting next_dagrun for example_xcom_args to None, run_after=None
[2024-05-02T22:32:42.168+0000] {logging_mixin.py:188} INFO - [2024-05-02T22:32:42.168+0000] {dag.py:3954} INFO - Setting next_dagrun for example_xcom_args_with_operators to None, run_after=None
[2024-05-02T22:32:42.210+0000] {processor.py:183} INFO - Processing /home/airflow/.local/lib/python3.12/site-packages/airflow/example_dags/example_xcomargs.py took 0.395 seconds
[2024-05-02T22:33:13.310+0000] {processor.py:161} INFO - Started process (PID=133) to work on /home/airflow/.local/lib/python3.12/site-packages/airflow/example_dags/example_xcomargs.py
[2024-05-02T22:33:13.326+0000] {processor.py:830} INFO - Processing file /home/airflow/.local/lib/python3.12/site-packages/airflow/example_dags/example_xcomargs.py for tasks to queue
[2024-05-02T22:33:13.344+0000] {logging_mixin.py:188} INFO - [2024-05-02T22:33:13.343+0000] {dagbag.py:540} INFO - Filling up the DagBag from /home/airflow/.local/lib/python3.12/site-packages/airflow/example_dags/example_xcomargs.py
[2024-05-02T22:33:13.533+0000] {processor.py:840} INFO - DAG(s) 'example_xcom_args', 'example_xcom_args_with_operators' retrieved from /home/airflow/.local/lib/python3.12/site-packages/airflow/example_dags/example_xcomargs.py
[2024-05-02T22:33:13.982+0000] {logging_mixin.py:188} INFO - [2024-05-02T22:33:13.960+0000] {dag.py:3096} INFO - Sync 2 DAGs
[2024-05-02T22:33:14.229+0000] {logging_mixin.py:188} INFO - [2024-05-02T22:33:14.228+0000] {dag.py:3954} INFO - Setting next_dagrun for example_xcom_args to None, run_after=None
[2024-05-02T22:33:14.305+0000] {logging_mixin.py:188} INFO - [2024-05-02T22:33:14.304+0000] {dag.py:3954} INFO - Setting next_dagrun for example_xcom_args_with_operators to None, run_after=None
[2024-05-02T22:33:14.616+0000] {processor.py:183} INFO - Processing /home/airflow/.local/lib/python3.12/site-packages/airflow/example_dags/example_xcomargs.py took 1.392 seconds
[2024-05-02T22:33:45.593+0000] {processor.py:161} INFO - Started process (PID=192) to work on /home/airflow/.local/lib/python3.12/site-packages/airflow/example_dags/example_xcomargs.py
[2024-05-02T22:33:45.598+0000] {processor.py:830} INFO - Processing file /home/airflow/.local/lib/python3.12/site-packages/airflow/example_dags/example_xcomargs.py for tasks to queue
[2024-05-02T22:33:45.614+0000] {logging_mixin.py:188} INFO - [2024-05-02T22:33:45.613+0000] {dagbag.py:540} INFO - Filling up the DagBag from /home/airflow/.local/lib/python3.12/site-packages/airflow/example_dags/example_xcomargs.py
[2024-05-02T22:33:45.734+0000] {processor.py:840} INFO - DAG(s) 'example_xcom_args', 'example_xcom_args_with_operators' retrieved from /home/airflow/.local/lib/python3.12/site-packages/airflow/example_dags/example_xcomargs.py
[2024-05-02T22:33:46.007+0000] {logging_mixin.py:188} INFO - [2024-05-02T22:33:46.006+0000] {dag.py:3096} INFO - Sync 2 DAGs
[2024-05-02T22:33:46.405+0000] {logging_mixin.py:188} INFO - [2024-05-02T22:33:46.404+0000] {dag.py:3954} INFO - Setting next_dagrun for example_xcom_args to None, run_after=None
[2024-05-02T22:33:46.489+0000] {logging_mixin.py:188} INFO - [2024-05-02T22:33:46.488+0000] {dag.py:3954} INFO - Setting next_dagrun for example_xcom_args_with_operators to None, run_after=None
[2024-05-02T22:33:46.728+0000] {processor.py:183} INFO - Processing /home/airflow/.local/lib/python3.12/site-packages/airflow/example_dags/example_xcomargs.py took 1.269 seconds
[2024-05-02T22:34:17.102+0000] {processor.py:161} INFO - Started process (PID=251) to work on /home/airflow/.local/lib/python3.12/site-packages/airflow/example_dags/example_xcomargs.py
[2024-05-02T22:34:17.104+0000] {processor.py:830} INFO - Processing file /home/airflow/.local/lib/python3.12/site-packages/airflow/example_dags/example_xcomargs.py for tasks to queue
[2024-05-02T22:34:17.108+0000] {logging_mixin.py:188} INFO - [2024-05-02T22:34:17.107+0000] {dagbag.py:540} INFO - Filling up the DagBag from /home/airflow/.local/lib/python3.12/site-packages/airflow/example_dags/example_xcomargs.py
[2024-05-02T22:34:17.133+0000] {processor.py:840} INFO - DAG(s) 'example_xcom_args', 'example_xcom_args_with_operators' retrieved from /home/airflow/.local/lib/python3.12/site-packages/airflow/example_dags/example_xcomargs.py
[2024-05-02T22:34:17.213+0000] {logging_mixin.py:188} INFO - [2024-05-02T22:34:17.212+0000] {dag.py:3096} INFO - Sync 2 DAGs
[2024-05-02T22:34:17.250+0000] {logging_mixin.py:188} INFO - [2024-05-02T22:34:17.249+0000] {dag.py:3954} INFO - Setting next_dagrun for example_xcom_args to None, run_after=None
[2024-05-02T22:34:17.265+0000] {logging_mixin.py:188} INFO - [2024-05-02T22:34:17.264+0000] {dag.py:3954} INFO - Setting next_dagrun for example_xcom_args_with_operators to None, run_after=None
[2024-05-02T22:34:17.311+0000] {processor.py:183} INFO - Processing /home/airflow/.local/lib/python3.12/site-packages/airflow/example_dags/example_xcomargs.py took 0.223 seconds
[2024-05-02T22:34:47.938+0000] {processor.py:161} INFO - Started process (PID=311) to work on /home/airflow/.local/lib/python3.12/site-packages/airflow/example_dags/example_xcomargs.py
[2024-05-02T22:34:47.941+0000] {processor.py:830} INFO - Processing file /home/airflow/.local/lib/python3.12/site-packages/airflow/example_dags/example_xcomargs.py for tasks to queue
[2024-05-02T22:34:47.946+0000] {logging_mixin.py:188} INFO - [2024-05-02T22:34:47.945+0000] {dagbag.py:540} INFO - Filling up the DagBag from /home/airflow/.local/lib/python3.12/site-packages/airflow/example_dags/example_xcomargs.py
[2024-05-02T22:34:47.973+0000] {processor.py:840} INFO - DAG(s) 'example_xcom_args_with_operators', 'example_xcom_args' retrieved from /home/airflow/.local/lib/python3.12/site-packages/airflow/example_dags/example_xcomargs.py
[2024-05-02T22:34:48.004+0000] {logging_mixin.py:188} INFO - [2024-05-02T22:34:48.004+0000] {dag.py:3096} INFO - Sync 2 DAGs
[2024-05-02T22:34:48.049+0000] {logging_mixin.py:188} INFO - [2024-05-02T22:34:48.048+0000] {dag.py:3954} INFO - Setting next_dagrun for example_xcom_args to None, run_after=None
[2024-05-02T22:34:48.060+0000] {logging_mixin.py:188} INFO - [2024-05-02T22:34:48.060+0000] {dag.py:3954} INFO - Setting next_dagrun for example_xcom_args_with_operators to None, run_after=None
[2024-05-02T22:34:48.121+0000] {processor.py:183} INFO - Processing /home/airflow/.local/lib/python3.12/site-packages/airflow/example_dags/example_xcomargs.py took 0.200 seconds
[2024-05-02T22:35:19.031+0000] {processor.py:161} INFO - Started process (PID=369) to work on /home/airflow/.local/lib/python3.12/site-packages/airflow/example_dags/example_xcomargs.py
[2024-05-02T22:35:19.034+0000] {processor.py:830} INFO - Processing file /home/airflow/.local/lib/python3.12/site-packages/airflow/example_dags/example_xcomargs.py for tasks to queue
[2024-05-02T22:35:19.038+0000] {logging_mixin.py:188} INFO - [2024-05-02T22:35:19.037+0000] {dagbag.py:540} INFO - Filling up the DagBag from /home/airflow/.local/lib/python3.12/site-packages/airflow/example_dags/example_xcomargs.py
[2024-05-02T22:35:19.057+0000] {processor.py:840} INFO - DAG(s) 'example_xcom_args', 'example_xcom_args_with_operators' retrieved from /home/airflow/.local/lib/python3.12/site-packages/airflow/example_dags/example_xcomargs.py
[2024-05-02T22:35:19.361+0000] {logging_mixin.py:188} INFO - [2024-05-02T22:35:19.360+0000] {dag.py:3096} INFO - Sync 2 DAGs
[2024-05-02T22:35:19.389+0000] {logging_mixin.py:188} INFO - [2024-05-02T22:35:19.389+0000] {dag.py:3954} INFO - Setting next_dagrun for example_xcom_args to None, run_after=None
[2024-05-02T22:35:19.397+0000] {logging_mixin.py:188} INFO - [2024-05-02T22:35:19.396+0000] {dag.py:3954} INFO - Setting next_dagrun for example_xcom_args_with_operators to None, run_after=None
[2024-05-02T22:35:19.434+0000] {processor.py:183} INFO - Processing /home/airflow/.local/lib/python3.12/site-packages/airflow/example_dags/example_xcomargs.py took 0.416 seconds
[2024-05-02T22:35:49.950+0000] {processor.py:161} INFO - Started process (PID=427) to work on /home/airflow/.local/lib/python3.12/site-packages/airflow/example_dags/example_xcomargs.py
[2024-05-02T22:35:49.951+0000] {processor.py:830} INFO - Processing file /home/airflow/.local/lib/python3.12/site-packages/airflow/example_dags/example_xcomargs.py for tasks to queue
[2024-05-02T22:35:49.955+0000] {logging_mixin.py:188} INFO - [2024-05-02T22:35:49.955+0000] {dagbag.py:540} INFO - Filling up the DagBag from /home/airflow/.local/lib/python3.12/site-packages/airflow/example_dags/example_xcomargs.py
[2024-05-02T22:35:49.972+0000] {processor.py:840} INFO - DAG(s) 'example_xcom_args', 'example_xcom_args_with_operators' retrieved from /home/airflow/.local/lib/python3.12/site-packages/airflow/example_dags/example_xcomargs.py
[2024-05-02T22:35:50.016+0000] {logging_mixin.py:188} INFO - [2024-05-02T22:35:50.016+0000] {dag.py:3096} INFO - Sync 2 DAGs
[2024-05-02T22:35:50.044+0000] {logging_mixin.py:188} INFO - [2024-05-02T22:35:50.044+0000] {dag.py:3954} INFO - Setting next_dagrun for example_xcom_args to None, run_after=None
[2024-05-02T22:35:50.054+0000] {logging_mixin.py:188} INFO - [2024-05-02T22:35:50.054+0000] {dag.py:3954} INFO - Setting next_dagrun for example_xcom_args_with_operators to None, run_after=None
[2024-05-02T22:35:50.095+0000] {processor.py:183} INFO - Processing /home/airflow/.local/lib/python3.12/site-packages/airflow/example_dags/example_xcomargs.py took 0.154 seconds
[2024-05-02T22:36:25.905+0000] {processor.py:161} INFO - Started process (PID=485) to work on /home/airflow/.local/lib/python3.12/site-packages/airflow/example_dags/example_xcomargs.py
[2024-05-02T22:36:25.913+0000] {processor.py:830} INFO - Processing file /home/airflow/.local/lib/python3.12/site-packages/airflow/example_dags/example_xcomargs.py for tasks to queue
[2024-05-02T22:36:25.928+0000] {logging_mixin.py:188} INFO - [2024-05-02T22:36:25.927+0000] {dagbag.py:540} INFO - Filling up the DagBag from /home/airflow/.local/lib/python3.12/site-packages/airflow/example_dags/example_xcomargs.py
[2024-05-02T22:36:25.984+0000] {processor.py:840} INFO - DAG(s) 'example_xcom_args_with_operators', 'example_xcom_args' retrieved from /home/airflow/.local/lib/python3.12/site-packages/airflow/example_dags/example_xcomargs.py
[2024-05-02T22:36:26.187+0000] {logging_mixin.py:188} INFO - [2024-05-02T22:36:26.186+0000] {dag.py:3096} INFO - Sync 2 DAGs
[2024-05-02T22:36:26.299+0000] {logging_mixin.py:188} INFO - [2024-05-02T22:36:26.298+0000] {dag.py:3954} INFO - Setting next_dagrun for example_xcom_args to None, run_after=None
[2024-05-02T22:36:26.354+0000] {logging_mixin.py:188} INFO - [2024-05-02T22:36:26.354+0000] {dag.py:3954} INFO - Setting next_dagrun for example_xcom_args_with_operators to None, run_after=None
[2024-05-02T22:36:26.568+0000] {processor.py:183} INFO - Processing /home/airflow/.local/lib/python3.12/site-packages/airflow/example_dags/example_xcomargs.py took 0.741 seconds
[2024-05-02T22:37:01.197+0000] {processor.py:161} INFO - Started process (PID=544) to work on /home/airflow/.local/lib/python3.12/site-packages/airflow/example_dags/example_xcomargs.py
[2024-05-02T22:37:01.214+0000] {processor.py:830} INFO - Processing file /home/airflow/.local/lib/python3.12/site-packages/airflow/example_dags/example_xcomargs.py for tasks to queue
[2024-05-02T22:37:01.226+0000] {logging_mixin.py:188} INFO - [2024-05-02T22:37:01.224+0000] {dagbag.py:540} INFO - Filling up the DagBag from /home/airflow/.local/lib/python3.12/site-packages/airflow/example_dags/example_xcomargs.py
[2024-05-02T22:37:01.301+0000] {processor.py:840} INFO - DAG(s) 'example_xcom_args_with_operators', 'example_xcom_args' retrieved from /home/airflow/.local/lib/python3.12/site-packages/airflow/example_dags/example_xcomargs.py
[2024-05-02T22:37:01.606+0000] {logging_mixin.py:188} INFO - [2024-05-02T22:37:01.605+0000] {dag.py:3096} INFO - Sync 2 DAGs
[2024-05-02T22:37:01.850+0000] {logging_mixin.py:188} INFO - [2024-05-02T22:37:01.850+0000] {dag.py:3954} INFO - Setting next_dagrun for example_xcom_args to None, run_after=None
[2024-05-02T22:37:02.005+0000] {logging_mixin.py:188} INFO - [2024-05-02T22:37:01.960+0000] {dag.py:3954} INFO - Setting next_dagrun for example_xcom_args_with_operators to None, run_after=None
[2024-05-02T22:37:02.264+0000] {processor.py:183} INFO - Processing /home/airflow/.local/lib/python3.12/site-packages/airflow/example_dags/example_xcomargs.py took 1.095 seconds
[2024-05-02T22:37:32.618+0000] {processor.py:161} INFO - Started process (PID=610) to work on /home/airflow/.local/lib/python3.12/site-packages/airflow/example_dags/example_xcomargs.py
[2024-05-02T22:37:32.627+0000] {processor.py:830} INFO - Processing file /home/airflow/.local/lib/python3.12/site-packages/airflow/example_dags/example_xcomargs.py for tasks to queue
[2024-05-02T22:37:32.631+0000] {logging_mixin.py:188} INFO - [2024-05-02T22:37:32.630+0000] {dagbag.py:540} INFO - Filling up the DagBag from /home/airflow/.local/lib/python3.12/site-packages/airflow/example_dags/example_xcomargs.py
[2024-05-02T22:37:32.668+0000] {processor.py:840} INFO - DAG(s) 'example_xcom_args', 'example_xcom_args_with_operators' retrieved from /home/airflow/.local/lib/python3.12/site-packages/airflow/example_dags/example_xcomargs.py
[2024-05-02T22:37:32.758+0000] {logging_mixin.py:188} INFO - [2024-05-02T22:37:32.757+0000] {dag.py:3096} INFO - Sync 2 DAGs
[2024-05-02T22:37:32.824+0000] {logging_mixin.py:188} INFO - [2024-05-02T22:37:32.824+0000] {dag.py:3954} INFO - Setting next_dagrun for example_xcom_args to None, run_after=None
[2024-05-02T22:37:32.834+0000] {logging_mixin.py:188} INFO - [2024-05-02T22:37:32.834+0000] {dag.py:3954} INFO - Setting next_dagrun for example_xcom_args_with_operators to None, run_after=None
[2024-05-02T22:37:32.937+0000] {processor.py:183} INFO - Processing /home/airflow/.local/lib/python3.12/site-packages/airflow/example_dags/example_xcomargs.py took 0.347 seconds
[2024-05-02T22:38:03.896+0000] {processor.py:161} INFO - Started process (PID=670) to work on /home/airflow/.local/lib/python3.12/site-packages/airflow/example_dags/example_xcomargs.py
[2024-05-02T22:38:03.899+0000] {processor.py:830} INFO - Processing file /home/airflow/.local/lib/python3.12/site-packages/airflow/example_dags/example_xcomargs.py for tasks to queue
[2024-05-02T22:38:03.903+0000] {logging_mixin.py:188} INFO - [2024-05-02T22:38:03.902+0000] {dagbag.py:540} INFO - Filling up the DagBag from /home/airflow/.local/lib/python3.12/site-packages/airflow/example_dags/example_xcomargs.py
[2024-05-02T22:38:03.956+0000] {processor.py:840} INFO - DAG(s) 'example_xcom_args_with_operators', 'example_xcom_args' retrieved from /home/airflow/.local/lib/python3.12/site-packages/airflow/example_dags/example_xcomargs.py
[2024-05-02T22:38:04.098+0000] {logging_mixin.py:188} INFO - [2024-05-02T22:38:04.097+0000] {dag.py:3096} INFO - Sync 2 DAGs
[2024-05-02T22:38:04.213+0000] {logging_mixin.py:188} INFO - [2024-05-02T22:38:04.213+0000] {dag.py:3954} INFO - Setting next_dagrun for example_xcom_args to None, run_after=None
[2024-05-02T22:38:04.242+0000] {logging_mixin.py:188} INFO - [2024-05-02T22:38:04.242+0000] {dag.py:3954} INFO - Setting next_dagrun for example_xcom_args_with_operators to None, run_after=None
[2024-05-02T22:38:04.336+0000] {processor.py:183} INFO - Processing /home/airflow/.local/lib/python3.12/site-packages/airflow/example_dags/example_xcomargs.py took 0.464 seconds
[2024-05-02T22:38:36.160+0000] {processor.py:161} INFO - Started process (PID=729) to work on /home/airflow/.local/lib/python3.12/site-packages/airflow/example_dags/example_xcomargs.py
[2024-05-02T22:38:36.162+0000] {processor.py:830} INFO - Processing file /home/airflow/.local/lib/python3.12/site-packages/airflow/example_dags/example_xcomargs.py for tasks to queue
[2024-05-02T22:38:36.167+0000] {logging_mixin.py:188} INFO - [2024-05-02T22:38:36.165+0000] {dagbag.py:540} INFO - Filling up the DagBag from /home/airflow/.local/lib/python3.12/site-packages/airflow/example_dags/example_xcomargs.py
[2024-05-02T22:38:36.198+0000] {processor.py:840} INFO - DAG(s) 'example_xcom_args', 'example_xcom_args_with_operators' retrieved from /home/airflow/.local/lib/python3.12/site-packages/airflow/example_dags/example_xcomargs.py
[2024-05-02T22:38:36.285+0000] {logging_mixin.py:188} INFO - [2024-05-02T22:38:36.284+0000] {dag.py:3096} INFO - Sync 2 DAGs
[2024-05-02T22:38:36.324+0000] {logging_mixin.py:188} INFO - [2024-05-02T22:38:36.323+0000] {dag.py:3954} INFO - Setting next_dagrun for example_xcom_args to None, run_after=None
[2024-05-02T22:38:36.348+0000] {logging_mixin.py:188} INFO - [2024-05-02T22:38:36.348+0000] {dag.py:3954} INFO - Setting next_dagrun for example_xcom_args_with_operators to None, run_after=None
[2024-05-02T22:38:36.455+0000] {processor.py:183} INFO - Processing /home/airflow/.local/lib/python3.12/site-packages/airflow/example_dags/example_xcomargs.py took 0.307 seconds
[2024-05-02T22:39:17.935+0000] {processor.py:161} INFO - Started process (PID=787) to work on /home/airflow/.local/lib/python3.12/site-packages/airflow/example_dags/example_xcomargs.py
[2024-05-02T22:39:17.939+0000] {processor.py:830} INFO - Processing file /home/airflow/.local/lib/python3.12/site-packages/airflow/example_dags/example_xcomargs.py for tasks to queue
[2024-05-02T22:39:17.951+0000] {logging_mixin.py:188} INFO - [2024-05-02T22:39:17.950+0000] {dagbag.py:540} INFO - Filling up the DagBag from /home/airflow/.local/lib/python3.12/site-packages/airflow/example_dags/example_xcomargs.py
[2024-05-02T22:39:17.981+0000] {processor.py:840} INFO - DAG(s) 'example_xcom_args_with_operators', 'example_xcom_args' retrieved from /home/airflow/.local/lib/python3.12/site-packages/airflow/example_dags/example_xcomargs.py
[2024-05-02T22:39:18.092+0000] {logging_mixin.py:188} INFO - [2024-05-02T22:39:18.091+0000] {dag.py:3096} INFO - Sync 2 DAGs
[2024-05-02T22:39:18.148+0000] {logging_mixin.py:188} INFO - [2024-05-02T22:39:18.147+0000] {dag.py:3954} INFO - Setting next_dagrun for example_xcom_args to None, run_after=None
[2024-05-02T22:39:18.172+0000] {logging_mixin.py:188} INFO - [2024-05-02T22:39:18.171+0000] {dag.py:3954} INFO - Setting next_dagrun for example_xcom_args_with_operators to None, run_after=None
[2024-05-02T22:39:18.272+0000] {processor.py:183} INFO - Processing /home/airflow/.local/lib/python3.12/site-packages/airflow/example_dags/example_xcomargs.py took 0.377 seconds
[2024-05-02T22:40:04.430+0000] {processor.py:161} INFO - Started process (PID=855) to work on /home/airflow/.local/lib/python3.12/site-packages/airflow/example_dags/example_xcomargs.py
[2024-05-02T22:40:04.432+0000] {processor.py:830} INFO - Processing file /home/airflow/.local/lib/python3.12/site-packages/airflow/example_dags/example_xcomargs.py for tasks to queue
[2024-05-02T22:40:04.434+0000] {logging_mixin.py:188} INFO - [2024-05-02T22:40:04.434+0000] {dagbag.py:540} INFO - Filling up the DagBag from /home/airflow/.local/lib/python3.12/site-packages/airflow/example_dags/example_xcomargs.py
[2024-05-02T22:40:04.451+0000] {processor.py:840} INFO - DAG(s) 'example_xcom_args', 'example_xcom_args_with_operators' retrieved from /home/airflow/.local/lib/python3.12/site-packages/airflow/example_dags/example_xcomargs.py
[2024-05-02T22:40:04.926+0000] {logging_mixin.py:188} INFO - [2024-05-02T22:40:04.925+0000] {dag.py:3096} INFO - Sync 2 DAGs
[2024-05-02T22:40:04.948+0000] {logging_mixin.py:188} INFO - [2024-05-02T22:40:04.947+0000] {dag.py:3954} INFO - Setting next_dagrun for example_xcom_args to None, run_after=None
[2024-05-02T22:40:04.954+0000] {logging_mixin.py:188} INFO - [2024-05-02T22:40:04.954+0000] {dag.py:3954} INFO - Setting next_dagrun for example_xcom_args_with_operators to None, run_after=None
[2024-05-02T22:40:04.992+0000] {processor.py:183} INFO - Processing /home/airflow/.local/lib/python3.12/site-packages/airflow/example_dags/example_xcomargs.py took 0.576 seconds
[2024-05-02T22:40:35.494+0000] {processor.py:161} INFO - Started process (PID=914) to work on /home/airflow/.local/lib/python3.12/site-packages/airflow/example_dags/example_xcomargs.py
[2024-05-02T22:40:35.496+0000] {processor.py:830} INFO - Processing file /home/airflow/.local/lib/python3.12/site-packages/airflow/example_dags/example_xcomargs.py for tasks to queue
[2024-05-02T22:40:35.501+0000] {logging_mixin.py:188} INFO - [2024-05-02T22:40:35.500+0000] {dagbag.py:540} INFO - Filling up the DagBag from /home/airflow/.local/lib/python3.12/site-packages/airflow/example_dags/example_xcomargs.py
[2024-05-02T22:40:35.524+0000] {processor.py:840} INFO - DAG(s) 'example_xcom_args_with_operators', 'example_xcom_args' retrieved from /home/airflow/.local/lib/python3.12/site-packages/airflow/example_dags/example_xcomargs.py
[2024-05-02T22:40:35.958+0000] {logging_mixin.py:188} INFO - [2024-05-02T22:40:35.957+0000] {dag.py:3096} INFO - Sync 2 DAGs
[2024-05-02T22:40:35.986+0000] {logging_mixin.py:188} INFO - [2024-05-02T22:40:35.986+0000] {dag.py:3954} INFO - Setting next_dagrun for example_xcom_args to None, run_after=None
[2024-05-02T22:40:35.995+0000] {logging_mixin.py:188} INFO - [2024-05-02T22:40:35.994+0000] {dag.py:3954} INFO - Setting next_dagrun for example_xcom_args_with_operators to None, run_after=None
[2024-05-02T22:40:36.028+0000] {processor.py:183} INFO - Processing /home/airflow/.local/lib/python3.12/site-packages/airflow/example_dags/example_xcomargs.py took 0.546 seconds
[2024-05-02T22:41:07.117+0000] {processor.py:161} INFO - Started process (PID=973) to work on /home/airflow/.local/lib/python3.12/site-packages/airflow/example_dags/example_xcomargs.py
[2024-05-02T22:41:07.119+0000] {processor.py:830} INFO - Processing file /home/airflow/.local/lib/python3.12/site-packages/airflow/example_dags/example_xcomargs.py for tasks to queue
[2024-05-02T22:41:07.124+0000] {logging_mixin.py:188} INFO - [2024-05-02T22:41:07.123+0000] {dagbag.py:540} INFO - Filling up the DagBag from /home/airflow/.local/lib/python3.12/site-packages/airflow/example_dags/example_xcomargs.py
[2024-05-02T22:41:07.145+0000] {processor.py:840} INFO - DAG(s) 'example_xcom_args', 'example_xcom_args_with_operators' retrieved from /home/airflow/.local/lib/python3.12/site-packages/airflow/example_dags/example_xcomargs.py
[2024-05-02T22:41:07.212+0000] {logging_mixin.py:188} INFO - [2024-05-02T22:41:07.207+0000] {dag.py:3096} INFO - Sync 2 DAGs
[2024-05-02T22:41:07.256+0000] {logging_mixin.py:188} INFO - [2024-05-02T22:41:07.256+0000] {dag.py:3954} INFO - Setting next_dagrun for example_xcom_args to None, run_after=None
[2024-05-02T22:41:07.268+0000] {logging_mixin.py:188} INFO - [2024-05-02T22:41:07.267+0000] {dag.py:3954} INFO - Setting next_dagrun for example_xcom_args_with_operators to None, run_after=None
[2024-05-02T22:41:07.550+0000] {processor.py:183} INFO - Processing /home/airflow/.local/lib/python3.12/site-packages/airflow/example_dags/example_xcomargs.py took 0.444 seconds
[2024-05-02T22:41:38.206+0000] {processor.py:161} INFO - Started process (PID=1032) to work on /home/airflow/.local/lib/python3.12/site-packages/airflow/example_dags/example_xcomargs.py
[2024-05-02T22:41:38.209+0000] {processor.py:830} INFO - Processing file /home/airflow/.local/lib/python3.12/site-packages/airflow/example_dags/example_xcomargs.py for tasks to queue
[2024-05-02T22:41:38.215+0000] {logging_mixin.py:188} INFO - [2024-05-02T22:41:38.214+0000] {dagbag.py:540} INFO - Filling up the DagBag from /home/airflow/.local/lib/python3.12/site-packages/airflow/example_dags/example_xcomargs.py
[2024-05-02T22:41:38.243+0000] {processor.py:840} INFO - DAG(s) 'example_xcom_args', 'example_xcom_args_with_operators' retrieved from /home/airflow/.local/lib/python3.12/site-packages/airflow/example_dags/example_xcomargs.py
[2024-05-02T22:41:38.322+0000] {logging_mixin.py:188} INFO - [2024-05-02T22:41:38.321+0000] {dag.py:3096} INFO - Sync 2 DAGs
[2024-05-02T22:41:38.373+0000] {logging_mixin.py:188} INFO - [2024-05-02T22:41:38.372+0000] {dag.py:3954} INFO - Setting next_dagrun for example_xcom_args to None, run_after=None
[2024-05-02T22:41:38.398+0000] {logging_mixin.py:188} INFO - [2024-05-02T22:41:38.398+0000] {dag.py:3954} INFO - Setting next_dagrun for example_xcom_args_with_operators to None, run_after=None
[2024-05-02T22:41:38.444+0000] {processor.py:183} INFO - Processing /home/airflow/.local/lib/python3.12/site-packages/airflow/example_dags/example_xcomargs.py took 0.258 seconds
[2024-05-02T22:42:08.787+0000] {processor.py:161} INFO - Started process (PID=1091) to work on /home/airflow/.local/lib/python3.12/site-packages/airflow/example_dags/example_xcomargs.py
[2024-05-02T22:42:08.789+0000] {processor.py:830} INFO - Processing file /home/airflow/.local/lib/python3.12/site-packages/airflow/example_dags/example_xcomargs.py for tasks to queue
[2024-05-02T22:42:08.794+0000] {logging_mixin.py:188} INFO - [2024-05-02T22:42:08.793+0000] {dagbag.py:540} INFO - Filling up the DagBag from /home/airflow/.local/lib/python3.12/site-packages/airflow/example_dags/example_xcomargs.py
[2024-05-02T22:42:08.821+0000] {processor.py:840} INFO - DAG(s) 'example_xcom_args_with_operators', 'example_xcom_args' retrieved from /home/airflow/.local/lib/python3.12/site-packages/airflow/example_dags/example_xcomargs.py
[2024-05-02T22:42:08.903+0000] {logging_mixin.py:188} INFO - [2024-05-02T22:42:08.903+0000] {dag.py:3096} INFO - Sync 2 DAGs
[2024-05-02T22:42:08.943+0000] {logging_mixin.py:188} INFO - [2024-05-02T22:42:08.942+0000] {dag.py:3954} INFO - Setting next_dagrun for example_xcom_args to None, run_after=None
[2024-05-02T22:42:08.955+0000] {logging_mixin.py:188} INFO - [2024-05-02T22:42:08.954+0000] {dag.py:3954} INFO - Setting next_dagrun for example_xcom_args_with_operators to None, run_after=None
[2024-05-02T22:42:09.010+0000] {processor.py:183} INFO - Processing /home/airflow/.local/lib/python3.12/site-packages/airflow/example_dags/example_xcomargs.py took 0.242 seconds
[2024-05-02T22:42:39.978+0000] {processor.py:161} INFO - Started process (PID=1150) to work on /home/airflow/.local/lib/python3.12/site-packages/airflow/example_dags/example_xcomargs.py
[2024-05-02T22:42:39.982+0000] {processor.py:830} INFO - Processing file /home/airflow/.local/lib/python3.12/site-packages/airflow/example_dags/example_xcomargs.py for tasks to queue
[2024-05-02T22:42:39.986+0000] {logging_mixin.py:188} INFO - [2024-05-02T22:42:39.985+0000] {dagbag.py:540} INFO - Filling up the DagBag from /home/airflow/.local/lib/python3.12/site-packages/airflow/example_dags/example_xcomargs.py
[2024-05-02T22:42:40.014+0000] {processor.py:840} INFO - DAG(s) 'example_xcom_args', 'example_xcom_args_with_operators' retrieved from /home/airflow/.local/lib/python3.12/site-packages/airflow/example_dags/example_xcomargs.py
[2024-05-02T22:42:40.090+0000] {logging_mixin.py:188} INFO - [2024-05-02T22:42:40.089+0000] {dag.py:3096} INFO - Sync 2 DAGs
[2024-05-02T22:42:40.143+0000] {logging_mixin.py:188} INFO - [2024-05-02T22:42:40.143+0000] {dag.py:3954} INFO - Setting next_dagrun for example_xcom_args to None, run_after=None
[2024-05-02T22:42:40.158+0000] {logging_mixin.py:188} INFO - [2024-05-02T22:42:40.157+0000] {dag.py:3954} INFO - Setting next_dagrun for example_xcom_args_with_operators to None, run_after=None
[2024-05-02T22:42:40.267+0000] {processor.py:183} INFO - Processing /home/airflow/.local/lib/python3.12/site-packages/airflow/example_dags/example_xcomargs.py took 0.303 seconds
[2024-05-02T22:43:10.512+0000] {processor.py:161} INFO - Started process (PID=1209) to work on /home/airflow/.local/lib/python3.12/site-packages/airflow/example_dags/example_xcomargs.py
[2024-05-02T22:43:10.514+0000] {processor.py:830} INFO - Processing file /home/airflow/.local/lib/python3.12/site-packages/airflow/example_dags/example_xcomargs.py for tasks to queue
[2024-05-02T22:43:10.518+0000] {logging_mixin.py:188} INFO - [2024-05-02T22:43:10.517+0000] {dagbag.py:540} INFO - Filling up the DagBag from /home/airflow/.local/lib/python3.12/site-packages/airflow/example_dags/example_xcomargs.py
[2024-05-02T22:43:10.537+0000] {processor.py:840} INFO - DAG(s) 'example_xcom_args_with_operators', 'example_xcom_args' retrieved from /home/airflow/.local/lib/python3.12/site-packages/airflow/example_dags/example_xcomargs.py
[2024-05-02T22:43:10.602+0000] {logging_mixin.py:188} INFO - [2024-05-02T22:43:10.601+0000] {dag.py:3096} INFO - Sync 2 DAGs
[2024-05-02T22:43:10.632+0000] {logging_mixin.py:188} INFO - [2024-05-02T22:43:10.632+0000] {dag.py:3954} INFO - Setting next_dagrun for example_xcom_args to None, run_after=None
[2024-05-02T22:43:10.641+0000] {logging_mixin.py:188} INFO - [2024-05-02T22:43:10.640+0000] {dag.py:3954} INFO - Setting next_dagrun for example_xcom_args_with_operators to None, run_after=None
[2024-05-02T22:43:10.687+0000] {processor.py:183} INFO - Processing /home/airflow/.local/lib/python3.12/site-packages/airflow/example_dags/example_xcomargs.py took 0.190 seconds
[2024-05-02T22:43:41.281+0000] {processor.py:161} INFO - Started process (PID=1268) to work on /home/airflow/.local/lib/python3.12/site-packages/airflow/example_dags/example_xcomargs.py
[2024-05-02T22:43:41.295+0000] {processor.py:830} INFO - Processing file /home/airflow/.local/lib/python3.12/site-packages/airflow/example_dags/example_xcomargs.py for tasks to queue
[2024-05-02T22:43:41.322+0000] {logging_mixin.py:188} INFO - [2024-05-02T22:43:41.321+0000] {dagbag.py:540} INFO - Filling up the DagBag from /home/airflow/.local/lib/python3.12/site-packages/airflow/example_dags/example_xcomargs.py
[2024-05-02T22:43:41.397+0000] {processor.py:840} INFO - DAG(s) 'example_xcom_args', 'example_xcom_args_with_operators' retrieved from /home/airflow/.local/lib/python3.12/site-packages/airflow/example_dags/example_xcomargs.py
[2024-05-02T22:43:41.535+0000] {logging_mixin.py:188} INFO - [2024-05-02T22:43:41.535+0000] {dag.py:3096} INFO - Sync 2 DAGs
[2024-05-02T22:43:41.608+0000] {logging_mixin.py:188} INFO - [2024-05-02T22:43:41.607+0000] {dag.py:3954} INFO - Setting next_dagrun for example_xcom_args to None, run_after=None
[2024-05-02T22:43:41.622+0000] {logging_mixin.py:188} INFO - [2024-05-02T22:43:41.622+0000] {dag.py:3954} INFO - Setting next_dagrun for example_xcom_args_with_operators to None, run_after=None
[2024-05-02T22:43:41.679+0000] {processor.py:183} INFO - Processing /home/airflow/.local/lib/python3.12/site-packages/airflow/example_dags/example_xcomargs.py took 0.435 seconds
[2024-05-02T22:44:12.327+0000] {processor.py:161} INFO - Started process (PID=1327) to work on /home/airflow/.local/lib/python3.12/site-packages/airflow/example_dags/example_xcomargs.py
[2024-05-02T22:44:12.329+0000] {processor.py:830} INFO - Processing file /home/airflow/.local/lib/python3.12/site-packages/airflow/example_dags/example_xcomargs.py for tasks to queue
[2024-05-02T22:44:12.339+0000] {logging_mixin.py:188} INFO - [2024-05-02T22:44:12.339+0000] {dagbag.py:540} INFO - Filling up the DagBag from /home/airflow/.local/lib/python3.12/site-packages/airflow/example_dags/example_xcomargs.py
[2024-05-02T22:44:12.366+0000] {processor.py:840} INFO - DAG(s) 'example_xcom_args', 'example_xcom_args_with_operators' retrieved from /home/airflow/.local/lib/python3.12/site-packages/airflow/example_dags/example_xcomargs.py
[2024-05-02T22:44:12.448+0000] {logging_mixin.py:188} INFO - [2024-05-02T22:44:12.448+0000] {dag.py:3096} INFO - Sync 2 DAGs
[2024-05-02T22:44:12.496+0000] {logging_mixin.py:188} INFO - [2024-05-02T22:44:12.495+0000] {dag.py:3954} INFO - Setting next_dagrun for example_xcom_args to None, run_after=None
[2024-05-02T22:44:12.510+0000] {logging_mixin.py:188} INFO - [2024-05-02T22:44:12.510+0000] {dag.py:3954} INFO - Setting next_dagrun for example_xcom_args_with_operators to None, run_after=None
[2024-05-02T22:44:12.571+0000] {processor.py:183} INFO - Processing /home/airflow/.local/lib/python3.12/site-packages/airflow/example_dags/example_xcomargs.py took 0.261 seconds
[2024-05-02T22:44:43.475+0000] {processor.py:161} INFO - Started process (PID=1386) to work on /home/airflow/.local/lib/python3.12/site-packages/airflow/example_dags/example_xcomargs.py
[2024-05-02T22:44:43.477+0000] {processor.py:830} INFO - Processing file /home/airflow/.local/lib/python3.12/site-packages/airflow/example_dags/example_xcomargs.py for tasks to queue
[2024-05-02T22:44:43.481+0000] {logging_mixin.py:188} INFO - [2024-05-02T22:44:43.481+0000] {dagbag.py:540} INFO - Filling up the DagBag from /home/airflow/.local/lib/python3.12/site-packages/airflow/example_dags/example_xcomargs.py
[2024-05-02T22:44:43.499+0000] {processor.py:840} INFO - DAG(s) 'example_xcom_args', 'example_xcom_args_with_operators' retrieved from /home/airflow/.local/lib/python3.12/site-packages/airflow/example_dags/example_xcomargs.py
[2024-05-02T22:44:43.564+0000] {logging_mixin.py:188} INFO - [2024-05-02T22:44:43.563+0000] {dag.py:3096} INFO - Sync 2 DAGs
[2024-05-02T22:44:43.593+0000] {logging_mixin.py:188} INFO - [2024-05-02T22:44:43.593+0000] {dag.py:3954} INFO - Setting next_dagrun for example_xcom_args to None, run_after=None
[2024-05-02T22:44:43.603+0000] {logging_mixin.py:188} INFO - [2024-05-02T22:44:43.603+0000] {dag.py:3954} INFO - Setting next_dagrun for example_xcom_args_with_operators to None, run_after=None
[2024-05-02T22:44:43.645+0000] {processor.py:183} INFO - Processing /home/airflow/.local/lib/python3.12/site-packages/airflow/example_dags/example_xcomargs.py took 0.186 seconds
[2024-05-02T22:45:13.921+0000] {processor.py:161} INFO - Started process (PID=1445) to work on /home/airflow/.local/lib/python3.12/site-packages/airflow/example_dags/example_xcomargs.py
[2024-05-02T22:45:13.923+0000] {processor.py:830} INFO - Processing file /home/airflow/.local/lib/python3.12/site-packages/airflow/example_dags/example_xcomargs.py for tasks to queue
[2024-05-02T22:45:13.926+0000] {logging_mixin.py:188} INFO - [2024-05-02T22:45:13.925+0000] {dagbag.py:540} INFO - Filling up the DagBag from /home/airflow/.local/lib/python3.12/site-packages/airflow/example_dags/example_xcomargs.py
[2024-05-02T22:45:13.943+0000] {processor.py:840} INFO - DAG(s) 'example_xcom_args', 'example_xcom_args_with_operators' retrieved from /home/airflow/.local/lib/python3.12/site-packages/airflow/example_dags/example_xcomargs.py
[2024-05-02T22:45:13.992+0000] {logging_mixin.py:188} INFO - [2024-05-02T22:45:13.992+0000] {dag.py:3096} INFO - Sync 2 DAGs
[2024-05-02T22:45:14.026+0000] {logging_mixin.py:188} INFO - [2024-05-02T22:45:14.025+0000] {dag.py:3954} INFO - Setting next_dagrun for example_xcom_args to None, run_after=None
[2024-05-02T22:45:14.034+0000] {logging_mixin.py:188} INFO - [2024-05-02T22:45:14.033+0000] {dag.py:3954} INFO - Setting next_dagrun for example_xcom_args_with_operators to None, run_after=None
[2024-05-02T22:45:14.070+0000] {processor.py:183} INFO - Processing /home/airflow/.local/lib/python3.12/site-packages/airflow/example_dags/example_xcomargs.py took 0.160 seconds
[2024-05-02T22:45:44.243+0000] {processor.py:161} INFO - Started process (PID=1503) to work on /home/airflow/.local/lib/python3.12/site-packages/airflow/example_dags/example_xcomargs.py
[2024-05-02T22:45:44.245+0000] {processor.py:830} INFO - Processing file /home/airflow/.local/lib/python3.12/site-packages/airflow/example_dags/example_xcomargs.py for tasks to queue
[2024-05-02T22:45:44.248+0000] {logging_mixin.py:188} INFO - [2024-05-02T22:45:44.247+0000] {dagbag.py:540} INFO - Filling up the DagBag from /home/airflow/.local/lib/python3.12/site-packages/airflow/example_dags/example_xcomargs.py
[2024-05-02T22:45:44.262+0000] {processor.py:840} INFO - DAG(s) 'example_xcom_args', 'example_xcom_args_with_operators' retrieved from /home/airflow/.local/lib/python3.12/site-packages/airflow/example_dags/example_xcomargs.py
[2024-05-02T22:45:44.304+0000] {logging_mixin.py:188} INFO - [2024-05-02T22:45:44.304+0000] {dag.py:3096} INFO - Sync 2 DAGs
[2024-05-02T22:45:44.328+0000] {logging_mixin.py:188} INFO - [2024-05-02T22:45:44.328+0000] {dag.py:3954} INFO - Setting next_dagrun for example_xcom_args to None, run_after=None
[2024-05-02T22:45:44.336+0000] {logging_mixin.py:188} INFO - [2024-05-02T22:45:44.335+0000] {dag.py:3954} INFO - Setting next_dagrun for example_xcom_args_with_operators to None, run_after=None
[2024-05-02T22:45:44.368+0000] {processor.py:183} INFO - Processing /home/airflow/.local/lib/python3.12/site-packages/airflow/example_dags/example_xcomargs.py took 0.134 seconds
[2024-05-02T22:46:14.952+0000] {processor.py:161} INFO - Started process (PID=1562) to work on /home/airflow/.local/lib/python3.12/site-packages/airflow/example_dags/example_xcomargs.py
[2024-05-02T22:46:14.954+0000] {processor.py:830} INFO - Processing file /home/airflow/.local/lib/python3.12/site-packages/airflow/example_dags/example_xcomargs.py for tasks to queue
[2024-05-02T22:46:14.959+0000] {logging_mixin.py:188} INFO - [2024-05-02T22:46:14.957+0000] {dagbag.py:540} INFO - Filling up the DagBag from /home/airflow/.local/lib/python3.12/site-packages/airflow/example_dags/example_xcomargs.py
[2024-05-02T22:46:14.979+0000] {processor.py:840} INFO - DAG(s) 'example_xcom_args_with_operators', 'example_xcom_args' retrieved from /home/airflow/.local/lib/python3.12/site-packages/airflow/example_dags/example_xcomargs.py
[2024-05-02T22:46:15.030+0000] {logging_mixin.py:188} INFO - [2024-05-02T22:46:15.029+0000] {dag.py:3096} INFO - Sync 2 DAGs
[2024-05-02T22:46:15.065+0000] {logging_mixin.py:188} INFO - [2024-05-02T22:46:15.064+0000] {dag.py:3954} INFO - Setting next_dagrun for example_xcom_args to None, run_after=None
[2024-05-02T22:46:15.076+0000] {logging_mixin.py:188} INFO - [2024-05-02T22:46:15.076+0000] {dag.py:3954} INFO - Setting next_dagrun for example_xcom_args_with_operators to None, run_after=None
[2024-05-02T22:46:15.119+0000] {processor.py:183} INFO - Processing /home/airflow/.local/lib/python3.12/site-packages/airflow/example_dags/example_xcomargs.py took 0.180 seconds
[2024-05-02T22:46:45.449+0000] {processor.py:161} INFO - Started process (PID=1622) to work on /home/airflow/.local/lib/python3.12/site-packages/airflow/example_dags/example_xcomargs.py
[2024-05-02T22:46:45.452+0000] {processor.py:830} INFO - Processing file /home/airflow/.local/lib/python3.12/site-packages/airflow/example_dags/example_xcomargs.py for tasks to queue
[2024-05-02T22:46:45.465+0000] {logging_mixin.py:188} INFO - [2024-05-02T22:46:45.464+0000] {dagbag.py:540} INFO - Filling up the DagBag from /home/airflow/.local/lib/python3.12/site-packages/airflow/example_dags/example_xcomargs.py
[2024-05-02T22:46:45.504+0000] {processor.py:840} INFO - DAG(s) 'example_xcom_args_with_operators', 'example_xcom_args' retrieved from /home/airflow/.local/lib/python3.12/site-packages/airflow/example_dags/example_xcomargs.py
[2024-05-02T22:46:45.759+0000] {logging_mixin.py:188} INFO - [2024-05-02T22:46:45.758+0000] {dag.py:3096} INFO - Sync 2 DAGs
[2024-05-02T22:46:45.811+0000] {logging_mixin.py:188} INFO - [2024-05-02T22:46:45.810+0000] {dag.py:3954} INFO - Setting next_dagrun for example_xcom_args to None, run_after=None
[2024-05-02T22:46:45.827+0000] {logging_mixin.py:188} INFO - [2024-05-02T22:46:45.827+0000] {dag.py:3954} INFO - Setting next_dagrun for example_xcom_args_with_operators to None, run_after=None
[2024-05-02T22:46:45.922+0000] {processor.py:183} INFO - Processing /home/airflow/.local/lib/python3.12/site-packages/airflow/example_dags/example_xcomargs.py took 0.492 seconds
[2024-05-02T22:47:16.323+0000] {processor.py:161} INFO - Started process (PID=1681) to work on /home/airflow/.local/lib/python3.12/site-packages/airflow/example_dags/example_xcomargs.py
[2024-05-02T22:47:16.326+0000] {processor.py:830} INFO - Processing file /home/airflow/.local/lib/python3.12/site-packages/airflow/example_dags/example_xcomargs.py for tasks to queue
[2024-05-02T22:47:16.332+0000] {logging_mixin.py:188} INFO - [2024-05-02T22:47:16.331+0000] {dagbag.py:540} INFO - Filling up the DagBag from /home/airflow/.local/lib/python3.12/site-packages/airflow/example_dags/example_xcomargs.py
[2024-05-02T22:47:16.364+0000] {processor.py:840} INFO - DAG(s) 'example_xcom_args_with_operators', 'example_xcom_args' retrieved from /home/airflow/.local/lib/python3.12/site-packages/airflow/example_dags/example_xcomargs.py
[2024-05-02T22:47:16.485+0000] {logging_mixin.py:188} INFO - [2024-05-02T22:47:16.483+0000] {dag.py:3096} INFO - Sync 2 DAGs
[2024-05-02T22:47:16.529+0000] {logging_mixin.py:188} INFO - [2024-05-02T22:47:16.528+0000] {dag.py:3954} INFO - Setting next_dagrun for example_xcom_args to None, run_after=None
[2024-05-02T22:47:16.541+0000] {logging_mixin.py:188} INFO - [2024-05-02T22:47:16.541+0000] {dag.py:3954} INFO - Setting next_dagrun for example_xcom_args_with_operators to None, run_after=None
[2024-05-02T22:47:16.599+0000] {processor.py:183} INFO - Processing /home/airflow/.local/lib/python3.12/site-packages/airflow/example_dags/example_xcomargs.py took 0.293 seconds
[2024-05-02T22:47:47.045+0000] {processor.py:161} INFO - Started process (PID=1740) to work on /home/airflow/.local/lib/python3.12/site-packages/airflow/example_dags/example_xcomargs.py
[2024-05-02T22:47:47.047+0000] {processor.py:830} INFO - Processing file /home/airflow/.local/lib/python3.12/site-packages/airflow/example_dags/example_xcomargs.py for tasks to queue
[2024-05-02T22:47:47.050+0000] {logging_mixin.py:188} INFO - [2024-05-02T22:47:47.050+0000] {dagbag.py:540} INFO - Filling up the DagBag from /home/airflow/.local/lib/python3.12/site-packages/airflow/example_dags/example_xcomargs.py
[2024-05-02T22:47:47.070+0000] {processor.py:840} INFO - DAG(s) 'example_xcom_args_with_operators', 'example_xcom_args' retrieved from /home/airflow/.local/lib/python3.12/site-packages/airflow/example_dags/example_xcomargs.py
[2024-05-02T22:47:47.119+0000] {logging_mixin.py:188} INFO - [2024-05-02T22:47:47.118+0000] {dag.py:3096} INFO - Sync 2 DAGs
[2024-05-02T22:47:47.148+0000] {logging_mixin.py:188} INFO - [2024-05-02T22:47:47.147+0000] {dag.py:3954} INFO - Setting next_dagrun for example_xcom_args to None, run_after=None
[2024-05-02T22:47:47.157+0000] {logging_mixin.py:188} INFO - [2024-05-02T22:47:47.156+0000] {dag.py:3954} INFO - Setting next_dagrun for example_xcom_args_with_operators to None, run_after=None
[2024-05-02T22:47:47.209+0000] {processor.py:183} INFO - Processing /home/airflow/.local/lib/python3.12/site-packages/airflow/example_dags/example_xcomargs.py took 0.177 seconds
[2024-05-02T22:48:18.128+0000] {processor.py:161} INFO - Started process (PID=1800) to work on /home/airflow/.local/lib/python3.12/site-packages/airflow/example_dags/example_xcomargs.py
[2024-05-02T22:48:18.130+0000] {processor.py:830} INFO - Processing file /home/airflow/.local/lib/python3.12/site-packages/airflow/example_dags/example_xcomargs.py for tasks to queue
[2024-05-02T22:48:18.135+0000] {logging_mixin.py:188} INFO - [2024-05-02T22:48:18.134+0000] {dagbag.py:540} INFO - Filling up the DagBag from /home/airflow/.local/lib/python3.12/site-packages/airflow/example_dags/example_xcomargs.py
[2024-05-02T22:48:18.159+0000] {processor.py:840} INFO - DAG(s) 'example_xcom_args', 'example_xcom_args_with_operators' retrieved from /home/airflow/.local/lib/python3.12/site-packages/airflow/example_dags/example_xcomargs.py
[2024-05-02T22:48:18.225+0000] {logging_mixin.py:188} INFO - [2024-05-02T22:48:18.225+0000] {dag.py:3096} INFO - Sync 2 DAGs
[2024-05-02T22:48:18.263+0000] {logging_mixin.py:188} INFO - [2024-05-02T22:48:18.262+0000] {dag.py:3954} INFO - Setting next_dagrun for example_xcom_args to None, run_after=None
[2024-05-02T22:48:18.273+0000] {logging_mixin.py:188} INFO - [2024-05-02T22:48:18.273+0000] {dag.py:3954} INFO - Setting next_dagrun for example_xcom_args_with_operators to None, run_after=None
[2024-05-02T22:48:18.319+0000] {processor.py:183} INFO - Processing /home/airflow/.local/lib/python3.12/site-packages/airflow/example_dags/example_xcomargs.py took 0.202 seconds
[2024-05-02T22:48:48.603+0000] {processor.py:161} INFO - Started process (PID=1859) to work on /home/airflow/.local/lib/python3.12/site-packages/airflow/example_dags/example_xcomargs.py
[2024-05-02T22:48:48.605+0000] {processor.py:830} INFO - Processing file /home/airflow/.local/lib/python3.12/site-packages/airflow/example_dags/example_xcomargs.py for tasks to queue
[2024-05-02T22:48:48.610+0000] {logging_mixin.py:188} INFO - [2024-05-02T22:48:48.609+0000] {dagbag.py:540} INFO - Filling up the DagBag from /home/airflow/.local/lib/python3.12/site-packages/airflow/example_dags/example_xcomargs.py
[2024-05-02T22:48:48.634+0000] {processor.py:840} INFO - DAG(s) 'example_xcom_args', 'example_xcom_args_with_operators' retrieved from /home/airflow/.local/lib/python3.12/site-packages/airflow/example_dags/example_xcomargs.py
[2024-05-02T22:48:48.764+0000] {logging_mixin.py:188} INFO - [2024-05-02T22:48:48.763+0000] {dag.py:3096} INFO - Sync 2 DAGs
[2024-05-02T22:48:48.827+0000] {logging_mixin.py:188} INFO - [2024-05-02T22:48:48.827+0000] {dag.py:3954} INFO - Setting next_dagrun for example_xcom_args to None, run_after=None
[2024-05-02T22:48:48.844+0000] {logging_mixin.py:188} INFO - [2024-05-02T22:48:48.843+0000] {dag.py:3954} INFO - Setting next_dagrun for example_xcom_args_with_operators to None, run_after=None
[2024-05-02T22:48:48.905+0000] {processor.py:183} INFO - Processing /home/airflow/.local/lib/python3.12/site-packages/airflow/example_dags/example_xcomargs.py took 0.317 seconds
[2024-05-02T22:49:19.654+0000] {processor.py:161} INFO - Started process (PID=1918) to work on /home/airflow/.local/lib/python3.12/site-packages/airflow/example_dags/example_xcomargs.py
[2024-05-02T22:49:19.656+0000] {processor.py:830} INFO - Processing file /home/airflow/.local/lib/python3.12/site-packages/airflow/example_dags/example_xcomargs.py for tasks to queue
[2024-05-02T22:49:19.660+0000] {logging_mixin.py:188} INFO - [2024-05-02T22:49:19.659+0000] {dagbag.py:540} INFO - Filling up the DagBag from /home/airflow/.local/lib/python3.12/site-packages/airflow/example_dags/example_xcomargs.py
[2024-05-02T22:49:19.684+0000] {processor.py:840} INFO - DAG(s) 'example_xcom_args', 'example_xcom_args_with_operators' retrieved from /home/airflow/.local/lib/python3.12/site-packages/airflow/example_dags/example_xcomargs.py
[2024-05-02T22:49:19.743+0000] {logging_mixin.py:188} INFO - [2024-05-02T22:49:19.742+0000] {dag.py:3096} INFO - Sync 2 DAGs
[2024-05-02T22:49:19.782+0000] {logging_mixin.py:188} INFO - [2024-05-02T22:49:19.781+0000] {dag.py:3954} INFO - Setting next_dagrun for example_xcom_args to None, run_after=None
[2024-05-02T22:49:19.794+0000] {logging_mixin.py:188} INFO - [2024-05-02T22:49:19.794+0000] {dag.py:3954} INFO - Setting next_dagrun for example_xcom_args_with_operators to None, run_after=None
[2024-05-02T22:49:19.848+0000] {processor.py:183} INFO - Processing /home/airflow/.local/lib/python3.12/site-packages/airflow/example_dags/example_xcomargs.py took 0.207 seconds
[2024-05-02T22:49:50.031+0000] {processor.py:161} INFO - Started process (PID=1977) to work on /home/airflow/.local/lib/python3.12/site-packages/airflow/example_dags/example_xcomargs.py
[2024-05-02T22:49:50.047+0000] {processor.py:830} INFO - Processing file /home/airflow/.local/lib/python3.12/site-packages/airflow/example_dags/example_xcomargs.py for tasks to queue
[2024-05-02T22:49:50.064+0000] {logging_mixin.py:188} INFO - [2024-05-02T22:49:50.062+0000] {dagbag.py:540} INFO - Filling up the DagBag from /home/airflow/.local/lib/python3.12/site-packages/airflow/example_dags/example_xcomargs.py
[2024-05-02T22:49:50.096+0000] {processor.py:840} INFO - DAG(s) 'example_xcom_args_with_operators', 'example_xcom_args' retrieved from /home/airflow/.local/lib/python3.12/site-packages/airflow/example_dags/example_xcomargs.py
[2024-05-02T22:49:50.201+0000] {logging_mixin.py:188} INFO - [2024-05-02T22:49:50.201+0000] {dag.py:3096} INFO - Sync 2 DAGs
[2024-05-02T22:49:50.263+0000] {logging_mixin.py:188} INFO - [2024-05-02T22:49:50.262+0000] {dag.py:3954} INFO - Setting next_dagrun for example_xcom_args to None, run_after=None
[2024-05-02T22:49:50.277+0000] {logging_mixin.py:188} INFO - [2024-05-02T22:49:50.276+0000] {dag.py:3954} INFO - Setting next_dagrun for example_xcom_args_with_operators to None, run_after=None
[2024-05-02T22:49:50.398+0000] {processor.py:183} INFO - Processing /home/airflow/.local/lib/python3.12/site-packages/airflow/example_dags/example_xcomargs.py took 0.388 seconds
[2024-05-02T22:50:20.762+0000] {processor.py:161} INFO - Started process (PID=2036) to work on /home/airflow/.local/lib/python3.12/site-packages/airflow/example_dags/example_xcomargs.py
[2024-05-02T22:50:20.764+0000] {processor.py:830} INFO - Processing file /home/airflow/.local/lib/python3.12/site-packages/airflow/example_dags/example_xcomargs.py for tasks to queue
[2024-05-02T22:50:20.768+0000] {logging_mixin.py:188} INFO - [2024-05-02T22:50:20.767+0000] {dagbag.py:540} INFO - Filling up the DagBag from /home/airflow/.local/lib/python3.12/site-packages/airflow/example_dags/example_xcomargs.py
[2024-05-02T22:50:20.811+0000] {processor.py:840} INFO - DAG(s) 'example_xcom_args', 'example_xcom_args_with_operators' retrieved from /home/airflow/.local/lib/python3.12/site-packages/airflow/example_dags/example_xcomargs.py
[2024-05-02T22:50:20.873+0000] {logging_mixin.py:188} INFO - [2024-05-02T22:50:20.873+0000] {dag.py:3096} INFO - Sync 2 DAGs
[2024-05-02T22:50:20.910+0000] {logging_mixin.py:188} INFO - [2024-05-02T22:50:20.909+0000] {dag.py:3954} INFO - Setting next_dagrun for example_xcom_args to None, run_after=None
[2024-05-02T22:50:20.921+0000] {logging_mixin.py:188} INFO - [2024-05-02T22:50:20.921+0000] {dag.py:3954} INFO - Setting next_dagrun for example_xcom_args_with_operators to None, run_after=None
[2024-05-02T22:50:20.989+0000] {processor.py:183} INFO - Processing /home/airflow/.local/lib/python3.12/site-packages/airflow/example_dags/example_xcomargs.py took 0.266 seconds
[2024-05-02T22:50:51.439+0000] {processor.py:161} INFO - Started process (PID=2094) to work on /home/airflow/.local/lib/python3.12/site-packages/airflow/example_dags/example_xcomargs.py
[2024-05-02T22:50:51.441+0000] {processor.py:830} INFO - Processing file /home/airflow/.local/lib/python3.12/site-packages/airflow/example_dags/example_xcomargs.py for tasks to queue
[2024-05-02T22:50:51.445+0000] {logging_mixin.py:188} INFO - [2024-05-02T22:50:51.444+0000] {dagbag.py:540} INFO - Filling up the DagBag from /home/airflow/.local/lib/python3.12/site-packages/airflow/example_dags/example_xcomargs.py
[2024-05-02T22:50:51.461+0000] {processor.py:840} INFO - DAG(s) 'example_xcom_args', 'example_xcom_args_with_operators' retrieved from /home/airflow/.local/lib/python3.12/site-packages/airflow/example_dags/example_xcomargs.py
[2024-05-02T22:50:51.516+0000] {logging_mixin.py:188} INFO - [2024-05-02T22:50:51.515+0000] {dag.py:3096} INFO - Sync 2 DAGs
[2024-05-02T22:50:51.547+0000] {logging_mixin.py:188} INFO - [2024-05-02T22:50:51.546+0000] {dag.py:3954} INFO - Setting next_dagrun for example_xcom_args to None, run_after=None
[2024-05-02T22:50:51.555+0000] {logging_mixin.py:188} INFO - [2024-05-02T22:50:51.554+0000] {dag.py:3954} INFO - Setting next_dagrun for example_xcom_args_with_operators to None, run_after=None
[2024-05-02T22:50:51.599+0000] {processor.py:183} INFO - Processing /home/airflow/.local/lib/python3.12/site-packages/airflow/example_dags/example_xcomargs.py took 0.172 seconds
[2024-05-02T22:51:21.826+0000] {processor.py:161} INFO - Started process (PID=2153) to work on /home/airflow/.local/lib/python3.12/site-packages/airflow/example_dags/example_xcomargs.py
[2024-05-02T22:51:21.829+0000] {processor.py:830} INFO - Processing file /home/airflow/.local/lib/python3.12/site-packages/airflow/example_dags/example_xcomargs.py for tasks to queue
[2024-05-02T22:51:21.834+0000] {logging_mixin.py:188} INFO - [2024-05-02T22:51:21.833+0000] {dagbag.py:540} INFO - Filling up the DagBag from /home/airflow/.local/lib/python3.12/site-packages/airflow/example_dags/example_xcomargs.py
[2024-05-02T22:51:21.857+0000] {processor.py:840} INFO - DAG(s) 'example_xcom_args', 'example_xcom_args_with_operators' retrieved from /home/airflow/.local/lib/python3.12/site-packages/airflow/example_dags/example_xcomargs.py
[2024-05-02T22:51:21.926+0000] {logging_mixin.py:188} INFO - [2024-05-02T22:51:21.926+0000] {dag.py:3096} INFO - Sync 2 DAGs
[2024-05-02T22:51:21.956+0000] {logging_mixin.py:188} INFO - [2024-05-02T22:51:21.956+0000] {dag.py:3954} INFO - Setting next_dagrun for example_xcom_args to None, run_after=None
[2024-05-02T22:51:21.966+0000] {logging_mixin.py:188} INFO - [2024-05-02T22:51:21.966+0000] {dag.py:3954} INFO - Setting next_dagrun for example_xcom_args_with_operators to None, run_after=None
[2024-05-02T22:51:22.010+0000] {processor.py:183} INFO - Processing /home/airflow/.local/lib/python3.12/site-packages/airflow/example_dags/example_xcomargs.py took 0.202 seconds
[2024-05-02T22:51:52.434+0000] {processor.py:161} INFO - Started process (PID=2212) to work on /home/airflow/.local/lib/python3.12/site-packages/airflow/example_dags/example_xcomargs.py
[2024-05-02T22:51:52.436+0000] {processor.py:830} INFO - Processing file /home/airflow/.local/lib/python3.12/site-packages/airflow/example_dags/example_xcomargs.py for tasks to queue
[2024-05-02T22:51:52.439+0000] {logging_mixin.py:188} INFO - [2024-05-02T22:51:52.438+0000] {dagbag.py:540} INFO - Filling up the DagBag from /home/airflow/.local/lib/python3.12/site-packages/airflow/example_dags/example_xcomargs.py
[2024-05-02T22:51:52.454+0000] {processor.py:840} INFO - DAG(s) 'example_xcom_args_with_operators', 'example_xcom_args' retrieved from /home/airflow/.local/lib/python3.12/site-packages/airflow/example_dags/example_xcomargs.py
[2024-05-02T22:51:52.518+0000] {logging_mixin.py:188} INFO - [2024-05-02T22:51:52.517+0000] {dag.py:3096} INFO - Sync 2 DAGs
[2024-05-02T22:51:52.549+0000] {logging_mixin.py:188} INFO - [2024-05-02T22:51:52.549+0000] {dag.py:3954} INFO - Setting next_dagrun for example_xcom_args to None, run_after=None
[2024-05-02T22:51:52.559+0000] {logging_mixin.py:188} INFO - [2024-05-02T22:51:52.559+0000] {dag.py:3954} INFO - Setting next_dagrun for example_xcom_args_with_operators to None, run_after=None
[2024-05-02T22:51:52.599+0000] {processor.py:183} INFO - Processing /home/airflow/.local/lib/python3.12/site-packages/airflow/example_dags/example_xcomargs.py took 0.184 seconds
[2024-05-02T22:52:22.819+0000] {processor.py:161} INFO - Started process (PID=2273) to work on /home/airflow/.local/lib/python3.12/site-packages/airflow/example_dags/example_xcomargs.py
[2024-05-02T22:52:22.821+0000] {processor.py:830} INFO - Processing file /home/airflow/.local/lib/python3.12/site-packages/airflow/example_dags/example_xcomargs.py for tasks to queue
[2024-05-02T22:52:22.825+0000] {logging_mixin.py:188} INFO - [2024-05-02T22:52:22.824+0000] {dagbag.py:540} INFO - Filling up the DagBag from /home/airflow/.local/lib/python3.12/site-packages/airflow/example_dags/example_xcomargs.py
[2024-05-02T22:52:22.843+0000] {processor.py:840} INFO - DAG(s) 'example_xcom_args', 'example_xcom_args_with_operators' retrieved from /home/airflow/.local/lib/python3.12/site-packages/airflow/example_dags/example_xcomargs.py
[2024-05-02T22:52:22.927+0000] {logging_mixin.py:188} INFO - [2024-05-02T22:52:22.926+0000] {dag.py:3096} INFO - Sync 2 DAGs
[2024-05-02T22:52:22.972+0000] {logging_mixin.py:188} INFO - [2024-05-02T22:52:22.972+0000] {dag.py:3954} INFO - Setting next_dagrun for example_xcom_args to None, run_after=None
[2024-05-02T22:52:22.989+0000] {logging_mixin.py:188} INFO - [2024-05-02T22:52:22.989+0000] {dag.py:3954} INFO - Setting next_dagrun for example_xcom_args_with_operators to None, run_after=None
[2024-05-02T22:52:23.048+0000] {processor.py:183} INFO - Processing /home/airflow/.local/lib/python3.12/site-packages/airflow/example_dags/example_xcomargs.py took 0.241 seconds
[2024-05-02T22:52:53.169+0000] {processor.py:161} INFO - Started process (PID=2332) to work on /home/airflow/.local/lib/python3.12/site-packages/airflow/example_dags/example_xcomargs.py
[2024-05-02T22:52:53.172+0000] {processor.py:830} INFO - Processing file /home/airflow/.local/lib/python3.12/site-packages/airflow/example_dags/example_xcomargs.py for tasks to queue
[2024-05-02T22:52:53.179+0000] {logging_mixin.py:188} INFO - [2024-05-02T22:52:53.179+0000] {dagbag.py:540} INFO - Filling up the DagBag from /home/airflow/.local/lib/python3.12/site-packages/airflow/example_dags/example_xcomargs.py
[2024-05-02T22:52:53.238+0000] {processor.py:840} INFO - DAG(s) 'example_xcom_args_with_operators', 'example_xcom_args' retrieved from /home/airflow/.local/lib/python3.12/site-packages/airflow/example_dags/example_xcomargs.py
[2024-05-02T22:52:53.327+0000] {logging_mixin.py:188} INFO - [2024-05-02T22:52:53.326+0000] {dag.py:3096} INFO - Sync 2 DAGs
[2024-05-02T22:52:53.366+0000] {logging_mixin.py:188} INFO - [2024-05-02T22:52:53.365+0000] {dag.py:3954} INFO - Setting next_dagrun for example_xcom_args to None, run_after=None
[2024-05-02T22:52:53.377+0000] {logging_mixin.py:188} INFO - [2024-05-02T22:52:53.376+0000] {dag.py:3954} INFO - Setting next_dagrun for example_xcom_args_with_operators to None, run_after=None
[2024-05-02T22:52:53.427+0000] {processor.py:183} INFO - Processing /home/airflow/.local/lib/python3.12/site-packages/airflow/example_dags/example_xcomargs.py took 0.288 seconds
[2024-05-02T22:53:23.868+0000] {processor.py:161} INFO - Started process (PID=2390) to work on /home/airflow/.local/lib/python3.12/site-packages/airflow/example_dags/example_xcomargs.py
[2024-05-02T22:53:23.870+0000] {processor.py:830} INFO - Processing file /home/airflow/.local/lib/python3.12/site-packages/airflow/example_dags/example_xcomargs.py for tasks to queue
[2024-05-02T22:53:23.875+0000] {logging_mixin.py:188} INFO - [2024-05-02T22:53:23.874+0000] {dagbag.py:540} INFO - Filling up the DagBag from /home/airflow/.local/lib/python3.12/site-packages/airflow/example_dags/example_xcomargs.py
[2024-05-02T22:53:23.894+0000] {processor.py:840} INFO - DAG(s) 'example_xcom_args', 'example_xcom_args_with_operators' retrieved from /home/airflow/.local/lib/python3.12/site-packages/airflow/example_dags/example_xcomargs.py
[2024-05-02T22:53:23.955+0000] {logging_mixin.py:188} INFO - [2024-05-02T22:53:23.954+0000] {dag.py:3096} INFO - Sync 2 DAGs
[2024-05-02T22:53:24.021+0000] {logging_mixin.py:188} INFO - [2024-05-02T22:53:24.021+0000] {dag.py:3954} INFO - Setting next_dagrun for example_xcom_args to None, run_after=None
[2024-05-02T22:53:24.034+0000] {logging_mixin.py:188} INFO - [2024-05-02T22:53:24.033+0000] {dag.py:3954} INFO - Setting next_dagrun for example_xcom_args_with_operators to None, run_after=None
[2024-05-02T22:53:24.088+0000] {processor.py:183} INFO - Processing /home/airflow/.local/lib/python3.12/site-packages/airflow/example_dags/example_xcomargs.py took 0.235 seconds
[2024-05-02T22:53:54.631+0000] {processor.py:161} INFO - Started process (PID=2449) to work on /home/airflow/.local/lib/python3.12/site-packages/airflow/example_dags/example_xcomargs.py
[2024-05-02T22:53:54.633+0000] {processor.py:830} INFO - Processing file /home/airflow/.local/lib/python3.12/site-packages/airflow/example_dags/example_xcomargs.py for tasks to queue
[2024-05-02T22:53:54.637+0000] {logging_mixin.py:188} INFO - [2024-05-02T22:53:54.636+0000] {dagbag.py:540} INFO - Filling up the DagBag from /home/airflow/.local/lib/python3.12/site-packages/airflow/example_dags/example_xcomargs.py
[2024-05-02T22:53:54.659+0000] {processor.py:840} INFO - DAG(s) 'example_xcom_args_with_operators', 'example_xcom_args' retrieved from /home/airflow/.local/lib/python3.12/site-packages/airflow/example_dags/example_xcomargs.py
[2024-05-02T22:53:54.780+0000] {logging_mixin.py:188} INFO - [2024-05-02T22:53:54.779+0000] {dag.py:3096} INFO - Sync 2 DAGs
[2024-05-02T22:53:55.477+0000] {logging_mixin.py:188} INFO - [2024-05-02T22:53:55.477+0000] {dag.py:3954} INFO - Setting next_dagrun for example_xcom_args to None, run_after=None
[2024-05-02T22:53:55.505+0000] {logging_mixin.py:188} INFO - [2024-05-02T22:53:55.504+0000] {dag.py:3954} INFO - Setting next_dagrun for example_xcom_args_with_operators to None, run_after=None
[2024-05-02T22:53:55.575+0000] {processor.py:183} INFO - Processing /home/airflow/.local/lib/python3.12/site-packages/airflow/example_dags/example_xcomargs.py took 0.961 seconds
[2024-05-02T22:54:26.376+0000] {processor.py:161} INFO - Started process (PID=2509) to work on /home/airflow/.local/lib/python3.12/site-packages/airflow/example_dags/example_xcomargs.py
[2024-05-02T22:54:26.378+0000] {processor.py:830} INFO - Processing file /home/airflow/.local/lib/python3.12/site-packages/airflow/example_dags/example_xcomargs.py for tasks to queue
[2024-05-02T22:54:26.382+0000] {logging_mixin.py:188} INFO - [2024-05-02T22:54:26.381+0000] {dagbag.py:540} INFO - Filling up the DagBag from /home/airflow/.local/lib/python3.12/site-packages/airflow/example_dags/example_xcomargs.py
[2024-05-02T22:54:26.406+0000] {processor.py:840} INFO - DAG(s) 'example_xcom_args_with_operators', 'example_xcom_args' retrieved from /home/airflow/.local/lib/python3.12/site-packages/airflow/example_dags/example_xcomargs.py
[2024-05-02T22:54:27.080+0000] {logging_mixin.py:188} INFO - [2024-05-02T22:54:27.079+0000] {dag.py:3096} INFO - Sync 2 DAGs
[2024-05-02T22:54:27.224+0000] {logging_mixin.py:188} INFO - [2024-05-02T22:54:27.223+0000] {dag.py:3954} INFO - Setting next_dagrun for example_xcom_args to None, run_after=None
[2024-05-02T22:54:27.239+0000] {logging_mixin.py:188} INFO - [2024-05-02T22:54:27.239+0000] {dag.py:3954} INFO - Setting next_dagrun for example_xcom_args_with_operators to None, run_after=None
[2024-05-02T22:54:27.413+0000] {processor.py:183} INFO - Processing /home/airflow/.local/lib/python3.12/site-packages/airflow/example_dags/example_xcomargs.py took 1.049 seconds
[2024-05-02T22:54:58.398+0000] {processor.py:161} INFO - Started process (PID=2568) to work on /home/airflow/.local/lib/python3.12/site-packages/airflow/example_dags/example_xcomargs.py
[2024-05-02T22:54:58.403+0000] {processor.py:830} INFO - Processing file /home/airflow/.local/lib/python3.12/site-packages/airflow/example_dags/example_xcomargs.py for tasks to queue
[2024-05-02T22:54:58.408+0000] {logging_mixin.py:188} INFO - [2024-05-02T22:54:58.407+0000] {dagbag.py:540} INFO - Filling up the DagBag from /home/airflow/.local/lib/python3.12/site-packages/airflow/example_dags/example_xcomargs.py
[2024-05-02T22:54:58.438+0000] {processor.py:840} INFO - DAG(s) 'example_xcom_args', 'example_xcom_args_with_operators' retrieved from /home/airflow/.local/lib/python3.12/site-packages/airflow/example_dags/example_xcomargs.py
[2024-05-02T22:54:58.506+0000] {logging_mixin.py:188} INFO - [2024-05-02T22:54:58.505+0000] {dag.py:3096} INFO - Sync 2 DAGs
[2024-05-02T22:54:58.544+0000] {logging_mixin.py:188} INFO - [2024-05-02T22:54:58.543+0000] {dag.py:3954} INFO - Setting next_dagrun for example_xcom_args to None, run_after=None
[2024-05-02T22:54:58.554+0000] {logging_mixin.py:188} INFO - [2024-05-02T22:54:58.554+0000] {dag.py:3954} INFO - Setting next_dagrun for example_xcom_args_with_operators to None, run_after=None
[2024-05-02T22:54:58.608+0000] {processor.py:183} INFO - Processing /home/airflow/.local/lib/python3.12/site-packages/airflow/example_dags/example_xcomargs.py took 0.226 seconds
[2024-05-02T22:55:28.849+0000] {processor.py:161} INFO - Started process (PID=2627) to work on /home/airflow/.local/lib/python3.12/site-packages/airflow/example_dags/example_xcomargs.py
[2024-05-02T22:55:28.856+0000] {processor.py:830} INFO - Processing file /home/airflow/.local/lib/python3.12/site-packages/airflow/example_dags/example_xcomargs.py for tasks to queue
[2024-05-02T22:55:28.861+0000] {logging_mixin.py:188} INFO - [2024-05-02T22:55:28.860+0000] {dagbag.py:540} INFO - Filling up the DagBag from /home/airflow/.local/lib/python3.12/site-packages/airflow/example_dags/example_xcomargs.py
[2024-05-02T22:55:28.885+0000] {processor.py:840} INFO - DAG(s) 'example_xcom_args_with_operators', 'example_xcom_args' retrieved from /home/airflow/.local/lib/python3.12/site-packages/airflow/example_dags/example_xcomargs.py
[2024-05-02T22:55:28.995+0000] {logging_mixin.py:188} INFO - [2024-05-02T22:55:28.994+0000] {dag.py:3096} INFO - Sync 2 DAGs
[2024-05-02T22:55:29.091+0000] {logging_mixin.py:188} INFO - [2024-05-02T22:55:29.090+0000] {dag.py:3954} INFO - Setting next_dagrun for example_xcom_args to None, run_after=None
[2024-05-02T22:55:29.114+0000] {logging_mixin.py:188} INFO - [2024-05-02T22:55:29.114+0000] {dag.py:3954} INFO - Setting next_dagrun for example_xcom_args_with_operators to None, run_after=None
[2024-05-02T22:55:29.196+0000] {processor.py:183} INFO - Processing /home/airflow/.local/lib/python3.12/site-packages/airflow/example_dags/example_xcomargs.py took 0.363 seconds
[2024-05-02T22:55:59.675+0000] {processor.py:161} INFO - Started process (PID=2687) to work on /home/airflow/.local/lib/python3.12/site-packages/airflow/example_dags/example_xcomargs.py
[2024-05-02T22:55:59.678+0000] {processor.py:830} INFO - Processing file /home/airflow/.local/lib/python3.12/site-packages/airflow/example_dags/example_xcomargs.py for tasks to queue
[2024-05-02T22:55:59.682+0000] {logging_mixin.py:188} INFO - [2024-05-02T22:55:59.681+0000] {dagbag.py:540} INFO - Filling up the DagBag from /home/airflow/.local/lib/python3.12/site-packages/airflow/example_dags/example_xcomargs.py
[2024-05-02T22:55:59.700+0000] {processor.py:840} INFO - DAG(s) 'example_xcom_args', 'example_xcom_args_with_operators' retrieved from /home/airflow/.local/lib/python3.12/site-packages/airflow/example_dags/example_xcomargs.py
[2024-05-02T22:55:59.768+0000] {logging_mixin.py:188} INFO - [2024-05-02T22:55:59.767+0000] {dag.py:3096} INFO - Sync 2 DAGs
[2024-05-02T22:55:59.805+0000] {logging_mixin.py:188} INFO - [2024-05-02T22:55:59.805+0000] {dag.py:3954} INFO - Setting next_dagrun for example_xcom_args to None, run_after=None
[2024-05-02T22:55:59.815+0000] {logging_mixin.py:188} INFO - [2024-05-02T22:55:59.814+0000] {dag.py:3954} INFO - Setting next_dagrun for example_xcom_args_with_operators to None, run_after=None
[2024-05-02T22:55:59.862+0000] {processor.py:183} INFO - Processing /home/airflow/.local/lib/python3.12/site-packages/airflow/example_dags/example_xcomargs.py took 0.199 seconds
[2024-05-02T22:57:11.462+0000] {processor.py:161} INFO - Started process (PID=62) to work on /home/airflow/.local/lib/python3.12/site-packages/airflow/example_dags/example_xcomargs.py
[2024-05-02T22:57:11.464+0000] {processor.py:830} INFO - Processing file /home/airflow/.local/lib/python3.12/site-packages/airflow/example_dags/example_xcomargs.py for tasks to queue
[2024-05-02T22:57:11.468+0000] {logging_mixin.py:188} INFO - [2024-05-02T22:57:11.467+0000] {dagbag.py:540} INFO - Filling up the DagBag from /home/airflow/.local/lib/python3.12/site-packages/airflow/example_dags/example_xcomargs.py
[2024-05-02T22:57:11.496+0000] {processor.py:840} INFO - DAG(s) 'example_xcom_args', 'example_xcom_args_with_operators' retrieved from /home/airflow/.local/lib/python3.12/site-packages/airflow/example_dags/example_xcomargs.py
[2024-05-02T22:57:11.634+0000] {logging_mixin.py:188} INFO - [2024-05-02T22:57:11.627+0000] {dag.py:3096} INFO - Sync 2 DAGs
[2024-05-02T22:57:11.698+0000] {logging_mixin.py:188} INFO - [2024-05-02T22:57:11.698+0000] {dag.py:3954} INFO - Setting next_dagrun for example_xcom_args to None, run_after=None
[2024-05-02T22:57:11.712+0000] {logging_mixin.py:188} INFO - [2024-05-02T22:57:11.710+0000] {dag.py:3954} INFO - Setting next_dagrun for example_xcom_args_with_operators to None, run_after=None
[2024-05-02T22:57:11.742+0000] {processor.py:183} INFO - Processing /home/airflow/.local/lib/python3.12/site-packages/airflow/example_dags/example_xcomargs.py took 0.293 seconds
[2024-05-02T22:58:02.325+0000] {processor.py:161} INFO - Started process (PID=131) to work on /home/airflow/.local/lib/python3.12/site-packages/airflow/example_dags/example_xcomargs.py
[2024-05-02T22:58:02.330+0000] {processor.py:830} INFO - Processing file /home/airflow/.local/lib/python3.12/site-packages/airflow/example_dags/example_xcomargs.py for tasks to queue
[2024-05-02T22:58:02.335+0000] {logging_mixin.py:188} INFO - [2024-05-02T22:58:02.334+0000] {dagbag.py:540} INFO - Filling up the DagBag from /home/airflow/.local/lib/python3.12/site-packages/airflow/example_dags/example_xcomargs.py
[2024-05-02T22:58:02.376+0000] {processor.py:840} INFO - DAG(s) 'example_xcom_args_with_operators', 'example_xcom_args' retrieved from /home/airflow/.local/lib/python3.12/site-packages/airflow/example_dags/example_xcomargs.py
[2024-05-02T22:58:02.447+0000] {logging_mixin.py:188} INFO - [2024-05-02T22:58:02.446+0000] {dag.py:3096} INFO - Sync 2 DAGs
[2024-05-02T22:58:02.486+0000] {logging_mixin.py:188} INFO - [2024-05-02T22:58:02.485+0000] {dag.py:3954} INFO - Setting next_dagrun for example_xcom_args to None, run_after=None
[2024-05-02T22:58:02.496+0000] {logging_mixin.py:188} INFO - [2024-05-02T22:58:02.496+0000] {dag.py:3954} INFO - Setting next_dagrun for example_xcom_args_with_operators to None, run_after=None
[2024-05-02T22:58:02.558+0000] {processor.py:183} INFO - Processing /home/airflow/.local/lib/python3.12/site-packages/airflow/example_dags/example_xcomargs.py took 0.245 seconds
[2024-05-02T22:58:34.305+0000] {processor.py:161} INFO - Started process (PID=190) to work on /home/airflow/.local/lib/python3.12/site-packages/airflow/example_dags/example_xcomargs.py
[2024-05-02T22:58:34.308+0000] {processor.py:830} INFO - Processing file /home/airflow/.local/lib/python3.12/site-packages/airflow/example_dags/example_xcomargs.py for tasks to queue
[2024-05-02T22:58:34.322+0000] {logging_mixin.py:188} INFO - [2024-05-02T22:58:34.320+0000] {dagbag.py:540} INFO - Filling up the DagBag from /home/airflow/.local/lib/python3.12/site-packages/airflow/example_dags/example_xcomargs.py
[2024-05-02T22:58:34.383+0000] {processor.py:840} INFO - DAG(s) 'example_xcom_args_with_operators', 'example_xcom_args' retrieved from /home/airflow/.local/lib/python3.12/site-packages/airflow/example_dags/example_xcomargs.py
[2024-05-02T22:58:34.672+0000] {logging_mixin.py:188} INFO - [2024-05-02T22:58:34.671+0000] {dag.py:3096} INFO - Sync 2 DAGs
[2024-05-02T22:58:34.732+0000] {logging_mixin.py:188} INFO - [2024-05-02T22:58:34.732+0000] {dag.py:3954} INFO - Setting next_dagrun for example_xcom_args to None, run_after=None
[2024-05-02T22:58:34.798+0000] {logging_mixin.py:188} INFO - [2024-05-02T22:58:34.797+0000] {dag.py:3954} INFO - Setting next_dagrun for example_xcom_args_with_operators to None, run_after=None
[2024-05-02T22:58:34.956+0000] {processor.py:183} INFO - Processing /home/airflow/.local/lib/python3.12/site-packages/airflow/example_dags/example_xcomargs.py took 0.685 seconds
[2024-05-02T22:59:08.547+0000] {processor.py:161} INFO - Started process (PID=253) to work on /home/airflow/.local/lib/python3.12/site-packages/airflow/example_dags/example_xcomargs.py
[2024-05-02T22:59:08.560+0000] {processor.py:830} INFO - Processing file /home/airflow/.local/lib/python3.12/site-packages/airflow/example_dags/example_xcomargs.py for tasks to queue
[2024-05-02T22:59:08.564+0000] {logging_mixin.py:188} INFO - [2024-05-02T22:59:08.563+0000] {dagbag.py:540} INFO - Filling up the DagBag from /home/airflow/.local/lib/python3.12/site-packages/airflow/example_dags/example_xcomargs.py
[2024-05-02T22:59:08.615+0000] {processor.py:840} INFO - DAG(s) 'example_xcom_args', 'example_xcom_args_with_operators' retrieved from /home/airflow/.local/lib/python3.12/site-packages/airflow/example_dags/example_xcomargs.py
[2024-05-02T22:59:08.732+0000] {logging_mixin.py:188} INFO - [2024-05-02T22:59:08.732+0000] {dag.py:3096} INFO - Sync 2 DAGs
[2024-05-02T22:59:08.803+0000] {logging_mixin.py:188} INFO - [2024-05-02T22:59:08.803+0000] {dag.py:3954} INFO - Setting next_dagrun for example_xcom_args to None, run_after=None
[2024-05-02T22:59:08.823+0000] {logging_mixin.py:188} INFO - [2024-05-02T22:59:08.822+0000] {dag.py:3954} INFO - Setting next_dagrun for example_xcom_args_with_operators to None, run_after=None
[2024-05-02T22:59:08.909+0000] {processor.py:183} INFO - Processing /home/airflow/.local/lib/python3.12/site-packages/airflow/example_dags/example_xcomargs.py took 0.397 seconds
[2024-05-02T22:59:42.472+0000] {processor.py:161} INFO - Started process (PID=316) to work on /home/airflow/.local/lib/python3.12/site-packages/airflow/example_dags/example_xcomargs.py
[2024-05-02T22:59:42.477+0000] {processor.py:830} INFO - Processing file /home/airflow/.local/lib/python3.12/site-packages/airflow/example_dags/example_xcomargs.py for tasks to queue
[2024-05-02T22:59:42.501+0000] {logging_mixin.py:188} INFO - [2024-05-02T22:59:42.500+0000] {dagbag.py:540} INFO - Filling up the DagBag from /home/airflow/.local/lib/python3.12/site-packages/airflow/example_dags/example_xcomargs.py
[2024-05-02T22:59:42.529+0000] {processor.py:840} INFO - DAG(s) 'example_xcom_args_with_operators', 'example_xcom_args' retrieved from /home/airflow/.local/lib/python3.12/site-packages/airflow/example_dags/example_xcomargs.py
[2024-05-02T22:59:42.667+0000] {logging_mixin.py:188} INFO - [2024-05-02T22:59:42.666+0000] {dag.py:3096} INFO - Sync 2 DAGs
[2024-05-02T22:59:42.732+0000] {logging_mixin.py:188} INFO - [2024-05-02T22:59:42.732+0000] {dag.py:3954} INFO - Setting next_dagrun for example_xcom_args to None, run_after=None
[2024-05-02T22:59:42.765+0000] {logging_mixin.py:188} INFO - [2024-05-02T22:59:42.765+0000] {dag.py:3954} INFO - Setting next_dagrun for example_xcom_args_with_operators to None, run_after=None
[2024-05-02T22:59:42.848+0000] {processor.py:183} INFO - Processing /home/airflow/.local/lib/python3.12/site-packages/airflow/example_dags/example_xcomargs.py took 0.401 seconds
[2024-05-02T23:00:13.415+0000] {processor.py:161} INFO - Started process (PID=372) to work on /home/airflow/.local/lib/python3.12/site-packages/airflow/example_dags/example_xcomargs.py
[2024-05-02T23:00:13.432+0000] {processor.py:830} INFO - Processing file /home/airflow/.local/lib/python3.12/site-packages/airflow/example_dags/example_xcomargs.py for tasks to queue
[2024-05-02T23:00:13.456+0000] {logging_mixin.py:188} INFO - [2024-05-02T23:00:13.444+0000] {dagbag.py:540} INFO - Filling up the DagBag from /home/airflow/.local/lib/python3.12/site-packages/airflow/example_dags/example_xcomargs.py
[2024-05-02T23:00:13.562+0000] {processor.py:840} INFO - DAG(s) 'example_xcom_args_with_operators', 'example_xcom_args' retrieved from /home/airflow/.local/lib/python3.12/site-packages/airflow/example_dags/example_xcomargs.py
[2024-05-02T23:00:13.694+0000] {logging_mixin.py:188} INFO - [2024-05-02T23:00:13.694+0000] {dag.py:3096} INFO - Sync 2 DAGs
[2024-05-02T23:00:13.776+0000] {logging_mixin.py:188} INFO - [2024-05-02T23:00:13.775+0000] {dag.py:3954} INFO - Setting next_dagrun for example_xcom_args to None, run_after=None
[2024-05-02T23:00:13.812+0000] {logging_mixin.py:188} INFO - [2024-05-02T23:00:13.811+0000] {dag.py:3954} INFO - Setting next_dagrun for example_xcom_args_with_operators to None, run_after=None
[2024-05-02T23:00:13.928+0000] {processor.py:183} INFO - Processing /home/airflow/.local/lib/python3.12/site-packages/airflow/example_dags/example_xcomargs.py took 0.563 seconds
[2024-05-02T23:00:44.500+0000] {processor.py:161} INFO - Started process (PID=431) to work on /home/airflow/.local/lib/python3.12/site-packages/airflow/example_dags/example_xcomargs.py
[2024-05-02T23:00:44.502+0000] {processor.py:830} INFO - Processing file /home/airflow/.local/lib/python3.12/site-packages/airflow/example_dags/example_xcomargs.py for tasks to queue
[2024-05-02T23:00:44.506+0000] {logging_mixin.py:188} INFO - [2024-05-02T23:00:44.505+0000] {dagbag.py:540} INFO - Filling up the DagBag from /home/airflow/.local/lib/python3.12/site-packages/airflow/example_dags/example_xcomargs.py
[2024-05-02T23:00:44.522+0000] {processor.py:840} INFO - DAG(s) 'example_xcom_args', 'example_xcom_args_with_operators' retrieved from /home/airflow/.local/lib/python3.12/site-packages/airflow/example_dags/example_xcomargs.py
[2024-05-02T23:00:44.587+0000] {logging_mixin.py:188} INFO - [2024-05-02T23:00:44.585+0000] {dag.py:3096} INFO - Sync 2 DAGs
[2024-05-02T23:00:44.626+0000] {logging_mixin.py:188} INFO - [2024-05-02T23:00:44.625+0000] {dag.py:3954} INFO - Setting next_dagrun for example_xcom_args to None, run_after=None
[2024-05-02T23:00:44.637+0000] {logging_mixin.py:188} INFO - [2024-05-02T23:00:44.637+0000] {dag.py:3954} INFO - Setting next_dagrun for example_xcom_args_with_operators to None, run_after=None
[2024-05-02T23:00:44.690+0000] {processor.py:183} INFO - Processing /home/airflow/.local/lib/python3.12/site-packages/airflow/example_dags/example_xcomargs.py took 0.203 seconds
[2024-05-02T23:01:14.836+0000] {processor.py:161} INFO - Started process (PID=491) to work on /home/airflow/.local/lib/python3.12/site-packages/airflow/example_dags/example_xcomargs.py
[2024-05-02T23:01:14.839+0000] {processor.py:830} INFO - Processing file /home/airflow/.local/lib/python3.12/site-packages/airflow/example_dags/example_xcomargs.py for tasks to queue
[2024-05-02T23:01:14.845+0000] {logging_mixin.py:188} INFO - [2024-05-02T23:01:14.844+0000] {dagbag.py:540} INFO - Filling up the DagBag from /home/airflow/.local/lib/python3.12/site-packages/airflow/example_dags/example_xcomargs.py
[2024-05-02T23:01:14.865+0000] {processor.py:840} INFO - DAG(s) 'example_xcom_args', 'example_xcom_args_with_operators' retrieved from /home/airflow/.local/lib/python3.12/site-packages/airflow/example_dags/example_xcomargs.py
[2024-05-02T23:01:14.914+0000] {logging_mixin.py:188} INFO - [2024-05-02T23:01:14.914+0000] {dag.py:3096} INFO - Sync 2 DAGs
[2024-05-02T23:01:14.942+0000] {logging_mixin.py:188} INFO - [2024-05-02T23:01:14.942+0000] {dag.py:3954} INFO - Setting next_dagrun for example_xcom_args to None, run_after=None
[2024-05-02T23:01:14.951+0000] {logging_mixin.py:188} INFO - [2024-05-02T23:01:14.950+0000] {dag.py:3954} INFO - Setting next_dagrun for example_xcom_args_with_operators to None, run_after=None
[2024-05-02T23:01:14.986+0000] {processor.py:183} INFO - Processing /home/airflow/.local/lib/python3.12/site-packages/airflow/example_dags/example_xcomargs.py took 0.164 seconds
[2024-05-02T23:01:45.568+0000] {processor.py:161} INFO - Started process (PID=550) to work on /home/airflow/.local/lib/python3.12/site-packages/airflow/example_dags/example_xcomargs.py
[2024-05-02T23:01:45.570+0000] {processor.py:830} INFO - Processing file /home/airflow/.local/lib/python3.12/site-packages/airflow/example_dags/example_xcomargs.py for tasks to queue
[2024-05-02T23:01:45.573+0000] {logging_mixin.py:188} INFO - [2024-05-02T23:01:45.573+0000] {dagbag.py:540} INFO - Filling up the DagBag from /home/airflow/.local/lib/python3.12/site-packages/airflow/example_dags/example_xcomargs.py
[2024-05-02T23:01:45.591+0000] {processor.py:840} INFO - DAG(s) 'example_xcom_args', 'example_xcom_args_with_operators' retrieved from /home/airflow/.local/lib/python3.12/site-packages/airflow/example_dags/example_xcomargs.py
[2024-05-02T23:01:45.645+0000] {logging_mixin.py:188} INFO - [2024-05-02T23:01:45.644+0000] {dag.py:3096} INFO - Sync 2 DAGs
[2024-05-02T23:01:45.676+0000] {logging_mixin.py:188} INFO - [2024-05-02T23:01:45.676+0000] {dag.py:3954} INFO - Setting next_dagrun for example_xcom_args to None, run_after=None
[2024-05-02T23:01:45.685+0000] {logging_mixin.py:188} INFO - [2024-05-02T23:01:45.684+0000] {dag.py:3954} INFO - Setting next_dagrun for example_xcom_args_with_operators to None, run_after=None
[2024-05-02T23:01:45.724+0000] {processor.py:183} INFO - Processing /home/airflow/.local/lib/python3.12/site-packages/airflow/example_dags/example_xcomargs.py took 0.179 seconds
[2024-05-02T23:02:16.430+0000] {processor.py:161} INFO - Started process (PID=610) to work on /home/airflow/.local/lib/python3.12/site-packages/airflow/example_dags/example_xcomargs.py
[2024-05-02T23:02:16.435+0000] {processor.py:830} INFO - Processing file /home/airflow/.local/lib/python3.12/site-packages/airflow/example_dags/example_xcomargs.py for tasks to queue
[2024-05-02T23:02:16.442+0000] {logging_mixin.py:188} INFO - [2024-05-02T23:02:16.440+0000] {dagbag.py:540} INFO - Filling up the DagBag from /home/airflow/.local/lib/python3.12/site-packages/airflow/example_dags/example_xcomargs.py
[2024-05-02T23:02:16.477+0000] {processor.py:840} INFO - DAG(s) 'example_xcom_args', 'example_xcom_args_with_operators' retrieved from /home/airflow/.local/lib/python3.12/site-packages/airflow/example_dags/example_xcomargs.py
[2024-05-02T23:02:16.541+0000] {logging_mixin.py:188} INFO - [2024-05-02T23:02:16.541+0000] {dag.py:3096} INFO - Sync 2 DAGs
[2024-05-02T23:02:16.583+0000] {logging_mixin.py:188} INFO - [2024-05-02T23:02:16.583+0000] {dag.py:3954} INFO - Setting next_dagrun for example_xcom_args to None, run_after=None
[2024-05-02T23:02:16.597+0000] {logging_mixin.py:188} INFO - [2024-05-02T23:02:16.596+0000] {dag.py:3954} INFO - Setting next_dagrun for example_xcom_args_with_operators to None, run_after=None
[2024-05-02T23:02:16.642+0000] {processor.py:183} INFO - Processing /home/airflow/.local/lib/python3.12/site-packages/airflow/example_dags/example_xcomargs.py took 0.228 seconds
[2024-05-02T23:02:47.013+0000] {processor.py:161} INFO - Started process (PID=669) to work on /home/airflow/.local/lib/python3.12/site-packages/airflow/example_dags/example_xcomargs.py
[2024-05-02T23:02:47.015+0000] {processor.py:830} INFO - Processing file /home/airflow/.local/lib/python3.12/site-packages/airflow/example_dags/example_xcomargs.py for tasks to queue
[2024-05-02T23:02:47.019+0000] {logging_mixin.py:188} INFO - [2024-05-02T23:02:47.019+0000] {dagbag.py:540} INFO - Filling up the DagBag from /home/airflow/.local/lib/python3.12/site-packages/airflow/example_dags/example_xcomargs.py
[2024-05-02T23:02:47.038+0000] {processor.py:840} INFO - DAG(s) 'example_xcom_args', 'example_xcom_args_with_operators' retrieved from /home/airflow/.local/lib/python3.12/site-packages/airflow/example_dags/example_xcomargs.py
[2024-05-02T23:02:47.096+0000] {logging_mixin.py:188} INFO - [2024-05-02T23:02:47.095+0000] {dag.py:3096} INFO - Sync 2 DAGs
[2024-05-02T23:02:47.125+0000] {logging_mixin.py:188} INFO - [2024-05-02T23:02:47.124+0000] {dag.py:3954} INFO - Setting next_dagrun for example_xcom_args to None, run_after=None
[2024-05-02T23:02:47.136+0000] {logging_mixin.py:188} INFO - [2024-05-02T23:02:47.136+0000] {dag.py:3954} INFO - Setting next_dagrun for example_xcom_args_with_operators to None, run_after=None
[2024-05-02T23:02:47.182+0000] {processor.py:183} INFO - Processing /home/airflow/.local/lib/python3.12/site-packages/airflow/example_dags/example_xcomargs.py took 0.180 seconds
[2024-05-02T23:03:17.350+0000] {processor.py:161} INFO - Started process (PID=727) to work on /home/airflow/.local/lib/python3.12/site-packages/airflow/example_dags/example_xcomargs.py
[2024-05-02T23:03:17.355+0000] {processor.py:830} INFO - Processing file /home/airflow/.local/lib/python3.12/site-packages/airflow/example_dags/example_xcomargs.py for tasks to queue
[2024-05-02T23:03:17.378+0000] {logging_mixin.py:188} INFO - [2024-05-02T23:03:17.377+0000] {dagbag.py:540} INFO - Filling up the DagBag from /home/airflow/.local/lib/python3.12/site-packages/airflow/example_dags/example_xcomargs.py
[2024-05-02T23:03:17.428+0000] {processor.py:840} INFO - DAG(s) 'example_xcom_args', 'example_xcom_args_with_operators' retrieved from /home/airflow/.local/lib/python3.12/site-packages/airflow/example_dags/example_xcomargs.py
[2024-05-02T23:03:17.557+0000] {logging_mixin.py:188} INFO - [2024-05-02T23:03:17.556+0000] {dag.py:3096} INFO - Sync 2 DAGs
[2024-05-02T23:03:17.637+0000] {logging_mixin.py:188} INFO - [2024-05-02T23:03:17.636+0000] {dag.py:3954} INFO - Setting next_dagrun for example_xcom_args to None, run_after=None
[2024-05-02T23:03:17.659+0000] {logging_mixin.py:188} INFO - [2024-05-02T23:03:17.658+0000] {dag.py:3954} INFO - Setting next_dagrun for example_xcom_args_with_operators to None, run_after=None
[2024-05-02T23:03:17.759+0000] {processor.py:183} INFO - Processing /home/airflow/.local/lib/python3.12/site-packages/airflow/example_dags/example_xcomargs.py took 0.433 seconds
[2024-05-02T23:03:48.178+0000] {processor.py:161} INFO - Started process (PID=787) to work on /home/airflow/.local/lib/python3.12/site-packages/airflow/example_dags/example_xcomargs.py
[2024-05-02T23:03:48.181+0000] {processor.py:830} INFO - Processing file /home/airflow/.local/lib/python3.12/site-packages/airflow/example_dags/example_xcomargs.py for tasks to queue
[2024-05-02T23:03:48.185+0000] {logging_mixin.py:188} INFO - [2024-05-02T23:03:48.184+0000] {dagbag.py:540} INFO - Filling up the DagBag from /home/airflow/.local/lib/python3.12/site-packages/airflow/example_dags/example_xcomargs.py
[2024-05-02T23:03:48.207+0000] {processor.py:840} INFO - DAG(s) 'example_xcom_args_with_operators', 'example_xcom_args' retrieved from /home/airflow/.local/lib/python3.12/site-packages/airflow/example_dags/example_xcomargs.py
[2024-05-02T23:03:48.257+0000] {logging_mixin.py:188} INFO - [2024-05-02T23:03:48.257+0000] {dag.py:3096} INFO - Sync 2 DAGs
[2024-05-02T23:03:48.291+0000] {logging_mixin.py:188} INFO - [2024-05-02T23:03:48.290+0000] {dag.py:3954} INFO - Setting next_dagrun for example_xcom_args to None, run_after=None
[2024-05-02T23:03:48.300+0000] {logging_mixin.py:188} INFO - [2024-05-02T23:03:48.299+0000] {dag.py:3954} INFO - Setting next_dagrun for example_xcom_args_with_operators to None, run_after=None
[2024-05-02T23:03:48.335+0000] {processor.py:183} INFO - Processing /home/airflow/.local/lib/python3.12/site-packages/airflow/example_dags/example_xcomargs.py took 0.171 seconds
[2024-05-02T23:04:18.760+0000] {processor.py:161} INFO - Started process (PID=846) to work on /home/airflow/.local/lib/python3.12/site-packages/airflow/example_dags/example_xcomargs.py
[2024-05-02T23:04:18.762+0000] {processor.py:830} INFO - Processing file /home/airflow/.local/lib/python3.12/site-packages/airflow/example_dags/example_xcomargs.py for tasks to queue
[2024-05-02T23:04:18.766+0000] {logging_mixin.py:188} INFO - [2024-05-02T23:04:18.766+0000] {dagbag.py:540} INFO - Filling up the DagBag from /home/airflow/.local/lib/python3.12/site-packages/airflow/example_dags/example_xcomargs.py
[2024-05-02T23:04:18.785+0000] {processor.py:840} INFO - DAG(s) 'example_xcom_args_with_operators', 'example_xcom_args' retrieved from /home/airflow/.local/lib/python3.12/site-packages/airflow/example_dags/example_xcomargs.py
[2024-05-02T23:04:18.845+0000] {logging_mixin.py:188} INFO - [2024-05-02T23:04:18.845+0000] {dag.py:3096} INFO - Sync 2 DAGs
[2024-05-02T23:04:18.877+0000] {logging_mixin.py:188} INFO - [2024-05-02T23:04:18.877+0000] {dag.py:3954} INFO - Setting next_dagrun for example_xcom_args to None, run_after=None
[2024-05-02T23:04:18.886+0000] {logging_mixin.py:188} INFO - [2024-05-02T23:04:18.885+0000] {dag.py:3954} INFO - Setting next_dagrun for example_xcom_args_with_operators to None, run_after=None
[2024-05-02T23:04:18.937+0000] {processor.py:183} INFO - Processing /home/airflow/.local/lib/python3.12/site-packages/airflow/example_dags/example_xcomargs.py took 0.189 seconds
[2024-05-02T23:04:50.778+0000] {processor.py:161} INFO - Started process (PID=905) to work on /home/airflow/.local/lib/python3.12/site-packages/airflow/example_dags/example_xcomargs.py
[2024-05-02T23:04:50.780+0000] {processor.py:830} INFO - Processing file /home/airflow/.local/lib/python3.12/site-packages/airflow/example_dags/example_xcomargs.py for tasks to queue
[2024-05-02T23:04:50.783+0000] {logging_mixin.py:188} INFO - [2024-05-02T23:04:50.783+0000] {dagbag.py:540} INFO - Filling up the DagBag from /home/airflow/.local/lib/python3.12/site-packages/airflow/example_dags/example_xcomargs.py
[2024-05-02T23:04:50.795+0000] {processor.py:840} INFO - DAG(s) 'example_xcom_args_with_operators', 'example_xcom_args' retrieved from /home/airflow/.local/lib/python3.12/site-packages/airflow/example_dags/example_xcomargs.py
[2024-05-02T23:04:50.840+0000] {logging_mixin.py:188} INFO - [2024-05-02T23:04:50.839+0000] {dag.py:3096} INFO - Sync 2 DAGs
[2024-05-02T23:04:50.866+0000] {logging_mixin.py:188} INFO - [2024-05-02T23:04:50.865+0000] {dag.py:3954} INFO - Setting next_dagrun for example_xcom_args to None, run_after=None
[2024-05-02T23:04:50.874+0000] {logging_mixin.py:188} INFO - [2024-05-02T23:04:50.873+0000] {dag.py:3954} INFO - Setting next_dagrun for example_xcom_args_with_operators to None, run_after=None
[2024-05-02T23:04:50.911+0000] {processor.py:183} INFO - Processing /home/airflow/.local/lib/python3.12/site-packages/airflow/example_dags/example_xcomargs.py took 0.142 seconds
[2024-05-02T23:05:23.044+0000] {processor.py:161} INFO - Started process (PID=964) to work on /home/airflow/.local/lib/python3.12/site-packages/airflow/example_dags/example_xcomargs.py
[2024-05-02T23:05:23.047+0000] {processor.py:830} INFO - Processing file /home/airflow/.local/lib/python3.12/site-packages/airflow/example_dags/example_xcomargs.py for tasks to queue
[2024-05-02T23:05:23.051+0000] {logging_mixin.py:188} INFO - [2024-05-02T23:05:23.050+0000] {dagbag.py:540} INFO - Filling up the DagBag from /home/airflow/.local/lib/python3.12/site-packages/airflow/example_dags/example_xcomargs.py
[2024-05-02T23:05:23.072+0000] {processor.py:840} INFO - DAG(s) 'example_xcom_args_with_operators', 'example_xcom_args' retrieved from /home/airflow/.local/lib/python3.12/site-packages/airflow/example_dags/example_xcomargs.py
[2024-05-02T23:05:23.142+0000] {logging_mixin.py:188} INFO - [2024-05-02T23:05:23.141+0000] {dag.py:3096} INFO - Sync 2 DAGs
[2024-05-02T23:05:23.176+0000] {logging_mixin.py:188} INFO - [2024-05-02T23:05:23.176+0000] {dag.py:3954} INFO - Setting next_dagrun for example_xcom_args to None, run_after=None
[2024-05-02T23:05:23.185+0000] {logging_mixin.py:188} INFO - [2024-05-02T23:05:23.185+0000] {dag.py:3954} INFO - Setting next_dagrun for example_xcom_args_with_operators to None, run_after=None
[2024-05-02T23:05:23.226+0000] {processor.py:183} INFO - Processing /home/airflow/.local/lib/python3.12/site-packages/airflow/example_dags/example_xcomargs.py took 0.195 seconds
[2024-05-02T23:05:54.004+0000] {processor.py:161} INFO - Started process (PID=1022) to work on /home/airflow/.local/lib/python3.12/site-packages/airflow/example_dags/example_xcomargs.py
[2024-05-02T23:05:54.006+0000] {processor.py:830} INFO - Processing file /home/airflow/.local/lib/python3.12/site-packages/airflow/example_dags/example_xcomargs.py for tasks to queue
[2024-05-02T23:05:54.009+0000] {logging_mixin.py:188} INFO - [2024-05-02T23:05:54.009+0000] {dagbag.py:540} INFO - Filling up the DagBag from /home/airflow/.local/lib/python3.12/site-packages/airflow/example_dags/example_xcomargs.py
[2024-05-02T23:05:54.030+0000] {processor.py:840} INFO - DAG(s) 'example_xcom_args_with_operators', 'example_xcom_args' retrieved from /home/airflow/.local/lib/python3.12/site-packages/airflow/example_dags/example_xcomargs.py
[2024-05-02T23:05:54.580+0000] {logging_mixin.py:188} INFO - [2024-05-02T23:05:54.579+0000] {dag.py:3096} INFO - Sync 2 DAGs
[2024-05-02T23:05:54.617+0000] {logging_mixin.py:188} INFO - [2024-05-02T23:05:54.612+0000] {dag.py:3954} INFO - Setting next_dagrun for example_xcom_args to None, run_after=None
[2024-05-02T23:05:54.635+0000] {logging_mixin.py:188} INFO - [2024-05-02T23:05:54.635+0000] {dag.py:3954} INFO - Setting next_dagrun for example_xcom_args_with_operators to None, run_after=None
[2024-05-02T23:05:54.679+0000] {processor.py:183} INFO - Processing /home/airflow/.local/lib/python3.12/site-packages/airflow/example_dags/example_xcomargs.py took 0.689 seconds
[2024-05-02T23:06:25.014+0000] {processor.py:161} INFO - Started process (PID=1081) to work on /home/airflow/.local/lib/python3.12/site-packages/airflow/example_dags/example_xcomargs.py
[2024-05-02T23:06:25.017+0000] {processor.py:830} INFO - Processing file /home/airflow/.local/lib/python3.12/site-packages/airflow/example_dags/example_xcomargs.py for tasks to queue
[2024-05-02T23:06:25.023+0000] {logging_mixin.py:188} INFO - [2024-05-02T23:06:25.022+0000] {dagbag.py:540} INFO - Filling up the DagBag from /home/airflow/.local/lib/python3.12/site-packages/airflow/example_dags/example_xcomargs.py
[2024-05-02T23:06:25.043+0000] {processor.py:840} INFO - DAG(s) 'example_xcom_args_with_operators', 'example_xcom_args' retrieved from /home/airflow/.local/lib/python3.12/site-packages/airflow/example_dags/example_xcomargs.py
[2024-05-02T23:06:25.141+0000] {logging_mixin.py:188} INFO - [2024-05-02T23:06:25.140+0000] {dag.py:3096} INFO - Sync 2 DAGs
[2024-05-02T23:06:25.211+0000] {logging_mixin.py:188} INFO - [2024-05-02T23:06:25.211+0000] {dag.py:3954} INFO - Setting next_dagrun for example_xcom_args to None, run_after=None
[2024-05-02T23:06:25.234+0000] {logging_mixin.py:188} INFO - [2024-05-02T23:06:25.233+0000] {dag.py:3954} INFO - Setting next_dagrun for example_xcom_args_with_operators to None, run_after=None
[2024-05-02T23:06:25.311+0000] {processor.py:183} INFO - Processing /home/airflow/.local/lib/python3.12/site-packages/airflow/example_dags/example_xcomargs.py took 0.309 seconds
