[2024-05-02T20:41:41.178+0000] {processor.py:161} INFO - Started process (PID=108) to work on /home/airflow/.local/lib/python3.12/site-packages/airflow/example_dags/example_branch_labels.py
[2024-05-02T20:41:41.257+0000] {processor.py:830} INFO - Processing file /home/airflow/.local/lib/python3.12/site-packages/airflow/example_dags/example_branch_labels.py for tasks to queue
[2024-05-02T20:41:41.320+0000] {logging_mixin.py:188} INFO - [2024-05-02T20:41:41.319+0000] {dagbag.py:540} INFO - Filling up the DagBag from /home/airflow/.local/lib/python3.12/site-packages/airflow/example_dags/example_branch_labels.py
[2024-05-02T20:41:41.811+0000] {processor.py:840} INFO - DAG(s) 'example_branch_labels' retrieved from /home/airflow/.local/lib/python3.12/site-packages/airflow/example_dags/example_branch_labels.py
[2024-05-02T20:41:45.507+0000] {logging_mixin.py:188} INFO - [2024-05-02T20:41:45.507+0000] {dag.py:3096} INFO - Sync 1 DAGs
[2024-05-02T20:41:47.183+0000] {logging_mixin.py:188} INFO - [2024-05-02T20:41:47.183+0000] {dag.py:3954} INFO - Setting next_dagrun for example_branch_labels to 2024-05-01 00:00:00+00:00, run_after=2024-05-02 00:00:00+00:00
[2024-05-02T20:41:47.859+0000] {processor.py:183} INFO - Processing /home/airflow/.local/lib/python3.12/site-packages/airflow/example_dags/example_branch_labels.py took 7.012 seconds
[2024-05-02T22:20:38.372+0000] {processor.py:161} INFO - Started process (PID=47) to work on /home/airflow/.local/lib/python3.12/site-packages/airflow/example_dags/example_branch_labels.py
[2024-05-02T22:20:38.415+0000] {processor.py:830} INFO - Processing file /home/airflow/.local/lib/python3.12/site-packages/airflow/example_dags/example_branch_labels.py for tasks to queue
[2024-05-02T22:20:38.446+0000] {logging_mixin.py:188} INFO - [2024-05-02T22:20:38.445+0000] {dagbag.py:540} INFO - Filling up the DagBag from /home/airflow/.local/lib/python3.12/site-packages/airflow/example_dags/example_branch_labels.py
[2024-05-02T22:20:38.602+0000] {processor.py:840} INFO - DAG(s) 'example_branch_labels' retrieved from /home/airflow/.local/lib/python3.12/site-packages/airflow/example_dags/example_branch_labels.py
[2024-05-02T22:20:39.348+0000] {logging_mixin.py:188} INFO - [2024-05-02T22:20:39.348+0000] {dag.py:3096} INFO - Sync 1 DAGs
[2024-05-02T22:20:39.431+0000] {logging_mixin.py:188} INFO - [2024-05-02T22:20:39.430+0000] {dag.py:3954} INFO - Setting next_dagrun for example_branch_labels to 2024-05-01 00:00:00+00:00, run_after=2024-05-02 00:00:00+00:00
[2024-05-02T22:20:39.495+0000] {processor.py:183} INFO - Processing /home/airflow/.local/lib/python3.12/site-packages/airflow/example_dags/example_branch_labels.py took 1.269 seconds
[2024-05-02T22:21:11.088+0000] {processor.py:161} INFO - Started process (PID=105) to work on /home/airflow/.local/lib/python3.12/site-packages/airflow/example_dags/example_branch_labels.py
[2024-05-02T22:21:11.095+0000] {processor.py:830} INFO - Processing file /home/airflow/.local/lib/python3.12/site-packages/airflow/example_dags/example_branch_labels.py for tasks to queue
[2024-05-02T22:21:11.109+0000] {logging_mixin.py:188} INFO - [2024-05-02T22:21:11.108+0000] {dagbag.py:540} INFO - Filling up the DagBag from /home/airflow/.local/lib/python3.12/site-packages/airflow/example_dags/example_branch_labels.py
[2024-05-02T22:21:11.154+0000] {processor.py:840} INFO - DAG(s) 'example_branch_labels' retrieved from /home/airflow/.local/lib/python3.12/site-packages/airflow/example_dags/example_branch_labels.py
[2024-05-02T22:21:11.224+0000] {logging_mixin.py:188} INFO - [2024-05-02T22:21:11.222+0000] {dag.py:3096} INFO - Sync 1 DAGs
[2024-05-02T22:21:11.384+0000] {logging_mixin.py:188} INFO - [2024-05-02T22:21:11.383+0000] {dag.py:3954} INFO - Setting next_dagrun for example_branch_labels to 2024-05-01 00:00:00+00:00, run_after=2024-05-02 00:00:00+00:00
[2024-05-02T22:21:11.435+0000] {processor.py:183} INFO - Processing /home/airflow/.local/lib/python3.12/site-packages/airflow/example_dags/example_branch_labels.py took 0.400 seconds
[2024-05-02T22:21:46.944+0000] {processor.py:161} INFO - Started process (PID=141) to work on /home/airflow/.local/lib/python3.12/site-packages/airflow/example_dags/example_branch_labels.py
[2024-05-02T22:21:46.955+0000] {processor.py:830} INFO - Processing file /home/airflow/.local/lib/python3.12/site-packages/airflow/example_dags/example_branch_labels.py for tasks to queue
[2024-05-02T22:21:46.967+0000] {logging_mixin.py:188} INFO - [2024-05-02T22:21:46.963+0000] {dagbag.py:540} INFO - Filling up the DagBag from /home/airflow/.local/lib/python3.12/site-packages/airflow/example_dags/example_branch_labels.py
[2024-05-02T22:21:47.048+0000] {processor.py:840} INFO - DAG(s) 'example_branch_labels' retrieved from /home/airflow/.local/lib/python3.12/site-packages/airflow/example_dags/example_branch_labels.py
[2024-05-02T22:21:47.214+0000] {logging_mixin.py:188} INFO - [2024-05-02T22:21:47.214+0000] {dag.py:3096} INFO - Sync 1 DAGs
[2024-05-02T22:21:47.413+0000] {logging_mixin.py:188} INFO - [2024-05-02T22:21:47.412+0000] {dag.py:3954} INFO - Setting next_dagrun for example_branch_labels to 2024-05-01 00:00:00+00:00, run_after=2024-05-02 00:00:00+00:00
[2024-05-02T22:21:47.545+0000] {processor.py:183} INFO - Processing /home/airflow/.local/lib/python3.12/site-packages/airflow/example_dags/example_branch_labels.py took 0.619 seconds
[2024-05-02T22:22:50.265+0000] {processor.py:161} INFO - Started process (PID=192) to work on /home/airflow/.local/lib/python3.12/site-packages/airflow/example_dags/example_branch_labels.py
[2024-05-02T22:22:50.267+0000] {processor.py:830} INFO - Processing file /home/airflow/.local/lib/python3.12/site-packages/airflow/example_dags/example_branch_labels.py for tasks to queue
[2024-05-02T22:22:50.272+0000] {logging_mixin.py:188} INFO - [2024-05-02T22:22:50.271+0000] {dagbag.py:540} INFO - Filling up the DagBag from /home/airflow/.local/lib/python3.12/site-packages/airflow/example_dags/example_branch_labels.py
[2024-05-02T22:22:50.314+0000] {processor.py:840} INFO - DAG(s) 'example_branch_labels' retrieved from /home/airflow/.local/lib/python3.12/site-packages/airflow/example_dags/example_branch_labels.py
[2024-05-02T22:22:50.482+0000] {logging_mixin.py:188} INFO - [2024-05-02T22:22:50.482+0000] {dag.py:3096} INFO - Sync 1 DAGs
[2024-05-02T22:22:50.656+0000] {logging_mixin.py:188} INFO - [2024-05-02T22:22:50.653+0000] {dag.py:3954} INFO - Setting next_dagrun for example_branch_labels to 2024-05-01 00:00:00+00:00, run_after=2024-05-02 00:00:00+00:00
[2024-05-02T22:22:50.787+0000] {processor.py:183} INFO - Processing /home/airflow/.local/lib/python3.12/site-packages/airflow/example_dags/example_branch_labels.py took 0.546 seconds
[2024-05-02T22:32:18.309+0000] {processor.py:161} INFO - Started process (PID=41) to work on /home/airflow/.local/lib/python3.12/site-packages/airflow/example_dags/example_branch_labels.py
[2024-05-02T22:32:18.321+0000] {processor.py:830} INFO - Processing file /home/airflow/.local/lib/python3.12/site-packages/airflow/example_dags/example_branch_labels.py for tasks to queue
[2024-05-02T22:32:18.334+0000] {logging_mixin.py:188} INFO - [2024-05-02T22:32:18.333+0000] {dagbag.py:540} INFO - Filling up the DagBag from /home/airflow/.local/lib/python3.12/site-packages/airflow/example_dags/example_branch_labels.py
[2024-05-02T22:32:18.400+0000] {processor.py:840} INFO - DAG(s) 'example_branch_labels' retrieved from /home/airflow/.local/lib/python3.12/site-packages/airflow/example_dags/example_branch_labels.py
[2024-05-02T22:32:19.483+0000] {logging_mixin.py:188} INFO - [2024-05-02T22:32:19.483+0000] {dag.py:3096} INFO - Sync 1 DAGs
[2024-05-02T22:32:19.684+0000] {logging_mixin.py:188} INFO - [2024-05-02T22:32:19.683+0000] {dag.py:3954} INFO - Setting next_dagrun for example_branch_labels to 2024-05-01 00:00:00+00:00, run_after=2024-05-02 00:00:00+00:00
[2024-05-02T22:32:19.918+0000] {processor.py:183} INFO - Processing /home/airflow/.local/lib/python3.12/site-packages/airflow/example_dags/example_branch_labels.py took 1.653 seconds
[2024-05-02T22:32:51.959+0000] {processor.py:161} INFO - Started process (PID=100) to work on /home/airflow/.local/lib/python3.12/site-packages/airflow/example_dags/example_branch_labels.py
[2024-05-02T22:32:51.961+0000] {processor.py:830} INFO - Processing file /home/airflow/.local/lib/python3.12/site-packages/airflow/example_dags/example_branch_labels.py for tasks to queue
[2024-05-02T22:32:51.976+0000] {logging_mixin.py:188} INFO - [2024-05-02T22:32:51.976+0000] {dagbag.py:540} INFO - Filling up the DagBag from /home/airflow/.local/lib/python3.12/site-packages/airflow/example_dags/example_branch_labels.py
[2024-05-02T22:32:52.051+0000] {processor.py:840} INFO - DAG(s) 'example_branch_labels' retrieved from /home/airflow/.local/lib/python3.12/site-packages/airflow/example_dags/example_branch_labels.py
[2024-05-02T22:32:52.122+0000] {logging_mixin.py:188} INFO - [2024-05-02T22:32:52.121+0000] {dag.py:3096} INFO - Sync 1 DAGs
[2024-05-02T22:32:52.507+0000] {logging_mixin.py:188} INFO - [2024-05-02T22:32:52.506+0000] {dag.py:3954} INFO - Setting next_dagrun for example_branch_labels to 2024-05-01 00:00:00+00:00, run_after=2024-05-02 00:00:00+00:00
[2024-05-02T22:32:52.636+0000] {processor.py:183} INFO - Processing /home/airflow/.local/lib/python3.12/site-packages/airflow/example_dags/example_branch_labels.py took 0.696 seconds
[2024-05-02T22:33:23.257+0000] {processor.py:161} INFO - Started process (PID=157) to work on /home/airflow/.local/lib/python3.12/site-packages/airflow/example_dags/example_branch_labels.py
[2024-05-02T22:33:23.259+0000] {processor.py:830} INFO - Processing file /home/airflow/.local/lib/python3.12/site-packages/airflow/example_dags/example_branch_labels.py for tasks to queue
[2024-05-02T22:33:23.264+0000] {logging_mixin.py:188} INFO - [2024-05-02T22:33:23.263+0000] {dagbag.py:540} INFO - Filling up the DagBag from /home/airflow/.local/lib/python3.12/site-packages/airflow/example_dags/example_branch_labels.py
[2024-05-02T22:33:23.283+0000] {processor.py:840} INFO - DAG(s) 'example_branch_labels' retrieved from /home/airflow/.local/lib/python3.12/site-packages/airflow/example_dags/example_branch_labels.py
[2024-05-02T22:33:23.342+0000] {logging_mixin.py:188} INFO - [2024-05-02T22:33:23.342+0000] {dag.py:3096} INFO - Sync 1 DAGs
[2024-05-02T22:33:23.403+0000] {logging_mixin.py:188} INFO - [2024-05-02T22:33:23.403+0000] {dag.py:3954} INFO - Setting next_dagrun for example_branch_labels to 2024-05-01 00:00:00+00:00, run_after=2024-05-02 00:00:00+00:00
[2024-05-02T22:33:23.467+0000] {processor.py:183} INFO - Processing /home/airflow/.local/lib/python3.12/site-packages/airflow/example_dags/example_branch_labels.py took 0.224 seconds
[2024-05-02T22:33:56.672+0000] {processor.py:161} INFO - Started process (PID=210) to work on /home/airflow/.local/lib/python3.12/site-packages/airflow/example_dags/example_branch_labels.py
[2024-05-02T22:33:56.675+0000] {processor.py:830} INFO - Processing file /home/airflow/.local/lib/python3.12/site-packages/airflow/example_dags/example_branch_labels.py for tasks to queue
[2024-05-02T22:33:56.683+0000] {logging_mixin.py:188} INFO - [2024-05-02T22:33:56.681+0000] {dagbag.py:540} INFO - Filling up the DagBag from /home/airflow/.local/lib/python3.12/site-packages/airflow/example_dags/example_branch_labels.py
[2024-05-02T22:33:56.705+0000] {processor.py:840} INFO - DAG(s) 'example_branch_labels' retrieved from /home/airflow/.local/lib/python3.12/site-packages/airflow/example_dags/example_branch_labels.py
[2024-05-02T22:33:56.787+0000] {logging_mixin.py:188} INFO - [2024-05-02T22:33:56.786+0000] {dag.py:3096} INFO - Sync 1 DAGs
[2024-05-02T22:33:56.915+0000] {logging_mixin.py:188} INFO - [2024-05-02T22:33:56.914+0000] {dag.py:3954} INFO - Setting next_dagrun for example_branch_labels to 2024-05-01 00:00:00+00:00, run_after=2024-05-02 00:00:00+00:00
[2024-05-02T22:33:57.100+0000] {processor.py:183} INFO - Processing /home/airflow/.local/lib/python3.12/site-packages/airflow/example_dags/example_branch_labels.py took 0.446 seconds
[2024-05-02T22:34:27.745+0000] {processor.py:161} INFO - Started process (PID=269) to work on /home/airflow/.local/lib/python3.12/site-packages/airflow/example_dags/example_branch_labels.py
[2024-05-02T22:34:27.757+0000] {processor.py:830} INFO - Processing file /home/airflow/.local/lib/python3.12/site-packages/airflow/example_dags/example_branch_labels.py for tasks to queue
[2024-05-02T22:34:27.768+0000] {logging_mixin.py:188} INFO - [2024-05-02T22:34:27.767+0000] {dagbag.py:540} INFO - Filling up the DagBag from /home/airflow/.local/lib/python3.12/site-packages/airflow/example_dags/example_branch_labels.py
[2024-05-02T22:34:27.803+0000] {processor.py:840} INFO - DAG(s) 'example_branch_labels' retrieved from /home/airflow/.local/lib/python3.12/site-packages/airflow/example_dags/example_branch_labels.py
[2024-05-02T22:34:27.910+0000] {logging_mixin.py:188} INFO - [2024-05-02T22:34:27.909+0000] {dag.py:3096} INFO - Sync 1 DAGs
[2024-05-02T22:34:28.079+0000] {logging_mixin.py:188} INFO - [2024-05-02T22:34:28.079+0000] {dag.py:3954} INFO - Setting next_dagrun for example_branch_labels to 2024-05-01 00:00:00+00:00, run_after=2024-05-02 00:00:00+00:00
[2024-05-02T22:34:28.194+0000] {processor.py:183} INFO - Processing /home/airflow/.local/lib/python3.12/site-packages/airflow/example_dags/example_branch_labels.py took 0.486 seconds
[2024-05-02T22:34:58.693+0000] {processor.py:161} INFO - Started process (PID=329) to work on /home/airflow/.local/lib/python3.12/site-packages/airflow/example_dags/example_branch_labels.py
[2024-05-02T22:34:58.698+0000] {processor.py:830} INFO - Processing file /home/airflow/.local/lib/python3.12/site-packages/airflow/example_dags/example_branch_labels.py for tasks to queue
[2024-05-02T22:34:58.714+0000] {logging_mixin.py:188} INFO - [2024-05-02T22:34:58.704+0000] {dagbag.py:540} INFO - Filling up the DagBag from /home/airflow/.local/lib/python3.12/site-packages/airflow/example_dags/example_branch_labels.py
[2024-05-02T22:34:58.749+0000] {processor.py:840} INFO - DAG(s) 'example_branch_labels' retrieved from /home/airflow/.local/lib/python3.12/site-packages/airflow/example_dags/example_branch_labels.py
[2024-05-02T22:34:58.771+0000] {logging_mixin.py:188} INFO - [2024-05-02T22:34:58.771+0000] {dag.py:3096} INFO - Sync 1 DAGs
[2024-05-02T22:34:58.825+0000] {logging_mixin.py:188} INFO - [2024-05-02T22:34:58.824+0000] {dag.py:3954} INFO - Setting next_dagrun for example_branch_labels to 2024-05-01 00:00:00+00:00, run_after=2024-05-02 00:00:00+00:00
[2024-05-02T22:34:58.872+0000] {processor.py:183} INFO - Processing /home/airflow/.local/lib/python3.12/site-packages/airflow/example_dags/example_branch_labels.py took 0.193 seconds
[2024-05-02T22:35:30.844+0000] {processor.py:161} INFO - Started process (PID=392) to work on /home/airflow/.local/lib/python3.12/site-packages/airflow/example_dags/example_branch_labels.py
[2024-05-02T22:35:30.847+0000] {processor.py:830} INFO - Processing file /home/airflow/.local/lib/python3.12/site-packages/airflow/example_dags/example_branch_labels.py for tasks to queue
[2024-05-02T22:35:30.851+0000] {logging_mixin.py:188} INFO - [2024-05-02T22:35:30.851+0000] {dagbag.py:540} INFO - Filling up the DagBag from /home/airflow/.local/lib/python3.12/site-packages/airflow/example_dags/example_branch_labels.py
[2024-05-02T22:35:30.869+0000] {processor.py:840} INFO - DAG(s) 'example_branch_labels' retrieved from /home/airflow/.local/lib/python3.12/site-packages/airflow/example_dags/example_branch_labels.py
[2024-05-02T22:35:31.336+0000] {logging_mixin.py:188} INFO - [2024-05-02T22:35:31.335+0000] {dag.py:3096} INFO - Sync 1 DAGs
[2024-05-02T22:35:31.387+0000] {logging_mixin.py:188} INFO - [2024-05-02T22:35:31.386+0000] {dag.py:3954} INFO - Setting next_dagrun for example_branch_labels to 2024-05-01 00:00:00+00:00, run_after=2024-05-02 00:00:00+00:00
[2024-05-02T22:35:31.877+0000] {processor.py:183} INFO - Processing /home/airflow/.local/lib/python3.12/site-packages/airflow/example_dags/example_branch_labels.py took 1.046 seconds
[2024-05-02T22:36:02.629+0000] {processor.py:161} INFO - Started process (PID=450) to work on /home/airflow/.local/lib/python3.12/site-packages/airflow/example_dags/example_branch_labels.py
[2024-05-02T22:36:02.631+0000] {processor.py:830} INFO - Processing file /home/airflow/.local/lib/python3.12/site-packages/airflow/example_dags/example_branch_labels.py for tasks to queue
[2024-05-02T22:36:02.635+0000] {logging_mixin.py:188} INFO - [2024-05-02T22:36:02.634+0000] {dagbag.py:540} INFO - Filling up the DagBag from /home/airflow/.local/lib/python3.12/site-packages/airflow/example_dags/example_branch_labels.py
[2024-05-02T22:36:02.651+0000] {processor.py:840} INFO - DAG(s) 'example_branch_labels' retrieved from /home/airflow/.local/lib/python3.12/site-packages/airflow/example_dags/example_branch_labels.py
[2024-05-02T22:36:02.698+0000] {logging_mixin.py:188} INFO - [2024-05-02T22:36:02.697+0000] {dag.py:3096} INFO - Sync 1 DAGs
[2024-05-02T22:36:02.754+0000] {logging_mixin.py:188} INFO - [2024-05-02T22:36:02.753+0000] {dag.py:3954} INFO - Setting next_dagrun for example_branch_labels to 2024-05-01 00:00:00+00:00, run_after=2024-05-02 00:00:00+00:00
[2024-05-02T22:36:02.815+0000] {processor.py:183} INFO - Processing /home/airflow/.local/lib/python3.12/site-packages/airflow/example_dags/example_branch_labels.py took 0.197 seconds
[2024-05-02T22:36:33.163+0000] {processor.py:161} INFO - Started process (PID=509) to work on /home/airflow/.local/lib/python3.12/site-packages/airflow/example_dags/example_branch_labels.py
[2024-05-02T22:36:33.165+0000] {processor.py:830} INFO - Processing file /home/airflow/.local/lib/python3.12/site-packages/airflow/example_dags/example_branch_labels.py for tasks to queue
[2024-05-02T22:36:33.170+0000] {logging_mixin.py:188} INFO - [2024-05-02T22:36:33.169+0000] {dagbag.py:540} INFO - Filling up the DagBag from /home/airflow/.local/lib/python3.12/site-packages/airflow/example_dags/example_branch_labels.py
[2024-05-02T22:36:33.189+0000] {processor.py:840} INFO - DAG(s) 'example_branch_labels' retrieved from /home/airflow/.local/lib/python3.12/site-packages/airflow/example_dags/example_branch_labels.py
[2024-05-02T22:36:33.236+0000] {logging_mixin.py:188} INFO - [2024-05-02T22:36:33.236+0000] {dag.py:3096} INFO - Sync 1 DAGs
[2024-05-02T22:36:33.302+0000] {logging_mixin.py:188} INFO - [2024-05-02T22:36:33.302+0000] {dag.py:3954} INFO - Setting next_dagrun for example_branch_labels to 2024-05-01 00:00:00+00:00, run_after=2024-05-02 00:00:00+00:00
[2024-05-02T22:36:33.353+0000] {processor.py:183} INFO - Processing /home/airflow/.local/lib/python3.12/site-packages/airflow/example_dags/example_branch_labels.py took 0.205 seconds
[2024-05-02T22:37:10.792+0000] {processor.py:161} INFO - Started process (PID=569) to work on /home/airflow/.local/lib/python3.12/site-packages/airflow/example_dags/example_branch_labels.py
[2024-05-02T22:37:10.793+0000] {processor.py:830} INFO - Processing file /home/airflow/.local/lib/python3.12/site-packages/airflow/example_dags/example_branch_labels.py for tasks to queue
[2024-05-02T22:37:10.797+0000] {logging_mixin.py:188} INFO - [2024-05-02T22:37:10.797+0000] {dagbag.py:540} INFO - Filling up the DagBag from /home/airflow/.local/lib/python3.12/site-packages/airflow/example_dags/example_branch_labels.py
[2024-05-02T22:37:10.811+0000] {processor.py:840} INFO - DAG(s) 'example_branch_labels' retrieved from /home/airflow/.local/lib/python3.12/site-packages/airflow/example_dags/example_branch_labels.py
[2024-05-02T22:37:10.848+0000] {logging_mixin.py:188} INFO - [2024-05-02T22:37:10.847+0000] {dag.py:3096} INFO - Sync 1 DAGs
[2024-05-02T22:37:10.913+0000] {logging_mixin.py:188} INFO - [2024-05-02T22:37:10.913+0000] {dag.py:3954} INFO - Setting next_dagrun for example_branch_labels to 2024-05-01 00:00:00+00:00, run_after=2024-05-02 00:00:00+00:00
[2024-05-02T22:37:10.990+0000] {processor.py:183} INFO - Processing /home/airflow/.local/lib/python3.12/site-packages/airflow/example_dags/example_branch_labels.py took 0.211 seconds
[2024-05-02T22:37:42.971+0000] {processor.py:161} INFO - Started process (PID=623) to work on /home/airflow/.local/lib/python3.12/site-packages/airflow/example_dags/example_branch_labels.py
[2024-05-02T22:37:42.997+0000] {processor.py:830} INFO - Processing file /home/airflow/.local/lib/python3.12/site-packages/airflow/example_dags/example_branch_labels.py for tasks to queue
[2024-05-02T22:37:43.027+0000] {logging_mixin.py:188} INFO - [2024-05-02T22:37:43.025+0000] {dagbag.py:540} INFO - Filling up the DagBag from /home/airflow/.local/lib/python3.12/site-packages/airflow/example_dags/example_branch_labels.py
[2024-05-02T22:37:43.099+0000] {processor.py:840} INFO - DAG(s) 'example_branch_labels' retrieved from /home/airflow/.local/lib/python3.12/site-packages/airflow/example_dags/example_branch_labels.py
[2024-05-02T22:37:43.547+0000] {logging_mixin.py:188} INFO - [2024-05-02T22:37:43.546+0000] {dag.py:3096} INFO - Sync 1 DAGs
[2024-05-02T22:37:43.784+0000] {logging_mixin.py:188} INFO - [2024-05-02T22:37:43.783+0000] {dag.py:3954} INFO - Setting next_dagrun for example_branch_labels to 2024-05-01 00:00:00+00:00, run_after=2024-05-02 00:00:00+00:00
[2024-05-02T22:37:44.051+0000] {processor.py:183} INFO - Processing /home/airflow/.local/lib/python3.12/site-packages/airflow/example_dags/example_branch_labels.py took 1.130 seconds
[2024-05-02T22:38:14.338+0000] {processor.py:161} INFO - Started process (PID=682) to work on /home/airflow/.local/lib/python3.12/site-packages/airflow/example_dags/example_branch_labels.py
[2024-05-02T22:38:14.344+0000] {processor.py:830} INFO - Processing file /home/airflow/.local/lib/python3.12/site-packages/airflow/example_dags/example_branch_labels.py for tasks to queue
[2024-05-02T22:38:14.347+0000] {logging_mixin.py:188} INFO - [2024-05-02T22:38:14.347+0000] {dagbag.py:540} INFO - Filling up the DagBag from /home/airflow/.local/lib/python3.12/site-packages/airflow/example_dags/example_branch_labels.py
[2024-05-02T22:38:14.376+0000] {processor.py:840} INFO - DAG(s) 'example_branch_labels' retrieved from /home/airflow/.local/lib/python3.12/site-packages/airflow/example_dags/example_branch_labels.py
[2024-05-02T22:38:14.467+0000] {logging_mixin.py:188} INFO - [2024-05-02T22:38:14.466+0000] {dag.py:3096} INFO - Sync 1 DAGs
[2024-05-02T22:38:14.560+0000] {logging_mixin.py:188} INFO - [2024-05-02T22:38:14.560+0000] {dag.py:3954} INFO - Setting next_dagrun for example_branch_labels to 2024-05-01 00:00:00+00:00, run_after=2024-05-02 00:00:00+00:00
[2024-05-02T22:38:14.608+0000] {processor.py:183} INFO - Processing /home/airflow/.local/lib/python3.12/site-packages/airflow/example_dags/example_branch_labels.py took 0.283 seconds
[2024-05-02T22:38:47.331+0000] {processor.py:161} INFO - Started process (PID=737) to work on /home/airflow/.local/lib/python3.12/site-packages/airflow/example_dags/example_branch_labels.py
[2024-05-02T22:38:47.335+0000] {processor.py:830} INFO - Processing file /home/airflow/.local/lib/python3.12/site-packages/airflow/example_dags/example_branch_labels.py for tasks to queue
[2024-05-02T22:38:47.339+0000] {logging_mixin.py:188} INFO - [2024-05-02T22:38:47.338+0000] {dagbag.py:540} INFO - Filling up the DagBag from /home/airflow/.local/lib/python3.12/site-packages/airflow/example_dags/example_branch_labels.py
[2024-05-02T22:38:47.360+0000] {processor.py:840} INFO - DAG(s) 'example_branch_labels' retrieved from /home/airflow/.local/lib/python3.12/site-packages/airflow/example_dags/example_branch_labels.py
[2024-05-02T22:38:47.479+0000] {logging_mixin.py:188} INFO - [2024-05-02T22:38:47.479+0000] {dag.py:3096} INFO - Sync 1 DAGs
[2024-05-02T22:38:47.575+0000] {logging_mixin.py:188} INFO - [2024-05-02T22:38:47.575+0000] {dag.py:3954} INFO - Setting next_dagrun for example_branch_labels to 2024-05-01 00:00:00+00:00, run_after=2024-05-02 00:00:00+00:00
[2024-05-02T22:38:47.873+0000] {processor.py:183} INFO - Processing /home/airflow/.local/lib/python3.12/site-packages/airflow/example_dags/example_branch_labels.py took 0.557 seconds
[2024-05-02T22:39:22.652+0000] {processor.py:161} INFO - Started process (PID=796) to work on /home/airflow/.local/lib/python3.12/site-packages/airflow/example_dags/example_branch_labels.py
[2024-05-02T22:39:22.871+0000] {processor.py:830} INFO - Processing file /home/airflow/.local/lib/python3.12/site-packages/airflow/example_dags/example_branch_labels.py for tasks to queue
[2024-05-02T22:39:22.933+0000] {logging_mixin.py:188} INFO - [2024-05-02T22:39:22.932+0000] {dagbag.py:540} INFO - Filling up the DagBag from /home/airflow/.local/lib/python3.12/site-packages/airflow/example_dags/example_branch_labels.py
[2024-05-02T22:39:23.001+0000] {processor.py:840} INFO - DAG(s) 'example_branch_labels' retrieved from /home/airflow/.local/lib/python3.12/site-packages/airflow/example_dags/example_branch_labels.py
[2024-05-02T22:39:23.196+0000] {logging_mixin.py:188} INFO - [2024-05-02T22:39:23.196+0000] {dag.py:3096} INFO - Sync 1 DAGs
[2024-05-02T22:39:23.789+0000] {logging_mixin.py:188} INFO - [2024-05-02T22:39:23.789+0000] {dag.py:3954} INFO - Setting next_dagrun for example_branch_labels to 2024-05-01 00:00:00+00:00, run_after=2024-05-02 00:00:00+00:00
[2024-05-02T22:39:23.874+0000] {processor.py:183} INFO - Processing /home/airflow/.local/lib/python3.12/site-packages/airflow/example_dags/example_branch_labels.py took 1.249 seconds
[2024-05-02T22:39:59.233+0000] {processor.py:161} INFO - Started process (PID=839) to work on /home/airflow/.local/lib/python3.12/site-packages/airflow/example_dags/example_branch_labels.py
[2024-05-02T22:39:59.235+0000] {processor.py:830} INFO - Processing file /home/airflow/.local/lib/python3.12/site-packages/airflow/example_dags/example_branch_labels.py for tasks to queue
[2024-05-02T22:39:59.240+0000] {logging_mixin.py:188} INFO - [2024-05-02T22:39:59.239+0000] {dagbag.py:540} INFO - Filling up the DagBag from /home/airflow/.local/lib/python3.12/site-packages/airflow/example_dags/example_branch_labels.py
[2024-05-02T22:39:59.293+0000] {processor.py:840} INFO - DAG(s) 'example_branch_labels' retrieved from /home/airflow/.local/lib/python3.12/site-packages/airflow/example_dags/example_branch_labels.py
[2024-05-02T22:40:01.134+0000] {logging_mixin.py:188} INFO - [2024-05-02T22:40:01.133+0000] {dag.py:3096} INFO - Sync 1 DAGs
[2024-05-02T22:40:01.253+0000] {logging_mixin.py:188} INFO - [2024-05-02T22:40:01.252+0000] {dag.py:3954} INFO - Setting next_dagrun for example_branch_labels to 2024-05-01 00:00:00+00:00, run_after=2024-05-02 00:00:00+00:00
[2024-05-02T22:40:01.374+0000] {processor.py:183} INFO - Processing /home/airflow/.local/lib/python3.12/site-packages/airflow/example_dags/example_branch_labels.py took 2.159 seconds
[2024-05-02T22:40:31.633+0000] {processor.py:161} INFO - Started process (PID=899) to work on /home/airflow/.local/lib/python3.12/site-packages/airflow/example_dags/example_branch_labels.py
[2024-05-02T22:40:31.635+0000] {processor.py:830} INFO - Processing file /home/airflow/.local/lib/python3.12/site-packages/airflow/example_dags/example_branch_labels.py for tasks to queue
[2024-05-02T22:40:31.638+0000] {logging_mixin.py:188} INFO - [2024-05-02T22:40:31.638+0000] {dagbag.py:540} INFO - Filling up the DagBag from /home/airflow/.local/lib/python3.12/site-packages/airflow/example_dags/example_branch_labels.py
[2024-05-02T22:40:31.657+0000] {processor.py:840} INFO - DAG(s) 'example_branch_labels' retrieved from /home/airflow/.local/lib/python3.12/site-packages/airflow/example_dags/example_branch_labels.py
[2024-05-02T22:40:31.709+0000] {logging_mixin.py:188} INFO - [2024-05-02T22:40:31.709+0000] {dag.py:3096} INFO - Sync 1 DAGs
[2024-05-02T22:40:31.969+0000] {logging_mixin.py:188} INFO - [2024-05-02T22:40:31.968+0000] {dag.py:3954} INFO - Setting next_dagrun for example_branch_labels to 2024-05-01 00:00:00+00:00, run_after=2024-05-02 00:00:00+00:00
[2024-05-02T22:40:32.003+0000] {processor.py:183} INFO - Processing /home/airflow/.local/lib/python3.12/site-packages/airflow/example_dags/example_branch_labels.py took 0.381 seconds
[2024-05-02T22:41:02.272+0000] {processor.py:161} INFO - Started process (PID=958) to work on /home/airflow/.local/lib/python3.12/site-packages/airflow/example_dags/example_branch_labels.py
[2024-05-02T22:41:02.274+0000] {processor.py:830} INFO - Processing file /home/airflow/.local/lib/python3.12/site-packages/airflow/example_dags/example_branch_labels.py for tasks to queue
[2024-05-02T22:41:02.278+0000] {logging_mixin.py:188} INFO - [2024-05-02T22:41:02.277+0000] {dagbag.py:540} INFO - Filling up the DagBag from /home/airflow/.local/lib/python3.12/site-packages/airflow/example_dags/example_branch_labels.py
[2024-05-02T22:41:02.292+0000] {processor.py:840} INFO - DAG(s) 'example_branch_labels' retrieved from /home/airflow/.local/lib/python3.12/site-packages/airflow/example_dags/example_branch_labels.py
[2024-05-02T22:41:02.334+0000] {logging_mixin.py:188} INFO - [2024-05-02T22:41:02.334+0000] {dag.py:3096} INFO - Sync 1 DAGs
[2024-05-02T22:41:02.381+0000] {logging_mixin.py:188} INFO - [2024-05-02T22:41:02.381+0000] {dag.py:3954} INFO - Setting next_dagrun for example_branch_labels to 2024-05-01 00:00:00+00:00, run_after=2024-05-02 00:00:00+00:00
[2024-05-02T22:41:02.600+0000] {processor.py:183} INFO - Processing /home/airflow/.local/lib/python3.12/site-packages/airflow/example_dags/example_branch_labels.py took 0.337 seconds
[2024-05-02T22:41:32.985+0000] {processor.py:161} INFO - Started process (PID=1017) to work on /home/airflow/.local/lib/python3.12/site-packages/airflow/example_dags/example_branch_labels.py
[2024-05-02T22:41:32.989+0000] {processor.py:830} INFO - Processing file /home/airflow/.local/lib/python3.12/site-packages/airflow/example_dags/example_branch_labels.py for tasks to queue
[2024-05-02T22:41:32.993+0000] {logging_mixin.py:188} INFO - [2024-05-02T22:41:32.992+0000] {dagbag.py:540} INFO - Filling up the DagBag from /home/airflow/.local/lib/python3.12/site-packages/airflow/example_dags/example_branch_labels.py
[2024-05-02T22:41:33.015+0000] {processor.py:840} INFO - DAG(s) 'example_branch_labels' retrieved from /home/airflow/.local/lib/python3.12/site-packages/airflow/example_dags/example_branch_labels.py
[2024-05-02T22:41:33.154+0000] {logging_mixin.py:188} INFO - [2024-05-02T22:41:33.153+0000] {dag.py:3096} INFO - Sync 1 DAGs
[2024-05-02T22:41:33.276+0000] {logging_mixin.py:188} INFO - [2024-05-02T22:41:33.275+0000] {dag.py:3954} INFO - Setting next_dagrun for example_branch_labels to 2024-05-01 00:00:00+00:00, run_after=2024-05-02 00:00:00+00:00
[2024-05-02T22:41:33.344+0000] {processor.py:183} INFO - Processing /home/airflow/.local/lib/python3.12/site-packages/airflow/example_dags/example_branch_labels.py took 0.384 seconds
[2024-05-02T22:42:03.970+0000] {processor.py:161} INFO - Started process (PID=1082) to work on /home/airflow/.local/lib/python3.12/site-packages/airflow/example_dags/example_branch_labels.py
[2024-05-02T22:42:03.972+0000] {processor.py:830} INFO - Processing file /home/airflow/.local/lib/python3.12/site-packages/airflow/example_dags/example_branch_labels.py for tasks to queue
[2024-05-02T22:42:03.975+0000] {logging_mixin.py:188} INFO - [2024-05-02T22:42:03.974+0000] {dagbag.py:540} INFO - Filling up the DagBag from /home/airflow/.local/lib/python3.12/site-packages/airflow/example_dags/example_branch_labels.py
[2024-05-02T22:42:03.986+0000] {processor.py:840} INFO - DAG(s) 'example_branch_labels' retrieved from /home/airflow/.local/lib/python3.12/site-packages/airflow/example_dags/example_branch_labels.py
[2024-05-02T22:42:04.020+0000] {logging_mixin.py:188} INFO - [2024-05-02T22:42:04.020+0000] {dag.py:3096} INFO - Sync 1 DAGs
[2024-05-02T22:42:04.071+0000] {logging_mixin.py:188} INFO - [2024-05-02T22:42:04.070+0000] {dag.py:3954} INFO - Setting next_dagrun for example_branch_labels to 2024-05-01 00:00:00+00:00, run_after=2024-05-02 00:00:00+00:00
[2024-05-02T22:42:04.110+0000] {processor.py:183} INFO - Processing /home/airflow/.local/lib/python3.12/site-packages/airflow/example_dags/example_branch_labels.py took 0.148 seconds
[2024-05-02T22:42:34.469+0000] {processor.py:161} INFO - Started process (PID=1141) to work on /home/airflow/.local/lib/python3.12/site-packages/airflow/example_dags/example_branch_labels.py
[2024-05-02T22:42:34.471+0000] {processor.py:830} INFO - Processing file /home/airflow/.local/lib/python3.12/site-packages/airflow/example_dags/example_branch_labels.py for tasks to queue
[2024-05-02T22:42:34.474+0000] {logging_mixin.py:188} INFO - [2024-05-02T22:42:34.473+0000] {dagbag.py:540} INFO - Filling up the DagBag from /home/airflow/.local/lib/python3.12/site-packages/airflow/example_dags/example_branch_labels.py
[2024-05-02T22:42:34.486+0000] {processor.py:840} INFO - DAG(s) 'example_branch_labels' retrieved from /home/airflow/.local/lib/python3.12/site-packages/airflow/example_dags/example_branch_labels.py
[2024-05-02T22:42:34.528+0000] {logging_mixin.py:188} INFO - [2024-05-02T22:42:34.527+0000] {dag.py:3096} INFO - Sync 1 DAGs
[2024-05-02T22:42:34.571+0000] {logging_mixin.py:188} INFO - [2024-05-02T22:42:34.570+0000] {dag.py:3954} INFO - Setting next_dagrun for example_branch_labels to 2024-05-01 00:00:00+00:00, run_after=2024-05-02 00:00:00+00:00
[2024-05-02T22:42:34.613+0000] {processor.py:183} INFO - Processing /home/airflow/.local/lib/python3.12/site-packages/airflow/example_dags/example_branch_labels.py took 0.153 seconds
[2024-05-02T22:43:04.889+0000] {processor.py:161} INFO - Started process (PID=1200) to work on /home/airflow/.local/lib/python3.12/site-packages/airflow/example_dags/example_branch_labels.py
[2024-05-02T22:43:04.894+0000] {processor.py:830} INFO - Processing file /home/airflow/.local/lib/python3.12/site-packages/airflow/example_dags/example_branch_labels.py for tasks to queue
[2024-05-02T22:43:04.900+0000] {logging_mixin.py:188} INFO - [2024-05-02T22:43:04.899+0000] {dagbag.py:540} INFO - Filling up the DagBag from /home/airflow/.local/lib/python3.12/site-packages/airflow/example_dags/example_branch_labels.py
[2024-05-02T22:43:04.922+0000] {processor.py:840} INFO - DAG(s) 'example_branch_labels' retrieved from /home/airflow/.local/lib/python3.12/site-packages/airflow/example_dags/example_branch_labels.py
[2024-05-02T22:43:04.983+0000] {logging_mixin.py:188} INFO - [2024-05-02T22:43:04.982+0000] {dag.py:3096} INFO - Sync 1 DAGs
[2024-05-02T22:43:05.057+0000] {logging_mixin.py:188} INFO - [2024-05-02T22:43:05.056+0000] {dag.py:3954} INFO - Setting next_dagrun for example_branch_labels to 2024-05-01 00:00:00+00:00, run_after=2024-05-02 00:00:00+00:00
[2024-05-02T22:43:05.131+0000] {processor.py:183} INFO - Processing /home/airflow/.local/lib/python3.12/site-packages/airflow/example_dags/example_branch_labels.py took 0.260 seconds
[2024-05-02T22:43:36.244+0000] {processor.py:161} INFO - Started process (PID=1259) to work on /home/airflow/.local/lib/python3.12/site-packages/airflow/example_dags/example_branch_labels.py
[2024-05-02T22:43:36.247+0000] {processor.py:830} INFO - Processing file /home/airflow/.local/lib/python3.12/site-packages/airflow/example_dags/example_branch_labels.py for tasks to queue
[2024-05-02T22:43:36.253+0000] {logging_mixin.py:188} INFO - [2024-05-02T22:43:36.251+0000] {dagbag.py:540} INFO - Filling up the DagBag from /home/airflow/.local/lib/python3.12/site-packages/airflow/example_dags/example_branch_labels.py
[2024-05-02T22:43:36.281+0000] {processor.py:840} INFO - DAG(s) 'example_branch_labels' retrieved from /home/airflow/.local/lib/python3.12/site-packages/airflow/example_dags/example_branch_labels.py
[2024-05-02T22:43:36.354+0000] {logging_mixin.py:188} INFO - [2024-05-02T22:43:36.353+0000] {dag.py:3096} INFO - Sync 1 DAGs
[2024-05-02T22:43:36.409+0000] {logging_mixin.py:188} INFO - [2024-05-02T22:43:36.408+0000] {dag.py:3954} INFO - Setting next_dagrun for example_branch_labels to 2024-05-01 00:00:00+00:00, run_after=2024-05-02 00:00:00+00:00
[2024-05-02T22:43:36.454+0000] {processor.py:183} INFO - Processing /home/airflow/.local/lib/python3.12/site-packages/airflow/example_dags/example_branch_labels.py took 0.254 seconds
[2024-05-02T22:44:07.088+0000] {processor.py:161} INFO - Started process (PID=1318) to work on /home/airflow/.local/lib/python3.12/site-packages/airflow/example_dags/example_branch_labels.py
[2024-05-02T22:44:07.117+0000] {processor.py:830} INFO - Processing file /home/airflow/.local/lib/python3.12/site-packages/airflow/example_dags/example_branch_labels.py for tasks to queue
[2024-05-02T22:44:07.135+0000] {logging_mixin.py:188} INFO - [2024-05-02T22:44:07.134+0000] {dagbag.py:540} INFO - Filling up the DagBag from /home/airflow/.local/lib/python3.12/site-packages/airflow/example_dags/example_branch_labels.py
[2024-05-02T22:44:07.216+0000] {processor.py:840} INFO - DAG(s) 'example_branch_labels' retrieved from /home/airflow/.local/lib/python3.12/site-packages/airflow/example_dags/example_branch_labels.py
[2024-05-02T22:44:07.434+0000] {logging_mixin.py:188} INFO - [2024-05-02T22:44:07.423+0000] {dag.py:3096} INFO - Sync 1 DAGs
[2024-05-02T22:44:07.634+0000] {logging_mixin.py:188} INFO - [2024-05-02T22:44:07.634+0000] {dag.py:3954} INFO - Setting next_dagrun for example_branch_labels to 2024-05-01 00:00:00+00:00, run_after=2024-05-02 00:00:00+00:00
[2024-05-02T22:44:07.881+0000] {processor.py:183} INFO - Processing /home/airflow/.local/lib/python3.12/site-packages/airflow/example_dags/example_branch_labels.py took 0.816 seconds
[2024-05-02T22:44:38.235+0000] {processor.py:161} INFO - Started process (PID=1377) to work on /home/airflow/.local/lib/python3.12/site-packages/airflow/example_dags/example_branch_labels.py
[2024-05-02T22:44:38.237+0000] {processor.py:830} INFO - Processing file /home/airflow/.local/lib/python3.12/site-packages/airflow/example_dags/example_branch_labels.py for tasks to queue
[2024-05-02T22:44:38.242+0000] {logging_mixin.py:188} INFO - [2024-05-02T22:44:38.241+0000] {dagbag.py:540} INFO - Filling up the DagBag from /home/airflow/.local/lib/python3.12/site-packages/airflow/example_dags/example_branch_labels.py
[2024-05-02T22:44:38.258+0000] {processor.py:840} INFO - DAG(s) 'example_branch_labels' retrieved from /home/airflow/.local/lib/python3.12/site-packages/airflow/example_dags/example_branch_labels.py
[2024-05-02T22:44:38.307+0000] {logging_mixin.py:188} INFO - [2024-05-02T22:44:38.307+0000] {dag.py:3096} INFO - Sync 1 DAGs
[2024-05-02T22:44:38.366+0000] {logging_mixin.py:188} INFO - [2024-05-02T22:44:38.366+0000] {dag.py:3954} INFO - Setting next_dagrun for example_branch_labels to 2024-05-01 00:00:00+00:00, run_after=2024-05-02 00:00:00+00:00
[2024-05-02T22:44:38.436+0000] {processor.py:183} INFO - Processing /home/airflow/.local/lib/python3.12/site-packages/airflow/example_dags/example_branch_labels.py took 0.214 seconds
[2024-05-02T22:45:08.650+0000] {processor.py:161} INFO - Started process (PID=1436) to work on /home/airflow/.local/lib/python3.12/site-packages/airflow/example_dags/example_branch_labels.py
[2024-05-02T22:45:08.651+0000] {processor.py:830} INFO - Processing file /home/airflow/.local/lib/python3.12/site-packages/airflow/example_dags/example_branch_labels.py for tasks to queue
[2024-05-02T22:45:08.654+0000] {logging_mixin.py:188} INFO - [2024-05-02T22:45:08.654+0000] {dagbag.py:540} INFO - Filling up the DagBag from /home/airflow/.local/lib/python3.12/site-packages/airflow/example_dags/example_branch_labels.py
[2024-05-02T22:45:08.666+0000] {processor.py:840} INFO - DAG(s) 'example_branch_labels' retrieved from /home/airflow/.local/lib/python3.12/site-packages/airflow/example_dags/example_branch_labels.py
[2024-05-02T22:45:08.701+0000] {logging_mixin.py:188} INFO - [2024-05-02T22:45:08.701+0000] {dag.py:3096} INFO - Sync 1 DAGs
[2024-05-02T22:45:08.741+0000] {logging_mixin.py:188} INFO - [2024-05-02T22:45:08.741+0000] {dag.py:3954} INFO - Setting next_dagrun for example_branch_labels to 2024-05-01 00:00:00+00:00, run_after=2024-05-02 00:00:00+00:00
[2024-05-02T22:45:08.773+0000] {processor.py:183} INFO - Processing /home/airflow/.local/lib/python3.12/site-packages/airflow/example_dags/example_branch_labels.py took 0.134 seconds
[2024-05-02T22:45:39.216+0000] {processor.py:161} INFO - Started process (PID=1495) to work on /home/airflow/.local/lib/python3.12/site-packages/airflow/example_dags/example_branch_labels.py
[2024-05-02T22:45:39.219+0000] {processor.py:830} INFO - Processing file /home/airflow/.local/lib/python3.12/site-packages/airflow/example_dags/example_branch_labels.py for tasks to queue
[2024-05-02T22:45:39.224+0000] {logging_mixin.py:188} INFO - [2024-05-02T22:45:39.223+0000] {dagbag.py:540} INFO - Filling up the DagBag from /home/airflow/.local/lib/python3.12/site-packages/airflow/example_dags/example_branch_labels.py
[2024-05-02T22:45:39.246+0000] {processor.py:840} INFO - DAG(s) 'example_branch_labels' retrieved from /home/airflow/.local/lib/python3.12/site-packages/airflow/example_dags/example_branch_labels.py
[2024-05-02T22:45:39.307+0000] {logging_mixin.py:188} INFO - [2024-05-02T22:45:39.306+0000] {dag.py:3096} INFO - Sync 1 DAGs
[2024-05-02T22:45:39.374+0000] {logging_mixin.py:188} INFO - [2024-05-02T22:45:39.373+0000] {dag.py:3954} INFO - Setting next_dagrun for example_branch_labels to 2024-05-01 00:00:00+00:00, run_after=2024-05-02 00:00:00+00:00
[2024-05-02T22:45:39.433+0000] {processor.py:183} INFO - Processing /home/airflow/.local/lib/python3.12/site-packages/airflow/example_dags/example_branch_labels.py took 0.232 seconds
[2024-05-02T22:46:10.007+0000] {processor.py:161} INFO - Started process (PID=1554) to work on /home/airflow/.local/lib/python3.12/site-packages/airflow/example_dags/example_branch_labels.py
[2024-05-02T22:46:10.010+0000] {processor.py:830} INFO - Processing file /home/airflow/.local/lib/python3.12/site-packages/airflow/example_dags/example_branch_labels.py for tasks to queue
[2024-05-02T22:46:10.016+0000] {logging_mixin.py:188} INFO - [2024-05-02T22:46:10.015+0000] {dagbag.py:540} INFO - Filling up the DagBag from /home/airflow/.local/lib/python3.12/site-packages/airflow/example_dags/example_branch_labels.py
[2024-05-02T22:46:10.043+0000] {processor.py:840} INFO - DAG(s) 'example_branch_labels' retrieved from /home/airflow/.local/lib/python3.12/site-packages/airflow/example_dags/example_branch_labels.py
[2024-05-02T22:46:10.116+0000] {logging_mixin.py:188} INFO - [2024-05-02T22:46:10.115+0000] {dag.py:3096} INFO - Sync 1 DAGs
[2024-05-02T22:46:10.181+0000] {logging_mixin.py:188} INFO - [2024-05-02T22:46:10.180+0000] {dag.py:3954} INFO - Setting next_dagrun for example_branch_labels to 2024-05-01 00:00:00+00:00, run_after=2024-05-02 00:00:00+00:00
[2024-05-02T22:46:10.233+0000] {processor.py:183} INFO - Processing /home/airflow/.local/lib/python3.12/site-packages/airflow/example_dags/example_branch_labels.py took 0.246 seconds
[2024-05-02T22:46:40.469+0000] {processor.py:161} INFO - Started process (PID=1614) to work on /home/airflow/.local/lib/python3.12/site-packages/airflow/example_dags/example_branch_labels.py
[2024-05-02T22:46:40.471+0000] {processor.py:830} INFO - Processing file /home/airflow/.local/lib/python3.12/site-packages/airflow/example_dags/example_branch_labels.py for tasks to queue
[2024-05-02T22:46:40.475+0000] {logging_mixin.py:188} INFO - [2024-05-02T22:46:40.475+0000] {dagbag.py:540} INFO - Filling up the DagBag from /home/airflow/.local/lib/python3.12/site-packages/airflow/example_dags/example_branch_labels.py
[2024-05-02T22:46:40.511+0000] {processor.py:840} INFO - DAG(s) 'example_branch_labels' retrieved from /home/airflow/.local/lib/python3.12/site-packages/airflow/example_dags/example_branch_labels.py
[2024-05-02T22:46:40.565+0000] {logging_mixin.py:188} INFO - [2024-05-02T22:46:40.564+0000] {dag.py:3096} INFO - Sync 1 DAGs
[2024-05-02T22:46:40.658+0000] {logging_mixin.py:188} INFO - [2024-05-02T22:46:40.657+0000] {dag.py:3954} INFO - Setting next_dagrun for example_branch_labels to 2024-05-01 00:00:00+00:00, run_after=2024-05-02 00:00:00+00:00
[2024-05-02T22:46:40.779+0000] {processor.py:183} INFO - Processing /home/airflow/.local/lib/python3.12/site-packages/airflow/example_dags/example_branch_labels.py took 0.324 seconds
[2024-05-02T22:47:11.028+0000] {processor.py:161} INFO - Started process (PID=1673) to work on /home/airflow/.local/lib/python3.12/site-packages/airflow/example_dags/example_branch_labels.py
[2024-05-02T22:47:11.035+0000] {processor.py:830} INFO - Processing file /home/airflow/.local/lib/python3.12/site-packages/airflow/example_dags/example_branch_labels.py for tasks to queue
[2024-05-02T22:47:11.041+0000] {logging_mixin.py:188} INFO - [2024-05-02T22:47:11.040+0000] {dagbag.py:540} INFO - Filling up the DagBag from /home/airflow/.local/lib/python3.12/site-packages/airflow/example_dags/example_branch_labels.py
[2024-05-02T22:47:11.083+0000] {processor.py:840} INFO - DAG(s) 'example_branch_labels' retrieved from /home/airflow/.local/lib/python3.12/site-packages/airflow/example_dags/example_branch_labels.py
[2024-05-02T22:47:11.178+0000] {logging_mixin.py:188} INFO - [2024-05-02T22:47:11.177+0000] {dag.py:3096} INFO - Sync 1 DAGs
[2024-05-02T22:47:11.298+0000] {logging_mixin.py:188} INFO - [2024-05-02T22:47:11.297+0000] {dag.py:3954} INFO - Setting next_dagrun for example_branch_labels to 2024-05-01 00:00:00+00:00, run_after=2024-05-02 00:00:00+00:00
[2024-05-02T22:47:11.403+0000] {processor.py:183} INFO - Processing /home/airflow/.local/lib/python3.12/site-packages/airflow/example_dags/example_branch_labels.py took 0.414 seconds
[2024-05-02T22:47:42.185+0000] {processor.py:161} INFO - Started process (PID=1732) to work on /home/airflow/.local/lib/python3.12/site-packages/airflow/example_dags/example_branch_labels.py
[2024-05-02T22:47:42.188+0000] {processor.py:830} INFO - Processing file /home/airflow/.local/lib/python3.12/site-packages/airflow/example_dags/example_branch_labels.py for tasks to queue
[2024-05-02T22:47:42.195+0000] {logging_mixin.py:188} INFO - [2024-05-02T22:47:42.193+0000] {dagbag.py:540} INFO - Filling up the DagBag from /home/airflow/.local/lib/python3.12/site-packages/airflow/example_dags/example_branch_labels.py
[2024-05-02T22:47:42.227+0000] {processor.py:840} INFO - DAG(s) 'example_branch_labels' retrieved from /home/airflow/.local/lib/python3.12/site-packages/airflow/example_dags/example_branch_labels.py
[2024-05-02T22:47:42.273+0000] {logging_mixin.py:188} INFO - [2024-05-02T22:47:42.273+0000] {dag.py:3096} INFO - Sync 1 DAGs
[2024-05-02T22:47:42.324+0000] {logging_mixin.py:188} INFO - [2024-05-02T22:47:42.323+0000] {dag.py:3954} INFO - Setting next_dagrun for example_branch_labels to 2024-05-01 00:00:00+00:00, run_after=2024-05-02 00:00:00+00:00
[2024-05-02T22:47:42.382+0000] {processor.py:183} INFO - Processing /home/airflow/.local/lib/python3.12/site-packages/airflow/example_dags/example_branch_labels.py took 0.228 seconds
[2024-05-02T22:48:12.998+0000] {processor.py:161} INFO - Started process (PID=1792) to work on /home/airflow/.local/lib/python3.12/site-packages/airflow/example_dags/example_branch_labels.py
[2024-05-02T22:48:13.001+0000] {processor.py:830} INFO - Processing file /home/airflow/.local/lib/python3.12/site-packages/airflow/example_dags/example_branch_labels.py for tasks to queue
[2024-05-02T22:48:13.006+0000] {logging_mixin.py:188} INFO - [2024-05-02T22:48:13.005+0000] {dagbag.py:540} INFO - Filling up the DagBag from /home/airflow/.local/lib/python3.12/site-packages/airflow/example_dags/example_branch_labels.py
[2024-05-02T22:48:13.029+0000] {processor.py:840} INFO - DAG(s) 'example_branch_labels' retrieved from /home/airflow/.local/lib/python3.12/site-packages/airflow/example_dags/example_branch_labels.py
[2024-05-02T22:48:13.107+0000] {logging_mixin.py:188} INFO - [2024-05-02T22:48:13.106+0000] {dag.py:3096} INFO - Sync 1 DAGs
[2024-05-02T22:48:13.165+0000] {logging_mixin.py:188} INFO - [2024-05-02T22:48:13.165+0000] {dag.py:3954} INFO - Setting next_dagrun for example_branch_labels to 2024-05-01 00:00:00+00:00, run_after=2024-05-02 00:00:00+00:00
[2024-05-02T22:48:13.216+0000] {processor.py:183} INFO - Processing /home/airflow/.local/lib/python3.12/site-packages/airflow/example_dags/example_branch_labels.py took 0.235 seconds
[2024-05-02T22:48:43.509+0000] {processor.py:161} INFO - Started process (PID=1851) to work on /home/airflow/.local/lib/python3.12/site-packages/airflow/example_dags/example_branch_labels.py
[2024-05-02T22:48:43.511+0000] {processor.py:830} INFO - Processing file /home/airflow/.local/lib/python3.12/site-packages/airflow/example_dags/example_branch_labels.py for tasks to queue
[2024-05-02T22:48:43.514+0000] {logging_mixin.py:188} INFO - [2024-05-02T22:48:43.514+0000] {dagbag.py:540} INFO - Filling up the DagBag from /home/airflow/.local/lib/python3.12/site-packages/airflow/example_dags/example_branch_labels.py
[2024-05-02T22:48:43.529+0000] {processor.py:840} INFO - DAG(s) 'example_branch_labels' retrieved from /home/airflow/.local/lib/python3.12/site-packages/airflow/example_dags/example_branch_labels.py
[2024-05-02T22:48:43.577+0000] {logging_mixin.py:188} INFO - [2024-05-02T22:48:43.577+0000] {dag.py:3096} INFO - Sync 1 DAGs
[2024-05-02T22:48:43.620+0000] {logging_mixin.py:188} INFO - [2024-05-02T22:48:43.620+0000] {dag.py:3954} INFO - Setting next_dagrun for example_branch_labels to 2024-05-01 00:00:00+00:00, run_after=2024-05-02 00:00:00+00:00
[2024-05-02T22:48:43.657+0000] {processor.py:183} INFO - Processing /home/airflow/.local/lib/python3.12/site-packages/airflow/example_dags/example_branch_labels.py took 0.160 seconds
[2024-05-02T22:49:14.624+0000] {processor.py:161} INFO - Started process (PID=1910) to work on /home/airflow/.local/lib/python3.12/site-packages/airflow/example_dags/example_branch_labels.py
[2024-05-02T22:49:14.626+0000] {processor.py:830} INFO - Processing file /home/airflow/.local/lib/python3.12/site-packages/airflow/example_dags/example_branch_labels.py for tasks to queue
[2024-05-02T22:49:14.634+0000] {logging_mixin.py:188} INFO - [2024-05-02T22:49:14.633+0000] {dagbag.py:540} INFO - Filling up the DagBag from /home/airflow/.local/lib/python3.12/site-packages/airflow/example_dags/example_branch_labels.py
[2024-05-02T22:49:14.655+0000] {processor.py:840} INFO - DAG(s) 'example_branch_labels' retrieved from /home/airflow/.local/lib/python3.12/site-packages/airflow/example_dags/example_branch_labels.py
[2024-05-02T22:49:14.719+0000] {logging_mixin.py:188} INFO - [2024-05-02T22:49:14.718+0000] {dag.py:3096} INFO - Sync 1 DAGs
[2024-05-02T22:49:14.778+0000] {logging_mixin.py:188} INFO - [2024-05-02T22:49:14.778+0000] {dag.py:3954} INFO - Setting next_dagrun for example_branch_labels to 2024-05-01 00:00:00+00:00, run_after=2024-05-02 00:00:00+00:00
[2024-05-02T22:49:14.840+0000] {processor.py:183} INFO - Processing /home/airflow/.local/lib/python3.12/site-packages/airflow/example_dags/example_branch_labels.py took 0.233 seconds
[2024-05-02T22:49:45.197+0000] {processor.py:161} INFO - Started process (PID=1969) to work on /home/airflow/.local/lib/python3.12/site-packages/airflow/example_dags/example_branch_labels.py
[2024-05-02T22:49:45.199+0000] {processor.py:830} INFO - Processing file /home/airflow/.local/lib/python3.12/site-packages/airflow/example_dags/example_branch_labels.py for tasks to queue
[2024-05-02T22:49:45.204+0000] {logging_mixin.py:188} INFO - [2024-05-02T22:49:45.203+0000] {dagbag.py:540} INFO - Filling up the DagBag from /home/airflow/.local/lib/python3.12/site-packages/airflow/example_dags/example_branch_labels.py
[2024-05-02T22:49:45.224+0000] {processor.py:840} INFO - DAG(s) 'example_branch_labels' retrieved from /home/airflow/.local/lib/python3.12/site-packages/airflow/example_dags/example_branch_labels.py
[2024-05-02T22:49:45.278+0000] {logging_mixin.py:188} INFO - [2024-05-02T22:49:45.277+0000] {dag.py:3096} INFO - Sync 1 DAGs
[2024-05-02T22:49:45.379+0000] {logging_mixin.py:188} INFO - [2024-05-02T22:49:45.378+0000] {dag.py:3954} INFO - Setting next_dagrun for example_branch_labels to 2024-05-01 00:00:00+00:00, run_after=2024-05-02 00:00:00+00:00
[2024-05-02T22:49:45.451+0000] {processor.py:183} INFO - Processing /home/airflow/.local/lib/python3.12/site-packages/airflow/example_dags/example_branch_labels.py took 0.270 seconds
[2024-05-02T22:50:15.643+0000] {processor.py:161} INFO - Started process (PID=2028) to work on /home/airflow/.local/lib/python3.12/site-packages/airflow/example_dags/example_branch_labels.py
[2024-05-02T22:50:15.644+0000] {processor.py:830} INFO - Processing file /home/airflow/.local/lib/python3.12/site-packages/airflow/example_dags/example_branch_labels.py for tasks to queue
[2024-05-02T22:50:15.649+0000] {logging_mixin.py:188} INFO - [2024-05-02T22:50:15.648+0000] {dagbag.py:540} INFO - Filling up the DagBag from /home/airflow/.local/lib/python3.12/site-packages/airflow/example_dags/example_branch_labels.py
[2024-05-02T22:50:15.677+0000] {processor.py:840} INFO - DAG(s) 'example_branch_labels' retrieved from /home/airflow/.local/lib/python3.12/site-packages/airflow/example_dags/example_branch_labels.py
[2024-05-02T22:50:15.755+0000] {logging_mixin.py:188} INFO - [2024-05-02T22:50:15.754+0000] {dag.py:3096} INFO - Sync 1 DAGs
[2024-05-02T22:50:15.849+0000] {logging_mixin.py:188} INFO - [2024-05-02T22:50:15.848+0000] {dag.py:3954} INFO - Setting next_dagrun for example_branch_labels to 2024-05-01 00:00:00+00:00, run_after=2024-05-02 00:00:00+00:00
[2024-05-02T22:50:15.926+0000] {processor.py:183} INFO - Processing /home/airflow/.local/lib/python3.12/site-packages/airflow/example_dags/example_branch_labels.py took 0.301 seconds
[2024-05-02T22:50:46.628+0000] {processor.py:161} INFO - Started process (PID=2086) to work on /home/airflow/.local/lib/python3.12/site-packages/airflow/example_dags/example_branch_labels.py
[2024-05-02T22:50:46.631+0000] {processor.py:830} INFO - Processing file /home/airflow/.local/lib/python3.12/site-packages/airflow/example_dags/example_branch_labels.py for tasks to queue
[2024-05-02T22:50:46.636+0000] {logging_mixin.py:188} INFO - [2024-05-02T22:50:46.635+0000] {dagbag.py:540} INFO - Filling up the DagBag from /home/airflow/.local/lib/python3.12/site-packages/airflow/example_dags/example_branch_labels.py
[2024-05-02T22:50:46.657+0000] {processor.py:840} INFO - DAG(s) 'example_branch_labels' retrieved from /home/airflow/.local/lib/python3.12/site-packages/airflow/example_dags/example_branch_labels.py
[2024-05-02T22:50:46.700+0000] {logging_mixin.py:188} INFO - [2024-05-02T22:50:46.699+0000] {dag.py:3096} INFO - Sync 1 DAGs
[2024-05-02T22:50:46.753+0000] {logging_mixin.py:188} INFO - [2024-05-02T22:50:46.752+0000] {dag.py:3954} INFO - Setting next_dagrun for example_branch_labels to 2024-05-01 00:00:00+00:00, run_after=2024-05-02 00:00:00+00:00
[2024-05-02T22:50:46.791+0000] {processor.py:183} INFO - Processing /home/airflow/.local/lib/python3.12/site-packages/airflow/example_dags/example_branch_labels.py took 0.177 seconds
[2024-05-02T22:51:17.071+0000] {processor.py:161} INFO - Started process (PID=2145) to work on /home/airflow/.local/lib/python3.12/site-packages/airflow/example_dags/example_branch_labels.py
[2024-05-02T22:51:17.074+0000] {processor.py:830} INFO - Processing file /home/airflow/.local/lib/python3.12/site-packages/airflow/example_dags/example_branch_labels.py for tasks to queue
[2024-05-02T22:51:17.081+0000] {logging_mixin.py:188} INFO - [2024-05-02T22:51:17.079+0000] {dagbag.py:540} INFO - Filling up the DagBag from /home/airflow/.local/lib/python3.12/site-packages/airflow/example_dags/example_branch_labels.py
[2024-05-02T22:51:17.103+0000] {processor.py:840} INFO - DAG(s) 'example_branch_labels' retrieved from /home/airflow/.local/lib/python3.12/site-packages/airflow/example_dags/example_branch_labels.py
[2024-05-02T22:51:17.151+0000] {logging_mixin.py:188} INFO - [2024-05-02T22:51:17.151+0000] {dag.py:3096} INFO - Sync 1 DAGs
[2024-05-02T22:51:17.201+0000] {logging_mixin.py:188} INFO - [2024-05-02T22:51:17.201+0000] {dag.py:3954} INFO - Setting next_dagrun for example_branch_labels to 2024-05-01 00:00:00+00:00, run_after=2024-05-02 00:00:00+00:00
[2024-05-02T22:51:17.243+0000] {processor.py:183} INFO - Processing /home/airflow/.local/lib/python3.12/site-packages/airflow/example_dags/example_branch_labels.py took 0.193 seconds
[2024-05-02T22:51:47.435+0000] {processor.py:161} INFO - Started process (PID=2204) to work on /home/airflow/.local/lib/python3.12/site-packages/airflow/example_dags/example_branch_labels.py
[2024-05-02T22:51:47.437+0000] {processor.py:830} INFO - Processing file /home/airflow/.local/lib/python3.12/site-packages/airflow/example_dags/example_branch_labels.py for tasks to queue
[2024-05-02T22:51:47.442+0000] {logging_mixin.py:188} INFO - [2024-05-02T22:51:47.441+0000] {dagbag.py:540} INFO - Filling up the DagBag from /home/airflow/.local/lib/python3.12/site-packages/airflow/example_dags/example_branch_labels.py
[2024-05-02T22:51:47.459+0000] {processor.py:840} INFO - DAG(s) 'example_branch_labels' retrieved from /home/airflow/.local/lib/python3.12/site-packages/airflow/example_dags/example_branch_labels.py
[2024-05-02T22:51:47.531+0000] {logging_mixin.py:188} INFO - [2024-05-02T22:51:47.531+0000] {dag.py:3096} INFO - Sync 1 DAGs
[2024-05-02T22:51:47.600+0000] {logging_mixin.py:188} INFO - [2024-05-02T22:51:47.600+0000] {dag.py:3954} INFO - Setting next_dagrun for example_branch_labels to 2024-05-01 00:00:00+00:00, run_after=2024-05-02 00:00:00+00:00
[2024-05-02T22:51:47.650+0000] {processor.py:183} INFO - Processing /home/airflow/.local/lib/python3.12/site-packages/airflow/example_dags/example_branch_labels.py took 0.230 seconds
[2024-05-02T22:52:18.428+0000] {processor.py:161} INFO - Started process (PID=2265) to work on /home/airflow/.local/lib/python3.12/site-packages/airflow/example_dags/example_branch_labels.py
[2024-05-02T22:52:18.429+0000] {processor.py:830} INFO - Processing file /home/airflow/.local/lib/python3.12/site-packages/airflow/example_dags/example_branch_labels.py for tasks to queue
[2024-05-02T22:52:18.433+0000] {logging_mixin.py:188} INFO - [2024-05-02T22:52:18.433+0000] {dagbag.py:540} INFO - Filling up the DagBag from /home/airflow/.local/lib/python3.12/site-packages/airflow/example_dags/example_branch_labels.py
[2024-05-02T22:52:18.471+0000] {processor.py:840} INFO - DAG(s) 'example_branch_labels' retrieved from /home/airflow/.local/lib/python3.12/site-packages/airflow/example_dags/example_branch_labels.py
[2024-05-02T22:52:18.595+0000] {logging_mixin.py:188} INFO - [2024-05-02T22:52:18.594+0000] {dag.py:3096} INFO - Sync 1 DAGs
[2024-05-02T22:52:18.688+0000] {logging_mixin.py:188} INFO - [2024-05-02T22:52:18.687+0000] {dag.py:3954} INFO - Setting next_dagrun for example_branch_labels to 2024-05-01 00:00:00+00:00, run_after=2024-05-02 00:00:00+00:00
[2024-05-02T22:52:18.767+0000] {processor.py:183} INFO - Processing /home/airflow/.local/lib/python3.12/site-packages/airflow/example_dags/example_branch_labels.py took 0.353 seconds
[2024-05-02T22:52:49.279+0000] {processor.py:161} INFO - Started process (PID=2325) to work on /home/airflow/.local/lib/python3.12/site-packages/airflow/example_dags/example_branch_labels.py
[2024-05-02T22:52:49.303+0000] {processor.py:830} INFO - Processing file /home/airflow/.local/lib/python3.12/site-packages/airflow/example_dags/example_branch_labels.py for tasks to queue
[2024-05-02T22:52:49.330+0000] {logging_mixin.py:188} INFO - [2024-05-02T22:52:49.329+0000] {dagbag.py:540} INFO - Filling up the DagBag from /home/airflow/.local/lib/python3.12/site-packages/airflow/example_dags/example_branch_labels.py
[2024-05-02T22:52:49.410+0000] {processor.py:840} INFO - DAG(s) 'example_branch_labels' retrieved from /home/airflow/.local/lib/python3.12/site-packages/airflow/example_dags/example_branch_labels.py
[2024-05-02T22:52:49.602+0000] {logging_mixin.py:188} INFO - [2024-05-02T22:52:49.601+0000] {dag.py:3096} INFO - Sync 1 DAGs
[2024-05-02T22:52:49.752+0000] {logging_mixin.py:188} INFO - [2024-05-02T22:52:49.750+0000] {dag.py:3954} INFO - Setting next_dagrun for example_branch_labels to 2024-05-01 00:00:00+00:00, run_after=2024-05-02 00:00:00+00:00
[2024-05-02T22:52:49.868+0000] {processor.py:183} INFO - Processing /home/airflow/.local/lib/python3.12/site-packages/airflow/example_dags/example_branch_labels.py took 0.627 seconds
[2024-05-02T22:53:19.966+0000] {processor.py:161} INFO - Started process (PID=2384) to work on /home/airflow/.local/lib/python3.12/site-packages/airflow/example_dags/example_branch_labels.py
[2024-05-02T22:53:19.969+0000] {processor.py:830} INFO - Processing file /home/airflow/.local/lib/python3.12/site-packages/airflow/example_dags/example_branch_labels.py for tasks to queue
[2024-05-02T22:53:19.973+0000] {logging_mixin.py:188} INFO - [2024-05-02T22:53:19.973+0000] {dagbag.py:540} INFO - Filling up the DagBag from /home/airflow/.local/lib/python3.12/site-packages/airflow/example_dags/example_branch_labels.py
[2024-05-02T22:53:19.991+0000] {processor.py:840} INFO - DAG(s) 'example_branch_labels' retrieved from /home/airflow/.local/lib/python3.12/site-packages/airflow/example_dags/example_branch_labels.py
[2024-05-02T22:53:20.047+0000] {logging_mixin.py:188} INFO - [2024-05-02T22:53:20.046+0000] {dag.py:3096} INFO - Sync 1 DAGs
[2024-05-02T22:53:20.120+0000] {logging_mixin.py:188} INFO - [2024-05-02T22:53:20.120+0000] {dag.py:3954} INFO - Setting next_dagrun for example_branch_labels to 2024-05-01 00:00:00+00:00, run_after=2024-05-02 00:00:00+00:00
[2024-05-02T22:53:20.172+0000] {processor.py:183} INFO - Processing /home/airflow/.local/lib/python3.12/site-packages/airflow/example_dags/example_branch_labels.py took 0.219 seconds
[2024-05-02T22:53:50.402+0000] {processor.py:161} INFO - Started process (PID=2442) to work on /home/airflow/.local/lib/python3.12/site-packages/airflow/example_dags/example_branch_labels.py
[2024-05-02T22:53:50.406+0000] {processor.py:830} INFO - Processing file /home/airflow/.local/lib/python3.12/site-packages/airflow/example_dags/example_branch_labels.py for tasks to queue
[2024-05-02T22:53:50.413+0000] {logging_mixin.py:188} INFO - [2024-05-02T22:53:50.412+0000] {dagbag.py:540} INFO - Filling up the DagBag from /home/airflow/.local/lib/python3.12/site-packages/airflow/example_dags/example_branch_labels.py
[2024-05-02T22:53:50.449+0000] {processor.py:840} INFO - DAG(s) 'example_branch_labels' retrieved from /home/airflow/.local/lib/python3.12/site-packages/airflow/example_dags/example_branch_labels.py
[2024-05-02T22:53:50.560+0000] {logging_mixin.py:188} INFO - [2024-05-02T22:53:50.559+0000] {dag.py:3096} INFO - Sync 1 DAGs
[2024-05-02T22:53:50.662+0000] {logging_mixin.py:188} INFO - [2024-05-02T22:53:50.661+0000] {dag.py:3954} INFO - Setting next_dagrun for example_branch_labels to 2024-05-01 00:00:00+00:00, run_after=2024-05-02 00:00:00+00:00
[2024-05-02T22:53:50.775+0000] {processor.py:183} INFO - Processing /home/airflow/.local/lib/python3.12/site-packages/airflow/example_dags/example_branch_labels.py took 0.391 seconds
[2024-05-02T22:54:21.053+0000] {processor.py:161} INFO - Started process (PID=2499) to work on /home/airflow/.local/lib/python3.12/site-packages/airflow/example_dags/example_branch_labels.py
[2024-05-02T22:54:21.056+0000] {processor.py:830} INFO - Processing file /home/airflow/.local/lib/python3.12/site-packages/airflow/example_dags/example_branch_labels.py for tasks to queue
[2024-05-02T22:54:21.060+0000] {logging_mixin.py:188} INFO - [2024-05-02T22:54:21.059+0000] {dagbag.py:540} INFO - Filling up the DagBag from /home/airflow/.local/lib/python3.12/site-packages/airflow/example_dags/example_branch_labels.py
[2024-05-02T22:54:21.083+0000] {processor.py:840} INFO - DAG(s) 'example_branch_labels' retrieved from /home/airflow/.local/lib/python3.12/site-packages/airflow/example_dags/example_branch_labels.py
[2024-05-02T22:54:21.410+0000] {logging_mixin.py:188} INFO - [2024-05-02T22:54:21.409+0000] {dag.py:3096} INFO - Sync 1 DAGs
[2024-05-02T22:54:21.525+0000] {logging_mixin.py:188} INFO - [2024-05-02T22:54:21.524+0000] {dag.py:3954} INFO - Setting next_dagrun for example_branch_labels to 2024-05-01 00:00:00+00:00, run_after=2024-05-02 00:00:00+00:00
[2024-05-02T22:54:21.627+0000] {processor.py:183} INFO - Processing /home/airflow/.local/lib/python3.12/site-packages/airflow/example_dags/example_branch_labels.py took 0.584 seconds
[2024-05-02T22:54:52.191+0000] {processor.py:161} INFO - Started process (PID=2558) to work on /home/airflow/.local/lib/python3.12/site-packages/airflow/example_dags/example_branch_labels.py
[2024-05-02T22:54:52.194+0000] {processor.py:830} INFO - Processing file /home/airflow/.local/lib/python3.12/site-packages/airflow/example_dags/example_branch_labels.py for tasks to queue
[2024-05-02T22:54:52.198+0000] {logging_mixin.py:188} INFO - [2024-05-02T22:54:52.197+0000] {dagbag.py:540} INFO - Filling up the DagBag from /home/airflow/.local/lib/python3.12/site-packages/airflow/example_dags/example_branch_labels.py
[2024-05-02T22:54:52.220+0000] {processor.py:840} INFO - DAG(s) 'example_branch_labels' retrieved from /home/airflow/.local/lib/python3.12/site-packages/airflow/example_dags/example_branch_labels.py
[2024-05-02T22:54:52.270+0000] {logging_mixin.py:188} INFO - [2024-05-02T22:54:52.269+0000] {dag.py:3096} INFO - Sync 1 DAGs
[2024-05-02T22:54:52.326+0000] {logging_mixin.py:188} INFO - [2024-05-02T22:54:52.325+0000] {dag.py:3954} INFO - Setting next_dagrun for example_branch_labels to 2024-05-01 00:00:00+00:00, run_after=2024-05-02 00:00:00+00:00
[2024-05-02T22:54:52.375+0000] {processor.py:183} INFO - Processing /home/airflow/.local/lib/python3.12/site-packages/airflow/example_dags/example_branch_labels.py took 0.201 seconds
[2024-05-02T22:55:23.392+0000] {processor.py:161} INFO - Started process (PID=2617) to work on /home/airflow/.local/lib/python3.12/site-packages/airflow/example_dags/example_branch_labels.py
[2024-05-02T22:55:23.394+0000] {processor.py:830} INFO - Processing file /home/airflow/.local/lib/python3.12/site-packages/airflow/example_dags/example_branch_labels.py for tasks to queue
[2024-05-02T22:55:23.398+0000] {logging_mixin.py:188} INFO - [2024-05-02T22:55:23.397+0000] {dagbag.py:540} INFO - Filling up the DagBag from /home/airflow/.local/lib/python3.12/site-packages/airflow/example_dags/example_branch_labels.py
[2024-05-02T22:55:23.422+0000] {processor.py:840} INFO - DAG(s) 'example_branch_labels' retrieved from /home/airflow/.local/lib/python3.12/site-packages/airflow/example_dags/example_branch_labels.py
[2024-05-02T22:55:23.469+0000] {logging_mixin.py:188} INFO - [2024-05-02T22:55:23.469+0000] {dag.py:3096} INFO - Sync 1 DAGs
[2024-05-02T22:55:23.531+0000] {logging_mixin.py:188} INFO - [2024-05-02T22:55:23.530+0000] {dag.py:3954} INFO - Setting next_dagrun for example_branch_labels to 2024-05-01 00:00:00+00:00, run_after=2024-05-02 00:00:00+00:00
[2024-05-02T22:55:23.577+0000] {processor.py:183} INFO - Processing /home/airflow/.local/lib/python3.12/site-packages/airflow/example_dags/example_branch_labels.py took 0.201 seconds
[2024-05-02T22:55:53.701+0000] {processor.py:161} INFO - Started process (PID=2677) to work on /home/airflow/.local/lib/python3.12/site-packages/airflow/example_dags/example_branch_labels.py
[2024-05-02T22:55:53.703+0000] {processor.py:830} INFO - Processing file /home/airflow/.local/lib/python3.12/site-packages/airflow/example_dags/example_branch_labels.py for tasks to queue
[2024-05-02T22:55:53.707+0000] {logging_mixin.py:188} INFO - [2024-05-02T22:55:53.706+0000] {dagbag.py:540} INFO - Filling up the DagBag from /home/airflow/.local/lib/python3.12/site-packages/airflow/example_dags/example_branch_labels.py
[2024-05-02T22:55:53.723+0000] {processor.py:840} INFO - DAG(s) 'example_branch_labels' retrieved from /home/airflow/.local/lib/python3.12/site-packages/airflow/example_dags/example_branch_labels.py
[2024-05-02T22:55:53.772+0000] {logging_mixin.py:188} INFO - [2024-05-02T22:55:53.771+0000] {dag.py:3096} INFO - Sync 1 DAGs
[2024-05-02T22:55:53.820+0000] {logging_mixin.py:188} INFO - [2024-05-02T22:55:53.819+0000] {dag.py:3954} INFO - Setting next_dagrun for example_branch_labels to 2024-05-01 00:00:00+00:00, run_after=2024-05-02 00:00:00+00:00
[2024-05-02T22:55:53.859+0000] {processor.py:183} INFO - Processing /home/airflow/.local/lib/python3.12/site-packages/airflow/example_dags/example_branch_labels.py took 0.168 seconds
[2024-05-02T22:57:07.209+0000] {processor.py:161} INFO - Started process (PID=35) to work on /home/airflow/.local/lib/python3.12/site-packages/airflow/example_dags/example_branch_labels.py
[2024-05-02T22:57:07.210+0000] {processor.py:830} INFO - Processing file /home/airflow/.local/lib/python3.12/site-packages/airflow/example_dags/example_branch_labels.py for tasks to queue
[2024-05-02T22:57:07.213+0000] {logging_mixin.py:188} INFO - [2024-05-02T22:57:07.212+0000] {dagbag.py:540} INFO - Filling up the DagBag from /home/airflow/.local/lib/python3.12/site-packages/airflow/example_dags/example_branch_labels.py
[2024-05-02T22:57:07.233+0000] {processor.py:840} INFO - DAG(s) 'example_branch_labels' retrieved from /home/airflow/.local/lib/python3.12/site-packages/airflow/example_dags/example_branch_labels.py
[2024-05-02T22:57:07.291+0000] {logging_mixin.py:188} INFO - [2024-05-02T22:57:07.291+0000] {dag.py:3096} INFO - Sync 1 DAGs
[2024-05-02T22:57:07.362+0000] {logging_mixin.py:188} INFO - [2024-05-02T22:57:07.361+0000] {dag.py:3954} INFO - Setting next_dagrun for example_branch_labels to 2024-05-01 00:00:00+00:00, run_after=2024-05-02 00:00:00+00:00
[2024-05-02T22:57:07.407+0000] {processor.py:183} INFO - Processing /home/airflow/.local/lib/python3.12/site-packages/airflow/example_dags/example_branch_labels.py took 0.212 seconds
[2024-05-02T22:57:42.893+0000] {processor.py:161} INFO - Started process (PID=98) to work on /home/airflow/.local/lib/python3.12/site-packages/airflow/example_dags/example_branch_labels.py
[2024-05-02T22:57:42.910+0000] {processor.py:830} INFO - Processing file /home/airflow/.local/lib/python3.12/site-packages/airflow/example_dags/example_branch_labels.py for tasks to queue
[2024-05-02T22:57:42.925+0000] {logging_mixin.py:188} INFO - [2024-05-02T22:57:42.924+0000] {dagbag.py:540} INFO - Filling up the DagBag from /home/airflow/.local/lib/python3.12/site-packages/airflow/example_dags/example_branch_labels.py
[2024-05-02T22:57:43.041+0000] {processor.py:840} INFO - DAG(s) 'example_branch_labels' retrieved from /home/airflow/.local/lib/python3.12/site-packages/airflow/example_dags/example_branch_labels.py
[2024-05-02T22:57:43.288+0000] {logging_mixin.py:188} INFO - [2024-05-02T22:57:43.288+0000] {dag.py:3096} INFO - Sync 1 DAGs
[2024-05-02T22:57:43.565+0000] {logging_mixin.py:188} INFO - [2024-05-02T22:57:43.565+0000] {dag.py:3954} INFO - Setting next_dagrun for example_branch_labels to 2024-05-01 00:00:00+00:00, run_after=2024-05-02 00:00:00+00:00
[2024-05-02T22:57:43.693+0000] {processor.py:183} INFO - Processing /home/airflow/.local/lib/python3.12/site-packages/airflow/example_dags/example_branch_labels.py took 0.852 seconds
[2024-05-02T22:58:15.379+0000] {processor.py:161} INFO - Started process (PID=157) to work on /home/airflow/.local/lib/python3.12/site-packages/airflow/example_dags/example_branch_labels.py
[2024-05-02T22:58:15.392+0000] {processor.py:830} INFO - Processing file /home/airflow/.local/lib/python3.12/site-packages/airflow/example_dags/example_branch_labels.py for tasks to queue
[2024-05-02T22:58:15.397+0000] {logging_mixin.py:188} INFO - [2024-05-02T22:58:15.396+0000] {dagbag.py:540} INFO - Filling up the DagBag from /home/airflow/.local/lib/python3.12/site-packages/airflow/example_dags/example_branch_labels.py
[2024-05-02T22:58:15.443+0000] {processor.py:840} INFO - DAG(s) 'example_branch_labels' retrieved from /home/airflow/.local/lib/python3.12/site-packages/airflow/example_dags/example_branch_labels.py
[2024-05-02T22:58:15.507+0000] {logging_mixin.py:188} INFO - [2024-05-02T22:58:15.506+0000] {dag.py:3096} INFO - Sync 1 DAGs
[2024-05-02T22:58:15.594+0000] {logging_mixin.py:188} INFO - [2024-05-02T22:58:15.594+0000] {dag.py:3954} INFO - Setting next_dagrun for example_branch_labels to 2024-05-01 00:00:00+00:00, run_after=2024-05-02 00:00:00+00:00
[2024-05-02T22:58:15.664+0000] {processor.py:183} INFO - Processing /home/airflow/.local/lib/python3.12/site-packages/airflow/example_dags/example_branch_labels.py took 0.297 seconds
[2024-05-02T22:58:54.841+0000] {processor.py:161} INFO - Started process (PID=219) to work on /home/airflow/.local/lib/python3.12/site-packages/airflow/example_dags/example_branch_labels.py
[2024-05-02T22:58:54.859+0000] {processor.py:830} INFO - Processing file /home/airflow/.local/lib/python3.12/site-packages/airflow/example_dags/example_branch_labels.py for tasks to queue
[2024-05-02T22:58:54.866+0000] {logging_mixin.py:188} INFO - [2024-05-02T22:58:54.863+0000] {dagbag.py:540} INFO - Filling up the DagBag from /home/airflow/.local/lib/python3.12/site-packages/airflow/example_dags/example_branch_labels.py
[2024-05-02T22:58:54.915+0000] {processor.py:840} INFO - DAG(s) 'example_branch_labels' retrieved from /home/airflow/.local/lib/python3.12/site-packages/airflow/example_dags/example_branch_labels.py
[2024-05-02T22:58:55.004+0000] {logging_mixin.py:188} INFO - [2024-05-02T22:58:55.004+0000] {dag.py:3096} INFO - Sync 1 DAGs
[2024-05-02T22:58:55.120+0000] {logging_mixin.py:188} INFO - [2024-05-02T22:58:55.120+0000] {dag.py:3954} INFO - Setting next_dagrun for example_branch_labels to 2024-05-01 00:00:00+00:00, run_after=2024-05-02 00:00:00+00:00
[2024-05-02T22:58:55.234+0000] {processor.py:183} INFO - Processing /home/airflow/.local/lib/python3.12/site-packages/airflow/example_dags/example_branch_labels.py took 0.454 seconds
[2024-05-02T22:59:26.435+0000] {processor.py:161} INFO - Started process (PID=287) to work on /home/airflow/.local/lib/python3.12/site-packages/airflow/example_dags/example_branch_labels.py
[2024-05-02T22:59:26.443+0000] {processor.py:830} INFO - Processing file /home/airflow/.local/lib/python3.12/site-packages/airflow/example_dags/example_branch_labels.py for tasks to queue
[2024-05-02T22:59:26.448+0000] {logging_mixin.py:188} INFO - [2024-05-02T22:59:26.447+0000] {dagbag.py:540} INFO - Filling up the DagBag from /home/airflow/.local/lib/python3.12/site-packages/airflow/example_dags/example_branch_labels.py
[2024-05-02T22:59:26.511+0000] {processor.py:840} INFO - DAG(s) 'example_branch_labels' retrieved from /home/airflow/.local/lib/python3.12/site-packages/airflow/example_dags/example_branch_labels.py
[2024-05-02T22:59:26.676+0000] {logging_mixin.py:188} INFO - [2024-05-02T22:59:26.675+0000] {dag.py:3096} INFO - Sync 1 DAGs
[2024-05-02T22:59:26.863+0000] {logging_mixin.py:188} INFO - [2024-05-02T22:59:26.862+0000] {dag.py:3954} INFO - Setting next_dagrun for example_branch_labels to 2024-05-01 00:00:00+00:00, run_after=2024-05-02 00:00:00+00:00
[2024-05-02T22:59:27.043+0000] {processor.py:183} INFO - Processing /home/airflow/.local/lib/python3.12/site-packages/airflow/example_dags/example_branch_labels.py took 0.630 seconds
[2024-05-02T22:59:57.615+0000] {processor.py:161} INFO - Started process (PID=345) to work on /home/airflow/.local/lib/python3.12/site-packages/airflow/example_dags/example_branch_labels.py
[2024-05-02T22:59:57.618+0000] {processor.py:830} INFO - Processing file /home/airflow/.local/lib/python3.12/site-packages/airflow/example_dags/example_branch_labels.py for tasks to queue
[2024-05-02T22:59:57.628+0000] {logging_mixin.py:188} INFO - [2024-05-02T22:59:57.627+0000] {dagbag.py:540} INFO - Filling up the DagBag from /home/airflow/.local/lib/python3.12/site-packages/airflow/example_dags/example_branch_labels.py
[2024-05-02T22:59:57.727+0000] {processor.py:840} INFO - DAG(s) 'example_branch_labels' retrieved from /home/airflow/.local/lib/python3.12/site-packages/airflow/example_dags/example_branch_labels.py
[2024-05-02T22:59:57.921+0000] {logging_mixin.py:188} INFO - [2024-05-02T22:59:57.920+0000] {dag.py:3096} INFO - Sync 1 DAGs
[2024-05-02T22:59:58.045+0000] {logging_mixin.py:188} INFO - [2024-05-02T22:59:58.044+0000] {dag.py:3954} INFO - Setting next_dagrun for example_branch_labels to 2024-05-01 00:00:00+00:00, run_after=2024-05-02 00:00:00+00:00
[2024-05-02T22:59:58.206+0000] {processor.py:183} INFO - Processing /home/airflow/.local/lib/python3.12/site-packages/airflow/example_dags/example_branch_labels.py took 0.630 seconds
[2024-05-02T23:00:28.827+0000] {processor.py:161} INFO - Started process (PID=404) to work on /home/airflow/.local/lib/python3.12/site-packages/airflow/example_dags/example_branch_labels.py
[2024-05-02T23:00:28.830+0000] {processor.py:830} INFO - Processing file /home/airflow/.local/lib/python3.12/site-packages/airflow/example_dags/example_branch_labels.py for tasks to queue
[2024-05-02T23:00:28.839+0000] {logging_mixin.py:188} INFO - [2024-05-02T23:00:28.837+0000] {dagbag.py:540} INFO - Filling up the DagBag from /home/airflow/.local/lib/python3.12/site-packages/airflow/example_dags/example_branch_labels.py
[2024-05-02T23:00:28.862+0000] {processor.py:840} INFO - DAG(s) 'example_branch_labels' retrieved from /home/airflow/.local/lib/python3.12/site-packages/airflow/example_dags/example_branch_labels.py
[2024-05-02T23:00:28.931+0000] {logging_mixin.py:188} INFO - [2024-05-02T23:00:28.931+0000] {dag.py:3096} INFO - Sync 1 DAGs
[2024-05-02T23:00:29.041+0000] {logging_mixin.py:188} INFO - [2024-05-02T23:00:29.040+0000] {dag.py:3954} INFO - Setting next_dagrun for example_branch_labels to 2024-05-01 00:00:00+00:00, run_after=2024-05-02 00:00:00+00:00
[2024-05-02T23:00:29.117+0000] {processor.py:183} INFO - Processing /home/airflow/.local/lib/python3.12/site-packages/airflow/example_dags/example_branch_labels.py took 0.303 seconds
[2024-05-02T23:00:59.533+0000] {processor.py:161} INFO - Started process (PID=464) to work on /home/airflow/.local/lib/python3.12/site-packages/airflow/example_dags/example_branch_labels.py
[2024-05-02T23:00:59.535+0000] {processor.py:830} INFO - Processing file /home/airflow/.local/lib/python3.12/site-packages/airflow/example_dags/example_branch_labels.py for tasks to queue
[2024-05-02T23:00:59.541+0000] {logging_mixin.py:188} INFO - [2024-05-02T23:00:59.540+0000] {dagbag.py:540} INFO - Filling up the DagBag from /home/airflow/.local/lib/python3.12/site-packages/airflow/example_dags/example_branch_labels.py
[2024-05-02T23:00:59.560+0000] {processor.py:840} INFO - DAG(s) 'example_branch_labels' retrieved from /home/airflow/.local/lib/python3.12/site-packages/airflow/example_dags/example_branch_labels.py
[2024-05-02T23:00:59.610+0000] {logging_mixin.py:188} INFO - [2024-05-02T23:00:59.609+0000] {dag.py:3096} INFO - Sync 1 DAGs
[2024-05-02T23:00:59.663+0000] {logging_mixin.py:188} INFO - [2024-05-02T23:00:59.663+0000] {dag.py:3954} INFO - Setting next_dagrun for example_branch_labels to 2024-05-01 00:00:00+00:00, run_after=2024-05-02 00:00:00+00:00
[2024-05-02T23:00:59.703+0000] {processor.py:183} INFO - Processing /home/airflow/.local/lib/python3.12/site-packages/airflow/example_dags/example_branch_labels.py took 0.182 seconds
[2024-05-02T23:01:30.172+0000] {processor.py:161} INFO - Started process (PID=523) to work on /home/airflow/.local/lib/python3.12/site-packages/airflow/example_dags/example_branch_labels.py
[2024-05-02T23:01:30.175+0000] {processor.py:830} INFO - Processing file /home/airflow/.local/lib/python3.12/site-packages/airflow/example_dags/example_branch_labels.py for tasks to queue
[2024-05-02T23:01:30.179+0000] {logging_mixin.py:188} INFO - [2024-05-02T23:01:30.178+0000] {dagbag.py:540} INFO - Filling up the DagBag from /home/airflow/.local/lib/python3.12/site-packages/airflow/example_dags/example_branch_labels.py
[2024-05-02T23:01:30.206+0000] {processor.py:840} INFO - DAG(s) 'example_branch_labels' retrieved from /home/airflow/.local/lib/python3.12/site-packages/airflow/example_dags/example_branch_labels.py
[2024-05-02T23:01:30.274+0000] {logging_mixin.py:188} INFO - [2024-05-02T23:01:30.273+0000] {dag.py:3096} INFO - Sync 1 DAGs
[2024-05-02T23:01:30.352+0000] {logging_mixin.py:188} INFO - [2024-05-02T23:01:30.351+0000] {dag.py:3954} INFO - Setting next_dagrun for example_branch_labels to 2024-05-01 00:00:00+00:00, run_after=2024-05-02 00:00:00+00:00
[2024-05-02T23:01:30.410+0000] {processor.py:183} INFO - Processing /home/airflow/.local/lib/python3.12/site-packages/airflow/example_dags/example_branch_labels.py took 0.255 seconds
[2024-05-02T23:02:00.629+0000] {processor.py:161} INFO - Started process (PID=583) to work on /home/airflow/.local/lib/python3.12/site-packages/airflow/example_dags/example_branch_labels.py
[2024-05-02T23:02:00.630+0000] {processor.py:830} INFO - Processing file /home/airflow/.local/lib/python3.12/site-packages/airflow/example_dags/example_branch_labels.py for tasks to queue
[2024-05-02T23:02:00.635+0000] {logging_mixin.py:188} INFO - [2024-05-02T23:02:00.634+0000] {dagbag.py:540} INFO - Filling up the DagBag from /home/airflow/.local/lib/python3.12/site-packages/airflow/example_dags/example_branch_labels.py
[2024-05-02T23:02:00.652+0000] {processor.py:840} INFO - DAG(s) 'example_branch_labels' retrieved from /home/airflow/.local/lib/python3.12/site-packages/airflow/example_dags/example_branch_labels.py
[2024-05-02T23:02:00.693+0000] {logging_mixin.py:188} INFO - [2024-05-02T23:02:00.693+0000] {dag.py:3096} INFO - Sync 1 DAGs
[2024-05-02T23:02:00.743+0000] {logging_mixin.py:188} INFO - [2024-05-02T23:02:00.743+0000] {dag.py:3954} INFO - Setting next_dagrun for example_branch_labels to 2024-05-01 00:00:00+00:00, run_after=2024-05-02 00:00:00+00:00
[2024-05-02T23:02:00.788+0000] {processor.py:183} INFO - Processing /home/airflow/.local/lib/python3.12/site-packages/airflow/example_dags/example_branch_labels.py took 0.169 seconds
[2024-05-02T23:02:31.452+0000] {processor.py:161} INFO - Started process (PID=642) to work on /home/airflow/.local/lib/python3.12/site-packages/airflow/example_dags/example_branch_labels.py
[2024-05-02T23:02:31.454+0000] {processor.py:830} INFO - Processing file /home/airflow/.local/lib/python3.12/site-packages/airflow/example_dags/example_branch_labels.py for tasks to queue
[2024-05-02T23:02:31.462+0000] {logging_mixin.py:188} INFO - [2024-05-02T23:02:31.462+0000] {dagbag.py:540} INFO - Filling up the DagBag from /home/airflow/.local/lib/python3.12/site-packages/airflow/example_dags/example_branch_labels.py
[2024-05-02T23:02:31.488+0000] {processor.py:840} INFO - DAG(s) 'example_branch_labels' retrieved from /home/airflow/.local/lib/python3.12/site-packages/airflow/example_dags/example_branch_labels.py
[2024-05-02T23:02:31.583+0000] {logging_mixin.py:188} INFO - [2024-05-02T23:02:31.582+0000] {dag.py:3096} INFO - Sync 1 DAGs
[2024-05-02T23:02:31.656+0000] {logging_mixin.py:188} INFO - [2024-05-02T23:02:31.655+0000] {dag.py:3954} INFO - Setting next_dagrun for example_branch_labels to 2024-05-01 00:00:00+00:00, run_after=2024-05-02 00:00:00+00:00
[2024-05-02T23:02:31.736+0000] {processor.py:183} INFO - Processing /home/airflow/.local/lib/python3.12/site-packages/airflow/example_dags/example_branch_labels.py took 0.297 seconds
[2024-05-02T23:03:02.982+0000] {processor.py:161} INFO - Started process (PID=701) to work on /home/airflow/.local/lib/python3.12/site-packages/airflow/example_dags/example_branch_labels.py
[2024-05-02T23:03:02.995+0000] {processor.py:830} INFO - Processing file /home/airflow/.local/lib/python3.12/site-packages/airflow/example_dags/example_branch_labels.py for tasks to queue
[2024-05-02T23:03:03.013+0000] {logging_mixin.py:188} INFO - [2024-05-02T23:03:03.012+0000] {dagbag.py:540} INFO - Filling up the DagBag from /home/airflow/.local/lib/python3.12/site-packages/airflow/example_dags/example_branch_labels.py
[2024-05-02T23:03:03.031+0000] {processor.py:840} INFO - DAG(s) 'example_branch_labels' retrieved from /home/airflow/.local/lib/python3.12/site-packages/airflow/example_dags/example_branch_labels.py
[2024-05-02T23:03:03.087+0000] {logging_mixin.py:188} INFO - [2024-05-02T23:03:03.086+0000] {dag.py:3096} INFO - Sync 1 DAGs
[2024-05-02T23:03:03.135+0000] {logging_mixin.py:188} INFO - [2024-05-02T23:03:03.135+0000] {dag.py:3954} INFO - Setting next_dagrun for example_branch_labels to 2024-05-01 00:00:00+00:00, run_after=2024-05-02 00:00:00+00:00
[2024-05-02T23:03:03.184+0000] {processor.py:183} INFO - Processing /home/airflow/.local/lib/python3.12/site-packages/airflow/example_dags/example_branch_labels.py took 0.242 seconds
[2024-05-02T23:03:33.635+0000] {processor.py:161} INFO - Started process (PID=760) to work on /home/airflow/.local/lib/python3.12/site-packages/airflow/example_dags/example_branch_labels.py
[2024-05-02T23:03:33.637+0000] {processor.py:830} INFO - Processing file /home/airflow/.local/lib/python3.12/site-packages/airflow/example_dags/example_branch_labels.py for tasks to queue
[2024-05-02T23:03:33.640+0000] {logging_mixin.py:188} INFO - [2024-05-02T23:03:33.639+0000] {dagbag.py:540} INFO - Filling up the DagBag from /home/airflow/.local/lib/python3.12/site-packages/airflow/example_dags/example_branch_labels.py
[2024-05-02T23:03:33.655+0000] {processor.py:840} INFO - DAG(s) 'example_branch_labels' retrieved from /home/airflow/.local/lib/python3.12/site-packages/airflow/example_dags/example_branch_labels.py
[2024-05-02T23:03:33.704+0000] {logging_mixin.py:188} INFO - [2024-05-02T23:03:33.704+0000] {dag.py:3096} INFO - Sync 1 DAGs
[2024-05-02T23:03:33.756+0000] {logging_mixin.py:188} INFO - [2024-05-02T23:03:33.755+0000] {dag.py:3954} INFO - Setting next_dagrun for example_branch_labels to 2024-05-01 00:00:00+00:00, run_after=2024-05-02 00:00:00+00:00
[2024-05-02T23:03:33.834+0000] {processor.py:183} INFO - Processing /home/airflow/.local/lib/python3.12/site-packages/airflow/example_dags/example_branch_labels.py took 0.208 seconds
[2024-05-02T23:04:04.571+0000] {processor.py:161} INFO - Started process (PID=819) to work on /home/airflow/.local/lib/python3.12/site-packages/airflow/example_dags/example_branch_labels.py
[2024-05-02T23:04:04.573+0000] {processor.py:830} INFO - Processing file /home/airflow/.local/lib/python3.12/site-packages/airflow/example_dags/example_branch_labels.py for tasks to queue
[2024-05-02T23:04:04.587+0000] {logging_mixin.py:188} INFO - [2024-05-02T23:04:04.577+0000] {dagbag.py:540} INFO - Filling up the DagBag from /home/airflow/.local/lib/python3.12/site-packages/airflow/example_dags/example_branch_labels.py
[2024-05-02T23:04:04.628+0000] {processor.py:840} INFO - DAG(s) 'example_branch_labels' retrieved from /home/airflow/.local/lib/python3.12/site-packages/airflow/example_dags/example_branch_labels.py
[2024-05-02T23:04:04.711+0000] {logging_mixin.py:188} INFO - [2024-05-02T23:04:04.711+0000] {dag.py:3096} INFO - Sync 1 DAGs
[2024-05-02T23:04:04.766+0000] {logging_mixin.py:188} INFO - [2024-05-02T23:04:04.766+0000] {dag.py:3954} INFO - Setting next_dagrun for example_branch_labels to 2024-05-01 00:00:00+00:00, run_after=2024-05-02 00:00:00+00:00
[2024-05-02T23:04:04.818+0000] {processor.py:183} INFO - Processing /home/airflow/.local/lib/python3.12/site-packages/airflow/example_dags/example_branch_labels.py took 0.283 seconds
[2024-05-02T23:04:35.159+0000] {processor.py:161} INFO - Started process (PID=878) to work on /home/airflow/.local/lib/python3.12/site-packages/airflow/example_dags/example_branch_labels.py
[2024-05-02T23:04:35.161+0000] {processor.py:830} INFO - Processing file /home/airflow/.local/lib/python3.12/site-packages/airflow/example_dags/example_branch_labels.py for tasks to queue
[2024-05-02T23:04:35.165+0000] {logging_mixin.py:188} INFO - [2024-05-02T23:04:35.164+0000] {dagbag.py:540} INFO - Filling up the DagBag from /home/airflow/.local/lib/python3.12/site-packages/airflow/example_dags/example_branch_labels.py
[2024-05-02T23:04:35.180+0000] {processor.py:840} INFO - DAG(s) 'example_branch_labels' retrieved from /home/airflow/.local/lib/python3.12/site-packages/airflow/example_dags/example_branch_labels.py
[2024-05-02T23:04:35.239+0000] {logging_mixin.py:188} INFO - [2024-05-02T23:04:35.238+0000] {dag.py:3096} INFO - Sync 1 DAGs
[2024-05-02T23:04:35.296+0000] {logging_mixin.py:188} INFO - [2024-05-02T23:04:35.295+0000] {dag.py:3954} INFO - Setting next_dagrun for example_branch_labels to 2024-05-01 00:00:00+00:00, run_after=2024-05-02 00:00:00+00:00
[2024-05-02T23:04:35.335+0000] {processor.py:183} INFO - Processing /home/airflow/.local/lib/python3.12/site-packages/airflow/example_dags/example_branch_labels.py took 0.185 seconds
[2024-05-02T23:05:08.319+0000] {processor.py:161} INFO - Started process (PID=937) to work on /home/airflow/.local/lib/python3.12/site-packages/airflow/example_dags/example_branch_labels.py
[2024-05-02T23:05:08.324+0000] {processor.py:830} INFO - Processing file /home/airflow/.local/lib/python3.12/site-packages/airflow/example_dags/example_branch_labels.py for tasks to queue
[2024-05-02T23:05:08.333+0000] {logging_mixin.py:188} INFO - [2024-05-02T23:05:08.332+0000] {dagbag.py:540} INFO - Filling up the DagBag from /home/airflow/.local/lib/python3.12/site-packages/airflow/example_dags/example_branch_labels.py
[2024-05-02T23:05:08.360+0000] {processor.py:840} INFO - DAG(s) 'example_branch_labels' retrieved from /home/airflow/.local/lib/python3.12/site-packages/airflow/example_dags/example_branch_labels.py
[2024-05-02T23:05:08.458+0000] {logging_mixin.py:188} INFO - [2024-05-02T23:05:08.457+0000] {dag.py:3096} INFO - Sync 1 DAGs
[2024-05-02T23:05:08.554+0000] {logging_mixin.py:188} INFO - [2024-05-02T23:05:08.554+0000] {dag.py:3954} INFO - Setting next_dagrun for example_branch_labels to 2024-05-01 00:00:00+00:00, run_after=2024-05-02 00:00:00+00:00
[2024-05-02T23:05:08.644+0000] {processor.py:183} INFO - Processing /home/airflow/.local/lib/python3.12/site-packages/airflow/example_dags/example_branch_labels.py took 0.347 seconds
[2024-05-02T23:05:39.356+0000] {processor.py:161} INFO - Started process (PID=995) to work on /home/airflow/.local/lib/python3.12/site-packages/airflow/example_dags/example_branch_labels.py
[2024-05-02T23:05:39.358+0000] {processor.py:830} INFO - Processing file /home/airflow/.local/lib/python3.12/site-packages/airflow/example_dags/example_branch_labels.py for tasks to queue
[2024-05-02T23:05:39.361+0000] {logging_mixin.py:188} INFO - [2024-05-02T23:05:39.361+0000] {dagbag.py:540} INFO - Filling up the DagBag from /home/airflow/.local/lib/python3.12/site-packages/airflow/example_dags/example_branch_labels.py
[2024-05-02T23:05:39.376+0000] {processor.py:840} INFO - DAG(s) 'example_branch_labels' retrieved from /home/airflow/.local/lib/python3.12/site-packages/airflow/example_dags/example_branch_labels.py
[2024-05-02T23:05:39.435+0000] {logging_mixin.py:188} INFO - [2024-05-02T23:05:39.434+0000] {dag.py:3096} INFO - Sync 1 DAGs
[2024-05-02T23:05:39.778+0000] {logging_mixin.py:188} INFO - [2024-05-02T23:05:39.777+0000] {dag.py:3954} INFO - Setting next_dagrun for example_branch_labels to 2024-05-01 00:00:00+00:00, run_after=2024-05-02 00:00:00+00:00
[2024-05-02T23:05:39.844+0000] {processor.py:183} INFO - Processing /home/airflow/.local/lib/python3.12/site-packages/airflow/example_dags/example_branch_labels.py took 0.497 seconds
[2024-05-02T23:06:10.360+0000] {processor.py:161} INFO - Started process (PID=1054) to work on /home/airflow/.local/lib/python3.12/site-packages/airflow/example_dags/example_branch_labels.py
[2024-05-02T23:06:10.361+0000] {processor.py:830} INFO - Processing file /home/airflow/.local/lib/python3.12/site-packages/airflow/example_dags/example_branch_labels.py for tasks to queue
[2024-05-02T23:06:10.364+0000] {logging_mixin.py:188} INFO - [2024-05-02T23:06:10.364+0000] {dagbag.py:540} INFO - Filling up the DagBag from /home/airflow/.local/lib/python3.12/site-packages/airflow/example_dags/example_branch_labels.py
[2024-05-02T23:06:10.377+0000] {processor.py:840} INFO - DAG(s) 'example_branch_labels' retrieved from /home/airflow/.local/lib/python3.12/site-packages/airflow/example_dags/example_branch_labels.py
[2024-05-02T23:06:10.425+0000] {logging_mixin.py:188} INFO - [2024-05-02T23:06:10.425+0000] {dag.py:3096} INFO - Sync 1 DAGs
[2024-05-02T23:06:10.488+0000] {logging_mixin.py:188} INFO - [2024-05-02T23:06:10.487+0000] {dag.py:3954} INFO - Setting next_dagrun for example_branch_labels to 2024-05-01 00:00:00+00:00, run_after=2024-05-02 00:00:00+00:00
[2024-05-02T23:06:10.535+0000] {processor.py:183} INFO - Processing /home/airflow/.local/lib/python3.12/site-packages/airflow/example_dags/example_branch_labels.py took 0.184 seconds
[2024-05-02T23:06:41.745+0000] {processor.py:161} INFO - Started process (PID=1113) to work on /home/airflow/.local/lib/python3.12/site-packages/airflow/example_dags/example_branch_labels.py
[2024-05-02T23:06:41.770+0000] {processor.py:830} INFO - Processing file /home/airflow/.local/lib/python3.12/site-packages/airflow/example_dags/example_branch_labels.py for tasks to queue
[2024-05-02T23:06:41.787+0000] {logging_mixin.py:188} INFO - [2024-05-02T23:06:41.786+0000] {dagbag.py:540} INFO - Filling up the DagBag from /home/airflow/.local/lib/python3.12/site-packages/airflow/example_dags/example_branch_labels.py
[2024-05-02T23:06:41.855+0000] {processor.py:840} INFO - DAG(s) 'example_branch_labels' retrieved from /home/airflow/.local/lib/python3.12/site-packages/airflow/example_dags/example_branch_labels.py
[2024-05-02T23:06:42.021+0000] {logging_mixin.py:188} INFO - [2024-05-02T23:06:42.008+0000] {dag.py:3096} INFO - Sync 1 DAGs
[2024-05-02T23:06:42.122+0000] {logging_mixin.py:188} INFO - [2024-05-02T23:06:42.121+0000] {dag.py:3954} INFO - Setting next_dagrun for example_branch_labels to 2024-05-01 00:00:00+00:00, run_after=2024-05-02 00:00:00+00:00
[2024-05-02T23:06:42.203+0000] {processor.py:183} INFO - Processing /home/airflow/.local/lib/python3.12/site-packages/airflow/example_dags/example_branch_labels.py took 0.523 seconds
