[2024-05-02T22:21:00.390+0000] {processor.py:161} INFO - Started process (PID=83) to work on /home/airflow/.local/lib/python3.12/site-packages/airflow/example_dags/example_display_name.py
[2024-05-02T22:21:00.393+0000] {processor.py:830} INFO - Processing file /home/airflow/.local/lib/python3.12/site-packages/airflow/example_dags/example_display_name.py for tasks to queue
[2024-05-02T22:21:00.398+0000] {logging_mixin.py:188} INFO - [2024-05-02T22:21:00.397+0000] {dagbag.py:540} INFO - Filling up the DagBag from /home/airflow/.local/lib/python3.12/site-packages/airflow/example_dags/example_display_name.py
[2024-05-02T22:21:00.415+0000] {processor.py:840} INFO - DAG(s) 'example_display_name' retrieved from /home/airflow/.local/lib/python3.12/site-packages/airflow/example_dags/example_display_name.py
[2024-05-02T22:21:00.711+0000] {logging_mixin.py:188} INFO - [2024-05-02T22:21:00.711+0000] {dag.py:3096} INFO - Sync 1 DAGs
[2024-05-02T22:21:00.739+0000] {logging_mixin.py:188} INFO - [2024-05-02T22:21:00.738+0000] {dag.py:3954} INFO - Setting next_dagrun for example_display_name to None, run_after=None
[2024-05-02T22:21:00.803+0000] {processor.py:183} INFO - Processing /home/airflow/.local/lib/python3.12/site-packages/airflow/example_dags/example_display_name.py took 0.428 seconds
[2024-05-02T22:21:51.258+0000] {processor.py:161} INFO - Started process (PID=151) to work on /home/airflow/.local/lib/python3.12/site-packages/airflow/example_dags/example_display_name.py
[2024-05-02T22:21:51.275+0000] {processor.py:830} INFO - Processing file /home/airflow/.local/lib/python3.12/site-packages/airflow/example_dags/example_display_name.py for tasks to queue
[2024-05-02T22:21:51.286+0000] {logging_mixin.py:188} INFO - [2024-05-02T22:21:51.285+0000] {dagbag.py:540} INFO - Filling up the DagBag from /home/airflow/.local/lib/python3.12/site-packages/airflow/example_dags/example_display_name.py
[2024-05-02T22:21:51.301+0000] {processor.py:840} INFO - DAG(s) 'example_display_name' retrieved from /home/airflow/.local/lib/python3.12/site-packages/airflow/example_dags/example_display_name.py
[2024-05-02T22:21:51.364+0000] {logging_mixin.py:188} INFO - [2024-05-02T22:21:51.363+0000] {dag.py:3096} INFO - Sync 1 DAGs
[2024-05-02T22:21:51.466+0000] {logging_mixin.py:188} INFO - [2024-05-02T22:21:51.465+0000] {dag.py:3954} INFO - Setting next_dagrun for example_display_name to None, run_after=None
[2024-05-02T22:21:51.549+0000] {processor.py:183} INFO - Processing /home/airflow/.local/lib/python3.12/site-packages/airflow/example_dags/example_display_name.py took 0.330 seconds
[2024-05-02T22:23:07.219+0000] {processor.py:161} INFO - Started process (PID=222) to work on /home/airflow/.local/lib/python3.12/site-packages/airflow/example_dags/example_display_name.py
[2024-05-02T22:23:07.222+0000] {processor.py:830} INFO - Processing file /home/airflow/.local/lib/python3.12/site-packages/airflow/example_dags/example_display_name.py for tasks to queue
[2024-05-02T22:23:07.227+0000] {logging_mixin.py:188} INFO - [2024-05-02T22:23:07.226+0000] {dagbag.py:540} INFO - Filling up the DagBag from /home/airflow/.local/lib/python3.12/site-packages/airflow/example_dags/example_display_name.py
[2024-05-02T22:23:07.274+0000] {processor.py:840} INFO - DAG(s) 'example_display_name' retrieved from /home/airflow/.local/lib/python3.12/site-packages/airflow/example_dags/example_display_name.py
[2024-05-02T22:23:07.587+0000] {logging_mixin.py:188} INFO - [2024-05-02T22:23:07.587+0000] {dag.py:3096} INFO - Sync 1 DAGs
[2024-05-02T22:23:07.928+0000] {logging_mixin.py:188} INFO - [2024-05-02T22:23:07.928+0000] {dag.py:3954} INFO - Setting next_dagrun for example_display_name to None, run_after=None
[2024-05-02T22:23:08.150+0000] {processor.py:183} INFO - Processing /home/airflow/.local/lib/python3.12/site-packages/airflow/example_dags/example_display_name.py took 0.948 seconds
[2024-05-02T22:32:45.238+0000] {processor.py:161} INFO - Started process (PID=83) to work on /home/airflow/.local/lib/python3.12/site-packages/airflow/example_dags/example_display_name.py
[2024-05-02T22:32:45.242+0000] {processor.py:830} INFO - Processing file /home/airflow/.local/lib/python3.12/site-packages/airflow/example_dags/example_display_name.py for tasks to queue
[2024-05-02T22:32:45.247+0000] {logging_mixin.py:188} INFO - [2024-05-02T22:32:45.246+0000] {dagbag.py:540} INFO - Filling up the DagBag from /home/airflow/.local/lib/python3.12/site-packages/airflow/example_dags/example_display_name.py
[2024-05-02T22:32:45.275+0000] {processor.py:840} INFO - DAG(s) 'example_display_name' retrieved from /home/airflow/.local/lib/python3.12/site-packages/airflow/example_dags/example_display_name.py
[2024-05-02T22:32:45.807+0000] {logging_mixin.py:188} INFO - [2024-05-02T22:32:45.806+0000] {dag.py:3096} INFO - Sync 1 DAGs
[2024-05-02T22:32:45.841+0000] {logging_mixin.py:188} INFO - [2024-05-02T22:32:45.840+0000] {dag.py:3954} INFO - Setting next_dagrun for example_display_name to None, run_after=None
[2024-05-02T22:32:45.903+0000] {processor.py:183} INFO - Processing /home/airflow/.local/lib/python3.12/site-packages/airflow/example_dags/example_display_name.py took 0.680 seconds
[2024-05-02T22:33:17.923+0000] {processor.py:161} INFO - Started process (PID=142) to work on /home/airflow/.local/lib/python3.12/site-packages/airflow/example_dags/example_display_name.py
[2024-05-02T22:33:17.932+0000] {processor.py:830} INFO - Processing file /home/airflow/.local/lib/python3.12/site-packages/airflow/example_dags/example_display_name.py for tasks to queue
[2024-05-02T22:33:17.947+0000] {logging_mixin.py:188} INFO - [2024-05-02T22:33:17.945+0000] {dagbag.py:540} INFO - Filling up the DagBag from /home/airflow/.local/lib/python3.12/site-packages/airflow/example_dags/example_display_name.py
[2024-05-02T22:33:17.976+0000] {processor.py:840} INFO - DAG(s) 'example_display_name' retrieved from /home/airflow/.local/lib/python3.12/site-packages/airflow/example_dags/example_display_name.py
[2024-05-02T22:33:18.077+0000] {logging_mixin.py:188} INFO - [2024-05-02T22:33:18.075+0000] {dag.py:3096} INFO - Sync 1 DAGs
[2024-05-02T22:33:18.142+0000] {logging_mixin.py:188} INFO - [2024-05-02T22:33:18.142+0000] {dag.py:3954} INFO - Setting next_dagrun for example_display_name to None, run_after=None
[2024-05-02T22:33:18.313+0000] {processor.py:183} INFO - Processing /home/airflow/.local/lib/python3.12/site-packages/airflow/example_dags/example_display_name.py took 0.419 seconds
[2024-05-02T22:33:52.206+0000] {processor.py:161} INFO - Started process (PID=201) to work on /home/airflow/.local/lib/python3.12/site-packages/airflow/example_dags/example_display_name.py
[2024-05-02T22:33:52.225+0000] {processor.py:830} INFO - Processing file /home/airflow/.local/lib/python3.12/site-packages/airflow/example_dags/example_display_name.py for tasks to queue
[2024-05-02T22:33:52.231+0000] {logging_mixin.py:188} INFO - [2024-05-02T22:33:52.230+0000] {dagbag.py:540} INFO - Filling up the DagBag from /home/airflow/.local/lib/python3.12/site-packages/airflow/example_dags/example_display_name.py
[2024-05-02T22:33:52.334+0000] {processor.py:840} INFO - DAG(s) 'example_display_name' retrieved from /home/airflow/.local/lib/python3.12/site-packages/airflow/example_dags/example_display_name.py
[2024-05-02T22:33:52.453+0000] {logging_mixin.py:188} INFO - [2024-05-02T22:33:52.451+0000] {dag.py:3096} INFO - Sync 1 DAGs
[2024-05-02T22:33:52.767+0000] {logging_mixin.py:188} INFO - [2024-05-02T22:33:52.767+0000] {dag.py:3954} INFO - Setting next_dagrun for example_display_name to None, run_after=None
[2024-05-02T22:33:53.151+0000] {processor.py:183} INFO - Processing /home/airflow/.local/lib/python3.12/site-packages/airflow/example_dags/example_display_name.py took 1.009 seconds
[2024-05-02T22:34:23.813+0000] {processor.py:161} INFO - Started process (PID=260) to work on /home/airflow/.local/lib/python3.12/site-packages/airflow/example_dags/example_display_name.py
[2024-05-02T22:34:23.815+0000] {processor.py:830} INFO - Processing file /home/airflow/.local/lib/python3.12/site-packages/airflow/example_dags/example_display_name.py for tasks to queue
[2024-05-02T22:34:23.821+0000] {logging_mixin.py:188} INFO - [2024-05-02T22:34:23.820+0000] {dagbag.py:540} INFO - Filling up the DagBag from /home/airflow/.local/lib/python3.12/site-packages/airflow/example_dags/example_display_name.py
[2024-05-02T22:34:23.836+0000] {processor.py:840} INFO - DAG(s) 'example_display_name' retrieved from /home/airflow/.local/lib/python3.12/site-packages/airflow/example_dags/example_display_name.py
[2024-05-02T22:34:23.892+0000] {logging_mixin.py:188} INFO - [2024-05-02T22:34:23.891+0000] {dag.py:3096} INFO - Sync 1 DAGs
[2024-05-02T22:34:23.936+0000] {logging_mixin.py:188} INFO - [2024-05-02T22:34:23.934+0000] {dag.py:3954} INFO - Setting next_dagrun for example_display_name to None, run_after=None
[2024-05-02T22:34:24.018+0000] {processor.py:183} INFO - Processing /home/airflow/.local/lib/python3.12/site-packages/airflow/example_dags/example_display_name.py took 0.216 seconds
[2024-05-02T22:34:55.042+0000] {processor.py:161} INFO - Started process (PID=320) to work on /home/airflow/.local/lib/python3.12/site-packages/airflow/example_dags/example_display_name.py
[2024-05-02T22:34:55.072+0000] {processor.py:830} INFO - Processing file /home/airflow/.local/lib/python3.12/site-packages/airflow/example_dags/example_display_name.py for tasks to queue
[2024-05-02T22:34:55.083+0000] {logging_mixin.py:188} INFO - [2024-05-02T22:34:55.083+0000] {dagbag.py:540} INFO - Filling up the DagBag from /home/airflow/.local/lib/python3.12/site-packages/airflow/example_dags/example_display_name.py
[2024-05-02T22:34:55.116+0000] {processor.py:840} INFO - DAG(s) 'example_display_name' retrieved from /home/airflow/.local/lib/python3.12/site-packages/airflow/example_dags/example_display_name.py
[2024-05-02T22:34:55.221+0000] {logging_mixin.py:188} INFO - [2024-05-02T22:34:55.220+0000] {dag.py:3096} INFO - Sync 1 DAGs
[2024-05-02T22:34:55.315+0000] {logging_mixin.py:188} INFO - [2024-05-02T22:34:55.315+0000] {dag.py:3954} INFO - Setting next_dagrun for example_display_name to None, run_after=None
[2024-05-02T22:34:55.504+0000] {processor.py:183} INFO - Processing /home/airflow/.local/lib/python3.12/site-packages/airflow/example_dags/example_display_name.py took 0.489 seconds
[2024-05-02T22:35:26.214+0000] {processor.py:161} INFO - Started process (PID=378) to work on /home/airflow/.local/lib/python3.12/site-packages/airflow/example_dags/example_display_name.py
[2024-05-02T22:35:26.216+0000] {processor.py:830} INFO - Processing file /home/airflow/.local/lib/python3.12/site-packages/airflow/example_dags/example_display_name.py for tasks to queue
[2024-05-02T22:35:26.221+0000] {logging_mixin.py:188} INFO - [2024-05-02T22:35:26.220+0000] {dagbag.py:540} INFO - Filling up the DagBag from /home/airflow/.local/lib/python3.12/site-packages/airflow/example_dags/example_display_name.py
[2024-05-02T22:35:26.232+0000] {processor.py:840} INFO - DAG(s) 'example_display_name' retrieved from /home/airflow/.local/lib/python3.12/site-packages/airflow/example_dags/example_display_name.py
[2024-05-02T22:35:26.528+0000] {logging_mixin.py:188} INFO - [2024-05-02T22:35:26.528+0000] {dag.py:3096} INFO - Sync 1 DAGs
[2024-05-02T22:35:26.576+0000] {logging_mixin.py:188} INFO - [2024-05-02T22:35:26.575+0000] {dag.py:3954} INFO - Setting next_dagrun for example_display_name to None, run_after=None
[2024-05-02T22:35:26.620+0000] {processor.py:183} INFO - Processing /home/airflow/.local/lib/python3.12/site-packages/airflow/example_dags/example_display_name.py took 0.416 seconds
[2024-05-02T22:35:57.093+0000] {processor.py:161} INFO - Started process (PID=436) to work on /home/airflow/.local/lib/python3.12/site-packages/airflow/example_dags/example_display_name.py
[2024-05-02T22:35:57.097+0000] {processor.py:830} INFO - Processing file /home/airflow/.local/lib/python3.12/site-packages/airflow/example_dags/example_display_name.py for tasks to queue
[2024-05-02T22:35:57.101+0000] {logging_mixin.py:188} INFO - [2024-05-02T22:35:57.100+0000] {dagbag.py:540} INFO - Filling up the DagBag from /home/airflow/.local/lib/python3.12/site-packages/airflow/example_dags/example_display_name.py
[2024-05-02T22:35:57.115+0000] {processor.py:840} INFO - DAG(s) 'example_display_name' retrieved from /home/airflow/.local/lib/python3.12/site-packages/airflow/example_dags/example_display_name.py
[2024-05-02T22:35:57.174+0000] {logging_mixin.py:188} INFO - [2024-05-02T22:35:57.174+0000] {dag.py:3096} INFO - Sync 1 DAGs
[2024-05-02T22:35:57.204+0000] {logging_mixin.py:188} INFO - [2024-05-02T22:35:57.203+0000] {dag.py:3954} INFO - Setting next_dagrun for example_display_name to None, run_after=None
[2024-05-02T22:35:57.250+0000] {processor.py:183} INFO - Processing /home/airflow/.local/lib/python3.12/site-packages/airflow/example_dags/example_display_name.py took 0.169 seconds
[2024-05-02T22:36:30.663+0000] {processor.py:161} INFO - Started process (PID=494) to work on /home/airflow/.local/lib/python3.12/site-packages/airflow/example_dags/example_display_name.py
[2024-05-02T22:36:30.678+0000] {processor.py:830} INFO - Processing file /home/airflow/.local/lib/python3.12/site-packages/airflow/example_dags/example_display_name.py for tasks to queue
[2024-05-02T22:36:30.726+0000] {logging_mixin.py:188} INFO - [2024-05-02T22:36:30.698+0000] {dagbag.py:540} INFO - Filling up the DagBag from /home/airflow/.local/lib/python3.12/site-packages/airflow/example_dags/example_display_name.py
[2024-05-02T22:36:30.753+0000] {processor.py:840} INFO - DAG(s) 'example_display_name' retrieved from /home/airflow/.local/lib/python3.12/site-packages/airflow/example_dags/example_display_name.py
[2024-05-02T22:36:30.936+0000] {logging_mixin.py:188} INFO - [2024-05-02T22:36:30.935+0000] {dag.py:3096} INFO - Sync 1 DAGs
[2024-05-02T22:36:31.139+0000] {logging_mixin.py:188} INFO - [2024-05-02T22:36:31.137+0000] {dag.py:3954} INFO - Setting next_dagrun for example_display_name to None, run_after=None
[2024-05-02T22:36:31.409+0000] {processor.py:183} INFO - Processing /home/airflow/.local/lib/python3.12/site-packages/airflow/example_dags/example_display_name.py took 0.768 seconds
[2024-05-02T22:37:09.151+0000] {processor.py:161} INFO - Started process (PID=561) to work on /home/airflow/.local/lib/python3.12/site-packages/airflow/example_dags/example_display_name.py
[2024-05-02T22:37:09.153+0000] {processor.py:830} INFO - Processing file /home/airflow/.local/lib/python3.12/site-packages/airflow/example_dags/example_display_name.py for tasks to queue
[2024-05-02T22:37:09.161+0000] {logging_mixin.py:188} INFO - [2024-05-02T22:37:09.158+0000] {dagbag.py:540} INFO - Filling up the DagBag from /home/airflow/.local/lib/python3.12/site-packages/airflow/example_dags/example_display_name.py
[2024-05-02T22:37:09.175+0000] {processor.py:840} INFO - DAG(s) 'example_display_name' retrieved from /home/airflow/.local/lib/python3.12/site-packages/airflow/example_dags/example_display_name.py
[2024-05-02T22:37:09.232+0000] {logging_mixin.py:188} INFO - [2024-05-02T22:37:09.231+0000] {dag.py:3096} INFO - Sync 1 DAGs
[2024-05-02T22:37:09.282+0000] {logging_mixin.py:188} INFO - [2024-05-02T22:37:09.281+0000] {dag.py:3954} INFO - Setting next_dagrun for example_display_name to None, run_after=None
[2024-05-02T22:37:09.361+0000] {processor.py:183} INFO - Processing /home/airflow/.local/lib/python3.12/site-packages/airflow/example_dags/example_display_name.py took 0.227 seconds
[2024-05-02T22:37:47.185+0000] {processor.py:161} INFO - Started process (PID=627) to work on /home/airflow/.local/lib/python3.12/site-packages/airflow/example_dags/example_display_name.py
[2024-05-02T22:37:47.188+0000] {processor.py:830} INFO - Processing file /home/airflow/.local/lib/python3.12/site-packages/airflow/example_dags/example_display_name.py for tasks to queue
[2024-05-02T22:37:47.261+0000] {logging_mixin.py:188} INFO - [2024-05-02T22:37:47.260+0000] {dagbag.py:540} INFO - Filling up the DagBag from /home/airflow/.local/lib/python3.12/site-packages/airflow/example_dags/example_display_name.py
[2024-05-02T22:37:47.311+0000] {processor.py:840} INFO - DAG(s) 'example_display_name' retrieved from /home/airflow/.local/lib/python3.12/site-packages/airflow/example_dags/example_display_name.py
[2024-05-02T22:37:47.483+0000] {logging_mixin.py:188} INFO - [2024-05-02T22:37:47.483+0000] {dag.py:3096} INFO - Sync 1 DAGs
[2024-05-02T22:37:47.722+0000] {logging_mixin.py:188} INFO - [2024-05-02T22:37:47.721+0000] {dag.py:3954} INFO - Setting next_dagrun for example_display_name to None, run_after=None
[2024-05-02T22:37:47.905+0000] {processor.py:183} INFO - Processing /home/airflow/.local/lib/python3.12/site-packages/airflow/example_dags/example_display_name.py took 0.784 seconds
[2024-05-02T22:38:18.091+0000] {processor.py:161} INFO - Started process (PID=686) to work on /home/airflow/.local/lib/python3.12/site-packages/airflow/example_dags/example_display_name.py
[2024-05-02T22:38:18.092+0000] {processor.py:830} INFO - Processing file /home/airflow/.local/lib/python3.12/site-packages/airflow/example_dags/example_display_name.py for tasks to queue
[2024-05-02T22:38:18.097+0000] {logging_mixin.py:188} INFO - [2024-05-02T22:38:18.096+0000] {dagbag.py:540} INFO - Filling up the DagBag from /home/airflow/.local/lib/python3.12/site-packages/airflow/example_dags/example_display_name.py
[2024-05-02T22:38:18.113+0000] {processor.py:840} INFO - DAG(s) 'example_display_name' retrieved from /home/airflow/.local/lib/python3.12/site-packages/airflow/example_dags/example_display_name.py
[2024-05-02T22:38:18.193+0000] {logging_mixin.py:188} INFO - [2024-05-02T22:38:18.193+0000] {dag.py:3096} INFO - Sync 1 DAGs
[2024-05-02T22:38:18.378+0000] {logging_mixin.py:188} INFO - [2024-05-02T22:38:18.378+0000] {dag.py:3954} INFO - Setting next_dagrun for example_display_name to None, run_after=None
[2024-05-02T22:38:18.497+0000] {processor.py:183} INFO - Processing /home/airflow/.local/lib/python3.12/site-packages/airflow/example_dags/example_display_name.py took 0.418 seconds
[2024-05-02T22:38:51.548+0000] {processor.py:161} INFO - Started process (PID=745) to work on /home/airflow/.local/lib/python3.12/site-packages/airflow/example_dags/example_display_name.py
[2024-05-02T22:38:51.560+0000] {processor.py:830} INFO - Processing file /home/airflow/.local/lib/python3.12/site-packages/airflow/example_dags/example_display_name.py for tasks to queue
[2024-05-02T22:38:51.574+0000] {logging_mixin.py:188} INFO - [2024-05-02T22:38:51.573+0000] {dagbag.py:540} INFO - Filling up the DagBag from /home/airflow/.local/lib/python3.12/site-packages/airflow/example_dags/example_display_name.py
[2024-05-02T22:38:51.596+0000] {processor.py:840} INFO - DAG(s) 'example_display_name' retrieved from /home/airflow/.local/lib/python3.12/site-packages/airflow/example_dags/example_display_name.py
[2024-05-02T22:38:51.762+0000] {logging_mixin.py:188} INFO - [2024-05-02T22:38:51.761+0000] {dag.py:3096} INFO - Sync 1 DAGs
[2024-05-02T22:38:51.880+0000] {logging_mixin.py:188} INFO - [2024-05-02T22:38:51.879+0000] {dag.py:3954} INFO - Setting next_dagrun for example_display_name to None, run_after=None
[2024-05-02T22:38:52.026+0000] {processor.py:183} INFO - Processing /home/airflow/.local/lib/python3.12/site-packages/airflow/example_dags/example_display_name.py took 0.525 seconds
[2024-05-02T22:39:26.228+0000] {processor.py:161} INFO - Started process (PID=805) to work on /home/airflow/.local/lib/python3.12/site-packages/airflow/example_dags/example_display_name.py
[2024-05-02T22:39:26.230+0000] {processor.py:830} INFO - Processing file /home/airflow/.local/lib/python3.12/site-packages/airflow/example_dags/example_display_name.py for tasks to queue
[2024-05-02T22:39:26.236+0000] {logging_mixin.py:188} INFO - [2024-05-02T22:39:26.233+0000] {dagbag.py:540} INFO - Filling up the DagBag from /home/airflow/.local/lib/python3.12/site-packages/airflow/example_dags/example_display_name.py
[2024-05-02T22:39:26.253+0000] {processor.py:840} INFO - DAG(s) 'example_display_name' retrieved from /home/airflow/.local/lib/python3.12/site-packages/airflow/example_dags/example_display_name.py
[2024-05-02T22:39:26.284+0000] {logging_mixin.py:188} INFO - [2024-05-02T22:39:26.284+0000] {dag.py:3096} INFO - Sync 1 DAGs
[2024-05-02T22:39:26.335+0000] {logging_mixin.py:188} INFO - [2024-05-02T22:39:26.334+0000] {dag.py:3954} INFO - Setting next_dagrun for example_display_name to None, run_after=None
[2024-05-02T22:39:26.400+0000] {processor.py:183} INFO - Processing /home/airflow/.local/lib/python3.12/site-packages/airflow/example_dags/example_display_name.py took 0.193 seconds
[2024-05-02T22:40:12.089+0000] {processor.py:161} INFO - Started process (PID=875) to work on /home/airflow/.local/lib/python3.12/site-packages/airflow/example_dags/example_display_name.py
[2024-05-02T22:40:12.091+0000] {processor.py:830} INFO - Processing file /home/airflow/.local/lib/python3.12/site-packages/airflow/example_dags/example_display_name.py for tasks to queue
[2024-05-02T22:40:12.095+0000] {logging_mixin.py:188} INFO - [2024-05-02T22:40:12.094+0000] {dagbag.py:540} INFO - Filling up the DagBag from /home/airflow/.local/lib/python3.12/site-packages/airflow/example_dags/example_display_name.py
[2024-05-02T22:40:12.111+0000] {processor.py:840} INFO - DAG(s) 'example_display_name' retrieved from /home/airflow/.local/lib/python3.12/site-packages/airflow/example_dags/example_display_name.py
[2024-05-02T22:40:12.740+0000] {logging_mixin.py:188} INFO - [2024-05-02T22:40:12.740+0000] {dag.py:3096} INFO - Sync 1 DAGs
[2024-05-02T22:40:12.771+0000] {logging_mixin.py:188} INFO - [2024-05-02T22:40:12.770+0000] {dag.py:3954} INFO - Setting next_dagrun for example_display_name to None, run_after=None
[2024-05-02T22:40:12.818+0000] {processor.py:183} INFO - Processing /home/airflow/.local/lib/python3.12/site-packages/airflow/example_dags/example_display_name.py took 0.739 seconds
[2024-05-02T22:40:43.714+0000] {processor.py:161} INFO - Started process (PID=934) to work on /home/airflow/.local/lib/python3.12/site-packages/airflow/example_dags/example_display_name.py
[2024-05-02T22:40:43.716+0000] {processor.py:830} INFO - Processing file /home/airflow/.local/lib/python3.12/site-packages/airflow/example_dags/example_display_name.py for tasks to queue
[2024-05-02T22:40:43.719+0000] {logging_mixin.py:188} INFO - [2024-05-02T22:40:43.719+0000] {dagbag.py:540} INFO - Filling up the DagBag from /home/airflow/.local/lib/python3.12/site-packages/airflow/example_dags/example_display_name.py
[2024-05-02T22:40:43.731+0000] {processor.py:840} INFO - DAG(s) 'example_display_name' retrieved from /home/airflow/.local/lib/python3.12/site-packages/airflow/example_dags/example_display_name.py
[2024-05-02T22:40:43.777+0000] {logging_mixin.py:188} INFO - [2024-05-02T22:40:43.776+0000] {dag.py:3096} INFO - Sync 1 DAGs
[2024-05-02T22:40:43.804+0000] {logging_mixin.py:188} INFO - [2024-05-02T22:40:43.803+0000] {dag.py:3954} INFO - Setting next_dagrun for example_display_name to None, run_after=None
[2024-05-02T22:40:43.843+0000] {processor.py:183} INFO - Processing /home/airflow/.local/lib/python3.12/site-packages/airflow/example_dags/example_display_name.py took 0.145 seconds
[2024-05-02T22:41:14.565+0000] {processor.py:161} INFO - Started process (PID=993) to work on /home/airflow/.local/lib/python3.12/site-packages/airflow/example_dags/example_display_name.py
[2024-05-02T22:41:14.567+0000] {processor.py:830} INFO - Processing file /home/airflow/.local/lib/python3.12/site-packages/airflow/example_dags/example_display_name.py for tasks to queue
[2024-05-02T22:41:14.571+0000] {logging_mixin.py:188} INFO - [2024-05-02T22:41:14.570+0000] {dagbag.py:540} INFO - Filling up the DagBag from /home/airflow/.local/lib/python3.12/site-packages/airflow/example_dags/example_display_name.py
[2024-05-02T22:41:14.583+0000] {processor.py:840} INFO - DAG(s) 'example_display_name' retrieved from /home/airflow/.local/lib/python3.12/site-packages/airflow/example_dags/example_display_name.py
[2024-05-02T22:41:14.848+0000] {logging_mixin.py:188} INFO - [2024-05-02T22:41:14.847+0000] {dag.py:3096} INFO - Sync 1 DAGs
[2024-05-02T22:41:14.875+0000] {logging_mixin.py:188} INFO - [2024-05-02T22:41:14.875+0000] {dag.py:3954} INFO - Setting next_dagrun for example_display_name to None, run_after=None
[2024-05-02T22:41:14.918+0000] {processor.py:183} INFO - Processing /home/airflow/.local/lib/python3.12/site-packages/airflow/example_dags/example_display_name.py took 0.368 seconds
[2024-05-02T22:41:45.416+0000] {processor.py:161} INFO - Started process (PID=1052) to work on /home/airflow/.local/lib/python3.12/site-packages/airflow/example_dags/example_display_name.py
[2024-05-02T22:41:45.419+0000] {processor.py:830} INFO - Processing file /home/airflow/.local/lib/python3.12/site-packages/airflow/example_dags/example_display_name.py for tasks to queue
[2024-05-02T22:41:45.425+0000] {logging_mixin.py:188} INFO - [2024-05-02T22:41:45.424+0000] {dagbag.py:540} INFO - Filling up the DagBag from /home/airflow/.local/lib/python3.12/site-packages/airflow/example_dags/example_display_name.py
[2024-05-02T22:41:45.440+0000] {processor.py:840} INFO - DAG(s) 'example_display_name' retrieved from /home/airflow/.local/lib/python3.12/site-packages/airflow/example_dags/example_display_name.py
[2024-05-02T22:41:45.493+0000] {logging_mixin.py:188} INFO - [2024-05-02T22:41:45.492+0000] {dag.py:3096} INFO - Sync 1 DAGs
[2024-05-02T22:41:45.547+0000] {logging_mixin.py:188} INFO - [2024-05-02T22:41:45.546+0000] {dag.py:3954} INFO - Setting next_dagrun for example_display_name to None, run_after=None
[2024-05-02T22:41:45.713+0000] {processor.py:183} INFO - Processing /home/airflow/.local/lib/python3.12/site-packages/airflow/example_dags/example_display_name.py took 0.310 seconds
[2024-05-02T22:42:16.096+0000] {processor.py:161} INFO - Started process (PID=1111) to work on /home/airflow/.local/lib/python3.12/site-packages/airflow/example_dags/example_display_name.py
[2024-05-02T22:42:16.098+0000] {processor.py:830} INFO - Processing file /home/airflow/.local/lib/python3.12/site-packages/airflow/example_dags/example_display_name.py for tasks to queue
[2024-05-02T22:42:16.102+0000] {logging_mixin.py:188} INFO - [2024-05-02T22:42:16.101+0000] {dagbag.py:540} INFO - Filling up the DagBag from /home/airflow/.local/lib/python3.12/site-packages/airflow/example_dags/example_display_name.py
[2024-05-02T22:42:16.115+0000] {processor.py:840} INFO - DAG(s) 'example_display_name' retrieved from /home/airflow/.local/lib/python3.12/site-packages/airflow/example_dags/example_display_name.py
[2024-05-02T22:42:16.165+0000] {logging_mixin.py:188} INFO - [2024-05-02T22:42:16.163+0000] {dag.py:3096} INFO - Sync 1 DAGs
[2024-05-02T22:42:16.208+0000] {logging_mixin.py:188} INFO - [2024-05-02T22:42:16.207+0000] {dag.py:3954} INFO - Setting next_dagrun for example_display_name to None, run_after=None
[2024-05-02T22:42:16.263+0000] {processor.py:183} INFO - Processing /home/airflow/.local/lib/python3.12/site-packages/airflow/example_dags/example_display_name.py took 0.182 seconds
[2024-05-02T22:42:47.105+0000] {processor.py:161} INFO - Started process (PID=1170) to work on /home/airflow/.local/lib/python3.12/site-packages/airflow/example_dags/example_display_name.py
[2024-05-02T22:42:47.107+0000] {processor.py:830} INFO - Processing file /home/airflow/.local/lib/python3.12/site-packages/airflow/example_dags/example_display_name.py for tasks to queue
[2024-05-02T22:42:47.111+0000] {logging_mixin.py:188} INFO - [2024-05-02T22:42:47.110+0000] {dagbag.py:540} INFO - Filling up the DagBag from /home/airflow/.local/lib/python3.12/site-packages/airflow/example_dags/example_display_name.py
[2024-05-02T22:42:47.135+0000] {processor.py:840} INFO - DAG(s) 'example_display_name' retrieved from /home/airflow/.local/lib/python3.12/site-packages/airflow/example_dags/example_display_name.py
[2024-05-02T22:42:47.209+0000] {logging_mixin.py:188} INFO - [2024-05-02T22:42:47.209+0000] {dag.py:3096} INFO - Sync 1 DAGs
[2024-05-02T22:42:47.253+0000] {logging_mixin.py:188} INFO - [2024-05-02T22:42:47.252+0000] {dag.py:3954} INFO - Setting next_dagrun for example_display_name to None, run_after=None
[2024-05-02T22:42:47.343+0000] {processor.py:183} INFO - Processing /home/airflow/.local/lib/python3.12/site-packages/airflow/example_dags/example_display_name.py took 0.262 seconds
[2024-05-02T22:43:17.498+0000] {processor.py:161} INFO - Started process (PID=1227) to work on /home/airflow/.local/lib/python3.12/site-packages/airflow/example_dags/example_display_name.py
[2024-05-02T22:43:17.500+0000] {processor.py:830} INFO - Processing file /home/airflow/.local/lib/python3.12/site-packages/airflow/example_dags/example_display_name.py for tasks to queue
[2024-05-02T22:43:17.503+0000] {logging_mixin.py:188} INFO - [2024-05-02T22:43:17.502+0000] {dagbag.py:540} INFO - Filling up the DagBag from /home/airflow/.local/lib/python3.12/site-packages/airflow/example_dags/example_display_name.py
[2024-05-02T22:43:17.514+0000] {processor.py:840} INFO - DAG(s) 'example_display_name' retrieved from /home/airflow/.local/lib/python3.12/site-packages/airflow/example_dags/example_display_name.py
[2024-05-02T22:43:17.552+0000] {logging_mixin.py:188} INFO - [2024-05-02T22:43:17.552+0000] {dag.py:3096} INFO - Sync 1 DAGs
[2024-05-02T22:43:17.579+0000] {logging_mixin.py:188} INFO - [2024-05-02T22:43:17.579+0000] {dag.py:3954} INFO - Setting next_dagrun for example_display_name to None, run_after=None
[2024-05-02T22:43:17.621+0000] {processor.py:183} INFO - Processing /home/airflow/.local/lib/python3.12/site-packages/airflow/example_dags/example_display_name.py took 0.132 seconds
[2024-05-02T22:43:48.338+0000] {processor.py:161} INFO - Started process (PID=1286) to work on /home/airflow/.local/lib/python3.12/site-packages/airflow/example_dags/example_display_name.py
[2024-05-02T22:43:48.342+0000] {processor.py:830} INFO - Processing file /home/airflow/.local/lib/python3.12/site-packages/airflow/example_dags/example_display_name.py for tasks to queue
[2024-05-02T22:43:48.347+0000] {logging_mixin.py:188} INFO - [2024-05-02T22:43:48.347+0000] {dagbag.py:540} INFO - Filling up the DagBag from /home/airflow/.local/lib/python3.12/site-packages/airflow/example_dags/example_display_name.py
[2024-05-02T22:43:48.361+0000] {processor.py:840} INFO - DAG(s) 'example_display_name' retrieved from /home/airflow/.local/lib/python3.12/site-packages/airflow/example_dags/example_display_name.py
[2024-05-02T22:43:48.406+0000] {logging_mixin.py:188} INFO - [2024-05-02T22:43:48.405+0000] {dag.py:3096} INFO - Sync 1 DAGs
[2024-05-02T22:43:48.441+0000] {logging_mixin.py:188} INFO - [2024-05-02T22:43:48.440+0000] {dag.py:3954} INFO - Setting next_dagrun for example_display_name to None, run_after=None
[2024-05-02T22:43:48.502+0000] {processor.py:183} INFO - Processing /home/airflow/.local/lib/python3.12/site-packages/airflow/example_dags/example_display_name.py took 0.188 seconds
[2024-05-02T22:44:19.254+0000] {processor.py:161} INFO - Started process (PID=1345) to work on /home/airflow/.local/lib/python3.12/site-packages/airflow/example_dags/example_display_name.py
[2024-05-02T22:44:19.256+0000] {processor.py:830} INFO - Processing file /home/airflow/.local/lib/python3.12/site-packages/airflow/example_dags/example_display_name.py for tasks to queue
[2024-05-02T22:44:19.261+0000] {logging_mixin.py:188} INFO - [2024-05-02T22:44:19.260+0000] {dagbag.py:540} INFO - Filling up the DagBag from /home/airflow/.local/lib/python3.12/site-packages/airflow/example_dags/example_display_name.py
[2024-05-02T22:44:19.286+0000] {processor.py:840} INFO - DAG(s) 'example_display_name' retrieved from /home/airflow/.local/lib/python3.12/site-packages/airflow/example_dags/example_display_name.py
[2024-05-02T22:44:19.421+0000] {logging_mixin.py:188} INFO - [2024-05-02T22:44:19.421+0000] {dag.py:3096} INFO - Sync 1 DAGs
[2024-05-02T22:44:19.544+0000] {logging_mixin.py:188} INFO - [2024-05-02T22:44:19.544+0000] {dag.py:3954} INFO - Setting next_dagrun for example_display_name to None, run_after=None
[2024-05-02T22:44:19.625+0000] {processor.py:183} INFO - Processing /home/airflow/.local/lib/python3.12/site-packages/airflow/example_dags/example_display_name.py took 0.392 seconds
[2024-05-02T22:44:51.308+0000] {processor.py:161} INFO - Started process (PID=1404) to work on /home/airflow/.local/lib/python3.12/site-packages/airflow/example_dags/example_display_name.py
[2024-05-02T22:44:51.309+0000] {processor.py:830} INFO - Processing file /home/airflow/.local/lib/python3.12/site-packages/airflow/example_dags/example_display_name.py for tasks to queue
[2024-05-02T22:44:51.313+0000] {logging_mixin.py:188} INFO - [2024-05-02T22:44:51.312+0000] {dagbag.py:540} INFO - Filling up the DagBag from /home/airflow/.local/lib/python3.12/site-packages/airflow/example_dags/example_display_name.py
[2024-05-02T22:44:51.336+0000] {processor.py:840} INFO - DAG(s) 'example_display_name' retrieved from /home/airflow/.local/lib/python3.12/site-packages/airflow/example_dags/example_display_name.py
[2024-05-02T22:44:51.450+0000] {logging_mixin.py:188} INFO - [2024-05-02T22:44:51.450+0000] {dag.py:3096} INFO - Sync 1 DAGs
[2024-05-02T22:44:51.518+0000] {logging_mixin.py:188} INFO - [2024-05-02T22:44:51.515+0000] {dag.py:3954} INFO - Setting next_dagrun for example_display_name to None, run_after=None
[2024-05-02T22:44:51.610+0000] {processor.py:183} INFO - Processing /home/airflow/.local/lib/python3.12/site-packages/airflow/example_dags/example_display_name.py took 0.336 seconds
[2024-05-02T22:45:21.724+0000] {processor.py:161} INFO - Started process (PID=1463) to work on /home/airflow/.local/lib/python3.12/site-packages/airflow/example_dags/example_display_name.py
[2024-05-02T22:45:21.726+0000] {processor.py:830} INFO - Processing file /home/airflow/.local/lib/python3.12/site-packages/airflow/example_dags/example_display_name.py for tasks to queue
[2024-05-02T22:45:21.731+0000] {logging_mixin.py:188} INFO - [2024-05-02T22:45:21.730+0000] {dagbag.py:540} INFO - Filling up the DagBag from /home/airflow/.local/lib/python3.12/site-packages/airflow/example_dags/example_display_name.py
[2024-05-02T22:45:21.744+0000] {processor.py:840} INFO - DAG(s) 'example_display_name' retrieved from /home/airflow/.local/lib/python3.12/site-packages/airflow/example_dags/example_display_name.py
[2024-05-02T22:45:21.792+0000] {logging_mixin.py:188} INFO - [2024-05-02T22:45:21.791+0000] {dag.py:3096} INFO - Sync 1 DAGs
[2024-05-02T22:45:21.823+0000] {logging_mixin.py:188} INFO - [2024-05-02T22:45:21.822+0000] {dag.py:3954} INFO - Setting next_dagrun for example_display_name to None, run_after=None
[2024-05-02T22:45:21.874+0000] {processor.py:183} INFO - Processing /home/airflow/.local/lib/python3.12/site-packages/airflow/example_dags/example_display_name.py took 0.168 seconds
[2024-05-02T22:45:52.553+0000] {processor.py:161} INFO - Started process (PID=1522) to work on /home/airflow/.local/lib/python3.12/site-packages/airflow/example_dags/example_display_name.py
[2024-05-02T22:45:52.555+0000] {processor.py:830} INFO - Processing file /home/airflow/.local/lib/python3.12/site-packages/airflow/example_dags/example_display_name.py for tasks to queue
[2024-05-02T22:45:52.559+0000] {logging_mixin.py:188} INFO - [2024-05-02T22:45:52.558+0000] {dagbag.py:540} INFO - Filling up the DagBag from /home/airflow/.local/lib/python3.12/site-packages/airflow/example_dags/example_display_name.py
[2024-05-02T22:45:52.571+0000] {processor.py:840} INFO - DAG(s) 'example_display_name' retrieved from /home/airflow/.local/lib/python3.12/site-packages/airflow/example_dags/example_display_name.py
[2024-05-02T22:45:52.620+0000] {logging_mixin.py:188} INFO - [2024-05-02T22:45:52.619+0000] {dag.py:3096} INFO - Sync 1 DAGs
[2024-05-02T22:45:52.654+0000] {logging_mixin.py:188} INFO - [2024-05-02T22:45:52.654+0000] {dag.py:3954} INFO - Setting next_dagrun for example_display_name to None, run_after=None
[2024-05-02T22:45:52.696+0000] {processor.py:183} INFO - Processing /home/airflow/.local/lib/python3.12/site-packages/airflow/example_dags/example_display_name.py took 0.157 seconds
[2024-05-02T22:46:23.073+0000] {processor.py:161} INFO - Started process (PID=1581) to work on /home/airflow/.local/lib/python3.12/site-packages/airflow/example_dags/example_display_name.py
[2024-05-02T22:46:23.075+0000] {processor.py:830} INFO - Processing file /home/airflow/.local/lib/python3.12/site-packages/airflow/example_dags/example_display_name.py for tasks to queue
[2024-05-02T22:46:23.079+0000] {logging_mixin.py:188} INFO - [2024-05-02T22:46:23.079+0000] {dagbag.py:540} INFO - Filling up the DagBag from /home/airflow/.local/lib/python3.12/site-packages/airflow/example_dags/example_display_name.py
[2024-05-02T22:46:23.091+0000] {processor.py:840} INFO - DAG(s) 'example_display_name' retrieved from /home/airflow/.local/lib/python3.12/site-packages/airflow/example_dags/example_display_name.py
[2024-05-02T22:46:23.130+0000] {logging_mixin.py:188} INFO - [2024-05-02T22:46:23.130+0000] {dag.py:3096} INFO - Sync 1 DAGs
[2024-05-02T22:46:23.163+0000] {logging_mixin.py:188} INFO - [2024-05-02T22:46:23.163+0000] {dag.py:3954} INFO - Setting next_dagrun for example_display_name to None, run_after=None
[2024-05-02T22:46:23.206+0000] {processor.py:183} INFO - Processing /home/airflow/.local/lib/python3.12/site-packages/airflow/example_dags/example_display_name.py took 0.146 seconds
[2024-05-02T22:46:53.591+0000] {processor.py:161} INFO - Started process (PID=1641) to work on /home/airflow/.local/lib/python3.12/site-packages/airflow/example_dags/example_display_name.py
[2024-05-02T22:46:53.593+0000] {processor.py:830} INFO - Processing file /home/airflow/.local/lib/python3.12/site-packages/airflow/example_dags/example_display_name.py for tasks to queue
[2024-05-02T22:46:53.597+0000] {logging_mixin.py:188} INFO - [2024-05-02T22:46:53.596+0000] {dagbag.py:540} INFO - Filling up the DagBag from /home/airflow/.local/lib/python3.12/site-packages/airflow/example_dags/example_display_name.py
[2024-05-02T22:46:53.607+0000] {processor.py:840} INFO - DAG(s) 'example_display_name' retrieved from /home/airflow/.local/lib/python3.12/site-packages/airflow/example_dags/example_display_name.py
[2024-05-02T22:46:53.647+0000] {logging_mixin.py:188} INFO - [2024-05-02T22:46:53.646+0000] {dag.py:3096} INFO - Sync 1 DAGs
[2024-05-02T22:46:53.675+0000] {logging_mixin.py:188} INFO - [2024-05-02T22:46:53.675+0000] {dag.py:3954} INFO - Setting next_dagrun for example_display_name to None, run_after=None
[2024-05-02T22:46:53.739+0000] {processor.py:183} INFO - Processing /home/airflow/.local/lib/python3.12/site-packages/airflow/example_dags/example_display_name.py took 0.159 seconds
[2024-05-02T22:47:24.212+0000] {processor.py:161} INFO - Started process (PID=1700) to work on /home/airflow/.local/lib/python3.12/site-packages/airflow/example_dags/example_display_name.py
[2024-05-02T22:47:24.214+0000] {processor.py:830} INFO - Processing file /home/airflow/.local/lib/python3.12/site-packages/airflow/example_dags/example_display_name.py for tasks to queue
[2024-05-02T22:47:24.218+0000] {logging_mixin.py:188} INFO - [2024-05-02T22:47:24.218+0000] {dagbag.py:540} INFO - Filling up the DagBag from /home/airflow/.local/lib/python3.12/site-packages/airflow/example_dags/example_display_name.py
[2024-05-02T22:47:24.230+0000] {processor.py:840} INFO - DAG(s) 'example_display_name' retrieved from /home/airflow/.local/lib/python3.12/site-packages/airflow/example_dags/example_display_name.py
[2024-05-02T22:47:24.266+0000] {logging_mixin.py:188} INFO - [2024-05-02T22:47:24.265+0000] {dag.py:3096} INFO - Sync 1 DAGs
[2024-05-02T22:47:24.290+0000] {logging_mixin.py:188} INFO - [2024-05-02T22:47:24.289+0000] {dag.py:3954} INFO - Setting next_dagrun for example_display_name to None, run_after=None
[2024-05-02T22:47:24.334+0000] {processor.py:183} INFO - Processing /home/airflow/.local/lib/python3.12/site-packages/airflow/example_dags/example_display_name.py took 0.131 seconds
[2024-05-02T22:47:54.868+0000] {processor.py:161} INFO - Started process (PID=1758) to work on /home/airflow/.local/lib/python3.12/site-packages/airflow/example_dags/example_display_name.py
[2024-05-02T22:47:54.870+0000] {processor.py:830} INFO - Processing file /home/airflow/.local/lib/python3.12/site-packages/airflow/example_dags/example_display_name.py for tasks to queue
[2024-05-02T22:47:54.874+0000] {logging_mixin.py:188} INFO - [2024-05-02T22:47:54.873+0000] {dagbag.py:540} INFO - Filling up the DagBag from /home/airflow/.local/lib/python3.12/site-packages/airflow/example_dags/example_display_name.py
[2024-05-02T22:47:54.885+0000] {processor.py:840} INFO - DAG(s) 'example_display_name' retrieved from /home/airflow/.local/lib/python3.12/site-packages/airflow/example_dags/example_display_name.py
[2024-05-02T22:47:54.929+0000] {logging_mixin.py:188} INFO - [2024-05-02T22:47:54.929+0000] {dag.py:3096} INFO - Sync 1 DAGs
[2024-05-02T22:47:54.965+0000] {logging_mixin.py:188} INFO - [2024-05-02T22:47:54.964+0000] {dag.py:3954} INFO - Setting next_dagrun for example_display_name to None, run_after=None
[2024-05-02T22:47:55.023+0000] {processor.py:183} INFO - Processing /home/airflow/.local/lib/python3.12/site-packages/airflow/example_dags/example_display_name.py took 0.166 seconds
[2024-05-02T22:48:26.022+0000] {processor.py:161} INFO - Started process (PID=1818) to work on /home/airflow/.local/lib/python3.12/site-packages/airflow/example_dags/example_display_name.py
[2024-05-02T22:48:26.024+0000] {processor.py:830} INFO - Processing file /home/airflow/.local/lib/python3.12/site-packages/airflow/example_dags/example_display_name.py for tasks to queue
[2024-05-02T22:48:26.028+0000] {logging_mixin.py:188} INFO - [2024-05-02T22:48:26.027+0000] {dagbag.py:540} INFO - Filling up the DagBag from /home/airflow/.local/lib/python3.12/site-packages/airflow/example_dags/example_display_name.py
[2024-05-02T22:48:26.042+0000] {processor.py:840} INFO - DAG(s) 'example_display_name' retrieved from /home/airflow/.local/lib/python3.12/site-packages/airflow/example_dags/example_display_name.py
[2024-05-02T22:48:26.092+0000] {logging_mixin.py:188} INFO - [2024-05-02T22:48:26.092+0000] {dag.py:3096} INFO - Sync 1 DAGs
[2024-05-02T22:48:26.125+0000] {logging_mixin.py:188} INFO - [2024-05-02T22:48:26.124+0000] {dag.py:3954} INFO - Setting next_dagrun for example_display_name to None, run_after=None
[2024-05-02T22:48:26.180+0000] {processor.py:183} INFO - Processing /home/airflow/.local/lib/python3.12/site-packages/airflow/example_dags/example_display_name.py took 0.170 seconds
[2024-05-02T22:48:56.335+0000] {processor.py:161} INFO - Started process (PID=1877) to work on /home/airflow/.local/lib/python3.12/site-packages/airflow/example_dags/example_display_name.py
[2024-05-02T22:48:56.337+0000] {processor.py:830} INFO - Processing file /home/airflow/.local/lib/python3.12/site-packages/airflow/example_dags/example_display_name.py for tasks to queue
[2024-05-02T22:48:56.341+0000] {logging_mixin.py:188} INFO - [2024-05-02T22:48:56.340+0000] {dagbag.py:540} INFO - Filling up the DagBag from /home/airflow/.local/lib/python3.12/site-packages/airflow/example_dags/example_display_name.py
[2024-05-02T22:48:56.353+0000] {processor.py:840} INFO - DAG(s) 'example_display_name' retrieved from /home/airflow/.local/lib/python3.12/site-packages/airflow/example_dags/example_display_name.py
[2024-05-02T22:48:56.425+0000] {logging_mixin.py:188} INFO - [2024-05-02T22:48:56.424+0000] {dag.py:3096} INFO - Sync 1 DAGs
[2024-05-02T22:48:56.469+0000] {logging_mixin.py:188} INFO - [2024-05-02T22:48:56.468+0000] {dag.py:3954} INFO - Setting next_dagrun for example_display_name to None, run_after=None
[2024-05-02T22:48:56.560+0000] {processor.py:183} INFO - Processing /home/airflow/.local/lib/python3.12/site-packages/airflow/example_dags/example_display_name.py took 0.244 seconds
[2024-05-02T22:49:26.873+0000] {processor.py:161} INFO - Started process (PID=1935) to work on /home/airflow/.local/lib/python3.12/site-packages/airflow/example_dags/example_display_name.py
[2024-05-02T22:49:26.875+0000] {processor.py:830} INFO - Processing file /home/airflow/.local/lib/python3.12/site-packages/airflow/example_dags/example_display_name.py for tasks to queue
[2024-05-02T22:49:26.878+0000] {logging_mixin.py:188} INFO - [2024-05-02T22:49:26.877+0000] {dagbag.py:540} INFO - Filling up the DagBag from /home/airflow/.local/lib/python3.12/site-packages/airflow/example_dags/example_display_name.py
[2024-05-02T22:49:26.888+0000] {processor.py:840} INFO - DAG(s) 'example_display_name' retrieved from /home/airflow/.local/lib/python3.12/site-packages/airflow/example_dags/example_display_name.py
[2024-05-02T22:49:26.923+0000] {logging_mixin.py:188} INFO - [2024-05-02T22:49:26.922+0000] {dag.py:3096} INFO - Sync 1 DAGs
[2024-05-02T22:49:26.947+0000] {logging_mixin.py:188} INFO - [2024-05-02T22:49:26.947+0000] {dag.py:3954} INFO - Setting next_dagrun for example_display_name to None, run_after=None
[2024-05-02T22:49:26.984+0000] {processor.py:183} INFO - Processing /home/airflow/.local/lib/python3.12/site-packages/airflow/example_dags/example_display_name.py took 0.128 seconds
[2024-05-02T22:49:57.249+0000] {processor.py:161} INFO - Started process (PID=1993) to work on /home/airflow/.local/lib/python3.12/site-packages/airflow/example_dags/example_display_name.py
[2024-05-02T22:49:57.251+0000] {processor.py:830} INFO - Processing file /home/airflow/.local/lib/python3.12/site-packages/airflow/example_dags/example_display_name.py for tasks to queue
[2024-05-02T22:49:57.255+0000] {logging_mixin.py:188} INFO - [2024-05-02T22:49:57.255+0000] {dagbag.py:540} INFO - Filling up the DagBag from /home/airflow/.local/lib/python3.12/site-packages/airflow/example_dags/example_display_name.py
[2024-05-02T22:49:57.267+0000] {processor.py:840} INFO - DAG(s) 'example_display_name' retrieved from /home/airflow/.local/lib/python3.12/site-packages/airflow/example_dags/example_display_name.py
[2024-05-02T22:49:57.316+0000] {logging_mixin.py:188} INFO - [2024-05-02T22:49:57.316+0000] {dag.py:3096} INFO - Sync 1 DAGs
[2024-05-02T22:49:57.341+0000] {logging_mixin.py:188} INFO - [2024-05-02T22:49:57.341+0000] {dag.py:3954} INFO - Setting next_dagrun for example_display_name to None, run_after=None
[2024-05-02T22:49:57.387+0000] {processor.py:183} INFO - Processing /home/airflow/.local/lib/python3.12/site-packages/airflow/example_dags/example_display_name.py took 0.157 seconds
[2024-05-02T22:50:29.141+0000] {processor.py:161} INFO - Started process (PID=2054) to work on /home/airflow/.local/lib/python3.12/site-packages/airflow/example_dags/example_display_name.py
[2024-05-02T22:50:29.143+0000] {processor.py:830} INFO - Processing file /home/airflow/.local/lib/python3.12/site-packages/airflow/example_dags/example_display_name.py for tasks to queue
[2024-05-02T22:50:29.156+0000] {logging_mixin.py:188} INFO - [2024-05-02T22:50:29.154+0000] {dagbag.py:540} INFO - Filling up the DagBag from /home/airflow/.local/lib/python3.12/site-packages/airflow/example_dags/example_display_name.py
[2024-05-02T22:50:29.169+0000] {processor.py:840} INFO - DAG(s) 'example_display_name' retrieved from /home/airflow/.local/lib/python3.12/site-packages/airflow/example_dags/example_display_name.py
[2024-05-02T22:50:29.240+0000] {logging_mixin.py:188} INFO - [2024-05-02T22:50:29.240+0000] {dag.py:3096} INFO - Sync 1 DAGs
[2024-05-02T22:50:29.333+0000] {logging_mixin.py:188} INFO - [2024-05-02T22:50:29.332+0000] {dag.py:3954} INFO - Setting next_dagrun for example_display_name to None, run_after=None
[2024-05-02T22:50:29.439+0000] {processor.py:183} INFO - Processing /home/airflow/.local/lib/python3.12/site-packages/airflow/example_dags/example_display_name.py took 0.314 seconds
[2024-05-02T22:51:00.316+0000] {processor.py:161} INFO - Started process (PID=2112) to work on /home/airflow/.local/lib/python3.12/site-packages/airflow/example_dags/example_display_name.py
[2024-05-02T22:51:00.318+0000] {processor.py:830} INFO - Processing file /home/airflow/.local/lib/python3.12/site-packages/airflow/example_dags/example_display_name.py for tasks to queue
[2024-05-02T22:51:00.322+0000] {logging_mixin.py:188} INFO - [2024-05-02T22:51:00.321+0000] {dagbag.py:540} INFO - Filling up the DagBag from /home/airflow/.local/lib/python3.12/site-packages/airflow/example_dags/example_display_name.py
[2024-05-02T22:51:00.334+0000] {processor.py:840} INFO - DAG(s) 'example_display_name' retrieved from /home/airflow/.local/lib/python3.12/site-packages/airflow/example_dags/example_display_name.py
[2024-05-02T22:51:00.394+0000] {logging_mixin.py:188} INFO - [2024-05-02T22:51:00.393+0000] {dag.py:3096} INFO - Sync 1 DAGs
[2024-05-02T22:51:00.432+0000] {logging_mixin.py:188} INFO - [2024-05-02T22:51:00.432+0000] {dag.py:3954} INFO - Setting next_dagrun for example_display_name to None, run_after=None
[2024-05-02T22:51:00.473+0000] {processor.py:183} INFO - Processing /home/airflow/.local/lib/python3.12/site-packages/airflow/example_dags/example_display_name.py took 0.173 seconds
[2024-05-02T22:51:30.844+0000] {processor.py:161} INFO - Started process (PID=2171) to work on /home/airflow/.local/lib/python3.12/site-packages/airflow/example_dags/example_display_name.py
[2024-05-02T22:51:30.846+0000] {processor.py:830} INFO - Processing file /home/airflow/.local/lib/python3.12/site-packages/airflow/example_dags/example_display_name.py for tasks to queue
[2024-05-02T22:51:30.851+0000] {logging_mixin.py:188} INFO - [2024-05-02T22:51:30.850+0000] {dagbag.py:540} INFO - Filling up the DagBag from /home/airflow/.local/lib/python3.12/site-packages/airflow/example_dags/example_display_name.py
[2024-05-02T22:51:30.862+0000] {processor.py:840} INFO - DAG(s) 'example_display_name' retrieved from /home/airflow/.local/lib/python3.12/site-packages/airflow/example_dags/example_display_name.py
[2024-05-02T22:51:30.901+0000] {logging_mixin.py:188} INFO - [2024-05-02T22:51:30.900+0000] {dag.py:3096} INFO - Sync 1 DAGs
[2024-05-02T22:51:30.934+0000] {logging_mixin.py:188} INFO - [2024-05-02T22:51:30.933+0000] {dag.py:3954} INFO - Setting next_dagrun for example_display_name to None, run_after=None
[2024-05-02T22:51:30.978+0000] {processor.py:183} INFO - Processing /home/airflow/.local/lib/python3.12/site-packages/airflow/example_dags/example_display_name.py took 0.150 seconds
[2024-05-02T22:52:02.379+0000] {processor.py:161} INFO - Started process (PID=2231) to work on /home/airflow/.local/lib/python3.12/site-packages/airflow/example_dags/example_display_name.py
[2024-05-02T22:52:02.381+0000] {processor.py:830} INFO - Processing file /home/airflow/.local/lib/python3.12/site-packages/airflow/example_dags/example_display_name.py for tasks to queue
[2024-05-02T22:52:02.384+0000] {logging_mixin.py:188} INFO - [2024-05-02T22:52:02.384+0000] {dagbag.py:540} INFO - Filling up the DagBag from /home/airflow/.local/lib/python3.12/site-packages/airflow/example_dags/example_display_name.py
[2024-05-02T22:52:02.395+0000] {processor.py:840} INFO - DAG(s) 'example_display_name' retrieved from /home/airflow/.local/lib/python3.12/site-packages/airflow/example_dags/example_display_name.py
[2024-05-02T22:52:02.444+0000] {logging_mixin.py:188} INFO - [2024-05-02T22:52:02.444+0000] {dag.py:3096} INFO - Sync 1 DAGs
[2024-05-02T22:52:02.474+0000] {logging_mixin.py:188} INFO - [2024-05-02T22:52:02.473+0000] {dag.py:3954} INFO - Setting next_dagrun for example_display_name to None, run_after=None
[2024-05-02T22:52:02.517+0000] {processor.py:183} INFO - Processing /home/airflow/.local/lib/python3.12/site-packages/airflow/example_dags/example_display_name.py took 0.151 seconds
[2024-05-02T22:52:34.137+0000] {processor.py:161} INFO - Started process (PID=2292) to work on /home/airflow/.local/lib/python3.12/site-packages/airflow/example_dags/example_display_name.py
[2024-05-02T22:52:34.145+0000] {processor.py:830} INFO - Processing file /home/airflow/.local/lib/python3.12/site-packages/airflow/example_dags/example_display_name.py for tasks to queue
[2024-05-02T22:52:34.160+0000] {logging_mixin.py:188} INFO - [2024-05-02T22:52:34.159+0000] {dagbag.py:540} INFO - Filling up the DagBag from /home/airflow/.local/lib/python3.12/site-packages/airflow/example_dags/example_display_name.py
[2024-05-02T22:52:34.205+0000] {processor.py:840} INFO - DAG(s) 'example_display_name' retrieved from /home/airflow/.local/lib/python3.12/site-packages/airflow/example_dags/example_display_name.py
[2024-05-02T22:52:34.313+0000] {logging_mixin.py:188} INFO - [2024-05-02T22:52:34.312+0000] {dag.py:3096} INFO - Sync 1 DAGs
[2024-05-02T22:52:34.375+0000] {logging_mixin.py:188} INFO - [2024-05-02T22:52:34.374+0000] {dag.py:3954} INFO - Setting next_dagrun for example_display_name to None, run_after=None
[2024-05-02T22:52:34.483+0000] {processor.py:183} INFO - Processing /home/airflow/.local/lib/python3.12/site-packages/airflow/example_dags/example_display_name.py took 0.401 seconds
[2024-05-02T22:53:05.083+0000] {processor.py:161} INFO - Started process (PID=2352) to work on /home/airflow/.local/lib/python3.12/site-packages/airflow/example_dags/example_display_name.py
[2024-05-02T22:53:05.085+0000] {processor.py:830} INFO - Processing file /home/airflow/.local/lib/python3.12/site-packages/airflow/example_dags/example_display_name.py for tasks to queue
[2024-05-02T22:53:05.090+0000] {logging_mixin.py:188} INFO - [2024-05-02T22:53:05.089+0000] {dagbag.py:540} INFO - Filling up the DagBag from /home/airflow/.local/lib/python3.12/site-packages/airflow/example_dags/example_display_name.py
[2024-05-02T22:53:05.104+0000] {processor.py:840} INFO - DAG(s) 'example_display_name' retrieved from /home/airflow/.local/lib/python3.12/site-packages/airflow/example_dags/example_display_name.py
[2024-05-02T22:53:05.164+0000] {logging_mixin.py:188} INFO - [2024-05-02T22:53:05.164+0000] {dag.py:3096} INFO - Sync 1 DAGs
[2024-05-02T22:53:05.223+0000] {logging_mixin.py:188} INFO - [2024-05-02T22:53:05.222+0000] {dag.py:3954} INFO - Setting next_dagrun for example_display_name to None, run_after=None
[2024-05-02T22:53:05.379+0000] {processor.py:183} INFO - Processing /home/airflow/.local/lib/python3.12/site-packages/airflow/example_dags/example_display_name.py took 0.312 seconds
[2024-05-02T22:53:36.175+0000] {processor.py:161} INFO - Started process (PID=2410) to work on /home/airflow/.local/lib/python3.12/site-packages/airflow/example_dags/example_display_name.py
[2024-05-02T22:53:36.177+0000] {processor.py:830} INFO - Processing file /home/airflow/.local/lib/python3.12/site-packages/airflow/example_dags/example_display_name.py for tasks to queue
[2024-05-02T22:53:36.181+0000] {logging_mixin.py:188} INFO - [2024-05-02T22:53:36.180+0000] {dagbag.py:540} INFO - Filling up the DagBag from /home/airflow/.local/lib/python3.12/site-packages/airflow/example_dags/example_display_name.py
[2024-05-02T22:53:36.204+0000] {processor.py:840} INFO - DAG(s) 'example_display_name' retrieved from /home/airflow/.local/lib/python3.12/site-packages/airflow/example_dags/example_display_name.py
[2024-05-02T22:53:36.354+0000] {logging_mixin.py:188} INFO - [2024-05-02T22:53:36.353+0000] {dag.py:3096} INFO - Sync 1 DAGs
[2024-05-02T22:53:36.566+0000] {logging_mixin.py:188} INFO - [2024-05-02T22:53:36.565+0000] {dag.py:3954} INFO - Setting next_dagrun for example_display_name to None, run_after=None
[2024-05-02T22:53:36.707+0000] {processor.py:183} INFO - Processing /home/airflow/.local/lib/python3.12/site-packages/airflow/example_dags/example_display_name.py took 0.544 seconds
[2024-05-02T22:54:07.715+0000] {processor.py:161} INFO - Started process (PID=2475) to work on /home/airflow/.local/lib/python3.12/site-packages/airflow/example_dags/example_display_name.py
[2024-05-02T22:54:07.717+0000] {processor.py:830} INFO - Processing file /home/airflow/.local/lib/python3.12/site-packages/airflow/example_dags/example_display_name.py for tasks to queue
[2024-05-02T22:54:07.722+0000] {logging_mixin.py:188} INFO - [2024-05-02T22:54:07.721+0000] {dagbag.py:540} INFO - Filling up the DagBag from /home/airflow/.local/lib/python3.12/site-packages/airflow/example_dags/example_display_name.py
[2024-05-02T22:54:07.739+0000] {processor.py:840} INFO - DAG(s) 'example_display_name' retrieved from /home/airflow/.local/lib/python3.12/site-packages/airflow/example_dags/example_display_name.py
[2024-05-02T22:54:07.774+0000] {logging_mixin.py:188} INFO - [2024-05-02T22:54:07.773+0000] {dag.py:3096} INFO - Sync 1 DAGs
[2024-05-02T22:54:07.890+0000] {logging_mixin.py:188} INFO - [2024-05-02T22:54:07.889+0000] {dag.py:3954} INFO - Setting next_dagrun for example_display_name to None, run_after=None
[2024-05-02T22:54:07.963+0000] {processor.py:183} INFO - Processing /home/airflow/.local/lib/python3.12/site-packages/airflow/example_dags/example_display_name.py took 0.278 seconds
[2024-05-02T22:54:40.089+0000] {processor.py:161} INFO - Started process (PID=2536) to work on /home/airflow/.local/lib/python3.12/site-packages/airflow/example_dags/example_display_name.py
[2024-05-02T22:54:40.090+0000] {processor.py:830} INFO - Processing file /home/airflow/.local/lib/python3.12/site-packages/airflow/example_dags/example_display_name.py for tasks to queue
[2024-05-02T22:54:40.097+0000] {logging_mixin.py:188} INFO - [2024-05-02T22:54:40.096+0000] {dagbag.py:540} INFO - Filling up the DagBag from /home/airflow/.local/lib/python3.12/site-packages/airflow/example_dags/example_display_name.py
[2024-05-02T22:54:40.107+0000] {processor.py:840} INFO - DAG(s) 'example_display_name' retrieved from /home/airflow/.local/lib/python3.12/site-packages/airflow/example_dags/example_display_name.py
[2024-05-02T22:54:40.355+0000] {logging_mixin.py:188} INFO - [2024-05-02T22:54:40.354+0000] {dag.py:3096} INFO - Sync 1 DAGs
[2024-05-02T22:54:40.376+0000] {logging_mixin.py:188} INFO - [2024-05-02T22:54:40.375+0000] {dag.py:3954} INFO - Setting next_dagrun for example_display_name to None, run_after=None
[2024-05-02T22:54:40.415+0000] {processor.py:183} INFO - Processing /home/airflow/.local/lib/python3.12/site-packages/airflow/example_dags/example_display_name.py took 0.339 seconds
[2024-05-02T22:55:10.745+0000] {processor.py:161} INFO - Started process (PID=2594) to work on /home/airflow/.local/lib/python3.12/site-packages/airflow/example_dags/example_display_name.py
[2024-05-02T22:55:10.746+0000] {processor.py:830} INFO - Processing file /home/airflow/.local/lib/python3.12/site-packages/airflow/example_dags/example_display_name.py for tasks to queue
[2024-05-02T22:55:10.751+0000] {logging_mixin.py:188} INFO - [2024-05-02T22:55:10.751+0000] {dagbag.py:540} INFO - Filling up the DagBag from /home/airflow/.local/lib/python3.12/site-packages/airflow/example_dags/example_display_name.py
[2024-05-02T22:55:10.761+0000] {processor.py:840} INFO - DAG(s) 'example_display_name' retrieved from /home/airflow/.local/lib/python3.12/site-packages/airflow/example_dags/example_display_name.py
[2024-05-02T22:55:10.796+0000] {logging_mixin.py:188} INFO - [2024-05-02T22:55:10.796+0000] {dag.py:3096} INFO - Sync 1 DAGs
[2024-05-02T22:55:10.821+0000] {logging_mixin.py:188} INFO - [2024-05-02T22:55:10.821+0000] {dag.py:3954} INFO - Setting next_dagrun for example_display_name to None, run_after=None
[2024-05-02T22:55:10.860+0000] {processor.py:183} INFO - Processing /home/airflow/.local/lib/python3.12/site-packages/airflow/example_dags/example_display_name.py took 0.125 seconds
[2024-05-02T22:55:41.449+0000] {processor.py:161} INFO - Started process (PID=2654) to work on /home/airflow/.local/lib/python3.12/site-packages/airflow/example_dags/example_display_name.py
[2024-05-02T22:55:41.452+0000] {processor.py:830} INFO - Processing file /home/airflow/.local/lib/python3.12/site-packages/airflow/example_dags/example_display_name.py for tasks to queue
[2024-05-02T22:55:41.457+0000] {logging_mixin.py:188} INFO - [2024-05-02T22:55:41.456+0000] {dagbag.py:540} INFO - Filling up the DagBag from /home/airflow/.local/lib/python3.12/site-packages/airflow/example_dags/example_display_name.py
[2024-05-02T22:55:41.469+0000] {processor.py:840} INFO - DAG(s) 'example_display_name' retrieved from /home/airflow/.local/lib/python3.12/site-packages/airflow/example_dags/example_display_name.py
[2024-05-02T22:55:41.535+0000] {logging_mixin.py:188} INFO - [2024-05-02T22:55:41.535+0000] {dag.py:3096} INFO - Sync 1 DAGs
[2024-05-02T22:55:41.613+0000] {logging_mixin.py:188} INFO - [2024-05-02T22:55:41.612+0000] {dag.py:3954} INFO - Setting next_dagrun for example_display_name to None, run_after=None
[2024-05-02T22:55:41.733+0000] {processor.py:183} INFO - Processing /home/airflow/.local/lib/python3.12/site-packages/airflow/example_dags/example_display_name.py took 0.300 seconds
[2024-05-02T22:56:12.130+0000] {processor.py:161} INFO - Started process (PID=2714) to work on /home/airflow/.local/lib/python3.12/site-packages/airflow/example_dags/example_display_name.py
[2024-05-02T22:56:12.135+0000] {processor.py:830} INFO - Processing file /home/airflow/.local/lib/python3.12/site-packages/airflow/example_dags/example_display_name.py for tasks to queue
[2024-05-02T22:56:12.161+0000] {logging_mixin.py:188} INFO - [2024-05-02T22:56:12.160+0000] {dagbag.py:540} INFO - Filling up the DagBag from /home/airflow/.local/lib/python3.12/site-packages/airflow/example_dags/example_display_name.py
[2024-05-02T22:56:12.186+0000] {processor.py:840} INFO - DAG(s) 'example_display_name' retrieved from /home/airflow/.local/lib/python3.12/site-packages/airflow/example_dags/example_display_name.py
[2024-05-02T22:56:12.314+0000] {logging_mixin.py:188} INFO - [2024-05-02T22:56:12.301+0000] {dag.py:3096} INFO - Sync 1 DAGs
[2024-05-02T22:56:12.393+0000] {logging_mixin.py:188} INFO - [2024-05-02T22:56:12.393+0000] {dag.py:3954} INFO - Setting next_dagrun for example_display_name to None, run_after=None
[2024-05-02T22:56:12.499+0000] {processor.py:183} INFO - Processing /home/airflow/.local/lib/python3.12/site-packages/airflow/example_dags/example_display_name.py took 0.391 seconds
[2024-05-02T22:57:12.764+0000] {processor.py:161} INFO - Started process (PID=71) to work on /home/airflow/.local/lib/python3.12/site-packages/airflow/example_dags/example_display_name.py
[2024-05-02T22:57:12.769+0000] {processor.py:830} INFO - Processing file /home/airflow/.local/lib/python3.12/site-packages/airflow/example_dags/example_display_name.py for tasks to queue
[2024-05-02T22:57:12.772+0000] {logging_mixin.py:188} INFO - [2024-05-02T22:57:12.772+0000] {dagbag.py:540} INFO - Filling up the DagBag from /home/airflow/.local/lib/python3.12/site-packages/airflow/example_dags/example_display_name.py
[2024-05-02T22:57:12.791+0000] {processor.py:840} INFO - DAG(s) 'example_display_name' retrieved from /home/airflow/.local/lib/python3.12/site-packages/airflow/example_dags/example_display_name.py
[2024-05-02T22:57:12.844+0000] {logging_mixin.py:188} INFO - [2024-05-02T22:57:12.844+0000] {dag.py:3096} INFO - Sync 1 DAGs
[2024-05-02T22:57:12.875+0000] {logging_mixin.py:188} INFO - [2024-05-02T22:57:12.874+0000] {dag.py:3954} INFO - Setting next_dagrun for example_display_name to None, run_after=None
[2024-05-02T22:57:12.928+0000] {processor.py:183} INFO - Processing /home/airflow/.local/lib/python3.12/site-packages/airflow/example_dags/example_display_name.py took 0.183 seconds
[2024-05-02T22:58:04.753+0000] {processor.py:161} INFO - Started process (PID=140) to work on /home/airflow/.local/lib/python3.12/site-packages/airflow/example_dags/example_display_name.py
[2024-05-02T22:58:04.762+0000] {processor.py:830} INFO - Processing file /home/airflow/.local/lib/python3.12/site-packages/airflow/example_dags/example_display_name.py for tasks to queue
[2024-05-02T22:58:04.775+0000] {logging_mixin.py:188} INFO - [2024-05-02T22:58:04.774+0000] {dagbag.py:540} INFO - Filling up the DagBag from /home/airflow/.local/lib/python3.12/site-packages/airflow/example_dags/example_display_name.py
[2024-05-02T22:58:04.795+0000] {processor.py:840} INFO - DAG(s) 'example_display_name' retrieved from /home/airflow/.local/lib/python3.12/site-packages/airflow/example_dags/example_display_name.py
[2024-05-02T22:58:04.862+0000] {logging_mixin.py:188} INFO - [2024-05-02T22:58:04.861+0000] {dag.py:3096} INFO - Sync 1 DAGs
[2024-05-02T22:58:04.919+0000] {logging_mixin.py:188} INFO - [2024-05-02T22:58:04.919+0000] {dag.py:3954} INFO - Setting next_dagrun for example_display_name to None, run_after=None
[2024-05-02T22:58:04.996+0000] {processor.py:183} INFO - Processing /home/airflow/.local/lib/python3.12/site-packages/airflow/example_dags/example_display_name.py took 0.269 seconds
[2024-05-02T22:58:45.524+0000] {processor.py:161} INFO - Started process (PID=199) to work on /home/airflow/.local/lib/python3.12/site-packages/airflow/example_dags/example_display_name.py
[2024-05-02T22:58:45.535+0000] {processor.py:830} INFO - Processing file /home/airflow/.local/lib/python3.12/site-packages/airflow/example_dags/example_display_name.py for tasks to queue
[2024-05-02T22:58:45.551+0000] {logging_mixin.py:188} INFO - [2024-05-02T22:58:45.550+0000] {dagbag.py:540} INFO - Filling up the DagBag from /home/airflow/.local/lib/python3.12/site-packages/airflow/example_dags/example_display_name.py
[2024-05-02T22:58:45.719+0000] {processor.py:840} INFO - DAG(s) 'example_display_name' retrieved from /home/airflow/.local/lib/python3.12/site-packages/airflow/example_dags/example_display_name.py
[2024-05-02T22:58:45.969+0000] {logging_mixin.py:188} INFO - [2024-05-02T22:58:45.969+0000] {dag.py:3096} INFO - Sync 1 DAGs
[2024-05-02T22:58:46.144+0000] {logging_mixin.py:188} INFO - [2024-05-02T22:58:46.144+0000] {dag.py:3954} INFO - Setting next_dagrun for example_display_name to None, run_after=None
[2024-05-02T22:58:46.319+0000] {processor.py:183} INFO - Processing /home/airflow/.local/lib/python3.12/site-packages/airflow/example_dags/example_display_name.py took 0.826 seconds
[2024-05-02T22:59:16.786+0000] {processor.py:161} INFO - Started process (PID=262) to work on /home/airflow/.local/lib/python3.12/site-packages/airflow/example_dags/example_display_name.py
[2024-05-02T22:59:16.795+0000] {processor.py:830} INFO - Processing file /home/airflow/.local/lib/python3.12/site-packages/airflow/example_dags/example_display_name.py for tasks to queue
[2024-05-02T22:59:16.804+0000] {logging_mixin.py:188} INFO - [2024-05-02T22:59:16.803+0000] {dagbag.py:540} INFO - Filling up the DagBag from /home/airflow/.local/lib/python3.12/site-packages/airflow/example_dags/example_display_name.py
[2024-05-02T22:59:16.833+0000] {processor.py:840} INFO - DAG(s) 'example_display_name' retrieved from /home/airflow/.local/lib/python3.12/site-packages/airflow/example_dags/example_display_name.py
[2024-05-02T22:59:16.978+0000] {logging_mixin.py:188} INFO - [2024-05-02T22:59:16.978+0000] {dag.py:3096} INFO - Sync 1 DAGs
[2024-05-02T22:59:17.069+0000] {logging_mixin.py:188} INFO - [2024-05-02T22:59:17.068+0000] {dag.py:3954} INFO - Setting next_dagrun for example_display_name to None, run_after=None
[2024-05-02T22:59:17.382+0000] {processor.py:183} INFO - Processing /home/airflow/.local/lib/python3.12/site-packages/airflow/example_dags/example_display_name.py took 0.614 seconds
[2024-05-02T22:59:47.638+0000] {processor.py:161} INFO - Started process (PID=325) to work on /home/airflow/.local/lib/python3.12/site-packages/airflow/example_dags/example_display_name.py
[2024-05-02T22:59:47.640+0000] {processor.py:830} INFO - Processing file /home/airflow/.local/lib/python3.12/site-packages/airflow/example_dags/example_display_name.py for tasks to queue
[2024-05-02T22:59:47.644+0000] {logging_mixin.py:188} INFO - [2024-05-02T22:59:47.644+0000] {dagbag.py:540} INFO - Filling up the DagBag from /home/airflow/.local/lib/python3.12/site-packages/airflow/example_dags/example_display_name.py
[2024-05-02T22:59:47.671+0000] {processor.py:840} INFO - DAG(s) 'example_display_name' retrieved from /home/airflow/.local/lib/python3.12/site-packages/airflow/example_dags/example_display_name.py
[2024-05-02T22:59:47.739+0000] {logging_mixin.py:188} INFO - [2024-05-02T22:59:47.739+0000] {dag.py:3096} INFO - Sync 1 DAGs
[2024-05-02T22:59:47.792+0000] {logging_mixin.py:188} INFO - [2024-05-02T22:59:47.791+0000] {dag.py:3954} INFO - Setting next_dagrun for example_display_name to None, run_after=None
[2024-05-02T22:59:47.863+0000] {processor.py:183} INFO - Processing /home/airflow/.local/lib/python3.12/site-packages/airflow/example_dags/example_display_name.py took 0.252 seconds
[2024-05-02T23:00:19.918+0000] {processor.py:161} INFO - Started process (PID=383) to work on /home/airflow/.local/lib/python3.12/site-packages/airflow/example_dags/example_display_name.py
[2024-05-02T23:00:19.923+0000] {processor.py:830} INFO - Processing file /home/airflow/.local/lib/python3.12/site-packages/airflow/example_dags/example_display_name.py for tasks to queue
[2024-05-02T23:00:19.958+0000] {logging_mixin.py:188} INFO - [2024-05-02T23:00:19.957+0000] {dagbag.py:540} INFO - Filling up the DagBag from /home/airflow/.local/lib/python3.12/site-packages/airflow/example_dags/example_display_name.py
[2024-05-02T23:00:20.044+0000] {processor.py:840} INFO - DAG(s) 'example_display_name' retrieved from /home/airflow/.local/lib/python3.12/site-packages/airflow/example_dags/example_display_name.py
[2024-05-02T23:00:20.171+0000] {logging_mixin.py:188} INFO - [2024-05-02T23:00:20.170+0000] {dag.py:3096} INFO - Sync 1 DAGs
[2024-05-02T23:00:20.294+0000] {logging_mixin.py:188} INFO - [2024-05-02T23:00:20.294+0000] {dag.py:3954} INFO - Setting next_dagrun for example_display_name to None, run_after=None
[2024-05-02T23:00:20.361+0000] {processor.py:183} INFO - Processing /home/airflow/.local/lib/python3.12/site-packages/airflow/example_dags/example_display_name.py took 0.479 seconds
[2024-05-02T23:00:50.728+0000] {processor.py:161} INFO - Started process (PID=442) to work on /home/airflow/.local/lib/python3.12/site-packages/airflow/example_dags/example_display_name.py
[2024-05-02T23:00:50.730+0000] {processor.py:830} INFO - Processing file /home/airflow/.local/lib/python3.12/site-packages/airflow/example_dags/example_display_name.py for tasks to queue
[2024-05-02T23:00:50.738+0000] {logging_mixin.py:188} INFO - [2024-05-02T23:00:50.737+0000] {dagbag.py:540} INFO - Filling up the DagBag from /home/airflow/.local/lib/python3.12/site-packages/airflow/example_dags/example_display_name.py
[2024-05-02T23:00:50.756+0000] {processor.py:840} INFO - DAG(s) 'example_display_name' retrieved from /home/airflow/.local/lib/python3.12/site-packages/airflow/example_dags/example_display_name.py
[2024-05-02T23:00:50.828+0000] {logging_mixin.py:188} INFO - [2024-05-02T23:00:50.827+0000] {dag.py:3096} INFO - Sync 1 DAGs
[2024-05-02T23:00:50.923+0000] {logging_mixin.py:188} INFO - [2024-05-02T23:00:50.923+0000] {dag.py:3954} INFO - Setting next_dagrun for example_display_name to None, run_after=None
[2024-05-02T23:00:51.025+0000] {processor.py:183} INFO - Processing /home/airflow/.local/lib/python3.12/site-packages/airflow/example_dags/example_display_name.py took 0.325 seconds
[2024-05-02T23:01:21.266+0000] {processor.py:161} INFO - Started process (PID=501) to work on /home/airflow/.local/lib/python3.12/site-packages/airflow/example_dags/example_display_name.py
[2024-05-02T23:01:21.278+0000] {processor.py:830} INFO - Processing file /home/airflow/.local/lib/python3.12/site-packages/airflow/example_dags/example_display_name.py for tasks to queue
[2024-05-02T23:01:21.284+0000] {logging_mixin.py:188} INFO - [2024-05-02T23:01:21.283+0000] {dagbag.py:540} INFO - Filling up the DagBag from /home/airflow/.local/lib/python3.12/site-packages/airflow/example_dags/example_display_name.py
[2024-05-02T23:01:21.299+0000] {processor.py:840} INFO - DAG(s) 'example_display_name' retrieved from /home/airflow/.local/lib/python3.12/site-packages/airflow/example_dags/example_display_name.py
[2024-05-02T23:01:21.384+0000] {logging_mixin.py:188} INFO - [2024-05-02T23:01:21.383+0000] {dag.py:3096} INFO - Sync 1 DAGs
[2024-05-02T23:01:21.497+0000] {logging_mixin.py:188} INFO - [2024-05-02T23:01:21.496+0000] {dag.py:3954} INFO - Setting next_dagrun for example_display_name to None, run_after=None
[2024-05-02T23:01:21.712+0000] {processor.py:183} INFO - Processing /home/airflow/.local/lib/python3.12/site-packages/airflow/example_dags/example_display_name.py took 0.477 seconds
[2024-05-02T23:01:52.152+0000] {processor.py:161} INFO - Started process (PID=558) to work on /home/airflow/.local/lib/python3.12/site-packages/airflow/example_dags/example_display_name.py
[2024-05-02T23:01:52.154+0000] {processor.py:830} INFO - Processing file /home/airflow/.local/lib/python3.12/site-packages/airflow/example_dags/example_display_name.py for tasks to queue
[2024-05-02T23:01:52.158+0000] {logging_mixin.py:188} INFO - [2024-05-02T23:01:52.158+0000] {dagbag.py:540} INFO - Filling up the DagBag from /home/airflow/.local/lib/python3.12/site-packages/airflow/example_dags/example_display_name.py
[2024-05-02T23:01:52.178+0000] {processor.py:840} INFO - DAG(s) 'example_display_name' retrieved from /home/airflow/.local/lib/python3.12/site-packages/airflow/example_dags/example_display_name.py
[2024-05-02T23:01:52.239+0000] {logging_mixin.py:188} INFO - [2024-05-02T23:01:52.239+0000] {dag.py:3096} INFO - Sync 1 DAGs
[2024-05-02T23:01:52.278+0000] {logging_mixin.py:188} INFO - [2024-05-02T23:01:52.277+0000] {dag.py:3954} INFO - Setting next_dagrun for example_display_name to None, run_after=None
[2024-05-02T23:01:52.395+0000] {processor.py:183} INFO - Processing /home/airflow/.local/lib/python3.12/site-packages/airflow/example_dags/example_display_name.py took 0.254 seconds
[2024-05-02T23:02:23.369+0000] {processor.py:161} INFO - Started process (PID=618) to work on /home/airflow/.local/lib/python3.12/site-packages/airflow/example_dags/example_display_name.py
[2024-05-02T23:02:23.371+0000] {processor.py:830} INFO - Processing file /home/airflow/.local/lib/python3.12/site-packages/airflow/example_dags/example_display_name.py for tasks to queue
[2024-05-02T23:02:23.374+0000] {logging_mixin.py:188} INFO - [2024-05-02T23:02:23.374+0000] {dagbag.py:540} INFO - Filling up the DagBag from /home/airflow/.local/lib/python3.12/site-packages/airflow/example_dags/example_display_name.py
[2024-05-02T23:02:23.384+0000] {processor.py:840} INFO - DAG(s) 'example_display_name' retrieved from /home/airflow/.local/lib/python3.12/site-packages/airflow/example_dags/example_display_name.py
[2024-05-02T23:02:23.420+0000] {logging_mixin.py:188} INFO - [2024-05-02T23:02:23.419+0000] {dag.py:3096} INFO - Sync 1 DAGs
[2024-05-02T23:02:23.447+0000] {logging_mixin.py:188} INFO - [2024-05-02T23:02:23.446+0000] {dag.py:3954} INFO - Setting next_dagrun for example_display_name to None, run_after=None
[2024-05-02T23:02:23.484+0000] {processor.py:183} INFO - Processing /home/airflow/.local/lib/python3.12/site-packages/airflow/example_dags/example_display_name.py took 0.124 seconds
[2024-05-02T23:02:53.947+0000] {processor.py:161} INFO - Started process (PID=677) to work on /home/airflow/.local/lib/python3.12/site-packages/airflow/example_dags/example_display_name.py
[2024-05-02T23:02:53.949+0000] {processor.py:830} INFO - Processing file /home/airflow/.local/lib/python3.12/site-packages/airflow/example_dags/example_display_name.py for tasks to queue
[2024-05-02T23:02:53.953+0000] {logging_mixin.py:188} INFO - [2024-05-02T23:02:53.952+0000] {dagbag.py:540} INFO - Filling up the DagBag from /home/airflow/.local/lib/python3.12/site-packages/airflow/example_dags/example_display_name.py
[2024-05-02T23:02:53.963+0000] {processor.py:840} INFO - DAG(s) 'example_display_name' retrieved from /home/airflow/.local/lib/python3.12/site-packages/airflow/example_dags/example_display_name.py
[2024-05-02T23:02:54.005+0000] {logging_mixin.py:188} INFO - [2024-05-02T23:02:54.005+0000] {dag.py:3096} INFO - Sync 1 DAGs
[2024-05-02T23:02:54.037+0000] {logging_mixin.py:188} INFO - [2024-05-02T23:02:54.036+0000] {dag.py:3954} INFO - Setting next_dagrun for example_display_name to None, run_after=None
[2024-05-02T23:02:54.157+0000] {processor.py:183} INFO - Processing /home/airflow/.local/lib/python3.12/site-packages/airflow/example_dags/example_display_name.py took 0.213 seconds
[2024-05-02T23:03:24.639+0000] {processor.py:161} INFO - Started process (PID=736) to work on /home/airflow/.local/lib/python3.12/site-packages/airflow/example_dags/example_display_name.py
[2024-05-02T23:03:24.641+0000] {processor.py:830} INFO - Processing file /home/airflow/.local/lib/python3.12/site-packages/airflow/example_dags/example_display_name.py for tasks to queue
[2024-05-02T23:03:24.645+0000] {logging_mixin.py:188} INFO - [2024-05-02T23:03:24.644+0000] {dagbag.py:540} INFO - Filling up the DagBag from /home/airflow/.local/lib/python3.12/site-packages/airflow/example_dags/example_display_name.py
[2024-05-02T23:03:24.655+0000] {processor.py:840} INFO - DAG(s) 'example_display_name' retrieved from /home/airflow/.local/lib/python3.12/site-packages/airflow/example_dags/example_display_name.py
[2024-05-02T23:03:24.693+0000] {logging_mixin.py:188} INFO - [2024-05-02T23:03:24.692+0000] {dag.py:3096} INFO - Sync 1 DAGs
[2024-05-02T23:03:24.722+0000] {logging_mixin.py:188} INFO - [2024-05-02T23:03:24.722+0000] {dag.py:3954} INFO - Setting next_dagrun for example_display_name to None, run_after=None
[2024-05-02T23:03:24.768+0000] {processor.py:183} INFO - Processing /home/airflow/.local/lib/python3.12/site-packages/airflow/example_dags/example_display_name.py took 0.141 seconds
[2024-05-02T23:03:55.342+0000] {processor.py:161} INFO - Started process (PID=795) to work on /home/airflow/.local/lib/python3.12/site-packages/airflow/example_dags/example_display_name.py
[2024-05-02T23:03:55.344+0000] {processor.py:830} INFO - Processing file /home/airflow/.local/lib/python3.12/site-packages/airflow/example_dags/example_display_name.py for tasks to queue
[2024-05-02T23:03:55.349+0000] {logging_mixin.py:188} INFO - [2024-05-02T23:03:55.348+0000] {dagbag.py:540} INFO - Filling up the DagBag from /home/airflow/.local/lib/python3.12/site-packages/airflow/example_dags/example_display_name.py
[2024-05-02T23:03:55.360+0000] {processor.py:840} INFO - DAG(s) 'example_display_name' retrieved from /home/airflow/.local/lib/python3.12/site-packages/airflow/example_dags/example_display_name.py
[2024-05-02T23:03:55.406+0000] {logging_mixin.py:188} INFO - [2024-05-02T23:03:55.405+0000] {dag.py:3096} INFO - Sync 1 DAGs
[2024-05-02T23:03:55.445+0000] {logging_mixin.py:188} INFO - [2024-05-02T23:03:55.445+0000] {dag.py:3954} INFO - Setting next_dagrun for example_display_name to None, run_after=None
[2024-05-02T23:03:55.504+0000] {processor.py:183} INFO - Processing /home/airflow/.local/lib/python3.12/site-packages/airflow/example_dags/example_display_name.py took 0.181 seconds
[2024-05-02T23:04:26.316+0000] {processor.py:161} INFO - Started process (PID=854) to work on /home/airflow/.local/lib/python3.12/site-packages/airflow/example_dags/example_display_name.py
[2024-05-02T23:04:26.318+0000] {processor.py:830} INFO - Processing file /home/airflow/.local/lib/python3.12/site-packages/airflow/example_dags/example_display_name.py for tasks to queue
[2024-05-02T23:04:26.324+0000] {logging_mixin.py:188} INFO - [2024-05-02T23:04:26.323+0000] {dagbag.py:540} INFO - Filling up the DagBag from /home/airflow/.local/lib/python3.12/site-packages/airflow/example_dags/example_display_name.py
[2024-05-02T23:04:26.338+0000] {processor.py:840} INFO - DAG(s) 'example_display_name' retrieved from /home/airflow/.local/lib/python3.12/site-packages/airflow/example_dags/example_display_name.py
[2024-05-02T23:04:26.375+0000] {logging_mixin.py:188} INFO - [2024-05-02T23:04:26.374+0000] {dag.py:3096} INFO - Sync 1 DAGs
[2024-05-02T23:04:26.637+0000] {logging_mixin.py:188} INFO - [2024-05-02T23:04:26.636+0000] {dag.py:3954} INFO - Setting next_dagrun for example_display_name to None, run_after=None
[2024-05-02T23:04:26.673+0000] {processor.py:183} INFO - Processing /home/airflow/.local/lib/python3.12/site-packages/airflow/example_dags/example_display_name.py took 0.374 seconds
[2024-05-02T23:04:56.944+0000] {processor.py:161} INFO - Started process (PID=913) to work on /home/airflow/.local/lib/python3.12/site-packages/airflow/example_dags/example_display_name.py
[2024-05-02T23:04:56.946+0000] {processor.py:830} INFO - Processing file /home/airflow/.local/lib/python3.12/site-packages/airflow/example_dags/example_display_name.py for tasks to queue
[2024-05-02T23:04:56.954+0000] {logging_mixin.py:188} INFO - [2024-05-02T23:04:56.953+0000] {dagbag.py:540} INFO - Filling up the DagBag from /home/airflow/.local/lib/python3.12/site-packages/airflow/example_dags/example_display_name.py
[2024-05-02T23:04:56.974+0000] {processor.py:840} INFO - DAG(s) 'example_display_name' retrieved from /home/airflow/.local/lib/python3.12/site-packages/airflow/example_dags/example_display_name.py
[2024-05-02T23:04:57.022+0000] {logging_mixin.py:188} INFO - [2024-05-02T23:04:57.021+0000] {dag.py:3096} INFO - Sync 1 DAGs
[2024-05-02T23:04:57.059+0000] {logging_mixin.py:188} INFO - [2024-05-02T23:04:57.058+0000] {dag.py:3954} INFO - Setting next_dagrun for example_display_name to None, run_after=None
[2024-05-02T23:04:57.168+0000] {processor.py:183} INFO - Processing /home/airflow/.local/lib/python3.12/site-packages/airflow/example_dags/example_display_name.py took 0.245 seconds
[2024-05-02T23:05:27.390+0000] {processor.py:161} INFO - Started process (PID=972) to work on /home/airflow/.local/lib/python3.12/site-packages/airflow/example_dags/example_display_name.py
[2024-05-02T23:05:27.393+0000] {processor.py:830} INFO - Processing file /home/airflow/.local/lib/python3.12/site-packages/airflow/example_dags/example_display_name.py for tasks to queue
[2024-05-02T23:05:27.408+0000] {logging_mixin.py:188} INFO - [2024-05-02T23:05:27.406+0000] {dagbag.py:540} INFO - Filling up the DagBag from /home/airflow/.local/lib/python3.12/site-packages/airflow/example_dags/example_display_name.py
[2024-05-02T23:05:27.421+0000] {processor.py:840} INFO - DAG(s) 'example_display_name' retrieved from /home/airflow/.local/lib/python3.12/site-packages/airflow/example_dags/example_display_name.py
[2024-05-02T23:05:27.456+0000] {logging_mixin.py:188} INFO - [2024-05-02T23:05:27.455+0000] {dag.py:3096} INFO - Sync 1 DAGs
[2024-05-02T23:05:27.483+0000] {logging_mixin.py:188} INFO - [2024-05-02T23:05:27.482+0000] {dag.py:3954} INFO - Setting next_dagrun for example_display_name to None, run_after=None
[2024-05-02T23:05:27.523+0000] {processor.py:183} INFO - Processing /home/airflow/.local/lib/python3.12/site-packages/airflow/example_dags/example_display_name.py took 0.144 seconds
[2024-05-02T23:05:58.435+0000] {processor.py:161} INFO - Started process (PID=1036) to work on /home/airflow/.local/lib/python3.12/site-packages/airflow/example_dags/example_display_name.py
[2024-05-02T23:05:58.477+0000] {processor.py:830} INFO - Processing file /home/airflow/.local/lib/python3.12/site-packages/airflow/example_dags/example_display_name.py for tasks to queue
[2024-05-02T23:05:58.483+0000] {logging_mixin.py:188} INFO - [2024-05-02T23:05:58.482+0000] {dagbag.py:540} INFO - Filling up the DagBag from /home/airflow/.local/lib/python3.12/site-packages/airflow/example_dags/example_display_name.py
[2024-05-02T23:05:59.168+0000] {processor.py:840} INFO - DAG(s) 'example_display_name' retrieved from /home/airflow/.local/lib/python3.12/site-packages/airflow/example_dags/example_display_name.py
[2024-05-02T23:05:59.266+0000] {logging_mixin.py:188} INFO - [2024-05-02T23:05:59.257+0000] {dag.py:3096} INFO - Sync 1 DAGs
[2024-05-02T23:05:59.307+0000] {logging_mixin.py:188} INFO - [2024-05-02T23:05:59.306+0000] {dag.py:3954} INFO - Setting next_dagrun for example_display_name to None, run_after=None
[2024-05-02T23:05:59.384+0000] {processor.py:183} INFO - Processing /home/airflow/.local/lib/python3.12/site-packages/airflow/example_dags/example_display_name.py took 0.985 seconds
[2024-05-02T23:06:29.690+0000] {processor.py:161} INFO - Started process (PID=1095) to work on /home/airflow/.local/lib/python3.12/site-packages/airflow/example_dags/example_display_name.py
[2024-05-02T23:06:29.693+0000] {processor.py:830} INFO - Processing file /home/airflow/.local/lib/python3.12/site-packages/airflow/example_dags/example_display_name.py for tasks to queue
[2024-05-02T23:06:29.697+0000] {logging_mixin.py:188} INFO - [2024-05-02T23:06:29.696+0000] {dagbag.py:540} INFO - Filling up the DagBag from /home/airflow/.local/lib/python3.12/site-packages/airflow/example_dags/example_display_name.py
[2024-05-02T23:06:29.710+0000] {processor.py:840} INFO - DAG(s) 'example_display_name' retrieved from /home/airflow/.local/lib/python3.12/site-packages/airflow/example_dags/example_display_name.py
[2024-05-02T23:06:29.754+0000] {logging_mixin.py:188} INFO - [2024-05-02T23:06:29.753+0000] {dag.py:3096} INFO - Sync 1 DAGs
[2024-05-02T23:06:29.788+0000] {logging_mixin.py:188} INFO - [2024-05-02T23:06:29.788+0000] {dag.py:3954} INFO - Setting next_dagrun for example_display_name to None, run_after=None
[2024-05-02T23:06:29.858+0000] {processor.py:183} INFO - Processing /home/airflow/.local/lib/python3.12/site-packages/airflow/example_dags/example_display_name.py took 0.185 seconds
