[2024-05-02T22:21:02.337+0000] {processor.py:161} INFO - Started process (PID=88) to work on /home/airflow/.local/lib/python3.12/site-packages/airflow/example_dags/example_bash_decorator.py
[2024-05-02T22:21:02.352+0000] {processor.py:830} INFO - Processing file /home/airflow/.local/lib/python3.12/site-packages/airflow/example_dags/example_bash_decorator.py for tasks to queue
[2024-05-02T22:21:02.358+0000] {logging_mixin.py:188} INFO - [2024-05-02T22:21:02.357+0000] {dagbag.py:540} INFO - Filling up the DagBag from /home/airflow/.local/lib/python3.12/site-packages/airflow/example_dags/example_bash_decorator.py
[2024-05-02T22:21:02.434+0000] {processor.py:840} INFO - DAG(s) 'example_bash_decorator' retrieved from /home/airflow/.local/lib/python3.12/site-packages/airflow/example_dags/example_bash_decorator.py
[2024-05-02T22:21:02.858+0000] {logging_mixin.py:188} INFO - [2024-05-02T22:21:02.856+0000] {dag.py:3096} INFO - Sync 1 DAGs
[2024-05-02T22:21:02.915+0000] {logging_mixin.py:188} INFO - [2024-05-02T22:21:02.915+0000] {dag.py:3954} INFO - Setting next_dagrun for example_bash_decorator to None, run_after=None
[2024-05-02T22:21:02.991+0000] {processor.py:183} INFO - Processing /home/airflow/.local/lib/python3.12/site-packages/airflow/example_dags/example_bash_decorator.py took 0.683 seconds
[2024-05-02T22:21:53.461+0000] {processor.py:161} INFO - Started process (PID=156) to work on /home/airflow/.local/lib/python3.12/site-packages/airflow/example_dags/example_bash_decorator.py
[2024-05-02T22:21:53.465+0000] {processor.py:830} INFO - Processing file /home/airflow/.local/lib/python3.12/site-packages/airflow/example_dags/example_bash_decorator.py for tasks to queue
[2024-05-02T22:21:53.480+0000] {logging_mixin.py:188} INFO - [2024-05-02T22:21:53.477+0000] {dagbag.py:540} INFO - Filling up the DagBag from /home/airflow/.local/lib/python3.12/site-packages/airflow/example_dags/example_bash_decorator.py
[2024-05-02T22:21:53.633+0000] {processor.py:840} INFO - DAG(s) 'example_bash_decorator' retrieved from /home/airflow/.local/lib/python3.12/site-packages/airflow/example_dags/example_bash_decorator.py
[2024-05-02T22:21:53.885+0000] {logging_mixin.py:188} INFO - [2024-05-02T22:21:53.885+0000] {dag.py:3096} INFO - Sync 1 DAGs
[2024-05-02T22:21:54.014+0000] {logging_mixin.py:188} INFO - [2024-05-02T22:21:54.013+0000] {dag.py:3954} INFO - Setting next_dagrun for example_bash_decorator to None, run_after=None
[2024-05-02T22:21:54.376+0000] {processor.py:183} INFO - Processing /home/airflow/.local/lib/python3.12/site-packages/airflow/example_dags/example_bash_decorator.py took 0.945 seconds
[2024-05-02T22:23:14.090+0000] {processor.py:161} INFO - Started process (PID=233) to work on /home/airflow/.local/lib/python3.12/site-packages/airflow/example_dags/example_bash_decorator.py
[2024-05-02T22:23:14.122+0000] {processor.py:830} INFO - Processing file /home/airflow/.local/lib/python3.12/site-packages/airflow/example_dags/example_bash_decorator.py for tasks to queue
[2024-05-02T22:23:14.157+0000] {logging_mixin.py:188} INFO - [2024-05-02T22:23:14.156+0000] {dagbag.py:540} INFO - Filling up the DagBag from /home/airflow/.local/lib/python3.12/site-packages/airflow/example_dags/example_bash_decorator.py
[2024-05-02T22:23:14.772+0000] {processor.py:840} INFO - DAG(s) 'example_bash_decorator' retrieved from /home/airflow/.local/lib/python3.12/site-packages/airflow/example_dags/example_bash_decorator.py
[2024-05-02T22:23:15.319+0000] {logging_mixin.py:188} INFO - [2024-05-02T22:23:15.318+0000] {dag.py:3096} INFO - Sync 1 DAGs
[2024-05-02T22:23:15.524+0000] {logging_mixin.py:188} INFO - [2024-05-02T22:23:15.523+0000] {dag.py:3954} INFO - Setting next_dagrun for example_bash_decorator to None, run_after=None
[2024-05-02T22:23:15.928+0000] {processor.py:183} INFO - Processing /home/airflow/.local/lib/python3.12/site-packages/airflow/example_dags/example_bash_decorator.py took 2.143 seconds
[2024-05-02T22:32:47.147+0000] {processor.py:161} INFO - Started process (PID=88) to work on /home/airflow/.local/lib/python3.12/site-packages/airflow/example_dags/example_bash_decorator.py
[2024-05-02T22:32:47.148+0000] {processor.py:830} INFO - Processing file /home/airflow/.local/lib/python3.12/site-packages/airflow/example_dags/example_bash_decorator.py for tasks to queue
[2024-05-02T22:32:47.151+0000] {logging_mixin.py:188} INFO - [2024-05-02T22:32:47.151+0000] {dagbag.py:540} INFO - Filling up the DagBag from /home/airflow/.local/lib/python3.12/site-packages/airflow/example_dags/example_bash_decorator.py
[2024-05-02T22:32:47.182+0000] {processor.py:840} INFO - DAG(s) 'example_bash_decorator' retrieved from /home/airflow/.local/lib/python3.12/site-packages/airflow/example_dags/example_bash_decorator.py
[2024-05-02T22:32:47.786+0000] {logging_mixin.py:188} INFO - [2024-05-02T22:32:47.785+0000] {dag.py:3096} INFO - Sync 1 DAGs
[2024-05-02T22:32:47.834+0000] {logging_mixin.py:188} INFO - [2024-05-02T22:32:47.834+0000] {dag.py:3954} INFO - Setting next_dagrun for example_bash_decorator to None, run_after=None
[2024-05-02T22:32:47.980+0000] {processor.py:183} INFO - Processing /home/airflow/.local/lib/python3.12/site-packages/airflow/example_dags/example_bash_decorator.py took 0.842 seconds
[2024-05-02T22:33:19.122+0000] {processor.py:161} INFO - Started process (PID=147) to work on /home/airflow/.local/lib/python3.12/site-packages/airflow/example_dags/example_bash_decorator.py
[2024-05-02T22:33:19.124+0000] {processor.py:830} INFO - Processing file /home/airflow/.local/lib/python3.12/site-packages/airflow/example_dags/example_bash_decorator.py for tasks to queue
[2024-05-02T22:33:19.132+0000] {logging_mixin.py:188} INFO - [2024-05-02T22:33:19.131+0000] {dagbag.py:540} INFO - Filling up the DagBag from /home/airflow/.local/lib/python3.12/site-packages/airflow/example_dags/example_bash_decorator.py
[2024-05-02T22:33:19.173+0000] {processor.py:840} INFO - DAG(s) 'example_bash_decorator' retrieved from /home/airflow/.local/lib/python3.12/site-packages/airflow/example_dags/example_bash_decorator.py
[2024-05-02T22:33:19.250+0000] {logging_mixin.py:188} INFO - [2024-05-02T22:33:19.250+0000] {dag.py:3096} INFO - Sync 1 DAGs
[2024-05-02T22:33:19.280+0000] {logging_mixin.py:188} INFO - [2024-05-02T22:33:19.279+0000] {dag.py:3954} INFO - Setting next_dagrun for example_bash_decorator to None, run_after=None
[2024-05-02T22:33:19.322+0000] {processor.py:183} INFO - Processing /home/airflow/.local/lib/python3.12/site-packages/airflow/example_dags/example_bash_decorator.py took 0.213 seconds
[2024-05-02T22:33:54.680+0000] {processor.py:161} INFO - Started process (PID=206) to work on /home/airflow/.local/lib/python3.12/site-packages/airflow/example_dags/example_bash_decorator.py
[2024-05-02T22:33:54.682+0000] {processor.py:830} INFO - Processing file /home/airflow/.local/lib/python3.12/site-packages/airflow/example_dags/example_bash_decorator.py for tasks to queue
[2024-05-02T22:33:54.687+0000] {logging_mixin.py:188} INFO - [2024-05-02T22:33:54.686+0000] {dagbag.py:540} INFO - Filling up the DagBag from /home/airflow/.local/lib/python3.12/site-packages/airflow/example_dags/example_bash_decorator.py
[2024-05-02T22:33:54.776+0000] {processor.py:840} INFO - DAG(s) 'example_bash_decorator' retrieved from /home/airflow/.local/lib/python3.12/site-packages/airflow/example_dags/example_bash_decorator.py
[2024-05-02T22:33:54.979+0000] {logging_mixin.py:188} INFO - [2024-05-02T22:33:54.979+0000] {dag.py:3096} INFO - Sync 1 DAGs
[2024-05-02T22:33:55.199+0000] {logging_mixin.py:188} INFO - [2024-05-02T22:33:55.199+0000] {dag.py:3954} INFO - Setting next_dagrun for example_bash_decorator to None, run_after=None
[2024-05-02T22:33:55.396+0000] {processor.py:183} INFO - Processing /home/airflow/.local/lib/python3.12/site-packages/airflow/example_dags/example_bash_decorator.py took 0.745 seconds
[2024-05-02T22:34:25.619+0000] {processor.py:161} INFO - Started process (PID=265) to work on /home/airflow/.local/lib/python3.12/site-packages/airflow/example_dags/example_bash_decorator.py
[2024-05-02T22:34:25.621+0000] {processor.py:830} INFO - Processing file /home/airflow/.local/lib/python3.12/site-packages/airflow/example_dags/example_bash_decorator.py for tasks to queue
[2024-05-02T22:34:25.629+0000] {logging_mixin.py:188} INFO - [2024-05-02T22:34:25.626+0000] {dagbag.py:540} INFO - Filling up the DagBag from /home/airflow/.local/lib/python3.12/site-packages/airflow/example_dags/example_bash_decorator.py
[2024-05-02T22:34:25.678+0000] {processor.py:840} INFO - DAG(s) 'example_bash_decorator' retrieved from /home/airflow/.local/lib/python3.12/site-packages/airflow/example_dags/example_bash_decorator.py
[2024-05-02T22:34:25.823+0000] {logging_mixin.py:188} INFO - [2024-05-02T22:34:25.822+0000] {dag.py:3096} INFO - Sync 1 DAGs
[2024-05-02T22:34:25.908+0000] {logging_mixin.py:188} INFO - [2024-05-02T22:34:25.907+0000] {dag.py:3954} INFO - Setting next_dagrun for example_bash_decorator to None, run_after=None
[2024-05-02T22:34:25.967+0000] {processor.py:183} INFO - Processing /home/airflow/.local/lib/python3.12/site-packages/airflow/example_dags/example_bash_decorator.py took 0.369 seconds
[2024-05-02T22:34:56.931+0000] {processor.py:161} INFO - Started process (PID=325) to work on /home/airflow/.local/lib/python3.12/site-packages/airflow/example_dags/example_bash_decorator.py
[2024-05-02T22:34:56.956+0000] {processor.py:830} INFO - Processing file /home/airflow/.local/lib/python3.12/site-packages/airflow/example_dags/example_bash_decorator.py for tasks to queue
[2024-05-02T22:34:56.969+0000] {logging_mixin.py:188} INFO - [2024-05-02T22:34:56.968+0000] {dagbag.py:540} INFO - Filling up the DagBag from /home/airflow/.local/lib/python3.12/site-packages/airflow/example_dags/example_bash_decorator.py
[2024-05-02T22:34:57.050+0000] {processor.py:840} INFO - DAG(s) 'example_bash_decorator' retrieved from /home/airflow/.local/lib/python3.12/site-packages/airflow/example_dags/example_bash_decorator.py
[2024-05-02T22:34:57.096+0000] {logging_mixin.py:188} INFO - [2024-05-02T22:34:57.096+0000] {dag.py:3096} INFO - Sync 1 DAGs
[2024-05-02T22:34:57.148+0000] {logging_mixin.py:188} INFO - [2024-05-02T22:34:57.148+0000] {dag.py:3954} INFO - Setting next_dagrun for example_bash_decorator to None, run_after=None
[2024-05-02T22:34:57.226+0000] {processor.py:183} INFO - Processing /home/airflow/.local/lib/python3.12/site-packages/airflow/example_dags/example_bash_decorator.py took 0.321 seconds
[2024-05-02T22:35:28.396+0000] {processor.py:161} INFO - Started process (PID=383) to work on /home/airflow/.local/lib/python3.12/site-packages/airflow/example_dags/example_bash_decorator.py
[2024-05-02T22:35:28.398+0000] {processor.py:830} INFO - Processing file /home/airflow/.local/lib/python3.12/site-packages/airflow/example_dags/example_bash_decorator.py for tasks to queue
[2024-05-02T22:35:28.402+0000] {logging_mixin.py:188} INFO - [2024-05-02T22:35:28.401+0000] {dagbag.py:540} INFO - Filling up the DagBag from /home/airflow/.local/lib/python3.12/site-packages/airflow/example_dags/example_bash_decorator.py
[2024-05-02T22:35:28.432+0000] {processor.py:840} INFO - DAG(s) 'example_bash_decorator' retrieved from /home/airflow/.local/lib/python3.12/site-packages/airflow/example_dags/example_bash_decorator.py
[2024-05-02T22:35:28.766+0000] {logging_mixin.py:188} INFO - [2024-05-02T22:35:28.766+0000] {dag.py:3096} INFO - Sync 1 DAGs
[2024-05-02T22:35:28.795+0000] {logging_mixin.py:188} INFO - [2024-05-02T22:35:28.794+0000] {dag.py:3954} INFO - Setting next_dagrun for example_bash_decorator to None, run_after=None
[2024-05-02T22:35:28.849+0000] {processor.py:183} INFO - Processing /home/airflow/.local/lib/python3.12/site-packages/airflow/example_dags/example_bash_decorator.py took 0.462 seconds
[2024-05-02T22:35:59.059+0000] {processor.py:161} INFO - Started process (PID=442) to work on /home/airflow/.local/lib/python3.12/site-packages/airflow/example_dags/example_bash_decorator.py
[2024-05-02T22:35:59.061+0000] {processor.py:830} INFO - Processing file /home/airflow/.local/lib/python3.12/site-packages/airflow/example_dags/example_bash_decorator.py for tasks to queue
[2024-05-02T22:35:59.068+0000] {logging_mixin.py:188} INFO - [2024-05-02T22:35:59.067+0000] {dagbag.py:540} INFO - Filling up the DagBag from /home/airflow/.local/lib/python3.12/site-packages/airflow/example_dags/example_bash_decorator.py
[2024-05-02T22:35:59.102+0000] {processor.py:840} INFO - DAG(s) 'example_bash_decorator' retrieved from /home/airflow/.local/lib/python3.12/site-packages/airflow/example_dags/example_bash_decorator.py
[2024-05-02T22:35:59.168+0000] {logging_mixin.py:188} INFO - [2024-05-02T22:35:59.165+0000] {dag.py:3096} INFO - Sync 1 DAGs
[2024-05-02T22:35:59.199+0000] {logging_mixin.py:188} INFO - [2024-05-02T22:35:59.199+0000] {dag.py:3954} INFO - Setting next_dagrun for example_bash_decorator to None, run_after=None
[2024-05-02T22:35:59.251+0000] {processor.py:183} INFO - Processing /home/airflow/.local/lib/python3.12/site-packages/airflow/example_dags/example_bash_decorator.py took 0.204 seconds
[2024-05-02T22:36:32.629+0000] {processor.py:161} INFO - Started process (PID=506) to work on /home/airflow/.local/lib/python3.12/site-packages/airflow/example_dags/example_bash_decorator.py
[2024-05-02T22:36:32.631+0000] {processor.py:830} INFO - Processing file /home/airflow/.local/lib/python3.12/site-packages/airflow/example_dags/example_bash_decorator.py for tasks to queue
[2024-05-02T22:36:32.638+0000] {logging_mixin.py:188} INFO - [2024-05-02T22:36:32.636+0000] {dagbag.py:540} INFO - Filling up the DagBag from /home/airflow/.local/lib/python3.12/site-packages/airflow/example_dags/example_bash_decorator.py
[2024-05-02T22:36:32.667+0000] {processor.py:840} INFO - DAG(s) 'example_bash_decorator' retrieved from /home/airflow/.local/lib/python3.12/site-packages/airflow/example_dags/example_bash_decorator.py
[2024-05-02T22:36:32.764+0000] {logging_mixin.py:188} INFO - [2024-05-02T22:36:32.763+0000] {dag.py:3096} INFO - Sync 1 DAGs
[2024-05-02T22:36:32.805+0000] {logging_mixin.py:188} INFO - [2024-05-02T22:36:32.804+0000] {dag.py:3954} INFO - Setting next_dagrun for example_bash_decorator to None, run_after=None
[2024-05-02T22:36:32.891+0000] {processor.py:183} INFO - Processing /home/airflow/.local/lib/python3.12/site-packages/airflow/example_dags/example_bash_decorator.py took 0.276 seconds
[2024-05-02T22:37:10.266+0000] {processor.py:161} INFO - Started process (PID=566) to work on /home/airflow/.local/lib/python3.12/site-packages/airflow/example_dags/example_bash_decorator.py
[2024-05-02T22:37:10.268+0000] {processor.py:830} INFO - Processing file /home/airflow/.local/lib/python3.12/site-packages/airflow/example_dags/example_bash_decorator.py for tasks to queue
[2024-05-02T22:37:10.278+0000] {logging_mixin.py:188} INFO - [2024-05-02T22:37:10.273+0000] {dagbag.py:540} INFO - Filling up the DagBag from /home/airflow/.local/lib/python3.12/site-packages/airflow/example_dags/example_bash_decorator.py
[2024-05-02T22:37:10.322+0000] {processor.py:840} INFO - DAG(s) 'example_bash_decorator' retrieved from /home/airflow/.local/lib/python3.12/site-packages/airflow/example_dags/example_bash_decorator.py
[2024-05-02T22:37:10.406+0000] {logging_mixin.py:188} INFO - [2024-05-02T22:37:10.406+0000] {dag.py:3096} INFO - Sync 1 DAGs
[2024-05-02T22:37:10.460+0000] {logging_mixin.py:188} INFO - [2024-05-02T22:37:10.459+0000] {dag.py:3954} INFO - Setting next_dagrun for example_bash_decorator to None, run_after=None
[2024-05-02T22:37:10.564+0000] {processor.py:183} INFO - Processing /home/airflow/.local/lib/python3.12/site-packages/airflow/example_dags/example_bash_decorator.py took 0.324 seconds
[2024-05-02T22:37:49.050+0000] {processor.py:161} INFO - Started process (PID=632) to work on /home/airflow/.local/lib/python3.12/site-packages/airflow/example_dags/example_bash_decorator.py
[2024-05-02T22:37:49.056+0000] {processor.py:830} INFO - Processing file /home/airflow/.local/lib/python3.12/site-packages/airflow/example_dags/example_bash_decorator.py for tasks to queue
[2024-05-02T22:37:49.063+0000] {logging_mixin.py:188} INFO - [2024-05-02T22:37:49.063+0000] {dagbag.py:540} INFO - Filling up the DagBag from /home/airflow/.local/lib/python3.12/site-packages/airflow/example_dags/example_bash_decorator.py
[2024-05-02T22:37:49.116+0000] {processor.py:840} INFO - DAG(s) 'example_bash_decorator' retrieved from /home/airflow/.local/lib/python3.12/site-packages/airflow/example_dags/example_bash_decorator.py
[2024-05-02T22:37:49.239+0000] {logging_mixin.py:188} INFO - [2024-05-02T22:37:49.229+0000] {dag.py:3096} INFO - Sync 1 DAGs
[2024-05-02T22:37:49.339+0000] {logging_mixin.py:188} INFO - [2024-05-02T22:37:49.334+0000] {dag.py:3954} INFO - Setting next_dagrun for example_bash_decorator to None, run_after=None
[2024-05-02T22:37:49.425+0000] {processor.py:183} INFO - Processing /home/airflow/.local/lib/python3.12/site-packages/airflow/example_dags/example_bash_decorator.py took 0.390 seconds
[2024-05-02T22:38:26.143+0000] {processor.py:161} INFO - Started process (PID=700) to work on /home/airflow/.local/lib/python3.12/site-packages/airflow/example_dags/example_bash_decorator.py
[2024-05-02T22:38:26.144+0000] {processor.py:830} INFO - Processing file /home/airflow/.local/lib/python3.12/site-packages/airflow/example_dags/example_bash_decorator.py for tasks to queue
[2024-05-02T22:38:26.146+0000] {logging_mixin.py:188} INFO - [2024-05-02T22:38:26.146+0000] {dagbag.py:540} INFO - Filling up the DagBag from /home/airflow/.local/lib/python3.12/site-packages/airflow/example_dags/example_bash_decorator.py
[2024-05-02T22:38:26.167+0000] {processor.py:840} INFO - DAG(s) 'example_bash_decorator' retrieved from /home/airflow/.local/lib/python3.12/site-packages/airflow/example_dags/example_bash_decorator.py
[2024-05-02T22:38:26.217+0000] {logging_mixin.py:188} INFO - [2024-05-02T22:38:26.216+0000] {dag.py:3096} INFO - Sync 1 DAGs
[2024-05-02T22:38:26.263+0000] {logging_mixin.py:188} INFO - [2024-05-02T22:38:26.262+0000] {dag.py:3954} INFO - Setting next_dagrun for example_bash_decorator to None, run_after=None
[2024-05-02T22:38:26.324+0000] {processor.py:183} INFO - Processing /home/airflow/.local/lib/python3.12/site-packages/airflow/example_dags/example_bash_decorator.py took 0.191 seconds
[2024-05-02T22:39:14.040+0000] {processor.py:161} INFO - Started process (PID=776) to work on /home/airflow/.local/lib/python3.12/site-packages/airflow/example_dags/example_bash_decorator.py
[2024-05-02T22:39:14.042+0000] {processor.py:830} INFO - Processing file /home/airflow/.local/lib/python3.12/site-packages/airflow/example_dags/example_bash_decorator.py for tasks to queue
[2024-05-02T22:39:14.045+0000] {logging_mixin.py:188} INFO - [2024-05-02T22:39:14.045+0000] {dagbag.py:540} INFO - Filling up the DagBag from /home/airflow/.local/lib/python3.12/site-packages/airflow/example_dags/example_bash_decorator.py
[2024-05-02T22:39:14.085+0000] {processor.py:840} INFO - DAG(s) 'example_bash_decorator' retrieved from /home/airflow/.local/lib/python3.12/site-packages/airflow/example_dags/example_bash_decorator.py
[2024-05-02T22:39:14.186+0000] {logging_mixin.py:188} INFO - [2024-05-02T22:39:14.184+0000] {dag.py:3096} INFO - Sync 1 DAGs
[2024-05-02T22:39:14.247+0000] {logging_mixin.py:188} INFO - [2024-05-02T22:39:14.246+0000] {dag.py:3954} INFO - Setting next_dagrun for example_bash_decorator to None, run_after=None
[2024-05-02T22:39:14.461+0000] {processor.py:183} INFO - Processing /home/airflow/.local/lib/python3.12/site-packages/airflow/example_dags/example_bash_decorator.py took 0.443 seconds
[2024-05-02T22:39:54.768+0000] {processor.py:161} INFO - Started process (PID=834) to work on /home/airflow/.local/lib/python3.12/site-packages/airflow/example_dags/example_bash_decorator.py
[2024-05-02T22:39:54.771+0000] {processor.py:830} INFO - Processing file /home/airflow/.local/lib/python3.12/site-packages/airflow/example_dags/example_bash_decorator.py for tasks to queue
[2024-05-02T22:39:54.775+0000] {logging_mixin.py:188} INFO - [2024-05-02T22:39:54.775+0000] {dagbag.py:540} INFO - Filling up the DagBag from /home/airflow/.local/lib/python3.12/site-packages/airflow/example_dags/example_bash_decorator.py
[2024-05-02T22:39:54.846+0000] {processor.py:840} INFO - DAG(s) 'example_bash_decorator' retrieved from /home/airflow/.local/lib/python3.12/site-packages/airflow/example_dags/example_bash_decorator.py
[2024-05-02T22:39:56.687+0000] {logging_mixin.py:188} INFO - [2024-05-02T22:39:56.686+0000] {dag.py:3096} INFO - Sync 1 DAGs
[2024-05-02T22:39:56.723+0000] {logging_mixin.py:188} INFO - [2024-05-02T22:39:56.722+0000] {dag.py:3954} INFO - Setting next_dagrun for example_bash_decorator to None, run_after=None
[2024-05-02T22:39:56.802+0000] {processor.py:183} INFO - Processing /home/airflow/.local/lib/python3.12/site-packages/airflow/example_dags/example_bash_decorator.py took 2.048 seconds
[2024-05-02T22:40:27.388+0000] {processor.py:161} INFO - Started process (PID=894) to work on /home/airflow/.local/lib/python3.12/site-packages/airflow/example_dags/example_bash_decorator.py
[2024-05-02T22:40:27.391+0000] {processor.py:830} INFO - Processing file /home/airflow/.local/lib/python3.12/site-packages/airflow/example_dags/example_bash_decorator.py for tasks to queue
[2024-05-02T22:40:27.396+0000] {logging_mixin.py:188} INFO - [2024-05-02T22:40:27.395+0000] {dagbag.py:540} INFO - Filling up the DagBag from /home/airflow/.local/lib/python3.12/site-packages/airflow/example_dags/example_bash_decorator.py
[2024-05-02T22:40:27.431+0000] {processor.py:840} INFO - DAG(s) 'example_bash_decorator' retrieved from /home/airflow/.local/lib/python3.12/site-packages/airflow/example_dags/example_bash_decorator.py
[2024-05-02T22:40:27.484+0000] {logging_mixin.py:188} INFO - [2024-05-02T22:40:27.484+0000] {dag.py:3096} INFO - Sync 1 DAGs
[2024-05-02T22:40:27.727+0000] {logging_mixin.py:188} INFO - [2024-05-02T22:40:27.726+0000] {dag.py:3954} INFO - Setting next_dagrun for example_bash_decorator to None, run_after=None
[2024-05-02T22:40:27.783+0000] {processor.py:183} INFO - Processing /home/airflow/.local/lib/python3.12/site-packages/airflow/example_dags/example_bash_decorator.py took 0.414 seconds
[2024-05-02T22:40:58.253+0000] {processor.py:161} INFO - Started process (PID=953) to work on /home/airflow/.local/lib/python3.12/site-packages/airflow/example_dags/example_bash_decorator.py
[2024-05-02T22:40:58.256+0000] {processor.py:830} INFO - Processing file /home/airflow/.local/lib/python3.12/site-packages/airflow/example_dags/example_bash_decorator.py for tasks to queue
[2024-05-02T22:40:58.260+0000] {logging_mixin.py:188} INFO - [2024-05-02T22:40:58.259+0000] {dagbag.py:540} INFO - Filling up the DagBag from /home/airflow/.local/lib/python3.12/site-packages/airflow/example_dags/example_bash_decorator.py
[2024-05-02T22:40:58.307+0000] {processor.py:840} INFO - DAG(s) 'example_bash_decorator' retrieved from /home/airflow/.local/lib/python3.12/site-packages/airflow/example_dags/example_bash_decorator.py
[2024-05-02T22:40:58.368+0000] {logging_mixin.py:188} INFO - [2024-05-02T22:40:58.368+0000] {dag.py:3096} INFO - Sync 1 DAGs
[2024-05-02T22:40:58.396+0000] {logging_mixin.py:188} INFO - [2024-05-02T22:40:58.395+0000] {dag.py:3954} INFO - Setting next_dagrun for example_bash_decorator to None, run_after=None
[2024-05-02T22:40:58.463+0000] {processor.py:183} INFO - Processing /home/airflow/.local/lib/python3.12/site-packages/airflow/example_dags/example_bash_decorator.py took 0.225 seconds
[2024-05-02T22:41:29.145+0000] {processor.py:161} INFO - Started process (PID=1013) to work on /home/airflow/.local/lib/python3.12/site-packages/airflow/example_dags/example_bash_decorator.py
[2024-05-02T22:41:29.147+0000] {processor.py:830} INFO - Processing file /home/airflow/.local/lib/python3.12/site-packages/airflow/example_dags/example_bash_decorator.py for tasks to queue
[2024-05-02T22:41:29.153+0000] {logging_mixin.py:188} INFO - [2024-05-02T22:41:29.152+0000] {dagbag.py:540} INFO - Filling up the DagBag from /home/airflow/.local/lib/python3.12/site-packages/airflow/example_dags/example_bash_decorator.py
[2024-05-02T22:41:29.204+0000] {processor.py:840} INFO - DAG(s) 'example_bash_decorator' retrieved from /home/airflow/.local/lib/python3.12/site-packages/airflow/example_dags/example_bash_decorator.py
[2024-05-02T22:41:29.283+0000] {logging_mixin.py:188} INFO - [2024-05-02T22:41:29.283+0000] {dag.py:3096} INFO - Sync 1 DAGs
[2024-05-02T22:41:29.323+0000] {logging_mixin.py:188} INFO - [2024-05-02T22:41:29.323+0000] {dag.py:3954} INFO - Setting next_dagrun for example_bash_decorator to None, run_after=None
[2024-05-02T22:41:29.392+0000] {processor.py:183} INFO - Processing /home/airflow/.local/lib/python3.12/site-packages/airflow/example_dags/example_bash_decorator.py took 0.264 seconds
[2024-05-02T22:42:00.288+0000] {processor.py:161} INFO - Started process (PID=1072) to work on /home/airflow/.local/lib/python3.12/site-packages/airflow/example_dags/example_bash_decorator.py
[2024-05-02T22:42:00.291+0000] {processor.py:830} INFO - Processing file /home/airflow/.local/lib/python3.12/site-packages/airflow/example_dags/example_bash_decorator.py for tasks to queue
[2024-05-02T22:42:00.302+0000] {logging_mixin.py:188} INFO - [2024-05-02T22:42:00.301+0000] {dagbag.py:540} INFO - Filling up the DagBag from /home/airflow/.local/lib/python3.12/site-packages/airflow/example_dags/example_bash_decorator.py
[2024-05-02T22:42:00.339+0000] {processor.py:840} INFO - DAG(s) 'example_bash_decorator' retrieved from /home/airflow/.local/lib/python3.12/site-packages/airflow/example_dags/example_bash_decorator.py
[2024-05-02T22:42:00.443+0000] {logging_mixin.py:188} INFO - [2024-05-02T22:42:00.442+0000] {dag.py:3096} INFO - Sync 1 DAGs
[2024-05-02T22:42:00.472+0000] {logging_mixin.py:188} INFO - [2024-05-02T22:42:00.472+0000] {dag.py:3954} INFO - Setting next_dagrun for example_bash_decorator to None, run_after=None
[2024-05-02T22:42:00.535+0000] {processor.py:183} INFO - Processing /home/airflow/.local/lib/python3.12/site-packages/airflow/example_dags/example_bash_decorator.py took 0.279 seconds
[2024-05-02T22:42:30.710+0000] {processor.py:161} INFO - Started process (PID=1131) to work on /home/airflow/.local/lib/python3.12/site-packages/airflow/example_dags/example_bash_decorator.py
[2024-05-02T22:42:30.712+0000] {processor.py:830} INFO - Processing file /home/airflow/.local/lib/python3.12/site-packages/airflow/example_dags/example_bash_decorator.py for tasks to queue
[2024-05-02T22:42:30.718+0000] {logging_mixin.py:188} INFO - [2024-05-02T22:42:30.717+0000] {dagbag.py:540} INFO - Filling up the DagBag from /home/airflow/.local/lib/python3.12/site-packages/airflow/example_dags/example_bash_decorator.py
[2024-05-02T22:42:30.765+0000] {processor.py:840} INFO - DAG(s) 'example_bash_decorator' retrieved from /home/airflow/.local/lib/python3.12/site-packages/airflow/example_dags/example_bash_decorator.py
[2024-05-02T22:42:30.862+0000] {logging_mixin.py:188} INFO - [2024-05-02T22:42:30.861+0000] {dag.py:3096} INFO - Sync 1 DAGs
[2024-05-02T22:42:30.894+0000] {logging_mixin.py:188} INFO - [2024-05-02T22:42:30.894+0000] {dag.py:3954} INFO - Setting next_dagrun for example_bash_decorator to None, run_after=None
[2024-05-02T22:42:30.943+0000] {processor.py:183} INFO - Processing /home/airflow/.local/lib/python3.12/site-packages/airflow/example_dags/example_bash_decorator.py took 0.253 seconds
[2024-05-02T22:43:01.156+0000] {processor.py:161} INFO - Started process (PID=1190) to work on /home/airflow/.local/lib/python3.12/site-packages/airflow/example_dags/example_bash_decorator.py
[2024-05-02T22:43:01.159+0000] {processor.py:830} INFO - Processing file /home/airflow/.local/lib/python3.12/site-packages/airflow/example_dags/example_bash_decorator.py for tasks to queue
[2024-05-02T22:43:01.163+0000] {logging_mixin.py:188} INFO - [2024-05-02T22:43:01.163+0000] {dagbag.py:540} INFO - Filling up the DagBag from /home/airflow/.local/lib/python3.12/site-packages/airflow/example_dags/example_bash_decorator.py
[2024-05-02T22:43:01.208+0000] {processor.py:840} INFO - DAG(s) 'example_bash_decorator' retrieved from /home/airflow/.local/lib/python3.12/site-packages/airflow/example_dags/example_bash_decorator.py
[2024-05-02T22:43:01.260+0000] {logging_mixin.py:188} INFO - [2024-05-02T22:43:01.259+0000] {dag.py:3096} INFO - Sync 1 DAGs
[2024-05-02T22:43:01.290+0000] {logging_mixin.py:188} INFO - [2024-05-02T22:43:01.290+0000] {dag.py:3954} INFO - Setting next_dagrun for example_bash_decorator to None, run_after=None
[2024-05-02T22:43:01.336+0000] {processor.py:183} INFO - Processing /home/airflow/.local/lib/python3.12/site-packages/airflow/example_dags/example_bash_decorator.py took 0.192 seconds
[2024-05-02T22:43:31.690+0000] {processor.py:161} INFO - Started process (PID=1249) to work on /home/airflow/.local/lib/python3.12/site-packages/airflow/example_dags/example_bash_decorator.py
[2024-05-02T22:43:31.702+0000] {processor.py:830} INFO - Processing file /home/airflow/.local/lib/python3.12/site-packages/airflow/example_dags/example_bash_decorator.py for tasks to queue
[2024-05-02T22:43:31.706+0000] {logging_mixin.py:188} INFO - [2024-05-02T22:43:31.705+0000] {dagbag.py:540} INFO - Filling up the DagBag from /home/airflow/.local/lib/python3.12/site-packages/airflow/example_dags/example_bash_decorator.py
[2024-05-02T22:43:31.763+0000] {processor.py:840} INFO - DAG(s) 'example_bash_decorator' retrieved from /home/airflow/.local/lib/python3.12/site-packages/airflow/example_dags/example_bash_decorator.py
[2024-05-02T22:43:31.949+0000] {logging_mixin.py:188} INFO - [2024-05-02T22:43:31.949+0000] {dag.py:3096} INFO - Sync 1 DAGs
[2024-05-02T22:43:32.072+0000] {logging_mixin.py:188} INFO - [2024-05-02T22:43:32.072+0000] {dag.py:3954} INFO - Setting next_dagrun for example_bash_decorator to None, run_after=None
[2024-05-02T22:43:32.218+0000] {processor.py:183} INFO - Processing /home/airflow/.local/lib/python3.12/site-packages/airflow/example_dags/example_bash_decorator.py took 0.551 seconds
[2024-05-02T22:44:03.479+0000] {processor.py:161} INFO - Started process (PID=1308) to work on /home/airflow/.local/lib/python3.12/site-packages/airflow/example_dags/example_bash_decorator.py
[2024-05-02T22:44:03.483+0000] {processor.py:830} INFO - Processing file /home/airflow/.local/lib/python3.12/site-packages/airflow/example_dags/example_bash_decorator.py for tasks to queue
[2024-05-02T22:44:03.493+0000] {logging_mixin.py:188} INFO - [2024-05-02T22:44:03.489+0000] {dagbag.py:540} INFO - Filling up the DagBag from /home/airflow/.local/lib/python3.12/site-packages/airflow/example_dags/example_bash_decorator.py
[2024-05-02T22:44:03.547+0000] {processor.py:840} INFO - DAG(s) 'example_bash_decorator' retrieved from /home/airflow/.local/lib/python3.12/site-packages/airflow/example_dags/example_bash_decorator.py
[2024-05-02T22:44:03.663+0000] {logging_mixin.py:188} INFO - [2024-05-02T22:44:03.662+0000] {dag.py:3096} INFO - Sync 1 DAGs
[2024-05-02T22:44:03.712+0000] {logging_mixin.py:188} INFO - [2024-05-02T22:44:03.711+0000] {dag.py:3954} INFO - Setting next_dagrun for example_bash_decorator to None, run_after=None
[2024-05-02T22:44:03.866+0000] {processor.py:183} INFO - Processing /home/airflow/.local/lib/python3.12/site-packages/airflow/example_dags/example_bash_decorator.py took 0.403 seconds
[2024-05-02T22:44:34.034+0000] {processor.py:161} INFO - Started process (PID=1367) to work on /home/airflow/.local/lib/python3.12/site-packages/airflow/example_dags/example_bash_decorator.py
[2024-05-02T22:44:34.036+0000] {processor.py:830} INFO - Processing file /home/airflow/.local/lib/python3.12/site-packages/airflow/example_dags/example_bash_decorator.py for tasks to queue
[2024-05-02T22:44:34.039+0000] {logging_mixin.py:188} INFO - [2024-05-02T22:44:34.038+0000] {dagbag.py:540} INFO - Filling up the DagBag from /home/airflow/.local/lib/python3.12/site-packages/airflow/example_dags/example_bash_decorator.py
[2024-05-02T22:44:34.064+0000] {processor.py:840} INFO - DAG(s) 'example_bash_decorator' retrieved from /home/airflow/.local/lib/python3.12/site-packages/airflow/example_dags/example_bash_decorator.py
[2024-05-02T22:44:34.117+0000] {logging_mixin.py:188} INFO - [2024-05-02T22:44:34.110+0000] {dag.py:3096} INFO - Sync 1 DAGs
[2024-05-02T22:44:34.142+0000] {logging_mixin.py:188} INFO - [2024-05-02T22:44:34.141+0000] {dag.py:3954} INFO - Setting next_dagrun for example_bash_decorator to None, run_after=None
[2024-05-02T22:44:34.179+0000] {processor.py:183} INFO - Processing /home/airflow/.local/lib/python3.12/site-packages/airflow/example_dags/example_bash_decorator.py took 0.155 seconds
[2024-05-02T22:45:04.486+0000] {processor.py:161} INFO - Started process (PID=1426) to work on /home/airflow/.local/lib/python3.12/site-packages/airflow/example_dags/example_bash_decorator.py
[2024-05-02T22:45:04.488+0000] {processor.py:830} INFO - Processing file /home/airflow/.local/lib/python3.12/site-packages/airflow/example_dags/example_bash_decorator.py for tasks to queue
[2024-05-02T22:45:04.492+0000] {logging_mixin.py:188} INFO - [2024-05-02T22:45:04.491+0000] {dagbag.py:540} INFO - Filling up the DagBag from /home/airflow/.local/lib/python3.12/site-packages/airflow/example_dags/example_bash_decorator.py
[2024-05-02T22:45:04.570+0000] {processor.py:840} INFO - DAG(s) 'example_bash_decorator' retrieved from /home/airflow/.local/lib/python3.12/site-packages/airflow/example_dags/example_bash_decorator.py
[2024-05-02T22:45:04.640+0000] {logging_mixin.py:188} INFO - [2024-05-02T22:45:04.639+0000] {dag.py:3096} INFO - Sync 1 DAGs
[2024-05-02T22:45:04.666+0000] {logging_mixin.py:188} INFO - [2024-05-02T22:45:04.665+0000] {dag.py:3954} INFO - Setting next_dagrun for example_bash_decorator to None, run_after=None
[2024-05-02T22:45:04.701+0000] {processor.py:183} INFO - Processing /home/airflow/.local/lib/python3.12/site-packages/airflow/example_dags/example_bash_decorator.py took 0.230 seconds
[2024-05-02T22:45:35.336+0000] {processor.py:161} INFO - Started process (PID=1491) to work on /home/airflow/.local/lib/python3.12/site-packages/airflow/example_dags/example_bash_decorator.py
[2024-05-02T22:45:35.338+0000] {processor.py:830} INFO - Processing file /home/airflow/.local/lib/python3.12/site-packages/airflow/example_dags/example_bash_decorator.py for tasks to queue
[2024-05-02T22:45:35.343+0000] {logging_mixin.py:188} INFO - [2024-05-02T22:45:35.342+0000] {dagbag.py:540} INFO - Filling up the DagBag from /home/airflow/.local/lib/python3.12/site-packages/airflow/example_dags/example_bash_decorator.py
[2024-05-02T22:45:35.389+0000] {processor.py:840} INFO - DAG(s) 'example_bash_decorator' retrieved from /home/airflow/.local/lib/python3.12/site-packages/airflow/example_dags/example_bash_decorator.py
[2024-05-02T22:45:35.502+0000] {logging_mixin.py:188} INFO - [2024-05-02T22:45:35.501+0000] {dag.py:3096} INFO - Sync 1 DAGs
[2024-05-02T22:45:35.581+0000] {logging_mixin.py:188} INFO - [2024-05-02T22:45:35.576+0000] {dag.py:3954} INFO - Setting next_dagrun for example_bash_decorator to None, run_after=None
[2024-05-02T22:45:35.661+0000] {processor.py:183} INFO - Processing /home/airflow/.local/lib/python3.12/site-packages/airflow/example_dags/example_bash_decorator.py took 0.341 seconds
[2024-05-02T22:46:06.258+0000] {processor.py:161} INFO - Started process (PID=1550) to work on /home/airflow/.local/lib/python3.12/site-packages/airflow/example_dags/example_bash_decorator.py
[2024-05-02T22:46:06.260+0000] {processor.py:830} INFO - Processing file /home/airflow/.local/lib/python3.12/site-packages/airflow/example_dags/example_bash_decorator.py for tasks to queue
[2024-05-02T22:46:06.264+0000] {logging_mixin.py:188} INFO - [2024-05-02T22:46:06.263+0000] {dagbag.py:540} INFO - Filling up the DagBag from /home/airflow/.local/lib/python3.12/site-packages/airflow/example_dags/example_bash_decorator.py
[2024-05-02T22:46:06.306+0000] {processor.py:840} INFO - DAG(s) 'example_bash_decorator' retrieved from /home/airflow/.local/lib/python3.12/site-packages/airflow/example_dags/example_bash_decorator.py
[2024-05-02T22:46:06.371+0000] {logging_mixin.py:188} INFO - [2024-05-02T22:46:06.370+0000] {dag.py:3096} INFO - Sync 1 DAGs
[2024-05-02T22:46:06.404+0000] {logging_mixin.py:188} INFO - [2024-05-02T22:46:06.404+0000] {dag.py:3954} INFO - Setting next_dagrun for example_bash_decorator to None, run_after=None
[2024-05-02T22:46:06.456+0000] {processor.py:183} INFO - Processing /home/airflow/.local/lib/python3.12/site-packages/airflow/example_dags/example_bash_decorator.py took 0.211 seconds
[2024-05-02T22:46:36.747+0000] {processor.py:161} INFO - Started process (PID=1610) to work on /home/airflow/.local/lib/python3.12/site-packages/airflow/example_dags/example_bash_decorator.py
[2024-05-02T22:46:36.749+0000] {processor.py:830} INFO - Processing file /home/airflow/.local/lib/python3.12/site-packages/airflow/example_dags/example_bash_decorator.py for tasks to queue
[2024-05-02T22:46:36.753+0000] {logging_mixin.py:188} INFO - [2024-05-02T22:46:36.752+0000] {dagbag.py:540} INFO - Filling up the DagBag from /home/airflow/.local/lib/python3.12/site-packages/airflow/example_dags/example_bash_decorator.py
[2024-05-02T22:46:36.784+0000] {processor.py:840} INFO - DAG(s) 'example_bash_decorator' retrieved from /home/airflow/.local/lib/python3.12/site-packages/airflow/example_dags/example_bash_decorator.py
[2024-05-02T22:46:36.830+0000] {logging_mixin.py:188} INFO - [2024-05-02T22:46:36.830+0000] {dag.py:3096} INFO - Sync 1 DAGs
[2024-05-02T22:46:36.862+0000] {logging_mixin.py:188} INFO - [2024-05-02T22:46:36.862+0000] {dag.py:3954} INFO - Setting next_dagrun for example_bash_decorator to None, run_after=None
[2024-05-02T22:46:36.918+0000] {processor.py:183} INFO - Processing /home/airflow/.local/lib/python3.12/site-packages/airflow/example_dags/example_bash_decorator.py took 0.184 seconds
[2024-05-02T22:47:07.357+0000] {processor.py:161} INFO - Started process (PID=1669) to work on /home/airflow/.local/lib/python3.12/site-packages/airflow/example_dags/example_bash_decorator.py
[2024-05-02T22:47:07.359+0000] {processor.py:830} INFO - Processing file /home/airflow/.local/lib/python3.12/site-packages/airflow/example_dags/example_bash_decorator.py for tasks to queue
[2024-05-02T22:47:07.363+0000] {logging_mixin.py:188} INFO - [2024-05-02T22:47:07.363+0000] {dagbag.py:540} INFO - Filling up the DagBag from /home/airflow/.local/lib/python3.12/site-packages/airflow/example_dags/example_bash_decorator.py
[2024-05-02T22:47:07.393+0000] {processor.py:840} INFO - DAG(s) 'example_bash_decorator' retrieved from /home/airflow/.local/lib/python3.12/site-packages/airflow/example_dags/example_bash_decorator.py
[2024-05-02T22:47:07.445+0000] {logging_mixin.py:188} INFO - [2024-05-02T22:47:07.444+0000] {dag.py:3096} INFO - Sync 1 DAGs
[2024-05-02T22:47:07.481+0000] {logging_mixin.py:188} INFO - [2024-05-02T22:47:07.480+0000] {dag.py:3954} INFO - Setting next_dagrun for example_bash_decorator to None, run_after=None
[2024-05-02T22:47:07.534+0000] {processor.py:183} INFO - Processing /home/airflow/.local/lib/python3.12/site-packages/airflow/example_dags/example_bash_decorator.py took 0.189 seconds
[2024-05-02T22:47:38.636+0000] {processor.py:161} INFO - Started process (PID=1728) to work on /home/airflow/.local/lib/python3.12/site-packages/airflow/example_dags/example_bash_decorator.py
[2024-05-02T22:47:38.637+0000] {processor.py:830} INFO - Processing file /home/airflow/.local/lib/python3.12/site-packages/airflow/example_dags/example_bash_decorator.py for tasks to queue
[2024-05-02T22:47:38.640+0000] {logging_mixin.py:188} INFO - [2024-05-02T22:47:38.640+0000] {dagbag.py:540} INFO - Filling up the DagBag from /home/airflow/.local/lib/python3.12/site-packages/airflow/example_dags/example_bash_decorator.py
[2024-05-02T22:47:38.665+0000] {processor.py:840} INFO - DAG(s) 'example_bash_decorator' retrieved from /home/airflow/.local/lib/python3.12/site-packages/airflow/example_dags/example_bash_decorator.py
[2024-05-02T22:47:38.705+0000] {logging_mixin.py:188} INFO - [2024-05-02T22:47:38.705+0000] {dag.py:3096} INFO - Sync 1 DAGs
[2024-05-02T22:47:38.729+0000] {logging_mixin.py:188} INFO - [2024-05-02T22:47:38.729+0000] {dag.py:3954} INFO - Setting next_dagrun for example_bash_decorator to None, run_after=None
[2024-05-02T22:47:38.764+0000] {processor.py:183} INFO - Processing /home/airflow/.local/lib/python3.12/site-packages/airflow/example_dags/example_bash_decorator.py took 0.138 seconds
[2024-05-02T22:48:09.440+0000] {processor.py:161} INFO - Started process (PID=1788) to work on /home/airflow/.local/lib/python3.12/site-packages/airflow/example_dags/example_bash_decorator.py
[2024-05-02T22:48:09.442+0000] {processor.py:830} INFO - Processing file /home/airflow/.local/lib/python3.12/site-packages/airflow/example_dags/example_bash_decorator.py for tasks to queue
[2024-05-02T22:48:09.447+0000] {logging_mixin.py:188} INFO - [2024-05-02T22:48:09.446+0000] {dagbag.py:540} INFO - Filling up the DagBag from /home/airflow/.local/lib/python3.12/site-packages/airflow/example_dags/example_bash_decorator.py
[2024-05-02T22:48:09.497+0000] {processor.py:840} INFO - DAG(s) 'example_bash_decorator' retrieved from /home/airflow/.local/lib/python3.12/site-packages/airflow/example_dags/example_bash_decorator.py
[2024-05-02T22:48:09.568+0000] {logging_mixin.py:188} INFO - [2024-05-02T22:48:09.567+0000] {dag.py:3096} INFO - Sync 1 DAGs
[2024-05-02T22:48:09.604+0000] {logging_mixin.py:188} INFO - [2024-05-02T22:48:09.604+0000] {dag.py:3954} INFO - Setting next_dagrun for example_bash_decorator to None, run_after=None
[2024-05-02T22:48:09.658+0000] {processor.py:183} INFO - Processing /home/airflow/.local/lib/python3.12/site-packages/airflow/example_dags/example_bash_decorator.py took 0.252 seconds
[2024-05-02T22:48:39.813+0000] {processor.py:161} INFO - Started process (PID=1847) to work on /home/airflow/.local/lib/python3.12/site-packages/airflow/example_dags/example_bash_decorator.py
[2024-05-02T22:48:39.814+0000] {processor.py:830} INFO - Processing file /home/airflow/.local/lib/python3.12/site-packages/airflow/example_dags/example_bash_decorator.py for tasks to queue
[2024-05-02T22:48:39.817+0000] {logging_mixin.py:188} INFO - [2024-05-02T22:48:39.817+0000] {dagbag.py:540} INFO - Filling up the DagBag from /home/airflow/.local/lib/python3.12/site-packages/airflow/example_dags/example_bash_decorator.py
[2024-05-02T22:48:39.841+0000] {processor.py:840} INFO - DAG(s) 'example_bash_decorator' retrieved from /home/airflow/.local/lib/python3.12/site-packages/airflow/example_dags/example_bash_decorator.py
[2024-05-02T22:48:39.905+0000] {logging_mixin.py:188} INFO - [2024-05-02T22:48:39.904+0000] {dag.py:3096} INFO - Sync 1 DAGs
[2024-05-02T22:48:39.948+0000] {logging_mixin.py:188} INFO - [2024-05-02T22:48:39.947+0000] {dag.py:3954} INFO - Setting next_dagrun for example_bash_decorator to None, run_after=None
[2024-05-02T22:48:40.006+0000] {processor.py:183} INFO - Processing /home/airflow/.local/lib/python3.12/site-packages/airflow/example_dags/example_bash_decorator.py took 0.202 seconds
[2024-05-02T22:49:10.609+0000] {processor.py:161} INFO - Started process (PID=1906) to work on /home/airflow/.local/lib/python3.12/site-packages/airflow/example_dags/example_bash_decorator.py
[2024-05-02T22:49:10.611+0000] {processor.py:830} INFO - Processing file /home/airflow/.local/lib/python3.12/site-packages/airflow/example_dags/example_bash_decorator.py for tasks to queue
[2024-05-02T22:49:10.621+0000] {logging_mixin.py:188} INFO - [2024-05-02T22:49:10.620+0000] {dagbag.py:540} INFO - Filling up the DagBag from /home/airflow/.local/lib/python3.12/site-packages/airflow/example_dags/example_bash_decorator.py
[2024-05-02T22:49:10.655+0000] {processor.py:840} INFO - DAG(s) 'example_bash_decorator' retrieved from /home/airflow/.local/lib/python3.12/site-packages/airflow/example_dags/example_bash_decorator.py
[2024-05-02T22:49:10.715+0000] {logging_mixin.py:188} INFO - [2024-05-02T22:49:10.714+0000] {dag.py:3096} INFO - Sync 1 DAGs
[2024-05-02T22:49:10.747+0000] {logging_mixin.py:188} INFO - [2024-05-02T22:49:10.746+0000] {dag.py:3954} INFO - Setting next_dagrun for example_bash_decorator to None, run_after=None
[2024-05-02T22:49:10.808+0000] {processor.py:183} INFO - Processing /home/airflow/.local/lib/python3.12/site-packages/airflow/example_dags/example_bash_decorator.py took 0.209 seconds
[2024-05-02T22:49:40.926+0000] {processor.py:161} INFO - Started process (PID=1965) to work on /home/airflow/.local/lib/python3.12/site-packages/airflow/example_dags/example_bash_decorator.py
[2024-05-02T22:49:40.930+0000] {processor.py:830} INFO - Processing file /home/airflow/.local/lib/python3.12/site-packages/airflow/example_dags/example_bash_decorator.py for tasks to queue
[2024-05-02T22:49:40.942+0000] {logging_mixin.py:188} INFO - [2024-05-02T22:49:40.941+0000] {dagbag.py:540} INFO - Filling up the DagBag from /home/airflow/.local/lib/python3.12/site-packages/airflow/example_dags/example_bash_decorator.py
[2024-05-02T22:49:40.978+0000] {processor.py:840} INFO - DAG(s) 'example_bash_decorator' retrieved from /home/airflow/.local/lib/python3.12/site-packages/airflow/example_dags/example_bash_decorator.py
[2024-05-02T22:49:41.044+0000] {logging_mixin.py:188} INFO - [2024-05-02T22:49:41.043+0000] {dag.py:3096} INFO - Sync 1 DAGs
[2024-05-02T22:49:41.088+0000] {logging_mixin.py:188} INFO - [2024-05-02T22:49:41.087+0000] {dag.py:3954} INFO - Setting next_dagrun for example_bash_decorator to None, run_after=None
[2024-05-02T22:49:41.148+0000] {processor.py:183} INFO - Processing /home/airflow/.local/lib/python3.12/site-packages/airflow/example_dags/example_bash_decorator.py took 0.239 seconds
[2024-05-02T22:50:11.637+0000] {processor.py:161} INFO - Started process (PID=2024) to work on /home/airflow/.local/lib/python3.12/site-packages/airflow/example_dags/example_bash_decorator.py
[2024-05-02T22:50:11.638+0000] {processor.py:830} INFO - Processing file /home/airflow/.local/lib/python3.12/site-packages/airflow/example_dags/example_bash_decorator.py for tasks to queue
[2024-05-02T22:50:11.642+0000] {logging_mixin.py:188} INFO - [2024-05-02T22:50:11.641+0000] {dagbag.py:540} INFO - Filling up the DagBag from /home/airflow/.local/lib/python3.12/site-packages/airflow/example_dags/example_bash_decorator.py
[2024-05-02T22:50:11.667+0000] {processor.py:840} INFO - DAG(s) 'example_bash_decorator' retrieved from /home/airflow/.local/lib/python3.12/site-packages/airflow/example_dags/example_bash_decorator.py
[2024-05-02T22:50:11.709+0000] {logging_mixin.py:188} INFO - [2024-05-02T22:50:11.708+0000] {dag.py:3096} INFO - Sync 1 DAGs
[2024-05-02T22:50:11.731+0000] {logging_mixin.py:188} INFO - [2024-05-02T22:50:11.730+0000] {dag.py:3954} INFO - Setting next_dagrun for example_bash_decorator to None, run_after=None
[2024-05-02T22:50:11.787+0000] {processor.py:183} INFO - Processing /home/airflow/.local/lib/python3.12/site-packages/airflow/example_dags/example_bash_decorator.py took 0.161 seconds
[2024-05-02T22:50:42.029+0000] {processor.py:161} INFO - Started process (PID=2082) to work on /home/airflow/.local/lib/python3.12/site-packages/airflow/example_dags/example_bash_decorator.py
[2024-05-02T22:50:42.031+0000] {processor.py:830} INFO - Processing file /home/airflow/.local/lib/python3.12/site-packages/airflow/example_dags/example_bash_decorator.py for tasks to queue
[2024-05-02T22:50:42.034+0000] {logging_mixin.py:188} INFO - [2024-05-02T22:50:42.033+0000] {dagbag.py:540} INFO - Filling up the DagBag from /home/airflow/.local/lib/python3.12/site-packages/airflow/example_dags/example_bash_decorator.py
[2024-05-02T22:50:42.057+0000] {processor.py:840} INFO - DAG(s) 'example_bash_decorator' retrieved from /home/airflow/.local/lib/python3.12/site-packages/airflow/example_dags/example_bash_decorator.py
[2024-05-02T22:50:42.101+0000] {logging_mixin.py:188} INFO - [2024-05-02T22:50:42.100+0000] {dag.py:3096} INFO - Sync 1 DAGs
[2024-05-02T22:50:42.130+0000] {logging_mixin.py:188} INFO - [2024-05-02T22:50:42.129+0000] {dag.py:3954} INFO - Setting next_dagrun for example_bash_decorator to None, run_after=None
[2024-05-02T22:50:42.167+0000] {processor.py:183} INFO - Processing /home/airflow/.local/lib/python3.12/site-packages/airflow/example_dags/example_bash_decorator.py took 0.147 seconds
[2024-05-02T22:51:13.183+0000] {processor.py:161} INFO - Started process (PID=2141) to work on /home/airflow/.local/lib/python3.12/site-packages/airflow/example_dags/example_bash_decorator.py
[2024-05-02T22:51:13.185+0000] {processor.py:830} INFO - Processing file /home/airflow/.local/lib/python3.12/site-packages/airflow/example_dags/example_bash_decorator.py for tasks to queue
[2024-05-02T22:51:13.189+0000] {logging_mixin.py:188} INFO - [2024-05-02T22:51:13.188+0000] {dagbag.py:540} INFO - Filling up the DagBag from /home/airflow/.local/lib/python3.12/site-packages/airflow/example_dags/example_bash_decorator.py
[2024-05-02T22:51:13.236+0000] {processor.py:840} INFO - DAG(s) 'example_bash_decorator' retrieved from /home/airflow/.local/lib/python3.12/site-packages/airflow/example_dags/example_bash_decorator.py
[2024-05-02T22:51:13.279+0000] {logging_mixin.py:188} INFO - [2024-05-02T22:51:13.278+0000] {dag.py:3096} INFO - Sync 1 DAGs
[2024-05-02T22:51:13.302+0000] {logging_mixin.py:188} INFO - [2024-05-02T22:51:13.302+0000] {dag.py:3954} INFO - Setting next_dagrun for example_bash_decorator to None, run_after=None
[2024-05-02T22:51:13.351+0000] {processor.py:183} INFO - Processing /home/airflow/.local/lib/python3.12/site-packages/airflow/example_dags/example_bash_decorator.py took 0.213 seconds
[2024-05-02T22:51:43.779+0000] {processor.py:161} INFO - Started process (PID=2200) to work on /home/airflow/.local/lib/python3.12/site-packages/airflow/example_dags/example_bash_decorator.py
[2024-05-02T22:51:43.781+0000] {processor.py:830} INFO - Processing file /home/airflow/.local/lib/python3.12/site-packages/airflow/example_dags/example_bash_decorator.py for tasks to queue
[2024-05-02T22:51:43.785+0000] {logging_mixin.py:188} INFO - [2024-05-02T22:51:43.784+0000] {dagbag.py:540} INFO - Filling up the DagBag from /home/airflow/.local/lib/python3.12/site-packages/airflow/example_dags/example_bash_decorator.py
[2024-05-02T22:51:43.818+0000] {processor.py:840} INFO - DAG(s) 'example_bash_decorator' retrieved from /home/airflow/.local/lib/python3.12/site-packages/airflow/example_dags/example_bash_decorator.py
[2024-05-02T22:51:43.884+0000] {logging_mixin.py:188} INFO - [2024-05-02T22:51:43.883+0000] {dag.py:3096} INFO - Sync 1 DAGs
[2024-05-02T22:51:43.923+0000] {logging_mixin.py:188} INFO - [2024-05-02T22:51:43.923+0000] {dag.py:3954} INFO - Setting next_dagrun for example_bash_decorator to None, run_after=None
[2024-05-02T22:51:44.004+0000] {processor.py:183} INFO - Processing /home/airflow/.local/lib/python3.12/site-packages/airflow/example_dags/example_bash_decorator.py took 0.238 seconds
[2024-05-02T22:52:14.524+0000] {processor.py:161} INFO - Started process (PID=2261) to work on /home/airflow/.local/lib/python3.12/site-packages/airflow/example_dags/example_bash_decorator.py
[2024-05-02T22:52:14.526+0000] {processor.py:830} INFO - Processing file /home/airflow/.local/lib/python3.12/site-packages/airflow/example_dags/example_bash_decorator.py for tasks to queue
[2024-05-02T22:52:14.534+0000] {logging_mixin.py:188} INFO - [2024-05-02T22:52:14.531+0000] {dagbag.py:540} INFO - Filling up the DagBag from /home/airflow/.local/lib/python3.12/site-packages/airflow/example_dags/example_bash_decorator.py
[2024-05-02T22:52:14.569+0000] {processor.py:840} INFO - DAG(s) 'example_bash_decorator' retrieved from /home/airflow/.local/lib/python3.12/site-packages/airflow/example_dags/example_bash_decorator.py
[2024-05-02T22:52:14.627+0000] {logging_mixin.py:188} INFO - [2024-05-02T22:52:14.626+0000] {dag.py:3096} INFO - Sync 1 DAGs
[2024-05-02T22:52:14.660+0000] {logging_mixin.py:188} INFO - [2024-05-02T22:52:14.660+0000] {dag.py:3954} INFO - Setting next_dagrun for example_bash_decorator to None, run_after=None
[2024-05-02T22:52:14.708+0000] {processor.py:183} INFO - Processing /home/airflow/.local/lib/python3.12/site-packages/airflow/example_dags/example_bash_decorator.py took 0.196 seconds
[2024-05-02T22:52:45.172+0000] {processor.py:161} INFO - Started process (PID=2321) to work on /home/airflow/.local/lib/python3.12/site-packages/airflow/example_dags/example_bash_decorator.py
[2024-05-02T22:52:45.174+0000] {processor.py:830} INFO - Processing file /home/airflow/.local/lib/python3.12/site-packages/airflow/example_dags/example_bash_decorator.py for tasks to queue
[2024-05-02T22:52:45.179+0000] {logging_mixin.py:188} INFO - [2024-05-02T22:52:45.178+0000] {dagbag.py:540} INFO - Filling up the DagBag from /home/airflow/.local/lib/python3.12/site-packages/airflow/example_dags/example_bash_decorator.py
[2024-05-02T22:52:45.221+0000] {processor.py:840} INFO - DAG(s) 'example_bash_decorator' retrieved from /home/airflow/.local/lib/python3.12/site-packages/airflow/example_dags/example_bash_decorator.py
[2024-05-02T22:52:45.304+0000] {logging_mixin.py:188} INFO - [2024-05-02T22:52:45.304+0000] {dag.py:3096} INFO - Sync 1 DAGs
[2024-05-02T22:52:45.350+0000] {logging_mixin.py:188} INFO - [2024-05-02T22:52:45.349+0000] {dag.py:3954} INFO - Setting next_dagrun for example_bash_decorator to None, run_after=None
[2024-05-02T22:52:45.423+0000] {processor.py:183} INFO - Processing /home/airflow/.local/lib/python3.12/site-packages/airflow/example_dags/example_bash_decorator.py took 0.267 seconds
[2024-05-02T22:53:16.032+0000] {processor.py:161} INFO - Started process (PID=2377) to work on /home/airflow/.local/lib/python3.12/site-packages/airflow/example_dags/example_bash_decorator.py
[2024-05-02T22:53:16.033+0000] {processor.py:830} INFO - Processing file /home/airflow/.local/lib/python3.12/site-packages/airflow/example_dags/example_bash_decorator.py for tasks to queue
[2024-05-02T22:53:16.036+0000] {logging_mixin.py:188} INFO - [2024-05-02T22:53:16.036+0000] {dagbag.py:540} INFO - Filling up the DagBag from /home/airflow/.local/lib/python3.12/site-packages/airflow/example_dags/example_bash_decorator.py
[2024-05-02T22:53:16.061+0000] {processor.py:840} INFO - DAG(s) 'example_bash_decorator' retrieved from /home/airflow/.local/lib/python3.12/site-packages/airflow/example_dags/example_bash_decorator.py
[2024-05-02T22:53:16.112+0000] {logging_mixin.py:188} INFO - [2024-05-02T22:53:16.111+0000] {dag.py:3096} INFO - Sync 1 DAGs
[2024-05-02T22:53:16.136+0000] {logging_mixin.py:188} INFO - [2024-05-02T22:53:16.136+0000] {dag.py:3954} INFO - Setting next_dagrun for example_bash_decorator to None, run_after=None
[2024-05-02T22:53:16.171+0000] {processor.py:183} INFO - Processing /home/airflow/.local/lib/python3.12/site-packages/airflow/example_dags/example_bash_decorator.py took 0.150 seconds
[2024-05-02T22:53:47.525+0000] {processor.py:161} INFO - Started process (PID=2436) to work on /home/airflow/.local/lib/python3.12/site-packages/airflow/example_dags/example_bash_decorator.py
[2024-05-02T22:53:47.539+0000] {processor.py:830} INFO - Processing file /home/airflow/.local/lib/python3.12/site-packages/airflow/example_dags/example_bash_decorator.py for tasks to queue
[2024-05-02T22:53:47.569+0000] {logging_mixin.py:188} INFO - [2024-05-02T22:53:47.558+0000] {dagbag.py:540} INFO - Filling up the DagBag from /home/airflow/.local/lib/python3.12/site-packages/airflow/example_dags/example_bash_decorator.py
[2024-05-02T22:53:47.661+0000] {processor.py:840} INFO - DAG(s) 'example_bash_decorator' retrieved from /home/airflow/.local/lib/python3.12/site-packages/airflow/example_dags/example_bash_decorator.py
[2024-05-02T22:53:47.953+0000] {logging_mixin.py:188} INFO - [2024-05-02T22:53:47.952+0000] {dag.py:3096} INFO - Sync 1 DAGs
[2024-05-02T22:53:48.160+0000] {logging_mixin.py:188} INFO - [2024-05-02T22:53:48.159+0000] {dag.py:3954} INFO - Setting next_dagrun for example_bash_decorator to None, run_after=None
[2024-05-02T22:53:48.443+0000] {processor.py:183} INFO - Processing /home/airflow/.local/lib/python3.12/site-packages/airflow/example_dags/example_bash_decorator.py took 1.039 seconds
[2024-05-02T22:54:19.231+0000] {processor.py:161} INFO - Started process (PID=2495) to work on /home/airflow/.local/lib/python3.12/site-packages/airflow/example_dags/example_bash_decorator.py
[2024-05-02T22:54:19.234+0000] {processor.py:830} INFO - Processing file /home/airflow/.local/lib/python3.12/site-packages/airflow/example_dags/example_bash_decorator.py for tasks to queue
[2024-05-02T22:54:19.241+0000] {logging_mixin.py:188} INFO - [2024-05-02T22:54:19.239+0000] {dagbag.py:540} INFO - Filling up the DagBag from /home/airflow/.local/lib/python3.12/site-packages/airflow/example_dags/example_bash_decorator.py
[2024-05-02T22:54:19.301+0000] {processor.py:840} INFO - DAG(s) 'example_bash_decorator' retrieved from /home/airflow/.local/lib/python3.12/site-packages/airflow/example_dags/example_bash_decorator.py
[2024-05-02T22:54:19.357+0000] {logging_mixin.py:188} INFO - [2024-05-02T22:54:19.356+0000] {dag.py:3096} INFO - Sync 1 DAGs
[2024-05-02T22:54:19.402+0000] {logging_mixin.py:188} INFO - [2024-05-02T22:54:19.401+0000] {dag.py:3954} INFO - Setting next_dagrun for example_bash_decorator to None, run_after=None
[2024-05-02T22:54:19.466+0000] {processor.py:183} INFO - Processing /home/airflow/.local/lib/python3.12/site-packages/airflow/example_dags/example_bash_decorator.py took 0.253 seconds
[2024-05-02T22:54:49.735+0000] {processor.py:161} INFO - Started process (PID=2554) to work on /home/airflow/.local/lib/python3.12/site-packages/airflow/example_dags/example_bash_decorator.py
[2024-05-02T22:54:49.737+0000] {processor.py:830} INFO - Processing file /home/airflow/.local/lib/python3.12/site-packages/airflow/example_dags/example_bash_decorator.py for tasks to queue
[2024-05-02T22:54:49.757+0000] {logging_mixin.py:188} INFO - [2024-05-02T22:54:49.757+0000] {dagbag.py:540} INFO - Filling up the DagBag from /home/airflow/.local/lib/python3.12/site-packages/airflow/example_dags/example_bash_decorator.py
[2024-05-02T22:54:49.841+0000] {processor.py:840} INFO - DAG(s) 'example_bash_decorator' retrieved from /home/airflow/.local/lib/python3.12/site-packages/airflow/example_dags/example_bash_decorator.py
[2024-05-02T22:54:50.579+0000] {logging_mixin.py:188} INFO - [2024-05-02T22:54:50.578+0000] {dag.py:3096} INFO - Sync 1 DAGs
[2024-05-02T22:54:50.669+0000] {logging_mixin.py:188} INFO - [2024-05-02T22:54:50.668+0000] {dag.py:3954} INFO - Setting next_dagrun for example_bash_decorator to None, run_after=None
[2024-05-02T22:54:50.835+0000] {processor.py:183} INFO - Processing /home/airflow/.local/lib/python3.12/site-packages/airflow/example_dags/example_bash_decorator.py took 1.129 seconds
[2024-05-02T22:55:21.413+0000] {processor.py:161} INFO - Started process (PID=2613) to work on /home/airflow/.local/lib/python3.12/site-packages/airflow/example_dags/example_bash_decorator.py
[2024-05-02T22:55:21.426+0000] {processor.py:830} INFO - Processing file /home/airflow/.local/lib/python3.12/site-packages/airflow/example_dags/example_bash_decorator.py for tasks to queue
[2024-05-02T22:55:21.429+0000] {logging_mixin.py:188} INFO - [2024-05-02T22:55:21.429+0000] {dagbag.py:540} INFO - Filling up the DagBag from /home/airflow/.local/lib/python3.12/site-packages/airflow/example_dags/example_bash_decorator.py
[2024-05-02T22:55:21.492+0000] {processor.py:840} INFO - DAG(s) 'example_bash_decorator' retrieved from /home/airflow/.local/lib/python3.12/site-packages/airflow/example_dags/example_bash_decorator.py
[2024-05-02T22:55:21.594+0000] {logging_mixin.py:188} INFO - [2024-05-02T22:55:21.593+0000] {dag.py:3096} INFO - Sync 1 DAGs
[2024-05-02T22:55:21.646+0000] {logging_mixin.py:188} INFO - [2024-05-02T22:55:21.646+0000] {dag.py:3954} INFO - Setting next_dagrun for example_bash_decorator to None, run_after=None
[2024-05-02T22:55:21.726+0000] {processor.py:183} INFO - Processing /home/airflow/.local/lib/python3.12/site-packages/airflow/example_dags/example_bash_decorator.py took 0.336 seconds
[2024-05-02T22:55:52.036+0000] {processor.py:161} INFO - Started process (PID=2673) to work on /home/airflow/.local/lib/python3.12/site-packages/airflow/example_dags/example_bash_decorator.py
[2024-05-02T22:55:52.039+0000] {processor.py:830} INFO - Processing file /home/airflow/.local/lib/python3.12/site-packages/airflow/example_dags/example_bash_decorator.py for tasks to queue
[2024-05-02T22:55:52.044+0000] {logging_mixin.py:188} INFO - [2024-05-02T22:55:52.044+0000] {dagbag.py:540} INFO - Filling up the DagBag from /home/airflow/.local/lib/python3.12/site-packages/airflow/example_dags/example_bash_decorator.py
[2024-05-02T22:55:52.107+0000] {processor.py:840} INFO - DAG(s) 'example_bash_decorator' retrieved from /home/airflow/.local/lib/python3.12/site-packages/airflow/example_dags/example_bash_decorator.py
[2024-05-02T22:55:52.178+0000] {logging_mixin.py:188} INFO - [2024-05-02T22:55:52.177+0000] {dag.py:3096} INFO - Sync 1 DAGs
[2024-05-02T22:55:52.212+0000] {logging_mixin.py:188} INFO - [2024-05-02T22:55:52.211+0000] {dag.py:3954} INFO - Setting next_dagrun for example_bash_decorator to None, run_after=None
[2024-05-02T22:55:52.255+0000] {processor.py:183} INFO - Processing /home/airflow/.local/lib/python3.12/site-packages/airflow/example_dags/example_bash_decorator.py took 0.245 seconds
[2024-05-02T22:57:13.501+0000] {processor.py:161} INFO - Started process (PID=76) to work on /home/airflow/.local/lib/python3.12/site-packages/airflow/example_dags/example_bash_decorator.py
[2024-05-02T22:57:13.503+0000] {processor.py:830} INFO - Processing file /home/airflow/.local/lib/python3.12/site-packages/airflow/example_dags/example_bash_decorator.py for tasks to queue
[2024-05-02T22:57:13.506+0000] {logging_mixin.py:188} INFO - [2024-05-02T22:57:13.506+0000] {dagbag.py:540} INFO - Filling up the DagBag from /home/airflow/.local/lib/python3.12/site-packages/airflow/example_dags/example_bash_decorator.py
[2024-05-02T22:57:13.542+0000] {processor.py:840} INFO - DAG(s) 'example_bash_decorator' retrieved from /home/airflow/.local/lib/python3.12/site-packages/airflow/example_dags/example_bash_decorator.py
[2024-05-02T22:57:13.909+0000] {logging_mixin.py:188} INFO - [2024-05-02T22:57:13.908+0000] {dag.py:3096} INFO - Sync 1 DAGs
[2024-05-02T22:57:13.936+0000] {logging_mixin.py:188} INFO - [2024-05-02T22:57:13.936+0000] {dag.py:3954} INFO - Setting next_dagrun for example_bash_decorator to None, run_after=None
[2024-05-02T22:57:13.982+0000] {processor.py:183} INFO - Processing /home/airflow/.local/lib/python3.12/site-packages/airflow/example_dags/example_bash_decorator.py took 0.493 seconds
[2024-05-02T22:58:06.214+0000] {processor.py:161} INFO - Started process (PID=145) to work on /home/airflow/.local/lib/python3.12/site-packages/airflow/example_dags/example_bash_decorator.py
[2024-05-02T22:58:06.217+0000] {processor.py:830} INFO - Processing file /home/airflow/.local/lib/python3.12/site-packages/airflow/example_dags/example_bash_decorator.py for tasks to queue
[2024-05-02T22:58:06.234+0000] {logging_mixin.py:188} INFO - [2024-05-02T22:58:06.232+0000] {dagbag.py:540} INFO - Filling up the DagBag from /home/airflow/.local/lib/python3.12/site-packages/airflow/example_dags/example_bash_decorator.py
[2024-05-02T22:58:06.281+0000] {processor.py:840} INFO - DAG(s) 'example_bash_decorator' retrieved from /home/airflow/.local/lib/python3.12/site-packages/airflow/example_dags/example_bash_decorator.py
[2024-05-02T22:58:06.422+0000] {logging_mixin.py:188} INFO - [2024-05-02T22:58:06.421+0000] {dag.py:3096} INFO - Sync 1 DAGs
[2024-05-02T22:58:06.462+0000] {logging_mixin.py:188} INFO - [2024-05-02T22:58:06.462+0000] {dag.py:3954} INFO - Setting next_dagrun for example_bash_decorator to None, run_after=None
[2024-05-02T22:58:06.584+0000] {processor.py:183} INFO - Processing /home/airflow/.local/lib/python3.12/site-packages/airflow/example_dags/example_bash_decorator.py took 0.392 seconds
[2024-05-02T22:58:49.579+0000] {processor.py:161} INFO - Started process (PID=209) to work on /home/airflow/.local/lib/python3.12/site-packages/airflow/example_dags/example_bash_decorator.py
[2024-05-02T22:58:49.590+0000] {processor.py:830} INFO - Processing file /home/airflow/.local/lib/python3.12/site-packages/airflow/example_dags/example_bash_decorator.py for tasks to queue
[2024-05-02T22:58:49.599+0000] {logging_mixin.py:188} INFO - [2024-05-02T22:58:49.598+0000] {dagbag.py:540} INFO - Filling up the DagBag from /home/airflow/.local/lib/python3.12/site-packages/airflow/example_dags/example_bash_decorator.py
[2024-05-02T22:58:49.703+0000] {processor.py:840} INFO - DAG(s) 'example_bash_decorator' retrieved from /home/airflow/.local/lib/python3.12/site-packages/airflow/example_dags/example_bash_decorator.py
[2024-05-02T22:58:49.856+0000] {logging_mixin.py:188} INFO - [2024-05-02T22:58:49.856+0000] {dag.py:3096} INFO - Sync 1 DAGs
[2024-05-02T22:58:49.913+0000] {logging_mixin.py:188} INFO - [2024-05-02T22:58:49.910+0000] {dag.py:3954} INFO - Setting next_dagrun for example_bash_decorator to None, run_after=None
[2024-05-02T22:58:50.031+0000] {processor.py:183} INFO - Processing /home/airflow/.local/lib/python3.12/site-packages/airflow/example_dags/example_bash_decorator.py took 0.535 seconds
[2024-05-02T22:59:20.379+0000] {processor.py:161} INFO - Started process (PID=267) to work on /home/airflow/.local/lib/python3.12/site-packages/airflow/example_dags/example_bash_decorator.py
[2024-05-02T22:59:20.381+0000] {processor.py:830} INFO - Processing file /home/airflow/.local/lib/python3.12/site-packages/airflow/example_dags/example_bash_decorator.py for tasks to queue
[2024-05-02T22:59:20.393+0000] {logging_mixin.py:188} INFO - [2024-05-02T22:59:20.390+0000] {dagbag.py:540} INFO - Filling up the DagBag from /home/airflow/.local/lib/python3.12/site-packages/airflow/example_dags/example_bash_decorator.py
[2024-05-02T22:59:20.521+0000] {processor.py:840} INFO - DAG(s) 'example_bash_decorator' retrieved from /home/airflow/.local/lib/python3.12/site-packages/airflow/example_dags/example_bash_decorator.py
[2024-05-02T22:59:20.751+0000] {logging_mixin.py:188} INFO - [2024-05-02T22:59:20.750+0000] {dag.py:3096} INFO - Sync 1 DAGs
[2024-05-02T22:59:20.909+0000] {logging_mixin.py:188} INFO - [2024-05-02T22:59:20.909+0000] {dag.py:3954} INFO - Setting next_dagrun for example_bash_decorator to None, run_after=None
[2024-05-02T22:59:21.120+0000] {processor.py:183} INFO - Processing /home/airflow/.local/lib/python3.12/site-packages/airflow/example_dags/example_bash_decorator.py took 0.808 seconds
[2024-05-02T22:59:51.784+0000] {processor.py:161} INFO - Started process (PID=330) to work on /home/airflow/.local/lib/python3.12/site-packages/airflow/example_dags/example_bash_decorator.py
[2024-05-02T22:59:51.787+0000] {processor.py:830} INFO - Processing file /home/airflow/.local/lib/python3.12/site-packages/airflow/example_dags/example_bash_decorator.py for tasks to queue
[2024-05-02T22:59:51.808+0000] {logging_mixin.py:188} INFO - [2024-05-02T22:59:51.804+0000] {dagbag.py:540} INFO - Filling up the DagBag from /home/airflow/.local/lib/python3.12/site-packages/airflow/example_dags/example_bash_decorator.py
[2024-05-02T22:59:51.954+0000] {processor.py:840} INFO - DAG(s) 'example_bash_decorator' retrieved from /home/airflow/.local/lib/python3.12/site-packages/airflow/example_dags/example_bash_decorator.py
[2024-05-02T22:59:52.376+0000] {logging_mixin.py:188} INFO - [2024-05-02T22:59:52.375+0000] {dag.py:3096} INFO - Sync 1 DAGs
[2024-05-02T22:59:52.466+0000] {logging_mixin.py:188} INFO - [2024-05-02T22:59:52.465+0000] {dag.py:3954} INFO - Setting next_dagrun for example_bash_decorator to None, run_after=None
[2024-05-02T22:59:52.573+0000] {processor.py:183} INFO - Processing /home/airflow/.local/lib/python3.12/site-packages/airflow/example_dags/example_bash_decorator.py took 0.857 seconds
[2024-05-02T23:00:22.872+0000] {processor.py:161} INFO - Started process (PID=388) to work on /home/airflow/.local/lib/python3.12/site-packages/airflow/example_dags/example_bash_decorator.py
[2024-05-02T23:00:22.889+0000] {processor.py:830} INFO - Processing file /home/airflow/.local/lib/python3.12/site-packages/airflow/example_dags/example_bash_decorator.py for tasks to queue
[2024-05-02T23:00:22.896+0000] {logging_mixin.py:188} INFO - [2024-05-02T23:00:22.895+0000] {dagbag.py:540} INFO - Filling up the DagBag from /home/airflow/.local/lib/python3.12/site-packages/airflow/example_dags/example_bash_decorator.py
[2024-05-02T23:00:22.971+0000] {processor.py:840} INFO - DAG(s) 'example_bash_decorator' retrieved from /home/airflow/.local/lib/python3.12/site-packages/airflow/example_dags/example_bash_decorator.py
[2024-05-02T23:00:23.115+0000] {logging_mixin.py:188} INFO - [2024-05-02T23:00:23.114+0000] {dag.py:3096} INFO - Sync 1 DAGs
[2024-05-02T23:00:23.252+0000] {logging_mixin.py:188} INFO - [2024-05-02T23:00:23.251+0000] {dag.py:3954} INFO - Setting next_dagrun for example_bash_decorator to None, run_after=None
[2024-05-02T23:00:23.464+0000] {processor.py:183} INFO - Processing /home/airflow/.local/lib/python3.12/site-packages/airflow/example_dags/example_bash_decorator.py took 0.626 seconds
[2024-05-02T23:00:53.963+0000] {processor.py:161} INFO - Started process (PID=447) to work on /home/airflow/.local/lib/python3.12/site-packages/airflow/example_dags/example_bash_decorator.py
[2024-05-02T23:00:53.965+0000] {processor.py:830} INFO - Processing file /home/airflow/.local/lib/python3.12/site-packages/airflow/example_dags/example_bash_decorator.py for tasks to queue
[2024-05-02T23:00:53.969+0000] {logging_mixin.py:188} INFO - [2024-05-02T23:00:53.969+0000] {dagbag.py:540} INFO - Filling up the DagBag from /home/airflow/.local/lib/python3.12/site-packages/airflow/example_dags/example_bash_decorator.py
[2024-05-02T23:00:54.013+0000] {processor.py:840} INFO - DAG(s) 'example_bash_decorator' retrieved from /home/airflow/.local/lib/python3.12/site-packages/airflow/example_dags/example_bash_decorator.py
[2024-05-02T23:00:54.100+0000] {logging_mixin.py:188} INFO - [2024-05-02T23:00:54.100+0000] {dag.py:3096} INFO - Sync 1 DAGs
[2024-05-02T23:00:54.146+0000] {logging_mixin.py:188} INFO - [2024-05-02T23:00:54.144+0000] {dag.py:3954} INFO - Setting next_dagrun for example_bash_decorator to None, run_after=None
[2024-05-02T23:00:54.229+0000] {processor.py:183} INFO - Processing /home/airflow/.local/lib/python3.12/site-packages/airflow/example_dags/example_bash_decorator.py took 0.281 seconds
[2024-05-02T23:01:24.350+0000] {processor.py:161} INFO - Started process (PID=507) to work on /home/airflow/.local/lib/python3.12/site-packages/airflow/example_dags/example_bash_decorator.py
[2024-05-02T23:01:24.352+0000] {processor.py:830} INFO - Processing file /home/airflow/.local/lib/python3.12/site-packages/airflow/example_dags/example_bash_decorator.py for tasks to queue
[2024-05-02T23:01:24.356+0000] {logging_mixin.py:188} INFO - [2024-05-02T23:01:24.355+0000] {dagbag.py:540} INFO - Filling up the DagBag from /home/airflow/.local/lib/python3.12/site-packages/airflow/example_dags/example_bash_decorator.py
[2024-05-02T23:01:24.404+0000] {processor.py:840} INFO - DAG(s) 'example_bash_decorator' retrieved from /home/airflow/.local/lib/python3.12/site-packages/airflow/example_dags/example_bash_decorator.py
[2024-05-02T23:01:24.471+0000] {logging_mixin.py:188} INFO - [2024-05-02T23:01:24.470+0000] {dag.py:3096} INFO - Sync 1 DAGs
[2024-05-02T23:01:24.510+0000] {logging_mixin.py:188} INFO - [2024-05-02T23:01:24.509+0000] {dag.py:3954} INFO - Setting next_dagrun for example_bash_decorator to None, run_after=None
[2024-05-02T23:01:24.573+0000] {processor.py:183} INFO - Processing /home/airflow/.local/lib/python3.12/site-packages/airflow/example_dags/example_bash_decorator.py took 0.236 seconds
[2024-05-02T23:01:55.636+0000] {processor.py:161} INFO - Started process (PID=566) to work on /home/airflow/.local/lib/python3.12/site-packages/airflow/example_dags/example_bash_decorator.py
[2024-05-02T23:01:55.638+0000] {processor.py:830} INFO - Processing file /home/airflow/.local/lib/python3.12/site-packages/airflow/example_dags/example_bash_decorator.py for tasks to queue
[2024-05-02T23:01:55.642+0000] {logging_mixin.py:188} INFO - [2024-05-02T23:01:55.641+0000] {dagbag.py:540} INFO - Filling up the DagBag from /home/airflow/.local/lib/python3.12/site-packages/airflow/example_dags/example_bash_decorator.py
[2024-05-02T23:01:55.667+0000] {processor.py:840} INFO - DAG(s) 'example_bash_decorator' retrieved from /home/airflow/.local/lib/python3.12/site-packages/airflow/example_dags/example_bash_decorator.py
[2024-05-02T23:01:55.757+0000] {logging_mixin.py:188} INFO - [2024-05-02T23:01:55.756+0000] {dag.py:3096} INFO - Sync 1 DAGs
[2024-05-02T23:01:55.796+0000] {logging_mixin.py:188} INFO - [2024-05-02T23:01:55.794+0000] {dag.py:3954} INFO - Setting next_dagrun for example_bash_decorator to None, run_after=None
[2024-05-02T23:01:55.850+0000] {processor.py:183} INFO - Processing /home/airflow/.local/lib/python3.12/site-packages/airflow/example_dags/example_bash_decorator.py took 0.225 seconds
[2024-05-02T23:02:26.229+0000] {processor.py:161} INFO - Started process (PID=624) to work on /home/airflow/.local/lib/python3.12/site-packages/airflow/example_dags/example_bash_decorator.py
[2024-05-02T23:02:26.231+0000] {processor.py:830} INFO - Processing file /home/airflow/.local/lib/python3.12/site-packages/airflow/example_dags/example_bash_decorator.py for tasks to queue
[2024-05-02T23:02:26.234+0000] {logging_mixin.py:188} INFO - [2024-05-02T23:02:26.233+0000] {dagbag.py:540} INFO - Filling up the DagBag from /home/airflow/.local/lib/python3.12/site-packages/airflow/example_dags/example_bash_decorator.py
[2024-05-02T23:02:26.264+0000] {processor.py:840} INFO - DAG(s) 'example_bash_decorator' retrieved from /home/airflow/.local/lib/python3.12/site-packages/airflow/example_dags/example_bash_decorator.py
[2024-05-02T23:02:26.317+0000] {logging_mixin.py:188} INFO - [2024-05-02T23:02:26.317+0000] {dag.py:3096} INFO - Sync 1 DAGs
[2024-05-02T23:02:26.351+0000] {logging_mixin.py:188} INFO - [2024-05-02T23:02:26.351+0000] {dag.py:3954} INFO - Setting next_dagrun for example_bash_decorator to None, run_after=None
[2024-05-02T23:02:26.397+0000] {processor.py:183} INFO - Processing /home/airflow/.local/lib/python3.12/site-packages/airflow/example_dags/example_bash_decorator.py took 0.178 seconds
[2024-05-02T23:02:56.661+0000] {processor.py:161} INFO - Started process (PID=683) to work on /home/airflow/.local/lib/python3.12/site-packages/airflow/example_dags/example_bash_decorator.py
[2024-05-02T23:02:56.663+0000] {processor.py:830} INFO - Processing file /home/airflow/.local/lib/python3.12/site-packages/airflow/example_dags/example_bash_decorator.py for tasks to queue
[2024-05-02T23:02:56.667+0000] {logging_mixin.py:188} INFO - [2024-05-02T23:02:56.666+0000] {dagbag.py:540} INFO - Filling up the DagBag from /home/airflow/.local/lib/python3.12/site-packages/airflow/example_dags/example_bash_decorator.py
[2024-05-02T23:02:56.725+0000] {processor.py:840} INFO - DAG(s) 'example_bash_decorator' retrieved from /home/airflow/.local/lib/python3.12/site-packages/airflow/example_dags/example_bash_decorator.py
[2024-05-02T23:02:56.818+0000] {logging_mixin.py:188} INFO - [2024-05-02T23:02:56.817+0000] {dag.py:3096} INFO - Sync 1 DAGs
[2024-05-02T23:02:56.846+0000] {logging_mixin.py:188} INFO - [2024-05-02T23:02:56.846+0000] {dag.py:3954} INFO - Setting next_dagrun for example_bash_decorator to None, run_after=None
[2024-05-02T23:02:56.885+0000] {processor.py:183} INFO - Processing /home/airflow/.local/lib/python3.12/site-packages/airflow/example_dags/example_bash_decorator.py took 0.238 seconds
[2024-05-02T23:03:27.379+0000] {processor.py:161} INFO - Started process (PID=748) to work on /home/airflow/.local/lib/python3.12/site-packages/airflow/example_dags/example_bash_decorator.py
[2024-05-02T23:03:27.384+0000] {processor.py:830} INFO - Processing file /home/airflow/.local/lib/python3.12/site-packages/airflow/example_dags/example_bash_decorator.py for tasks to queue
[2024-05-02T23:03:27.388+0000] {logging_mixin.py:188} INFO - [2024-05-02T23:03:27.387+0000] {dagbag.py:540} INFO - Filling up the DagBag from /home/airflow/.local/lib/python3.12/site-packages/airflow/example_dags/example_bash_decorator.py
[2024-05-02T23:03:27.442+0000] {processor.py:840} INFO - DAG(s) 'example_bash_decorator' retrieved from /home/airflow/.local/lib/python3.12/site-packages/airflow/example_dags/example_bash_decorator.py
[2024-05-02T23:03:27.523+0000] {logging_mixin.py:188} INFO - [2024-05-02T23:03:27.522+0000] {dag.py:3096} INFO - Sync 1 DAGs
[2024-05-02T23:03:27.577+0000] {logging_mixin.py:188} INFO - [2024-05-02T23:03:27.576+0000] {dag.py:3954} INFO - Setting next_dagrun for example_bash_decorator to None, run_after=None
[2024-05-02T23:03:27.626+0000] {processor.py:183} INFO - Processing /home/airflow/.local/lib/python3.12/site-packages/airflow/example_dags/example_bash_decorator.py took 0.263 seconds
[2024-05-02T23:03:58.021+0000] {processor.py:161} INFO - Started process (PID=807) to work on /home/airflow/.local/lib/python3.12/site-packages/airflow/example_dags/example_bash_decorator.py
[2024-05-02T23:03:58.023+0000] {processor.py:830} INFO - Processing file /home/airflow/.local/lib/python3.12/site-packages/airflow/example_dags/example_bash_decorator.py for tasks to queue
[2024-05-02T23:03:58.027+0000] {logging_mixin.py:188} INFO - [2024-05-02T23:03:58.026+0000] {dagbag.py:540} INFO - Filling up the DagBag from /home/airflow/.local/lib/python3.12/site-packages/airflow/example_dags/example_bash_decorator.py
[2024-05-02T23:03:58.066+0000] {processor.py:840} INFO - DAG(s) 'example_bash_decorator' retrieved from /home/airflow/.local/lib/python3.12/site-packages/airflow/example_dags/example_bash_decorator.py
[2024-05-02T23:03:58.117+0000] {logging_mixin.py:188} INFO - [2024-05-02T23:03:58.116+0000] {dag.py:3096} INFO - Sync 1 DAGs
[2024-05-02T23:03:58.152+0000] {logging_mixin.py:188} INFO - [2024-05-02T23:03:58.152+0000] {dag.py:3954} INFO - Setting next_dagrun for example_bash_decorator to None, run_after=None
[2024-05-02T23:03:58.191+0000] {processor.py:183} INFO - Processing /home/airflow/.local/lib/python3.12/site-packages/airflow/example_dags/example_bash_decorator.py took 0.182 seconds
[2024-05-02T23:04:28.902+0000] {processor.py:161} INFO - Started process (PID=866) to work on /home/airflow/.local/lib/python3.12/site-packages/airflow/example_dags/example_bash_decorator.py
[2024-05-02T23:04:28.904+0000] {processor.py:830} INFO - Processing file /home/airflow/.local/lib/python3.12/site-packages/airflow/example_dags/example_bash_decorator.py for tasks to queue
[2024-05-02T23:04:28.909+0000] {logging_mixin.py:188} INFO - [2024-05-02T23:04:28.908+0000] {dagbag.py:540} INFO - Filling up the DagBag from /home/airflow/.local/lib/python3.12/site-packages/airflow/example_dags/example_bash_decorator.py
[2024-05-02T23:04:28.942+0000] {processor.py:840} INFO - DAG(s) 'example_bash_decorator' retrieved from /home/airflow/.local/lib/python3.12/site-packages/airflow/example_dags/example_bash_decorator.py
[2024-05-02T23:04:29.018+0000] {logging_mixin.py:188} INFO - [2024-05-02T23:04:29.017+0000] {dag.py:3096} INFO - Sync 1 DAGs
[2024-05-02T23:04:29.051+0000] {logging_mixin.py:188} INFO - [2024-05-02T23:04:29.050+0000] {dag.py:3954} INFO - Setting next_dagrun for example_bash_decorator to None, run_after=None
[2024-05-02T23:04:29.095+0000] {processor.py:183} INFO - Processing /home/airflow/.local/lib/python3.12/site-packages/airflow/example_dags/example_bash_decorator.py took 0.207 seconds
[2024-05-02T23:05:00.139+0000] {processor.py:161} INFO - Started process (PID=925) to work on /home/airflow/.local/lib/python3.12/site-packages/airflow/example_dags/example_bash_decorator.py
[2024-05-02T23:05:00.150+0000] {processor.py:830} INFO - Processing file /home/airflow/.local/lib/python3.12/site-packages/airflow/example_dags/example_bash_decorator.py for tasks to queue
[2024-05-02T23:05:00.162+0000] {logging_mixin.py:188} INFO - [2024-05-02T23:05:00.161+0000] {dagbag.py:540} INFO - Filling up the DagBag from /home/airflow/.local/lib/python3.12/site-packages/airflow/example_dags/example_bash_decorator.py
[2024-05-02T23:05:00.263+0000] {processor.py:840} INFO - DAG(s) 'example_bash_decorator' retrieved from /home/airflow/.local/lib/python3.12/site-packages/airflow/example_dags/example_bash_decorator.py
[2024-05-02T23:05:00.370+0000] {logging_mixin.py:188} INFO - [2024-05-02T23:05:00.370+0000] {dag.py:3096} INFO - Sync 1 DAGs
[2024-05-02T23:05:00.885+0000] {logging_mixin.py:188} INFO - [2024-05-02T23:05:00.885+0000] {dag.py:3954} INFO - Setting next_dagrun for example_bash_decorator to None, run_after=None
[2024-05-02T23:05:00.935+0000] {processor.py:183} INFO - Processing /home/airflow/.local/lib/python3.12/site-packages/airflow/example_dags/example_bash_decorator.py took 0.821 seconds
[2024-05-02T23:05:31.319+0000] {processor.py:161} INFO - Started process (PID=983) to work on /home/airflow/.local/lib/python3.12/site-packages/airflow/example_dags/example_bash_decorator.py
[2024-05-02T23:05:31.322+0000] {processor.py:830} INFO - Processing file /home/airflow/.local/lib/python3.12/site-packages/airflow/example_dags/example_bash_decorator.py for tasks to queue
[2024-05-02T23:05:31.330+0000] {logging_mixin.py:188} INFO - [2024-05-02T23:05:31.328+0000] {dagbag.py:540} INFO - Filling up the DagBag from /home/airflow/.local/lib/python3.12/site-packages/airflow/example_dags/example_bash_decorator.py
[2024-05-02T23:05:31.410+0000] {processor.py:840} INFO - DAG(s) 'example_bash_decorator' retrieved from /home/airflow/.local/lib/python3.12/site-packages/airflow/example_dags/example_bash_decorator.py
[2024-05-02T23:05:31.587+0000] {logging_mixin.py:188} INFO - [2024-05-02T23:05:31.585+0000] {dag.py:3096} INFO - Sync 1 DAGs
[2024-05-02T23:05:31.688+0000] {logging_mixin.py:188} INFO - [2024-05-02T23:05:31.687+0000] {dag.py:3954} INFO - Setting next_dagrun for example_bash_decorator to None, run_after=None
[2024-05-02T23:05:31.806+0000] {processor.py:183} INFO - Processing /home/airflow/.local/lib/python3.12/site-packages/airflow/example_dags/example_bash_decorator.py took 0.511 seconds
[2024-05-02T23:06:03.132+0000] {processor.py:161} INFO - Started process (PID=1042) to work on /home/airflow/.local/lib/python3.12/site-packages/airflow/example_dags/example_bash_decorator.py
[2024-05-02T23:06:03.135+0000] {processor.py:830} INFO - Processing file /home/airflow/.local/lib/python3.12/site-packages/airflow/example_dags/example_bash_decorator.py for tasks to queue
[2024-05-02T23:06:03.151+0000] {logging_mixin.py:188} INFO - [2024-05-02T23:06:03.150+0000] {dagbag.py:540} INFO - Filling up the DagBag from /home/airflow/.local/lib/python3.12/site-packages/airflow/example_dags/example_bash_decorator.py
[2024-05-02T23:06:03.281+0000] {processor.py:840} INFO - DAG(s) 'example_bash_decorator' retrieved from /home/airflow/.local/lib/python3.12/site-packages/airflow/example_dags/example_bash_decorator.py
[2024-05-02T23:06:03.402+0000] {logging_mixin.py:188} INFO - [2024-05-02T23:06:03.401+0000] {dag.py:3096} INFO - Sync 1 DAGs
[2024-05-02T23:06:03.439+0000] {logging_mixin.py:188} INFO - [2024-05-02T23:06:03.438+0000] {dag.py:3954} INFO - Setting next_dagrun for example_bash_decorator to None, run_after=None
[2024-05-02T23:06:03.489+0000] {processor.py:183} INFO - Processing /home/airflow/.local/lib/python3.12/site-packages/airflow/example_dags/example_bash_decorator.py took 0.407 seconds
[2024-05-02T23:06:33.623+0000] {processor.py:161} INFO - Started process (PID=1101) to work on /home/airflow/.local/lib/python3.12/site-packages/airflow/example_dags/example_bash_decorator.py
[2024-05-02T23:06:33.626+0000] {processor.py:830} INFO - Processing file /home/airflow/.local/lib/python3.12/site-packages/airflow/example_dags/example_bash_decorator.py for tasks to queue
[2024-05-02T23:06:33.634+0000] {logging_mixin.py:188} INFO - [2024-05-02T23:06:33.632+0000] {dagbag.py:540} INFO - Filling up the DagBag from /home/airflow/.local/lib/python3.12/site-packages/airflow/example_dags/example_bash_decorator.py
[2024-05-02T23:06:33.696+0000] {processor.py:840} INFO - DAG(s) 'example_bash_decorator' retrieved from /home/airflow/.local/lib/python3.12/site-packages/airflow/example_dags/example_bash_decorator.py
[2024-05-02T23:06:33.812+0000] {logging_mixin.py:188} INFO - [2024-05-02T23:06:33.812+0000] {dag.py:3096} INFO - Sync 1 DAGs
[2024-05-02T23:06:33.848+0000] {logging_mixin.py:188} INFO - [2024-05-02T23:06:33.847+0000] {dag.py:3954} INFO - Setting next_dagrun for example_bash_decorator to None, run_after=None
[2024-05-02T23:06:33.891+0000] {processor.py:183} INFO - Processing /home/airflow/.local/lib/python3.12/site-packages/airflow/example_dags/example_bash_decorator.py took 0.289 seconds
