[2024-05-02T22:20:59.214+0000] {processor.py:161} INFO - Started process (PID=80) to work on /home/airflow/.local/lib/python3.12/site-packages/airflow/example_dags/example_sensors.py
[2024-05-02T22:20:59.219+0000] {processor.py:830} INFO - Processing file /home/airflow/.local/lib/python3.12/site-packages/airflow/example_dags/example_sensors.py for tasks to queue
[2024-05-02T22:20:59.230+0000] {logging_mixin.py:188} INFO - [2024-05-02T22:20:59.229+0000] {dagbag.py:540} INFO - Filling up the DagBag from /home/airflow/.local/lib/python3.12/site-packages/airflow/example_dags/example_sensors.py
[2024-05-02T22:20:59.283+0000] {processor.py:840} INFO - DAG(s) 'example_sensors' retrieved from /home/airflow/.local/lib/python3.12/site-packages/airflow/example_dags/example_sensors.py
[2024-05-02T22:20:59.618+0000] {logging_mixin.py:188} INFO - [2024-05-02T22:20:59.617+0000] {dag.py:3096} INFO - Sync 1 DAGs
[2024-05-02T22:20:59.682+0000] {logging_mixin.py:188} INFO - [2024-05-02T22:20:59.681+0000] {dag.py:3954} INFO - Setting next_dagrun for example_sensors to None, run_after=None
[2024-05-02T22:20:59.799+0000] {processor.py:183} INFO - Processing /home/airflow/.local/lib/python3.12/site-packages/airflow/example_dags/example_sensors.py took 0.608 seconds
[2024-05-02T22:21:49.694+0000] {processor.py:161} INFO - Started process (PID=148) to work on /home/airflow/.local/lib/python3.12/site-packages/airflow/example_dags/example_sensors.py
[2024-05-02T22:21:49.727+0000] {processor.py:830} INFO - Processing file /home/airflow/.local/lib/python3.12/site-packages/airflow/example_dags/example_sensors.py for tasks to queue
[2024-05-02T22:21:49.755+0000] {logging_mixin.py:188} INFO - [2024-05-02T22:21:49.754+0000] {dagbag.py:540} INFO - Filling up the DagBag from /home/airflow/.local/lib/python3.12/site-packages/airflow/example_dags/example_sensors.py
[2024-05-02T22:21:49.842+0000] {processor.py:840} INFO - DAG(s) 'example_sensors' retrieved from /home/airflow/.local/lib/python3.12/site-packages/airflow/example_dags/example_sensors.py
[2024-05-02T22:21:50.052+0000] {logging_mixin.py:188} INFO - [2024-05-02T22:21:50.052+0000] {dag.py:3096} INFO - Sync 1 DAGs
[2024-05-02T22:21:50.145+0000] {logging_mixin.py:188} INFO - [2024-05-02T22:21:50.144+0000] {dag.py:3954} INFO - Setting next_dagrun for example_sensors to None, run_after=None
[2024-05-02T22:21:50.291+0000] {processor.py:183} INFO - Processing /home/airflow/.local/lib/python3.12/site-packages/airflow/example_dags/example_sensors.py took 0.610 seconds
[2024-05-02T22:23:05.480+0000] {processor.py:161} INFO - Started process (PID=219) to work on /home/airflow/.local/lib/python3.12/site-packages/airflow/example_dags/example_sensors.py
[2024-05-02T22:23:05.483+0000] {processor.py:830} INFO - Processing file /home/airflow/.local/lib/python3.12/site-packages/airflow/example_dags/example_sensors.py for tasks to queue
[2024-05-02T22:23:05.500+0000] {logging_mixin.py:188} INFO - [2024-05-02T22:23:05.499+0000] {dagbag.py:540} INFO - Filling up the DagBag from /home/airflow/.local/lib/python3.12/site-packages/airflow/example_dags/example_sensors.py
[2024-05-02T22:23:05.615+0000] {processor.py:840} INFO - DAG(s) 'example_sensors' retrieved from /home/airflow/.local/lib/python3.12/site-packages/airflow/example_dags/example_sensors.py
[2024-05-02T22:23:05.840+0000] {logging_mixin.py:188} INFO - [2024-05-02T22:23:05.840+0000] {dag.py:3096} INFO - Sync 1 DAGs
[2024-05-02T22:23:05.905+0000] {logging_mixin.py:188} INFO - [2024-05-02T22:23:05.904+0000] {dag.py:3954} INFO - Setting next_dagrun for example_sensors to None, run_after=None
[2024-05-02T22:23:06.206+0000] {processor.py:183} INFO - Processing /home/airflow/.local/lib/python3.12/site-packages/airflow/example_dags/example_sensors.py took 0.780 seconds
[2024-05-02T22:32:43.525+0000] {processor.py:161} INFO - Started process (PID=80) to work on /home/airflow/.local/lib/python3.12/site-packages/airflow/example_dags/example_sensors.py
[2024-05-02T22:32:43.527+0000] {processor.py:830} INFO - Processing file /home/airflow/.local/lib/python3.12/site-packages/airflow/example_dags/example_sensors.py for tasks to queue
[2024-05-02T22:32:43.532+0000] {logging_mixin.py:188} INFO - [2024-05-02T22:32:43.530+0000] {dagbag.py:540} INFO - Filling up the DagBag from /home/airflow/.local/lib/python3.12/site-packages/airflow/example_dags/example_sensors.py
[2024-05-02T22:32:43.555+0000] {processor.py:840} INFO - DAG(s) 'example_sensors' retrieved from /home/airflow/.local/lib/python3.12/site-packages/airflow/example_dags/example_sensors.py
[2024-05-02T22:32:43.930+0000] {logging_mixin.py:188} INFO - [2024-05-02T22:32:43.929+0000] {dag.py:3096} INFO - Sync 1 DAGs
[2024-05-02T22:32:43.963+0000] {logging_mixin.py:188} INFO - [2024-05-02T22:32:43.962+0000] {dag.py:3954} INFO - Setting next_dagrun for example_sensors to None, run_after=None
[2024-05-02T22:32:44.029+0000] {processor.py:183} INFO - Processing /home/airflow/.local/lib/python3.12/site-packages/airflow/example_dags/example_sensors.py took 0.515 seconds
[2024-05-02T22:33:16.926+0000] {processor.py:161} INFO - Started process (PID=139) to work on /home/airflow/.local/lib/python3.12/site-packages/airflow/example_dags/example_sensors.py
[2024-05-02T22:33:16.928+0000] {processor.py:830} INFO - Processing file /home/airflow/.local/lib/python3.12/site-packages/airflow/example_dags/example_sensors.py for tasks to queue
[2024-05-02T22:33:16.933+0000] {logging_mixin.py:188} INFO - [2024-05-02T22:33:16.932+0000] {dagbag.py:540} INFO - Filling up the DagBag from /home/airflow/.local/lib/python3.12/site-packages/airflow/example_dags/example_sensors.py
[2024-05-02T22:33:16.970+0000] {processor.py:840} INFO - DAG(s) 'example_sensors' retrieved from /home/airflow/.local/lib/python3.12/site-packages/airflow/example_dags/example_sensors.py
[2024-05-02T22:33:17.086+0000] {logging_mixin.py:188} INFO - [2024-05-02T22:33:17.085+0000] {dag.py:3096} INFO - Sync 1 DAGs
[2024-05-02T22:33:17.188+0000] {logging_mixin.py:188} INFO - [2024-05-02T22:33:17.183+0000] {dag.py:3954} INFO - Setting next_dagrun for example_sensors to None, run_after=None
[2024-05-02T22:33:17.320+0000] {processor.py:183} INFO - Processing /home/airflow/.local/lib/python3.12/site-packages/airflow/example_dags/example_sensors.py took 0.407 seconds
[2024-05-02T22:33:50.833+0000] {processor.py:161} INFO - Started process (PID=198) to work on /home/airflow/.local/lib/python3.12/site-packages/airflow/example_dags/example_sensors.py
[2024-05-02T22:33:50.837+0000] {processor.py:830} INFO - Processing file /home/airflow/.local/lib/python3.12/site-packages/airflow/example_dags/example_sensors.py for tasks to queue
[2024-05-02T22:33:50.858+0000] {logging_mixin.py:188} INFO - [2024-05-02T22:33:50.858+0000] {dagbag.py:540} INFO - Filling up the DagBag from /home/airflow/.local/lib/python3.12/site-packages/airflow/example_dags/example_sensors.py
[2024-05-02T22:33:51.014+0000] {processor.py:840} INFO - DAG(s) 'example_sensors' retrieved from /home/airflow/.local/lib/python3.12/site-packages/airflow/example_dags/example_sensors.py
[2024-05-02T22:33:51.226+0000] {logging_mixin.py:188} INFO - [2024-05-02T22:33:51.226+0000] {dag.py:3096} INFO - Sync 1 DAGs
[2024-05-02T22:33:51.320+0000] {logging_mixin.py:188} INFO - [2024-05-02T22:33:51.319+0000] {dag.py:3954} INFO - Setting next_dagrun for example_sensors to None, run_after=None
[2024-05-02T22:33:51.454+0000] {processor.py:183} INFO - Processing /home/airflow/.local/lib/python3.12/site-packages/airflow/example_dags/example_sensors.py took 0.708 seconds
[2024-05-02T22:34:22.377+0000] {processor.py:161} INFO - Started process (PID=257) to work on /home/airflow/.local/lib/python3.12/site-packages/airflow/example_dags/example_sensors.py
[2024-05-02T22:34:22.378+0000] {processor.py:830} INFO - Processing file /home/airflow/.local/lib/python3.12/site-packages/airflow/example_dags/example_sensors.py for tasks to queue
[2024-05-02T22:34:22.382+0000] {logging_mixin.py:188} INFO - [2024-05-02T22:34:22.381+0000] {dagbag.py:540} INFO - Filling up the DagBag from /home/airflow/.local/lib/python3.12/site-packages/airflow/example_dags/example_sensors.py
[2024-05-02T22:34:22.410+0000] {processor.py:840} INFO - DAG(s) 'example_sensors' retrieved from /home/airflow/.local/lib/python3.12/site-packages/airflow/example_dags/example_sensors.py
[2024-05-02T22:34:22.512+0000] {logging_mixin.py:188} INFO - [2024-05-02T22:34:22.512+0000] {dag.py:3096} INFO - Sync 1 DAGs
[2024-05-02T22:34:22.549+0000] {logging_mixin.py:188} INFO - [2024-05-02T22:34:22.548+0000] {dag.py:3954} INFO - Setting next_dagrun for example_sensors to None, run_after=None
[2024-05-02T22:34:22.605+0000] {processor.py:183} INFO - Processing /home/airflow/.local/lib/python3.12/site-packages/airflow/example_dags/example_sensors.py took 0.246 seconds
[2024-05-02T22:34:52.896+0000] {processor.py:161} INFO - Started process (PID=316) to work on /home/airflow/.local/lib/python3.12/site-packages/airflow/example_dags/example_sensors.py
[2024-05-02T22:34:52.898+0000] {processor.py:830} INFO - Processing file /home/airflow/.local/lib/python3.12/site-packages/airflow/example_dags/example_sensors.py for tasks to queue
[2024-05-02T22:34:52.903+0000] {logging_mixin.py:188} INFO - [2024-05-02T22:34:52.902+0000] {dagbag.py:540} INFO - Filling up the DagBag from /home/airflow/.local/lib/python3.12/site-packages/airflow/example_dags/example_sensors.py
[2024-05-02T22:34:52.927+0000] {processor.py:840} INFO - DAG(s) 'example_sensors' retrieved from /home/airflow/.local/lib/python3.12/site-packages/airflow/example_dags/example_sensors.py
[2024-05-02T22:34:52.986+0000] {logging_mixin.py:188} INFO - [2024-05-02T22:34:52.986+0000] {dag.py:3096} INFO - Sync 1 DAGs
[2024-05-02T22:34:53.055+0000] {logging_mixin.py:188} INFO - [2024-05-02T22:34:53.054+0000] {dag.py:3954} INFO - Setting next_dagrun for example_sensors to None, run_after=None
[2024-05-02T22:34:53.123+0000] {processor.py:183} INFO - Processing /home/airflow/.local/lib/python3.12/site-packages/airflow/example_dags/example_sensors.py took 0.239 seconds
[2024-05-02T22:35:23.444+0000] {processor.py:161} INFO - Started process (PID=374) to work on /home/airflow/.local/lib/python3.12/site-packages/airflow/example_dags/example_sensors.py
[2024-05-02T22:35:23.446+0000] {processor.py:830} INFO - Processing file /home/airflow/.local/lib/python3.12/site-packages/airflow/example_dags/example_sensors.py for tasks to queue
[2024-05-02T22:35:23.451+0000] {logging_mixin.py:188} INFO - [2024-05-02T22:35:23.450+0000] {dagbag.py:540} INFO - Filling up the DagBag from /home/airflow/.local/lib/python3.12/site-packages/airflow/example_dags/example_sensors.py
[2024-05-02T22:35:23.469+0000] {processor.py:840} INFO - DAG(s) 'example_sensors' retrieved from /home/airflow/.local/lib/python3.12/site-packages/airflow/example_dags/example_sensors.py
[2024-05-02T22:35:23.781+0000] {logging_mixin.py:188} INFO - [2024-05-02T22:35:23.780+0000] {dag.py:3096} INFO - Sync 1 DAGs
[2024-05-02T22:35:23.805+0000] {logging_mixin.py:188} INFO - [2024-05-02T22:35:23.805+0000] {dag.py:3954} INFO - Setting next_dagrun for example_sensors to None, run_after=None
[2024-05-02T22:35:23.898+0000] {processor.py:183} INFO - Processing /home/airflow/.local/lib/python3.12/site-packages/airflow/example_dags/example_sensors.py took 0.469 seconds
[2024-05-02T22:35:54.620+0000] {processor.py:161} INFO - Started process (PID=432) to work on /home/airflow/.local/lib/python3.12/site-packages/airflow/example_dags/example_sensors.py
[2024-05-02T22:35:54.624+0000] {processor.py:830} INFO - Processing file /home/airflow/.local/lib/python3.12/site-packages/airflow/example_dags/example_sensors.py for tasks to queue
[2024-05-02T22:35:54.639+0000] {logging_mixin.py:188} INFO - [2024-05-02T22:35:54.638+0000] {dagbag.py:540} INFO - Filling up the DagBag from /home/airflow/.local/lib/python3.12/site-packages/airflow/example_dags/example_sensors.py
[2024-05-02T22:35:54.692+0000] {processor.py:840} INFO - DAG(s) 'example_sensors' retrieved from /home/airflow/.local/lib/python3.12/site-packages/airflow/example_dags/example_sensors.py
[2024-05-02T22:35:54.883+0000] {logging_mixin.py:188} INFO - [2024-05-02T22:35:54.883+0000] {dag.py:3096} INFO - Sync 1 DAGs
[2024-05-02T22:35:54.999+0000] {logging_mixin.py:188} INFO - [2024-05-02T22:35:54.987+0000] {dag.py:3954} INFO - Setting next_dagrun for example_sensors to None, run_after=None
[2024-05-02T22:35:55.143+0000] {processor.py:183} INFO - Processing /home/airflow/.local/lib/python3.12/site-packages/airflow/example_dags/example_sensors.py took 0.539 seconds
[2024-05-02T22:36:28.475+0000] {processor.py:161} INFO - Started process (PID=490) to work on /home/airflow/.local/lib/python3.12/site-packages/airflow/example_dags/example_sensors.py
[2024-05-02T22:36:28.480+0000] {processor.py:830} INFO - Processing file /home/airflow/.local/lib/python3.12/site-packages/airflow/example_dags/example_sensors.py for tasks to queue
[2024-05-02T22:36:28.493+0000] {logging_mixin.py:188} INFO - [2024-05-02T22:36:28.491+0000] {dagbag.py:540} INFO - Filling up the DagBag from /home/airflow/.local/lib/python3.12/site-packages/airflow/example_dags/example_sensors.py
[2024-05-02T22:36:28.593+0000] {processor.py:840} INFO - DAG(s) 'example_sensors' retrieved from /home/airflow/.local/lib/python3.12/site-packages/airflow/example_dags/example_sensors.py
[2024-05-02T22:36:28.819+0000] {logging_mixin.py:188} INFO - [2024-05-02T22:36:28.816+0000] {dag.py:3096} INFO - Sync 1 DAGs
[2024-05-02T22:36:28.971+0000] {logging_mixin.py:188} INFO - [2024-05-02T22:36:28.970+0000] {dag.py:3954} INFO - Setting next_dagrun for example_sensors to None, run_after=None
[2024-05-02T22:36:29.267+0000] {processor.py:183} INFO - Processing /home/airflow/.local/lib/python3.12/site-packages/airflow/example_dags/example_sensors.py took 0.872 seconds
[2024-05-02T22:37:07.102+0000] {processor.py:161} INFO - Started process (PID=558) to work on /home/airflow/.local/lib/python3.12/site-packages/airflow/example_dags/example_sensors.py
[2024-05-02T22:37:07.114+0000] {processor.py:830} INFO - Processing file /home/airflow/.local/lib/python3.12/site-packages/airflow/example_dags/example_sensors.py for tasks to queue
[2024-05-02T22:37:07.125+0000] {logging_mixin.py:188} INFO - [2024-05-02T22:37:07.124+0000] {dagbag.py:540} INFO - Filling up the DagBag from /home/airflow/.local/lib/python3.12/site-packages/airflow/example_dags/example_sensors.py
[2024-05-02T22:37:07.198+0000] {processor.py:840} INFO - DAG(s) 'example_sensors' retrieved from /home/airflow/.local/lib/python3.12/site-packages/airflow/example_dags/example_sensors.py
[2024-05-02T22:37:07.293+0000] {logging_mixin.py:188} INFO - [2024-05-02T22:37:07.291+0000] {dag.py:3096} INFO - Sync 1 DAGs
[2024-05-02T22:37:07.380+0000] {logging_mixin.py:188} INFO - [2024-05-02T22:37:07.373+0000] {dag.py:3954} INFO - Setting next_dagrun for example_sensors to None, run_after=None
[2024-05-02T22:37:08.175+0000] {processor.py:183} INFO - Processing /home/airflow/.local/lib/python3.12/site-packages/airflow/example_dags/example_sensors.py took 1.101 seconds
[2024-05-02T22:37:40.742+0000] {processor.py:161} INFO - Started process (PID=618) to work on /home/airflow/.local/lib/python3.12/site-packages/airflow/example_dags/example_sensors.py
[2024-05-02T22:37:40.744+0000] {processor.py:830} INFO - Processing file /home/airflow/.local/lib/python3.12/site-packages/airflow/example_dags/example_sensors.py for tasks to queue
[2024-05-02T22:37:40.778+0000] {logging_mixin.py:188} INFO - [2024-05-02T22:37:40.777+0000] {dagbag.py:540} INFO - Filling up the DagBag from /home/airflow/.local/lib/python3.12/site-packages/airflow/example_dags/example_sensors.py
[2024-05-02T22:37:40.872+0000] {processor.py:840} INFO - DAG(s) 'example_sensors' retrieved from /home/airflow/.local/lib/python3.12/site-packages/airflow/example_dags/example_sensors.py
[2024-05-02T22:37:41.105+0000] {logging_mixin.py:188} INFO - [2024-05-02T22:37:41.104+0000] {dag.py:3096} INFO - Sync 1 DAGs
[2024-05-02T22:37:41.320+0000] {logging_mixin.py:188} INFO - [2024-05-02T22:37:41.319+0000] {dag.py:3954} INFO - Setting next_dagrun for example_sensors to None, run_after=None
[2024-05-02T22:37:41.510+0000] {processor.py:183} INFO - Processing /home/airflow/.local/lib/python3.12/site-packages/airflow/example_dags/example_sensors.py took 0.804 seconds
[2024-05-02T22:38:11.697+0000] {processor.py:161} INFO - Started process (PID=676) to work on /home/airflow/.local/lib/python3.12/site-packages/airflow/example_dags/example_sensors.py
[2024-05-02T22:38:11.700+0000] {processor.py:830} INFO - Processing file /home/airflow/.local/lib/python3.12/site-packages/airflow/example_dags/example_sensors.py for tasks to queue
[2024-05-02T22:38:11.705+0000] {logging_mixin.py:188} INFO - [2024-05-02T22:38:11.704+0000] {dagbag.py:540} INFO - Filling up the DagBag from /home/airflow/.local/lib/python3.12/site-packages/airflow/example_dags/example_sensors.py
[2024-05-02T22:38:11.724+0000] {processor.py:840} INFO - DAG(s) 'example_sensors' retrieved from /home/airflow/.local/lib/python3.12/site-packages/airflow/example_dags/example_sensors.py
[2024-05-02T22:38:11.818+0000] {logging_mixin.py:188} INFO - [2024-05-02T22:38:11.817+0000] {dag.py:3096} INFO - Sync 1 DAGs
[2024-05-02T22:38:11.854+0000] {logging_mixin.py:188} INFO - [2024-05-02T22:38:11.853+0000] {dag.py:3954} INFO - Setting next_dagrun for example_sensors to None, run_after=None
[2024-05-02T22:38:11.910+0000] {processor.py:183} INFO - Processing /home/airflow/.local/lib/python3.12/site-packages/airflow/example_dags/example_sensors.py took 0.226 seconds
[2024-05-02T22:38:48.373+0000] {processor.py:161} INFO - Started process (PID=740) to work on /home/airflow/.local/lib/python3.12/site-packages/airflow/example_dags/example_sensors.py
[2024-05-02T22:38:48.375+0000] {processor.py:830} INFO - Processing file /home/airflow/.local/lib/python3.12/site-packages/airflow/example_dags/example_sensors.py for tasks to queue
[2024-05-02T22:38:48.378+0000] {logging_mixin.py:188} INFO - [2024-05-02T22:38:48.378+0000] {dagbag.py:540} INFO - Filling up the DagBag from /home/airflow/.local/lib/python3.12/site-packages/airflow/example_dags/example_sensors.py
[2024-05-02T22:38:48.409+0000] {processor.py:840} INFO - DAG(s) 'example_sensors' retrieved from /home/airflow/.local/lib/python3.12/site-packages/airflow/example_dags/example_sensors.py
[2024-05-02T22:38:48.527+0000] {logging_mixin.py:188} INFO - [2024-05-02T22:38:48.527+0000] {dag.py:3096} INFO - Sync 1 DAGs
[2024-05-02T22:38:48.948+0000] {logging_mixin.py:188} INFO - [2024-05-02T22:38:48.947+0000] {dag.py:3954} INFO - Setting next_dagrun for example_sensors to None, run_after=None
[2024-05-02T22:38:48.995+0000] {processor.py:183} INFO - Processing /home/airflow/.local/lib/python3.12/site-packages/airflow/example_dags/example_sensors.py took 0.639 seconds
[2024-05-02T22:39:24.288+0000] {processor.py:161} INFO - Started process (PID=800) to work on /home/airflow/.local/lib/python3.12/site-packages/airflow/example_dags/example_sensors.py
[2024-05-02T22:39:24.290+0000] {processor.py:830} INFO - Processing file /home/airflow/.local/lib/python3.12/site-packages/airflow/example_dags/example_sensors.py for tasks to queue
[2024-05-02T22:39:24.303+0000] {logging_mixin.py:188} INFO - [2024-05-02T22:39:24.300+0000] {dagbag.py:540} INFO - Filling up the DagBag from /home/airflow/.local/lib/python3.12/site-packages/airflow/example_dags/example_sensors.py
[2024-05-02T22:39:24.359+0000] {processor.py:840} INFO - DAG(s) 'example_sensors' retrieved from /home/airflow/.local/lib/python3.12/site-packages/airflow/example_dags/example_sensors.py
[2024-05-02T22:39:24.391+0000] {logging_mixin.py:188} INFO - [2024-05-02T22:39:24.391+0000] {dag.py:3096} INFO - Sync 1 DAGs
[2024-05-02T22:39:24.486+0000] {logging_mixin.py:188} INFO - [2024-05-02T22:39:24.485+0000] {dag.py:3954} INFO - Setting next_dagrun for example_sensors to None, run_after=None
[2024-05-02T22:39:24.602+0000] {processor.py:183} INFO - Processing /home/airflow/.local/lib/python3.12/site-packages/airflow/example_dags/example_sensors.py took 0.334 seconds
[2024-05-02T22:40:06.781+0000] {processor.py:161} INFO - Started process (PID=861) to work on /home/airflow/.local/lib/python3.12/site-packages/airflow/example_dags/example_sensors.py
[2024-05-02T22:40:06.783+0000] {processor.py:830} INFO - Processing file /home/airflow/.local/lib/python3.12/site-packages/airflow/example_dags/example_sensors.py for tasks to queue
[2024-05-02T22:40:06.789+0000] {logging_mixin.py:188} INFO - [2024-05-02T22:40:06.787+0000] {dagbag.py:540} INFO - Filling up the DagBag from /home/airflow/.local/lib/python3.12/site-packages/airflow/example_dags/example_sensors.py
[2024-05-02T22:40:06.821+0000] {processor.py:840} INFO - DAG(s) 'example_sensors' retrieved from /home/airflow/.local/lib/python3.12/site-packages/airflow/example_dags/example_sensors.py
[2024-05-02T22:40:07.231+0000] {logging_mixin.py:188} INFO - [2024-05-02T22:40:07.231+0000] {dag.py:3096} INFO - Sync 1 DAGs
[2024-05-02T22:40:07.248+0000] {logging_mixin.py:188} INFO - [2024-05-02T22:40:07.248+0000] {dag.py:3954} INFO - Setting next_dagrun for example_sensors to None, run_after=None
[2024-05-02T22:40:07.283+0000] {processor.py:183} INFO - Processing /home/airflow/.local/lib/python3.12/site-packages/airflow/example_dags/example_sensors.py took 0.512 seconds
[2024-05-02T22:40:38.133+0000] {processor.py:161} INFO - Started process (PID=920) to work on /home/airflow/.local/lib/python3.12/site-packages/airflow/example_dags/example_sensors.py
[2024-05-02T22:40:38.136+0000] {processor.py:830} INFO - Processing file /home/airflow/.local/lib/python3.12/site-packages/airflow/example_dags/example_sensors.py for tasks to queue
[2024-05-02T22:40:38.141+0000] {logging_mixin.py:188} INFO - [2024-05-02T22:40:38.140+0000] {dagbag.py:540} INFO - Filling up the DagBag from /home/airflow/.local/lib/python3.12/site-packages/airflow/example_dags/example_sensors.py
[2024-05-02T22:40:38.158+0000] {processor.py:840} INFO - DAG(s) 'example_sensors' retrieved from /home/airflow/.local/lib/python3.12/site-packages/airflow/example_dags/example_sensors.py
[2024-05-02T22:40:38.210+0000] {logging_mixin.py:188} INFO - [2024-05-02T22:40:38.210+0000] {dag.py:3096} INFO - Sync 1 DAGs
[2024-05-02T22:40:38.242+0000] {logging_mixin.py:188} INFO - [2024-05-02T22:40:38.241+0000] {dag.py:3954} INFO - Setting next_dagrun for example_sensors to None, run_after=None
[2024-05-02T22:40:38.297+0000] {processor.py:183} INFO - Processing /home/airflow/.local/lib/python3.12/site-packages/airflow/example_dags/example_sensors.py took 0.177 seconds
[2024-05-02T22:41:08.561+0000] {processor.py:161} INFO - Started process (PID=978) to work on /home/airflow/.local/lib/python3.12/site-packages/airflow/example_dags/example_sensors.py
[2024-05-02T22:41:08.563+0000] {processor.py:830} INFO - Processing file /home/airflow/.local/lib/python3.12/site-packages/airflow/example_dags/example_sensors.py for tasks to queue
[2024-05-02T22:41:08.566+0000] {logging_mixin.py:188} INFO - [2024-05-02T22:41:08.566+0000] {dagbag.py:540} INFO - Filling up the DagBag from /home/airflow/.local/lib/python3.12/site-packages/airflow/example_dags/example_sensors.py
[2024-05-02T22:41:08.585+0000] {processor.py:840} INFO - DAG(s) 'example_sensors' retrieved from /home/airflow/.local/lib/python3.12/site-packages/airflow/example_dags/example_sensors.py
[2024-05-02T22:41:08.668+0000] {logging_mixin.py:188} INFO - [2024-05-02T22:41:08.668+0000] {dag.py:3096} INFO - Sync 1 DAGs
[2024-05-02T22:41:09.014+0000] {logging_mixin.py:188} INFO - [2024-05-02T22:41:09.014+0000] {dag.py:3954} INFO - Setting next_dagrun for example_sensors to None, run_after=None
[2024-05-02T22:41:09.054+0000] {processor.py:183} INFO - Processing /home/airflow/.local/lib/python3.12/site-packages/airflow/example_dags/example_sensors.py took 0.503 seconds
[2024-05-02T22:41:39.846+0000] {processor.py:161} INFO - Started process (PID=1037) to work on /home/airflow/.local/lib/python3.12/site-packages/airflow/example_dags/example_sensors.py
[2024-05-02T22:41:39.847+0000] {processor.py:830} INFO - Processing file /home/airflow/.local/lib/python3.12/site-packages/airflow/example_dags/example_sensors.py for tasks to queue
[2024-05-02T22:41:39.852+0000] {logging_mixin.py:188} INFO - [2024-05-02T22:41:39.851+0000] {dagbag.py:540} INFO - Filling up the DagBag from /home/airflow/.local/lib/python3.12/site-packages/airflow/example_dags/example_sensors.py
[2024-05-02T22:41:39.883+0000] {processor.py:840} INFO - DAG(s) 'example_sensors' retrieved from /home/airflow/.local/lib/python3.12/site-packages/airflow/example_dags/example_sensors.py
[2024-05-02T22:41:39.973+0000] {logging_mixin.py:188} INFO - [2024-05-02T22:41:39.973+0000] {dag.py:3096} INFO - Sync 1 DAGs
[2024-05-02T22:41:40.017+0000] {logging_mixin.py:188} INFO - [2024-05-02T22:41:40.016+0000] {dag.py:3954} INFO - Setting next_dagrun for example_sensors to None, run_after=None
[2024-05-02T22:41:40.108+0000] {processor.py:183} INFO - Processing /home/airflow/.local/lib/python3.12/site-packages/airflow/example_dags/example_sensors.py took 0.275 seconds
[2024-05-02T22:42:10.611+0000] {processor.py:161} INFO - Started process (PID=1096) to work on /home/airflow/.local/lib/python3.12/site-packages/airflow/example_dags/example_sensors.py
[2024-05-02T22:42:10.613+0000] {processor.py:830} INFO - Processing file /home/airflow/.local/lib/python3.12/site-packages/airflow/example_dags/example_sensors.py for tasks to queue
[2024-05-02T22:42:10.622+0000] {logging_mixin.py:188} INFO - [2024-05-02T22:42:10.621+0000] {dagbag.py:540} INFO - Filling up the DagBag from /home/airflow/.local/lib/python3.12/site-packages/airflow/example_dags/example_sensors.py
[2024-05-02T22:42:10.667+0000] {processor.py:840} INFO - DAG(s) 'example_sensors' retrieved from /home/airflow/.local/lib/python3.12/site-packages/airflow/example_dags/example_sensors.py
[2024-05-02T22:42:10.822+0000] {logging_mixin.py:188} INFO - [2024-05-02T22:42:10.822+0000] {dag.py:3096} INFO - Sync 1 DAGs
[2024-05-02T22:42:10.876+0000] {logging_mixin.py:188} INFO - [2024-05-02T22:42:10.868+0000] {dag.py:3954} INFO - Setting next_dagrun for example_sensors to None, run_after=None
[2024-05-02T22:42:10.947+0000] {processor.py:183} INFO - Processing /home/airflow/.local/lib/python3.12/site-packages/airflow/example_dags/example_sensors.py took 0.371 seconds
[2024-05-02T22:42:41.634+0000] {processor.py:161} INFO - Started process (PID=1155) to work on /home/airflow/.local/lib/python3.12/site-packages/airflow/example_dags/example_sensors.py
[2024-05-02T22:42:41.637+0000] {processor.py:830} INFO - Processing file /home/airflow/.local/lib/python3.12/site-packages/airflow/example_dags/example_sensors.py for tasks to queue
[2024-05-02T22:42:41.655+0000] {logging_mixin.py:188} INFO - [2024-05-02T22:42:41.654+0000] {dagbag.py:540} INFO - Filling up the DagBag from /home/airflow/.local/lib/python3.12/site-packages/airflow/example_dags/example_sensors.py
[2024-05-02T22:42:41.699+0000] {processor.py:840} INFO - DAG(s) 'example_sensors' retrieved from /home/airflow/.local/lib/python3.12/site-packages/airflow/example_dags/example_sensors.py
[2024-05-02T22:42:41.764+0000] {logging_mixin.py:188} INFO - [2024-05-02T22:42:41.763+0000] {dag.py:3096} INFO - Sync 1 DAGs
[2024-05-02T22:42:41.799+0000] {logging_mixin.py:188} INFO - [2024-05-02T22:42:41.798+0000] {dag.py:3954} INFO - Setting next_dagrun for example_sensors to None, run_after=None
[2024-05-02T22:42:41.852+0000] {processor.py:183} INFO - Processing /home/airflow/.local/lib/python3.12/site-packages/airflow/example_dags/example_sensors.py took 0.236 seconds
[2024-05-02T22:43:12.099+0000] {processor.py:161} INFO - Started process (PID=1214) to work on /home/airflow/.local/lib/python3.12/site-packages/airflow/example_dags/example_sensors.py
[2024-05-02T22:43:12.101+0000] {processor.py:830} INFO - Processing file /home/airflow/.local/lib/python3.12/site-packages/airflow/example_dags/example_sensors.py for tasks to queue
[2024-05-02T22:43:12.107+0000] {logging_mixin.py:188} INFO - [2024-05-02T22:43:12.106+0000] {dagbag.py:540} INFO - Filling up the DagBag from /home/airflow/.local/lib/python3.12/site-packages/airflow/example_dags/example_sensors.py
[2024-05-02T22:43:12.128+0000] {processor.py:840} INFO - DAG(s) 'example_sensors' retrieved from /home/airflow/.local/lib/python3.12/site-packages/airflow/example_dags/example_sensors.py
[2024-05-02T22:43:12.232+0000] {logging_mixin.py:188} INFO - [2024-05-02T22:43:12.232+0000] {dag.py:3096} INFO - Sync 1 DAGs
[2024-05-02T22:43:12.279+0000] {logging_mixin.py:188} INFO - [2024-05-02T22:43:12.278+0000] {dag.py:3954} INFO - Setting next_dagrun for example_sensors to None, run_after=None
[2024-05-02T22:43:12.324+0000] {processor.py:183} INFO - Processing /home/airflow/.local/lib/python3.12/site-packages/airflow/example_dags/example_sensors.py took 0.239 seconds
[2024-05-02T22:43:43.555+0000] {processor.py:161} INFO - Started process (PID=1273) to work on /home/airflow/.local/lib/python3.12/site-packages/airflow/example_dags/example_sensors.py
[2024-05-02T22:43:43.557+0000] {processor.py:830} INFO - Processing file /home/airflow/.local/lib/python3.12/site-packages/airflow/example_dags/example_sensors.py for tasks to queue
[2024-05-02T22:43:43.575+0000] {logging_mixin.py:188} INFO - [2024-05-02T22:43:43.574+0000] {dagbag.py:540} INFO - Filling up the DagBag from /home/airflow/.local/lib/python3.12/site-packages/airflow/example_dags/example_sensors.py
[2024-05-02T22:43:43.661+0000] {processor.py:840} INFO - DAG(s) 'example_sensors' retrieved from /home/airflow/.local/lib/python3.12/site-packages/airflow/example_dags/example_sensors.py
[2024-05-02T22:43:43.833+0000] {logging_mixin.py:188} INFO - [2024-05-02T22:43:43.832+0000] {dag.py:3096} INFO - Sync 1 DAGs
[2024-05-02T22:43:43.898+0000] {logging_mixin.py:188} INFO - [2024-05-02T22:43:43.897+0000] {dag.py:3954} INFO - Setting next_dagrun for example_sensors to None, run_after=None
[2024-05-02T22:43:43.990+0000] {processor.py:183} INFO - Processing /home/airflow/.local/lib/python3.12/site-packages/airflow/example_dags/example_sensors.py took 0.483 seconds
[2024-05-02T22:44:14.806+0000] {processor.py:161} INFO - Started process (PID=1332) to work on /home/airflow/.local/lib/python3.12/site-packages/airflow/example_dags/example_sensors.py
[2024-05-02T22:44:14.810+0000] {processor.py:830} INFO - Processing file /home/airflow/.local/lib/python3.12/site-packages/airflow/example_dags/example_sensors.py for tasks to queue
[2024-05-02T22:44:14.820+0000] {logging_mixin.py:188} INFO - [2024-05-02T22:44:14.819+0000] {dagbag.py:540} INFO - Filling up the DagBag from /home/airflow/.local/lib/python3.12/site-packages/airflow/example_dags/example_sensors.py
[2024-05-02T22:44:14.856+0000] {processor.py:840} INFO - DAG(s) 'example_sensors' retrieved from /home/airflow/.local/lib/python3.12/site-packages/airflow/example_dags/example_sensors.py
[2024-05-02T22:44:15.038+0000] {logging_mixin.py:188} INFO - [2024-05-02T22:44:15.038+0000] {dag.py:3096} INFO - Sync 1 DAGs
[2024-05-02T22:44:15.136+0000] {logging_mixin.py:188} INFO - [2024-05-02T22:44:15.136+0000] {dag.py:3954} INFO - Setting next_dagrun for example_sensors to None, run_after=None
[2024-05-02T22:44:15.370+0000] {processor.py:183} INFO - Processing /home/airflow/.local/lib/python3.12/site-packages/airflow/example_dags/example_sensors.py took 0.581 seconds
[2024-05-02T22:44:47.116+0000] {processor.py:161} INFO - Started process (PID=1392) to work on /home/airflow/.local/lib/python3.12/site-packages/airflow/example_dags/example_sensors.py
[2024-05-02T22:44:47.145+0000] {processor.py:830} INFO - Processing file /home/airflow/.local/lib/python3.12/site-packages/airflow/example_dags/example_sensors.py for tasks to queue
[2024-05-02T22:44:47.164+0000] {logging_mixin.py:188} INFO - [2024-05-02T22:44:47.164+0000] {dagbag.py:540} INFO - Filling up the DagBag from /home/airflow/.local/lib/python3.12/site-packages/airflow/example_dags/example_sensors.py
[2024-05-02T22:44:47.243+0000] {processor.py:840} INFO - DAG(s) 'example_sensors' retrieved from /home/airflow/.local/lib/python3.12/site-packages/airflow/example_dags/example_sensors.py
[2024-05-02T22:44:47.417+0000] {logging_mixin.py:188} INFO - [2024-05-02T22:44:47.416+0000] {dag.py:3096} INFO - Sync 1 DAGs
[2024-05-02T22:44:47.550+0000] {logging_mixin.py:188} INFO - [2024-05-02T22:44:47.549+0000] {dag.py:3954} INFO - Setting next_dagrun for example_sensors to None, run_after=None
[2024-05-02T22:44:47.676+0000] {processor.py:183} INFO - Processing /home/airflow/.local/lib/python3.12/site-packages/airflow/example_dags/example_sensors.py took 0.606 seconds
[2024-05-02T22:45:17.946+0000] {processor.py:161} INFO - Started process (PID=1451) to work on /home/airflow/.local/lib/python3.12/site-packages/airflow/example_dags/example_sensors.py
[2024-05-02T22:45:17.948+0000] {processor.py:830} INFO - Processing file /home/airflow/.local/lib/python3.12/site-packages/airflow/example_dags/example_sensors.py for tasks to queue
[2024-05-02T22:45:17.952+0000] {logging_mixin.py:188} INFO - [2024-05-02T22:45:17.951+0000] {dagbag.py:540} INFO - Filling up the DagBag from /home/airflow/.local/lib/python3.12/site-packages/airflow/example_dags/example_sensors.py
[2024-05-02T22:45:17.975+0000] {processor.py:840} INFO - DAG(s) 'example_sensors' retrieved from /home/airflow/.local/lib/python3.12/site-packages/airflow/example_dags/example_sensors.py
[2024-05-02T22:45:18.050+0000] {logging_mixin.py:188} INFO - [2024-05-02T22:45:18.049+0000] {dag.py:3096} INFO - Sync 1 DAGs
[2024-05-02T22:45:18.079+0000] {logging_mixin.py:188} INFO - [2024-05-02T22:45:18.078+0000] {dag.py:3954} INFO - Setting next_dagrun for example_sensors to None, run_after=None
[2024-05-02T22:45:18.164+0000] {processor.py:183} INFO - Processing /home/airflow/.local/lib/python3.12/site-packages/airflow/example_dags/example_sensors.py took 0.230 seconds
[2024-05-02T22:45:48.400+0000] {processor.py:161} INFO - Started process (PID=1510) to work on /home/airflow/.local/lib/python3.12/site-packages/airflow/example_dags/example_sensors.py
[2024-05-02T22:45:48.402+0000] {processor.py:830} INFO - Processing file /home/airflow/.local/lib/python3.12/site-packages/airflow/example_dags/example_sensors.py for tasks to queue
[2024-05-02T22:45:48.408+0000] {logging_mixin.py:188} INFO - [2024-05-02T22:45:48.407+0000] {dagbag.py:540} INFO - Filling up the DagBag from /home/airflow/.local/lib/python3.12/site-packages/airflow/example_dags/example_sensors.py
[2024-05-02T22:45:48.459+0000] {processor.py:840} INFO - DAG(s) 'example_sensors' retrieved from /home/airflow/.local/lib/python3.12/site-packages/airflow/example_dags/example_sensors.py
[2024-05-02T22:45:48.532+0000] {logging_mixin.py:188} INFO - [2024-05-02T22:45:48.531+0000] {dag.py:3096} INFO - Sync 1 DAGs
[2024-05-02T22:45:48.590+0000] {logging_mixin.py:188} INFO - [2024-05-02T22:45:48.589+0000] {dag.py:3954} INFO - Setting next_dagrun for example_sensors to None, run_after=None
[2024-05-02T22:45:48.647+0000] {processor.py:183} INFO - Processing /home/airflow/.local/lib/python3.12/site-packages/airflow/example_dags/example_sensors.py took 0.287 seconds
[2024-05-02T22:46:18.826+0000] {processor.py:161} INFO - Started process (PID=1569) to work on /home/airflow/.local/lib/python3.12/site-packages/airflow/example_dags/example_sensors.py
[2024-05-02T22:46:18.829+0000] {processor.py:830} INFO - Processing file /home/airflow/.local/lib/python3.12/site-packages/airflow/example_dags/example_sensors.py for tasks to queue
[2024-05-02T22:46:18.836+0000] {logging_mixin.py:188} INFO - [2024-05-02T22:46:18.835+0000] {dagbag.py:540} INFO - Filling up the DagBag from /home/airflow/.local/lib/python3.12/site-packages/airflow/example_dags/example_sensors.py
[2024-05-02T22:46:18.858+0000] {processor.py:840} INFO - DAG(s) 'example_sensors' retrieved from /home/airflow/.local/lib/python3.12/site-packages/airflow/example_dags/example_sensors.py
[2024-05-02T22:46:18.924+0000] {logging_mixin.py:188} INFO - [2024-05-02T22:46:18.923+0000] {dag.py:3096} INFO - Sync 1 DAGs
[2024-05-02T22:46:18.952+0000] {logging_mixin.py:188} INFO - [2024-05-02T22:46:18.952+0000] {dag.py:3954} INFO - Setting next_dagrun for example_sensors to None, run_after=None
[2024-05-02T22:46:18.995+0000] {processor.py:183} INFO - Processing /home/airflow/.local/lib/python3.12/site-packages/airflow/example_dags/example_sensors.py took 0.205 seconds
[2024-05-02T22:46:49.322+0000] {processor.py:161} INFO - Started process (PID=1628) to work on /home/airflow/.local/lib/python3.12/site-packages/airflow/example_dags/example_sensors.py
[2024-05-02T22:46:49.325+0000] {processor.py:830} INFO - Processing file /home/airflow/.local/lib/python3.12/site-packages/airflow/example_dags/example_sensors.py for tasks to queue
[2024-05-02T22:46:49.329+0000] {logging_mixin.py:188} INFO - [2024-05-02T22:46:49.328+0000] {dagbag.py:540} INFO - Filling up the DagBag from /home/airflow/.local/lib/python3.12/site-packages/airflow/example_dags/example_sensors.py
[2024-05-02T22:46:49.355+0000] {processor.py:840} INFO - DAG(s) 'example_sensors' retrieved from /home/airflow/.local/lib/python3.12/site-packages/airflow/example_dags/example_sensors.py
[2024-05-02T22:46:49.409+0000] {logging_mixin.py:188} INFO - [2024-05-02T22:46:49.409+0000] {dag.py:3096} INFO - Sync 1 DAGs
[2024-05-02T22:46:49.440+0000] {logging_mixin.py:188} INFO - [2024-05-02T22:46:49.439+0000] {dag.py:3954} INFO - Setting next_dagrun for example_sensors to None, run_after=None
[2024-05-02T22:46:49.483+0000] {processor.py:183} INFO - Processing /home/airflow/.local/lib/python3.12/site-packages/airflow/example_dags/example_sensors.py took 0.175 seconds
[2024-05-02T22:47:20.406+0000] {processor.py:161} INFO - Started process (PID=1688) to work on /home/airflow/.local/lib/python3.12/site-packages/airflow/example_dags/example_sensors.py
[2024-05-02T22:47:20.409+0000] {processor.py:830} INFO - Processing file /home/airflow/.local/lib/python3.12/site-packages/airflow/example_dags/example_sensors.py for tasks to queue
[2024-05-02T22:47:20.413+0000] {logging_mixin.py:188} INFO - [2024-05-02T22:47:20.412+0000] {dagbag.py:540} INFO - Filling up the DagBag from /home/airflow/.local/lib/python3.12/site-packages/airflow/example_dags/example_sensors.py
[2024-05-02T22:47:20.437+0000] {processor.py:840} INFO - DAG(s) 'example_sensors' retrieved from /home/airflow/.local/lib/python3.12/site-packages/airflow/example_dags/example_sensors.py
[2024-05-02T22:47:20.502+0000] {logging_mixin.py:188} INFO - [2024-05-02T22:47:20.501+0000] {dag.py:3096} INFO - Sync 1 DAGs
[2024-05-02T22:47:20.534+0000] {logging_mixin.py:188} INFO - [2024-05-02T22:47:20.534+0000] {dag.py:3954} INFO - Setting next_dagrun for example_sensors to None, run_after=None
[2024-05-02T22:47:20.600+0000] {processor.py:183} INFO - Processing /home/airflow/.local/lib/python3.12/site-packages/airflow/example_dags/example_sensors.py took 0.208 seconds
[2024-05-02T22:47:50.749+0000] {processor.py:161} INFO - Started process (PID=1747) to work on /home/airflow/.local/lib/python3.12/site-packages/airflow/example_dags/example_sensors.py
[2024-05-02T22:47:50.751+0000] {processor.py:830} INFO - Processing file /home/airflow/.local/lib/python3.12/site-packages/airflow/example_dags/example_sensors.py for tasks to queue
[2024-05-02T22:47:50.755+0000] {logging_mixin.py:188} INFO - [2024-05-02T22:47:50.754+0000] {dagbag.py:540} INFO - Filling up the DagBag from /home/airflow/.local/lib/python3.12/site-packages/airflow/example_dags/example_sensors.py
[2024-05-02T22:47:50.774+0000] {processor.py:840} INFO - DAG(s) 'example_sensors' retrieved from /home/airflow/.local/lib/python3.12/site-packages/airflow/example_dags/example_sensors.py
[2024-05-02T22:47:50.841+0000] {logging_mixin.py:188} INFO - [2024-05-02T22:47:50.840+0000] {dag.py:3096} INFO - Sync 1 DAGs
[2024-05-02T22:47:50.928+0000] {logging_mixin.py:188} INFO - [2024-05-02T22:47:50.928+0000] {dag.py:3954} INFO - Setting next_dagrun for example_sensors to None, run_after=None
[2024-05-02T22:47:51.067+0000] {processor.py:183} INFO - Processing /home/airflow/.local/lib/python3.12/site-packages/airflow/example_dags/example_sensors.py took 0.331 seconds
[2024-05-02T22:48:21.274+0000] {processor.py:161} INFO - Started process (PID=1807) to work on /home/airflow/.local/lib/python3.12/site-packages/airflow/example_dags/example_sensors.py
[2024-05-02T22:48:21.285+0000] {processor.py:830} INFO - Processing file /home/airflow/.local/lib/python3.12/site-packages/airflow/example_dags/example_sensors.py for tasks to queue
[2024-05-02T22:48:21.296+0000] {logging_mixin.py:188} INFO - [2024-05-02T22:48:21.295+0000] {dagbag.py:540} INFO - Filling up the DagBag from /home/airflow/.local/lib/python3.12/site-packages/airflow/example_dags/example_sensors.py
[2024-05-02T22:48:21.345+0000] {processor.py:840} INFO - DAG(s) 'example_sensors' retrieved from /home/airflow/.local/lib/python3.12/site-packages/airflow/example_dags/example_sensors.py
[2024-05-02T22:48:21.440+0000] {logging_mixin.py:188} INFO - [2024-05-02T22:48:21.439+0000] {dag.py:3096} INFO - Sync 1 DAGs
[2024-05-02T22:48:21.484+0000] {logging_mixin.py:188} INFO - [2024-05-02T22:48:21.484+0000] {dag.py:3954} INFO - Setting next_dagrun for example_sensors to None, run_after=None
[2024-05-02T22:48:21.535+0000] {processor.py:183} INFO - Processing /home/airflow/.local/lib/python3.12/site-packages/airflow/example_dags/example_sensors.py took 0.286 seconds
[2024-05-02T22:48:51.826+0000] {processor.py:161} INFO - Started process (PID=1866) to work on /home/airflow/.local/lib/python3.12/site-packages/airflow/example_dags/example_sensors.py
[2024-05-02T22:48:51.827+0000] {processor.py:830} INFO - Processing file /home/airflow/.local/lib/python3.12/site-packages/airflow/example_dags/example_sensors.py for tasks to queue
[2024-05-02T22:48:51.831+0000] {logging_mixin.py:188} INFO - [2024-05-02T22:48:51.830+0000] {dagbag.py:540} INFO - Filling up the DagBag from /home/airflow/.local/lib/python3.12/site-packages/airflow/example_dags/example_sensors.py
[2024-05-02T22:48:51.853+0000] {processor.py:840} INFO - DAG(s) 'example_sensors' retrieved from /home/airflow/.local/lib/python3.12/site-packages/airflow/example_dags/example_sensors.py
[2024-05-02T22:48:51.951+0000] {logging_mixin.py:188} INFO - [2024-05-02T22:48:51.950+0000] {dag.py:3096} INFO - Sync 1 DAGs
[2024-05-02T22:48:52.007+0000] {logging_mixin.py:188} INFO - [2024-05-02T22:48:52.007+0000] {dag.py:3954} INFO - Setting next_dagrun for example_sensors to None, run_after=None
[2024-05-02T22:48:52.057+0000] {processor.py:183} INFO - Processing /home/airflow/.local/lib/python3.12/site-packages/airflow/example_dags/example_sensors.py took 0.242 seconds
[2024-05-02T22:49:22.733+0000] {processor.py:161} INFO - Started process (PID=1925) to work on /home/airflow/.local/lib/python3.12/site-packages/airflow/example_dags/example_sensors.py
[2024-05-02T22:49:22.735+0000] {processor.py:830} INFO - Processing file /home/airflow/.local/lib/python3.12/site-packages/airflow/example_dags/example_sensors.py for tasks to queue
[2024-05-02T22:49:22.740+0000] {logging_mixin.py:188} INFO - [2024-05-02T22:49:22.739+0000] {dagbag.py:540} INFO - Filling up the DagBag from /home/airflow/.local/lib/python3.12/site-packages/airflow/example_dags/example_sensors.py
[2024-05-02T22:49:22.766+0000] {processor.py:840} INFO - DAG(s) 'example_sensors' retrieved from /home/airflow/.local/lib/python3.12/site-packages/airflow/example_dags/example_sensors.py
[2024-05-02T22:49:22.839+0000] {logging_mixin.py:188} INFO - [2024-05-02T22:49:22.839+0000] {dag.py:3096} INFO - Sync 1 DAGs
[2024-05-02T22:49:22.870+0000] {logging_mixin.py:188} INFO - [2024-05-02T22:49:22.869+0000] {dag.py:3954} INFO - Setting next_dagrun for example_sensors to None, run_after=None
[2024-05-02T22:49:22.924+0000] {processor.py:183} INFO - Processing /home/airflow/.local/lib/python3.12/site-packages/airflow/example_dags/example_sensors.py took 0.204 seconds
[2024-05-02T22:49:53.744+0000] {processor.py:161} INFO - Started process (PID=1984) to work on /home/airflow/.local/lib/python3.12/site-packages/airflow/example_dags/example_sensors.py
[2024-05-02T22:49:53.746+0000] {processor.py:830} INFO - Processing file /home/airflow/.local/lib/python3.12/site-packages/airflow/example_dags/example_sensors.py for tasks to queue
[2024-05-02T22:49:53.758+0000] {logging_mixin.py:188} INFO - [2024-05-02T22:49:53.757+0000] {dagbag.py:540} INFO - Filling up the DagBag from /home/airflow/.local/lib/python3.12/site-packages/airflow/example_dags/example_sensors.py
[2024-05-02T22:49:53.797+0000] {processor.py:840} INFO - DAG(s) 'example_sensors' retrieved from /home/airflow/.local/lib/python3.12/site-packages/airflow/example_dags/example_sensors.py
[2024-05-02T22:49:53.949+0000] {logging_mixin.py:188} INFO - [2024-05-02T22:49:53.948+0000] {dag.py:3096} INFO - Sync 1 DAGs
[2024-05-02T22:49:54.020+0000] {logging_mixin.py:188} INFO - [2024-05-02T22:49:54.020+0000] {dag.py:3954} INFO - Setting next_dagrun for example_sensors to None, run_after=None
[2024-05-02T22:49:54.085+0000] {processor.py:183} INFO - Processing /home/airflow/.local/lib/python3.12/site-packages/airflow/example_dags/example_sensors.py took 0.364 seconds
[2024-05-02T22:50:24.836+0000] {processor.py:161} INFO - Started process (PID=2043) to work on /home/airflow/.local/lib/python3.12/site-packages/airflow/example_dags/example_sensors.py
[2024-05-02T22:50:24.838+0000] {processor.py:830} INFO - Processing file /home/airflow/.local/lib/python3.12/site-packages/airflow/example_dags/example_sensors.py for tasks to queue
[2024-05-02T22:50:24.842+0000] {logging_mixin.py:188} INFO - [2024-05-02T22:50:24.842+0000] {dagbag.py:540} INFO - Filling up the DagBag from /home/airflow/.local/lib/python3.12/site-packages/airflow/example_dags/example_sensors.py
[2024-05-02T22:50:24.863+0000] {processor.py:840} INFO - DAG(s) 'example_sensors' retrieved from /home/airflow/.local/lib/python3.12/site-packages/airflow/example_dags/example_sensors.py
[2024-05-02T22:50:24.921+0000] {logging_mixin.py:188} INFO - [2024-05-02T22:50:24.921+0000] {dag.py:3096} INFO - Sync 1 DAGs
[2024-05-02T22:50:24.956+0000] {logging_mixin.py:188} INFO - [2024-05-02T22:50:24.955+0000] {dag.py:3954} INFO - Setting next_dagrun for example_sensors to None, run_after=None
[2024-05-02T22:50:25.015+0000] {processor.py:183} INFO - Processing /home/airflow/.local/lib/python3.12/site-packages/airflow/example_dags/example_sensors.py took 0.191 seconds
[2024-05-02T22:50:55.154+0000] {processor.py:161} INFO - Started process (PID=2100) to work on /home/airflow/.local/lib/python3.12/site-packages/airflow/example_dags/example_sensors.py
[2024-05-02T22:50:55.156+0000] {processor.py:830} INFO - Processing file /home/airflow/.local/lib/python3.12/site-packages/airflow/example_dags/example_sensors.py for tasks to queue
[2024-05-02T22:50:55.160+0000] {logging_mixin.py:188} INFO - [2024-05-02T22:50:55.159+0000] {dagbag.py:540} INFO - Filling up the DagBag from /home/airflow/.local/lib/python3.12/site-packages/airflow/example_dags/example_sensors.py
[2024-05-02T22:50:55.184+0000] {processor.py:840} INFO - DAG(s) 'example_sensors' retrieved from /home/airflow/.local/lib/python3.12/site-packages/airflow/example_dags/example_sensors.py
[2024-05-02T22:50:55.255+0000] {logging_mixin.py:188} INFO - [2024-05-02T22:50:55.254+0000] {dag.py:3096} INFO - Sync 1 DAGs
[2024-05-02T22:50:55.289+0000] {logging_mixin.py:188} INFO - [2024-05-02T22:50:55.288+0000] {dag.py:3954} INFO - Setting next_dagrun for example_sensors to None, run_after=None
[2024-05-02T22:50:55.339+0000] {processor.py:183} INFO - Processing /home/airflow/.local/lib/python3.12/site-packages/airflow/example_dags/example_sensors.py took 0.203 seconds
[2024-05-02T22:51:25.759+0000] {processor.py:161} INFO - Started process (PID=2159) to work on /home/airflow/.local/lib/python3.12/site-packages/airflow/example_dags/example_sensors.py
[2024-05-02T22:51:25.764+0000] {processor.py:830} INFO - Processing file /home/airflow/.local/lib/python3.12/site-packages/airflow/example_dags/example_sensors.py for tasks to queue
[2024-05-02T22:51:25.768+0000] {logging_mixin.py:188} INFO - [2024-05-02T22:51:25.767+0000] {dagbag.py:540} INFO - Filling up the DagBag from /home/airflow/.local/lib/python3.12/site-packages/airflow/example_dags/example_sensors.py
[2024-05-02T22:51:25.805+0000] {processor.py:840} INFO - DAG(s) 'example_sensors' retrieved from /home/airflow/.local/lib/python3.12/site-packages/airflow/example_dags/example_sensors.py
[2024-05-02T22:51:25.896+0000] {logging_mixin.py:188} INFO - [2024-05-02T22:51:25.895+0000] {dag.py:3096} INFO - Sync 1 DAGs
[2024-05-02T22:51:25.939+0000] {logging_mixin.py:188} INFO - [2024-05-02T22:51:25.938+0000] {dag.py:3954} INFO - Setting next_dagrun for example_sensors to None, run_after=None
[2024-05-02T22:51:26.025+0000] {processor.py:183} INFO - Processing /home/airflow/.local/lib/python3.12/site-packages/airflow/example_dags/example_sensors.py took 0.285 seconds
[2024-05-02T22:51:56.173+0000] {processor.py:161} INFO - Started process (PID=2218) to work on /home/airflow/.local/lib/python3.12/site-packages/airflow/example_dags/example_sensors.py
[2024-05-02T22:51:56.175+0000] {processor.py:830} INFO - Processing file /home/airflow/.local/lib/python3.12/site-packages/airflow/example_dags/example_sensors.py for tasks to queue
[2024-05-02T22:51:56.178+0000] {logging_mixin.py:188} INFO - [2024-05-02T22:51:56.177+0000] {dagbag.py:540} INFO - Filling up the DagBag from /home/airflow/.local/lib/python3.12/site-packages/airflow/example_dags/example_sensors.py
[2024-05-02T22:51:56.199+0000] {processor.py:840} INFO - DAG(s) 'example_sensors' retrieved from /home/airflow/.local/lib/python3.12/site-packages/airflow/example_dags/example_sensors.py
[2024-05-02T22:51:56.267+0000] {logging_mixin.py:188} INFO - [2024-05-02T22:51:56.266+0000] {dag.py:3096} INFO - Sync 1 DAGs
[2024-05-02T22:51:56.296+0000] {logging_mixin.py:188} INFO - [2024-05-02T22:51:56.296+0000] {dag.py:3954} INFO - Setting next_dagrun for example_sensors to None, run_after=None
[2024-05-02T22:51:56.365+0000] {processor.py:183} INFO - Processing /home/airflow/.local/lib/python3.12/site-packages/airflow/example_dags/example_sensors.py took 0.205 seconds
[2024-05-02T22:52:27.034+0000] {processor.py:161} INFO - Started process (PID=2280) to work on /home/airflow/.local/lib/python3.12/site-packages/airflow/example_dags/example_sensors.py
[2024-05-02T22:52:27.036+0000] {processor.py:830} INFO - Processing file /home/airflow/.local/lib/python3.12/site-packages/airflow/example_dags/example_sensors.py for tasks to queue
[2024-05-02T22:52:27.040+0000] {logging_mixin.py:188} INFO - [2024-05-02T22:52:27.039+0000] {dagbag.py:540} INFO - Filling up the DagBag from /home/airflow/.local/lib/python3.12/site-packages/airflow/example_dags/example_sensors.py
[2024-05-02T22:52:27.066+0000] {processor.py:840} INFO - DAG(s) 'example_sensors' retrieved from /home/airflow/.local/lib/python3.12/site-packages/airflow/example_dags/example_sensors.py
[2024-05-02T22:52:27.145+0000] {logging_mixin.py:188} INFO - [2024-05-02T22:52:27.143+0000] {dag.py:3096} INFO - Sync 1 DAGs
[2024-05-02T22:52:27.180+0000] {logging_mixin.py:188} INFO - [2024-05-02T22:52:27.179+0000] {dag.py:3954} INFO - Setting next_dagrun for example_sensors to None, run_after=None
[2024-05-02T22:52:27.231+0000] {processor.py:183} INFO - Processing /home/airflow/.local/lib/python3.12/site-packages/airflow/example_dags/example_sensors.py took 0.208 seconds
[2024-05-02T22:52:57.446+0000] {processor.py:161} INFO - Started process (PID=2340) to work on /home/airflow/.local/lib/python3.12/site-packages/airflow/example_dags/example_sensors.py
[2024-05-02T22:52:57.449+0000] {processor.py:830} INFO - Processing file /home/airflow/.local/lib/python3.12/site-packages/airflow/example_dags/example_sensors.py for tasks to queue
[2024-05-02T22:52:57.453+0000] {logging_mixin.py:188} INFO - [2024-05-02T22:52:57.452+0000] {dagbag.py:540} INFO - Filling up the DagBag from /home/airflow/.local/lib/python3.12/site-packages/airflow/example_dags/example_sensors.py
[2024-05-02T22:52:57.487+0000] {processor.py:840} INFO - DAG(s) 'example_sensors' retrieved from /home/airflow/.local/lib/python3.12/site-packages/airflow/example_dags/example_sensors.py
[2024-05-02T22:52:57.573+0000] {logging_mixin.py:188} INFO - [2024-05-02T22:52:57.572+0000] {dag.py:3096} INFO - Sync 1 DAGs
[2024-05-02T22:52:57.614+0000] {logging_mixin.py:188} INFO - [2024-05-02T22:52:57.613+0000] {dag.py:3954} INFO - Setting next_dagrun for example_sensors to None, run_after=None
[2024-05-02T22:52:57.703+0000] {processor.py:183} INFO - Processing /home/airflow/.local/lib/python3.12/site-packages/airflow/example_dags/example_sensors.py took 0.272 seconds
[2024-05-02T22:53:27.818+0000] {processor.py:161} INFO - Started process (PID=2398) to work on /home/airflow/.local/lib/python3.12/site-packages/airflow/example_dags/example_sensors.py
[2024-05-02T22:53:27.820+0000] {processor.py:830} INFO - Processing file /home/airflow/.local/lib/python3.12/site-packages/airflow/example_dags/example_sensors.py for tasks to queue
[2024-05-02T22:53:27.827+0000] {logging_mixin.py:188} INFO - [2024-05-02T22:53:27.826+0000] {dagbag.py:540} INFO - Filling up the DagBag from /home/airflow/.local/lib/python3.12/site-packages/airflow/example_dags/example_sensors.py
[2024-05-02T22:53:27.888+0000] {processor.py:840} INFO - DAG(s) 'example_sensors' retrieved from /home/airflow/.local/lib/python3.12/site-packages/airflow/example_dags/example_sensors.py
[2024-05-02T22:53:27.970+0000] {logging_mixin.py:188} INFO - [2024-05-02T22:53:27.969+0000] {dag.py:3096} INFO - Sync 1 DAGs
[2024-05-02T22:53:28.020+0000] {logging_mixin.py:188} INFO - [2024-05-02T22:53:28.019+0000] {dag.py:3954} INFO - Setting next_dagrun for example_sensors to None, run_after=None
[2024-05-02T22:53:28.097+0000] {processor.py:183} INFO - Processing /home/airflow/.local/lib/python3.12/site-packages/airflow/example_dags/example_sensors.py took 0.295 seconds
[2024-05-02T22:53:58.243+0000] {processor.py:161} INFO - Started process (PID=2456) to work on /home/airflow/.local/lib/python3.12/site-packages/airflow/example_dags/example_sensors.py
[2024-05-02T22:53:58.244+0000] {processor.py:830} INFO - Processing file /home/airflow/.local/lib/python3.12/site-packages/airflow/example_dags/example_sensors.py for tasks to queue
[2024-05-02T22:53:58.248+0000] {logging_mixin.py:188} INFO - [2024-05-02T22:53:58.247+0000] {dagbag.py:540} INFO - Filling up the DagBag from /home/airflow/.local/lib/python3.12/site-packages/airflow/example_dags/example_sensors.py
[2024-05-02T22:53:58.271+0000] {processor.py:840} INFO - DAG(s) 'example_sensors' retrieved from /home/airflow/.local/lib/python3.12/site-packages/airflow/example_dags/example_sensors.py
[2024-05-02T22:53:58.296+0000] {logging_mixin.py:188} INFO - [2024-05-02T22:53:58.296+0000] {dag.py:3096} INFO - Sync 1 DAGs
[2024-05-02T22:53:58.331+0000] {logging_mixin.py:188} INFO - [2024-05-02T22:53:58.330+0000] {dag.py:3954} INFO - Setting next_dagrun for example_sensors to None, run_after=None
[2024-05-02T22:53:58.388+0000] {processor.py:183} INFO - Processing /home/airflow/.local/lib/python3.12/site-packages/airflow/example_dags/example_sensors.py took 0.161 seconds
[2024-05-02T22:54:30.825+0000] {processor.py:161} INFO - Started process (PID=2515) to work on /home/airflow/.local/lib/python3.12/site-packages/airflow/example_dags/example_sensors.py
[2024-05-02T22:54:30.829+0000] {processor.py:830} INFO - Processing file /home/airflow/.local/lib/python3.12/site-packages/airflow/example_dags/example_sensors.py for tasks to queue
[2024-05-02T22:54:30.842+0000] {logging_mixin.py:188} INFO - [2024-05-02T22:54:30.841+0000] {dagbag.py:540} INFO - Filling up the DagBag from /home/airflow/.local/lib/python3.12/site-packages/airflow/example_dags/example_sensors.py
[2024-05-02T22:54:30.923+0000] {processor.py:840} INFO - DAG(s) 'example_sensors' retrieved from /home/airflow/.local/lib/python3.12/site-packages/airflow/example_dags/example_sensors.py
[2024-05-02T22:54:31.862+0000] {logging_mixin.py:188} INFO - [2024-05-02T22:54:31.852+0000] {dag.py:3096} INFO - Sync 1 DAGs
[2024-05-02T22:54:31.954+0000] {logging_mixin.py:188} INFO - [2024-05-02T22:54:31.953+0000] {dag.py:3954} INFO - Setting next_dagrun for example_sensors to None, run_after=None
[2024-05-02T22:54:32.098+0000] {processor.py:183} INFO - Processing /home/airflow/.local/lib/python3.12/site-packages/airflow/example_dags/example_sensors.py took 1.334 seconds
[2024-05-02T22:55:03.333+0000] {processor.py:161} INFO - Started process (PID=2575) to work on /home/airflow/.local/lib/python3.12/site-packages/airflow/example_dags/example_sensors.py
[2024-05-02T22:55:03.335+0000] {processor.py:830} INFO - Processing file /home/airflow/.local/lib/python3.12/site-packages/airflow/example_dags/example_sensors.py for tasks to queue
[2024-05-02T22:55:03.338+0000] {logging_mixin.py:188} INFO - [2024-05-02T22:55:03.337+0000] {dagbag.py:540} INFO - Filling up the DagBag from /home/airflow/.local/lib/python3.12/site-packages/airflow/example_dags/example_sensors.py
[2024-05-02T22:55:03.357+0000] {processor.py:840} INFO - DAG(s) 'example_sensors' retrieved from /home/airflow/.local/lib/python3.12/site-packages/airflow/example_dags/example_sensors.py
[2024-05-02T22:55:03.423+0000] {logging_mixin.py:188} INFO - [2024-05-02T22:55:03.423+0000] {dag.py:3096} INFO - Sync 1 DAGs
[2024-05-02T22:55:03.478+0000] {logging_mixin.py:188} INFO - [2024-05-02T22:55:03.478+0000] {dag.py:3954} INFO - Setting next_dagrun for example_sensors to None, run_after=None
[2024-05-02T22:55:03.523+0000] {processor.py:183} INFO - Processing /home/airflow/.local/lib/python3.12/site-packages/airflow/example_dags/example_sensors.py took 0.204 seconds
[2024-05-02T22:55:34.318+0000] {processor.py:161} INFO - Started process (PID=2634) to work on /home/airflow/.local/lib/python3.12/site-packages/airflow/example_dags/example_sensors.py
[2024-05-02T22:55:34.320+0000] {processor.py:830} INFO - Processing file /home/airflow/.local/lib/python3.12/site-packages/airflow/example_dags/example_sensors.py for tasks to queue
[2024-05-02T22:55:34.324+0000] {logging_mixin.py:188} INFO - [2024-05-02T22:55:34.323+0000] {dagbag.py:540} INFO - Filling up the DagBag from /home/airflow/.local/lib/python3.12/site-packages/airflow/example_dags/example_sensors.py
[2024-05-02T22:55:34.348+0000] {processor.py:840} INFO - DAG(s) 'example_sensors' retrieved from /home/airflow/.local/lib/python3.12/site-packages/airflow/example_dags/example_sensors.py
[2024-05-02T22:55:34.412+0000] {logging_mixin.py:188} INFO - [2024-05-02T22:55:34.411+0000] {dag.py:3096} INFO - Sync 1 DAGs
[2024-05-02T22:55:34.440+0000] {logging_mixin.py:188} INFO - [2024-05-02T22:55:34.439+0000] {dag.py:3954} INFO - Setting next_dagrun for example_sensors to None, run_after=None
[2024-05-02T22:55:34.496+0000] {processor.py:183} INFO - Processing /home/airflow/.local/lib/python3.12/site-packages/airflow/example_dags/example_sensors.py took 0.192 seconds
[2024-05-02T22:56:05.417+0000] {processor.py:161} INFO - Started process (PID=2695) to work on /home/airflow/.local/lib/python3.12/site-packages/airflow/example_dags/example_sensors.py
[2024-05-02T22:56:05.419+0000] {processor.py:830} INFO - Processing file /home/airflow/.local/lib/python3.12/site-packages/airflow/example_dags/example_sensors.py for tasks to queue
[2024-05-02T22:56:05.423+0000] {logging_mixin.py:188} INFO - [2024-05-02T22:56:05.422+0000] {dagbag.py:540} INFO - Filling up the DagBag from /home/airflow/.local/lib/python3.12/site-packages/airflow/example_dags/example_sensors.py
[2024-05-02T22:56:05.445+0000] {processor.py:840} INFO - DAG(s) 'example_sensors' retrieved from /home/airflow/.local/lib/python3.12/site-packages/airflow/example_dags/example_sensors.py
[2024-05-02T22:56:05.510+0000] {logging_mixin.py:188} INFO - [2024-05-02T22:56:05.509+0000] {dag.py:3096} INFO - Sync 1 DAGs
[2024-05-02T22:56:05.550+0000] {logging_mixin.py:188} INFO - [2024-05-02T22:56:05.549+0000] {dag.py:3954} INFO - Setting next_dagrun for example_sensors to None, run_after=None
[2024-05-02T22:56:05.674+0000] {processor.py:183} INFO - Processing /home/airflow/.local/lib/python3.12/site-packages/airflow/example_dags/example_sensors.py took 0.270 seconds
[2024-05-02T22:57:12.222+0000] {processor.py:161} INFO - Started process (PID=68) to work on /home/airflow/.local/lib/python3.12/site-packages/airflow/example_dags/example_sensors.py
[2024-05-02T22:57:12.224+0000] {processor.py:830} INFO - Processing file /home/airflow/.local/lib/python3.12/site-packages/airflow/example_dags/example_sensors.py for tasks to queue
[2024-05-02T22:57:12.227+0000] {logging_mixin.py:188} INFO - [2024-05-02T22:57:12.226+0000] {dagbag.py:540} INFO - Filling up the DagBag from /home/airflow/.local/lib/python3.12/site-packages/airflow/example_dags/example_sensors.py
[2024-05-02T22:57:12.243+0000] {processor.py:840} INFO - DAG(s) 'example_sensors' retrieved from /home/airflow/.local/lib/python3.12/site-packages/airflow/example_dags/example_sensors.py
[2024-05-02T22:57:12.296+0000] {logging_mixin.py:188} INFO - [2024-05-02T22:57:12.295+0000] {dag.py:3096} INFO - Sync 1 DAGs
[2024-05-02T22:57:12.335+0000] {logging_mixin.py:188} INFO - [2024-05-02T22:57:12.334+0000] {dag.py:3954} INFO - Setting next_dagrun for example_sensors to None, run_after=None
[2024-05-02T22:57:12.400+0000] {processor.py:183} INFO - Processing /home/airflow/.local/lib/python3.12/site-packages/airflow/example_dags/example_sensors.py took 0.188 seconds
[2024-05-02T22:58:03.629+0000] {processor.py:161} INFO - Started process (PID=137) to work on /home/airflow/.local/lib/python3.12/site-packages/airflow/example_dags/example_sensors.py
[2024-05-02T22:58:03.631+0000] {processor.py:830} INFO - Processing file /home/airflow/.local/lib/python3.12/site-packages/airflow/example_dags/example_sensors.py for tasks to queue
[2024-05-02T22:58:03.635+0000] {logging_mixin.py:188} INFO - [2024-05-02T22:58:03.634+0000] {dagbag.py:540} INFO - Filling up the DagBag from /home/airflow/.local/lib/python3.12/site-packages/airflow/example_dags/example_sensors.py
[2024-05-02T22:58:03.659+0000] {processor.py:840} INFO - DAG(s) 'example_sensors' retrieved from /home/airflow/.local/lib/python3.12/site-packages/airflow/example_dags/example_sensors.py
[2024-05-02T22:58:03.729+0000] {logging_mixin.py:188} INFO - [2024-05-02T22:58:03.728+0000] {dag.py:3096} INFO - Sync 1 DAGs
[2024-05-02T22:58:03.779+0000] {logging_mixin.py:188} INFO - [2024-05-02T22:58:03.779+0000] {dag.py:3954} INFO - Setting next_dagrun for example_sensors to None, run_after=None
[2024-05-02T22:58:03.872+0000] {processor.py:183} INFO - Processing /home/airflow/.local/lib/python3.12/site-packages/airflow/example_dags/example_sensors.py took 0.253 seconds
[2024-05-02T22:58:39.230+0000] {processor.py:161} INFO - Started process (PID=195) to work on /home/airflow/.local/lib/python3.12/site-packages/airflow/example_dags/example_sensors.py
[2024-05-02T22:58:39.235+0000] {processor.py:830} INFO - Processing file /home/airflow/.local/lib/python3.12/site-packages/airflow/example_dags/example_sensors.py for tasks to queue
[2024-05-02T22:58:39.246+0000] {logging_mixin.py:188} INFO - [2024-05-02T22:58:39.240+0000] {dagbag.py:540} INFO - Filling up the DagBag from /home/airflow/.local/lib/python3.12/site-packages/airflow/example_dags/example_sensors.py
[2024-05-02T22:58:39.376+0000] {processor.py:840} INFO - DAG(s) 'example_sensors' retrieved from /home/airflow/.local/lib/python3.12/site-packages/airflow/example_dags/example_sensors.py
[2024-05-02T22:58:39.514+0000] {logging_mixin.py:188} INFO - [2024-05-02T22:58:39.514+0000] {dag.py:3096} INFO - Sync 1 DAGs
[2024-05-02T22:58:39.706+0000] {logging_mixin.py:188} INFO - [2024-05-02T22:58:39.705+0000] {dag.py:3954} INFO - Setting next_dagrun for example_sensors to None, run_after=None
[2024-05-02T22:58:39.940+0000] {processor.py:183} INFO - Processing /home/airflow/.local/lib/python3.12/site-packages/airflow/example_dags/example_sensors.py took 0.730 seconds
[2024-05-02T22:59:12.017+0000] {processor.py:161} INFO - Started process (PID=258) to work on /home/airflow/.local/lib/python3.12/site-packages/airflow/example_dags/example_sensors.py
[2024-05-02T22:59:12.036+0000] {processor.py:830} INFO - Processing file /home/airflow/.local/lib/python3.12/site-packages/airflow/example_dags/example_sensors.py for tasks to queue
[2024-05-02T22:59:12.093+0000] {logging_mixin.py:188} INFO - [2024-05-02T22:59:12.092+0000] {dagbag.py:540} INFO - Filling up the DagBag from /home/airflow/.local/lib/python3.12/site-packages/airflow/example_dags/example_sensors.py
[2024-05-02T22:59:12.262+0000] {processor.py:840} INFO - DAG(s) 'example_sensors' retrieved from /home/airflow/.local/lib/python3.12/site-packages/airflow/example_dags/example_sensors.py
[2024-05-02T22:59:12.458+0000] {logging_mixin.py:188} INFO - [2024-05-02T22:59:12.457+0000] {dag.py:3096} INFO - Sync 1 DAGs
[2024-05-02T22:59:12.536+0000] {logging_mixin.py:188} INFO - [2024-05-02T22:59:12.535+0000] {dag.py:3954} INFO - Setting next_dagrun for example_sensors to None, run_after=None
[2024-05-02T22:59:12.663+0000] {processor.py:183} INFO - Processing /home/airflow/.local/lib/python3.12/site-packages/airflow/example_dags/example_sensors.py took 0.813 seconds
[2024-05-02T22:59:44.831+0000] {processor.py:161} INFO - Started process (PID=321) to work on /home/airflow/.local/lib/python3.12/site-packages/airflow/example_dags/example_sensors.py
[2024-05-02T22:59:44.845+0000] {processor.py:830} INFO - Processing file /home/airflow/.local/lib/python3.12/site-packages/airflow/example_dags/example_sensors.py for tasks to queue
[2024-05-02T22:59:44.858+0000] {logging_mixin.py:188} INFO - [2024-05-02T22:59:44.858+0000] {dagbag.py:540} INFO - Filling up the DagBag from /home/airflow/.local/lib/python3.12/site-packages/airflow/example_dags/example_sensors.py
[2024-05-02T22:59:44.937+0000] {processor.py:840} INFO - DAG(s) 'example_sensors' retrieved from /home/airflow/.local/lib/python3.12/site-packages/airflow/example_dags/example_sensors.py
[2024-05-02T22:59:45.169+0000] {logging_mixin.py:188} INFO - [2024-05-02T22:59:45.168+0000] {dag.py:3096} INFO - Sync 1 DAGs
[2024-05-02T22:59:45.281+0000] {logging_mixin.py:188} INFO - [2024-05-02T22:59:45.281+0000] {dag.py:3954} INFO - Setting next_dagrun for example_sensors to None, run_after=None
[2024-05-02T22:59:45.397+0000] {processor.py:183} INFO - Processing /home/airflow/.local/lib/python3.12/site-packages/airflow/example_dags/example_sensors.py took 0.599 seconds
[2024-05-02T23:00:18.291+0000] {processor.py:161} INFO - Started process (PID=380) to work on /home/airflow/.local/lib/python3.12/site-packages/airflow/example_dags/example_sensors.py
[2024-05-02T23:00:18.296+0000] {processor.py:830} INFO - Processing file /home/airflow/.local/lib/python3.12/site-packages/airflow/example_dags/example_sensors.py for tasks to queue
[2024-05-02T23:00:18.314+0000] {logging_mixin.py:188} INFO - [2024-05-02T23:00:18.313+0000] {dagbag.py:540} INFO - Filling up the DagBag from /home/airflow/.local/lib/python3.12/site-packages/airflow/example_dags/example_sensors.py
[2024-05-02T23:00:18.371+0000] {processor.py:840} INFO - DAG(s) 'example_sensors' retrieved from /home/airflow/.local/lib/python3.12/site-packages/airflow/example_dags/example_sensors.py
[2024-05-02T23:00:18.512+0000] {logging_mixin.py:188} INFO - [2024-05-02T23:00:18.511+0000] {dag.py:3096} INFO - Sync 1 DAGs
[2024-05-02T23:00:18.598+0000] {logging_mixin.py:188} INFO - [2024-05-02T23:00:18.597+0000] {dag.py:3954} INFO - Setting next_dagrun for example_sensors to None, run_after=None
[2024-05-02T23:00:18.702+0000] {processor.py:183} INFO - Processing /home/airflow/.local/lib/python3.12/site-packages/airflow/example_dags/example_sensors.py took 0.428 seconds
[2024-05-02T23:00:49.165+0000] {processor.py:161} INFO - Started process (PID=439) to work on /home/airflow/.local/lib/python3.12/site-packages/airflow/example_dags/example_sensors.py
[2024-05-02T23:00:49.167+0000] {processor.py:830} INFO - Processing file /home/airflow/.local/lib/python3.12/site-packages/airflow/example_dags/example_sensors.py for tasks to queue
[2024-05-02T23:00:49.171+0000] {logging_mixin.py:188} INFO - [2024-05-02T23:00:49.170+0000] {dagbag.py:540} INFO - Filling up the DagBag from /home/airflow/.local/lib/python3.12/site-packages/airflow/example_dags/example_sensors.py
[2024-05-02T23:00:49.188+0000] {processor.py:840} INFO - DAG(s) 'example_sensors' retrieved from /home/airflow/.local/lib/python3.12/site-packages/airflow/example_dags/example_sensors.py
[2024-05-02T23:00:49.254+0000] {logging_mixin.py:188} INFO - [2024-05-02T23:00:49.253+0000] {dag.py:3096} INFO - Sync 1 DAGs
[2024-05-02T23:00:49.286+0000] {logging_mixin.py:188} INFO - [2024-05-02T23:00:49.285+0000] {dag.py:3954} INFO - Setting next_dagrun for example_sensors to None, run_after=None
[2024-05-02T23:00:49.346+0000] {processor.py:183} INFO - Processing /home/airflow/.local/lib/python3.12/site-packages/airflow/example_dags/example_sensors.py took 0.190 seconds
[2024-05-02T23:01:19.660+0000] {processor.py:161} INFO - Started process (PID=497) to work on /home/airflow/.local/lib/python3.12/site-packages/airflow/example_dags/example_sensors.py
[2024-05-02T23:01:19.662+0000] {processor.py:830} INFO - Processing file /home/airflow/.local/lib/python3.12/site-packages/airflow/example_dags/example_sensors.py for tasks to queue
[2024-05-02T23:01:19.667+0000] {logging_mixin.py:188} INFO - [2024-05-02T23:01:19.666+0000] {dagbag.py:540} INFO - Filling up the DagBag from /home/airflow/.local/lib/python3.12/site-packages/airflow/example_dags/example_sensors.py
[2024-05-02T23:01:19.696+0000] {processor.py:840} INFO - DAG(s) 'example_sensors' retrieved from /home/airflow/.local/lib/python3.12/site-packages/airflow/example_dags/example_sensors.py
[2024-05-02T23:01:19.775+0000] {logging_mixin.py:188} INFO - [2024-05-02T23:01:19.774+0000] {dag.py:3096} INFO - Sync 1 DAGs
[2024-05-02T23:01:19.811+0000] {logging_mixin.py:188} INFO - [2024-05-02T23:01:19.811+0000] {dag.py:3954} INFO - Setting next_dagrun for example_sensors to None, run_after=None
[2024-05-02T23:01:19.871+0000] {processor.py:183} INFO - Processing /home/airflow/.local/lib/python3.12/site-packages/airflow/example_dags/example_sensors.py took 0.224 seconds
[2024-05-02T23:01:50.385+0000] {processor.py:161} INFO - Started process (PID=556) to work on /home/airflow/.local/lib/python3.12/site-packages/airflow/example_dags/example_sensors.py
[2024-05-02T23:01:50.391+0000] {processor.py:830} INFO - Processing file /home/airflow/.local/lib/python3.12/site-packages/airflow/example_dags/example_sensors.py for tasks to queue
[2024-05-02T23:01:50.398+0000] {logging_mixin.py:188} INFO - [2024-05-02T23:01:50.397+0000] {dagbag.py:540} INFO - Filling up the DagBag from /home/airflow/.local/lib/python3.12/site-packages/airflow/example_dags/example_sensors.py
[2024-05-02T23:01:50.436+0000] {processor.py:840} INFO - DAG(s) 'example_sensors' retrieved from /home/airflow/.local/lib/python3.12/site-packages/airflow/example_dags/example_sensors.py
[2024-05-02T23:01:50.522+0000] {logging_mixin.py:188} INFO - [2024-05-02T23:01:50.521+0000] {dag.py:3096} INFO - Sync 1 DAGs
[2024-05-02T23:01:50.552+0000] {logging_mixin.py:188} INFO - [2024-05-02T23:01:50.552+0000] {dag.py:3954} INFO - Setting next_dagrun for example_sensors to None, run_after=None
[2024-05-02T23:01:50.650+0000] {processor.py:183} INFO - Processing /home/airflow/.local/lib/python3.12/site-packages/airflow/example_dags/example_sensors.py took 0.285 seconds
[2024-05-02T23:02:20.970+0000] {processor.py:161} INFO - Started process (PID=615) to work on /home/airflow/.local/lib/python3.12/site-packages/airflow/example_dags/example_sensors.py
[2024-05-02T23:02:20.973+0000] {processor.py:830} INFO - Processing file /home/airflow/.local/lib/python3.12/site-packages/airflow/example_dags/example_sensors.py for tasks to queue
[2024-05-02T23:02:20.979+0000] {logging_mixin.py:188} INFO - [2024-05-02T23:02:20.978+0000] {dagbag.py:540} INFO - Filling up the DagBag from /home/airflow/.local/lib/python3.12/site-packages/airflow/example_dags/example_sensors.py
[2024-05-02T23:02:21.009+0000] {processor.py:840} INFO - DAG(s) 'example_sensors' retrieved from /home/airflow/.local/lib/python3.12/site-packages/airflow/example_dags/example_sensors.py
[2024-05-02T23:02:21.080+0000] {logging_mixin.py:188} INFO - [2024-05-02T23:02:21.079+0000] {dag.py:3096} INFO - Sync 1 DAGs
[2024-05-02T23:02:21.123+0000] {logging_mixin.py:188} INFO - [2024-05-02T23:02:21.122+0000] {dag.py:3954} INFO - Setting next_dagrun for example_sensors to None, run_after=None
[2024-05-02T23:02:21.188+0000] {processor.py:183} INFO - Processing /home/airflow/.local/lib/python3.12/site-packages/airflow/example_dags/example_sensors.py took 0.233 seconds
[2024-05-02T23:02:51.546+0000] {processor.py:161} INFO - Started process (PID=674) to work on /home/airflow/.local/lib/python3.12/site-packages/airflow/example_dags/example_sensors.py
[2024-05-02T23:02:51.548+0000] {processor.py:830} INFO - Processing file /home/airflow/.local/lib/python3.12/site-packages/airflow/example_dags/example_sensors.py for tasks to queue
[2024-05-02T23:02:51.553+0000] {logging_mixin.py:188} INFO - [2024-05-02T23:02:51.552+0000] {dagbag.py:540} INFO - Filling up the DagBag from /home/airflow/.local/lib/python3.12/site-packages/airflow/example_dags/example_sensors.py
[2024-05-02T23:02:51.584+0000] {processor.py:840} INFO - DAG(s) 'example_sensors' retrieved from /home/airflow/.local/lib/python3.12/site-packages/airflow/example_dags/example_sensors.py
[2024-05-02T23:02:51.673+0000] {logging_mixin.py:188} INFO - [2024-05-02T23:02:51.672+0000] {dag.py:3096} INFO - Sync 1 DAGs
[2024-05-02T23:02:51.730+0000] {logging_mixin.py:188} INFO - [2024-05-02T23:02:51.729+0000] {dag.py:3954} INFO - Setting next_dagrun for example_sensors to None, run_after=None
[2024-05-02T23:02:51.810+0000] {processor.py:183} INFO - Processing /home/airflow/.local/lib/python3.12/site-packages/airflow/example_dags/example_sensors.py took 0.279 seconds
[2024-05-02T23:03:22.164+0000] {processor.py:161} INFO - Started process (PID=733) to work on /home/airflow/.local/lib/python3.12/site-packages/airflow/example_dags/example_sensors.py
[2024-05-02T23:03:22.166+0000] {processor.py:830} INFO - Processing file /home/airflow/.local/lib/python3.12/site-packages/airflow/example_dags/example_sensors.py for tasks to queue
[2024-05-02T23:03:22.171+0000] {logging_mixin.py:188} INFO - [2024-05-02T23:03:22.170+0000] {dagbag.py:540} INFO - Filling up the DagBag from /home/airflow/.local/lib/python3.12/site-packages/airflow/example_dags/example_sensors.py
[2024-05-02T23:03:22.222+0000] {processor.py:840} INFO - DAG(s) 'example_sensors' retrieved from /home/airflow/.local/lib/python3.12/site-packages/airflow/example_dags/example_sensors.py
[2024-05-02T23:03:22.348+0000] {logging_mixin.py:188} INFO - [2024-05-02T23:03:22.347+0000] {dag.py:3096} INFO - Sync 1 DAGs
[2024-05-02T23:03:22.412+0000] {logging_mixin.py:188} INFO - [2024-05-02T23:03:22.411+0000] {dag.py:3954} INFO - Setting next_dagrun for example_sensors to None, run_after=None
[2024-05-02T23:03:22.510+0000] {processor.py:183} INFO - Processing /home/airflow/.local/lib/python3.12/site-packages/airflow/example_dags/example_sensors.py took 0.368 seconds
[2024-05-02T23:03:53.411+0000] {processor.py:161} INFO - Started process (PID=792) to work on /home/airflow/.local/lib/python3.12/site-packages/airflow/example_dags/example_sensors.py
[2024-05-02T23:03:53.413+0000] {processor.py:830} INFO - Processing file /home/airflow/.local/lib/python3.12/site-packages/airflow/example_dags/example_sensors.py for tasks to queue
[2024-05-02T23:03:53.416+0000] {logging_mixin.py:188} INFO - [2024-05-02T23:03:53.415+0000] {dagbag.py:540} INFO - Filling up the DagBag from /home/airflow/.local/lib/python3.12/site-packages/airflow/example_dags/example_sensors.py
[2024-05-02T23:03:53.440+0000] {processor.py:840} INFO - DAG(s) 'example_sensors' retrieved from /home/airflow/.local/lib/python3.12/site-packages/airflow/example_dags/example_sensors.py
[2024-05-02T23:03:53.513+0000] {logging_mixin.py:188} INFO - [2024-05-02T23:03:53.513+0000] {dag.py:3096} INFO - Sync 1 DAGs
[2024-05-02T23:03:53.551+0000] {logging_mixin.py:188} INFO - [2024-05-02T23:03:53.550+0000] {dag.py:3954} INFO - Setting next_dagrun for example_sensors to None, run_after=None
[2024-05-02T23:03:53.597+0000] {processor.py:183} INFO - Processing /home/airflow/.local/lib/python3.12/site-packages/airflow/example_dags/example_sensors.py took 0.205 seconds
[2024-05-02T23:04:23.932+0000] {processor.py:161} INFO - Started process (PID=851) to work on /home/airflow/.local/lib/python3.12/site-packages/airflow/example_dags/example_sensors.py
[2024-05-02T23:04:23.934+0000] {processor.py:830} INFO - Processing file /home/airflow/.local/lib/python3.12/site-packages/airflow/example_dags/example_sensors.py for tasks to queue
[2024-05-02T23:04:23.941+0000] {logging_mixin.py:188} INFO - [2024-05-02T23:04:23.939+0000] {dagbag.py:540} INFO - Filling up the DagBag from /home/airflow/.local/lib/python3.12/site-packages/airflow/example_dags/example_sensors.py
[2024-05-02T23:04:23.991+0000] {processor.py:840} INFO - DAG(s) 'example_sensors' retrieved from /home/airflow/.local/lib/python3.12/site-packages/airflow/example_dags/example_sensors.py
[2024-05-02T23:04:24.077+0000] {logging_mixin.py:188} INFO - [2024-05-02T23:04:24.077+0000] {dag.py:3096} INFO - Sync 1 DAGs
[2024-05-02T23:04:24.602+0000] {logging_mixin.py:188} INFO - [2024-05-02T23:04:24.602+0000] {dag.py:3954} INFO - Setting next_dagrun for example_sensors to None, run_after=None
[2024-05-02T23:04:24.679+0000] {processor.py:183} INFO - Processing /home/airflow/.local/lib/python3.12/site-packages/airflow/example_dags/example_sensors.py took 0.762 seconds
[2024-05-02T23:04:54.888+0000] {processor.py:161} INFO - Started process (PID=910) to work on /home/airflow/.local/lib/python3.12/site-packages/airflow/example_dags/example_sensors.py
[2024-05-02T23:04:54.900+0000] {processor.py:830} INFO - Processing file /home/airflow/.local/lib/python3.12/site-packages/airflow/example_dags/example_sensors.py for tasks to queue
[2024-05-02T23:04:54.906+0000] {logging_mixin.py:188} INFO - [2024-05-02T23:04:54.905+0000] {dagbag.py:540} INFO - Filling up the DagBag from /home/airflow/.local/lib/python3.12/site-packages/airflow/example_dags/example_sensors.py
[2024-05-02T23:04:54.961+0000] {processor.py:840} INFO - DAG(s) 'example_sensors' retrieved from /home/airflow/.local/lib/python3.12/site-packages/airflow/example_dags/example_sensors.py
[2024-05-02T23:04:55.071+0000] {logging_mixin.py:188} INFO - [2024-05-02T23:04:55.070+0000] {dag.py:3096} INFO - Sync 1 DAGs
[2024-05-02T23:04:55.159+0000] {logging_mixin.py:188} INFO - [2024-05-02T23:04:55.159+0000] {dag.py:3954} INFO - Setting next_dagrun for example_sensors to None, run_after=None
[2024-05-02T23:04:55.285+0000] {processor.py:183} INFO - Processing /home/airflow/.local/lib/python3.12/site-packages/airflow/example_dags/example_sensors.py took 0.428 seconds
[2024-05-02T23:05:25.876+0000] {processor.py:161} INFO - Started process (PID=969) to work on /home/airflow/.local/lib/python3.12/site-packages/airflow/example_dags/example_sensors.py
[2024-05-02T23:05:25.890+0000] {processor.py:830} INFO - Processing file /home/airflow/.local/lib/python3.12/site-packages/airflow/example_dags/example_sensors.py for tasks to queue
[2024-05-02T23:05:25.899+0000] {logging_mixin.py:188} INFO - [2024-05-02T23:05:25.898+0000] {dagbag.py:540} INFO - Filling up the DagBag from /home/airflow/.local/lib/python3.12/site-packages/airflow/example_dags/example_sensors.py
[2024-05-02T23:05:25.935+0000] {processor.py:840} INFO - DAG(s) 'example_sensors' retrieved from /home/airflow/.local/lib/python3.12/site-packages/airflow/example_dags/example_sensors.py
[2024-05-02T23:05:26.120+0000] {logging_mixin.py:188} INFO - [2024-05-02T23:05:26.119+0000] {dag.py:3096} INFO - Sync 1 DAGs
[2024-05-02T23:05:26.188+0000] {logging_mixin.py:188} INFO - [2024-05-02T23:05:26.188+0000] {dag.py:3954} INFO - Setting next_dagrun for example_sensors to None, run_after=None
[2024-05-02T23:05:26.274+0000] {processor.py:183} INFO - Processing /home/airflow/.local/lib/python3.12/site-packages/airflow/example_dags/example_sensors.py took 0.417 seconds
[2024-05-02T23:05:56.436+0000] {processor.py:161} INFO - Started process (PID=1027) to work on /home/airflow/.local/lib/python3.12/site-packages/airflow/example_dags/example_sensors.py
[2024-05-02T23:05:56.438+0000] {processor.py:830} INFO - Processing file /home/airflow/.local/lib/python3.12/site-packages/airflow/example_dags/example_sensors.py for tasks to queue
[2024-05-02T23:05:56.444+0000] {logging_mixin.py:188} INFO - [2024-05-02T23:05:56.443+0000] {dagbag.py:540} INFO - Filling up the DagBag from /home/airflow/.local/lib/python3.12/site-packages/airflow/example_dags/example_sensors.py
[2024-05-02T23:05:56.471+0000] {processor.py:840} INFO - DAG(s) 'example_sensors' retrieved from /home/airflow/.local/lib/python3.12/site-packages/airflow/example_dags/example_sensors.py
[2024-05-02T23:05:57.074+0000] {logging_mixin.py:188} INFO - [2024-05-02T23:05:57.074+0000] {dag.py:3096} INFO - Sync 1 DAGs
[2024-05-02T23:05:57.105+0000] {logging_mixin.py:188} INFO - [2024-05-02T23:05:57.105+0000] {dag.py:3954} INFO - Setting next_dagrun for example_sensors to None, run_after=None
[2024-05-02T23:05:57.154+0000] {processor.py:183} INFO - Processing /home/airflow/.local/lib/python3.12/site-packages/airflow/example_dags/example_sensors.py took 0.740 seconds
[2024-05-02T23:06:27.306+0000] {processor.py:161} INFO - Started process (PID=1086) to work on /home/airflow/.local/lib/python3.12/site-packages/airflow/example_dags/example_sensors.py
[2024-05-02T23:06:27.308+0000] {processor.py:830} INFO - Processing file /home/airflow/.local/lib/python3.12/site-packages/airflow/example_dags/example_sensors.py for tasks to queue
[2024-05-02T23:06:27.315+0000] {logging_mixin.py:188} INFO - [2024-05-02T23:06:27.314+0000] {dagbag.py:540} INFO - Filling up the DagBag from /home/airflow/.local/lib/python3.12/site-packages/airflow/example_dags/example_sensors.py
[2024-05-02T23:06:27.349+0000] {processor.py:840} INFO - DAG(s) 'example_sensors' retrieved from /home/airflow/.local/lib/python3.12/site-packages/airflow/example_dags/example_sensors.py
[2024-05-02T23:06:27.425+0000] {logging_mixin.py:188} INFO - [2024-05-02T23:06:27.424+0000] {dag.py:3096} INFO - Sync 1 DAGs
[2024-05-02T23:06:27.478+0000] {logging_mixin.py:188} INFO - [2024-05-02T23:06:27.478+0000] {dag.py:3954} INFO - Setting next_dagrun for example_sensors to None, run_after=None
[2024-05-02T23:06:27.558+0000] {processor.py:183} INFO - Processing /home/airflow/.local/lib/python3.12/site-packages/airflow/example_dags/example_sensors.py took 0.270 seconds
