[2024-05-02T20:43:35.482+0000] {processor.py:161} INFO - Started process (PID=114) to work on /home/airflow/.local/lib/python3.12/site-packages/airflow/example_dags/tutorial_dag.py
[2024-05-02T20:43:35.495+0000] {processor.py:830} INFO - Processing file /home/airflow/.local/lib/python3.12/site-packages/airflow/example_dags/tutorial_dag.py for tasks to queue
[2024-05-02T20:43:35.745+0000] {logging_mixin.py:188} INFO - [2024-05-02T20:43:35.552+0000] {dagbag.py:540} INFO - Filling up the DagBag from /home/airflow/.local/lib/python3.12/site-packages/airflow/example_dags/tutorial_dag.py
[2024-05-02T20:44:15.147+0000] {processor.py:840} INFO - DAG(s) 'tutorial_dag' retrieved from /home/airflow/.local/lib/python3.12/site-packages/airflow/example_dags/tutorial_dag.py
[2024-05-02T22:20:45.894+0000] {processor.py:161} INFO - Started process (PID=53) to work on /home/airflow/.local/lib/python3.12/site-packages/airflow/example_dags/tutorial_dag.py
[2024-05-02T22:20:45.902+0000] {processor.py:830} INFO - Processing file /home/airflow/.local/lib/python3.12/site-packages/airflow/example_dags/tutorial_dag.py for tasks to queue
[2024-05-02T22:20:45.929+0000] {logging_mixin.py:188} INFO - [2024-05-02T22:20:45.921+0000] {dagbag.py:540} INFO - Filling up the DagBag from /home/airflow/.local/lib/python3.12/site-packages/airflow/example_dags/tutorial_dag.py
[2024-05-02T22:20:46.019+0000] {processor.py:840} INFO - DAG(s) 'tutorial_dag' retrieved from /home/airflow/.local/lib/python3.12/site-packages/airflow/example_dags/tutorial_dag.py
[2024-05-02T22:20:46.981+0000] {logging_mixin.py:188} INFO - [2024-05-02T22:20:46.981+0000] {dag.py:3096} INFO - Sync 1 DAGs
[2024-05-02T22:20:47.252+0000] {logging_mixin.py:188} INFO - [2024-05-02T22:20:47.240+0000] {dag.py:3954} INFO - Setting next_dagrun for tutorial_dag to None, run_after=None
[2024-05-02T22:20:47.736+0000] {processor.py:183} INFO - Processing /home/airflow/.local/lib/python3.12/site-packages/airflow/example_dags/tutorial_dag.py took 1.865 seconds
[2024-05-02T22:21:22.942+0000] {processor.py:161} INFO - Started process (PID=111) to work on /home/airflow/.local/lib/python3.12/site-packages/airflow/example_dags/tutorial_dag.py
[2024-05-02T22:21:22.990+0000] {processor.py:830} INFO - Processing file /home/airflow/.local/lib/python3.12/site-packages/airflow/example_dags/tutorial_dag.py for tasks to queue
[2024-05-02T22:21:23.010+0000] {logging_mixin.py:188} INFO - [2024-05-02T22:21:23.009+0000] {dagbag.py:540} INFO - Filling up the DagBag from /home/airflow/.local/lib/python3.12/site-packages/airflow/example_dags/tutorial_dag.py
[2024-05-02T22:21:23.080+0000] {processor.py:840} INFO - DAG(s) 'tutorial_dag' retrieved from /home/airflow/.local/lib/python3.12/site-packages/airflow/example_dags/tutorial_dag.py
[2024-05-02T22:21:23.243+0000] {logging_mixin.py:188} INFO - [2024-05-02T22:21:23.242+0000] {dag.py:3096} INFO - Sync 1 DAGs
[2024-05-02T22:21:23.339+0000] {logging_mixin.py:188} INFO - [2024-05-02T22:21:23.339+0000] {dag.py:3954} INFO - Setting next_dagrun for tutorial_dag to None, run_after=None
[2024-05-02T22:21:23.563+0000] {processor.py:183} INFO - Processing /home/airflow/.local/lib/python3.12/site-packages/airflow/example_dags/tutorial_dag.py took 0.656 seconds
[2024-05-02T22:22:00.716+0000] {processor.py:161} INFO - Started process (PID=166) to work on /home/airflow/.local/lib/python3.12/site-packages/airflow/example_dags/tutorial_dag.py
[2024-05-02T22:22:00.729+0000] {processor.py:830} INFO - Processing file /home/airflow/.local/lib/python3.12/site-packages/airflow/example_dags/tutorial_dag.py for tasks to queue
[2024-05-02T22:22:00.741+0000] {logging_mixin.py:188} INFO - [2024-05-02T22:22:00.740+0000] {dagbag.py:540} INFO - Filling up the DagBag from /home/airflow/.local/lib/python3.12/site-packages/airflow/example_dags/tutorial_dag.py
[2024-05-02T22:22:00.784+0000] {processor.py:840} INFO - DAG(s) 'tutorial_dag' retrieved from /home/airflow/.local/lib/python3.12/site-packages/airflow/example_dags/tutorial_dag.py
[2024-05-02T22:22:00.941+0000] {logging_mixin.py:188} INFO - [2024-05-02T22:22:00.940+0000] {dag.py:3096} INFO - Sync 1 DAGs
[2024-05-02T22:22:01.066+0000] {logging_mixin.py:188} INFO - [2024-05-02T22:22:01.066+0000] {dag.py:3954} INFO - Setting next_dagrun for tutorial_dag to None, run_after=None
[2024-05-02T22:22:01.308+0000] {processor.py:183} INFO - Processing /home/airflow/.local/lib/python3.12/site-packages/airflow/example_dags/tutorial_dag.py took 0.649 seconds
[2024-05-02T22:22:52.874+0000] {processor.py:161} INFO - Started process (PID=197) to work on /home/airflow/.local/lib/python3.12/site-packages/airflow/example_dags/tutorial_dag.py
[2024-05-02T22:22:52.877+0000] {processor.py:830} INFO - Processing file /home/airflow/.local/lib/python3.12/site-packages/airflow/example_dags/tutorial_dag.py for tasks to queue
[2024-05-02T22:22:52.886+0000] {logging_mixin.py:188} INFO - [2024-05-02T22:22:52.884+0000] {dagbag.py:540} INFO - Filling up the DagBag from /home/airflow/.local/lib/python3.12/site-packages/airflow/example_dags/tutorial_dag.py
[2024-05-02T22:22:52.946+0000] {processor.py:840} INFO - DAG(s) 'tutorial_dag' retrieved from /home/airflow/.local/lib/python3.12/site-packages/airflow/example_dags/tutorial_dag.py
[2024-05-02T22:22:53.112+0000] {logging_mixin.py:188} INFO - [2024-05-02T22:22:53.111+0000] {dag.py:3096} INFO - Sync 1 DAGs
[2024-05-02T22:22:53.240+0000] {logging_mixin.py:188} INFO - [2024-05-02T22:22:53.239+0000] {dag.py:3954} INFO - Setting next_dagrun for tutorial_dag to None, run_after=None
[2024-05-02T22:22:53.541+0000] {processor.py:183} INFO - Processing /home/airflow/.local/lib/python3.12/site-packages/airflow/example_dags/tutorial_dag.py took 0.715 seconds
[2024-05-02T22:32:26.017+0000] {processor.py:161} INFO - Started process (PID=47) to work on /home/airflow/.local/lib/python3.12/site-packages/airflow/example_dags/tutorial_dag.py
[2024-05-02T22:32:26.027+0000] {processor.py:830} INFO - Processing file /home/airflow/.local/lib/python3.12/site-packages/airflow/example_dags/tutorial_dag.py for tasks to queue
[2024-05-02T22:32:26.032+0000] {logging_mixin.py:188} INFO - [2024-05-02T22:32:26.031+0000] {dagbag.py:540} INFO - Filling up the DagBag from /home/airflow/.local/lib/python3.12/site-packages/airflow/example_dags/tutorial_dag.py
[2024-05-02T22:32:26.119+0000] {processor.py:840} INFO - DAG(s) 'tutorial_dag' retrieved from /home/airflow/.local/lib/python3.12/site-packages/airflow/example_dags/tutorial_dag.py
[2024-05-02T22:32:26.964+0000] {logging_mixin.py:188} INFO - [2024-05-02T22:32:26.964+0000] {dag.py:3096} INFO - Sync 1 DAGs
[2024-05-02T22:32:27.030+0000] {logging_mixin.py:188} INFO - [2024-05-02T22:32:27.030+0000] {dag.py:3954} INFO - Setting next_dagrun for tutorial_dag to None, run_after=None
[2024-05-02T22:32:27.214+0000] {processor.py:183} INFO - Processing /home/airflow/.local/lib/python3.12/site-packages/airflow/example_dags/tutorial_dag.py took 1.282 seconds
[2024-05-02T22:32:58.717+0000] {processor.py:161} INFO - Started process (PID=106) to work on /home/airflow/.local/lib/python3.12/site-packages/airflow/example_dags/tutorial_dag.py
[2024-05-02T22:32:58.720+0000] {processor.py:830} INFO - Processing file /home/airflow/.local/lib/python3.12/site-packages/airflow/example_dags/tutorial_dag.py for tasks to queue
[2024-05-02T22:32:58.734+0000] {logging_mixin.py:188} INFO - [2024-05-02T22:32:58.734+0000] {dagbag.py:540} INFO - Filling up the DagBag from /home/airflow/.local/lib/python3.12/site-packages/airflow/example_dags/tutorial_dag.py
[2024-05-02T22:32:58.759+0000] {processor.py:840} INFO - DAG(s) 'tutorial_dag' retrieved from /home/airflow/.local/lib/python3.12/site-packages/airflow/example_dags/tutorial_dag.py
[2024-05-02T22:32:58.872+0000] {logging_mixin.py:188} INFO - [2024-05-02T22:32:58.872+0000] {dag.py:3096} INFO - Sync 1 DAGs
[2024-05-02T22:32:58.995+0000] {logging_mixin.py:188} INFO - [2024-05-02T22:32:58.995+0000] {dag.py:3954} INFO - Setting next_dagrun for tutorial_dag to None, run_after=None
[2024-05-02T22:32:59.238+0000] {processor.py:183} INFO - Processing /home/airflow/.local/lib/python3.12/site-packages/airflow/example_dags/tutorial_dag.py took 0.543 seconds
[2024-05-02T22:33:30.090+0000] {processor.py:161} INFO - Started process (PID=169) to work on /home/airflow/.local/lib/python3.12/site-packages/airflow/example_dags/tutorial_dag.py
[2024-05-02T22:33:30.093+0000] {processor.py:830} INFO - Processing file /home/airflow/.local/lib/python3.12/site-packages/airflow/example_dags/tutorial_dag.py for tasks to queue
[2024-05-02T22:33:30.105+0000] {logging_mixin.py:188} INFO - [2024-05-02T22:33:30.101+0000] {dagbag.py:540} INFO - Filling up the DagBag from /home/airflow/.local/lib/python3.12/site-packages/airflow/example_dags/tutorial_dag.py
[2024-05-02T22:33:30.123+0000] {processor.py:840} INFO - DAG(s) 'tutorial_dag' retrieved from /home/airflow/.local/lib/python3.12/site-packages/airflow/example_dags/tutorial_dag.py
[2024-05-02T22:33:30.193+0000] {logging_mixin.py:188} INFO - [2024-05-02T22:33:30.192+0000] {dag.py:3096} INFO - Sync 1 DAGs
[2024-05-02T22:33:30.236+0000] {logging_mixin.py:188} INFO - [2024-05-02T22:33:30.236+0000] {dag.py:3954} INFO - Setting next_dagrun for tutorial_dag to None, run_after=None
[2024-05-02T22:33:30.351+0000] {processor.py:183} INFO - Processing /home/airflow/.local/lib/python3.12/site-packages/airflow/example_dags/tutorial_dag.py took 0.280 seconds
[2024-05-02T22:34:00.627+0000] {processor.py:161} INFO - Started process (PID=228) to work on /home/airflow/.local/lib/python3.12/site-packages/airflow/example_dags/tutorial_dag.py
[2024-05-02T22:34:00.630+0000] {processor.py:830} INFO - Processing file /home/airflow/.local/lib/python3.12/site-packages/airflow/example_dags/tutorial_dag.py for tasks to queue
[2024-05-02T22:34:00.637+0000] {logging_mixin.py:188} INFO - [2024-05-02T22:34:00.635+0000] {dagbag.py:540} INFO - Filling up the DagBag from /home/airflow/.local/lib/python3.12/site-packages/airflow/example_dags/tutorial_dag.py
[2024-05-02T22:34:00.657+0000] {processor.py:840} INFO - DAG(s) 'tutorial_dag' retrieved from /home/airflow/.local/lib/python3.12/site-packages/airflow/example_dags/tutorial_dag.py
[2024-05-02T22:34:00.705+0000] {logging_mixin.py:188} INFO - [2024-05-02T22:34:00.704+0000] {dag.py:3096} INFO - Sync 1 DAGs
[2024-05-02T22:34:00.750+0000] {logging_mixin.py:188} INFO - [2024-05-02T22:34:00.749+0000] {dag.py:3954} INFO - Setting next_dagrun for tutorial_dag to None, run_after=None
[2024-05-02T22:34:00.823+0000] {processor.py:183} INFO - Processing /home/airflow/.local/lib/python3.12/site-packages/airflow/example_dags/tutorial_dag.py took 0.218 seconds
[2024-05-02T22:34:30.904+0000] {processor.py:161} INFO - Started process (PID=288) to work on /home/airflow/.local/lib/python3.12/site-packages/airflow/example_dags/tutorial_dag.py
[2024-05-02T22:34:30.907+0000] {processor.py:830} INFO - Processing file /home/airflow/.local/lib/python3.12/site-packages/airflow/example_dags/tutorial_dag.py for tasks to queue
[2024-05-02T22:34:30.911+0000] {logging_mixin.py:188} INFO - [2024-05-02T22:34:30.910+0000] {dagbag.py:540} INFO - Filling up the DagBag from /home/airflow/.local/lib/python3.12/site-packages/airflow/example_dags/tutorial_dag.py
[2024-05-02T22:34:30.934+0000] {processor.py:840} INFO - DAG(s) 'tutorial_dag' retrieved from /home/airflow/.local/lib/python3.12/site-packages/airflow/example_dags/tutorial_dag.py
[2024-05-02T22:34:31.029+0000] {logging_mixin.py:188} INFO - [2024-05-02T22:34:31.028+0000] {dag.py:3096} INFO - Sync 1 DAGs
[2024-05-02T22:34:31.131+0000] {logging_mixin.py:188} INFO - [2024-05-02T22:34:31.130+0000] {dag.py:3954} INFO - Setting next_dagrun for tutorial_dag to None, run_after=None
[2024-05-02T22:34:31.301+0000] {processor.py:183} INFO - Processing /home/airflow/.local/lib/python3.12/site-packages/airflow/example_dags/tutorial_dag.py took 0.413 seconds
[2024-05-02T22:35:02.221+0000] {processor.py:161} INFO - Started process (PID=346) to work on /home/airflow/.local/lib/python3.12/site-packages/airflow/example_dags/tutorial_dag.py
[2024-05-02T22:35:02.224+0000] {processor.py:830} INFO - Processing file /home/airflow/.local/lib/python3.12/site-packages/airflow/example_dags/tutorial_dag.py for tasks to queue
[2024-05-02T22:35:02.239+0000] {logging_mixin.py:188} INFO - [2024-05-02T22:35:02.238+0000] {dagbag.py:540} INFO - Filling up the DagBag from /home/airflow/.local/lib/python3.12/site-packages/airflow/example_dags/tutorial_dag.py
[2024-05-02T22:35:02.262+0000] {processor.py:840} INFO - DAG(s) 'tutorial_dag' retrieved from /home/airflow/.local/lib/python3.12/site-packages/airflow/example_dags/tutorial_dag.py
[2024-05-02T22:35:02.286+0000] {logging_mixin.py:188} INFO - [2024-05-02T22:35:02.285+0000] {dag.py:3096} INFO - Sync 1 DAGs
[2024-05-02T22:35:02.334+0000] {logging_mixin.py:188} INFO - [2024-05-02T22:35:02.334+0000] {dag.py:3954} INFO - Setting next_dagrun for tutorial_dag to None, run_after=None
[2024-05-02T22:35:02.408+0000] {processor.py:183} INFO - Processing /home/airflow/.local/lib/python3.12/site-packages/airflow/example_dags/tutorial_dag.py took 0.211 seconds
[2024-05-02T22:35:36.820+0000] {processor.py:161} INFO - Started process (PID=404) to work on /home/airflow/.local/lib/python3.12/site-packages/airflow/example_dags/tutorial_dag.py
[2024-05-02T22:35:36.822+0000] {processor.py:830} INFO - Processing file /home/airflow/.local/lib/python3.12/site-packages/airflow/example_dags/tutorial_dag.py for tasks to queue
[2024-05-02T22:35:36.826+0000] {logging_mixin.py:188} INFO - [2024-05-02T22:35:36.825+0000] {dagbag.py:540} INFO - Filling up the DagBag from /home/airflow/.local/lib/python3.12/site-packages/airflow/example_dags/tutorial_dag.py
[2024-05-02T22:35:36.837+0000] {processor.py:840} INFO - DAG(s) 'tutorial_dag' retrieved from /home/airflow/.local/lib/python3.12/site-packages/airflow/example_dags/tutorial_dag.py
[2024-05-02T22:35:37.125+0000] {logging_mixin.py:188} INFO - [2024-05-02T22:35:37.125+0000] {dag.py:3096} INFO - Sync 1 DAGs
[2024-05-02T22:35:37.194+0000] {logging_mixin.py:188} INFO - [2024-05-02T22:35:37.193+0000] {dag.py:3954} INFO - Setting next_dagrun for tutorial_dag to None, run_after=None
[2024-05-02T22:35:38.185+0000] {processor.py:183} INFO - Processing /home/airflow/.local/lib/python3.12/site-packages/airflow/example_dags/tutorial_dag.py took 1.376 seconds
[2024-05-02T22:36:08.708+0000] {processor.py:161} INFO - Started process (PID=462) to work on /home/airflow/.local/lib/python3.12/site-packages/airflow/example_dags/tutorial_dag.py
[2024-05-02T22:36:08.710+0000] {processor.py:830} INFO - Processing file /home/airflow/.local/lib/python3.12/site-packages/airflow/example_dags/tutorial_dag.py for tasks to queue
[2024-05-02T22:36:08.714+0000] {logging_mixin.py:188} INFO - [2024-05-02T22:36:08.713+0000] {dagbag.py:540} INFO - Filling up the DagBag from /home/airflow/.local/lib/python3.12/site-packages/airflow/example_dags/tutorial_dag.py
[2024-05-02T22:36:08.747+0000] {processor.py:840} INFO - DAG(s) 'tutorial_dag' retrieved from /home/airflow/.local/lib/python3.12/site-packages/airflow/example_dags/tutorial_dag.py
[2024-05-02T22:36:08.886+0000] {logging_mixin.py:188} INFO - [2024-05-02T22:36:08.885+0000] {dag.py:3096} INFO - Sync 1 DAGs
[2024-05-02T22:36:08.967+0000] {logging_mixin.py:188} INFO - [2024-05-02T22:36:08.960+0000] {dag.py:3954} INFO - Setting next_dagrun for tutorial_dag to None, run_after=None
[2024-05-02T22:36:09.051+0000] {processor.py:183} INFO - Processing /home/airflow/.local/lib/python3.12/site-packages/airflow/example_dags/tutorial_dag.py took 0.356 seconds
[2024-05-02T22:36:39.218+0000] {processor.py:161} INFO - Started process (PID=521) to work on /home/airflow/.local/lib/python3.12/site-packages/airflow/example_dags/tutorial_dag.py
[2024-05-02T22:36:39.220+0000] {processor.py:830} INFO - Processing file /home/airflow/.local/lib/python3.12/site-packages/airflow/example_dags/tutorial_dag.py for tasks to queue
[2024-05-02T22:36:39.223+0000] {logging_mixin.py:188} INFO - [2024-05-02T22:36:39.222+0000] {dagbag.py:540} INFO - Filling up the DagBag from /home/airflow/.local/lib/python3.12/site-packages/airflow/example_dags/tutorial_dag.py
[2024-05-02T22:36:39.235+0000] {processor.py:840} INFO - DAG(s) 'tutorial_dag' retrieved from /home/airflow/.local/lib/python3.12/site-packages/airflow/example_dags/tutorial_dag.py
[2024-05-02T22:36:39.318+0000] {logging_mixin.py:188} INFO - [2024-05-02T22:36:39.317+0000] {dag.py:3096} INFO - Sync 1 DAGs
[2024-05-02T22:36:39.364+0000] {logging_mixin.py:188} INFO - [2024-05-02T22:36:39.363+0000] {dag.py:3954} INFO - Setting next_dagrun for tutorial_dag to None, run_after=None
[2024-05-02T22:36:39.424+0000] {processor.py:183} INFO - Processing /home/airflow/.local/lib/python3.12/site-packages/airflow/example_dags/tutorial_dag.py took 0.219 seconds
[2024-05-02T22:37:12.301+0000] {processor.py:161} INFO - Started process (PID=575) to work on /home/airflow/.local/lib/python3.12/site-packages/airflow/example_dags/tutorial_dag.py
[2024-05-02T22:37:12.303+0000] {processor.py:830} INFO - Processing file /home/airflow/.local/lib/python3.12/site-packages/airflow/example_dags/tutorial_dag.py for tasks to queue
[2024-05-02T22:37:12.307+0000] {logging_mixin.py:188} INFO - [2024-05-02T22:37:12.307+0000] {dagbag.py:540} INFO - Filling up the DagBag from /home/airflow/.local/lib/python3.12/site-packages/airflow/example_dags/tutorial_dag.py
[2024-05-02T22:37:12.326+0000] {processor.py:840} INFO - DAG(s) 'tutorial_dag' retrieved from /home/airflow/.local/lib/python3.12/site-packages/airflow/example_dags/tutorial_dag.py
[2024-05-02T22:37:12.366+0000] {logging_mixin.py:188} INFO - [2024-05-02T22:37:12.366+0000] {dag.py:3096} INFO - Sync 1 DAGs
[2024-05-02T22:37:12.396+0000] {logging_mixin.py:188} INFO - [2024-05-02T22:37:12.395+0000] {dag.py:3954} INFO - Setting next_dagrun for tutorial_dag to None, run_after=None
[2024-05-02T22:37:12.441+0000] {processor.py:183} INFO - Processing /home/airflow/.local/lib/python3.12/site-packages/airflow/example_dags/tutorial_dag.py took 0.159 seconds
[2024-05-02T22:37:49.814+0000] {processor.py:161} INFO - Started process (PID=635) to work on /home/airflow/.local/lib/python3.12/site-packages/airflow/example_dags/tutorial_dag.py
[2024-05-02T22:37:49.822+0000] {processor.py:830} INFO - Processing file /home/airflow/.local/lib/python3.12/site-packages/airflow/example_dags/tutorial_dag.py for tasks to queue
[2024-05-02T22:37:49.833+0000] {logging_mixin.py:188} INFO - [2024-05-02T22:37:49.832+0000] {dagbag.py:540} INFO - Filling up the DagBag from /home/airflow/.local/lib/python3.12/site-packages/airflow/example_dags/tutorial_dag.py
[2024-05-02T22:37:49.844+0000] {processor.py:840} INFO - DAG(s) 'tutorial_dag' retrieved from /home/airflow/.local/lib/python3.12/site-packages/airflow/example_dags/tutorial_dag.py
[2024-05-02T22:37:49.988+0000] {logging_mixin.py:188} INFO - [2024-05-02T22:37:49.988+0000] {dag.py:3096} INFO - Sync 1 DAGs
[2024-05-02T22:37:50.075+0000] {logging_mixin.py:188} INFO - [2024-05-02T22:37:50.074+0000] {dag.py:3954} INFO - Setting next_dagrun for tutorial_dag to None, run_after=None
[2024-05-02T22:37:50.207+0000] {processor.py:183} INFO - Processing /home/airflow/.local/lib/python3.12/site-packages/airflow/example_dags/tutorial_dag.py took 0.408 seconds
[2024-05-02T22:38:24.300+0000] {processor.py:161} INFO - Started process (PID=693) to work on /home/airflow/.local/lib/python3.12/site-packages/airflow/example_dags/tutorial_dag.py
[2024-05-02T22:38:24.307+0000] {processor.py:830} INFO - Processing file /home/airflow/.local/lib/python3.12/site-packages/airflow/example_dags/tutorial_dag.py for tasks to queue
[2024-05-02T22:38:24.314+0000] {logging_mixin.py:188} INFO - [2024-05-02T22:38:24.313+0000] {dagbag.py:540} INFO - Filling up the DagBag from /home/airflow/.local/lib/python3.12/site-packages/airflow/example_dags/tutorial_dag.py
[2024-05-02T22:38:24.331+0000] {processor.py:840} INFO - DAG(s) 'tutorial_dag' retrieved from /home/airflow/.local/lib/python3.12/site-packages/airflow/example_dags/tutorial_dag.py
[2024-05-02T22:38:24.422+0000] {logging_mixin.py:188} INFO - [2024-05-02T22:38:24.421+0000] {dag.py:3096} INFO - Sync 1 DAGs
[2024-05-02T22:38:24.509+0000] {logging_mixin.py:188} INFO - [2024-05-02T22:38:24.508+0000] {dag.py:3954} INFO - Setting next_dagrun for tutorial_dag to None, run_after=None
[2024-05-02T22:38:24.660+0000] {processor.py:183} INFO - Processing /home/airflow/.local/lib/python3.12/site-packages/airflow/example_dags/tutorial_dag.py took 0.409 seconds
[2024-05-02T22:38:55.967+0000] {processor.py:161} INFO - Started process (PID=751) to work on /home/airflow/.local/lib/python3.12/site-packages/airflow/example_dags/tutorial_dag.py
[2024-05-02T22:38:55.982+0000] {processor.py:830} INFO - Processing file /home/airflow/.local/lib/python3.12/site-packages/airflow/example_dags/tutorial_dag.py for tasks to queue
[2024-05-02T22:38:56.031+0000] {logging_mixin.py:188} INFO - [2024-05-02T22:38:56.030+0000] {dagbag.py:540} INFO - Filling up the DagBag from /home/airflow/.local/lib/python3.12/site-packages/airflow/example_dags/tutorial_dag.py
[2024-05-02T22:38:56.069+0000] {processor.py:840} INFO - DAG(s) 'tutorial_dag' retrieved from /home/airflow/.local/lib/python3.12/site-packages/airflow/example_dags/tutorial_dag.py
[2024-05-02T22:38:56.336+0000] {logging_mixin.py:188} INFO - [2024-05-02T22:38:56.323+0000] {dag.py:3096} INFO - Sync 1 DAGs
[2024-05-02T22:38:56.575+0000] {logging_mixin.py:188} INFO - [2024-05-02T22:38:56.575+0000] {dag.py:3954} INFO - Setting next_dagrun for tutorial_dag to None, run_after=None
[2024-05-02T22:38:56.760+0000] {processor.py:183} INFO - Processing /home/airflow/.local/lib/python3.12/site-packages/airflow/example_dags/tutorial_dag.py took 0.858 seconds
[2024-05-02T22:39:27.247+0000] {processor.py:161} INFO - Started process (PID=810) to work on /home/airflow/.local/lib/python3.12/site-packages/airflow/example_dags/tutorial_dag.py
[2024-05-02T22:39:27.250+0000] {processor.py:830} INFO - Processing file /home/airflow/.local/lib/python3.12/site-packages/airflow/example_dags/tutorial_dag.py for tasks to queue
[2024-05-02T22:39:27.253+0000] {logging_mixin.py:188} INFO - [2024-05-02T22:39:27.252+0000] {dagbag.py:540} INFO - Filling up the DagBag from /home/airflow/.local/lib/python3.12/site-packages/airflow/example_dags/tutorial_dag.py
[2024-05-02T22:39:27.265+0000] {processor.py:840} INFO - DAG(s) 'tutorial_dag' retrieved from /home/airflow/.local/lib/python3.12/site-packages/airflow/example_dags/tutorial_dag.py
[2024-05-02T22:39:27.293+0000] {logging_mixin.py:188} INFO - [2024-05-02T22:39:27.292+0000] {dag.py:3096} INFO - Sync 1 DAGs
[2024-05-02T22:39:27.331+0000] {logging_mixin.py:188} INFO - [2024-05-02T22:39:27.331+0000] {dag.py:3954} INFO - Setting next_dagrun for tutorial_dag to None, run_after=None
[2024-05-02T22:39:27.380+0000] {processor.py:183} INFO - Processing /home/airflow/.local/lib/python3.12/site-packages/airflow/example_dags/tutorial_dag.py took 0.147 seconds
[2024-05-02T22:40:09.471+0000] {processor.py:161} INFO - Started process (PID=871) to work on /home/airflow/.local/lib/python3.12/site-packages/airflow/example_dags/tutorial_dag.py
[2024-05-02T22:40:09.478+0000] {processor.py:830} INFO - Processing file /home/airflow/.local/lib/python3.12/site-packages/airflow/example_dags/tutorial_dag.py for tasks to queue
[2024-05-02T22:40:09.482+0000] {logging_mixin.py:188} INFO - [2024-05-02T22:40:09.481+0000] {dagbag.py:540} INFO - Filling up the DagBag from /home/airflow/.local/lib/python3.12/site-packages/airflow/example_dags/tutorial_dag.py
[2024-05-02T22:40:09.501+0000] {processor.py:840} INFO - DAG(s) 'tutorial_dag' retrieved from /home/airflow/.local/lib/python3.12/site-packages/airflow/example_dags/tutorial_dag.py
[2024-05-02T22:40:10.649+0000] {logging_mixin.py:188} INFO - [2024-05-02T22:40:10.648+0000] {dag.py:3096} INFO - Sync 1 DAGs
[2024-05-02T22:40:10.691+0000] {logging_mixin.py:188} INFO - [2024-05-02T22:40:10.690+0000] {dag.py:3954} INFO - Setting next_dagrun for tutorial_dag to None, run_after=None
[2024-05-02T22:40:10.820+0000] {processor.py:183} INFO - Processing /home/airflow/.local/lib/python3.12/site-packages/airflow/example_dags/tutorial_dag.py took 1.356 seconds
[2024-05-02T22:40:41.183+0000] {processor.py:161} INFO - Started process (PID=930) to work on /home/airflow/.local/lib/python3.12/site-packages/airflow/example_dags/tutorial_dag.py
[2024-05-02T22:40:41.185+0000] {processor.py:830} INFO - Processing file /home/airflow/.local/lib/python3.12/site-packages/airflow/example_dags/tutorial_dag.py for tasks to queue
[2024-05-02T22:40:41.188+0000] {logging_mixin.py:188} INFO - [2024-05-02T22:40:41.188+0000] {dagbag.py:540} INFO - Filling up the DagBag from /home/airflow/.local/lib/python3.12/site-packages/airflow/example_dags/tutorial_dag.py
[2024-05-02T22:40:41.198+0000] {processor.py:840} INFO - DAG(s) 'tutorial_dag' retrieved from /home/airflow/.local/lib/python3.12/site-packages/airflow/example_dags/tutorial_dag.py
[2024-05-02T22:40:41.236+0000] {logging_mixin.py:188} INFO - [2024-05-02T22:40:41.236+0000] {dag.py:3096} INFO - Sync 1 DAGs
[2024-05-02T22:40:41.264+0000] {logging_mixin.py:188} INFO - [2024-05-02T22:40:41.264+0000] {dag.py:3954} INFO - Setting next_dagrun for tutorial_dag to None, run_after=None
[2024-05-02T22:40:41.311+0000] {processor.py:183} INFO - Processing /home/airflow/.local/lib/python3.12/site-packages/airflow/example_dags/tutorial_dag.py took 0.139 seconds
[2024-05-02T22:41:12.080+0000] {processor.py:161} INFO - Started process (PID=989) to work on /home/airflow/.local/lib/python3.12/site-packages/airflow/example_dags/tutorial_dag.py
[2024-05-02T22:41:12.082+0000] {processor.py:830} INFO - Processing file /home/airflow/.local/lib/python3.12/site-packages/airflow/example_dags/tutorial_dag.py for tasks to queue
[2024-05-02T22:41:12.085+0000] {logging_mixin.py:188} INFO - [2024-05-02T22:41:12.085+0000] {dagbag.py:540} INFO - Filling up the DagBag from /home/airflow/.local/lib/python3.12/site-packages/airflow/example_dags/tutorial_dag.py
[2024-05-02T22:41:12.093+0000] {processor.py:840} INFO - DAG(s) 'tutorial_dag' retrieved from /home/airflow/.local/lib/python3.12/site-packages/airflow/example_dags/tutorial_dag.py
[2024-05-02T22:41:12.377+0000] {logging_mixin.py:188} INFO - [2024-05-02T22:41:12.377+0000] {dag.py:3096} INFO - Sync 1 DAGs
[2024-05-02T22:41:12.402+0000] {logging_mixin.py:188} INFO - [2024-05-02T22:41:12.401+0000] {dag.py:3954} INFO - Setting next_dagrun for tutorial_dag to None, run_after=None
[2024-05-02T22:41:12.437+0000] {processor.py:183} INFO - Processing /home/airflow/.local/lib/python3.12/site-packages/airflow/example_dags/tutorial_dag.py took 0.367 seconds
[2024-05-02T22:41:42.553+0000] {processor.py:161} INFO - Started process (PID=1048) to work on /home/airflow/.local/lib/python3.12/site-packages/airflow/example_dags/tutorial_dag.py
[2024-05-02T22:41:42.554+0000] {processor.py:830} INFO - Processing file /home/airflow/.local/lib/python3.12/site-packages/airflow/example_dags/tutorial_dag.py for tasks to queue
[2024-05-02T22:41:42.557+0000] {logging_mixin.py:188} INFO - [2024-05-02T22:41:42.557+0000] {dagbag.py:540} INFO - Filling up the DagBag from /home/airflow/.local/lib/python3.12/site-packages/airflow/example_dags/tutorial_dag.py
[2024-05-02T22:41:42.566+0000] {processor.py:840} INFO - DAG(s) 'tutorial_dag' retrieved from /home/airflow/.local/lib/python3.12/site-packages/airflow/example_dags/tutorial_dag.py
[2024-05-02T22:41:42.604+0000] {logging_mixin.py:188} INFO - [2024-05-02T22:41:42.604+0000] {dag.py:3096} INFO - Sync 1 DAGs
[2024-05-02T22:41:42.633+0000] {logging_mixin.py:188} INFO - [2024-05-02T22:41:42.633+0000] {dag.py:3954} INFO - Setting next_dagrun for tutorial_dag to None, run_after=None
[2024-05-02T22:41:42.681+0000] {processor.py:183} INFO - Processing /home/airflow/.local/lib/python3.12/site-packages/airflow/example_dags/tutorial_dag.py took 0.138 seconds
[2024-05-02T22:42:13.424+0000] {processor.py:161} INFO - Started process (PID=1105) to work on /home/airflow/.local/lib/python3.12/site-packages/airflow/example_dags/tutorial_dag.py
[2024-05-02T22:42:13.428+0000] {processor.py:830} INFO - Processing file /home/airflow/.local/lib/python3.12/site-packages/airflow/example_dags/tutorial_dag.py for tasks to queue
[2024-05-02T22:42:13.439+0000] {logging_mixin.py:188} INFO - [2024-05-02T22:42:13.438+0000] {dagbag.py:540} INFO - Filling up the DagBag from /home/airflow/.local/lib/python3.12/site-packages/airflow/example_dags/tutorial_dag.py
[2024-05-02T22:42:13.454+0000] {processor.py:840} INFO - DAG(s) 'tutorial_dag' retrieved from /home/airflow/.local/lib/python3.12/site-packages/airflow/example_dags/tutorial_dag.py
[2024-05-02T22:42:13.506+0000] {logging_mixin.py:188} INFO - [2024-05-02T22:42:13.505+0000] {dag.py:3096} INFO - Sync 1 DAGs
[2024-05-02T22:42:13.547+0000] {logging_mixin.py:188} INFO - [2024-05-02T22:42:13.547+0000] {dag.py:3954} INFO - Setting next_dagrun for tutorial_dag to None, run_after=None
[2024-05-02T22:42:13.606+0000] {processor.py:183} INFO - Processing /home/airflow/.local/lib/python3.12/site-packages/airflow/example_dags/tutorial_dag.py took 0.193 seconds
[2024-05-02T22:42:44.176+0000] {processor.py:161} INFO - Started process (PID=1164) to work on /home/airflow/.local/lib/python3.12/site-packages/airflow/example_dags/tutorial_dag.py
[2024-05-02T22:42:44.178+0000] {processor.py:830} INFO - Processing file /home/airflow/.local/lib/python3.12/site-packages/airflow/example_dags/tutorial_dag.py for tasks to queue
[2024-05-02T22:42:44.182+0000] {logging_mixin.py:188} INFO - [2024-05-02T22:42:44.181+0000] {dagbag.py:540} INFO - Filling up the DagBag from /home/airflow/.local/lib/python3.12/site-packages/airflow/example_dags/tutorial_dag.py
[2024-05-02T22:42:44.194+0000] {processor.py:840} INFO - DAG(s) 'tutorial_dag' retrieved from /home/airflow/.local/lib/python3.12/site-packages/airflow/example_dags/tutorial_dag.py
[2024-05-02T22:42:44.260+0000] {logging_mixin.py:188} INFO - [2024-05-02T22:42:44.259+0000] {dag.py:3096} INFO - Sync 1 DAGs
[2024-05-02T22:42:44.304+0000] {logging_mixin.py:188} INFO - [2024-05-02T22:42:44.304+0000] {dag.py:3954} INFO - Setting next_dagrun for tutorial_dag to None, run_after=None
[2024-05-02T22:42:44.370+0000] {processor.py:183} INFO - Processing /home/airflow/.local/lib/python3.12/site-packages/airflow/example_dags/tutorial_dag.py took 0.205 seconds
[2024-05-02T22:43:15.176+0000] {processor.py:161} INFO - Started process (PID=1223) to work on /home/airflow/.local/lib/python3.12/site-packages/airflow/example_dags/tutorial_dag.py
[2024-05-02T22:43:15.177+0000] {processor.py:830} INFO - Processing file /home/airflow/.local/lib/python3.12/site-packages/airflow/example_dags/tutorial_dag.py for tasks to queue
[2024-05-02T22:43:15.182+0000] {logging_mixin.py:188} INFO - [2024-05-02T22:43:15.181+0000] {dagbag.py:540} INFO - Filling up the DagBag from /home/airflow/.local/lib/python3.12/site-packages/airflow/example_dags/tutorial_dag.py
[2024-05-02T22:43:15.193+0000] {processor.py:840} INFO - DAG(s) 'tutorial_dag' retrieved from /home/airflow/.local/lib/python3.12/site-packages/airflow/example_dags/tutorial_dag.py
[2024-05-02T22:43:15.232+0000] {logging_mixin.py:188} INFO - [2024-05-02T22:43:15.231+0000] {dag.py:3096} INFO - Sync 1 DAGs
[2024-05-02T22:43:15.255+0000] {logging_mixin.py:188} INFO - [2024-05-02T22:43:15.255+0000] {dag.py:3954} INFO - Setting next_dagrun for tutorial_dag to None, run_after=None
[2024-05-02T22:43:15.292+0000] {processor.py:183} INFO - Processing /home/airflow/.local/lib/python3.12/site-packages/airflow/example_dags/tutorial_dag.py took 0.126 seconds
[2024-05-02T22:43:45.984+0000] {processor.py:161} INFO - Started process (PID=1282) to work on /home/airflow/.local/lib/python3.12/site-packages/airflow/example_dags/tutorial_dag.py
[2024-05-02T22:43:45.986+0000] {processor.py:830} INFO - Processing file /home/airflow/.local/lib/python3.12/site-packages/airflow/example_dags/tutorial_dag.py for tasks to queue
[2024-05-02T22:43:45.990+0000] {logging_mixin.py:188} INFO - [2024-05-02T22:43:45.989+0000] {dagbag.py:540} INFO - Filling up the DagBag from /home/airflow/.local/lib/python3.12/site-packages/airflow/example_dags/tutorial_dag.py
[2024-05-02T22:43:46.002+0000] {processor.py:840} INFO - DAG(s) 'tutorial_dag' retrieved from /home/airflow/.local/lib/python3.12/site-packages/airflow/example_dags/tutorial_dag.py
[2024-05-02T22:43:46.046+0000] {logging_mixin.py:188} INFO - [2024-05-02T22:43:46.046+0000] {dag.py:3096} INFO - Sync 1 DAGs
[2024-05-02T22:43:46.099+0000] {logging_mixin.py:188} INFO - [2024-05-02T22:43:46.099+0000] {dag.py:3954} INFO - Setting next_dagrun for tutorial_dag to None, run_after=None
[2024-05-02T22:43:46.163+0000] {processor.py:183} INFO - Processing /home/airflow/.local/lib/python3.12/site-packages/airflow/example_dags/tutorial_dag.py took 0.188 seconds
[2024-05-02T22:44:16.915+0000] {processor.py:161} INFO - Started process (PID=1341) to work on /home/airflow/.local/lib/python3.12/site-packages/airflow/example_dags/tutorial_dag.py
[2024-05-02T22:44:16.917+0000] {processor.py:830} INFO - Processing file /home/airflow/.local/lib/python3.12/site-packages/airflow/example_dags/tutorial_dag.py for tasks to queue
[2024-05-02T22:44:16.923+0000] {logging_mixin.py:188} INFO - [2024-05-02T22:44:16.922+0000] {dagbag.py:540} INFO - Filling up the DagBag from /home/airflow/.local/lib/python3.12/site-packages/airflow/example_dags/tutorial_dag.py
[2024-05-02T22:44:16.935+0000] {processor.py:840} INFO - DAG(s) 'tutorial_dag' retrieved from /home/airflow/.local/lib/python3.12/site-packages/airflow/example_dags/tutorial_dag.py
[2024-05-02T22:44:16.975+0000] {logging_mixin.py:188} INFO - [2024-05-02T22:44:16.974+0000] {dag.py:3096} INFO - Sync 1 DAGs
[2024-05-02T22:44:17.005+0000] {logging_mixin.py:188} INFO - [2024-05-02T22:44:17.004+0000] {dag.py:3954} INFO - Setting next_dagrun for tutorial_dag to None, run_after=None
[2024-05-02T22:44:17.049+0000] {processor.py:183} INFO - Processing /home/airflow/.local/lib/python3.12/site-packages/airflow/example_dags/tutorial_dag.py took 0.148 seconds
[2024-05-02T22:44:48.015+0000] {processor.py:161} INFO - Started process (PID=1395) to work on /home/airflow/.local/lib/python3.12/site-packages/airflow/example_dags/tutorial_dag.py
[2024-05-02T22:44:48.028+0000] {processor.py:830} INFO - Processing file /home/airflow/.local/lib/python3.12/site-packages/airflow/example_dags/tutorial_dag.py for tasks to queue
[2024-05-02T22:44:48.060+0000] {logging_mixin.py:188} INFO - [2024-05-02T22:44:48.058+0000] {dagbag.py:540} INFO - Filling up the DagBag from /home/airflow/.local/lib/python3.12/site-packages/airflow/example_dags/tutorial_dag.py
[2024-05-02T22:44:48.100+0000] {processor.py:840} INFO - DAG(s) 'tutorial_dag' retrieved from /home/airflow/.local/lib/python3.12/site-packages/airflow/example_dags/tutorial_dag.py
[2024-05-02T22:44:48.218+0000] {logging_mixin.py:188} INFO - [2024-05-02T22:44:48.218+0000] {dag.py:3096} INFO - Sync 1 DAGs
[2024-05-02T22:44:48.291+0000] {logging_mixin.py:188} INFO - [2024-05-02T22:44:48.291+0000] {dag.py:3954} INFO - Setting next_dagrun for tutorial_dag to None, run_after=None
[2024-05-02T22:44:48.415+0000] {processor.py:183} INFO - Processing /home/airflow/.local/lib/python3.12/site-packages/airflow/example_dags/tutorial_dag.py took 0.466 seconds
[2024-05-02T22:45:19.237+0000] {processor.py:161} INFO - Started process (PID=1454) to work on /home/airflow/.local/lib/python3.12/site-packages/airflow/example_dags/tutorial_dag.py
[2024-05-02T22:45:19.239+0000] {processor.py:830} INFO - Processing file /home/airflow/.local/lib/python3.12/site-packages/airflow/example_dags/tutorial_dag.py for tasks to queue
[2024-05-02T22:45:19.244+0000] {logging_mixin.py:188} INFO - [2024-05-02T22:45:19.242+0000] {dagbag.py:540} INFO - Filling up the DagBag from /home/airflow/.local/lib/python3.12/site-packages/airflow/example_dags/tutorial_dag.py
[2024-05-02T22:45:19.260+0000] {processor.py:840} INFO - DAG(s) 'tutorial_dag' retrieved from /home/airflow/.local/lib/python3.12/site-packages/airflow/example_dags/tutorial_dag.py
[2024-05-02T22:45:19.312+0000] {logging_mixin.py:188} INFO - [2024-05-02T22:45:19.311+0000] {dag.py:3096} INFO - Sync 1 DAGs
[2024-05-02T22:45:19.402+0000] {logging_mixin.py:188} INFO - [2024-05-02T22:45:19.401+0000] {dag.py:3954} INFO - Setting next_dagrun for tutorial_dag to None, run_after=None
[2024-05-02T22:45:19.502+0000] {processor.py:183} INFO - Processing /home/airflow/.local/lib/python3.12/site-packages/airflow/example_dags/tutorial_dag.py took 0.278 seconds
[2024-05-02T22:45:49.896+0000] {processor.py:161} INFO - Started process (PID=1513) to work on /home/airflow/.local/lib/python3.12/site-packages/airflow/example_dags/tutorial_dag.py
[2024-05-02T22:45:49.898+0000] {processor.py:830} INFO - Processing file /home/airflow/.local/lib/python3.12/site-packages/airflow/example_dags/tutorial_dag.py for tasks to queue
[2024-05-02T22:45:49.903+0000] {logging_mixin.py:188} INFO - [2024-05-02T22:45:49.902+0000] {dagbag.py:540} INFO - Filling up the DagBag from /home/airflow/.local/lib/python3.12/site-packages/airflow/example_dags/tutorial_dag.py
[2024-05-02T22:45:49.918+0000] {processor.py:840} INFO - DAG(s) 'tutorial_dag' retrieved from /home/airflow/.local/lib/python3.12/site-packages/airflow/example_dags/tutorial_dag.py
[2024-05-02T22:45:49.958+0000] {logging_mixin.py:188} INFO - [2024-05-02T22:45:49.958+0000] {dag.py:3096} INFO - Sync 1 DAGs
[2024-05-02T22:45:49.988+0000] {logging_mixin.py:188} INFO - [2024-05-02T22:45:49.987+0000] {dag.py:3954} INFO - Setting next_dagrun for tutorial_dag to None, run_after=None
[2024-05-02T22:45:50.035+0000] {processor.py:183} INFO - Processing /home/airflow/.local/lib/python3.12/site-packages/airflow/example_dags/tutorial_dag.py took 0.163 seconds
[2024-05-02T22:46:20.221+0000] {processor.py:161} INFO - Started process (PID=1572) to work on /home/airflow/.local/lib/python3.12/site-packages/airflow/example_dags/tutorial_dag.py
[2024-05-02T22:46:20.223+0000] {processor.py:830} INFO - Processing file /home/airflow/.local/lib/python3.12/site-packages/airflow/example_dags/tutorial_dag.py for tasks to queue
[2024-05-02T22:46:20.228+0000] {logging_mixin.py:188} INFO - [2024-05-02T22:46:20.227+0000] {dagbag.py:540} INFO - Filling up the DagBag from /home/airflow/.local/lib/python3.12/site-packages/airflow/example_dags/tutorial_dag.py
[2024-05-02T22:46:20.241+0000] {processor.py:840} INFO - DAG(s) 'tutorial_dag' retrieved from /home/airflow/.local/lib/python3.12/site-packages/airflow/example_dags/tutorial_dag.py
[2024-05-02T22:46:20.290+0000] {logging_mixin.py:188} INFO - [2024-05-02T22:46:20.289+0000] {dag.py:3096} INFO - Sync 1 DAGs
[2024-05-02T22:46:20.327+0000] {logging_mixin.py:188} INFO - [2024-05-02T22:46:20.326+0000] {dag.py:3954} INFO - Setting next_dagrun for tutorial_dag to None, run_after=None
[2024-05-02T22:46:20.384+0000] {processor.py:183} INFO - Processing /home/airflow/.local/lib/python3.12/site-packages/airflow/example_dags/tutorial_dag.py took 0.180 seconds
[2024-05-02T22:46:50.670+0000] {processor.py:161} INFO - Started process (PID=1632) to work on /home/airflow/.local/lib/python3.12/site-packages/airflow/example_dags/tutorial_dag.py
[2024-05-02T22:46:50.671+0000] {processor.py:830} INFO - Processing file /home/airflow/.local/lib/python3.12/site-packages/airflow/example_dags/tutorial_dag.py for tasks to queue
[2024-05-02T22:46:50.675+0000] {logging_mixin.py:188} INFO - [2024-05-02T22:46:50.674+0000] {dagbag.py:540} INFO - Filling up the DagBag from /home/airflow/.local/lib/python3.12/site-packages/airflow/example_dags/tutorial_dag.py
[2024-05-02T22:46:50.694+0000] {processor.py:840} INFO - DAG(s) 'tutorial_dag' retrieved from /home/airflow/.local/lib/python3.12/site-packages/airflow/example_dags/tutorial_dag.py
[2024-05-02T22:46:50.732+0000] {logging_mixin.py:188} INFO - [2024-05-02T22:46:50.732+0000] {dag.py:3096} INFO - Sync 1 DAGs
[2024-05-02T22:46:50.764+0000] {logging_mixin.py:188} INFO - [2024-05-02T22:46:50.763+0000] {dag.py:3954} INFO - Setting next_dagrun for tutorial_dag to None, run_after=None
[2024-05-02T22:46:50.869+0000] {processor.py:183} INFO - Processing /home/airflow/.local/lib/python3.12/site-packages/airflow/example_dags/tutorial_dag.py took 0.212 seconds
[2024-05-02T22:47:21.859+0000] {processor.py:161} INFO - Started process (PID=1691) to work on /home/airflow/.local/lib/python3.12/site-packages/airflow/example_dags/tutorial_dag.py
[2024-05-02T22:47:21.862+0000] {processor.py:830} INFO - Processing file /home/airflow/.local/lib/python3.12/site-packages/airflow/example_dags/tutorial_dag.py for tasks to queue
[2024-05-02T22:47:21.866+0000] {logging_mixin.py:188} INFO - [2024-05-02T22:47:21.866+0000] {dagbag.py:540} INFO - Filling up the DagBag from /home/airflow/.local/lib/python3.12/site-packages/airflow/example_dags/tutorial_dag.py
[2024-05-02T22:47:21.877+0000] {processor.py:840} INFO - DAG(s) 'tutorial_dag' retrieved from /home/airflow/.local/lib/python3.12/site-packages/airflow/example_dags/tutorial_dag.py
[2024-05-02T22:47:21.928+0000] {logging_mixin.py:188} INFO - [2024-05-02T22:47:21.927+0000] {dag.py:3096} INFO - Sync 1 DAGs
[2024-05-02T22:47:21.962+0000] {logging_mixin.py:188} INFO - [2024-05-02T22:47:21.962+0000] {dag.py:3954} INFO - Setting next_dagrun for tutorial_dag to None, run_after=None
[2024-05-02T22:47:22.013+0000] {processor.py:183} INFO - Processing /home/airflow/.local/lib/python3.12/site-packages/airflow/example_dags/tutorial_dag.py took 0.166 seconds
[2024-05-02T22:47:52.520+0000] {processor.py:161} INFO - Started process (PID=1750) to work on /home/airflow/.local/lib/python3.12/site-packages/airflow/example_dags/tutorial_dag.py
[2024-05-02T22:47:52.521+0000] {processor.py:830} INFO - Processing file /home/airflow/.local/lib/python3.12/site-packages/airflow/example_dags/tutorial_dag.py for tasks to queue
[2024-05-02T22:47:52.526+0000] {logging_mixin.py:188} INFO - [2024-05-02T22:47:52.525+0000] {dagbag.py:540} INFO - Filling up the DagBag from /home/airflow/.local/lib/python3.12/site-packages/airflow/example_dags/tutorial_dag.py
[2024-05-02T22:47:52.538+0000] {processor.py:840} INFO - DAG(s) 'tutorial_dag' retrieved from /home/airflow/.local/lib/python3.12/site-packages/airflow/example_dags/tutorial_dag.py
[2024-05-02T22:47:52.585+0000] {logging_mixin.py:188} INFO - [2024-05-02T22:47:52.584+0000] {dag.py:3096} INFO - Sync 1 DAGs
[2024-05-02T22:47:52.612+0000] {logging_mixin.py:188} INFO - [2024-05-02T22:47:52.612+0000] {dag.py:3954} INFO - Setting next_dagrun for tutorial_dag to None, run_after=None
[2024-05-02T22:47:52.661+0000] {processor.py:183} INFO - Processing /home/airflow/.local/lib/python3.12/site-packages/airflow/example_dags/tutorial_dag.py took 0.156 seconds
[2024-05-02T22:48:22.790+0000] {processor.py:161} INFO - Started process (PID=1810) to work on /home/airflow/.local/lib/python3.12/site-packages/airflow/example_dags/tutorial_dag.py
[2024-05-02T22:48:22.793+0000] {processor.py:830} INFO - Processing file /home/airflow/.local/lib/python3.12/site-packages/airflow/example_dags/tutorial_dag.py for tasks to queue
[2024-05-02T22:48:22.798+0000] {logging_mixin.py:188} INFO - [2024-05-02T22:48:22.797+0000] {dagbag.py:540} INFO - Filling up the DagBag from /home/airflow/.local/lib/python3.12/site-packages/airflow/example_dags/tutorial_dag.py
[2024-05-02T22:48:22.808+0000] {processor.py:840} INFO - DAG(s) 'tutorial_dag' retrieved from /home/airflow/.local/lib/python3.12/site-packages/airflow/example_dags/tutorial_dag.py
[2024-05-02T22:48:22.847+0000] {logging_mixin.py:188} INFO - [2024-05-02T22:48:22.846+0000] {dag.py:3096} INFO - Sync 1 DAGs
[2024-05-02T22:48:22.876+0000] {logging_mixin.py:188} INFO - [2024-05-02T22:48:22.875+0000] {dag.py:3954} INFO - Setting next_dagrun for tutorial_dag to None, run_after=None
[2024-05-02T22:48:22.920+0000] {processor.py:183} INFO - Processing /home/airflow/.local/lib/python3.12/site-packages/airflow/example_dags/tutorial_dag.py took 0.145 seconds
[2024-05-02T22:48:53.292+0000] {processor.py:161} INFO - Started process (PID=1869) to work on /home/airflow/.local/lib/python3.12/site-packages/airflow/example_dags/tutorial_dag.py
[2024-05-02T22:48:53.294+0000] {processor.py:830} INFO - Processing file /home/airflow/.local/lib/python3.12/site-packages/airflow/example_dags/tutorial_dag.py for tasks to queue
[2024-05-02T22:48:53.299+0000] {logging_mixin.py:188} INFO - [2024-05-02T22:48:53.298+0000] {dagbag.py:540} INFO - Filling up the DagBag from /home/airflow/.local/lib/python3.12/site-packages/airflow/example_dags/tutorial_dag.py
[2024-05-02T22:48:53.311+0000] {processor.py:840} INFO - DAG(s) 'tutorial_dag' retrieved from /home/airflow/.local/lib/python3.12/site-packages/airflow/example_dags/tutorial_dag.py
[2024-05-02T22:48:53.401+0000] {logging_mixin.py:188} INFO - [2024-05-02T22:48:53.400+0000] {dag.py:3096} INFO - Sync 1 DAGs
[2024-05-02T22:48:53.441+0000] {logging_mixin.py:188} INFO - [2024-05-02T22:48:53.440+0000] {dag.py:3954} INFO - Setting next_dagrun for tutorial_dag to None, run_after=None
[2024-05-02T22:48:53.489+0000] {processor.py:183} INFO - Processing /home/airflow/.local/lib/python3.12/site-packages/airflow/example_dags/tutorial_dag.py took 0.207 seconds
[2024-05-02T22:49:24.019+0000] {processor.py:161} INFO - Started process (PID=1928) to work on /home/airflow/.local/lib/python3.12/site-packages/airflow/example_dags/tutorial_dag.py
[2024-05-02T22:49:24.021+0000] {processor.py:830} INFO - Processing file /home/airflow/.local/lib/python3.12/site-packages/airflow/example_dags/tutorial_dag.py for tasks to queue
[2024-05-02T22:49:24.024+0000] {logging_mixin.py:188} INFO - [2024-05-02T22:49:24.024+0000] {dagbag.py:540} INFO - Filling up the DagBag from /home/airflow/.local/lib/python3.12/site-packages/airflow/example_dags/tutorial_dag.py
[2024-05-02T22:49:24.033+0000] {processor.py:840} INFO - DAG(s) 'tutorial_dag' retrieved from /home/airflow/.local/lib/python3.12/site-packages/airflow/example_dags/tutorial_dag.py
[2024-05-02T22:49:24.080+0000] {logging_mixin.py:188} INFO - [2024-05-02T22:49:24.079+0000] {dag.py:3096} INFO - Sync 1 DAGs
[2024-05-02T22:49:24.115+0000] {logging_mixin.py:188} INFO - [2024-05-02T22:49:24.115+0000] {dag.py:3954} INFO - Setting next_dagrun for tutorial_dag to None, run_after=None
[2024-05-02T22:49:24.158+0000] {processor.py:183} INFO - Processing /home/airflow/.local/lib/python3.12/site-packages/airflow/example_dags/tutorial_dag.py took 0.152 seconds
[2024-05-02T22:49:54.622+0000] {processor.py:161} INFO - Started process (PID=1987) to work on /home/airflow/.local/lib/python3.12/site-packages/airflow/example_dags/tutorial_dag.py
[2024-05-02T22:49:54.626+0000] {processor.py:830} INFO - Processing file /home/airflow/.local/lib/python3.12/site-packages/airflow/example_dags/tutorial_dag.py for tasks to queue
[2024-05-02T22:49:54.631+0000] {logging_mixin.py:188} INFO - [2024-05-02T22:49:54.630+0000] {dagbag.py:540} INFO - Filling up the DagBag from /home/airflow/.local/lib/python3.12/site-packages/airflow/example_dags/tutorial_dag.py
[2024-05-02T22:49:54.647+0000] {processor.py:840} INFO - DAG(s) 'tutorial_dag' retrieved from /home/airflow/.local/lib/python3.12/site-packages/airflow/example_dags/tutorial_dag.py
[2024-05-02T22:49:54.739+0000] {logging_mixin.py:188} INFO - [2024-05-02T22:49:54.738+0000] {dag.py:3096} INFO - Sync 1 DAGs
[2024-05-02T22:49:54.811+0000] {logging_mixin.py:188} INFO - [2024-05-02T22:49:54.810+0000] {dag.py:3954} INFO - Setting next_dagrun for tutorial_dag to None, run_after=None
[2024-05-02T22:49:54.874+0000] {processor.py:183} INFO - Processing /home/airflow/.local/lib/python3.12/site-packages/airflow/example_dags/tutorial_dag.py took 0.270 seconds
[2024-05-02T22:50:25.273+0000] {processor.py:161} INFO - Started process (PID=2046) to work on /home/airflow/.local/lib/python3.12/site-packages/airflow/example_dags/tutorial_dag.py
[2024-05-02T22:50:25.275+0000] {processor.py:830} INFO - Processing file /home/airflow/.local/lib/python3.12/site-packages/airflow/example_dags/tutorial_dag.py for tasks to queue
[2024-05-02T22:50:25.279+0000] {logging_mixin.py:188} INFO - [2024-05-02T22:50:25.278+0000] {dagbag.py:540} INFO - Filling up the DagBag from /home/airflow/.local/lib/python3.12/site-packages/airflow/example_dags/tutorial_dag.py
[2024-05-02T22:50:25.292+0000] {processor.py:840} INFO - DAG(s) 'tutorial_dag' retrieved from /home/airflow/.local/lib/python3.12/site-packages/airflow/example_dags/tutorial_dag.py
[2024-05-02T22:50:25.350+0000] {logging_mixin.py:188} INFO - [2024-05-02T22:50:25.344+0000] {dag.py:3096} INFO - Sync 1 DAGs
[2024-05-02T22:50:25.385+0000] {logging_mixin.py:188} INFO - [2024-05-02T22:50:25.384+0000] {dag.py:3954} INFO - Setting next_dagrun for tutorial_dag to None, run_after=None
[2024-05-02T22:50:25.445+0000] {processor.py:183} INFO - Processing /home/airflow/.local/lib/python3.12/site-packages/airflow/example_dags/tutorial_dag.py took 0.184 seconds
[2024-05-02T22:50:55.790+0000] {processor.py:161} INFO - Started process (PID=2104) to work on /home/airflow/.local/lib/python3.12/site-packages/airflow/example_dags/tutorial_dag.py
[2024-05-02T22:50:55.792+0000] {processor.py:830} INFO - Processing file /home/airflow/.local/lib/python3.12/site-packages/airflow/example_dags/tutorial_dag.py for tasks to queue
[2024-05-02T22:50:55.799+0000] {logging_mixin.py:188} INFO - [2024-05-02T22:50:55.798+0000] {dagbag.py:540} INFO - Filling up the DagBag from /home/airflow/.local/lib/python3.12/site-packages/airflow/example_dags/tutorial_dag.py
[2024-05-02T22:50:55.822+0000] {processor.py:840} INFO - DAG(s) 'tutorial_dag' retrieved from /home/airflow/.local/lib/python3.12/site-packages/airflow/example_dags/tutorial_dag.py
[2024-05-02T22:50:55.901+0000] {logging_mixin.py:188} INFO - [2024-05-02T22:50:55.900+0000] {dag.py:3096} INFO - Sync 1 DAGs
[2024-05-02T22:50:55.950+0000] {logging_mixin.py:188} INFO - [2024-05-02T22:50:55.950+0000] {dag.py:3954} INFO - Setting next_dagrun for tutorial_dag to None, run_after=None
[2024-05-02T22:50:56.006+0000] {processor.py:183} INFO - Processing /home/airflow/.local/lib/python3.12/site-packages/airflow/example_dags/tutorial_dag.py took 0.234 seconds
[2024-05-02T22:51:26.151+0000] {processor.py:161} INFO - Started process (PID=2161) to work on /home/airflow/.local/lib/python3.12/site-packages/airflow/example_dags/tutorial_dag.py
[2024-05-02T22:51:26.153+0000] {processor.py:830} INFO - Processing file /home/airflow/.local/lib/python3.12/site-packages/airflow/example_dags/tutorial_dag.py for tasks to queue
[2024-05-02T22:51:26.158+0000] {logging_mixin.py:188} INFO - [2024-05-02T22:51:26.157+0000] {dagbag.py:540} INFO - Filling up the DagBag from /home/airflow/.local/lib/python3.12/site-packages/airflow/example_dags/tutorial_dag.py
[2024-05-02T22:51:26.172+0000] {processor.py:840} INFO - DAG(s) 'tutorial_dag' retrieved from /home/airflow/.local/lib/python3.12/site-packages/airflow/example_dags/tutorial_dag.py
[2024-05-02T22:51:26.223+0000] {logging_mixin.py:188} INFO - [2024-05-02T22:51:26.223+0000] {dag.py:3096} INFO - Sync 1 DAGs
[2024-05-02T22:51:26.252+0000] {logging_mixin.py:188} INFO - [2024-05-02T22:51:26.252+0000] {dag.py:3954} INFO - Setting next_dagrun for tutorial_dag to None, run_after=None
[2024-05-02T22:51:26.305+0000] {processor.py:183} INFO - Processing /home/airflow/.local/lib/python3.12/site-packages/airflow/example_dags/tutorial_dag.py took 0.168 seconds
[2024-05-02T22:51:56.453+0000] {processor.py:161} INFO - Started process (PID=2219) to work on /home/airflow/.local/lib/python3.12/site-packages/airflow/example_dags/tutorial_dag.py
[2024-05-02T22:51:56.455+0000] {processor.py:830} INFO - Processing file /home/airflow/.local/lib/python3.12/site-packages/airflow/example_dags/tutorial_dag.py for tasks to queue
[2024-05-02T22:51:56.459+0000] {logging_mixin.py:188} INFO - [2024-05-02T22:51:56.458+0000] {dagbag.py:540} INFO - Filling up the DagBag from /home/airflow/.local/lib/python3.12/site-packages/airflow/example_dags/tutorial_dag.py
[2024-05-02T22:51:56.472+0000] {processor.py:840} INFO - DAG(s) 'tutorial_dag' retrieved from /home/airflow/.local/lib/python3.12/site-packages/airflow/example_dags/tutorial_dag.py
[2024-05-02T22:51:56.518+0000] {logging_mixin.py:188} INFO - [2024-05-02T22:51:56.517+0000] {dag.py:3096} INFO - Sync 1 DAGs
[2024-05-02T22:51:56.556+0000] {logging_mixin.py:188} INFO - [2024-05-02T22:51:56.556+0000] {dag.py:3954} INFO - Setting next_dagrun for tutorial_dag to None, run_after=None
[2024-05-02T22:51:56.602+0000] {processor.py:183} INFO - Processing /home/airflow/.local/lib/python3.12/site-packages/airflow/example_dags/tutorial_dag.py took 0.160 seconds
[2024-05-02T22:52:26.819+0000] {processor.py:161} INFO - Started process (PID=2278) to work on /home/airflow/.local/lib/python3.12/site-packages/airflow/example_dags/tutorial_dag.py
[2024-05-02T22:52:26.820+0000] {processor.py:830} INFO - Processing file /home/airflow/.local/lib/python3.12/site-packages/airflow/example_dags/tutorial_dag.py for tasks to queue
[2024-05-02T22:52:26.825+0000] {logging_mixin.py:188} INFO - [2024-05-02T22:52:26.824+0000] {dagbag.py:540} INFO - Filling up the DagBag from /home/airflow/.local/lib/python3.12/site-packages/airflow/example_dags/tutorial_dag.py
[2024-05-02T22:52:26.835+0000] {processor.py:840} INFO - DAG(s) 'tutorial_dag' retrieved from /home/airflow/.local/lib/python3.12/site-packages/airflow/example_dags/tutorial_dag.py
[2024-05-02T22:52:26.894+0000] {logging_mixin.py:188} INFO - [2024-05-02T22:52:26.893+0000] {dag.py:3096} INFO - Sync 1 DAGs
[2024-05-02T22:52:26.927+0000] {logging_mixin.py:188} INFO - [2024-05-02T22:52:26.926+0000] {dag.py:3954} INFO - Setting next_dagrun for tutorial_dag to None, run_after=None
[2024-05-02T22:52:26.975+0000] {processor.py:183} INFO - Processing /home/airflow/.local/lib/python3.12/site-packages/airflow/example_dags/tutorial_dag.py took 0.169 seconds
[2024-05-02T22:52:57.214+0000] {processor.py:161} INFO - Started process (PID=2338) to work on /home/airflow/.local/lib/python3.12/site-packages/airflow/example_dags/tutorial_dag.py
[2024-05-02T22:52:57.216+0000] {processor.py:830} INFO - Processing file /home/airflow/.local/lib/python3.12/site-packages/airflow/example_dags/tutorial_dag.py for tasks to queue
[2024-05-02T22:52:57.220+0000] {logging_mixin.py:188} INFO - [2024-05-02T22:52:57.220+0000] {dagbag.py:540} INFO - Filling up the DagBag from /home/airflow/.local/lib/python3.12/site-packages/airflow/example_dags/tutorial_dag.py
[2024-05-02T22:52:57.232+0000] {processor.py:840} INFO - DAG(s) 'tutorial_dag' retrieved from /home/airflow/.local/lib/python3.12/site-packages/airflow/example_dags/tutorial_dag.py
[2024-05-02T22:52:57.295+0000] {logging_mixin.py:188} INFO - [2024-05-02T22:52:57.294+0000] {dag.py:3096} INFO - Sync 1 DAGs
[2024-05-02T22:52:57.326+0000] {logging_mixin.py:188} INFO - [2024-05-02T22:52:57.325+0000] {dag.py:3954} INFO - Setting next_dagrun for tutorial_dag to None, run_after=None
[2024-05-02T22:52:57.376+0000] {processor.py:183} INFO - Processing /home/airflow/.local/lib/python3.12/site-packages/airflow/example_dags/tutorial_dag.py took 0.175 seconds
[2024-05-02T22:53:27.548+0000] {processor.py:161} INFO - Started process (PID=2396) to work on /home/airflow/.local/lib/python3.12/site-packages/airflow/example_dags/tutorial_dag.py
[2024-05-02T22:53:27.551+0000] {processor.py:830} INFO - Processing file /home/airflow/.local/lib/python3.12/site-packages/airflow/example_dags/tutorial_dag.py for tasks to queue
[2024-05-02T22:53:27.555+0000] {logging_mixin.py:188} INFO - [2024-05-02T22:53:27.554+0000] {dagbag.py:540} INFO - Filling up the DagBag from /home/airflow/.local/lib/python3.12/site-packages/airflow/example_dags/tutorial_dag.py
[2024-05-02T22:53:27.566+0000] {processor.py:840} INFO - DAG(s) 'tutorial_dag' retrieved from /home/airflow/.local/lib/python3.12/site-packages/airflow/example_dags/tutorial_dag.py
[2024-05-02T22:53:27.627+0000] {logging_mixin.py:188} INFO - [2024-05-02T22:53:27.627+0000] {dag.py:3096} INFO - Sync 1 DAGs
[2024-05-02T22:53:27.668+0000] {logging_mixin.py:188} INFO - [2024-05-02T22:53:27.667+0000] {dag.py:3954} INFO - Setting next_dagrun for tutorial_dag to None, run_after=None
[2024-05-02T22:53:27.726+0000] {processor.py:183} INFO - Processing /home/airflow/.local/lib/python3.12/site-packages/airflow/example_dags/tutorial_dag.py took 0.193 seconds
[2024-05-02T22:53:57.985+0000] {processor.py:161} INFO - Started process (PID=2454) to work on /home/airflow/.local/lib/python3.12/site-packages/airflow/example_dags/tutorial_dag.py
[2024-05-02T22:53:57.987+0000] {processor.py:830} INFO - Processing file /home/airflow/.local/lib/python3.12/site-packages/airflow/example_dags/tutorial_dag.py for tasks to queue
[2024-05-02T22:53:57.992+0000] {logging_mixin.py:188} INFO - [2024-05-02T22:53:57.992+0000] {dagbag.py:540} INFO - Filling up the DagBag from /home/airflow/.local/lib/python3.12/site-packages/airflow/example_dags/tutorial_dag.py
[2024-05-02T22:53:58.004+0000] {processor.py:840} INFO - DAG(s) 'tutorial_dag' retrieved from /home/airflow/.local/lib/python3.12/site-packages/airflow/example_dags/tutorial_dag.py
[2024-05-02T22:53:58.032+0000] {logging_mixin.py:188} INFO - [2024-05-02T22:53:58.032+0000] {dag.py:3096} INFO - Sync 1 DAGs
[2024-05-02T22:53:58.082+0000] {logging_mixin.py:188} INFO - [2024-05-02T22:53:58.081+0000] {dag.py:3954} INFO - Setting next_dagrun for tutorial_dag to None, run_after=None
[2024-05-02T22:53:58.149+0000] {processor.py:183} INFO - Processing /home/airflow/.local/lib/python3.12/site-packages/airflow/example_dags/tutorial_dag.py took 0.184 seconds
[2024-05-02T22:54:29.319+0000] {processor.py:161} INFO - Started process (PID=2513) to work on /home/airflow/.local/lib/python3.12/site-packages/airflow/example_dags/tutorial_dag.py
[2024-05-02T22:54:29.322+0000] {processor.py:830} INFO - Processing file /home/airflow/.local/lib/python3.12/site-packages/airflow/example_dags/tutorial_dag.py for tasks to queue
[2024-05-02T22:54:29.336+0000] {logging_mixin.py:188} INFO - [2024-05-02T22:54:29.335+0000] {dagbag.py:540} INFO - Filling up the DagBag from /home/airflow/.local/lib/python3.12/site-packages/airflow/example_dags/tutorial_dag.py
[2024-05-02T22:54:29.382+0000] {processor.py:840} INFO - DAG(s) 'tutorial_dag' retrieved from /home/airflow/.local/lib/python3.12/site-packages/airflow/example_dags/tutorial_dag.py
[2024-05-02T22:54:30.344+0000] {logging_mixin.py:188} INFO - [2024-05-02T22:54:30.343+0000] {dag.py:3096} INFO - Sync 1 DAGs
[2024-05-02T22:54:30.443+0000] {logging_mixin.py:188} INFO - [2024-05-02T22:54:30.442+0000] {dag.py:3954} INFO - Setting next_dagrun for tutorial_dag to None, run_after=None
[2024-05-02T22:54:30.619+0000] {processor.py:183} INFO - Processing /home/airflow/.local/lib/python3.12/site-packages/airflow/example_dags/tutorial_dag.py took 1.352 seconds
[2024-05-02T22:55:00.804+0000] {processor.py:161} INFO - Started process (PID=2572) to work on /home/airflow/.local/lib/python3.12/site-packages/airflow/example_dags/tutorial_dag.py
[2024-05-02T22:55:00.807+0000] {processor.py:830} INFO - Processing file /home/airflow/.local/lib/python3.12/site-packages/airflow/example_dags/tutorial_dag.py for tasks to queue
[2024-05-02T22:55:00.814+0000] {logging_mixin.py:188} INFO - [2024-05-02T22:55:00.813+0000] {dagbag.py:540} INFO - Filling up the DagBag from /home/airflow/.local/lib/python3.12/site-packages/airflow/example_dags/tutorial_dag.py
[2024-05-02T22:55:00.830+0000] {processor.py:840} INFO - DAG(s) 'tutorial_dag' retrieved from /home/airflow/.local/lib/python3.12/site-packages/airflow/example_dags/tutorial_dag.py
[2024-05-02T22:55:00.888+0000] {logging_mixin.py:188} INFO - [2024-05-02T22:55:00.887+0000] {dag.py:3096} INFO - Sync 1 DAGs
[2024-05-02T22:55:00.922+0000] {logging_mixin.py:188} INFO - [2024-05-02T22:55:00.922+0000] {dag.py:3954} INFO - Setting next_dagrun for tutorial_dag to None, run_after=None
[2024-05-02T22:55:00.988+0000] {processor.py:183} INFO - Processing /home/airflow/.local/lib/python3.12/site-packages/airflow/example_dags/tutorial_dag.py took 0.204 seconds
[2024-05-02T22:55:31.367+0000] {processor.py:161} INFO - Started process (PID=2631) to work on /home/airflow/.local/lib/python3.12/site-packages/airflow/example_dags/tutorial_dag.py
[2024-05-02T22:55:31.369+0000] {processor.py:830} INFO - Processing file /home/airflow/.local/lib/python3.12/site-packages/airflow/example_dags/tutorial_dag.py for tasks to queue
[2024-05-02T22:55:31.374+0000] {logging_mixin.py:188} INFO - [2024-05-02T22:55:31.373+0000] {dagbag.py:540} INFO - Filling up the DagBag from /home/airflow/.local/lib/python3.12/site-packages/airflow/example_dags/tutorial_dag.py
[2024-05-02T22:55:31.392+0000] {processor.py:840} INFO - DAG(s) 'tutorial_dag' retrieved from /home/airflow/.local/lib/python3.12/site-packages/airflow/example_dags/tutorial_dag.py
[2024-05-02T22:55:31.472+0000] {logging_mixin.py:188} INFO - [2024-05-02T22:55:31.470+0000] {dag.py:3096} INFO - Sync 1 DAGs
[2024-05-02T22:55:31.556+0000] {logging_mixin.py:188} INFO - [2024-05-02T22:55:31.555+0000] {dag.py:3954} INFO - Setting next_dagrun for tutorial_dag to None, run_after=None
[2024-05-02T22:55:31.780+0000] {processor.py:183} INFO - Processing /home/airflow/.local/lib/python3.12/site-packages/airflow/example_dags/tutorial_dag.py took 0.431 seconds
[2024-05-02T22:56:02.433+0000] {processor.py:161} INFO - Started process (PID=2691) to work on /home/airflow/.local/lib/python3.12/site-packages/airflow/example_dags/tutorial_dag.py
[2024-05-02T22:56:02.441+0000] {processor.py:830} INFO - Processing file /home/airflow/.local/lib/python3.12/site-packages/airflow/example_dags/tutorial_dag.py for tasks to queue
[2024-05-02T22:56:02.448+0000] {logging_mixin.py:188} INFO - [2024-05-02T22:56:02.448+0000] {dagbag.py:540} INFO - Filling up the DagBag from /home/airflow/.local/lib/python3.12/site-packages/airflow/example_dags/tutorial_dag.py
[2024-05-02T22:56:02.484+0000] {processor.py:840} INFO - DAG(s) 'tutorial_dag' retrieved from /home/airflow/.local/lib/python3.12/site-packages/airflow/example_dags/tutorial_dag.py
[2024-05-02T22:56:02.644+0000] {logging_mixin.py:188} INFO - [2024-05-02T22:56:02.643+0000] {dag.py:3096} INFO - Sync 1 DAGs
[2024-05-02T22:56:02.735+0000] {logging_mixin.py:188} INFO - [2024-05-02T22:56:02.734+0000] {dag.py:3954} INFO - Setting next_dagrun for tutorial_dag to None, run_after=None
[2024-05-02T22:56:02.863+0000] {processor.py:183} INFO - Processing /home/airflow/.local/lib/python3.12/site-packages/airflow/example_dags/tutorial_dag.py took 0.454 seconds
[2024-05-02T22:57:08.800+0000] {processor.py:161} INFO - Started process (PID=41) to work on /home/airflow/.local/lib/python3.12/site-packages/airflow/example_dags/tutorial_dag.py
[2024-05-02T22:57:08.804+0000] {processor.py:830} INFO - Processing file /home/airflow/.local/lib/python3.12/site-packages/airflow/example_dags/tutorial_dag.py for tasks to queue
[2024-05-02T22:57:08.809+0000] {logging_mixin.py:188} INFO - [2024-05-02T22:57:08.808+0000] {dagbag.py:540} INFO - Filling up the DagBag from /home/airflow/.local/lib/python3.12/site-packages/airflow/example_dags/tutorial_dag.py
[2024-05-02T22:57:08.842+0000] {processor.py:840} INFO - DAG(s) 'tutorial_dag' retrieved from /home/airflow/.local/lib/python3.12/site-packages/airflow/example_dags/tutorial_dag.py
[2024-05-02T22:57:08.923+0000] {logging_mixin.py:188} INFO - [2024-05-02T22:57:08.922+0000] {dag.py:3096} INFO - Sync 1 DAGs
[2024-05-02T22:57:08.960+0000] {logging_mixin.py:188} INFO - [2024-05-02T22:57:08.959+0000] {dag.py:3954} INFO - Setting next_dagrun for tutorial_dag to None, run_after=None
[2024-05-02T22:57:09.009+0000] {processor.py:183} INFO - Processing /home/airflow/.local/lib/python3.12/site-packages/airflow/example_dags/tutorial_dag.py took 0.226 seconds
[2024-05-02T22:57:48.151+0000] {processor.py:161} INFO - Started process (PID=104) to work on /home/airflow/.local/lib/python3.12/site-packages/airflow/example_dags/tutorial_dag.py
[2024-05-02T22:57:48.153+0000] {processor.py:830} INFO - Processing file /home/airflow/.local/lib/python3.12/site-packages/airflow/example_dags/tutorial_dag.py for tasks to queue
[2024-05-02T22:57:48.156+0000] {logging_mixin.py:188} INFO - [2024-05-02T22:57:48.156+0000] {dagbag.py:540} INFO - Filling up the DagBag from /home/airflow/.local/lib/python3.12/site-packages/airflow/example_dags/tutorial_dag.py
[2024-05-02T22:57:48.170+0000] {processor.py:840} INFO - DAG(s) 'tutorial_dag' retrieved from /home/airflow/.local/lib/python3.12/site-packages/airflow/example_dags/tutorial_dag.py
[2024-05-02T22:57:48.217+0000] {logging_mixin.py:188} INFO - [2024-05-02T22:57:48.217+0000] {dag.py:3096} INFO - Sync 1 DAGs
[2024-05-02T22:57:48.263+0000] {logging_mixin.py:188} INFO - [2024-05-02T22:57:48.262+0000] {dag.py:3954} INFO - Setting next_dagrun for tutorial_dag to None, run_after=None
[2024-05-02T22:57:48.316+0000] {processor.py:183} INFO - Processing /home/airflow/.local/lib/python3.12/site-packages/airflow/example_dags/tutorial_dag.py took 0.182 seconds
[2024-05-02T22:58:19.100+0000] {processor.py:161} INFO - Started process (PID=162) to work on /home/airflow/.local/lib/python3.12/site-packages/airflow/example_dags/tutorial_dag.py
[2024-05-02T22:58:19.104+0000] {processor.py:830} INFO - Processing file /home/airflow/.local/lib/python3.12/site-packages/airflow/example_dags/tutorial_dag.py for tasks to queue
[2024-05-02T22:58:19.113+0000] {logging_mixin.py:188} INFO - [2024-05-02T22:58:19.112+0000] {dagbag.py:540} INFO - Filling up the DagBag from /home/airflow/.local/lib/python3.12/site-packages/airflow/example_dags/tutorial_dag.py
[2024-05-02T22:58:19.150+0000] {processor.py:840} INFO - DAG(s) 'tutorial_dag' retrieved from /home/airflow/.local/lib/python3.12/site-packages/airflow/example_dags/tutorial_dag.py
[2024-05-02T22:58:19.217+0000] {logging_mixin.py:188} INFO - [2024-05-02T22:58:19.216+0000] {dag.py:3096} INFO - Sync 1 DAGs
[2024-05-02T22:58:19.270+0000] {logging_mixin.py:188} INFO - [2024-05-02T22:58:19.270+0000] {dag.py:3954} INFO - Setting next_dagrun for tutorial_dag to None, run_after=None
[2024-05-02T22:58:19.359+0000] {processor.py:183} INFO - Processing /home/airflow/.local/lib/python3.12/site-packages/airflow/example_dags/tutorial_dag.py took 0.320 seconds
[2024-05-02T22:58:57.357+0000] {processor.py:161} INFO - Started process (PID=230) to work on /home/airflow/.local/lib/python3.12/site-packages/airflow/example_dags/tutorial_dag.py
[2024-05-02T22:58:57.360+0000] {processor.py:830} INFO - Processing file /home/airflow/.local/lib/python3.12/site-packages/airflow/example_dags/tutorial_dag.py for tasks to queue
[2024-05-02T22:58:57.365+0000] {logging_mixin.py:188} INFO - [2024-05-02T22:58:57.364+0000] {dagbag.py:540} INFO - Filling up the DagBag from /home/airflow/.local/lib/python3.12/site-packages/airflow/example_dags/tutorial_dag.py
[2024-05-02T22:58:57.380+0000] {processor.py:840} INFO - DAG(s) 'tutorial_dag' retrieved from /home/airflow/.local/lib/python3.12/site-packages/airflow/example_dags/tutorial_dag.py
[2024-05-02T22:58:57.459+0000] {logging_mixin.py:188} INFO - [2024-05-02T22:58:57.458+0000] {dag.py:3096} INFO - Sync 1 DAGs
[2024-05-02T22:58:57.525+0000] {logging_mixin.py:188} INFO - [2024-05-02T22:58:57.524+0000] {dag.py:3954} INFO - Setting next_dagrun for tutorial_dag to None, run_after=None
[2024-05-02T22:58:57.592+0000] {processor.py:183} INFO - Processing /home/airflow/.local/lib/python3.12/site-packages/airflow/example_dags/tutorial_dag.py took 0.252 seconds
[2024-05-02T22:59:28.546+0000] {processor.py:161} INFO - Started process (PID=292) to work on /home/airflow/.local/lib/python3.12/site-packages/airflow/example_dags/tutorial_dag.py
[2024-05-02T22:59:28.562+0000] {processor.py:830} INFO - Processing file /home/airflow/.local/lib/python3.12/site-packages/airflow/example_dags/tutorial_dag.py for tasks to queue
[2024-05-02T22:59:28.567+0000] {logging_mixin.py:188} INFO - [2024-05-02T22:59:28.566+0000] {dagbag.py:540} INFO - Filling up the DagBag from /home/airflow/.local/lib/python3.12/site-packages/airflow/example_dags/tutorial_dag.py
[2024-05-02T22:59:28.596+0000] {processor.py:840} INFO - DAG(s) 'tutorial_dag' retrieved from /home/airflow/.local/lib/python3.12/site-packages/airflow/example_dags/tutorial_dag.py
[2024-05-02T22:59:28.717+0000] {logging_mixin.py:188} INFO - [2024-05-02T22:59:28.716+0000] {dag.py:3096} INFO - Sync 1 DAGs
[2024-05-02T22:59:28.799+0000] {logging_mixin.py:188} INFO - [2024-05-02T22:59:28.796+0000] {dag.py:3954} INFO - Setting next_dagrun for tutorial_dag to None, run_after=None
[2024-05-02T22:59:28.894+0000] {processor.py:183} INFO - Processing /home/airflow/.local/lib/python3.12/site-packages/airflow/example_dags/tutorial_dag.py took 0.373 seconds
[2024-05-02T22:59:59.346+0000] {processor.py:161} INFO - Started process (PID=350) to work on /home/airflow/.local/lib/python3.12/site-packages/airflow/example_dags/tutorial_dag.py
[2024-05-02T22:59:59.356+0000] {processor.py:830} INFO - Processing file /home/airflow/.local/lib/python3.12/site-packages/airflow/example_dags/tutorial_dag.py for tasks to queue
[2024-05-02T22:59:59.370+0000] {logging_mixin.py:188} INFO - [2024-05-02T22:59:59.364+0000] {dagbag.py:540} INFO - Filling up the DagBag from /home/airflow/.local/lib/python3.12/site-packages/airflow/example_dags/tutorial_dag.py
[2024-05-02T22:59:59.426+0000] {processor.py:840} INFO - DAG(s) 'tutorial_dag' retrieved from /home/airflow/.local/lib/python3.12/site-packages/airflow/example_dags/tutorial_dag.py
[2024-05-02T22:59:59.517+0000] {logging_mixin.py:188} INFO - [2024-05-02T22:59:59.517+0000] {dag.py:3096} INFO - Sync 1 DAGs
[2024-05-02T22:59:59.574+0000] {logging_mixin.py:188} INFO - [2024-05-02T22:59:59.573+0000] {dag.py:3954} INFO - Setting next_dagrun for tutorial_dag to None, run_after=None
[2024-05-02T22:59:59.656+0000] {processor.py:183} INFO - Processing /home/airflow/.local/lib/python3.12/site-packages/airflow/example_dags/tutorial_dag.py took 0.384 seconds
[2024-05-02T23:00:30.229+0000] {processor.py:161} INFO - Started process (PID=409) to work on /home/airflow/.local/lib/python3.12/site-packages/airflow/example_dags/tutorial_dag.py
[2024-05-02T23:00:30.231+0000] {processor.py:830} INFO - Processing file /home/airflow/.local/lib/python3.12/site-packages/airflow/example_dags/tutorial_dag.py for tasks to queue
[2024-05-02T23:00:30.236+0000] {logging_mixin.py:188} INFO - [2024-05-02T23:00:30.235+0000] {dagbag.py:540} INFO - Filling up the DagBag from /home/airflow/.local/lib/python3.12/site-packages/airflow/example_dags/tutorial_dag.py
[2024-05-02T23:00:30.246+0000] {processor.py:840} INFO - DAG(s) 'tutorial_dag' retrieved from /home/airflow/.local/lib/python3.12/site-packages/airflow/example_dags/tutorial_dag.py
[2024-05-02T23:00:30.290+0000] {logging_mixin.py:188} INFO - [2024-05-02T23:00:30.289+0000] {dag.py:3096} INFO - Sync 1 DAGs
[2024-05-02T23:00:30.320+0000] {logging_mixin.py:188} INFO - [2024-05-02T23:00:30.319+0000] {dag.py:3954} INFO - Setting next_dagrun for tutorial_dag to None, run_after=None
[2024-05-02T23:00:30.365+0000] {processor.py:183} INFO - Processing /home/airflow/.local/lib/python3.12/site-packages/airflow/example_dags/tutorial_dag.py took 0.145 seconds
[2024-05-02T23:01:01.149+0000] {processor.py:161} INFO - Started process (PID=469) to work on /home/airflow/.local/lib/python3.12/site-packages/airflow/example_dags/tutorial_dag.py
[2024-05-02T23:01:01.152+0000] {processor.py:830} INFO - Processing file /home/airflow/.local/lib/python3.12/site-packages/airflow/example_dags/tutorial_dag.py for tasks to queue
[2024-05-02T23:01:01.158+0000] {logging_mixin.py:188} INFO - [2024-05-02T23:01:01.157+0000] {dagbag.py:540} INFO - Filling up the DagBag from /home/airflow/.local/lib/python3.12/site-packages/airflow/example_dags/tutorial_dag.py
[2024-05-02T23:01:01.185+0000] {processor.py:840} INFO - DAG(s) 'tutorial_dag' retrieved from /home/airflow/.local/lib/python3.12/site-packages/airflow/example_dags/tutorial_dag.py
[2024-05-02T23:01:01.264+0000] {logging_mixin.py:188} INFO - [2024-05-02T23:01:01.263+0000] {dag.py:3096} INFO - Sync 1 DAGs
[2024-05-02T23:01:01.296+0000] {logging_mixin.py:188} INFO - [2024-05-02T23:01:01.295+0000] {dag.py:3954} INFO - Setting next_dagrun for tutorial_dag to None, run_after=None
[2024-05-02T23:01:01.335+0000] {processor.py:183} INFO - Processing /home/airflow/.local/lib/python3.12/site-packages/airflow/example_dags/tutorial_dag.py took 0.209 seconds
[2024-05-02T23:01:32.241+0000] {processor.py:161} INFO - Started process (PID=528) to work on /home/airflow/.local/lib/python3.12/site-packages/airflow/example_dags/tutorial_dag.py
[2024-05-02T23:01:32.244+0000] {processor.py:830} INFO - Processing file /home/airflow/.local/lib/python3.12/site-packages/airflow/example_dags/tutorial_dag.py for tasks to queue
[2024-05-02T23:01:32.248+0000] {logging_mixin.py:188} INFO - [2024-05-02T23:01:32.248+0000] {dagbag.py:540} INFO - Filling up the DagBag from /home/airflow/.local/lib/python3.12/site-packages/airflow/example_dags/tutorial_dag.py
[2024-05-02T23:01:32.259+0000] {processor.py:840} INFO - DAG(s) 'tutorial_dag' retrieved from /home/airflow/.local/lib/python3.12/site-packages/airflow/example_dags/tutorial_dag.py
[2024-05-02T23:01:32.307+0000] {logging_mixin.py:188} INFO - [2024-05-02T23:01:32.306+0000] {dag.py:3096} INFO - Sync 1 DAGs
[2024-05-02T23:01:32.340+0000] {logging_mixin.py:188} INFO - [2024-05-02T23:01:32.339+0000] {dag.py:3954} INFO - Setting next_dagrun for tutorial_dag to None, run_after=None
[2024-05-02T23:01:32.382+0000] {processor.py:183} INFO - Processing /home/airflow/.local/lib/python3.12/site-packages/airflow/example_dags/tutorial_dag.py took 0.157 seconds
[2024-05-02T23:02:02.882+0000] {processor.py:161} INFO - Started process (PID=588) to work on /home/airflow/.local/lib/python3.12/site-packages/airflow/example_dags/tutorial_dag.py
[2024-05-02T23:02:02.885+0000] {processor.py:830} INFO - Processing file /home/airflow/.local/lib/python3.12/site-packages/airflow/example_dags/tutorial_dag.py for tasks to queue
[2024-05-02T23:02:02.888+0000] {logging_mixin.py:188} INFO - [2024-05-02T23:02:02.887+0000] {dagbag.py:540} INFO - Filling up the DagBag from /home/airflow/.local/lib/python3.12/site-packages/airflow/example_dags/tutorial_dag.py
[2024-05-02T23:02:02.904+0000] {processor.py:840} INFO - DAG(s) 'tutorial_dag' retrieved from /home/airflow/.local/lib/python3.12/site-packages/airflow/example_dags/tutorial_dag.py
[2024-05-02T23:02:02.946+0000] {logging_mixin.py:188} INFO - [2024-05-02T23:02:02.946+0000] {dag.py:3096} INFO - Sync 1 DAGs
[2024-05-02T23:02:02.979+0000] {logging_mixin.py:188} INFO - [2024-05-02T23:02:02.979+0000] {dag.py:3954} INFO - Setting next_dagrun for tutorial_dag to None, run_after=None
[2024-05-02T23:02:03.028+0000] {processor.py:183} INFO - Processing /home/airflow/.local/lib/python3.12/site-packages/airflow/example_dags/tutorial_dag.py took 0.157 seconds
[2024-05-02T23:02:33.209+0000] {processor.py:161} INFO - Started process (PID=647) to work on /home/airflow/.local/lib/python3.12/site-packages/airflow/example_dags/tutorial_dag.py
[2024-05-02T23:02:33.211+0000] {processor.py:830} INFO - Processing file /home/airflow/.local/lib/python3.12/site-packages/airflow/example_dags/tutorial_dag.py for tasks to queue
[2024-05-02T23:02:33.217+0000] {logging_mixin.py:188} INFO - [2024-05-02T23:02:33.216+0000] {dagbag.py:540} INFO - Filling up the DagBag from /home/airflow/.local/lib/python3.12/site-packages/airflow/example_dags/tutorial_dag.py
[2024-05-02T23:02:33.226+0000] {processor.py:840} INFO - DAG(s) 'tutorial_dag' retrieved from /home/airflow/.local/lib/python3.12/site-packages/airflow/example_dags/tutorial_dag.py
[2024-05-02T23:02:33.264+0000] {logging_mixin.py:188} INFO - [2024-05-02T23:02:33.263+0000] {dag.py:3096} INFO - Sync 1 DAGs
[2024-05-02T23:02:33.290+0000] {logging_mixin.py:188} INFO - [2024-05-02T23:02:33.289+0000] {dag.py:3954} INFO - Setting next_dagrun for tutorial_dag to None, run_after=None
[2024-05-02T23:02:33.328+0000] {processor.py:183} INFO - Processing /home/airflow/.local/lib/python3.12/site-packages/airflow/example_dags/tutorial_dag.py took 0.128 seconds
[2024-05-02T23:03:03.635+0000] {processor.py:161} INFO - Started process (PID=706) to work on /home/airflow/.local/lib/python3.12/site-packages/airflow/example_dags/tutorial_dag.py
[2024-05-02T23:03:03.637+0000] {processor.py:830} INFO - Processing file /home/airflow/.local/lib/python3.12/site-packages/airflow/example_dags/tutorial_dag.py for tasks to queue
[2024-05-02T23:03:03.640+0000] {logging_mixin.py:188} INFO - [2024-05-02T23:03:03.640+0000] {dagbag.py:540} INFO - Filling up the DagBag from /home/airflow/.local/lib/python3.12/site-packages/airflow/example_dags/tutorial_dag.py
[2024-05-02T23:03:03.651+0000] {processor.py:840} INFO - DAG(s) 'tutorial_dag' retrieved from /home/airflow/.local/lib/python3.12/site-packages/airflow/example_dags/tutorial_dag.py
[2024-05-02T23:03:03.696+0000] {logging_mixin.py:188} INFO - [2024-05-02T23:03:03.695+0000] {dag.py:3096} INFO - Sync 1 DAGs
[2024-05-02T23:03:03.725+0000] {logging_mixin.py:188} INFO - [2024-05-02T23:03:03.725+0000] {dag.py:3954} INFO - Setting next_dagrun for tutorial_dag to None, run_after=None
[2024-05-02T23:03:03.766+0000] {processor.py:183} INFO - Processing /home/airflow/.local/lib/python3.12/site-packages/airflow/example_dags/tutorial_dag.py took 0.143 seconds
[2024-05-02T23:03:34.500+0000] {processor.py:161} INFO - Started process (PID=765) to work on /home/airflow/.local/lib/python3.12/site-packages/airflow/example_dags/tutorial_dag.py
[2024-05-02T23:03:34.501+0000] {processor.py:830} INFO - Processing file /home/airflow/.local/lib/python3.12/site-packages/airflow/example_dags/tutorial_dag.py for tasks to queue
[2024-05-02T23:03:34.506+0000] {logging_mixin.py:188} INFO - [2024-05-02T23:03:34.505+0000] {dagbag.py:540} INFO - Filling up the DagBag from /home/airflow/.local/lib/python3.12/site-packages/airflow/example_dags/tutorial_dag.py
[2024-05-02T23:03:34.520+0000] {processor.py:840} INFO - DAG(s) 'tutorial_dag' retrieved from /home/airflow/.local/lib/python3.12/site-packages/airflow/example_dags/tutorial_dag.py
[2024-05-02T23:03:34.567+0000] {logging_mixin.py:188} INFO - [2024-05-02T23:03:34.567+0000] {dag.py:3096} INFO - Sync 1 DAGs
[2024-05-02T23:03:34.599+0000] {logging_mixin.py:188} INFO - [2024-05-02T23:03:34.599+0000] {dag.py:3954} INFO - Setting next_dagrun for tutorial_dag to None, run_after=None
[2024-05-02T23:03:34.639+0000] {processor.py:183} INFO - Processing /home/airflow/.local/lib/python3.12/site-packages/airflow/example_dags/tutorial_dag.py took 0.150 seconds
[2024-05-02T23:04:05.353+0000] {processor.py:161} INFO - Started process (PID=824) to work on /home/airflow/.local/lib/python3.12/site-packages/airflow/example_dags/tutorial_dag.py
[2024-05-02T23:04:05.355+0000] {processor.py:830} INFO - Processing file /home/airflow/.local/lib/python3.12/site-packages/airflow/example_dags/tutorial_dag.py for tasks to queue
[2024-05-02T23:04:05.359+0000] {logging_mixin.py:188} INFO - [2024-05-02T23:04:05.358+0000] {dagbag.py:540} INFO - Filling up the DagBag from /home/airflow/.local/lib/python3.12/site-packages/airflow/example_dags/tutorial_dag.py
[2024-05-02T23:04:05.368+0000] {processor.py:840} INFO - DAG(s) 'tutorial_dag' retrieved from /home/airflow/.local/lib/python3.12/site-packages/airflow/example_dags/tutorial_dag.py
[2024-05-02T23:04:05.407+0000] {logging_mixin.py:188} INFO - [2024-05-02T23:04:05.406+0000] {dag.py:3096} INFO - Sync 1 DAGs
[2024-05-02T23:04:05.457+0000] {logging_mixin.py:188} INFO - [2024-05-02T23:04:05.457+0000] {dag.py:3954} INFO - Setting next_dagrun for tutorial_dag to None, run_after=None
[2024-05-02T23:04:05.576+0000] {processor.py:183} INFO - Processing /home/airflow/.local/lib/python3.12/site-packages/airflow/example_dags/tutorial_dag.py took 0.232 seconds
[2024-05-02T23:04:36.166+0000] {processor.py:161} INFO - Started process (PID=883) to work on /home/airflow/.local/lib/python3.12/site-packages/airflow/example_dags/tutorial_dag.py
[2024-05-02T23:04:36.173+0000] {processor.py:830} INFO - Processing file /home/airflow/.local/lib/python3.12/site-packages/airflow/example_dags/tutorial_dag.py for tasks to queue
[2024-05-02T23:04:36.189+0000] {logging_mixin.py:188} INFO - [2024-05-02T23:04:36.188+0000] {dagbag.py:540} INFO - Filling up the DagBag from /home/airflow/.local/lib/python3.12/site-packages/airflow/example_dags/tutorial_dag.py
[2024-05-02T23:04:36.212+0000] {processor.py:840} INFO - DAG(s) 'tutorial_dag' retrieved from /home/airflow/.local/lib/python3.12/site-packages/airflow/example_dags/tutorial_dag.py
[2024-05-02T23:04:36.307+0000] {logging_mixin.py:188} INFO - [2024-05-02T23:04:36.306+0000] {dag.py:3096} INFO - Sync 1 DAGs
[2024-05-02T23:04:36.398+0000] {logging_mixin.py:188} INFO - [2024-05-02T23:04:36.397+0000] {dag.py:3954} INFO - Setting next_dagrun for tutorial_dag to None, run_after=None
[2024-05-02T23:04:36.544+0000] {processor.py:183} INFO - Processing /home/airflow/.local/lib/python3.12/site-packages/airflow/example_dags/tutorial_dag.py took 0.405 seconds
[2024-05-02T23:05:09.537+0000] {processor.py:161} INFO - Started process (PID=942) to work on /home/airflow/.local/lib/python3.12/site-packages/airflow/example_dags/tutorial_dag.py
[2024-05-02T23:05:09.539+0000] {processor.py:830} INFO - Processing file /home/airflow/.local/lib/python3.12/site-packages/airflow/example_dags/tutorial_dag.py for tasks to queue
[2024-05-02T23:05:09.552+0000] {logging_mixin.py:188} INFO - [2024-05-02T23:05:09.551+0000] {dagbag.py:540} INFO - Filling up the DagBag from /home/airflow/.local/lib/python3.12/site-packages/airflow/example_dags/tutorial_dag.py
[2024-05-02T23:05:09.573+0000] {processor.py:840} INFO - DAG(s) 'tutorial_dag' retrieved from /home/airflow/.local/lib/python3.12/site-packages/airflow/example_dags/tutorial_dag.py
[2024-05-02T23:05:09.639+0000] {logging_mixin.py:188} INFO - [2024-05-02T23:05:09.639+0000] {dag.py:3096} INFO - Sync 1 DAGs
[2024-05-02T23:05:09.700+0000] {logging_mixin.py:188} INFO - [2024-05-02T23:05:09.699+0000] {dag.py:3954} INFO - Setting next_dagrun for tutorial_dag to None, run_after=None
[2024-05-02T23:05:09.758+0000] {processor.py:183} INFO - Processing /home/airflow/.local/lib/python3.12/site-packages/airflow/example_dags/tutorial_dag.py took 0.241 seconds
[2024-05-02T23:05:40.617+0000] {processor.py:161} INFO - Started process (PID=1000) to work on /home/airflow/.local/lib/python3.12/site-packages/airflow/example_dags/tutorial_dag.py
[2024-05-02T23:05:40.619+0000] {processor.py:830} INFO - Processing file /home/airflow/.local/lib/python3.12/site-packages/airflow/example_dags/tutorial_dag.py for tasks to queue
[2024-05-02T23:05:40.624+0000] {logging_mixin.py:188} INFO - [2024-05-02T23:05:40.623+0000] {dagbag.py:540} INFO - Filling up the DagBag from /home/airflow/.local/lib/python3.12/site-packages/airflow/example_dags/tutorial_dag.py
[2024-05-02T23:05:40.636+0000] {processor.py:840} INFO - DAG(s) 'tutorial_dag' retrieved from /home/airflow/.local/lib/python3.12/site-packages/airflow/example_dags/tutorial_dag.py
[2024-05-02T23:05:40.681+0000] {logging_mixin.py:188} INFO - [2024-05-02T23:05:40.680+0000] {dag.py:3096} INFO - Sync 1 DAGs
[2024-05-02T23:05:41.133+0000] {logging_mixin.py:188} INFO - [2024-05-02T23:05:41.132+0000] {dag.py:3954} INFO - Setting next_dagrun for tutorial_dag to None, run_after=None
[2024-05-02T23:05:41.191+0000] {processor.py:183} INFO - Processing /home/airflow/.local/lib/python3.12/site-packages/airflow/example_dags/tutorial_dag.py took 0.584 seconds
[2024-05-02T23:06:11.846+0000] {processor.py:161} INFO - Started process (PID=1059) to work on /home/airflow/.local/lib/python3.12/site-packages/airflow/example_dags/tutorial_dag.py
[2024-05-02T23:06:11.848+0000] {processor.py:830} INFO - Processing file /home/airflow/.local/lib/python3.12/site-packages/airflow/example_dags/tutorial_dag.py for tasks to queue
[2024-05-02T23:06:11.852+0000] {logging_mixin.py:188} INFO - [2024-05-02T23:06:11.851+0000] {dagbag.py:540} INFO - Filling up the DagBag from /home/airflow/.local/lib/python3.12/site-packages/airflow/example_dags/tutorial_dag.py
[2024-05-02T23:06:11.868+0000] {processor.py:840} INFO - DAG(s) 'tutorial_dag' retrieved from /home/airflow/.local/lib/python3.12/site-packages/airflow/example_dags/tutorial_dag.py
[2024-05-02T23:06:11.964+0000] {logging_mixin.py:188} INFO - [2024-05-02T23:06:11.963+0000] {dag.py:3096} INFO - Sync 1 DAGs
[2024-05-02T23:06:12.032+0000] {logging_mixin.py:188} INFO - [2024-05-02T23:06:12.031+0000] {dag.py:3954} INFO - Setting next_dagrun for tutorial_dag to None, run_after=None
[2024-05-02T23:06:12.137+0000] {processor.py:183} INFO - Processing /home/airflow/.local/lib/python3.12/site-packages/airflow/example_dags/tutorial_dag.py took 0.309 seconds
[2024-05-02T23:06:43.020+0000] {processor.py:161} INFO - Started process (PID=1118) to work on /home/airflow/.local/lib/python3.12/site-packages/airflow/example_dags/tutorial_dag.py
[2024-05-02T23:06:43.022+0000] {processor.py:830} INFO - Processing file /home/airflow/.local/lib/python3.12/site-packages/airflow/example_dags/tutorial_dag.py for tasks to queue
[2024-05-02T23:06:43.025+0000] {logging_mixin.py:188} INFO - [2024-05-02T23:06:43.024+0000] {dagbag.py:540} INFO - Filling up the DagBag from /home/airflow/.local/lib/python3.12/site-packages/airflow/example_dags/tutorial_dag.py
[2024-05-02T23:06:43.038+0000] {processor.py:840} INFO - DAG(s) 'tutorial_dag' retrieved from /home/airflow/.local/lib/python3.12/site-packages/airflow/example_dags/tutorial_dag.py
[2024-05-02T23:06:43.091+0000] {logging_mixin.py:188} INFO - [2024-05-02T23:06:43.090+0000] {dag.py:3096} INFO - Sync 1 DAGs
[2024-05-02T23:06:43.135+0000] {logging_mixin.py:188} INFO - [2024-05-02T23:06:43.134+0000] {dag.py:3954} INFO - Setting next_dagrun for tutorial_dag to None, run_after=None
[2024-05-02T23:06:43.181+0000] {processor.py:183} INFO - Processing /home/airflow/.local/lib/python3.12/site-packages/airflow/example_dags/tutorial_dag.py took 0.174 seconds
