[2024-05-02T22:20:56.416+0000] {processor.py:161} INFO - Started process (PID=71) to work on /home/airflow/.local/lib/python3.12/site-packages/airflow/example_dags/tutorial.py
[2024-05-02T22:20:56.417+0000] {processor.py:830} INFO - Processing file /home/airflow/.local/lib/python3.12/site-packages/airflow/example_dags/tutorial.py for tasks to queue
[2024-05-02T22:20:56.422+0000] {logging_mixin.py:188} INFO - [2024-05-02T22:20:56.421+0000] {dagbag.py:540} INFO - Filling up the DagBag from /home/airflow/.local/lib/python3.12/site-packages/airflow/example_dags/tutorial.py
[2024-05-02T22:20:56.437+0000] {processor.py:840} INFO - DAG(s) 'tutorial' retrieved from /home/airflow/.local/lib/python3.12/site-packages/airflow/example_dags/tutorial.py
[2024-05-02T22:20:56.726+0000] {logging_mixin.py:188} INFO - [2024-05-02T22:20:56.725+0000] {dag.py:3096} INFO - Sync 1 DAGs
[2024-05-02T22:20:56.798+0000] {logging_mixin.py:188} INFO - [2024-05-02T22:20:56.797+0000] {dag.py:3954} INFO - Setting next_dagrun for tutorial to 2024-05-01 00:00:00+00:00, run_after=2024-05-02 00:00:00+00:00
[2024-05-02T22:20:56.873+0000] {processor.py:183} INFO - Processing /home/airflow/.local/lib/python3.12/site-packages/airflow/example_dags/tutorial.py took 0.470 seconds
[2024-05-02T22:21:39.171+0000] {processor.py:161} INFO - Started process (PID=129) to work on /home/airflow/.local/lib/python3.12/site-packages/airflow/example_dags/tutorial.py
[2024-05-02T22:21:39.188+0000] {processor.py:830} INFO - Processing file /home/airflow/.local/lib/python3.12/site-packages/airflow/example_dags/tutorial.py for tasks to queue
[2024-05-02T22:21:39.326+0000] {logging_mixin.py:188} INFO - [2024-05-02T22:21:39.325+0000] {dagbag.py:540} INFO - Filling up the DagBag from /home/airflow/.local/lib/python3.12/site-packages/airflow/example_dags/tutorial.py
[2024-05-02T22:21:39.669+0000] {processor.py:840} INFO - DAG(s) 'tutorial' retrieved from /home/airflow/.local/lib/python3.12/site-packages/airflow/example_dags/tutorial.py
[2024-05-02T22:21:39.899+0000] {logging_mixin.py:188} INFO - [2024-05-02T22:21:39.886+0000] {dag.py:3096} INFO - Sync 1 DAGs
[2024-05-02T22:21:40.174+0000] {logging_mixin.py:188} INFO - [2024-05-02T22:21:40.173+0000] {dag.py:3954} INFO - Setting next_dagrun for tutorial to 2024-05-01 00:00:00+00:00, run_after=2024-05-02 00:00:00+00:00
[2024-05-02T22:21:40.423+0000] {processor.py:183} INFO - Processing /home/airflow/.local/lib/python3.12/site-packages/airflow/example_dags/tutorial.py took 1.336 seconds
[2024-05-02T22:23:00.092+0000] {processor.py:161} INFO - Started process (PID=210) to work on /home/airflow/.local/lib/python3.12/site-packages/airflow/example_dags/tutorial.py
[2024-05-02T22:23:00.094+0000] {processor.py:830} INFO - Processing file /home/airflow/.local/lib/python3.12/site-packages/airflow/example_dags/tutorial.py for tasks to queue
[2024-05-02T22:23:00.114+0000] {logging_mixin.py:188} INFO - [2024-05-02T22:23:00.113+0000] {dagbag.py:540} INFO - Filling up the DagBag from /home/airflow/.local/lib/python3.12/site-packages/airflow/example_dags/tutorial.py
[2024-05-02T22:23:00.264+0000] {processor.py:840} INFO - DAG(s) 'tutorial' retrieved from /home/airflow/.local/lib/python3.12/site-packages/airflow/example_dags/tutorial.py
[2024-05-02T22:23:00.550+0000] {logging_mixin.py:188} INFO - [2024-05-02T22:23:00.549+0000] {dag.py:3096} INFO - Sync 1 DAGs
[2024-05-02T22:23:00.849+0000] {logging_mixin.py:188} INFO - [2024-05-02T22:23:00.849+0000] {dag.py:3954} INFO - Setting next_dagrun for tutorial to 2024-05-01 00:00:00+00:00, run_after=2024-05-02 00:00:00+00:00
[2024-05-02T22:23:01.153+0000] {processor.py:183} INFO - Processing /home/airflow/.local/lib/python3.12/site-packages/airflow/example_dags/tutorial.py took 1.219 seconds
[2024-05-02T22:32:40.965+0000] {processor.py:161} INFO - Started process (PID=71) to work on /home/airflow/.local/lib/python3.12/site-packages/airflow/example_dags/tutorial.py
[2024-05-02T22:32:40.968+0000] {processor.py:830} INFO - Processing file /home/airflow/.local/lib/python3.12/site-packages/airflow/example_dags/tutorial.py for tasks to queue
[2024-05-02T22:32:40.982+0000] {logging_mixin.py:188} INFO - [2024-05-02T22:32:40.981+0000] {dagbag.py:540} INFO - Filling up the DagBag from /home/airflow/.local/lib/python3.12/site-packages/airflow/example_dags/tutorial.py
[2024-05-02T22:32:41.023+0000] {processor.py:840} INFO - DAG(s) 'tutorial' retrieved from /home/airflow/.local/lib/python3.12/site-packages/airflow/example_dags/tutorial.py
[2024-05-02T22:32:41.484+0000] {logging_mixin.py:188} INFO - [2024-05-02T22:32:41.484+0000] {dag.py:3096} INFO - Sync 1 DAGs
[2024-05-02T22:32:41.546+0000] {logging_mixin.py:188} INFO - [2024-05-02T22:32:41.545+0000] {dag.py:3954} INFO - Setting next_dagrun for tutorial to 2024-05-01 00:00:00+00:00, run_after=2024-05-02 00:00:00+00:00
[2024-05-02T22:32:41.603+0000] {processor.py:183} INFO - Processing /home/airflow/.local/lib/python3.12/site-packages/airflow/example_dags/tutorial.py took 0.656 seconds
[2024-05-02T22:33:12.372+0000] {processor.py:161} INFO - Started process (PID=130) to work on /home/airflow/.local/lib/python3.12/site-packages/airflow/example_dags/tutorial.py
[2024-05-02T22:33:12.376+0000] {processor.py:830} INFO - Processing file /home/airflow/.local/lib/python3.12/site-packages/airflow/example_dags/tutorial.py for tasks to queue
[2024-05-02T22:33:12.380+0000] {logging_mixin.py:188} INFO - [2024-05-02T22:33:12.379+0000] {dagbag.py:540} INFO - Filling up the DagBag from /home/airflow/.local/lib/python3.12/site-packages/airflow/example_dags/tutorial.py
[2024-05-02T22:33:12.408+0000] {processor.py:840} INFO - DAG(s) 'tutorial' retrieved from /home/airflow/.local/lib/python3.12/site-packages/airflow/example_dags/tutorial.py
[2024-05-02T22:33:12.467+0000] {logging_mixin.py:188} INFO - [2024-05-02T22:33:12.466+0000] {dag.py:3096} INFO - Sync 1 DAGs
[2024-05-02T22:33:12.549+0000] {logging_mixin.py:188} INFO - [2024-05-02T22:33:12.549+0000] {dag.py:3954} INFO - Setting next_dagrun for tutorial to 2024-05-01 00:00:00+00:00, run_after=2024-05-02 00:00:00+00:00
[2024-05-02T22:33:12.622+0000] {processor.py:183} INFO - Processing /home/airflow/.local/lib/python3.12/site-packages/airflow/example_dags/tutorial.py took 0.273 seconds
[2024-05-02T22:33:44.111+0000] {processor.py:161} INFO - Started process (PID=189) to work on /home/airflow/.local/lib/python3.12/site-packages/airflow/example_dags/tutorial.py
[2024-05-02T22:33:44.124+0000] {processor.py:830} INFO - Processing file /home/airflow/.local/lib/python3.12/site-packages/airflow/example_dags/tutorial.py for tasks to queue
[2024-05-02T22:33:44.132+0000] {logging_mixin.py:188} INFO - [2024-05-02T22:33:44.131+0000] {dagbag.py:540} INFO - Filling up the DagBag from /home/airflow/.local/lib/python3.12/site-packages/airflow/example_dags/tutorial.py
[2024-05-02T22:33:44.145+0000] {processor.py:840} INFO - DAG(s) 'tutorial' retrieved from /home/airflow/.local/lib/python3.12/site-packages/airflow/example_dags/tutorial.py
[2024-05-02T22:33:44.282+0000] {logging_mixin.py:188} INFO - [2024-05-02T22:33:44.282+0000] {dag.py:3096} INFO - Sync 1 DAGs
[2024-05-02T22:33:44.477+0000] {logging_mixin.py:188} INFO - [2024-05-02T22:33:44.463+0000] {dag.py:3954} INFO - Setting next_dagrun for tutorial to 2024-05-01 00:00:00+00:00, run_after=2024-05-02 00:00:00+00:00
[2024-05-02T22:33:44.902+0000] {processor.py:183} INFO - Processing /home/airflow/.local/lib/python3.12/site-packages/airflow/example_dags/tutorial.py took 0.817 seconds
[2024-05-02T22:34:15.213+0000] {processor.py:161} INFO - Started process (PID=248) to work on /home/airflow/.local/lib/python3.12/site-packages/airflow/example_dags/tutorial.py
[2024-05-02T22:34:15.237+0000] {processor.py:830} INFO - Processing file /home/airflow/.local/lib/python3.12/site-packages/airflow/example_dags/tutorial.py for tasks to queue
[2024-05-02T22:34:15.246+0000] {logging_mixin.py:188} INFO - [2024-05-02T22:34:15.245+0000] {dagbag.py:540} INFO - Filling up the DagBag from /home/airflow/.local/lib/python3.12/site-packages/airflow/example_dags/tutorial.py
[2024-05-02T22:34:15.291+0000] {processor.py:840} INFO - DAG(s) 'tutorial' retrieved from /home/airflow/.local/lib/python3.12/site-packages/airflow/example_dags/tutorial.py
[2024-05-02T22:34:15.487+0000] {logging_mixin.py:188} INFO - [2024-05-02T22:34:15.486+0000] {dag.py:3096} INFO - Sync 1 DAGs
[2024-05-02T22:34:15.599+0000] {logging_mixin.py:188} INFO - [2024-05-02T22:34:15.598+0000] {dag.py:3954} INFO - Setting next_dagrun for tutorial to 2024-05-01 00:00:00+00:00, run_after=2024-05-02 00:00:00+00:00
[2024-05-02T22:34:15.693+0000] {processor.py:183} INFO - Processing /home/airflow/.local/lib/python3.12/site-packages/airflow/example_dags/tutorial.py took 0.526 seconds
[2024-05-02T22:34:46.551+0000] {processor.py:161} INFO - Started process (PID=308) to work on /home/airflow/.local/lib/python3.12/site-packages/airflow/example_dags/tutorial.py
[2024-05-02T22:34:46.553+0000] {processor.py:830} INFO - Processing file /home/airflow/.local/lib/python3.12/site-packages/airflow/example_dags/tutorial.py for tasks to queue
[2024-05-02T22:34:46.557+0000] {logging_mixin.py:188} INFO - [2024-05-02T22:34:46.557+0000] {dagbag.py:540} INFO - Filling up the DagBag from /home/airflow/.local/lib/python3.12/site-packages/airflow/example_dags/tutorial.py
[2024-05-02T22:34:46.570+0000] {processor.py:840} INFO - DAG(s) 'tutorial' retrieved from /home/airflow/.local/lib/python3.12/site-packages/airflow/example_dags/tutorial.py
[2024-05-02T22:34:46.623+0000] {logging_mixin.py:188} INFO - [2024-05-02T22:34:46.623+0000] {dag.py:3096} INFO - Sync 1 DAGs
[2024-05-02T22:34:46.715+0000] {logging_mixin.py:188} INFO - [2024-05-02T22:34:46.714+0000] {dag.py:3954} INFO - Setting next_dagrun for tutorial to 2024-05-01 00:00:00+00:00, run_after=2024-05-02 00:00:00+00:00
[2024-05-02T22:34:46.796+0000] {processor.py:183} INFO - Processing /home/airflow/.local/lib/python3.12/site-packages/airflow/example_dags/tutorial.py took 0.255 seconds
[2024-05-02T22:35:17.911+0000] {processor.py:161} INFO - Started process (PID=366) to work on /home/airflow/.local/lib/python3.12/site-packages/airflow/example_dags/tutorial.py
[2024-05-02T22:35:17.919+0000] {processor.py:830} INFO - Processing file /home/airflow/.local/lib/python3.12/site-packages/airflow/example_dags/tutorial.py for tasks to queue
[2024-05-02T22:35:17.924+0000] {logging_mixin.py:188} INFO - [2024-05-02T22:35:17.923+0000] {dagbag.py:540} INFO - Filling up the DagBag from /home/airflow/.local/lib/python3.12/site-packages/airflow/example_dags/tutorial.py
[2024-05-02T22:35:17.939+0000] {processor.py:840} INFO - DAG(s) 'tutorial' retrieved from /home/airflow/.local/lib/python3.12/site-packages/airflow/example_dags/tutorial.py
[2024-05-02T22:35:18.528+0000] {logging_mixin.py:188} INFO - [2024-05-02T22:35:18.528+0000] {dag.py:3096} INFO - Sync 1 DAGs
[2024-05-02T22:35:18.614+0000] {logging_mixin.py:188} INFO - [2024-05-02T22:35:18.610+0000] {dag.py:3954} INFO - Setting next_dagrun for tutorial to 2024-05-01 00:00:00+00:00, run_after=2024-05-02 00:00:00+00:00
[2024-05-02T22:35:18.711+0000] {processor.py:183} INFO - Processing /home/airflow/.local/lib/python3.12/site-packages/airflow/example_dags/tutorial.py took 0.813 seconds
[2024-05-02T22:35:49.544+0000] {processor.py:161} INFO - Started process (PID=424) to work on /home/airflow/.local/lib/python3.12/site-packages/airflow/example_dags/tutorial.py
[2024-05-02T22:35:49.546+0000] {processor.py:830} INFO - Processing file /home/airflow/.local/lib/python3.12/site-packages/airflow/example_dags/tutorial.py for tasks to queue
[2024-05-02T22:35:49.550+0000] {logging_mixin.py:188} INFO - [2024-05-02T22:35:49.549+0000] {dagbag.py:540} INFO - Filling up the DagBag from /home/airflow/.local/lib/python3.12/site-packages/airflow/example_dags/tutorial.py
[2024-05-02T22:35:49.559+0000] {processor.py:840} INFO - DAG(s) 'tutorial' retrieved from /home/airflow/.local/lib/python3.12/site-packages/airflow/example_dags/tutorial.py
[2024-05-02T22:35:49.603+0000] {logging_mixin.py:188} INFO - [2024-05-02T22:35:49.603+0000] {dag.py:3096} INFO - Sync 1 DAGs
[2024-05-02T22:35:49.647+0000] {logging_mixin.py:188} INFO - [2024-05-02T22:35:49.647+0000] {dag.py:3954} INFO - Setting next_dagrun for tutorial to 2024-05-01 00:00:00+00:00, run_after=2024-05-02 00:00:00+00:00
[2024-05-02T22:35:49.688+0000] {processor.py:183} INFO - Processing /home/airflow/.local/lib/python3.12/site-packages/airflow/example_dags/tutorial.py took 0.151 seconds
[2024-05-02T22:36:24.285+0000] {processor.py:161} INFO - Started process (PID=482) to work on /home/airflow/.local/lib/python3.12/site-packages/airflow/example_dags/tutorial.py
[2024-05-02T22:36:24.315+0000] {processor.py:830} INFO - Processing file /home/airflow/.local/lib/python3.12/site-packages/airflow/example_dags/tutorial.py for tasks to queue
[2024-05-02T22:36:24.378+0000] {logging_mixin.py:188} INFO - [2024-05-02T22:36:24.378+0000] {dagbag.py:540} INFO - Filling up the DagBag from /home/airflow/.local/lib/python3.12/site-packages/airflow/example_dags/tutorial.py
[2024-05-02T22:36:24.476+0000] {processor.py:840} INFO - DAG(s) 'tutorial' retrieved from /home/airflow/.local/lib/python3.12/site-packages/airflow/example_dags/tutorial.py
[2024-05-02T22:36:24.642+0000] {logging_mixin.py:188} INFO - [2024-05-02T22:36:24.641+0000] {dag.py:3096} INFO - Sync 1 DAGs
[2024-05-02T22:36:24.817+0000] {logging_mixin.py:188} INFO - [2024-05-02T22:36:24.817+0000] {dag.py:3954} INFO - Setting next_dagrun for tutorial to 2024-05-01 00:00:00+00:00, run_after=2024-05-02 00:00:00+00:00
[2024-05-02T22:36:24.988+0000] {processor.py:183} INFO - Processing /home/airflow/.local/lib/python3.12/site-packages/airflow/example_dags/tutorial.py took 0.786 seconds
[2024-05-02T22:36:59.690+0000] {processor.py:161} INFO - Started process (PID=541) to work on /home/airflow/.local/lib/python3.12/site-packages/airflow/example_dags/tutorial.py
[2024-05-02T22:36:59.724+0000] {processor.py:830} INFO - Processing file /home/airflow/.local/lib/python3.12/site-packages/airflow/example_dags/tutorial.py for tasks to queue
[2024-05-02T22:36:59.741+0000] {logging_mixin.py:188} INFO - [2024-05-02T22:36:59.740+0000] {dagbag.py:540} INFO - Filling up the DagBag from /home/airflow/.local/lib/python3.12/site-packages/airflow/example_dags/tutorial.py
[2024-05-02T22:36:59.790+0000] {processor.py:840} INFO - DAG(s) 'tutorial' retrieved from /home/airflow/.local/lib/python3.12/site-packages/airflow/example_dags/tutorial.py
[2024-05-02T22:37:00.078+0000] {logging_mixin.py:188} INFO - [2024-05-02T22:37:00.077+0000] {dag.py:3096} INFO - Sync 1 DAGs
[2024-05-02T22:37:00.348+0000] {logging_mixin.py:188} INFO - [2024-05-02T22:37:00.347+0000] {dag.py:3954} INFO - Setting next_dagrun for tutorial to 2024-05-01 00:00:00+00:00, run_after=2024-05-02 00:00:00+00:00
[2024-05-02T22:37:00.567+0000] {processor.py:183} INFO - Processing /home/airflow/.local/lib/python3.12/site-packages/airflow/example_dags/tutorial.py took 0.925 seconds
[2024-05-02T22:37:31.571+0000] {processor.py:161} INFO - Started process (PID=601) to work on /home/airflow/.local/lib/python3.12/site-packages/airflow/example_dags/tutorial.py
[2024-05-02T22:37:31.577+0000] {processor.py:830} INFO - Processing file /home/airflow/.local/lib/python3.12/site-packages/airflow/example_dags/tutorial.py for tasks to queue
[2024-05-02T22:37:31.600+0000] {logging_mixin.py:188} INFO - [2024-05-02T22:37:31.587+0000] {dagbag.py:540} INFO - Filling up the DagBag from /home/airflow/.local/lib/python3.12/site-packages/airflow/example_dags/tutorial.py
[2024-05-02T22:37:31.689+0000] {processor.py:840} INFO - DAG(s) 'tutorial' retrieved from /home/airflow/.local/lib/python3.12/site-packages/airflow/example_dags/tutorial.py
[2024-05-02T22:37:31.899+0000] {logging_mixin.py:188} INFO - [2024-05-02T22:37:31.898+0000] {dag.py:3096} INFO - Sync 1 DAGs
[2024-05-02T22:37:32.101+0000] {logging_mixin.py:188} INFO - [2024-05-02T22:37:32.100+0000] {dag.py:3954} INFO - Setting next_dagrun for tutorial to 2024-05-01 00:00:00+00:00, run_after=2024-05-02 00:00:00+00:00
[2024-05-02T22:37:32.315+0000] {processor.py:183} INFO - Processing /home/airflow/.local/lib/python3.12/site-packages/airflow/example_dags/tutorial.py took 0.766 seconds
[2024-05-02T22:38:02.661+0000] {processor.py:161} INFO - Started process (PID=667) to work on /home/airflow/.local/lib/python3.12/site-packages/airflow/example_dags/tutorial.py
[2024-05-02T22:38:02.663+0000] {processor.py:830} INFO - Processing file /home/airflow/.local/lib/python3.12/site-packages/airflow/example_dags/tutorial.py for tasks to queue
[2024-05-02T22:38:02.667+0000] {logging_mixin.py:188} INFO - [2024-05-02T22:38:02.666+0000] {dagbag.py:540} INFO - Filling up the DagBag from /home/airflow/.local/lib/python3.12/site-packages/airflow/example_dags/tutorial.py
[2024-05-02T22:38:02.679+0000] {processor.py:840} INFO - DAG(s) 'tutorial' retrieved from /home/airflow/.local/lib/python3.12/site-packages/airflow/example_dags/tutorial.py
[2024-05-02T22:38:02.720+0000] {logging_mixin.py:188} INFO - [2024-05-02T22:38:02.719+0000] {dag.py:3096} INFO - Sync 1 DAGs
[2024-05-02T22:38:02.765+0000] {logging_mixin.py:188} INFO - [2024-05-02T22:38:02.765+0000] {dag.py:3954} INFO - Setting next_dagrun for tutorial to 2024-05-01 00:00:00+00:00, run_after=2024-05-02 00:00:00+00:00
[2024-05-02T22:38:02.808+0000] {processor.py:183} INFO - Processing /home/airflow/.local/lib/python3.12/site-packages/airflow/example_dags/tutorial.py took 0.161 seconds
[2024-05-02T22:38:34.912+0000] {processor.py:161} INFO - Started process (PID=726) to work on /home/airflow/.local/lib/python3.12/site-packages/airflow/example_dags/tutorial.py
[2024-05-02T22:38:34.928+0000] {processor.py:830} INFO - Processing file /home/airflow/.local/lib/python3.12/site-packages/airflow/example_dags/tutorial.py for tasks to queue
[2024-05-02T22:38:34.963+0000] {logging_mixin.py:188} INFO - [2024-05-02T22:38:34.962+0000] {dagbag.py:540} INFO - Filling up the DagBag from /home/airflow/.local/lib/python3.12/site-packages/airflow/example_dags/tutorial.py
[2024-05-02T22:38:35.006+0000] {processor.py:840} INFO - DAG(s) 'tutorial' retrieved from /home/airflow/.local/lib/python3.12/site-packages/airflow/example_dags/tutorial.py
[2024-05-02T22:38:35.130+0000] {logging_mixin.py:188} INFO - [2024-05-02T22:38:35.129+0000] {dag.py:3096} INFO - Sync 1 DAGs
[2024-05-02T22:38:35.280+0000] {logging_mixin.py:188} INFO - [2024-05-02T22:38:35.279+0000] {dag.py:3954} INFO - Setting next_dagrun for tutorial to 2024-05-01 00:00:00+00:00, run_after=2024-05-02 00:00:00+00:00
[2024-05-02T22:38:35.411+0000] {processor.py:183} INFO - Processing /home/airflow/.local/lib/python3.12/site-packages/airflow/example_dags/tutorial.py took 0.536 seconds
[2024-05-02T22:39:17.423+0000] {processor.py:161} INFO - Started process (PID=784) to work on /home/airflow/.local/lib/python3.12/site-packages/airflow/example_dags/tutorial.py
[2024-05-02T22:39:17.426+0000] {processor.py:830} INFO - Processing file /home/airflow/.local/lib/python3.12/site-packages/airflow/example_dags/tutorial.py for tasks to queue
[2024-05-02T22:39:17.453+0000] {logging_mixin.py:188} INFO - [2024-05-02T22:39:17.452+0000] {dagbag.py:540} INFO - Filling up the DagBag from /home/airflow/.local/lib/python3.12/site-packages/airflow/example_dags/tutorial.py
[2024-05-02T22:39:17.491+0000] {processor.py:840} INFO - DAG(s) 'tutorial' retrieved from /home/airflow/.local/lib/python3.12/site-packages/airflow/example_dags/tutorial.py
[2024-05-02T22:39:17.625+0000] {logging_mixin.py:188} INFO - [2024-05-02T22:39:17.624+0000] {dag.py:3096} INFO - Sync 1 DAGs
[2024-05-02T22:39:17.694+0000] {logging_mixin.py:188} INFO - [2024-05-02T22:39:17.693+0000] {dag.py:3954} INFO - Setting next_dagrun for tutorial to 2024-05-01 00:00:00+00:00, run_after=2024-05-02 00:00:00+00:00
[2024-05-02T22:39:17.747+0000] {processor.py:183} INFO - Processing /home/airflow/.local/lib/python3.12/site-packages/airflow/example_dags/tutorial.py took 0.376 seconds
[2024-05-02T22:40:03.050+0000] {processor.py:161} INFO - Started process (PID=845) to work on /home/airflow/.local/lib/python3.12/site-packages/airflow/example_dags/tutorial.py
[2024-05-02T22:40:03.052+0000] {processor.py:830} INFO - Processing file /home/airflow/.local/lib/python3.12/site-packages/airflow/example_dags/tutorial.py for tasks to queue
[2024-05-02T22:40:03.056+0000] {logging_mixin.py:188} INFO - [2024-05-02T22:40:03.056+0000] {dagbag.py:540} INFO - Filling up the DagBag from /home/airflow/.local/lib/python3.12/site-packages/airflow/example_dags/tutorial.py
[2024-05-02T22:40:03.071+0000] {processor.py:840} INFO - DAG(s) 'tutorial' retrieved from /home/airflow/.local/lib/python3.12/site-packages/airflow/example_dags/tutorial.py
[2024-05-02T22:40:03.854+0000] {logging_mixin.py:188} INFO - [2024-05-02T22:40:03.853+0000] {dag.py:3096} INFO - Sync 1 DAGs
[2024-05-02T22:40:03.905+0000] {logging_mixin.py:188} INFO - [2024-05-02T22:40:03.904+0000] {dag.py:3954} INFO - Setting next_dagrun for tutorial to 2024-05-01 00:00:00+00:00, run_after=2024-05-02 00:00:00+00:00
[2024-05-02T22:40:03.982+0000] {processor.py:183} INFO - Processing /home/airflow/.local/lib/python3.12/site-packages/airflow/example_dags/tutorial.py took 0.944 seconds
[2024-05-02T22:40:34.118+0000] {processor.py:161} INFO - Started process (PID=911) to work on /home/airflow/.local/lib/python3.12/site-packages/airflow/example_dags/tutorial.py
[2024-05-02T22:40:34.120+0000] {processor.py:830} INFO - Processing file /home/airflow/.local/lib/python3.12/site-packages/airflow/example_dags/tutorial.py for tasks to queue
[2024-05-02T22:40:34.123+0000] {logging_mixin.py:188} INFO - [2024-05-02T22:40:34.122+0000] {dagbag.py:540} INFO - Filling up the DagBag from /home/airflow/.local/lib/python3.12/site-packages/airflow/example_dags/tutorial.py
[2024-05-02T22:40:34.132+0000] {processor.py:840} INFO - DAG(s) 'tutorial' retrieved from /home/airflow/.local/lib/python3.12/site-packages/airflow/example_dags/tutorial.py
[2024-05-02T22:40:34.365+0000] {logging_mixin.py:188} INFO - [2024-05-02T22:40:34.365+0000] {dag.py:3096} INFO - Sync 1 DAGs
[2024-05-02T22:40:34.407+0000] {logging_mixin.py:188} INFO - [2024-05-02T22:40:34.406+0000] {dag.py:3954} INFO - Setting next_dagrun for tutorial to 2024-05-01 00:00:00+00:00, run_after=2024-05-02 00:00:00+00:00
[2024-05-02T22:40:34.451+0000] {processor.py:183} INFO - Processing /home/airflow/.local/lib/python3.12/site-packages/airflow/example_dags/tutorial.py took 0.343 seconds
[2024-05-02T22:41:05.042+0000] {processor.py:161} INFO - Started process (PID=970) to work on /home/airflow/.local/lib/python3.12/site-packages/airflow/example_dags/tutorial.py
[2024-05-02T22:41:05.044+0000] {processor.py:830} INFO - Processing file /home/airflow/.local/lib/python3.12/site-packages/airflow/example_dags/tutorial.py for tasks to queue
[2024-05-02T22:41:05.048+0000] {logging_mixin.py:188} INFO - [2024-05-02T22:41:05.047+0000] {dagbag.py:540} INFO - Filling up the DagBag from /home/airflow/.local/lib/python3.12/site-packages/airflow/example_dags/tutorial.py
[2024-05-02T22:41:05.058+0000] {processor.py:840} INFO - DAG(s) 'tutorial' retrieved from /home/airflow/.local/lib/python3.12/site-packages/airflow/example_dags/tutorial.py
[2024-05-02T22:41:05.109+0000] {logging_mixin.py:188} INFO - [2024-05-02T22:41:05.109+0000] {dag.py:3096} INFO - Sync 1 DAGs
[2024-05-02T22:41:05.400+0000] {logging_mixin.py:188} INFO - [2024-05-02T22:41:05.400+0000] {dag.py:3954} INFO - Setting next_dagrun for tutorial to 2024-05-01 00:00:00+00:00, run_after=2024-05-02 00:00:00+00:00
[2024-05-02T22:41:05.468+0000] {processor.py:183} INFO - Processing /home/airflow/.local/lib/python3.12/site-packages/airflow/example_dags/tutorial.py took 0.436 seconds
[2024-05-02T22:41:35.648+0000] {processor.py:161} INFO - Started process (PID=1029) to work on /home/airflow/.local/lib/python3.12/site-packages/airflow/example_dags/tutorial.py
[2024-05-02T22:41:35.650+0000] {processor.py:830} INFO - Processing file /home/airflow/.local/lib/python3.12/site-packages/airflow/example_dags/tutorial.py for tasks to queue
[2024-05-02T22:41:35.655+0000] {logging_mixin.py:188} INFO - [2024-05-02T22:41:35.654+0000] {dagbag.py:540} INFO - Filling up the DagBag from /home/airflow/.local/lib/python3.12/site-packages/airflow/example_dags/tutorial.py
[2024-05-02T22:41:35.676+0000] {processor.py:840} INFO - DAG(s) 'tutorial' retrieved from /home/airflow/.local/lib/python3.12/site-packages/airflow/example_dags/tutorial.py
[2024-05-02T22:41:35.756+0000] {logging_mixin.py:188} INFO - [2024-05-02T22:41:35.756+0000] {dag.py:3096} INFO - Sync 1 DAGs
[2024-05-02T22:41:35.884+0000] {logging_mixin.py:188} INFO - [2024-05-02T22:41:35.884+0000] {dag.py:3954} INFO - Setting next_dagrun for tutorial to 2024-05-01 00:00:00+00:00, run_after=2024-05-02 00:00:00+00:00
[2024-05-02T22:41:35.996+0000] {processor.py:183} INFO - Processing /home/airflow/.local/lib/python3.12/site-packages/airflow/example_dags/tutorial.py took 0.364 seconds
[2024-05-02T22:42:06.250+0000] {processor.py:161} INFO - Started process (PID=1088) to work on /home/airflow/.local/lib/python3.12/site-packages/airflow/example_dags/tutorial.py
[2024-05-02T22:42:06.252+0000] {processor.py:830} INFO - Processing file /home/airflow/.local/lib/python3.12/site-packages/airflow/example_dags/tutorial.py for tasks to queue
[2024-05-02T22:42:06.256+0000] {logging_mixin.py:188} INFO - [2024-05-02T22:42:06.256+0000] {dagbag.py:540} INFO - Filling up the DagBag from /home/airflow/.local/lib/python3.12/site-packages/airflow/example_dags/tutorial.py
[2024-05-02T22:42:06.270+0000] {processor.py:840} INFO - DAG(s) 'tutorial' retrieved from /home/airflow/.local/lib/python3.12/site-packages/airflow/example_dags/tutorial.py
[2024-05-02T22:42:06.310+0000] {logging_mixin.py:188} INFO - [2024-05-02T22:42:06.309+0000] {dag.py:3096} INFO - Sync 1 DAGs
[2024-05-02T22:42:06.361+0000] {logging_mixin.py:188} INFO - [2024-05-02T22:42:06.361+0000] {dag.py:3954} INFO - Setting next_dagrun for tutorial to 2024-05-01 00:00:00+00:00, run_after=2024-05-02 00:00:00+00:00
[2024-05-02T22:42:06.412+0000] {processor.py:183} INFO - Processing /home/airflow/.local/lib/python3.12/site-packages/airflow/example_dags/tutorial.py took 0.172 seconds
[2024-05-02T22:42:36.547+0000] {processor.py:161} INFO - Started process (PID=1147) to work on /home/airflow/.local/lib/python3.12/site-packages/airflow/example_dags/tutorial.py
[2024-05-02T22:42:36.549+0000] {processor.py:830} INFO - Processing file /home/airflow/.local/lib/python3.12/site-packages/airflow/example_dags/tutorial.py for tasks to queue
[2024-05-02T22:42:36.552+0000] {logging_mixin.py:188} INFO - [2024-05-02T22:42:36.551+0000] {dagbag.py:540} INFO - Filling up the DagBag from /home/airflow/.local/lib/python3.12/site-packages/airflow/example_dags/tutorial.py
[2024-05-02T22:42:36.563+0000] {processor.py:840} INFO - DAG(s) 'tutorial' retrieved from /home/airflow/.local/lib/python3.12/site-packages/airflow/example_dags/tutorial.py
[2024-05-02T22:42:36.605+0000] {logging_mixin.py:188} INFO - [2024-05-02T22:42:36.605+0000] {dag.py:3096} INFO - Sync 1 DAGs
[2024-05-02T22:42:36.652+0000] {logging_mixin.py:188} INFO - [2024-05-02T22:42:36.652+0000] {dag.py:3954} INFO - Setting next_dagrun for tutorial to 2024-05-01 00:00:00+00:00, run_after=2024-05-02 00:00:00+00:00
[2024-05-02T22:42:36.700+0000] {processor.py:183} INFO - Processing /home/airflow/.local/lib/python3.12/site-packages/airflow/example_dags/tutorial.py took 0.162 seconds
[2024-05-02T22:43:06.801+0000] {processor.py:161} INFO - Started process (PID=1206) to work on /home/airflow/.local/lib/python3.12/site-packages/airflow/example_dags/tutorial.py
[2024-05-02T22:43:06.803+0000] {processor.py:830} INFO - Processing file /home/airflow/.local/lib/python3.12/site-packages/airflow/example_dags/tutorial.py for tasks to queue
[2024-05-02T22:43:06.807+0000] {logging_mixin.py:188} INFO - [2024-05-02T22:43:06.806+0000] {dagbag.py:540} INFO - Filling up the DagBag from /home/airflow/.local/lib/python3.12/site-packages/airflow/example_dags/tutorial.py
[2024-05-02T22:43:06.817+0000] {processor.py:840} INFO - DAG(s) 'tutorial' retrieved from /home/airflow/.local/lib/python3.12/site-packages/airflow/example_dags/tutorial.py
[2024-05-02T22:43:06.859+0000] {logging_mixin.py:188} INFO - [2024-05-02T22:43:06.858+0000] {dag.py:3096} INFO - Sync 1 DAGs
[2024-05-02T22:43:06.922+0000] {logging_mixin.py:188} INFO - [2024-05-02T22:43:06.921+0000] {dag.py:3954} INFO - Setting next_dagrun for tutorial to 2024-05-01 00:00:00+00:00, run_after=2024-05-02 00:00:00+00:00
[2024-05-02T22:43:06.968+0000] {processor.py:183} INFO - Processing /home/airflow/.local/lib/python3.12/site-packages/airflow/example_dags/tutorial.py took 0.177 seconds
[2024-05-02T22:43:37.619+0000] {processor.py:161} INFO - Started process (PID=1264) to work on /home/airflow/.local/lib/python3.12/site-packages/airflow/example_dags/tutorial.py
[2024-05-02T22:43:37.624+0000] {processor.py:830} INFO - Processing file /home/airflow/.local/lib/python3.12/site-packages/airflow/example_dags/tutorial.py for tasks to queue
[2024-05-02T22:43:37.636+0000] {logging_mixin.py:188} INFO - [2024-05-02T22:43:37.635+0000] {dagbag.py:540} INFO - Filling up the DagBag from /home/airflow/.local/lib/python3.12/site-packages/airflow/example_dags/tutorial.py
[2024-05-02T22:43:37.673+0000] {processor.py:840} INFO - DAG(s) 'tutorial' retrieved from /home/airflow/.local/lib/python3.12/site-packages/airflow/example_dags/tutorial.py
[2024-05-02T22:43:37.741+0000] {logging_mixin.py:188} INFO - [2024-05-02T22:43:37.740+0000] {dag.py:3096} INFO - Sync 1 DAGs
[2024-05-02T22:43:37.824+0000] {logging_mixin.py:188} INFO - [2024-05-02T22:43:37.823+0000] {dag.py:3954} INFO - Setting next_dagrun for tutorial to 2024-05-01 00:00:00+00:00, run_after=2024-05-02 00:00:00+00:00
[2024-05-02T22:43:37.913+0000] {processor.py:183} INFO - Processing /home/airflow/.local/lib/python3.12/site-packages/airflow/example_dags/tutorial.py took 0.316 seconds
[2024-05-02T22:44:11.566+0000] {processor.py:161} INFO - Started process (PID=1324) to work on /home/airflow/.local/lib/python3.12/site-packages/airflow/example_dags/tutorial.py
[2024-05-02T22:44:11.595+0000] {processor.py:830} INFO - Processing file /home/airflow/.local/lib/python3.12/site-packages/airflow/example_dags/tutorial.py for tasks to queue
[2024-05-02T22:44:11.610+0000] {logging_mixin.py:188} INFO - [2024-05-02T22:44:11.604+0000] {dagbag.py:540} INFO - Filling up the DagBag from /home/airflow/.local/lib/python3.12/site-packages/airflow/example_dags/tutorial.py
[2024-05-02T22:44:11.647+0000] {processor.py:840} INFO - DAG(s) 'tutorial' retrieved from /home/airflow/.local/lib/python3.12/site-packages/airflow/example_dags/tutorial.py
[2024-05-02T22:44:11.808+0000] {logging_mixin.py:188} INFO - [2024-05-02T22:44:11.808+0000] {dag.py:3096} INFO - Sync 1 DAGs
[2024-05-02T22:44:11.895+0000] {logging_mixin.py:188} INFO - [2024-05-02T22:44:11.895+0000] {dag.py:3954} INFO - Setting next_dagrun for tutorial to 2024-05-01 00:00:00+00:00, run_after=2024-05-02 00:00:00+00:00
[2024-05-02T22:44:11.970+0000] {processor.py:183} INFO - Processing /home/airflow/.local/lib/python3.12/site-packages/airflow/example_dags/tutorial.py took 0.437 seconds
[2024-05-02T22:44:42.655+0000] {processor.py:161} INFO - Started process (PID=1383) to work on /home/airflow/.local/lib/python3.12/site-packages/airflow/example_dags/tutorial.py
[2024-05-02T22:44:42.657+0000] {processor.py:830} INFO - Processing file /home/airflow/.local/lib/python3.12/site-packages/airflow/example_dags/tutorial.py for tasks to queue
[2024-05-02T22:44:42.662+0000] {logging_mixin.py:188} INFO - [2024-05-02T22:44:42.661+0000] {dagbag.py:540} INFO - Filling up the DagBag from /home/airflow/.local/lib/python3.12/site-packages/airflow/example_dags/tutorial.py
[2024-05-02T22:44:42.675+0000] {processor.py:840} INFO - DAG(s) 'tutorial' retrieved from /home/airflow/.local/lib/python3.12/site-packages/airflow/example_dags/tutorial.py
[2024-05-02T22:44:42.720+0000] {logging_mixin.py:188} INFO - [2024-05-02T22:44:42.719+0000] {dag.py:3096} INFO - Sync 1 DAGs
[2024-05-02T22:44:42.778+0000] {logging_mixin.py:188} INFO - [2024-05-02T22:44:42.777+0000] {dag.py:3954} INFO - Setting next_dagrun for tutorial to 2024-05-01 00:00:00+00:00, run_after=2024-05-02 00:00:00+00:00
[2024-05-02T22:44:42.829+0000] {processor.py:183} INFO - Processing /home/airflow/.local/lib/python3.12/site-packages/airflow/example_dags/tutorial.py took 0.187 seconds
[2024-05-02T22:45:13.390+0000] {processor.py:161} INFO - Started process (PID=1441) to work on /home/airflow/.local/lib/python3.12/site-packages/airflow/example_dags/tutorial.py
[2024-05-02T22:45:13.393+0000] {processor.py:830} INFO - Processing file /home/airflow/.local/lib/python3.12/site-packages/airflow/example_dags/tutorial.py for tasks to queue
[2024-05-02T22:45:13.402+0000] {logging_mixin.py:188} INFO - [2024-05-02T22:45:13.400+0000] {dagbag.py:540} INFO - Filling up the DagBag from /home/airflow/.local/lib/python3.12/site-packages/airflow/example_dags/tutorial.py
[2024-05-02T22:45:13.421+0000] {processor.py:840} INFO - DAG(s) 'tutorial' retrieved from /home/airflow/.local/lib/python3.12/site-packages/airflow/example_dags/tutorial.py
[2024-05-02T22:45:13.469+0000] {logging_mixin.py:188} INFO - [2024-05-02T22:45:13.469+0000] {dag.py:3096} INFO - Sync 1 DAGs
[2024-05-02T22:45:13.519+0000] {logging_mixin.py:188} INFO - [2024-05-02T22:45:13.519+0000] {dag.py:3954} INFO - Setting next_dagrun for tutorial to 2024-05-01 00:00:00+00:00, run_after=2024-05-02 00:00:00+00:00
[2024-05-02T22:45:13.579+0000] {processor.py:183} INFO - Processing /home/airflow/.local/lib/python3.12/site-packages/airflow/example_dags/tutorial.py took 0.210 seconds
[2024-05-02T22:45:43.788+0000] {processor.py:161} INFO - Started process (PID=1500) to work on /home/airflow/.local/lib/python3.12/site-packages/airflow/example_dags/tutorial.py
[2024-05-02T22:45:43.791+0000] {processor.py:830} INFO - Processing file /home/airflow/.local/lib/python3.12/site-packages/airflow/example_dags/tutorial.py for tasks to queue
[2024-05-02T22:45:43.796+0000] {logging_mixin.py:188} INFO - [2024-05-02T22:45:43.795+0000] {dagbag.py:540} INFO - Filling up the DagBag from /home/airflow/.local/lib/python3.12/site-packages/airflow/example_dags/tutorial.py
[2024-05-02T22:45:43.816+0000] {processor.py:840} INFO - DAG(s) 'tutorial' retrieved from /home/airflow/.local/lib/python3.12/site-packages/airflow/example_dags/tutorial.py
[2024-05-02T22:45:43.893+0000] {logging_mixin.py:188} INFO - [2024-05-02T22:45:43.891+0000] {dag.py:3096} INFO - Sync 1 DAGs
[2024-05-02T22:45:43.946+0000] {logging_mixin.py:188} INFO - [2024-05-02T22:45:43.946+0000] {dag.py:3954} INFO - Setting next_dagrun for tutorial to 2024-05-01 00:00:00+00:00, run_after=2024-05-02 00:00:00+00:00
[2024-05-02T22:45:43.984+0000] {processor.py:183} INFO - Processing /home/airflow/.local/lib/python3.12/site-packages/airflow/example_dags/tutorial.py took 0.217 seconds
[2024-05-02T22:46:14.734+0000] {processor.py:161} INFO - Started process (PID=1559) to work on /home/airflow/.local/lib/python3.12/site-packages/airflow/example_dags/tutorial.py
[2024-05-02T22:46:14.736+0000] {processor.py:830} INFO - Processing file /home/airflow/.local/lib/python3.12/site-packages/airflow/example_dags/tutorial.py for tasks to queue
[2024-05-02T22:46:14.739+0000] {logging_mixin.py:188} INFO - [2024-05-02T22:46:14.738+0000] {dagbag.py:540} INFO - Filling up the DagBag from /home/airflow/.local/lib/python3.12/site-packages/airflow/example_dags/tutorial.py
[2024-05-02T22:46:14.749+0000] {processor.py:840} INFO - DAG(s) 'tutorial' retrieved from /home/airflow/.local/lib/python3.12/site-packages/airflow/example_dags/tutorial.py
[2024-05-02T22:46:14.792+0000] {logging_mixin.py:188} INFO - [2024-05-02T22:46:14.792+0000] {dag.py:3096} INFO - Sync 1 DAGs
[2024-05-02T22:46:14.838+0000] {logging_mixin.py:188} INFO - [2024-05-02T22:46:14.838+0000] {dag.py:3954} INFO - Setting next_dagrun for tutorial to 2024-05-01 00:00:00+00:00, run_after=2024-05-02 00:00:00+00:00
[2024-05-02T22:46:14.887+0000] {processor.py:183} INFO - Processing /home/airflow/.local/lib/python3.12/site-packages/airflow/example_dags/tutorial.py took 0.171 seconds
[2024-05-02T22:46:45.037+0000] {processor.py:161} INFO - Started process (PID=1619) to work on /home/airflow/.local/lib/python3.12/site-packages/airflow/example_dags/tutorial.py
[2024-05-02T22:46:45.039+0000] {processor.py:830} INFO - Processing file /home/airflow/.local/lib/python3.12/site-packages/airflow/example_dags/tutorial.py for tasks to queue
[2024-05-02T22:46:45.043+0000] {logging_mixin.py:188} INFO - [2024-05-02T22:46:45.042+0000] {dagbag.py:540} INFO - Filling up the DagBag from /home/airflow/.local/lib/python3.12/site-packages/airflow/example_dags/tutorial.py
[2024-05-02T22:46:45.059+0000] {processor.py:840} INFO - DAG(s) 'tutorial' retrieved from /home/airflow/.local/lib/python3.12/site-packages/airflow/example_dags/tutorial.py
[2024-05-02T22:46:45.119+0000] {logging_mixin.py:188} INFO - [2024-05-02T22:46:45.118+0000] {dag.py:3096} INFO - Sync 1 DAGs
[2024-05-02T22:46:45.222+0000] {logging_mixin.py:188} INFO - [2024-05-02T22:46:45.221+0000] {dag.py:3954} INFO - Setting next_dagrun for tutorial to 2024-05-01 00:00:00+00:00, run_after=2024-05-02 00:00:00+00:00
[2024-05-02T22:46:45.321+0000] {processor.py:183} INFO - Processing /home/airflow/.local/lib/python3.12/site-packages/airflow/example_dags/tutorial.py took 0.302 seconds
[2024-05-02T22:47:15.747+0000] {processor.py:161} INFO - Started process (PID=1678) to work on /home/airflow/.local/lib/python3.12/site-packages/airflow/example_dags/tutorial.py
[2024-05-02T22:47:15.750+0000] {processor.py:830} INFO - Processing file /home/airflow/.local/lib/python3.12/site-packages/airflow/example_dags/tutorial.py for tasks to queue
[2024-05-02T22:47:15.756+0000] {logging_mixin.py:188} INFO - [2024-05-02T22:47:15.755+0000] {dagbag.py:540} INFO - Filling up the DagBag from /home/airflow/.local/lib/python3.12/site-packages/airflow/example_dags/tutorial.py
[2024-05-02T22:47:15.782+0000] {processor.py:840} INFO - DAG(s) 'tutorial' retrieved from /home/airflow/.local/lib/python3.12/site-packages/airflow/example_dags/tutorial.py
[2024-05-02T22:47:15.852+0000] {logging_mixin.py:188} INFO - [2024-05-02T22:47:15.851+0000] {dag.py:3096} INFO - Sync 1 DAGs
[2024-05-02T22:47:15.986+0000] {logging_mixin.py:188} INFO - [2024-05-02T22:47:15.985+0000] {dag.py:3954} INFO - Setting next_dagrun for tutorial to 2024-05-01 00:00:00+00:00, run_after=2024-05-02 00:00:00+00:00
[2024-05-02T22:47:16.180+0000] {processor.py:183} INFO - Processing /home/airflow/.local/lib/python3.12/site-packages/airflow/example_dags/tutorial.py took 0.459 seconds
[2024-05-02T22:47:46.824+0000] {processor.py:161} INFO - Started process (PID=1737) to work on /home/airflow/.local/lib/python3.12/site-packages/airflow/example_dags/tutorial.py
[2024-05-02T22:47:46.826+0000] {processor.py:830} INFO - Processing file /home/airflow/.local/lib/python3.12/site-packages/airflow/example_dags/tutorial.py for tasks to queue
[2024-05-02T22:47:46.830+0000] {logging_mixin.py:188} INFO - [2024-05-02T22:47:46.829+0000] {dagbag.py:540} INFO - Filling up the DagBag from /home/airflow/.local/lib/python3.12/site-packages/airflow/example_dags/tutorial.py
[2024-05-02T22:47:46.843+0000] {processor.py:840} INFO - DAG(s) 'tutorial' retrieved from /home/airflow/.local/lib/python3.12/site-packages/airflow/example_dags/tutorial.py
[2024-05-02T22:47:46.885+0000] {logging_mixin.py:188} INFO - [2024-05-02T22:47:46.885+0000] {dag.py:3096} INFO - Sync 1 DAGs
[2024-05-02T22:47:46.934+0000] {logging_mixin.py:188} INFO - [2024-05-02T22:47:46.933+0000] {dag.py:3954} INFO - Setting next_dagrun for tutorial to 2024-05-01 00:00:00+00:00, run_after=2024-05-02 00:00:00+00:00
[2024-05-02T22:47:46.980+0000] {processor.py:183} INFO - Processing /home/airflow/.local/lib/python3.12/site-packages/airflow/example_dags/tutorial.py took 0.169 seconds
[2024-05-02T22:48:17.641+0000] {processor.py:161} INFO - Started process (PID=1797) to work on /home/airflow/.local/lib/python3.12/site-packages/airflow/example_dags/tutorial.py
[2024-05-02T22:48:17.643+0000] {processor.py:830} INFO - Processing file /home/airflow/.local/lib/python3.12/site-packages/airflow/example_dags/tutorial.py for tasks to queue
[2024-05-02T22:48:17.647+0000] {logging_mixin.py:188} INFO - [2024-05-02T22:48:17.646+0000] {dagbag.py:540} INFO - Filling up the DagBag from /home/airflow/.local/lib/python3.12/site-packages/airflow/example_dags/tutorial.py
[2024-05-02T22:48:17.657+0000] {processor.py:840} INFO - DAG(s) 'tutorial' retrieved from /home/airflow/.local/lib/python3.12/site-packages/airflow/example_dags/tutorial.py
[2024-05-02T22:48:17.698+0000] {logging_mixin.py:188} INFO - [2024-05-02T22:48:17.697+0000] {dag.py:3096} INFO - Sync 1 DAGs
[2024-05-02T22:48:17.777+0000] {logging_mixin.py:188} INFO - [2024-05-02T22:48:17.776+0000] {dag.py:3954} INFO - Setting next_dagrun for tutorial to 2024-05-01 00:00:00+00:00, run_after=2024-05-02 00:00:00+00:00
[2024-05-02T22:48:17.829+0000] {processor.py:183} INFO - Processing /home/airflow/.local/lib/python3.12/site-packages/airflow/example_dags/tutorial.py took 0.202 seconds
[2024-05-02T22:48:48.016+0000] {processor.py:161} INFO - Started process (PID=1856) to work on /home/airflow/.local/lib/python3.12/site-packages/airflow/example_dags/tutorial.py
[2024-05-02T22:48:48.018+0000] {processor.py:830} INFO - Processing file /home/airflow/.local/lib/python3.12/site-packages/airflow/example_dags/tutorial.py for tasks to queue
[2024-05-02T22:48:48.023+0000] {logging_mixin.py:188} INFO - [2024-05-02T22:48:48.022+0000] {dagbag.py:540} INFO - Filling up the DagBag from /home/airflow/.local/lib/python3.12/site-packages/airflow/example_dags/tutorial.py
[2024-05-02T22:48:48.039+0000] {processor.py:840} INFO - DAG(s) 'tutorial' retrieved from /home/airflow/.local/lib/python3.12/site-packages/airflow/example_dags/tutorial.py
[2024-05-02T22:48:48.078+0000] {logging_mixin.py:188} INFO - [2024-05-02T22:48:48.077+0000] {dag.py:3096} INFO - Sync 1 DAGs
[2024-05-02T22:48:48.129+0000] {logging_mixin.py:188} INFO - [2024-05-02T22:48:48.129+0000] {dag.py:3954} INFO - Setting next_dagrun for tutorial to 2024-05-01 00:00:00+00:00, run_after=2024-05-02 00:00:00+00:00
[2024-05-02T22:48:48.201+0000] {processor.py:183} INFO - Processing /home/airflow/.local/lib/python3.12/site-packages/airflow/example_dags/tutorial.py took 0.201 seconds
[2024-05-02T22:49:18.320+0000] {processor.py:161} INFO - Started process (PID=1915) to work on /home/airflow/.local/lib/python3.12/site-packages/airflow/example_dags/tutorial.py
[2024-05-02T22:49:18.323+0000] {processor.py:830} INFO - Processing file /home/airflow/.local/lib/python3.12/site-packages/airflow/example_dags/tutorial.py for tasks to queue
[2024-05-02T22:49:18.329+0000] {logging_mixin.py:188} INFO - [2024-05-02T22:49:18.328+0000] {dagbag.py:540} INFO - Filling up the DagBag from /home/airflow/.local/lib/python3.12/site-packages/airflow/example_dags/tutorial.py
[2024-05-02T22:49:18.344+0000] {processor.py:840} INFO - DAG(s) 'tutorial' retrieved from /home/airflow/.local/lib/python3.12/site-packages/airflow/example_dags/tutorial.py
[2024-05-02T22:49:18.395+0000] {logging_mixin.py:188} INFO - [2024-05-02T22:49:18.395+0000] {dag.py:3096} INFO - Sync 1 DAGs
[2024-05-02T22:49:18.482+0000] {logging_mixin.py:188} INFO - [2024-05-02T22:49:18.481+0000] {dag.py:3954} INFO - Setting next_dagrun for tutorial to 2024-05-01 00:00:00+00:00, run_after=2024-05-02 00:00:00+00:00
[2024-05-02T22:49:18.544+0000] {processor.py:183} INFO - Processing /home/airflow/.local/lib/python3.12/site-packages/airflow/example_dags/tutorial.py took 0.239 seconds
[2024-05-02T22:49:49.036+0000] {processor.py:161} INFO - Started process (PID=1974) to work on /home/airflow/.local/lib/python3.12/site-packages/airflow/example_dags/tutorial.py
[2024-05-02T22:49:49.038+0000] {processor.py:830} INFO - Processing file /home/airflow/.local/lib/python3.12/site-packages/airflow/example_dags/tutorial.py for tasks to queue
[2024-05-02T22:49:49.054+0000] {logging_mixin.py:188} INFO - [2024-05-02T22:49:49.052+0000] {dagbag.py:540} INFO - Filling up the DagBag from /home/airflow/.local/lib/python3.12/site-packages/airflow/example_dags/tutorial.py
[2024-05-02T22:49:49.094+0000] {processor.py:840} INFO - DAG(s) 'tutorial' retrieved from /home/airflow/.local/lib/python3.12/site-packages/airflow/example_dags/tutorial.py
[2024-05-02T22:49:49.226+0000] {logging_mixin.py:188} INFO - [2024-05-02T22:49:49.225+0000] {dag.py:3096} INFO - Sync 1 DAGs
[2024-05-02T22:49:49.363+0000] {logging_mixin.py:188} INFO - [2024-05-02T22:49:49.363+0000] {dag.py:3954} INFO - Setting next_dagrun for tutorial to 2024-05-01 00:00:00+00:00, run_after=2024-05-02 00:00:00+00:00
[2024-05-02T22:49:49.485+0000] {processor.py:183} INFO - Processing /home/airflow/.local/lib/python3.12/site-packages/airflow/example_dags/tutorial.py took 0.507 seconds
[2024-05-02T22:50:19.816+0000] {processor.py:161} INFO - Started process (PID=2034) to work on /home/airflow/.local/lib/python3.12/site-packages/airflow/example_dags/tutorial.py
[2024-05-02T22:50:19.819+0000] {processor.py:830} INFO - Processing file /home/airflow/.local/lib/python3.12/site-packages/airflow/example_dags/tutorial.py for tasks to queue
[2024-05-02T22:50:19.833+0000] {logging_mixin.py:188} INFO - [2024-05-02T22:50:19.823+0000] {dagbag.py:540} INFO - Filling up the DagBag from /home/airflow/.local/lib/python3.12/site-packages/airflow/example_dags/tutorial.py
[2024-05-02T22:50:19.858+0000] {processor.py:840} INFO - DAG(s) 'tutorial' retrieved from /home/airflow/.local/lib/python3.12/site-packages/airflow/example_dags/tutorial.py
[2024-05-02T22:50:19.937+0000] {logging_mixin.py:188} INFO - [2024-05-02T22:50:19.935+0000] {dag.py:3096} INFO - Sync 1 DAGs
[2024-05-02T22:50:20.008+0000] {logging_mixin.py:188} INFO - [2024-05-02T22:50:20.007+0000] {dag.py:3954} INFO - Setting next_dagrun for tutorial to 2024-05-01 00:00:00+00:00, run_after=2024-05-02 00:00:00+00:00
[2024-05-02T22:50:20.114+0000] {processor.py:183} INFO - Processing /home/airflow/.local/lib/python3.12/site-packages/airflow/example_dags/tutorial.py took 0.332 seconds
[2024-05-02T22:50:50.204+0000] {processor.py:161} INFO - Started process (PID=2092) to work on /home/airflow/.local/lib/python3.12/site-packages/airflow/example_dags/tutorial.py
[2024-05-02T22:50:50.206+0000] {processor.py:830} INFO - Processing file /home/airflow/.local/lib/python3.12/site-packages/airflow/example_dags/tutorial.py for tasks to queue
[2024-05-02T22:50:50.210+0000] {logging_mixin.py:188} INFO - [2024-05-02T22:50:50.209+0000] {dagbag.py:540} INFO - Filling up the DagBag from /home/airflow/.local/lib/python3.12/site-packages/airflow/example_dags/tutorial.py
[2024-05-02T22:50:50.223+0000] {processor.py:840} INFO - DAG(s) 'tutorial' retrieved from /home/airflow/.local/lib/python3.12/site-packages/airflow/example_dags/tutorial.py
[2024-05-02T22:50:50.262+0000] {logging_mixin.py:188} INFO - [2024-05-02T22:50:50.262+0000] {dag.py:3096} INFO - Sync 1 DAGs
[2024-05-02T22:50:50.318+0000] {logging_mixin.py:188} INFO - [2024-05-02T22:50:50.318+0000] {dag.py:3954} INFO - Setting next_dagrun for tutorial to 2024-05-01 00:00:00+00:00, run_after=2024-05-02 00:00:00+00:00
[2024-05-02T22:50:50.364+0000] {processor.py:183} INFO - Processing /home/airflow/.local/lib/python3.12/site-packages/airflow/example_dags/tutorial.py took 0.171 seconds
[2024-05-02T22:51:20.723+0000] {processor.py:161} INFO - Started process (PID=2150) to work on /home/airflow/.local/lib/python3.12/site-packages/airflow/example_dags/tutorial.py
[2024-05-02T22:51:20.725+0000] {processor.py:830} INFO - Processing file /home/airflow/.local/lib/python3.12/site-packages/airflow/example_dags/tutorial.py for tasks to queue
[2024-05-02T22:51:20.728+0000] {logging_mixin.py:188} INFO - [2024-05-02T22:51:20.728+0000] {dagbag.py:540} INFO - Filling up the DagBag from /home/airflow/.local/lib/python3.12/site-packages/airflow/example_dags/tutorial.py
[2024-05-02T22:51:20.737+0000] {processor.py:840} INFO - DAG(s) 'tutorial' retrieved from /home/airflow/.local/lib/python3.12/site-packages/airflow/example_dags/tutorial.py
[2024-05-02T22:51:20.787+0000] {logging_mixin.py:188} INFO - [2024-05-02T22:51:20.786+0000] {dag.py:3096} INFO - Sync 1 DAGs
[2024-05-02T22:51:20.832+0000] {logging_mixin.py:188} INFO - [2024-05-02T22:51:20.832+0000] {dag.py:3954} INFO - Setting next_dagrun for tutorial to 2024-05-01 00:00:00+00:00, run_after=2024-05-02 00:00:00+00:00
[2024-05-02T22:51:20.873+0000] {processor.py:183} INFO - Processing /home/airflow/.local/lib/python3.12/site-packages/airflow/example_dags/tutorial.py took 0.159 seconds
[2024-05-02T22:51:51.084+0000] {processor.py:161} INFO - Started process (PID=2209) to work on /home/airflow/.local/lib/python3.12/site-packages/airflow/example_dags/tutorial.py
[2024-05-02T22:51:51.086+0000] {processor.py:830} INFO - Processing file /home/airflow/.local/lib/python3.12/site-packages/airflow/example_dags/tutorial.py for tasks to queue
[2024-05-02T22:51:51.090+0000] {logging_mixin.py:188} INFO - [2024-05-02T22:51:51.090+0000] {dagbag.py:540} INFO - Filling up the DagBag from /home/airflow/.local/lib/python3.12/site-packages/airflow/example_dags/tutorial.py
[2024-05-02T22:51:51.113+0000] {processor.py:840} INFO - DAG(s) 'tutorial' retrieved from /home/airflow/.local/lib/python3.12/site-packages/airflow/example_dags/tutorial.py
[2024-05-02T22:51:51.162+0000] {logging_mixin.py:188} INFO - [2024-05-02T22:51:51.162+0000] {dag.py:3096} INFO - Sync 1 DAGs
[2024-05-02T22:51:51.239+0000] {logging_mixin.py:188} INFO - [2024-05-02T22:51:51.239+0000] {dag.py:3954} INFO - Setting next_dagrun for tutorial to 2024-05-01 00:00:00+00:00, run_after=2024-05-02 00:00:00+00:00
[2024-05-02T22:51:51.324+0000] {processor.py:183} INFO - Processing /home/airflow/.local/lib/python3.12/site-packages/airflow/example_dags/tutorial.py took 0.258 seconds
[2024-05-02T22:52:21.509+0000] {processor.py:161} INFO - Started process (PID=2270) to work on /home/airflow/.local/lib/python3.12/site-packages/airflow/example_dags/tutorial.py
[2024-05-02T22:52:21.511+0000] {processor.py:830} INFO - Processing file /home/airflow/.local/lib/python3.12/site-packages/airflow/example_dags/tutorial.py for tasks to queue
[2024-05-02T22:52:21.515+0000] {logging_mixin.py:188} INFO - [2024-05-02T22:52:21.514+0000] {dagbag.py:540} INFO - Filling up the DagBag from /home/airflow/.local/lib/python3.12/site-packages/airflow/example_dags/tutorial.py
[2024-05-02T22:52:21.528+0000] {processor.py:840} INFO - DAG(s) 'tutorial' retrieved from /home/airflow/.local/lib/python3.12/site-packages/airflow/example_dags/tutorial.py
[2024-05-02T22:52:21.583+0000] {logging_mixin.py:188} INFO - [2024-05-02T22:52:21.582+0000] {dag.py:3096} INFO - Sync 1 DAGs
[2024-05-02T22:52:21.655+0000] {logging_mixin.py:188} INFO - [2024-05-02T22:52:21.654+0000] {dag.py:3954} INFO - Setting next_dagrun for tutorial to 2024-05-01 00:00:00+00:00, run_after=2024-05-02 00:00:00+00:00
[2024-05-02T22:52:21.723+0000] {processor.py:183} INFO - Processing /home/airflow/.local/lib/python3.12/site-packages/airflow/example_dags/tutorial.py took 0.228 seconds
[2024-05-02T22:52:52.520+0000] {processor.py:161} INFO - Started process (PID=2330) to work on /home/airflow/.local/lib/python3.12/site-packages/airflow/example_dags/tutorial.py
[2024-05-02T22:52:52.532+0000] {processor.py:830} INFO - Processing file /home/airflow/.local/lib/python3.12/site-packages/airflow/example_dags/tutorial.py for tasks to queue
[2024-05-02T22:52:52.536+0000] {logging_mixin.py:188} INFO - [2024-05-02T22:52:52.536+0000] {dagbag.py:540} INFO - Filling up the DagBag from /home/airflow/.local/lib/python3.12/site-packages/airflow/example_dags/tutorial.py
[2024-05-02T22:52:52.738+0000] {processor.py:840} INFO - DAG(s) 'tutorial' retrieved from /home/airflow/.local/lib/python3.12/site-packages/airflow/example_dags/tutorial.py
[2024-05-02T22:52:52.835+0000] {logging_mixin.py:188} INFO - [2024-05-02T22:52:52.834+0000] {dag.py:3096} INFO - Sync 1 DAGs
[2024-05-02T22:52:52.952+0000] {logging_mixin.py:188} INFO - [2024-05-02T22:52:52.951+0000] {dag.py:3954} INFO - Setting next_dagrun for tutorial to 2024-05-01 00:00:00+00:00, run_after=2024-05-02 00:00:00+00:00
[2024-05-02T22:52:53.052+0000] {processor.py:183} INFO - Processing /home/airflow/.local/lib/python3.12/site-packages/airflow/example_dags/tutorial.py took 0.563 seconds
[2024-05-02T22:53:23.645+0000] {processor.py:161} INFO - Started process (PID=2388) to work on /home/airflow/.local/lib/python3.12/site-packages/airflow/example_dags/tutorial.py
[2024-05-02T22:53:23.647+0000] {processor.py:830} INFO - Processing file /home/airflow/.local/lib/python3.12/site-packages/airflow/example_dags/tutorial.py for tasks to queue
[2024-05-02T22:53:23.659+0000] {logging_mixin.py:188} INFO - [2024-05-02T22:53:23.658+0000] {dagbag.py:540} INFO - Filling up the DagBag from /home/airflow/.local/lib/python3.12/site-packages/airflow/example_dags/tutorial.py
[2024-05-02T22:53:23.673+0000] {processor.py:840} INFO - DAG(s) 'tutorial' retrieved from /home/airflow/.local/lib/python3.12/site-packages/airflow/example_dags/tutorial.py
[2024-05-02T22:53:23.720+0000] {logging_mixin.py:188} INFO - [2024-05-02T22:53:23.720+0000] {dag.py:3096} INFO - Sync 1 DAGs
[2024-05-02T22:53:23.780+0000] {logging_mixin.py:188} INFO - [2024-05-02T22:53:23.779+0000] {dag.py:3954} INFO - Setting next_dagrun for tutorial to 2024-05-01 00:00:00+00:00, run_after=2024-05-02 00:00:00+00:00
[2024-05-02T22:53:23.837+0000] {processor.py:183} INFO - Processing /home/airflow/.local/lib/python3.12/site-packages/airflow/example_dags/tutorial.py took 0.209 seconds
[2024-05-02T22:53:54.175+0000] {processor.py:161} INFO - Started process (PID=2447) to work on /home/airflow/.local/lib/python3.12/site-packages/airflow/example_dags/tutorial.py
[2024-05-02T22:53:54.183+0000] {processor.py:830} INFO - Processing file /home/airflow/.local/lib/python3.12/site-packages/airflow/example_dags/tutorial.py for tasks to queue
[2024-05-02T22:53:54.188+0000] {logging_mixin.py:188} INFO - [2024-05-02T22:53:54.187+0000] {dagbag.py:540} INFO - Filling up the DagBag from /home/airflow/.local/lib/python3.12/site-packages/airflow/example_dags/tutorial.py
[2024-05-02T22:53:54.224+0000] {processor.py:840} INFO - DAG(s) 'tutorial' retrieved from /home/airflow/.local/lib/python3.12/site-packages/airflow/example_dags/tutorial.py
[2024-05-02T22:53:54.303+0000] {logging_mixin.py:188} INFO - [2024-05-02T22:53:54.302+0000] {dag.py:3096} INFO - Sync 1 DAGs
[2024-05-02T22:53:54.403+0000] {logging_mixin.py:188} INFO - [2024-05-02T22:53:54.402+0000] {dag.py:3954} INFO - Setting next_dagrun for tutorial to 2024-05-01 00:00:00+00:00, run_after=2024-05-02 00:00:00+00:00
[2024-05-02T22:53:54.489+0000] {processor.py:183} INFO - Processing /home/airflow/.local/lib/python3.12/site-packages/airflow/example_dags/tutorial.py took 0.329 seconds
[2024-05-02T22:54:24.780+0000] {processor.py:161} INFO - Started process (PID=2506) to work on /home/airflow/.local/lib/python3.12/site-packages/airflow/example_dags/tutorial.py
[2024-05-02T22:54:24.784+0000] {processor.py:830} INFO - Processing file /home/airflow/.local/lib/python3.12/site-packages/airflow/example_dags/tutorial.py for tasks to queue
[2024-05-02T22:54:24.788+0000] {logging_mixin.py:188} INFO - [2024-05-02T22:54:24.787+0000] {dagbag.py:540} INFO - Filling up the DagBag from /home/airflow/.local/lib/python3.12/site-packages/airflow/example_dags/tutorial.py
[2024-05-02T22:54:24.804+0000] {processor.py:840} INFO - DAG(s) 'tutorial' retrieved from /home/airflow/.local/lib/python3.12/site-packages/airflow/example_dags/tutorial.py
[2024-05-02T22:54:25.085+0000] {logging_mixin.py:188} INFO - [2024-05-02T22:54:25.085+0000] {dag.py:3096} INFO - Sync 1 DAGs
[2024-05-02T22:54:25.197+0000] {logging_mixin.py:188} INFO - [2024-05-02T22:54:25.197+0000] {dag.py:3954} INFO - Setting next_dagrun for tutorial to 2024-05-01 00:00:00+00:00, run_after=2024-05-02 00:00:00+00:00
[2024-05-02T22:54:25.296+0000] {processor.py:183} INFO - Processing /home/airflow/.local/lib/python3.12/site-packages/airflow/example_dags/tutorial.py took 0.531 seconds
[2024-05-02T22:54:55.667+0000] {processor.py:161} INFO - Started process (PID=2565) to work on /home/airflow/.local/lib/python3.12/site-packages/airflow/example_dags/tutorial.py
[2024-05-02T22:54:55.669+0000] {processor.py:830} INFO - Processing file /home/airflow/.local/lib/python3.12/site-packages/airflow/example_dags/tutorial.py for tasks to queue
[2024-05-02T22:54:55.674+0000] {logging_mixin.py:188} INFO - [2024-05-02T22:54:55.673+0000] {dagbag.py:540} INFO - Filling up the DagBag from /home/airflow/.local/lib/python3.12/site-packages/airflow/example_dags/tutorial.py
[2024-05-02T22:54:55.697+0000] {processor.py:840} INFO - DAG(s) 'tutorial' retrieved from /home/airflow/.local/lib/python3.12/site-packages/airflow/example_dags/tutorial.py
[2024-05-02T22:54:55.806+0000] {logging_mixin.py:188} INFO - [2024-05-02T22:54:55.805+0000] {dag.py:3096} INFO - Sync 1 DAGs
[2024-05-02T22:54:56.000+0000] {logging_mixin.py:188} INFO - [2024-05-02T22:54:55.999+0000] {dag.py:3954} INFO - Setting next_dagrun for tutorial to 2024-05-01 00:00:00+00:00, run_after=2024-05-02 00:00:00+00:00
[2024-05-02T22:54:56.191+0000] {processor.py:183} INFO - Processing /home/airflow/.local/lib/python3.12/site-packages/airflow/example_dags/tutorial.py took 0.552 seconds
[2024-05-02T22:55:27.277+0000] {processor.py:161} INFO - Started process (PID=2624) to work on /home/airflow/.local/lib/python3.12/site-packages/airflow/example_dags/tutorial.py
[2024-05-02T22:55:27.290+0000] {processor.py:830} INFO - Processing file /home/airflow/.local/lib/python3.12/site-packages/airflow/example_dags/tutorial.py for tasks to queue
[2024-05-02T22:55:27.315+0000] {logging_mixin.py:188} INFO - [2024-05-02T22:55:27.315+0000] {dagbag.py:540} INFO - Filling up the DagBag from /home/airflow/.local/lib/python3.12/site-packages/airflow/example_dags/tutorial.py
[2024-05-02T22:55:27.352+0000] {processor.py:840} INFO - DAG(s) 'tutorial' retrieved from /home/airflow/.local/lib/python3.12/site-packages/airflow/example_dags/tutorial.py
[2024-05-02T22:55:27.483+0000] {logging_mixin.py:188} INFO - [2024-05-02T22:55:27.482+0000] {dag.py:3096} INFO - Sync 1 DAGs
[2024-05-02T22:55:27.633+0000] {logging_mixin.py:188} INFO - [2024-05-02T22:55:27.633+0000] {dag.py:3954} INFO - Setting next_dagrun for tutorial to 2024-05-01 00:00:00+00:00, run_after=2024-05-02 00:00:00+00:00
[2024-05-02T22:55:27.702+0000] {processor.py:183} INFO - Processing /home/airflow/.local/lib/python3.12/site-packages/airflow/example_dags/tutorial.py took 0.448 seconds
[2024-05-02T22:55:58.385+0000] {processor.py:161} INFO - Started process (PID=2684) to work on /home/airflow/.local/lib/python3.12/site-packages/airflow/example_dags/tutorial.py
[2024-05-02T22:55:58.387+0000] {processor.py:830} INFO - Processing file /home/airflow/.local/lib/python3.12/site-packages/airflow/example_dags/tutorial.py for tasks to queue
[2024-05-02T22:55:58.391+0000] {logging_mixin.py:188} INFO - [2024-05-02T22:55:58.390+0000] {dagbag.py:540} INFO - Filling up the DagBag from /home/airflow/.local/lib/python3.12/site-packages/airflow/example_dags/tutorial.py
[2024-05-02T22:55:58.404+0000] {processor.py:840} INFO - DAG(s) 'tutorial' retrieved from /home/airflow/.local/lib/python3.12/site-packages/airflow/example_dags/tutorial.py
[2024-05-02T22:55:58.448+0000] {logging_mixin.py:188} INFO - [2024-05-02T22:55:58.448+0000] {dag.py:3096} INFO - Sync 1 DAGs
[2024-05-02T22:55:58.521+0000] {logging_mixin.py:188} INFO - [2024-05-02T22:55:58.521+0000] {dag.py:3954} INFO - Setting next_dagrun for tutorial to 2024-05-01 00:00:00+00:00, run_after=2024-05-02 00:00:00+00:00
[2024-05-02T22:55:58.576+0000] {processor.py:183} INFO - Processing /home/airflow/.local/lib/python3.12/site-packages/airflow/example_dags/tutorial.py took 0.202 seconds
[2024-05-02T22:57:11.049+0000] {processor.py:161} INFO - Started process (PID=59) to work on /home/airflow/.local/lib/python3.12/site-packages/airflow/example_dags/tutorial.py
[2024-05-02T22:57:11.050+0000] {processor.py:830} INFO - Processing file /home/airflow/.local/lib/python3.12/site-packages/airflow/example_dags/tutorial.py for tasks to queue
[2024-05-02T22:57:11.053+0000] {logging_mixin.py:188} INFO - [2024-05-02T22:57:11.053+0000] {dagbag.py:540} INFO - Filling up the DagBag from /home/airflow/.local/lib/python3.12/site-packages/airflow/example_dags/tutorial.py
[2024-05-02T22:57:11.066+0000] {processor.py:840} INFO - DAG(s) 'tutorial' retrieved from /home/airflow/.local/lib/python3.12/site-packages/airflow/example_dags/tutorial.py
[2024-05-02T22:57:11.127+0000] {logging_mixin.py:188} INFO - [2024-05-02T22:57:11.127+0000] {dag.py:3096} INFO - Sync 1 DAGs
[2024-05-02T22:57:11.178+0000] {logging_mixin.py:188} INFO - [2024-05-02T22:57:11.178+0000] {dag.py:3954} INFO - Setting next_dagrun for tutorial to 2024-05-01 00:00:00+00:00, run_after=2024-05-02 00:00:00+00:00
[2024-05-02T22:57:11.235+0000] {processor.py:183} INFO - Processing /home/airflow/.local/lib/python3.12/site-packages/airflow/example_dags/tutorial.py took 0.194 seconds
[2024-05-02T22:58:00.121+0000] {processor.py:161} INFO - Started process (PID=128) to work on /home/airflow/.local/lib/python3.12/site-packages/airflow/example_dags/tutorial.py
[2024-05-02T22:58:00.124+0000] {processor.py:830} INFO - Processing file /home/airflow/.local/lib/python3.12/site-packages/airflow/example_dags/tutorial.py for tasks to queue
[2024-05-02T22:58:00.139+0000] {logging_mixin.py:188} INFO - [2024-05-02T22:58:00.138+0000] {dagbag.py:540} INFO - Filling up the DagBag from /home/airflow/.local/lib/python3.12/site-packages/airflow/example_dags/tutorial.py
[2024-05-02T22:58:00.236+0000] {processor.py:840} INFO - DAG(s) 'tutorial' retrieved from /home/airflow/.local/lib/python3.12/site-packages/airflow/example_dags/tutorial.py
[2024-05-02T22:58:00.479+0000] {logging_mixin.py:188} INFO - [2024-05-02T22:58:00.478+0000] {dag.py:3096} INFO - Sync 1 DAGs
[2024-05-02T22:58:00.745+0000] {logging_mixin.py:188} INFO - [2024-05-02T22:58:00.744+0000] {dag.py:3954} INFO - Setting next_dagrun for tutorial to 2024-05-01 00:00:00+00:00, run_after=2024-05-02 00:00:00+00:00
[2024-05-02T22:58:01.154+0000] {processor.py:183} INFO - Processing /home/airflow/.local/lib/python3.12/site-packages/airflow/example_dags/tutorial.py took 1.072 seconds
[2024-05-02T22:58:31.900+0000] {processor.py:161} INFO - Started process (PID=186) to work on /home/airflow/.local/lib/python3.12/site-packages/airflow/example_dags/tutorial.py
[2024-05-02T22:58:31.904+0000] {processor.py:830} INFO - Processing file /home/airflow/.local/lib/python3.12/site-packages/airflow/example_dags/tutorial.py for tasks to queue
[2024-05-02T22:58:31.911+0000] {logging_mixin.py:188} INFO - [2024-05-02T22:58:31.910+0000] {dagbag.py:540} INFO - Filling up the DagBag from /home/airflow/.local/lib/python3.12/site-packages/airflow/example_dags/tutorial.py
[2024-05-02T22:58:32.043+0000] {processor.py:840} INFO - DAG(s) 'tutorial' retrieved from /home/airflow/.local/lib/python3.12/site-packages/airflow/example_dags/tutorial.py
[2024-05-02T22:58:32.315+0000] {logging_mixin.py:188} INFO - [2024-05-02T22:58:32.314+0000] {dag.py:3096} INFO - Sync 1 DAGs
[2024-05-02T22:58:32.724+0000] {logging_mixin.py:188} INFO - [2024-05-02T22:58:32.724+0000] {dag.py:3954} INFO - Setting next_dagrun for tutorial to 2024-05-01 00:00:00+00:00, run_after=2024-05-02 00:00:00+00:00
[2024-05-02T22:58:33.047+0000] {processor.py:183} INFO - Processing /home/airflow/.local/lib/python3.12/site-packages/airflow/example_dags/tutorial.py took 1.204 seconds
[2024-05-02T22:59:07.285+0000] {processor.py:161} INFO - Started process (PID=250) to work on /home/airflow/.local/lib/python3.12/site-packages/airflow/example_dags/tutorial.py
[2024-05-02T22:59:07.296+0000] {processor.py:830} INFO - Processing file /home/airflow/.local/lib/python3.12/site-packages/airflow/example_dags/tutorial.py for tasks to queue
[2024-05-02T22:59:07.301+0000] {logging_mixin.py:188} INFO - [2024-05-02T22:59:07.300+0000] {dagbag.py:540} INFO - Filling up the DagBag from /home/airflow/.local/lib/python3.12/site-packages/airflow/example_dags/tutorial.py
[2024-05-02T22:59:07.321+0000] {processor.py:840} INFO - DAG(s) 'tutorial' retrieved from /home/airflow/.local/lib/python3.12/site-packages/airflow/example_dags/tutorial.py
[2024-05-02T22:59:07.497+0000] {logging_mixin.py:188} INFO - [2024-05-02T22:59:07.496+0000] {dag.py:3096} INFO - Sync 1 DAGs
[2024-05-02T22:59:07.618+0000] {logging_mixin.py:188} INFO - [2024-05-02T22:59:07.617+0000] {dag.py:3954} INFO - Setting next_dagrun for tutorial to 2024-05-01 00:00:00+00:00, run_after=2024-05-02 00:00:00+00:00
[2024-05-02T22:59:07.763+0000] {processor.py:183} INFO - Processing /home/airflow/.local/lib/python3.12/site-packages/airflow/example_dags/tutorial.py took 0.523 seconds
[2024-05-02T22:59:39.574+0000] {processor.py:161} INFO - Started process (PID=313) to work on /home/airflow/.local/lib/python3.12/site-packages/airflow/example_dags/tutorial.py
[2024-05-02T22:59:39.585+0000] {processor.py:830} INFO - Processing file /home/airflow/.local/lib/python3.12/site-packages/airflow/example_dags/tutorial.py for tasks to queue
[2024-05-02T22:59:39.609+0000] {logging_mixin.py:188} INFO - [2024-05-02T22:59:39.608+0000] {dagbag.py:540} INFO - Filling up the DagBag from /home/airflow/.local/lib/python3.12/site-packages/airflow/example_dags/tutorial.py
[2024-05-02T22:59:39.626+0000] {processor.py:840} INFO - DAG(s) 'tutorial' retrieved from /home/airflow/.local/lib/python3.12/site-packages/airflow/example_dags/tutorial.py
[2024-05-02T22:59:39.739+0000] {logging_mixin.py:188} INFO - [2024-05-02T22:59:39.738+0000] {dag.py:3096} INFO - Sync 1 DAGs
[2024-05-02T22:59:39.861+0000] {logging_mixin.py:188} INFO - [2024-05-02T22:59:39.861+0000] {dag.py:3954} INFO - Setting next_dagrun for tutorial to 2024-05-01 00:00:00+00:00, run_after=2024-05-02 00:00:00+00:00
[2024-05-02T22:59:39.977+0000] {processor.py:183} INFO - Processing /home/airflow/.local/lib/python3.12/site-packages/airflow/example_dags/tutorial.py took 0.437 seconds
[2024-05-02T23:00:10.813+0000] {processor.py:161} INFO - Started process (PID=369) to work on /home/airflow/.local/lib/python3.12/site-packages/airflow/example_dags/tutorial.py
[2024-05-02T23:00:10.826+0000] {processor.py:830} INFO - Processing file /home/airflow/.local/lib/python3.12/site-packages/airflow/example_dags/tutorial.py for tasks to queue
[2024-05-02T23:00:10.871+0000] {logging_mixin.py:188} INFO - [2024-05-02T23:00:10.870+0000] {dagbag.py:540} INFO - Filling up the DagBag from /home/airflow/.local/lib/python3.12/site-packages/airflow/example_dags/tutorial.py
[2024-05-02T23:00:10.961+0000] {processor.py:840} INFO - DAG(s) 'tutorial' retrieved from /home/airflow/.local/lib/python3.12/site-packages/airflow/example_dags/tutorial.py
[2024-05-02T23:00:11.254+0000] {logging_mixin.py:188} INFO - [2024-05-02T23:00:11.252+0000] {dag.py:3096} INFO - Sync 1 DAGs
[2024-05-02T23:00:11.663+0000] {logging_mixin.py:188} INFO - [2024-05-02T23:00:11.647+0000] {dag.py:3954} INFO - Setting next_dagrun for tutorial to 2024-05-01 00:00:00+00:00, run_after=2024-05-02 00:00:00+00:00
[2024-05-02T23:00:11.905+0000] {processor.py:183} INFO - Processing /home/airflow/.local/lib/python3.12/site-packages/airflow/example_dags/tutorial.py took 1.145 seconds
[2024-05-02T23:00:42.202+0000] {processor.py:161} INFO - Started process (PID=428) to work on /home/airflow/.local/lib/python3.12/site-packages/airflow/example_dags/tutorial.py
[2024-05-02T23:00:42.204+0000] {processor.py:830} INFO - Processing file /home/airflow/.local/lib/python3.12/site-packages/airflow/example_dags/tutorial.py for tasks to queue
[2024-05-02T23:00:42.208+0000] {logging_mixin.py:188} INFO - [2024-05-02T23:00:42.208+0000] {dagbag.py:540} INFO - Filling up the DagBag from /home/airflow/.local/lib/python3.12/site-packages/airflow/example_dags/tutorial.py
[2024-05-02T23:00:42.224+0000] {processor.py:840} INFO - DAG(s) 'tutorial' retrieved from /home/airflow/.local/lib/python3.12/site-packages/airflow/example_dags/tutorial.py
[2024-05-02T23:00:42.276+0000] {logging_mixin.py:188} INFO - [2024-05-02T23:00:42.276+0000] {dag.py:3096} INFO - Sync 1 DAGs
[2024-05-02T23:00:42.334+0000] {logging_mixin.py:188} INFO - [2024-05-02T23:00:42.333+0000] {dag.py:3954} INFO - Setting next_dagrun for tutorial to 2024-05-01 00:00:00+00:00, run_after=2024-05-02 00:00:00+00:00
[2024-05-02T23:00:42.381+0000] {processor.py:183} INFO - Processing /home/airflow/.local/lib/python3.12/site-packages/airflow/example_dags/tutorial.py took 0.193 seconds
[2024-05-02T23:01:12.568+0000] {processor.py:161} INFO - Started process (PID=488) to work on /home/airflow/.local/lib/python3.12/site-packages/airflow/example_dags/tutorial.py
[2024-05-02T23:01:12.570+0000] {processor.py:830} INFO - Processing file /home/airflow/.local/lib/python3.12/site-packages/airflow/example_dags/tutorial.py for tasks to queue
[2024-05-02T23:01:12.573+0000] {logging_mixin.py:188} INFO - [2024-05-02T23:01:12.572+0000] {dagbag.py:540} INFO - Filling up the DagBag from /home/airflow/.local/lib/python3.12/site-packages/airflow/example_dags/tutorial.py
[2024-05-02T23:01:12.584+0000] {processor.py:840} INFO - DAG(s) 'tutorial' retrieved from /home/airflow/.local/lib/python3.12/site-packages/airflow/example_dags/tutorial.py
[2024-05-02T23:01:12.624+0000] {logging_mixin.py:188} INFO - [2024-05-02T23:01:12.624+0000] {dag.py:3096} INFO - Sync 1 DAGs
[2024-05-02T23:01:12.667+0000] {logging_mixin.py:188} INFO - [2024-05-02T23:01:12.667+0000] {dag.py:3954} INFO - Setting next_dagrun for tutorial to 2024-05-01 00:00:00+00:00, run_after=2024-05-02 00:00:00+00:00
[2024-05-02T23:01:12.710+0000] {processor.py:183} INFO - Processing /home/airflow/.local/lib/python3.12/site-packages/airflow/example_dags/tutorial.py took 0.151 seconds
[2024-05-02T23:01:43.149+0000] {processor.py:161} INFO - Started process (PID=547) to work on /home/airflow/.local/lib/python3.12/site-packages/airflow/example_dags/tutorial.py
[2024-05-02T23:01:43.151+0000] {processor.py:830} INFO - Processing file /home/airflow/.local/lib/python3.12/site-packages/airflow/example_dags/tutorial.py for tasks to queue
[2024-05-02T23:01:43.157+0000] {logging_mixin.py:188} INFO - [2024-05-02T23:01:43.156+0000] {dagbag.py:540} INFO - Filling up the DagBag from /home/airflow/.local/lib/python3.12/site-packages/airflow/example_dags/tutorial.py
[2024-05-02T23:01:43.172+0000] {processor.py:840} INFO - DAG(s) 'tutorial' retrieved from /home/airflow/.local/lib/python3.12/site-packages/airflow/example_dags/tutorial.py
[2024-05-02T23:01:43.251+0000] {logging_mixin.py:188} INFO - [2024-05-02T23:01:43.251+0000] {dag.py:3096} INFO - Sync 1 DAGs
[2024-05-02T23:01:43.351+0000] {logging_mixin.py:188} INFO - [2024-05-02T23:01:43.350+0000] {dag.py:3954} INFO - Setting next_dagrun for tutorial to 2024-05-01 00:00:00+00:00, run_after=2024-05-02 00:00:00+00:00
[2024-05-02T23:01:43.436+0000] {processor.py:183} INFO - Processing /home/airflow/.local/lib/python3.12/site-packages/airflow/example_dags/tutorial.py took 0.303 seconds
[2024-05-02T23:02:13.996+0000] {processor.py:161} INFO - Started process (PID=607) to work on /home/airflow/.local/lib/python3.12/site-packages/airflow/example_dags/tutorial.py
[2024-05-02T23:02:13.999+0000] {processor.py:830} INFO - Processing file /home/airflow/.local/lib/python3.12/site-packages/airflow/example_dags/tutorial.py for tasks to queue
[2024-05-02T23:02:14.004+0000] {logging_mixin.py:188} INFO - [2024-05-02T23:02:14.003+0000] {dagbag.py:540} INFO - Filling up the DagBag from /home/airflow/.local/lib/python3.12/site-packages/airflow/example_dags/tutorial.py
[2024-05-02T23:02:14.026+0000] {processor.py:840} INFO - DAG(s) 'tutorial' retrieved from /home/airflow/.local/lib/python3.12/site-packages/airflow/example_dags/tutorial.py
[2024-05-02T23:02:14.121+0000] {logging_mixin.py:188} INFO - [2024-05-02T23:02:14.119+0000] {dag.py:3096} INFO - Sync 1 DAGs
[2024-05-02T23:02:14.192+0000] {logging_mixin.py:188} INFO - [2024-05-02T23:02:14.191+0000] {dag.py:3954} INFO - Setting next_dagrun for tutorial to 2024-05-01 00:00:00+00:00, run_after=2024-05-02 00:00:00+00:00
[2024-05-02T23:02:14.290+0000] {processor.py:183} INFO - Processing /home/airflow/.local/lib/python3.12/site-packages/airflow/example_dags/tutorial.py took 0.309 seconds
[2024-05-02T23:02:44.784+0000] {processor.py:161} INFO - Started process (PID=666) to work on /home/airflow/.local/lib/python3.12/site-packages/airflow/example_dags/tutorial.py
[2024-05-02T23:02:44.785+0000] {processor.py:830} INFO - Processing file /home/airflow/.local/lib/python3.12/site-packages/airflow/example_dags/tutorial.py for tasks to queue
[2024-05-02T23:02:44.788+0000] {logging_mixin.py:188} INFO - [2024-05-02T23:02:44.788+0000] {dagbag.py:540} INFO - Filling up the DagBag from /home/airflow/.local/lib/python3.12/site-packages/airflow/example_dags/tutorial.py
[2024-05-02T23:02:44.798+0000] {processor.py:840} INFO - DAG(s) 'tutorial' retrieved from /home/airflow/.local/lib/python3.12/site-packages/airflow/example_dags/tutorial.py
[2024-05-02T23:02:44.833+0000] {logging_mixin.py:188} INFO - [2024-05-02T23:02:44.833+0000] {dag.py:3096} INFO - Sync 1 DAGs
[2024-05-02T23:02:44.873+0000] {logging_mixin.py:188} INFO - [2024-05-02T23:02:44.873+0000] {dag.py:3954} INFO - Setting next_dagrun for tutorial to 2024-05-01 00:00:00+00:00, run_after=2024-05-02 00:00:00+00:00
[2024-05-02T23:02:44.910+0000] {processor.py:183} INFO - Processing /home/airflow/.local/lib/python3.12/site-packages/airflow/example_dags/tutorial.py took 0.136 seconds
[2024-05-02T23:03:15.959+0000] {processor.py:161} INFO - Started process (PID=725) to work on /home/airflow/.local/lib/python3.12/site-packages/airflow/example_dags/tutorial.py
[2024-05-02T23:03:15.961+0000] {processor.py:830} INFO - Processing file /home/airflow/.local/lib/python3.12/site-packages/airflow/example_dags/tutorial.py for tasks to queue
[2024-05-02T23:03:15.965+0000] {logging_mixin.py:188} INFO - [2024-05-02T23:03:15.964+0000] {dagbag.py:540} INFO - Filling up the DagBag from /home/airflow/.local/lib/python3.12/site-packages/airflow/example_dags/tutorial.py
[2024-05-02T23:03:15.979+0000] {processor.py:840} INFO - DAG(s) 'tutorial' retrieved from /home/airflow/.local/lib/python3.12/site-packages/airflow/example_dags/tutorial.py
[2024-05-02T23:03:16.025+0000] {logging_mixin.py:188} INFO - [2024-05-02T23:03:16.024+0000] {dag.py:3096} INFO - Sync 1 DAGs
[2024-05-02T23:03:16.099+0000] {logging_mixin.py:188} INFO - [2024-05-02T23:03:16.098+0000] {dag.py:3954} INFO - Setting next_dagrun for tutorial to 2024-05-01 00:00:00+00:00, run_after=2024-05-02 00:00:00+00:00
[2024-05-02T23:03:16.173+0000] {processor.py:183} INFO - Processing /home/airflow/.local/lib/python3.12/site-packages/airflow/example_dags/tutorial.py took 0.227 seconds
[2024-05-02T23:03:47.085+0000] {processor.py:161} INFO - Started process (PID=784) to work on /home/airflow/.local/lib/python3.12/site-packages/airflow/example_dags/tutorial.py
[2024-05-02T23:03:47.088+0000] {processor.py:830} INFO - Processing file /home/airflow/.local/lib/python3.12/site-packages/airflow/example_dags/tutorial.py for tasks to queue
[2024-05-02T23:03:47.095+0000] {logging_mixin.py:188} INFO - [2024-05-02T23:03:47.092+0000] {dagbag.py:540} INFO - Filling up the DagBag from /home/airflow/.local/lib/python3.12/site-packages/airflow/example_dags/tutorial.py
[2024-05-02T23:03:47.106+0000] {processor.py:840} INFO - DAG(s) 'tutorial' retrieved from /home/airflow/.local/lib/python3.12/site-packages/airflow/example_dags/tutorial.py
[2024-05-02T23:03:47.147+0000] {logging_mixin.py:188} INFO - [2024-05-02T23:03:47.146+0000] {dag.py:3096} INFO - Sync 1 DAGs
[2024-05-02T23:03:47.196+0000] {logging_mixin.py:188} INFO - [2024-05-02T23:03:47.195+0000] {dag.py:3954} INFO - Setting next_dagrun for tutorial to 2024-05-01 00:00:00+00:00, run_after=2024-05-02 00:00:00+00:00
[2024-05-02T23:03:47.237+0000] {processor.py:183} INFO - Processing /home/airflow/.local/lib/python3.12/site-packages/airflow/example_dags/tutorial.py took 0.168 seconds
[2024-05-02T23:04:18.210+0000] {processor.py:161} INFO - Started process (PID=843) to work on /home/airflow/.local/lib/python3.12/site-packages/airflow/example_dags/tutorial.py
[2024-05-02T23:04:18.212+0000] {processor.py:830} INFO - Processing file /home/airflow/.local/lib/python3.12/site-packages/airflow/example_dags/tutorial.py for tasks to queue
[2024-05-02T23:04:18.217+0000] {logging_mixin.py:188} INFO - [2024-05-02T23:04:18.216+0000] {dagbag.py:540} INFO - Filling up the DagBag from /home/airflow/.local/lib/python3.12/site-packages/airflow/example_dags/tutorial.py
[2024-05-02T23:04:18.234+0000] {processor.py:840} INFO - DAG(s) 'tutorial' retrieved from /home/airflow/.local/lib/python3.12/site-packages/airflow/example_dags/tutorial.py
[2024-05-02T23:04:18.278+0000] {logging_mixin.py:188} INFO - [2024-05-02T23:04:18.277+0000] {dag.py:3096} INFO - Sync 1 DAGs
[2024-05-02T23:04:18.329+0000] {logging_mixin.py:188} INFO - [2024-05-02T23:04:18.328+0000] {dag.py:3954} INFO - Setting next_dagrun for tutorial to 2024-05-01 00:00:00+00:00, run_after=2024-05-02 00:00:00+00:00
[2024-05-02T23:04:18.680+0000] {processor.py:183} INFO - Processing /home/airflow/.local/lib/python3.12/site-packages/airflow/example_dags/tutorial.py took 0.483 seconds
[2024-05-02T23:04:50.425+0000] {processor.py:161} INFO - Started process (PID=902) to work on /home/airflow/.local/lib/python3.12/site-packages/airflow/example_dags/tutorial.py
[2024-05-02T23:04:50.445+0000] {processor.py:830} INFO - Processing file /home/airflow/.local/lib/python3.12/site-packages/airflow/example_dags/tutorial.py for tasks to queue
[2024-05-02T23:04:50.455+0000] {logging_mixin.py:188} INFO - [2024-05-02T23:04:50.454+0000] {dagbag.py:540} INFO - Filling up the DagBag from /home/airflow/.local/lib/python3.12/site-packages/airflow/example_dags/tutorial.py
[2024-05-02T23:04:50.492+0000] {processor.py:840} INFO - DAG(s) 'tutorial' retrieved from /home/airflow/.local/lib/python3.12/site-packages/airflow/example_dags/tutorial.py
[2024-05-02T23:04:50.547+0000] {logging_mixin.py:188} INFO - [2024-05-02T23:04:50.546+0000] {dag.py:3096} INFO - Sync 1 DAGs
[2024-05-02T23:04:50.612+0000] {logging_mixin.py:188} INFO - [2024-05-02T23:04:50.611+0000] {dag.py:3954} INFO - Setting next_dagrun for tutorial to 2024-05-01 00:00:00+00:00, run_after=2024-05-02 00:00:00+00:00
[2024-05-02T23:04:50.649+0000] {processor.py:183} INFO - Processing /home/airflow/.local/lib/python3.12/site-packages/airflow/example_dags/tutorial.py took 0.235 seconds
[2024-05-02T23:05:21.349+0000] {processor.py:161} INFO - Started process (PID=961) to work on /home/airflow/.local/lib/python3.12/site-packages/airflow/example_dags/tutorial.py
[2024-05-02T23:05:21.352+0000] {processor.py:830} INFO - Processing file /home/airflow/.local/lib/python3.12/site-packages/airflow/example_dags/tutorial.py for tasks to queue
[2024-05-02T23:05:21.358+0000] {logging_mixin.py:188} INFO - [2024-05-02T23:05:21.357+0000] {dagbag.py:540} INFO - Filling up the DagBag from /home/airflow/.local/lib/python3.12/site-packages/airflow/example_dags/tutorial.py
[2024-05-02T23:05:21.387+0000] {processor.py:840} INFO - DAG(s) 'tutorial' retrieved from /home/airflow/.local/lib/python3.12/site-packages/airflow/example_dags/tutorial.py
[2024-05-02T23:05:21.566+0000] {logging_mixin.py:188} INFO - [2024-05-02T23:05:21.566+0000] {dag.py:3096} INFO - Sync 1 DAGs
[2024-05-02T23:05:21.665+0000] {logging_mixin.py:188} INFO - [2024-05-02T23:05:21.664+0000] {dag.py:3954} INFO - Setting next_dagrun for tutorial to 2024-05-01 00:00:00+00:00, run_after=2024-05-02 00:00:00+00:00
[2024-05-02T23:05:21.743+0000] {processor.py:183} INFO - Processing /home/airflow/.local/lib/python3.12/site-packages/airflow/example_dags/tutorial.py took 0.419 seconds
[2024-05-02T23:05:52.396+0000] {processor.py:161} INFO - Started process (PID=1018) to work on /home/airflow/.local/lib/python3.12/site-packages/airflow/example_dags/tutorial.py
[2024-05-02T23:05:52.399+0000] {processor.py:830} INFO - Processing file /home/airflow/.local/lib/python3.12/site-packages/airflow/example_dags/tutorial.py for tasks to queue
[2024-05-02T23:05:52.405+0000] {logging_mixin.py:188} INFO - [2024-05-02T23:05:52.404+0000] {dagbag.py:540} INFO - Filling up the DagBag from /home/airflow/.local/lib/python3.12/site-packages/airflow/example_dags/tutorial.py
[2024-05-02T23:05:52.418+0000] {processor.py:840} INFO - DAG(s) 'tutorial' retrieved from /home/airflow/.local/lib/python3.12/site-packages/airflow/example_dags/tutorial.py
[2024-05-02T23:05:52.720+0000] {logging_mixin.py:188} INFO - [2024-05-02T23:05:52.719+0000] {dag.py:3096} INFO - Sync 1 DAGs
[2024-05-02T23:05:52.777+0000] {logging_mixin.py:188} INFO - [2024-05-02T23:05:52.777+0000] {dag.py:3954} INFO - Setting next_dagrun for tutorial to 2024-05-01 00:00:00+00:00, run_after=2024-05-02 00:00:00+00:00
[2024-05-02T23:05:52.822+0000] {processor.py:183} INFO - Processing /home/airflow/.local/lib/python3.12/site-packages/airflow/example_dags/tutorial.py took 0.451 seconds
[2024-05-02T23:06:23.074+0000] {processor.py:161} INFO - Started process (PID=1077) to work on /home/airflow/.local/lib/python3.12/site-packages/airflow/example_dags/tutorial.py
[2024-05-02T23:06:23.076+0000] {processor.py:830} INFO - Processing file /home/airflow/.local/lib/python3.12/site-packages/airflow/example_dags/tutorial.py for tasks to queue
[2024-05-02T23:06:23.080+0000] {logging_mixin.py:188} INFO - [2024-05-02T23:06:23.079+0000] {dagbag.py:540} INFO - Filling up the DagBag from /home/airflow/.local/lib/python3.12/site-packages/airflow/example_dags/tutorial.py
[2024-05-02T23:06:23.092+0000] {processor.py:840} INFO - DAG(s) 'tutorial' retrieved from /home/airflow/.local/lib/python3.12/site-packages/airflow/example_dags/tutorial.py
[2024-05-02T23:06:23.134+0000] {logging_mixin.py:188} INFO - [2024-05-02T23:06:23.133+0000] {dag.py:3096} INFO - Sync 1 DAGs
[2024-05-02T23:06:23.186+0000] {logging_mixin.py:188} INFO - [2024-05-02T23:06:23.186+0000] {dag.py:3954} INFO - Setting next_dagrun for tutorial to 2024-05-01 00:00:00+00:00, run_after=2024-05-02 00:00:00+00:00
[2024-05-02T23:06:23.236+0000] {processor.py:183} INFO - Processing /home/airflow/.local/lib/python3.12/site-packages/airflow/example_dags/tutorial.py took 0.176 seconds
