[2024-05-02T22:57:53.319+0000] {local_task_job_runner.py:120} INFO - ::group::Pre task execution logs
[2024-05-02T22:57:53.882+0000] {taskinstance.py:2073} INFO - Dependencies all met for dep_context=non-requeueable deps ti=<TaskInstance: 17_dag_buah.create_buah_table scheduled__2024-04-23T00:00:00+00:00 [queued]>
[2024-05-02T22:57:54.090+0000] {taskinstance.py:2073} INFO - Dependencies all met for dep_context=requeueable deps ti=<TaskInstance: 17_dag_buah.create_buah_table scheduled__2024-04-23T00:00:00+00:00 [queued]>
[2024-05-02T22:57:54.126+0000] {taskinstance.py:2303} INFO - Starting attempt 1 of 2
[2024-05-02T22:57:54.734+0000] {taskinstance.py:2327} INFO - Executing <Task(PostgresOperator): create_buah_table> on 2024-04-23 00:00:00+00:00
[2024-05-02T22:57:54.793+0000] {warnings.py:110} WARNING - /home/***/.local/lib/python3.12/site-packages/***/task/task_runner/standard_task_runner.py:61: DeprecationWarning: This process (pid=332) is multi-threaded, use of fork() may lead to deadlocks in the child.
  pid = os.fork()

[2024-05-02T22:57:54.803+0000] {standard_task_runner.py:63} INFO - Started process 343 to run task
[2024-05-02T22:57:54.824+0000] {standard_task_runner.py:90} INFO - Running: ['***', 'tasks', 'run', '17_dag_buah', 'create_buah_table', 'scheduled__2024-04-23T00:00:00+00:00', '--job-id', '4', '--raw', '--subdir', 'DAGS_FOLDER/17_DAG_eks.py', '--cfg-path', '/tmp/tmplfnzxmnh']
[2024-05-02T22:57:54.899+0000] {standard_task_runner.py:91} INFO - Job 4: Subtask create_buah_table
[2024-05-02T22:57:55.244+0000] {task_command.py:426} INFO - Running <TaskInstance: 17_dag_buah.create_buah_table scheduled__2024-04-23T00:00:00+00:00 [running]> on host bb10af88434b
[2024-05-02T22:57:56.015+0000] {taskinstance.py:2644} INFO - Exporting env vars: AIRFLOW_CTX_DAG_OWNER='ERISTA' AIRFLOW_CTX_DAG_ID='17_dag_buah' AIRFLOW_CTX_TASK_ID='create_buah_table' AIRFLOW_CTX_EXECUTION_DATE='2024-04-23T00:00:00+00:00' AIRFLOW_CTX_TRY_NUMBER='1' AIRFLOW_CTX_DAG_RUN_ID='scheduled__2024-04-23T00:00:00+00:00'
[2024-05-02T22:57:56.048+0000] {taskinstance.py:430} INFO - ::endgroup::
[2024-05-02T22:57:56.052+0000] {sql.py:276} INFO - Executing: 
        CREATE TABLE IF NOT EXISTS buah (
            id SERIAL PRIMARY KEY,
            name VARCHAR(50) NOT NULL,
            calories DECIMAL NOT NULL,
            fat DECIMAL NOT NULL,
            sugar DECIMAL NOT NULL,
            carbohydrates DECIMAL NOT NULL,
            protein DECIMAL NOT NULL
        );
    
[2024-05-02T22:57:56.189+0000] {base.py:84} INFO - Using connection ID 'postgres_default' for task execution.
[2024-05-02T22:57:56.473+0000] {base.py:84} INFO - Using connection ID 'postgres_default' for task execution.
[2024-05-02T22:57:57.110+0000] {sql.py:457} INFO - Running statement: 
        CREATE TABLE IF NOT EXISTS buah (
            id SERIAL PRIMARY KEY,
            name VARCHAR(50) NOT NULL,
            calories DECIMAL NOT NULL,
            fat DECIMAL NOT NULL,
            sugar DECIMAL NOT NULL,
            carbohydrates DECIMAL NOT NULL,
            protein DECIMAL NOT NULL
        );
    , parameters: None
[2024-05-02T22:57:58.102+0000] {warnings.py:110} WARNING - /home/***/.local/lib/python3.12/site-packages/***/providers/common/sql/hooks/sql.py:407: AirflowProviderDeprecationWarning: Call to deprecated method _make_common_data_structure. (The `_make_serializable` method is deprecated and support will be removed in a future version of the common.sql provider. Please update the DbApiHook's provider to a version based on common.sql >= 1.9.1.)
  result = self._make_common_data_structure(handler(cur))

[2024-05-02T22:57:58.174+0000] {taskinstance.py:441} INFO - ::group::Post task execution logs
[2024-05-02T22:57:58.387+0000] {taskinstance.py:1205} INFO - Marking task as SUCCESS. dag_id=17_dag_buah, task_id=create_buah_table, execution_date=20240423T000000, start_date=20240502T225753, end_date=20240502T225758
[2024-05-02T22:57:58.690+0000] {local_task_job_runner.py:240} INFO - Task exited with return code 0
[2024-05-02T22:57:58.738+0000] {warnings.py:110} WARNING - /home/***/.local/lib/python3.12/site-packages/***/models/baseoperator.py:1296: AirflowProviderDeprecationWarning: Call to deprecated class PostgresOperator. (Please use `***.providers.common.sql.operators.sql.SQLExecuteQueryOperator`.Also, you can provide `hook_params={'schema': <database>}`.)
  result = cls.__new__(cls)

[2024-05-02T22:57:58.819+0000] {taskinstance.py:3482} INFO - 1 downstream tasks scheduled from follow-on schedule check
[2024-05-02T22:57:58.824+0000] {local_task_job_runner.py:222} INFO - ::endgroup::
