[2024-05-02T22:58:40.258+0000] {local_task_job_runner.py:120} INFO - ::group::Pre task execution logs
[2024-05-02T22:58:40.835+0000] {taskinstance.py:2073} INFO - Dependencies all met for dep_context=non-requeueable deps ti=<TaskInstance: 17_dag_buah.create_buah_table scheduled__2024-04-28T00:00:00+00:00 [queued]>
[2024-05-02T22:58:40.950+0000] {taskinstance.py:2073} INFO - Dependencies all met for dep_context=requeueable deps ti=<TaskInstance: 17_dag_buah.create_buah_table scheduled__2024-04-28T00:00:00+00:00 [queued]>
[2024-05-02T22:58:40.959+0000] {taskinstance.py:2303} INFO - Starting attempt 1 of 2
[2024-05-02T22:58:41.122+0000] {taskinstance.py:2327} INFO - Executing <Task(PostgresOperator): create_buah_table> on 2024-04-28 00:00:00+00:00
[2024-05-02T22:58:41.210+0000] {standard_task_runner.py:90} INFO - Running: ['***', 'tasks', 'run', '17_dag_buah', 'create_buah_table', 'scheduled__2024-04-28T00:00:00+00:00', '--job-id', '8', '--raw', '--subdir', 'DAGS_FOLDER/17_DAG_eks.py', '--cfg-path', '/tmp/tmp_m79p6uu']
[2024-05-02T22:58:41.233+0000] {standard_task_runner.py:91} INFO - Job 8: Subtask create_buah_table
[2024-05-02T22:58:41.237+0000] {warnings.py:110} WARNING - /home/***/.local/lib/python3.12/site-packages/***/task/task_runner/standard_task_runner.py:61: DeprecationWarning: This process (pid=339) is multi-threaded, use of fork() may lead to deadlocks in the child.
  pid = os.fork()

[2024-05-02T22:58:41.300+0000] {standard_task_runner.py:63} INFO - Started process 371 to run task
[2024-05-02T22:58:42.123+0000] {task_command.py:426} INFO - Running <TaskInstance: 17_dag_buah.create_buah_table scheduled__2024-04-28T00:00:00+00:00 [running]> on host bb10af88434b
[2024-05-02T22:58:44.229+0000] {taskinstance.py:2644} INFO - Exporting env vars: AIRFLOW_CTX_DAG_OWNER='ERISTA' AIRFLOW_CTX_DAG_ID='17_dag_buah' AIRFLOW_CTX_TASK_ID='create_buah_table' AIRFLOW_CTX_EXECUTION_DATE='2024-04-28T00:00:00+00:00' AIRFLOW_CTX_TRY_NUMBER='1' AIRFLOW_CTX_DAG_RUN_ID='scheduled__2024-04-28T00:00:00+00:00'
[2024-05-02T22:58:44.236+0000] {taskinstance.py:430} INFO - ::endgroup::
[2024-05-02T22:58:44.243+0000] {sql.py:276} INFO - Executing: 
        CREATE TABLE IF NOT EXISTS buah (
            id SERIAL PRIMARY KEY,
            name VARCHAR(50) NOT NULL,
            calories DECIMAL NOT NULL,
            fat DECIMAL NOT NULL,
            sugar DECIMAL NOT NULL,
            carbohydrates DECIMAL NOT NULL,
            protein DECIMAL NOT NULL
        );
    
[2024-05-02T22:58:44.282+0000] {base.py:84} INFO - Using connection ID 'postgres_default' for task execution.
[2024-05-02T22:58:44.312+0000] {base.py:84} INFO - Using connection ID 'postgres_default' for task execution.
[2024-05-02T22:58:44.693+0000] {sql.py:457} INFO - Running statement: 
        CREATE TABLE IF NOT EXISTS buah (
            id SERIAL PRIMARY KEY,
            name VARCHAR(50) NOT NULL,
            calories DECIMAL NOT NULL,
            fat DECIMAL NOT NULL,
            sugar DECIMAL NOT NULL,
            carbohydrates DECIMAL NOT NULL,
            protein DECIMAL NOT NULL
        );
    , parameters: None
[2024-05-02T22:58:44.748+0000] {warnings.py:110} WARNING - /home/***/.local/lib/python3.12/site-packages/***/providers/common/sql/hooks/sql.py:407: AirflowProviderDeprecationWarning: Call to deprecated method _make_common_data_structure. (The `_make_serializable` method is deprecated and support will be removed in a future version of the common.sql provider. Please update the DbApiHook's provider to a version based on common.sql >= 1.9.1.)
  result = self._make_common_data_structure(handler(cur))

[2024-05-02T22:58:44.776+0000] {taskinstance.py:441} INFO - ::group::Post task execution logs
[2024-05-02T22:58:44.860+0000] {taskinstance.py:1205} INFO - Marking task as SUCCESS. dag_id=17_dag_buah, task_id=create_buah_table, execution_date=20240428T000000, start_date=20240502T225840, end_date=20240502T225844
[2024-05-02T22:58:45.280+0000] {local_task_job_runner.py:240} INFO - Task exited with return code 0
[2024-05-02T22:58:45.368+0000] {warnings.py:110} WARNING - /home/***/.local/lib/python3.12/site-packages/***/models/baseoperator.py:1296: AirflowProviderDeprecationWarning: Call to deprecated class PostgresOperator. (Please use `***.providers.common.sql.operators.sql.SQLExecuteQueryOperator`.Also, you can provide `hook_params={'schema': <database>}`.)
  result = cls.__new__(cls)

[2024-05-02T22:58:45.497+0000] {taskinstance.py:3482} INFO - 1 downstream tasks scheduled from follow-on schedule check
[2024-05-02T22:58:45.528+0000] {local_task_job_runner.py:222} INFO - ::endgroup::
