[2024-05-02T22:59:49.417+0000] {local_task_job_runner.py:120} INFO - ::group::Pre task execution logs
[2024-05-02T22:59:49.518+0000] {taskinstance.py:2073} INFO - Dependencies all met for dep_context=non-requeueable deps ti=<TaskInstance: 17_dag_buah.create_buah_table scheduled__2024-04-26T00:00:00+00:00 [queued]>
[2024-05-02T22:59:49.581+0000] {taskinstance.py:2073} INFO - Dependencies all met for dep_context=requeueable deps ti=<TaskInstance: 17_dag_buah.create_buah_table scheduled__2024-04-26T00:00:00+00:00 [queued]>
[2024-05-02T22:59:49.583+0000] {taskinstance.py:2303} INFO - Starting attempt 2 of 3
[2024-05-02T22:59:49.662+0000] {taskinstance.py:2327} INFO - Executing <Task(PostgresOperator): create_buah_table> on 2024-04-26 00:00:00+00:00
[2024-05-02T22:59:49.710+0000] {warnings.py:110} WARNING - /home/***/.local/lib/python3.12/site-packages/***/task/task_runner/standard_task_runner.py:61: DeprecationWarning: This process (pid=401) is multi-threaded, use of fork() may lead to deadlocks in the child.
  pid = os.fork()

[2024-05-02T22:59:49.726+0000] {standard_task_runner.py:63} INFO - Started process 416 to run task
[2024-05-02T22:59:49.733+0000] {standard_task_runner.py:90} INFO - Running: ['***', 'tasks', 'run', '17_dag_buah', 'create_buah_table', 'scheduled__2024-04-26T00:00:00+00:00', '--job-id', '20', '--raw', '--subdir', 'DAGS_FOLDER/17_DAG_eks.py', '--cfg-path', '/tmp/tmp_tv16z6d']
[2024-05-02T22:59:49.770+0000] {standard_task_runner.py:91} INFO - Job 20: Subtask create_buah_table
[2024-05-02T22:59:50.089+0000] {task_command.py:426} INFO - Running <TaskInstance: 17_dag_buah.create_buah_table scheduled__2024-04-26T00:00:00+00:00 [running]> on host bb10af88434b
[2024-05-02T22:59:51.201+0000] {taskinstance.py:2644} INFO - Exporting env vars: AIRFLOW_CTX_DAG_OWNER='ERISTA' AIRFLOW_CTX_DAG_ID='17_dag_buah' AIRFLOW_CTX_TASK_ID='create_buah_table' AIRFLOW_CTX_EXECUTION_DATE='2024-04-26T00:00:00+00:00' AIRFLOW_CTX_TRY_NUMBER='2' AIRFLOW_CTX_DAG_RUN_ID='scheduled__2024-04-26T00:00:00+00:00'
[2024-05-02T22:59:51.242+0000] {taskinstance.py:430} INFO - ::endgroup::
[2024-05-02T22:59:51.246+0000] {sql.py:276} INFO - Executing: 
        CREATE TABLE IF NOT EXISTS buah (
            id SERIAL PRIMARY KEY,
            name VARCHAR(50) NOT NULL,
            calories DECIMAL NOT NULL,
            fat DECIMAL NOT NULL,
            sugar DECIMAL NOT NULL,
            carbohydrates DECIMAL NOT NULL,
            protein DECIMAL NOT NULL
        );
    
[2024-05-02T22:59:51.376+0000] {base.py:84} INFO - Using connection ID 'postgres_default' for task execution.
[2024-05-02T22:59:51.496+0000] {base.py:84} INFO - Using connection ID 'postgres_default' for task execution.
[2024-05-02T22:59:51.664+0000] {sql.py:457} INFO - Running statement: 
        CREATE TABLE IF NOT EXISTS buah (
            id SERIAL PRIMARY KEY,
            name VARCHAR(50) NOT NULL,
            calories DECIMAL NOT NULL,
            fat DECIMAL NOT NULL,
            sugar DECIMAL NOT NULL,
            carbohydrates DECIMAL NOT NULL,
            protein DECIMAL NOT NULL
        );
    , parameters: None
[2024-05-02T22:59:51.730+0000] {warnings.py:110} WARNING - /home/***/.local/lib/python3.12/site-packages/***/providers/common/sql/hooks/sql.py:407: AirflowProviderDeprecationWarning: Call to deprecated method _make_common_data_structure. (The `_make_serializable` method is deprecated and support will be removed in a future version of the common.sql provider. Please update the DbApiHook's provider to a version based on common.sql >= 1.9.1.)
  result = self._make_common_data_structure(handler(cur))

[2024-05-02T22:59:51.748+0000] {taskinstance.py:441} INFO - ::group::Post task execution logs
[2024-05-02T22:59:51.802+0000] {taskinstance.py:1205} INFO - Marking task as SUCCESS. dag_id=17_dag_buah, task_id=create_buah_table, execution_date=20240426T000000, start_date=20240502T225949, end_date=20240502T225951
[2024-05-02T22:59:52.264+0000] {local_task_job_runner.py:240} INFO - Task exited with return code 0
[2024-05-02T22:59:52.586+0000] {warnings.py:110} WARNING - /home/***/.local/lib/python3.12/site-packages/***/models/baseoperator.py:1296: AirflowProviderDeprecationWarning: Call to deprecated class PostgresOperator. (Please use `***.providers.common.sql.operators.sql.SQLExecuteQueryOperator`.Also, you can provide `hook_params={'schema': <database>}`.)
  result = cls.__new__(cls)

[2024-05-02T22:59:52.827+0000] {taskinstance.py:3482} INFO - 0 downstream tasks scheduled from follow-on schedule check
[2024-05-02T22:59:52.853+0000] {local_task_job_runner.py:222} INFO - ::endgroup::
